395127791 already processed...skipping
395127792 already processed...skipping
407300269 already processed...skipping
433913650 already processed...skipping
437368902 already processed...skipping
440999168 already processed...skipping
252774538 already processed...skipping
252776551 already processed...skipping
Building image binacle:405926669
Deleted Images:
untagged: erlang:21
untagged: erlang@sha256:c1d3f4f73801a5d4435869aea35f52cdac81e09bc2c8f924e81d32b57fd92af7
deleted: sha256:eb11fcdf2659ce67c1568632b4c0265f185e4a8222a94915a24fcf9525cff030
deleted: sha256:2249503fd41a1684e981e27700a2d45fc6270cb25c05497837ac76aed1a0463c
deleted: sha256:a08c2f66aade2b89a7c575ddc1d86f7220274f9d44796b704348ac84440c449b
deleted: sha256:c8cc02ca15a58f92be3a62f9cf877e526273fb3b4b05191f8950ff686d097f56
deleted: sha256:415e62d44a165bbf87f08e8451c6bd6a0429531e5021d94037203f5a579462b5
deleted: sha256:1200bb4876f07bd090dca14a7998279f1a9a8a4eae1a062b302e2c414ae321bb
deleted: sha256:0fbce02157bbe66188ffdf6a578555ce02e3f6ef1efa5db9b6c491f0901586fb
deleted: sha256:1531b5969ae641c2eab1e72baef7a6d3330fb447c272a1dd14de68173dbb41e7
deleted: sha256:60100d8dbea1957147ed267ee69b2ac81df55fe3c722af001bbd5ede418e987d
deleted: sha256:97239ddb9045dfdbaa73961d326849171a149048953cf6595e991317d489d241
deleted: sha256:62f5c35d443447fd47185cbaed3f00b2bf9dca259bba53b6413b4325d10f91b2
deleted: sha256:3c6af0ead9fd31346c4516830a566e03773a0d0b222019e638f2d5e3fae11095
deleted: sha256:3d5539c98cca2360dde101b06275cccf347e883672c52a15fad6add7465bbe95
deleted: sha256:89a9919934e9f25103f55d76901d195eefba7b4a13c69f0ba8f8ea6c141328c3
deleted: sha256:6885f9305c0a43120670ef1dd5fead6400406e48945e00117bf3a0825841c8fd

Total reclaimed space: 1.158GB
Building image binacle:422161201
Deleted Images:
untagged: binacle:422161201
deleted: sha256:23de4634ccc73cd9a0a1017532694e674fa25cf7a98bedfb4ac8cf732c8c6096
deleted: sha256:bf269ce55a5671d4f8900f9736ff3ae05f877b411ca2b0994a01d571007ee0ae
deleted: sha256:44328ff4d1cc843fee4cbaf44b6c12014c5120392bea0e3660356bc2c9b2e042
deleted: sha256:5b1d8207ec6a0dd4c035e721cd44427498c9d77df9f856558bd44a9f3e8042c3
untagged: ubuntu:18.04
untagged: ubuntu@sha256:3235326357dfb65f1781dbc4df3b834546d8bf914e82cce58e6e6b676e23ce8f
deleted: sha256:c3c304cb4f22ceb8a6fcc29a0cd6d3e4383ba9eb9b5fb552f87de7c0ba99edac
deleted: sha256:82751c4dcc36265daceeee0abd938806b591eb66700863186377348c96e8aead
deleted: sha256:24b16cac34768092d57cdb429a12de6c9ee870a3724d70098a189ae0ac344c42
deleted: sha256:b1daff3b271fede2bec31812c398e28952f792935f608e467271cdfaccab7de2
deleted: sha256:b7f7d2967507ba709dbd1dd0426a5b0cdbe1ff936c131f8958c8d0f910eea19e

Total reclaimed space: 251.7MB
Building image binacle:423311933
Deleted Containers:
4b9abc9ff325da90058ee91d0cae22f2ddda3c8c5d5a2e1f7e9ec2c266970d8b

Deleted Images:
untagged: python:3.6-slim
untagged: python@sha256:0d53881230515a32774632388b64feae2f40ab12b77cd0815c05c8f884fc62e6
deleted: sha256:a10e6bcdf310714043c8a70a5235e17c38a304e8e12c0f80d480156149f3b69e
deleted: sha256:439afad0607a723898f2291a2b59bddcdc69261252cd4b8603c5159865295fbc
deleted: sha256:a4b8020d58b32f39a73d52c376aa1232b213a62df23c24365fd3d05d154cf1d8
deleted: sha256:c6d125f0f50d33fd3aaced402a928c98f3dd7381f47ed5f8fe05bdbf0cfefd98
deleted: sha256:f4abc6f1774b9ee17e6b4eae2ecb88f2aebf0617c9b8a9aa566ff69855d7a51d
deleted: sha256:4ae662194d06084caf100192723255c3ac69d265d133a8789457237de2816a17
deleted: sha256:5922dcf6b22c211624b9b23547804766df1cab3a06a53425f9a3ea321b1ac9ba
deleted: sha256:e569a6fff2f59c864abf764c58c0560d8f818166d54145eb21b7db63458dffc6
deleted: sha256:734e667e23a00543dbc5617963cb1473651316c0b1c0ba412e472960318d6e04
deleted: sha256:ffc9b21953f4cd7956cdf532a5db04ff0a2daa7475ad796f1bad58cfbaf77a07

Total reclaimed space: 689.2MB
Building image binacle:423983084
Deleted Images:
untagged: binacle:423983084
deleted: sha256:7a19129bcf42b7d590bfa92bdcb7b9909ff41228114d749a676a2967743e8121
deleted: sha256:c6a779e138e50256c6e932414e32988f8daa1349af692dca458f9677089bd0ff
deleted: sha256:8aa9ea4996af763bea7ad9ebcebe896b76a15e6ce96150b4f129cf9cf46e209a
deleted: sha256:113420e70ac85bebafd2d6b96d3fd204edaf799dde4ccd9ac8a3db7ee1f50927
deleted: sha256:5977ea85489c7a6de690fdb9469287bf5c879483331a17f0fe060b2ed7a5cbdc
untagged: phpdockerio/php73-fpm:latest
untagged: phpdockerio/php73-fpm@sha256:73a0ca61a890cef50e85812a3671b66d6d54fc4a81200c6efa727852ae9ecc04
deleted: sha256:2eaebeafa68caa6c6dc744b79f9d2d8ee4d4d9c6ea46c41578cfd569f35b6fc6
deleted: sha256:42704815e8cd78380f412c373977ecc89f66a410c2a191bc29973fb943fe4b2c
deleted: sha256:270934ee8d6922fdbde863303923e2133f1a6571494295eed56fc156036733f7
deleted: sha256:776d6c41a82d7d181fcc6f04b9b84196c461c7da255039bb60ed258b2c48becc
deleted: sha256:82751c4dcc36265daceeee0abd938806b591eb66700863186377348c96e8aead
deleted: sha256:24b16cac34768092d57cdb429a12de6c9ee870a3724d70098a189ae0ac344c42
deleted: sha256:b1daff3b271fede2bec31812c398e28952f792935f608e467271cdfaccab7de2
deleted: sha256:b7f7d2967507ba709dbd1dd0426a5b0cdbe1ff936c131f8958c8d0f910eea19e

Total reclaimed space: 167.2MB
Building image binacle:423983102
Deleted Images:
untagged: binacle:423983102
deleted: sha256:60b42ccf6315d42e14b6a57bdd7ee3cfa47415a7176a5c0a3bc9d8aea7d95cd8
deleted: sha256:b736bf39240eb132fd8d680f8ab1a3e58552460632d437ee323c09dc187c1277
deleted: sha256:140784fe47cc82da00da855fffc50ab60a6325d033f8cb33e4845d18c0aeb065
deleted: sha256:11bca8409a8402e9e0c63d669a90c55bb99a3df7dc83efbd880b89287ea0a491
deleted: sha256:12c2d264834b04e08102234a33dea2d0a4071612b37ec0c613aba7ad1d06f59c
untagged: phpdockerio/php73-fpm:latest
untagged: phpdockerio/php73-fpm@sha256:73a0ca61a890cef50e85812a3671b66d6d54fc4a81200c6efa727852ae9ecc04
deleted: sha256:2eaebeafa68caa6c6dc744b79f9d2d8ee4d4d9c6ea46c41578cfd569f35b6fc6
deleted: sha256:42704815e8cd78380f412c373977ecc89f66a410c2a191bc29973fb943fe4b2c
deleted: sha256:270934ee8d6922fdbde863303923e2133f1a6571494295eed56fc156036733f7
deleted: sha256:776d6c41a82d7d181fcc6f04b9b84196c461c7da255039bb60ed258b2c48becc
deleted: sha256:82751c4dcc36265daceeee0abd938806b591eb66700863186377348c96e8aead
deleted: sha256:24b16cac34768092d57cdb429a12de6c9ee870a3724d70098a189ae0ac344c42
deleted: sha256:b1daff3b271fede2bec31812c398e28952f792935f608e467271cdfaccab7de2
deleted: sha256:b7f7d2967507ba709dbd1dd0426a5b0cdbe1ff936c131f8958c8d0f910eea19e

Total reclaimed space: 167.2MB
Building image binacle:423983588
Deleted Images:
untagged: binacle:423983588
deleted: sha256:646cd9b435b727a85576a94bb3101da1456ee04689d5a17e8c3f7f19eecf4b8d
deleted: sha256:8f6dcd264fdc42e88b883e2ca3ee3c7bf1f5cea6e6554c975af4b59c4796474d
deleted: sha256:6a246a1d15165df23e4d1e66bceb10a236ccd86545be77cefe1105a4bec8f26c
deleted: sha256:259cbfbb6e42ffe0a5bf622e256f911c202c0604f95081a47448ddcdddc4ccfb
deleted: sha256:4b69a37e1e750009c60f19a71ee0336a56ad5687c445688741416b6517397116
untagged: phpdockerio/php73-fpm:latest
untagged: phpdockerio/php73-fpm@sha256:73a0ca61a890cef50e85812a3671b66d6d54fc4a81200c6efa727852ae9ecc04
deleted: sha256:2eaebeafa68caa6c6dc744b79f9d2d8ee4d4d9c6ea46c41578cfd569f35b6fc6
deleted: sha256:42704815e8cd78380f412c373977ecc89f66a410c2a191bc29973fb943fe4b2c
deleted: sha256:270934ee8d6922fdbde863303923e2133f1a6571494295eed56fc156036733f7
deleted: sha256:776d6c41a82d7d181fcc6f04b9b84196c461c7da255039bb60ed258b2c48becc
deleted: sha256:82751c4dcc36265daceeee0abd938806b591eb66700863186377348c96e8aead
deleted: sha256:24b16cac34768092d57cdb429a12de6c9ee870a3724d70098a189ae0ac344c42
deleted: sha256:b1daff3b271fede2bec31812c398e28952f792935f608e467271cdfaccab7de2
deleted: sha256:b7f7d2967507ba709dbd1dd0426a5b0cdbe1ff936c131f8958c8d0f910eea19e

Total reclaimed space: 167.2MB
Building image binacle:430552689
Deleted Images:
untagged: binacle:430552689
deleted: sha256:a45ff8d37f30ebfd659ba053374e73fb11681700d1c19e71b2fa097c5b6486d7
deleted: sha256:3c8e0c06069b411afa538f0b13cae624be51cd7392e90eb11f505c0b4b17ba68
deleted: sha256:0bec3cb2409ec1117bad59036b721246b17e9f6444f1ad58b34f18b6128bbe62
deleted: sha256:c9fbcb72e772e948d426287896f34b6e19d61d3c6b1d0a815db1d5a471be93be
deleted: sha256:2ff90235119bf14d2b57b214233843738173cb81fc05200b9698cd278a110c5a
deleted: sha256:ac669c8f4c835ddc8c895b55a0876fe2ec097b4511010aa0365cd73ac86717de
deleted: sha256:59f3e2821c3ad9d7ca91401f848210f8665391e7b4711a1033e1e87fb3667876
deleted: sha256:ccc09fcf5f563cc86243d6da6426a3e23fe0ac82b2dc806d947e5f501151f1ec
deleted: sha256:be47cd674a1cf352ae7a05c6ec383333f5a1218431d905d1b5af75bde4923f42
untagged: ufaldsg/cloud-asr-base:latest
untagged: ufaldsg/cloud-asr-base@sha256:e33bec7653ceea412cbc7d9e4519250225d6983e611788f2e3afd1dc1846af75
deleted: sha256:0a3d49fa83b54f7bbae42e008404ed75276e672140b517d4a154b2228a4a608d
deleted: sha256:0448de345349df6f11b1bd69de724c2a734fd7de70852d8336aac44f439d0ec3
deleted: sha256:79d095a26ae82dc09aabdfabb4f330f92f73118b62d0d12e431f198f01ea4b79
deleted: sha256:24d4f38f152cedd36d50faa5764a7b11f997770cd2d07fd497d6614ca2eceec8
deleted: sha256:cc29356fe9000a451c961f9592eb2068f89dbc87d38bd7a6ee8c834fc5c30632
deleted: sha256:e6c57f073e542fac45dcf1d3e88564a1398c24bd7abf166d9fa086518b4be36f
deleted: sha256:f6ca19a0ccf49cbd18225b5094d23ba1a70379641654b290ce65ab1d1ab48c94
deleted: sha256:07f6e1c33fc01d10f12dacf1338081dc934b6c0bc620930a9512e01c6567c1b3
deleted: sha256:a50c7bf1c0432260efb426f3e12871460551523a99c78e817e76b125e0e8c0d6
deleted: sha256:f25f4556563fbaa74cecfd7b2f145b468d1cdb3aad8ef1cdeb14d3abb0ee56c6
deleted: sha256:fef0f9958347a4b3c846fb8ea394fbcc554ec5440c7ec72b09786230d55ccc03

Total reclaimed space: 460.8MB
Building image binacle:446607551
Deleted Images:
untagged: centos:7
untagged: centos@sha256:e9ce0b76f29f942502facd849f3e468232492b259b9d9f076f71b392293f1582
untagged: binacle:446607551
deleted: sha256:af046322e6099e8461db70e260646c50c72bc7c9eaa2c3f45de107cc2cbd5b24
deleted: sha256:c521831c0efccd5ef5c04e939e6e17a632173423ce8301a579ccd7087bb56afe
deleted: sha256:40d83acae99a65b6c2bb1a500070561a7e2f8ba1c584c926211fd502c374bfe0
deleted: sha256:fb192b5f90d2fd5919acf08636ca075998a04d4ef7d22f234d57c580e18e79e9
deleted: sha256:b5b4d78bc90ccd15806443fb881e35b5ddba924e2f475c1071a38a3094c3081d
deleted: sha256:edf3aa290fb3c255a84fe836109093fbfeef65c08544f655fad8d6afb53868ba

Total reclaimed space: 543.7MB
Building image binacle:452046675
Deleted Containers:
2d7ce1ec37a439a6f2e34fc848c7b661dc02563088e43c62ed7745426bd32a5b

Deleted Images:
deleted: sha256:f890a1f48bbe02fb64136a1008151b53180843ade43811c2b95f4ebc0043d6b1
deleted: sha256:38627583d40c549aed88c82135103cd550163d09009cf22a63af544e0e5d6fb6
deleted: sha256:25aea543c3fbec18295e0acc19ef65aa8204103fbb332d26d4a8e3bfd45c5b2a
deleted: sha256:2aff9a936128d2e8d55f950129a3605d2da50a25aa538f9863be7c141c95d7bc
deleted: sha256:ed272c313bca4d548c52993113bb38efaf767260ac30e2fa9bcb126b4ab1df58
untagged: ubuntu:14.04
untagged: ubuntu@sha256:ffc76f71dd8be8c9e222d420dc96901a07b61616689a44c7b3ef6a10b7213de4
deleted: sha256:6e4f1fe62ff14a4c8119781d47a3739fa97c190e1df38e868794ad7a7cf50a48
deleted: sha256:bf1b2d677f21703e5be92de8b094fbf5cceeea666885053b40b8a5b2f20638b3
deleted: sha256:9b22c82c6d5a884491639891b0eb053e6e58d6da35ad2d73655d7dd2707d6d73
deleted: sha256:f2fa9f4cf8fd0a521d40e34492b522cee3f35004047e617c75fadeb8bfd1e6b7

Total reclaimed space: 376.5MB
Building image binacle:453591962
Deleted Images:
deleted: sha256:da0b59ddb4bc0c4cc839252d2f8caf959761c2873d3756cdae90b912c8f1e6e5
deleted: sha256:f545b1398b2d37ee1c5cfc7034c0185b1a6b816f7b6e6e73b40eb897408ff35d
untagged: registry.access.redhat.com/ubi7-dev-preview/ubi-minimal:latest
untagged: registry.access.redhat.com/ubi7-dev-preview/ubi-minimal@sha256:a572439e8d7ddced4565e2703c940b13a7a8087807db4b6fbbb9889dbfb731e8
deleted: sha256:1f8526ca508d83134026c562bcb5a271cdae2df7768ed044203ee7d6acec81f2
deleted: sha256:b6063301584d9fffb3ce12871c1898e21859cde0407474521b8419ed6283281f
deleted: sha256:5bfa1c2bc41d3ee196e7054cc8b98a74e09b35eb697cde1e589af56c920b50c9

Total reclaimed space: 79.08MB
Building image binacle:454791401
Deleted Images:
untagged: binacle:454791401
deleted: sha256:b8f06c6581693dc6866ee1140a6b703b7b4a4cf766c5630b97bb8c7a2b714130
deleted: sha256:90a0d6cb70efc073ed723e7fb5b8c303adeb28d0bd1083b71b4e54b02be4ea89
deleted: sha256:6543f967853317d477b40887f3c3d973f616b4e0dc79f9ccb05410a6ed05ba88
deleted: sha256:7df49b53f0e9212e055543d3a4b01df0b064e5878b89f8b41def4403c43bdc67
deleted: sha256:9f7424731dee40a5ab31d1b7db36b3a43dbce1cedefd43aab29b8971b6b257a3
deleted: sha256:cb3568e9dddd0cda0cb14ff4382dca9ed2400d06dd851f846d0c446eb988dc9e
deleted: sha256:d298bf16d0ff57a6147746058c11912f361c8595e91c94cfaae942b0a9e98351
deleted: sha256:76e1af2ea75bd4d5603efe324d1a0fe2fbf642ffe093481c6cb29b4187bb3b4f
deleted: sha256:3bf8e7d491994e1fc58c5514490f9942be9ed20f4a949d28bf88574ca4f989b8
deleted: sha256:8de03b709fb4eb2fa5ee9f02a065719ea2cdf2396f98b5935bda8b5e811ee9f8
deleted: sha256:6078c1c2379cae88fe957eb4e674367718e80d4c4cbfe9b6581d2bc902fb9b97
deleted: sha256:855f1968de792b54765ba486e45db306bd996cc9a50c29907cc5f80fc68936f2
deleted: sha256:64354719c35ed615eb759d962ef33abeac6fe34e4ecbc272855f6402d69ff205
deleted: sha256:5ffdaf6a5455d23e8dea1ebe6cf2eaccf477afc2ddfa426558835b740d925d6e
untagged: debian:jessie
untagged: debian@sha256:be49b17833279f2177dbaeef87226528af8a652595afc11dd85c8cd8ad7fcd26
deleted: sha256:2bf11587e9871ace44fbe11fc16383581e267deaeef6a483f7b95f074d453b3f
deleted: sha256:ed0202e215b7e8837465764ba654c2c61985333e7af2e730786cabfec20d1978

Total reclaimed space: 168.2MB
Building image binacle:457512496
Deleted Images:
untagged: redis:4
untagged: redis@sha256:2e03fdd159f4a08d2165ca1c92adde438ae4e3e6b0f74322ce013a78ee81c88d
deleted: sha256:4b4c876baf2334fd9f11d408a0ea2fc24e32a5e3c8d76842dcefcd1c9be4de40
deleted: sha256:30975578c4b6e83be42b934ae07db368da1fcd6d863c74adbe93d596ebe9bec8
deleted: sha256:191c4017dcdd3370f871a4c6e7e1d55c7d9abed2bebf3005fb3e7d12161262b8
deleted: sha256:c608627e4978ced00e2f061ae0386fab2e374376b96512bbbd2eea112b1c18ec
deleted: sha256:3fb5c9513585182e703038a67d9aaac987d4be30b6d3ece92ffe35734b330500
deleted: sha256:e3a7fbb7bf3b4de87e6765498bf952b114f9bf297e5e93f51bd6a9a32083f8e4
deleted: sha256:09f9b5d7722b181ae2acd61396c20549afdea66ee31f921850191db5afe6738a
deleted: sha256:3bd2921d0d3dd52dbcdc462f35b11cb89df901205284b0fea03c19bb8359907a
deleted: sha256:c2adabaecedbda0af72b153c6499a0555f3a769d52370469d8f6bd6328af9b13

Total reclaimed space: 89.3MB
Building image binacle:465535670
Deleted Images:
deleted: sha256:82d3d65a651a9ce2b6f5fa547e669c4bd3519e5eb0f1e3164bd9f1fad018a4f4
deleted: sha256:1e77655d672292a78d9aa43386ce5457cd77fc51ccbdadc741ece2c81b842702
deleted: sha256:24784ee8a0b811102972e1d3020576b05b52fce6c9881d1dcce6d3c3565af1d6
untagged: golang:1.9
untagged: golang@sha256:8b5968585131604a92af02f5690713efadf029cc8dad53f79280b87a80eb1354
deleted: sha256:ef89ef5c42a90ec98bda7bbef0495c1ca6f43a31d059148c368b71858de463d2
deleted: sha256:17390723275513e7505aae3369480402f214a8114cac79966639cbc7ed14f7e6
deleted: sha256:d676491c2e24f03e941c718c3eca48ef400a6e801b20ee6519d5e064b2afcfa6
deleted: sha256:14027861f16bb2c874c1212e8969e90e70e32b8d31e59db69048308596f841d1
deleted: sha256:549d1efa00654bcaa5e91e449192ad71557b694bf8a810c4b8d9df0246a00164
deleted: sha256:2d9c829ae3f7ff3e148e5c7c3a1cf378b0f90b79035e2fe9a8d78c63ccde4c89
deleted: sha256:b1ae7168c6f3e061aa3943740ec3ceaf8e582dc65feab31d2b56d464a5062d59
deleted: sha256:4a495dbc04bd205c728297a08cf203988e91caeafe4b21fcad94c893a53d96dc
deleted: sha256:3b10514a95bec77489a57d6e2fbfddb7ddfdb643907470ce5de0f1b05c603706

Total reclaimed space: 767.9MB
Building image binacle:468490510
Deleted Images:
untagged: binacle:468490510
deleted: sha256:713c48e385fb759fa78f38dd1cf1cf54c92277e0311cc802421d9a6e8805883e
deleted: sha256:f5ae5f31bc40799f07d279142698f2359d32861732ce74b4657e0f94c419d7f9
deleted: sha256:f068d79a74b95e133e0abfd97c85d7661885cffb0f8ce6e41e5f2a4409b0ce98
deleted: sha256:272b078758da63db4b3fa43236ac95f8454e3bec6b9f6154c6992a9b60955484
deleted: sha256:ba16ec36253bbb51fb7c74c76e382ac90cfde6c8314752e43cd71694d85364a6
untagged: python:3
untagged: python@sha256:6fcd27ebeb1a5b4fd289ff15cb666e619c060c7b76f5a1b1a99d7cddb6de337a
deleted: sha256:659f826fabf48f9d883895d7ad4bb6b49f79bc7c0ee8590b943e2ccd295df568
deleted: sha256:c27ef7ddaf8767b75b4a5e93a2914fc6ac729f0a3993df196fe1082f02debbe4
deleted: sha256:d3aad1538f89d26582921eb754e5bff891b3c1557d5d054517d0f578748d710b
deleted: sha256:6bcffb5318a7c1f1ded2d2414c8072c92cfe095d0802dbb06e13e13227be02be
deleted: sha256:0df777eba43bcd775f3bd0d0916c572ecf4a8c04564d2e5ab6b6536c2a44d995
deleted: sha256:fe8871e6736dff6be621baeaf260f77f368f500296b011939a4d37a5225d9818
deleted: sha256:46bda2416b975eee972900e8486e50872fbc4095709aa8aa1324d9077a639630
deleted: sha256:1fc7bb5a62c4ac543887d7b1debaab65406341fb7d342eb2265fdc1f7e6152a4
deleted: sha256:59c366baf28249e406a6021daba98a361b862b68c44d8a63f047d183b34db963
deleted: sha256:8c02234b86056c009036ff0c31efb9a726412392d9872dacf95103767ac3b101

Total reclaimed space: 933.9MB
Building image binacle:468490621
Deleted Images:
untagged: python:3
untagged: python@sha256:6fcd27ebeb1a5b4fd289ff15cb666e619c060c7b76f5a1b1a99d7cddb6de337a
untagged: binacle:468490621
deleted: sha256:9e012171af8bca1328d3f99d5190499892b0757831a3954e7c9f028c20c60d40
deleted: sha256:5c27cff90509a948c14762bc80d6cbf145757f11bec89ea179bce810b28e887a
deleted: sha256:a338995124bcf4957678ba7a413438635ca43ed9ae914353d277460aba7854d6
deleted: sha256:6270873662eb46dc6d3068f0800f9953a8196bf42e799a9020558be8b565e884
deleted: sha256:83cbd10496009a5eb161d7458194a6ccb5b43094518f89b25cd681f703ac9e64
deleted: sha256:659f826fabf48f9d883895d7ad4bb6b49f79bc7c0ee8590b943e2ccd295df568
deleted: sha256:c27ef7ddaf8767b75b4a5e93a2914fc6ac729f0a3993df196fe1082f02debbe4
deleted: sha256:d3aad1538f89d26582921eb754e5bff891b3c1557d5d054517d0f578748d710b
deleted: sha256:6bcffb5318a7c1f1ded2d2414c8072c92cfe095d0802dbb06e13e13227be02be
deleted: sha256:0df777eba43bcd775f3bd0d0916c572ecf4a8c04564d2e5ab6b6536c2a44d995
deleted: sha256:fe8871e6736dff6be621baeaf260f77f368f500296b011939a4d37a5225d9818
deleted: sha256:46bda2416b975eee972900e8486e50872fbc4095709aa8aa1324d9077a639630
deleted: sha256:1fc7bb5a62c4ac543887d7b1debaab65406341fb7d342eb2265fdc1f7e6152a4
deleted: sha256:59c366baf28249e406a6021daba98a361b862b68c44d8a63f047d183b34db963
deleted: sha256:8c02234b86056c009036ff0c31efb9a726412392d9872dacf95103767ac3b101

Total reclaimed space: 933.9MB
Building image binacle:342068588
Deleted Images:
untagged: python:2.7.13
untagged: python@sha256:ac21ec6277f7da89c32f977b25224abbbbb0f4d3d10ce37461210c14019bc955
deleted: sha256:ac9424878b8f933c128f13db1ae04f8861e1f2bd2c63c91afa99e1fb48ea6320
deleted: sha256:a2ef4ce2d2b445f7934d5676c03be96da88ac5079485843c9e965835ac689c97
deleted: sha256:bddf2c91b0aa48709eedb05d1427188c65e05b6645af02b3c20bdb2f384a6fc9
deleted: sha256:a4a2d68d6957029a39073f3071312d8dc658d71414f98b13e03edc6956cb0e2d
deleted: sha256:5e1666ee53a4190b1feb30c1c1e94ae3329b1482fbbef19d95770f03f5089a78
deleted: sha256:9de102c48694af418cc86f8d09a8e4d459cda93d83c9a6f4587afd6b15d5c64b
deleted: sha256:f665f63218ba96e834bd6dcad34ac8802283f8bb19f1f69dd90a8890ad91dcdf
deleted: sha256:c23de419664900d92dd39c172cc31ee9fb4dfd49e79847bb1484b749023fac5e
deleted: sha256:18f9b4e2e1bcd5abe381a557c44cba379884c88f6049564f58fd8c10ab5733df

Total reclaimed space: 679MB
Building image binacle:342151356
Deleted Images:
untagged: couchbase:4.5.1
untagged: couchbase@sha256:fd2a215857f155ad63fafa895a0c1fe5621d361cbcb66d3d8810101a12cc501a
deleted: sha256:855e0c4b44a1b6b410e96b7453178caf2a0ab3b4af04852df039f19c8ee5b522
deleted: sha256:9623fa4941c2af9c435c5fa7b6b385305a56a4944e564819515422d0cba017c5
deleted: sha256:c5314e95257abef47bbb645dc672f24cb27fd44b7587e49c7c143853008d112c
deleted: sha256:3b062e465e1738e4f24c20adc44fc98674bb2ee6675e7a51a608d09ce5003f3e
deleted: sha256:856ba818f1977ed29952a57c34350355a52e4e2bf52de34b2df54da31a3681e6
deleted: sha256:7a363706b2294e227d2d7f8d7f3633f66b3790922f753bc387d78a51e0f6de6b
deleted: sha256:70b682a2fe4ade9d46fcd84d5d4ed80f5bfbb1c60a033629d8057489eb20fdf8
deleted: sha256:c58b8bcfe0de2679f7a6d05a701ad7c483a930535295dbebf3a0c7fc552450f2
deleted: sha256:1dca51b2c633285725c6d8b63219f606c650f000f4bade5ffc416064e663d31e
deleted: sha256:550343434e4941dcdd406ce516ed9a3ac4d3d3f2a84d9fd5dc68e8b3476839cd
deleted: sha256:989060d85ae79dbf774da01055cba1d965a27a3a0be04bf3e644d2e418020e87
deleted: sha256:dc90165840164bed009b00d6190d830af00c08d8eb4a1d17e49677c5504f1126
deleted: sha256:a1b7c117e8d65dc08068144214a8f9e30030ccaba4ee3f88a372a006468a0b11
deleted: sha256:918b1e79e35865cfaa7af9e07fa2a7aaaa2885e6bee964691a93c5db631b0aff

Total reclaimed space: 569.1MB
Building image binacle:351544740
Deleted Images:
untagged: sonarqube:5.6.6-alpine
untagged: sonarqube@sha256:2769eaddd02d8d4a256a4f2accad4fac29641eb46b473fa9b0780fc9aa720804
deleted: sha256:e99d83031278ae65a757bb210d0fe5e3efb9abdd56aae7925ec9aa19e54e1c0b
deleted: sha256:35ecc1af354d974d78404598c1e0bec8eff49388b451c678358e7e8c60aa1ccb
deleted: sha256:7220449aaa1b359758fca4a20348c7624d45d10bdaa249d8886edc0f4c837ac4
deleted: sha256:edd137e3238f93b9d19845d97086910fd1063bc2fff17914af4259c888d1242c
deleted: sha256:aa681998294eed9882b15497f66162034d57b8df703dbb5e59c893355f65f93e
deleted: sha256:5bef08742407efd622d243692b79ba0055383bbce12900324f75e56f589aedb0

Total reclaimed space: 248.1MB
Building image binacle:354029251
Deleted Images:
untagged: binacle:354029251
deleted: sha256:1a10288860842567e9f469146595082b0d8b9c303564100033081a18648d05ab
deleted: sha256:63d86936ffbfa630b9478863c5cb280393e15ea65d69ca15b92729ed608a53a5
untagged: iron/base:latest
untagged: iron/base@sha256:1489e9c1536af14937ac7f975b8529cbe335672b7b87dae36c6b385d3e4020c0
deleted: sha256:b438fe7f76e9c6c8f984098451fedbab9db082d52dbe45517559960715357c27
deleted: sha256:f2bb15fa49c686b5cc0a8b93c84b5622181f8e2fdd8e2735a4358445d6b50fdd
deleted: sha256:cd7100a72410606589a54b932cabd804a17f9ae5b42a1882bd56d263e02b6215

Total reclaimed space: 10.63MB
Building image binacle:354586992
Deleted Images:
untagged: dockercloud/haproxy:latest
untagged: dockercloud/haproxy@sha256:040d1b321437afd9f8c9ba40e8340200d2b0ae6cf280a929a1e8549698c87d30
untagged: binacle:354586992
deleted: sha256:9c88494b137e4f69f174de0319ad35f14b75302a1a2346055fce00d140afed5d
deleted: sha256:5147ae5e2222282202c066f35b6797f8a35cbda5e270a27d68c5f3f89765fbc2
deleted: sha256:4d6ae6c16c4d2b0cb48ee3b595e69c884fc5b6b4e01ebe4d062f85c7254ec06a
deleted: sha256:55bd5fe2eb639715f2dec50eb6d738c0cbcc6f098fb40eb16b2f16d4a39ae635
deleted: sha256:ae1696c2e4e09f6af606bce32b7ea797245984c964a85dd2822b4dde4d506fff
deleted: sha256:6dfaec39e726d242fcd42e9fffac82c3079a1aa20fc39420b662507b163ee4da

Total reclaimed space: 42.64MB
Building image binacle:355531439
Deleted Images:
untagged: python:2.7
untagged: python@sha256:cfa62318c459b1fde9e0841c619906d15ada5910d625176e24bf692cf8a2601d
deleted: sha256:68e7be49c28c89833fc91b44a8c1db6982b52695749d57c3d6fe995a9bb1df5f
deleted: sha256:227a17cd721f1c4e880e9f4e78abab7b468e4efe732a2263ae3478f9438e11cc
deleted: sha256:83b93f41f02c56ec1c381b0cf43d9ecbf745149bda6392c14df2e45e2624e1c5
deleted: sha256:3d15594ada193acb16edec6cd2430fb861b502cda152356e5be333c336b92218
deleted: sha256:a4d5e6f7b966a28fe4d0435a8dcb4569e73d98edde49753dd069ff45afa31507
deleted: sha256:e9cd71da237417c0df7c98beb0dae87b4f86b0fc968f422b1baa815fb2b722ba
deleted: sha256:13d32798e40b1599d9fd43c96a0a503a5570cef16f0e91939cc8ba68fd3019c9
deleted: sha256:76f828a426a3d61171fd162cd4e9b659ee46febb63c2ddf2775786810e15b1fc
deleted: sha256:ab01b212a80f600ce8681cd58e6659f65c78690925717fab3aab04509d014ff1
deleted: sha256:461719022993f353f943ca04e6dd69367c7c0d8b196c33bf4bd3845aa588854b

Total reclaimed space: 901.8MB
Building image binacle:356900267
Deleted Images:
untagged: binacle:356900267
deleted: sha256:92b9f6c9a5162b5aa3e4301a554130044994672e509b3192adac48900e5fe3e7
deleted: sha256:925be7a788fb5b27190517904be9d44a5c761e762baab92805aaf5227d470c5f
deleted: sha256:f47c83681c74fe9a76ddfd13054d22f0048ad1bf8634c4a80ac24e10a3afd9ae
deleted: sha256:86178c725dc166bef858ced2a7fa1016d68e853f5492bcf5c4cd509aa0233862
deleted: sha256:aa07939c21b7ed1932b4899a50aeb1fa0d0dffb80a6b3ec9b6c71b5129ebcde6
untagged: node:slim
untagged: node@sha256:7d9fb6e6fe3a1e6c318954dffb8e8dfd7fca3e85c63519724c2437afed4bf47f
deleted: sha256:8ec3841e41bb5048cd05940d8f8e8d24157609e0c48f05033af9e385ad95b6b9
deleted: sha256:80f17b74d2962a40576c54f37625a820fafaa438e7627393767711afdcb15cbc
deleted: sha256:78b192048bbd0529b229f9f0b82f24e08f904304e58b2a81eb71a890618d4a55
deleted: sha256:523a47d9e8afa12566721067c49abce5d3054e4fe0deb909a33f2633e981efaf
deleted: sha256:b01c0be790057e273d63bedfb7ae294e803a7a9d91fd2deb98d4cf146d817236
deleted: sha256:83b43189420d069cbdc1421b94c396c6b74d1ad8150933d411a223b145b981ab

Total reclaimed space: 165.4MB
Building image binacle:358951643
Deleted Images:
untagged: hyperledger/fabric-baseimage:latest
untagged: hyperledger/fabric-baseimage@sha256:fb48d8d161875c7107412e21129dec3f8e4b1a34c5b849c84b5a4f90c6675e8f
deleted: sha256:1bbfea6ce68131f40ce8fa491b25a9d60e3a994542ede8d631ef9ff41d4976d4
deleted: sha256:a277da86d64cd4d7c516ed845b4be7fb7071ff01edb650cf3684c6456a815978
deleted: sha256:e30232095207718e7fbcc0109fbaeda0a7722991adb509b5bf9f6029836bd0df
deleted: sha256:5caee8883847d739a32ab0e317e5a8cef04bf0e24edf2da1b8e1e5cfa7185abe
deleted: sha256:230030b108e74461bbb29332d0911dd007645be83ee28a890405087bf1d70e86
deleted: sha256:4fc26b0b0c6903db3b4fe96856034a1bd9411ed963a96c1bc8f03f18ee92ac2a
deleted: sha256:b53837dafdd21f67e607ae642ce49d326b0c30b39734b6710c682a50a9f932bf
deleted: sha256:565879c6effe6a013e0b2e492f182b40049f1c083fc582ef61e49a98dca23f7e
deleted: sha256:cc967c529ced563b7746b663d98248bc571afdb3c012019d7f54d6c092793b8b

Total reclaimed space: 1.305GB
Building image binacle:359250772
Deleted Images:
untagged: binacle:359250772
deleted: sha256:84a405a473cc889067c8e91da1ced2e0a77e5a43629925c5df078ca98646a1f1
deleted: sha256:f8fa1891a87f7259466b1893040d9a27909d6ec414d33d651bb6e91fb140e281
deleted: sha256:35227a67f6b6151ec2d07ef3db786d49c52cf1cf33218b554bbd0aa9927add5f
deleted: sha256:3c027fe94fda9d6d398aadcdcb3d4a674e3fa0f27986bddf88e74b0497a1f11d
untagged: stimela/base:1.0.1
untagged: stimela/base@sha256:ccc484ed8a33dcc69445535c079c4260f170ce52f6576dcea052823f23453066
deleted: sha256:13944457c7ce3a392f731e9bc76438adcde887cdd3f8539330b4acb9a1fd6b86
deleted: sha256:c31f05a2fed3da7883de44aafaf8fa9f93e3368b2d4cdd2d76736f4b2de70306
deleted: sha256:9d075e63cf41a17bbe4853716702e1df52adf0f30de071c7a900052b3fd21371
deleted: sha256:4013ecbc4d333cffd603e937861921f42338b50bd73ee1da90f79565b782947e
deleted: sha256:0c4be9f8b756a41f2b967b95fb57a6758638557658bb12bcc14f6beaecd40b48
deleted: sha256:84807c857daa7cd4755314dcb2ac8ea4eb1858dec8e1cb7416ed00bb805c4df6
deleted: sha256:7a0acd1684edf873369296837eaf881f1674050d407e118d13b41f13afb7723b
deleted: sha256:f28ad8eef5e953cfaf5ae37761e5564f1d56912e06da255c5e2f79eeabb58e33
deleted: sha256:ac8ca6ae497390aa3730ed39f67dcc05449697fbdd49fa77fa2a60dcbc969297
deleted: sha256:3288cd6e6e7d42bcb4a74121b412c42a11f96da52685e42dbf9de6a747a55c6b
deleted: sha256:b1636589630239bdb9153f95ac564bcd2afd9202aaf8511cbf5a9a37e03daf35
deleted: sha256:043f492f40c539cfe7cee4cb8aae00ed1d5b19e864fbe6ea35ec92a2333bacc4
deleted: sha256:2fb7bfc6145d0ad40334f1802707c2e2390bdcfc16ca636d9ed8a56c1101f5b9

Total reclaimed space: 828.1MB
Building image binacle:366345601
Deleted Images:
untagged: ruby:2.2
untagged: ruby@sha256:4987b5e2f03b7086c493208ef616b711fe73228391a80faf451975f9e0195236
deleted: sha256:6c8e6f9667b21565284ef1eef81086adda867e936b74cc74a119ac380d9f00f9
deleted: sha256:b6f2fd5a632a7095f9fc0f6243bf0bd5ae5d68d763e47c78d83e8b10f3999443
deleted: sha256:d7c0501ebaeed78f80b99a45bc788122df87c5797ab535cdeb8c572386ac4199
deleted: sha256:a0245876785a49ea73bfbb0631d8fb195f568b1b3a604cc3c25120838131df1f
deleted: sha256:86db1b1ad7bb884bb61c8d129e28463a8d671c59891ab514a3f7ff8202fe5e64
deleted: sha256:5b72c16af98383e33ca03e39a9430a4bb03f282f9e12aadcfa9062f2bbb1887a
deleted: sha256:c26858caf79e2b7b7b6e1e810ff876d6aa64e5b0ed0d38035f1729c7cff26d94
deleted: sha256:2c833f307fd8f18a378b71d3c43c575fabdb88955a2198662938ac2a08a99928

Total reclaimed space: 715.3MB
Building image binacle:314974716
Deleted Images:
untagged: tensorflow/tensorflow:1.10.0
untagged: tensorflow/tensorflow@sha256:f73015504e3af53e9f747defdc2e2d857baa1140dd3cfdf92136051072502a67
deleted: sha256:2c8d1fd8bde4c3f4b2a0f3a87e3cc4c7279ba363d0baa6f1c6827cc7018706a8
deleted: sha256:ce7eca4b3f5d244627a2061b492dd1832164d54d6917d0d57ae5433abe3e4f20
deleted: sha256:a679bc2c962c2571c06bb89883cccf324e495584e0045ef3bec42f3b8f7d1a4b
deleted: sha256:76d5403e322a52ad83b48fb4b298448652fb2c9a62e5eafa5b7aaeeead6e1288
deleted: sha256:edec177a3c4f632427e99bcb6e0926f8226ebbf680fd4944c1d9fc20e54bca17
deleted: sha256:f893db95cf56115ca93814a0a772f055a0fda18913cfddb46b8b26b664072b96
deleted: sha256:2ac56811baec46b03ce73807412edaa99fb4320248fd674924466f901c659e5a
deleted: sha256:7ddc43c60d3c3c12876f8229575d26bb4e34c4c1ecf183d13ff3c8b4f0fb6162
deleted: sha256:7a87f15fa2cca1d3a5f36810ec9a575d01cce959fdbbb0b52a40c0b0752b794b
deleted: sha256:f76ad2747c0572f55b020c680fb3ecf2c9888bc124773c2e99a8aef5a2b57ee9
deleted: sha256:e843589b7eab2c99f01c7c36603e79cd582ec77e923801fc5477e676ca99f937
deleted: sha256:32fe28af8b933473d4fc8e0fdff4f53a3dd878e777d2d0f4e069eafec89dec24
deleted: sha256:c78abc0d85ace0d885a620a4fd6af7f3d4700efe13499996128e15e970703762
deleted: sha256:0a42ee6ceccb1b90de2a3badec7c74cc452ce61e7ef20a80bb7f20ea53f2825e

Total reclaimed space: 1.253GB
Building image binacle:314974730
Deleted Images:
untagged: tensorflow/tensorflow:1.10.0
untagged: tensorflow/tensorflow@sha256:f73015504e3af53e9f747defdc2e2d857baa1140dd3cfdf92136051072502a67
deleted: sha256:2c8d1fd8bde4c3f4b2a0f3a87e3cc4c7279ba363d0baa6f1c6827cc7018706a8
deleted: sha256:ce7eca4b3f5d244627a2061b492dd1832164d54d6917d0d57ae5433abe3e4f20
deleted: sha256:a679bc2c962c2571c06bb89883cccf324e495584e0045ef3bec42f3b8f7d1a4b
deleted: sha256:76d5403e322a52ad83b48fb4b298448652fb2c9a62e5eafa5b7aaeeead6e1288
deleted: sha256:edec177a3c4f632427e99bcb6e0926f8226ebbf680fd4944c1d9fc20e54bca17
deleted: sha256:f893db95cf56115ca93814a0a772f055a0fda18913cfddb46b8b26b664072b96
deleted: sha256:2ac56811baec46b03ce73807412edaa99fb4320248fd674924466f901c659e5a
deleted: sha256:7ddc43c60d3c3c12876f8229575d26bb4e34c4c1ecf183d13ff3c8b4f0fb6162
deleted: sha256:7a87f15fa2cca1d3a5f36810ec9a575d01cce959fdbbb0b52a40c0b0752b794b
deleted: sha256:f76ad2747c0572f55b020c680fb3ecf2c9888bc124773c2e99a8aef5a2b57ee9
deleted: sha256:e843589b7eab2c99f01c7c36603e79cd582ec77e923801fc5477e676ca99f937
deleted: sha256:32fe28af8b933473d4fc8e0fdff4f53a3dd878e777d2d0f4e069eafec89dec24
deleted: sha256:c78abc0d85ace0d885a620a4fd6af7f3d4700efe13499996128e15e970703762
deleted: sha256:0a42ee6ceccb1b90de2a3badec7c74cc452ce61e7ef20a80bb7f20ea53f2825e

Total reclaimed space: 1.253GB
Building image binacle:317628956
Total reclaimed space: 0B
Building image binacle:319097761
Deleted Images:
untagged: binacle:319097761
deleted: sha256:affb56538795e8d55470a40b8ea733254590bfcab1c0de1711994fbcfa8a78a7
untagged: gcr.io/google_containers/heapster-amd64:v1.5.0
untagged: gcr.io/google_containers/heapster-amd64@sha256:da3288b0fe2312c621c2a6d08f24ccc56183156ec70767987501287db4927b9d
deleted: sha256:86a0ddc3a8c25f78b1ec36bd03cc4c94172bd1ebb3d99266ec7fa59991d331a2
deleted: sha256:203c7f8b5056abb3fd98f9b94faf7b4a133c86f904dedc44d9589b15a2250019
deleted: sha256:acd6418c1c654f50a8c3f36583b4498c349ba7dbc97da5f42503853c567f0c00

Total reclaimed space: 75.32MB
Building image binacle:319097762
Deleted Images:
untagged: gcr.io/google_containers/heapster-amd64:v1.5.3
untagged: gcr.io/google_containers/heapster-amd64@sha256:fc33c690a3a446de5abc24b048b88050810a58b9e4477fa763a43d7df029301a
untagged: binacle:319097762
deleted: sha256:bb7de4ecd09b380473ec694ee95ebda4892404c49e78d62234c730956904d3e9
deleted: sha256:f57c75cd7b0aa80b70947ea614c29ad04617dade823ec9b25fcadbed38ddce1c
deleted: sha256:98455231be787cdce0e42774ef7cabd186b218d01796b8096ef98f7fa89e6f78
deleted: sha256:312079130a8811ed2f10d658419278c818a3d3893899a007f6bb07153c4dfd68

Total reclaimed space: 75.32MB
Building image binacle:319097772
Deleted Images:
untagged: gcr.io/google_containers/k8s-dns-kube-dns-amd64:1.14.10
untagged: gcr.io/google_containers/k8s-dns-kube-dns-amd64@sha256:b99fc3eee2a9f052f7eb4cc00f15eb12fc405fa41019baa2d6b79847ae7284a8
untagged: binacle:319097772
deleted: sha256:6f970e7f50a1300e9368d84b122b6369424f7eaa00710a350ac65a6e3e222210
deleted: sha256:55ffe31ac5789896865300074e914ff3b699050663a096f757f8ecc1d71c8aad
deleted: sha256:bce07ffbe5a897655d190f1850afd379a22ce7f6a7dedd80fc6e79a4532fea41
deleted: sha256:cd7100a72410606589a54b932cabd804a17f9ae5b42a1882bd56d263e02b6215

Total reclaimed space: 49.55MB
Building image binacle:322675512
Deleted Images:
untagged: golang:latest
untagged: golang@sha256:1e36f8e9ac49d5ee6d72e969382a698614551a59f4533d5d61590e3deeb543a7
deleted: sha256:7e5e8028e8ecb43c45b9928ab4561de171b28b9a8add11e575405133e4f408e5
deleted: sha256:f9189e6500d2f0410d290118af68a7e17333925deee0eaff708434981064507d
deleted: sha256:d0f524c544c971f4762d369fba5b5988475f198fe472a4c13a21b3905581dcc4
deleted: sha256:dfd8014535e84fa86adddb8420b49451debf042bcac8c97d92af0a0bc22162b4
deleted: sha256:46bda2416b975eee972900e8486e50872fbc4095709aa8aa1324d9077a639630
deleted: sha256:1fc7bb5a62c4ac543887d7b1debaab65406341fb7d342eb2265fdc1f7e6152a4
deleted: sha256:59c366baf28249e406a6021daba98a361b862b68c44d8a63f047d183b34db963
deleted: sha256:8c02234b86056c009036ff0c31efb9a726412392d9872dacf95103767ac3b101

Total reclaimed space: 809.6MB
Building image binacle:324819474
Deleted Images:
untagged: fancybing/java:serverjre-8
untagged: fancybing/java@sha256:3537cd575fe4864bc7cbad89d4c80b61d10fd15a6988b333e67f2e0aba16873b
deleted: sha256:9cbd8b66a2332c069929376b2e39adfdf3eb62d6dceb030663bf35c93a0ba59a
deleted: sha256:76709cc515a4590cbefd77ef4044679648d8012a056dfbb2710c9837242dbc53
deleted: sha256:59ff50dedf95a43e29f9fa58e027ed83445c3fe697c79a82e7929c2cf14de00a
deleted: sha256:401b941ef60562ba7412a7ac0c02046c73e18f4377eaed368e686e380b25c28a

Total reclaimed space: 269.2MB
Building image binacle:324819486
Deleted Images:
untagged: fancybing/java:serverjre-8
untagged: fancybing/java@sha256:3537cd575fe4864bc7cbad89d4c80b61d10fd15a6988b333e67f2e0aba16873b
deleted: sha256:9cbd8b66a2332c069929376b2e39adfdf3eb62d6dceb030663bf35c93a0ba59a
deleted: sha256:76709cc515a4590cbefd77ef4044679648d8012a056dfbb2710c9837242dbc53
deleted: sha256:59ff50dedf95a43e29f9fa58e027ed83445c3fe697c79a82e7929c2cf14de00a
deleted: sha256:401b941ef60562ba7412a7ac0c02046c73e18f4377eaed368e686e380b25c28a

Total reclaimed space: 269.2MB
Building image binacle:324819498
Deleted Images:
untagged: fancybing/java:serverjre-8
untagged: fancybing/java@sha256:3537cd575fe4864bc7cbad89d4c80b61d10fd15a6988b333e67f2e0aba16873b
deleted: sha256:9cbd8b66a2332c069929376b2e39adfdf3eb62d6dceb030663bf35c93a0ba59a
deleted: sha256:76709cc515a4590cbefd77ef4044679648d8012a056dfbb2710c9837242dbc53
deleted: sha256:59ff50dedf95a43e29f9fa58e027ed83445c3fe697c79a82e7929c2cf14de00a
deleted: sha256:401b941ef60562ba7412a7ac0c02046c73e18f4377eaed368e686e380b25c28a

Total reclaimed space: 269.2MB
Building image binacle:300456067
Deleted Images:
untagged: binacle:300456067
untagged: gcr.io/istio-release/proxy_init:master-20181222-09-15
untagged: gcr.io/istio-release/proxy_init@sha256:fd3b77efbd28ee5937fb1968cc8ccb784b7f3fb6a30001a20da407607868459d
deleted: sha256:f15cb10112c316c3018fecb166d4d3c1a48d930453aaaa16318868cd8c97fde5
deleted: sha256:e2d3ea17e95109d9a549c4dc13fc4ce26ea501544156905b0a8f8fb1ceb659d4
deleted: sha256:c33e392f5a4189eda100c1f45a30a7400d38d462dc8b3f593bfa3f02286346fa
deleted: sha256:f9004a2b6a3998747e76d39c1c6302a7fa9d33167dc2e6f19b9e39e7f96d07c1
deleted: sha256:ad38d0b8ff5e07d6875cb39931e2c79fb90cf142584ea813437b013d3639678f
deleted: sha256:8ae3e0d35735ff77e9ef2a15816747b01316225829ece78dbc41bc50eddb7dfe
deleted: sha256:a6a57518ff0cc0e30c0e5c964abc052038413f57cd570bd89ab4e4493741a5b3
deleted: sha256:41c002c8a6fd36397892dc6dc36813aaa1be3298be4de93e4fe1f40b9c358d99

Total reclaimed space: 151.8MB
Building image binacle:300456068
Deleted Images:
untagged: binacle:300456068
untagged: gcr.io/istio-release/proxy_init:master-20181223-09-15
untagged: gcr.io/istio-release/proxy_init@sha256:a447f7ce191c42b27d6220f62b74797bf3df923127af3a4e6af88dc52fe3c724
deleted: sha256:b5ce37c6d86f837228a1a4edda04d70dbe9c0ffac02923c786165db4cf28afd9
deleted: sha256:93720b5fc208b1d5e2a14fc569b11d343fc608c49c90f42422c8d7afbc5730a9
deleted: sha256:d0f28e1bf73c396bec53818149070ad847d092696b1515d8f3d3e7ed4c5650b9
deleted: sha256:318a4ee9ce01237c88e37ab7e351f3f4ad41a189ecf175b5283bf233a1653b52
deleted: sha256:ad38d0b8ff5e07d6875cb39931e2c79fb90cf142584ea813437b013d3639678f
deleted: sha256:8ae3e0d35735ff77e9ef2a15816747b01316225829ece78dbc41bc50eddb7dfe
deleted: sha256:a6a57518ff0cc0e30c0e5c964abc052038413f57cd570bd89ab4e4493741a5b3
deleted: sha256:41c002c8a6fd36397892dc6dc36813aaa1be3298be4de93e4fe1f40b9c358d99

Total reclaimed space: 151.8MB
Building image binacle:300456069
Deleted Images:
untagged: binacle:300456069
untagged: gcr.io/istio-release/proxy_init:master-20181224-09-15
untagged: gcr.io/istio-release/proxy_init@sha256:17cfe1e5dab6992b775ad7314c9b6fecaa7f6331fc24bf829f8adb7512a2323f
deleted: sha256:d48a34b336e5114c9f4e867e6e7000f031077f702d47b5ed9c2f223835417a60
deleted: sha256:a28b33a6dcbde036fc5704cc9f753fdc5f0c44a119876d290d110a3867a40e32
deleted: sha256:f2d94497b0dcb4d5126602194129799d3517f50bd1ae74e5da1863eee9f5d138
deleted: sha256:8566e5083111be518bab503f5b4450f8df5ca5b02df85e36f65f4f37a7574820
deleted: sha256:ad38d0b8ff5e07d6875cb39931e2c79fb90cf142584ea813437b013d3639678f
deleted: sha256:8ae3e0d35735ff77e9ef2a15816747b01316225829ece78dbc41bc50eddb7dfe
deleted: sha256:a6a57518ff0cc0e30c0e5c964abc052038413f57cd570bd89ab4e4493741a5b3
deleted: sha256:41c002c8a6fd36397892dc6dc36813aaa1be3298be4de93e4fe1f40b9c358d99

Total reclaimed space: 151.8MB
Building image binacle:300456070
Deleted Images:
untagged: binacle:300456070
untagged: gcr.io/istio-release/proxy_init:master-20181225-09-15
untagged: gcr.io/istio-release/proxy_init@sha256:e749e132c232b2f028d5821359e42b7b541c14564eb1fee0e72f4490a7fbaf7e
deleted: sha256:c5647ebca1acd86c67580177ff708cadcd1abc15f0d265daf19d8ac523b70032
deleted: sha256:5394956b72090e6775716e713d090cce84399dd51b297c20f2d314b528b22040
deleted: sha256:429d1aed6d76db6efdcd2645dcc381c20f6b70dbe9e229e568dadae741555c33
deleted: sha256:fc3b0e3c8f35efacdf793b9f39beab6158cb13dc45f9aa94693cd92bfd6f03a9
deleted: sha256:ad38d0b8ff5e07d6875cb39931e2c79fb90cf142584ea813437b013d3639678f
deleted: sha256:8ae3e0d35735ff77e9ef2a15816747b01316225829ece78dbc41bc50eddb7dfe
deleted: sha256:a6a57518ff0cc0e30c0e5c964abc052038413f57cd570bd89ab4e4493741a5b3
deleted: sha256:41c002c8a6fd36397892dc6dc36813aaa1be3298be4de93e4fe1f40b9c358d99

Total reclaimed space: 151.8MB
Building image binacle:300456071
Deleted Images:
untagged: binacle:300456071
untagged: gcr.io/istio-release/proxy_init:master-20181226-09-15
untagged: gcr.io/istio-release/proxy_init@sha256:4805400e1513d8f5352cd51c39c0424e1fa53bd047d8fe8f2308623acba68322
deleted: sha256:fda37539a312727757e14c953e5249109f98fccbdaf74020bc949af2672fd61b
deleted: sha256:e957ecff587830f9d0b6718bb4a83feb7f695fd30eab6a113db3f29a98e2b2e1
deleted: sha256:251c18f4176e515c87815ed14578819f3572bf3f91427f077876ee0a60b71727
deleted: sha256:c5fd20c95704e9938b1f23caec781c729815fa3be677c3f4a797300a8ad2863d
deleted: sha256:ad38d0b8ff5e07d6875cb39931e2c79fb90cf142584ea813437b013d3639678f
deleted: sha256:8ae3e0d35735ff77e9ef2a15816747b01316225829ece78dbc41bc50eddb7dfe
deleted: sha256:a6a57518ff0cc0e30c0e5c964abc052038413f57cd570bd89ab4e4493741a5b3
deleted: sha256:41c002c8a6fd36397892dc6dc36813aaa1be3298be4de93e4fe1f40b9c358d99

Total reclaimed space: 151.8MB
Building image binacle:300456072
Deleted Images:
untagged: binacle:300456072
untagged: gcr.io/istio-release/proxy_init:master-20181227-09-15
untagged: gcr.io/istio-release/proxy_init@sha256:77eda1a4cff86c7286bd5973103d8052b620da4e07a5b64c7d7f1f5454ae2206
deleted: sha256:5597897216ea6b36cacb7fb25f52c39658989cbb1bdbe2ab5110e03ffefdfa90
deleted: sha256:ebb89b98ddbab16be5c0fdab8578f5cc3579810b8e6de39da269e295be8ba793
deleted: sha256:e63f5b483c999d5f8ccb4faca92517bf43be39d118e6b9df64f27d54dc16500e
deleted: sha256:7861b039a467d6ad94230233402db7eb43378c23e9981ef00a34a0be6baf74e7
deleted: sha256:ad38d0b8ff5e07d6875cb39931e2c79fb90cf142584ea813437b013d3639678f
deleted: sha256:8ae3e0d35735ff77e9ef2a15816747b01316225829ece78dbc41bc50eddb7dfe
deleted: sha256:a6a57518ff0cc0e30c0e5c964abc052038413f57cd570bd89ab4e4493741a5b3
deleted: sha256:41c002c8a6fd36397892dc6dc36813aaa1be3298be4de93e4fe1f40b9c358d99

Total reclaimed space: 151.8MB
Building image binacle:300456073
Deleted Images:
untagged: binacle:300456073
untagged: gcr.io/istio-release/proxy_init:master-20181228-09-15
untagged: gcr.io/istio-release/proxy_init@sha256:85f30558c062af0c78b0e02d8b871816adda32338c1d9f7745047bf0b331a31d
deleted: sha256:e7d91a84730f73aa3eb72aa06a91f471683abb74cdd6a2315d19a581ec1cc4ab
deleted: sha256:d454b3c1725de6d8b2715f15f0126e189437af8b1bd3ed1a71f1f570e09f7905
deleted: sha256:d569a3a6dfb29627b5a549e973289082d70201b5b534dce215967e2b3acdbe04
deleted: sha256:4f06b9a213fa7051177eb6a6183b462eeb5492853e87d9a93d8d811d39ccf52a
deleted: sha256:ad38d0b8ff5e07d6875cb39931e2c79fb90cf142584ea813437b013d3639678f
deleted: sha256:8ae3e0d35735ff77e9ef2a15816747b01316225829ece78dbc41bc50eddb7dfe
deleted: sha256:a6a57518ff0cc0e30c0e5c964abc052038413f57cd570bd89ab4e4493741a5b3
deleted: sha256:41c002c8a6fd36397892dc6dc36813aaa1be3298be4de93e4fe1f40b9c358d99

Total reclaimed space: 151.8MB
Building image binacle:300456074
Deleted Images:
untagged: binacle:300456074
untagged: gcr.io/istio-release/proxy_init:master-20181229-09-15
untagged: gcr.io/istio-release/proxy_init@sha256:dc1007db0dfe69c134d0d9ac31fddcaabf7e550d94d5484589e061e3368ebba1
deleted: sha256:bdf66165ada4412b7f86592a97e995727a26b5e08176659a27f75e661e4c8e9e
deleted: sha256:0b3f3dac6085be122ef0656d5f1a056d6090392727094c1328c2a75cd12f402f
deleted: sha256:c2edf0125004f0f41a33f313dc612259e6e37ba38866956da435f74817364aee
deleted: sha256:576ee236d170cc94b59fe717ed7e7a824301e6ba671131b0fac96d77d8a410c8
deleted: sha256:7c42fc68785f05435c7d0a15ab5eba645dd51431ff85ba8c81aac71b6d7fa676
deleted: sha256:9ae10a8fb5d0419283b7d8ede59c6cb17df79c1bc0f0367ad5d5fd5f9040b9b7
deleted: sha256:8c7764429ac5850455be6b16dcbf2f3e916522ea400c90133b498701debfe3a2
deleted: sha256:8241afc74c6f5ca20c3bd7f3ddb3e5621d637ee85aaf40de440bf465b2a9984f

Total reclaimed space: 126.7MB
Building image binacle:300456075
Deleted Images:
untagged: binacle:300456075
untagged: gcr.io/istio-release/proxy_init:master-20181230-09-15
untagged: gcr.io/istio-release/proxy_init@sha256:056b8a9941e818acf79dd9332722353c0270e78366fc1e272e47d5d9b5a449d4
deleted: sha256:1bb16044d200639abe4825a5d18df5bc32d8cc31b496a85a9e286d030340240d
deleted: sha256:8856f0a581ed39af432634c30fd09cc02ffb8b89a768b6842fd9019809fb954e
deleted: sha256:e99af942236285c1685a370f455b1114c67db3ba49a70921789ba62624946650
deleted: sha256:dfcf35c39a49ded383e93921393fa57a0f92eef107dc17eaa237f33d861658fd
deleted: sha256:7c42fc68785f05435c7d0a15ab5eba645dd51431ff85ba8c81aac71b6d7fa676
deleted: sha256:9ae10a8fb5d0419283b7d8ede59c6cb17df79c1bc0f0367ad5d5fd5f9040b9b7
deleted: sha256:8c7764429ac5850455be6b16dcbf2f3e916522ea400c90133b498701debfe3a2
deleted: sha256:8241afc74c6f5ca20c3bd7f3ddb3e5621d637ee85aaf40de440bf465b2a9984f

Total reclaimed space: 126.7MB
Building image binacle:300456076
Deleted Images:
untagged: binacle:300456076
untagged: gcr.io/istio-release/proxy_init:master-20181231-09-15
untagged: gcr.io/istio-release/proxy_init@sha256:5a9b55f0da866936b6aa1d43dec8b6598bcfb4e50c6ec6d0cff1e3c99696374f
deleted: sha256:d78d74e786f5fe72689bcc5c9893bdc479ccfe087e03f578de694d6a186af37a
deleted: sha256:585e5350c3f51eb6d149de3d8513a422bd29a2e41e359dac3f644d732ee894b5
deleted: sha256:50fef4494e3b447d15bae181e6209f60276a9c36ff80d648785a22ac6086bb3f
deleted: sha256:baa91d5cafcb502d0f19db2a075a7bcab83608916751be310ecfa6fb28ee4521
deleted: sha256:7c42fc68785f05435c7d0a15ab5eba645dd51431ff85ba8c81aac71b6d7fa676
deleted: sha256:9ae10a8fb5d0419283b7d8ede59c6cb17df79c1bc0f0367ad5d5fd5f9040b9b7
deleted: sha256:8c7764429ac5850455be6b16dcbf2f3e916522ea400c90133b498701debfe3a2
deleted: sha256:8241afc74c6f5ca20c3bd7f3ddb3e5621d637ee85aaf40de440bf465b2a9984f

Total reclaimed space: 126.7MB
Building image binacle:300456077
Deleted Images:
untagged: binacle:300456077
untagged: gcr.io/istio-release/proxy_init:master-20190101-09-15
untagged: gcr.io/istio-release/proxy_init@sha256:66196406715a2e2685f102bac3f9d35639a5f5e9c65c0411e0d7b00af1f819f1
deleted: sha256:4ceecdf319146296765fa6c3d16d74f21a7e3ed1789cc1935eddd8c64b54f089
deleted: sha256:5126c5d9e836165f6271e41968fcef7f5ae701ee7bdb8f1b72eb4ee9d7d818de
deleted: sha256:af3914012e2dde57195dcd5339806f0b5df2bc7eadcb95d59e7f831ab75b411b
deleted: sha256:1f6647ef79716003b4000c34644a0dde6d05c4bab3f2dbf2189eb24d58c59c9f
deleted: sha256:7c42fc68785f05435c7d0a15ab5eba645dd51431ff85ba8c81aac71b6d7fa676
deleted: sha256:9ae10a8fb5d0419283b7d8ede59c6cb17df79c1bc0f0367ad5d5fd5f9040b9b7
deleted: sha256:8c7764429ac5850455be6b16dcbf2f3e916522ea400c90133b498701debfe3a2
deleted: sha256:8241afc74c6f5ca20c3bd7f3ddb3e5621d637ee85aaf40de440bf465b2a9984f

Total reclaimed space: 126.7MB
Building image binacle:300456078
Deleted Images:
untagged: binacle:300456078
untagged: gcr.io/istio-release/proxy_init:master-20190102-09-15
untagged: gcr.io/istio-release/proxy_init@sha256:e70fb2bc2e54af3f186a9c68e9d02fb5efee5a301c2bb785f136ab6a99cf0efb
deleted: sha256:2b3ef047d12f6841031dd7c467966548a6ee25ae91847c4e159de10735144b3d
deleted: sha256:db416a739697ada457415125fe441f4504aa5797b6a3188eec5b5b1ee6c814ed
deleted: sha256:18045a2ac0738bdedada1dc40550178eae58daee6b539647f5c431f9438b6d2c
deleted: sha256:992129b21acd40948c7f812000f136866cb028f5ed47970c77140fe0bd2747ae
deleted: sha256:7c42fc68785f05435c7d0a15ab5eba645dd51431ff85ba8c81aac71b6d7fa676
deleted: sha256:9ae10a8fb5d0419283b7d8ede59c6cb17df79c1bc0f0367ad5d5fd5f9040b9b7
deleted: sha256:8c7764429ac5850455be6b16dcbf2f3e916522ea400c90133b498701debfe3a2
deleted: sha256:8241afc74c6f5ca20c3bd7f3ddb3e5621d637ee85aaf40de440bf465b2a9984f

Total reclaimed space: 126.7MB
Building image binacle:300456079
Deleted Images:
untagged: binacle:300456079
untagged: gcr.io/istio-release/proxy_init:master-20190103-09-15
untagged: gcr.io/istio-release/proxy_init@sha256:6c7d8bb1f20448d5473a83d490ad063b2ed33e461fa3dbed95fbcdeebfa897ae
deleted: sha256:6eaafa3efcc726867a6aa4141230d12414c4f6ac66e5a0b0a0ac098309c47ba3
deleted: sha256:7b74172a08f65671568566f6627eb0fe53fdf49739fd25110c2d1aaa46bee44e
deleted: sha256:27715915708c9a15d4cd83cd6578aa4f65a8cb706966cffb5d6b947c18b9d146
deleted: sha256:a37dd2e43497d22934b13ae23fb0a289b412fd69d0798ff86df491dfaff6a992
deleted: sha256:7c42fc68785f05435c7d0a15ab5eba645dd51431ff85ba8c81aac71b6d7fa676
deleted: sha256:9ae10a8fb5d0419283b7d8ede59c6cb17df79c1bc0f0367ad5d5fd5f9040b9b7
deleted: sha256:8c7764429ac5850455be6b16dcbf2f3e916522ea400c90133b498701debfe3a2
deleted: sha256:8241afc74c6f5ca20c3bd7f3ddb3e5621d637ee85aaf40de440bf465b2a9984f

Total reclaimed space: 126.7MB
Building image binacle:300456080
Deleted Images:
untagged: binacle:300456080
untagged: gcr.io/istio-release/proxy_init:master-20190104-09-15
untagged: gcr.io/istio-release/proxy_init@sha256:77ffe830044ec484d7525f18564a004df1e277fa15c4b78c3c880727c025d1bc
deleted: sha256:fd8ebb0a82c31b3e009e165c7043a0f288a0f76ee04399a5b260d193ebe74108
deleted: sha256:9833592ea62d1926b566f1fd760bd4fb0db3a8a574963d6e94c26f159a6c7dfc
deleted: sha256:3e95b2f73b71ef1568734ae15314c4b428489d1e8d3e7b1250365db8916133c7
deleted: sha256:523f7f4d65edbec15e325bf3f09445567d03fd246f1b2589111e43c56d79cebe
deleted: sha256:7c42fc68785f05435c7d0a15ab5eba645dd51431ff85ba8c81aac71b6d7fa676
deleted: sha256:9ae10a8fb5d0419283b7d8ede59c6cb17df79c1bc0f0367ad5d5fd5f9040b9b7
deleted: sha256:8c7764429ac5850455be6b16dcbf2f3e916522ea400c90133b498701debfe3a2
deleted: sha256:8241afc74c6f5ca20c3bd7f3ddb3e5621d637ee85aaf40de440bf465b2a9984f

Total reclaimed space: 126.7MB
Building image binacle:300456081
Deleted Images:
untagged: binacle:300456081
untagged: gcr.io/istio-release/proxy_init:master-20190105-09-15
untagged: gcr.io/istio-release/proxy_init@sha256:ac718ba594b72d51349479deae0a4fd9549fdcf52b8e14669e3915f6814e8c28
deleted: sha256:41d1de40140d044cf60aec0aaa85be0fc5ecb78994c74f350a89773218f1ce08
deleted: sha256:d0658073bf69d79860778d940a584b2c68c9a7e0bc89969cbe52ef21fbd14793
deleted: sha256:236df6f24eb2842cdb108b681663f83f4c303d9e63b013220c697a71a59a42b5
deleted: sha256:5e5927ec9a1275a1058daa4121330155c6f5789b073e726ddfc9d0cd04d0b4db
deleted: sha256:7c42fc68785f05435c7d0a15ab5eba645dd51431ff85ba8c81aac71b6d7fa676
deleted: sha256:9ae10a8fb5d0419283b7d8ede59c6cb17df79c1bc0f0367ad5d5fd5f9040b9b7
deleted: sha256:8c7764429ac5850455be6b16dcbf2f3e916522ea400c90133b498701debfe3a2
deleted: sha256:8241afc74c6f5ca20c3bd7f3ddb3e5621d637ee85aaf40de440bf465b2a9984f

Total reclaimed space: 126.7MB
Building image binacle:300456082
Deleted Images:
untagged: binacle:300456082
untagged: gcr.io/istio-release/proxy_init:master-20190106-09-15
untagged: gcr.io/istio-release/proxy_init@sha256:811712e7f8420df64df99304f9aa5ca03b60b1d8550423b3ad37648c6cf9cf0c
deleted: sha256:ae3d20dc16f97b88a9701eced1b2bba5f9a86fc27ee28bac93a6292efc5761a2
deleted: sha256:6decbc267a935e8f28fda4b84e02a401ae7fc0b3aa76f4a0d370d4c39a5216dc
deleted: sha256:4fef083ac05fe2bfcf38adc8681863b9f691d821a0c60176686043a50b3d2796
deleted: sha256:376612749b7d04ec4151a5a71a76b7419a1cb1997b3d93feca3e02726bc76751
deleted: sha256:7c42fc68785f05435c7d0a15ab5eba645dd51431ff85ba8c81aac71b6d7fa676
deleted: sha256:9ae10a8fb5d0419283b7d8ede59c6cb17df79c1bc0f0367ad5d5fd5f9040b9b7
deleted: sha256:8c7764429ac5850455be6b16dcbf2f3e916522ea400c90133b498701debfe3a2
deleted: sha256:8241afc74c6f5ca20c3bd7f3ddb3e5621d637ee85aaf40de440bf465b2a9984f

Total reclaimed space: 126.7MB
Building image binacle:300456083
Deleted Images:
untagged: binacle:300456083
untagged: gcr.io/istio-release/proxy_init:master-20190107-09-15
untagged: gcr.io/istio-release/proxy_init@sha256:6130da31d9bc0f1bbf6c88e083462708b730df5f4524f7840fb46bdddbc13a77
deleted: sha256:8a01f400d990bad919a79a1d0f634ad0235591d4d78e8540c86018d0ab9c21b9
deleted: sha256:4e27e9523a28ed408c3eb0c5c05ba6d604539798b1574d7af6c9861e125d6417
deleted: sha256:9eb47b656bc71cb83924f268bf24cef7bf7ffdc31f58fb65e5872095a7d9c6ac
deleted: sha256:ea04e2e4ca48d06aa04d136063aeaebce2318df60490c3f6156f138308e87e5a
deleted: sha256:7c42fc68785f05435c7d0a15ab5eba645dd51431ff85ba8c81aac71b6d7fa676
deleted: sha256:9ae10a8fb5d0419283b7d8ede59c6cb17df79c1bc0f0367ad5d5fd5f9040b9b7
deleted: sha256:8c7764429ac5850455be6b16dcbf2f3e916522ea400c90133b498701debfe3a2
deleted: sha256:8241afc74c6f5ca20c3bd7f3ddb3e5621d637ee85aaf40de440bf465b2a9984f

Total reclaimed space: 126.7MB
Building image binacle:300456084
Deleted Images:
untagged: binacle:300456084
untagged: gcr.io/istio-release/proxy_init:master-20190108-09-15
untagged: gcr.io/istio-release/proxy_init@sha256:63493fc528c575c7bfb15f280f2276775f30e17545dd412a648e1eb1999e7d6e
deleted: sha256:2e0a97f8c346be406096115eab36a0734e337b2505bca7e4ed0983ec30f82896
deleted: sha256:fe29ba39a4f3b5dd828153dd8cde35049c711113db604fa783cceaba1fffe16b
deleted: sha256:dfa87ea11b9553f5ef1356dd37dd55ffb5f8997920de118199b03b4b220be871
deleted: sha256:23081d91221dd3ee6b555f126c0845df65544f5ad197b1c958a10018c2ee1ae2
deleted: sha256:7c42fc68785f05435c7d0a15ab5eba645dd51431ff85ba8c81aac71b6d7fa676
deleted: sha256:9ae10a8fb5d0419283b7d8ede59c6cb17df79c1bc0f0367ad5d5fd5f9040b9b7
deleted: sha256:8c7764429ac5850455be6b16dcbf2f3e916522ea400c90133b498701debfe3a2
deleted: sha256:8241afc74c6f5ca20c3bd7f3ddb3e5621d637ee85aaf40de440bf465b2a9984f

Total reclaimed space: 126.7MB
Building image binacle:300456085
Deleted Images:
untagged: binacle:300456085
untagged: gcr.io/istio-release/proxy_init:master-20190109-09-15
untagged: gcr.io/istio-release/proxy_init@sha256:8db1523f5fba9348b42ac3ac82d797b2887587d1e05e506d79651b02d2f1940e
deleted: sha256:cc55caef4da2df698962d9ee6ff59b30499db1449624e0cac3a2e694ed0aa3db
deleted: sha256:a228dba63c3aac6a7070b9994f3402cf31a01c9f082c01796c83be0de7f6e199
deleted: sha256:61cf8a7ad299956591d8fe5c72f687325d0b57f9d4584c25a33036a38dc9bfaf
deleted: sha256:62cca8fb84d9f53ea8c1e013b6e6a4137f340248d3e08b4d224ef218c85cf7f6
deleted: sha256:7c42fc68785f05435c7d0a15ab5eba645dd51431ff85ba8c81aac71b6d7fa676
deleted: sha256:9ae10a8fb5d0419283b7d8ede59c6cb17df79c1bc0f0367ad5d5fd5f9040b9b7
deleted: sha256:8c7764429ac5850455be6b16dcbf2f3e916522ea400c90133b498701debfe3a2
deleted: sha256:8241afc74c6f5ca20c3bd7f3ddb3e5621d637ee85aaf40de440bf465b2a9984f

Total reclaimed space: 126.7MB
Building image binacle:300456086
Deleted Images:
untagged: binacle:300456086
untagged: gcr.io/istio-release/proxy_init:master-20190110-09-15
untagged: gcr.io/istio-release/proxy_init@sha256:3c9db6c7bcb08cc37e8c1fa4146eb2e4a35855ab86a1913a68f3c3339464376c
deleted: sha256:7135768f2b510534f449c5ad00d81d27a492bb4c638a6bf2a48956ee164d4555
deleted: sha256:8153dceb3489fcfd40747ba9b2f27deaf8a40162fa879d77006f026d31138481
deleted: sha256:fedeaa89b664fadd783ab04543b193d92f58017e72ebcec0e1d4937aafce6409
deleted: sha256:3d53f7ab0b1e199a55d47a7c5ffb7bdb83f4ae7058adc34b5fc0d862919d26d8
deleted: sha256:7c42fc68785f05435c7d0a15ab5eba645dd51431ff85ba8c81aac71b6d7fa676
deleted: sha256:9ae10a8fb5d0419283b7d8ede59c6cb17df79c1bc0f0367ad5d5fd5f9040b9b7
deleted: sha256:8c7764429ac5850455be6b16dcbf2f3e916522ea400c90133b498701debfe3a2
deleted: sha256:8241afc74c6f5ca20c3bd7f3ddb3e5621d637ee85aaf40de440bf465b2a9984f

Total reclaimed space: 126.7MB
Building image binacle:300456087
Deleted Images:
untagged: binacle:300456087
untagged: gcr.io/istio-release/proxy_init:master-20190111-09-15
untagged: gcr.io/istio-release/proxy_init@sha256:fa617562d040efc7a342c179b96afef1943ae0bac9406d8dc0c4fc4e796ab64e
deleted: sha256:da9ec313fb709ce349d81f9370bda80f26c1cfde88bc3632a25a4099f1130ce5
deleted: sha256:4e0a0379728d11b633d83482920448224ccf902e7c9f6e6002e913e36e97c8ef
deleted: sha256:0785e2d236be7d9a2aaf3b3f33e00c8e1724ab5b8229263b91404046a33450a2
deleted: sha256:3b5fb6914252d92c8939ffe9d24c017b72e55e47a2c272c50eecf547e46c0b77
deleted: sha256:7c42fc68785f05435c7d0a15ab5eba645dd51431ff85ba8c81aac71b6d7fa676
deleted: sha256:9ae10a8fb5d0419283b7d8ede59c6cb17df79c1bc0f0367ad5d5fd5f9040b9b7
deleted: sha256:8c7764429ac5850455be6b16dcbf2f3e916522ea400c90133b498701debfe3a2
deleted: sha256:8241afc74c6f5ca20c3bd7f3ddb3e5621d637ee85aaf40de440bf465b2a9984f

Total reclaimed space: 145.2MB
Building image binacle:300456088
Deleted Images:
untagged: binacle:300456088
untagged: gcr.io/istio-release/proxy_init:master-20190112-09-15
untagged: gcr.io/istio-release/proxy_init@sha256:3aa898beb32e22e0b49ce97006895038173c6f88ba0c053e8877c918a11676a3
deleted: sha256:dba0830583e38416f5fb546a6cfd19e070608fc2ddeab27b14cfe0d35de8ac34
deleted: sha256:8ab95c660642e8824bcac7442b7928c8bb05d0e480c235e7aa570e23270cdb43
deleted: sha256:2cc39233efbe3e1a8de3ee750a32e78043a984a46b241ebf0a885e1f9e0846b0
deleted: sha256:691990bcf737fb923a4c566936639987216d697c72a2cf96854780a5cd3b8b6c
deleted: sha256:7c42fc68785f05435c7d0a15ab5eba645dd51431ff85ba8c81aac71b6d7fa676
deleted: sha256:9ae10a8fb5d0419283b7d8ede59c6cb17df79c1bc0f0367ad5d5fd5f9040b9b7
deleted: sha256:8c7764429ac5850455be6b16dcbf2f3e916522ea400c90133b498701debfe3a2
deleted: sha256:8241afc74c6f5ca20c3bd7f3ddb3e5621d637ee85aaf40de440bf465b2a9984f

Total reclaimed space: 145.2MB
Building image binacle:300456089
Deleted Images:
untagged: binacle:300456089
untagged: gcr.io/istio-release/proxy_init:master-20190113-09-15
untagged: gcr.io/istio-release/proxy_init@sha256:d48fa6eb2c2ae31e2212b9eac2b7789ea8e3ed06bbef144f3ad234e0b200cf62
deleted: sha256:07523ba7bfe029d84249c6cacf309aa6c5f4f8c1423f9e89e07bd8573914e16b
deleted: sha256:82004b955fd8d1f0ef7deabec903bea86dfab41e209566d6515bc7de81bea64e
deleted: sha256:0bd5ff517a2f117fe1ee2a4027a76daed8666abe40e4c6f70df8ac39ebc20e43
deleted: sha256:5ee2b79b2025ef78b8de899e701b588def2869b8c370eb126a2bbfde6cc3576b
deleted: sha256:7c42fc68785f05435c7d0a15ab5eba645dd51431ff85ba8c81aac71b6d7fa676
deleted: sha256:9ae10a8fb5d0419283b7d8ede59c6cb17df79c1bc0f0367ad5d5fd5f9040b9b7
deleted: sha256:8c7764429ac5850455be6b16dcbf2f3e916522ea400c90133b498701debfe3a2
deleted: sha256:8241afc74c6f5ca20c3bd7f3ddb3e5621d637ee85aaf40de440bf465b2a9984f

Total reclaimed space: 145.2MB
Building image binacle:300456090
Deleted Images:
untagged: binacle:300456090
untagged: gcr.io/istio-release/proxy_init:master-20190114-09-15
untagged: gcr.io/istio-release/proxy_init@sha256:5e13e969752a58382e1f839f84395e4a71805a28cec2f3ee6378399d085d5c3f
deleted: sha256:ac666be126fdf5fdc51792aa03fcc116fb55b07d05a88801dcfb1029cd2d178f
deleted: sha256:a5c82dc34d43e891e96dfb9db6b063b8cf6ad78798928f1ab06dc3c688d9ccbc
deleted: sha256:9b471a96683bbcbe4092301324f8b04f660c9e8dcedc69021d91d8803ab553d2
deleted: sha256:3951946d8f6a57ec46dd4ac6193f7b6fb661682c1414507890043fb7f9405f1f
deleted: sha256:7c42fc68785f05435c7d0a15ab5eba645dd51431ff85ba8c81aac71b6d7fa676
deleted: sha256:9ae10a8fb5d0419283b7d8ede59c6cb17df79c1bc0f0367ad5d5fd5f9040b9b7
deleted: sha256:8c7764429ac5850455be6b16dcbf2f3e916522ea400c90133b498701debfe3a2
deleted: sha256:8241afc74c6f5ca20c3bd7f3ddb3e5621d637ee85aaf40de440bf465b2a9984f

Total reclaimed space: 145.2MB
Building image binacle:300456091
Deleted Images:
untagged: binacle:300456091
untagged: gcr.io/istio-release/proxy_init:master-20190115-09-15
untagged: gcr.io/istio-release/proxy_init@sha256:712c729dc3902fd0b0174f8fe7c648fa22eabab1112491918f9179c29617c36a
deleted: sha256:2f911fac0f47c854ffe04d4eb3610e7c54afed75f82c949a9e1b505a3fbc1271
deleted: sha256:18fbd0f35542010360852ffaf614101f644b3c8efff76c75d2e1befa2d70a5e6
deleted: sha256:835209a9ee1d97f01c58616fda1b7999fdfd2399781b8312e5c9e5e0122cb779
deleted: sha256:f6f41237ac62ccbafd0503e496f85a2ce653b8aef84fbf6d2ce081ba8b0cd02f
deleted: sha256:7c42fc68785f05435c7d0a15ab5eba645dd51431ff85ba8c81aac71b6d7fa676
deleted: sha256:9ae10a8fb5d0419283b7d8ede59c6cb17df79c1bc0f0367ad5d5fd5f9040b9b7
deleted: sha256:8c7764429ac5850455be6b16dcbf2f3e916522ea400c90133b498701debfe3a2
deleted: sha256:8241afc74c6f5ca20c3bd7f3ddb3e5621d637ee85aaf40de440bf465b2a9984f

Total reclaimed space: 145.2MB
Building image binacle:252765883
Deleted Images:
untagged: fedora:latest
untagged: fedora@sha256:ee55117b3058f2f12961184fae4b9c392586e400487626c6bd0d15b4eae94ecc
untagged: binacle:252765883
deleted: sha256:9b4995cdc8b8ad90020b410c378c45cbf9258ccb6149852d598619489fabb758
deleted: sha256:59f8c922ab2286dad7e924cdd1d82116859ae7b2e1648240e8b7f9e3517c24b8
deleted: sha256:fbf073e835ebaea0ed66edf68474a5401fcf163b865b872929bbd7602539b03d
deleted: sha256:2288f291726e20f58610050b7fe69ab757aaa92c45458b86f24a2cf76a7fbad3
deleted: sha256:d46774a184137c5ebdf2666d7cdfd726f1613bfb0a6514bb5bb122ed878dc50d
deleted: sha256:adfbfa4a115a799771d3060d0aa213584c91e549187da4fb0036240294ca4a8f
deleted: sha256:3b53a1a1ef4a56c8148e562801ca7cf92c2e4d342c1bbb8ccd6f0810bebd5628

Total reclaimed space: 192MB
Building image binacle:252765935
Deleted Images:
untagged: binacle:252765935
deleted: sha256:7731a27796049bde2142f97cf224355827cf72764804f99a0d1b049de16418ec
deleted: sha256:8538d2e7789c9fc88ad18a687c60557270c9a3f74d98914d69c005e9b19ebcdd
untagged: 5003/centos-ansible-ci:builder
untagged: 5003/centos-ansible-ci@sha256:a061390d233d8c05794c7c33c86af63a4a6418bf1ed8e49ae20a160337d0852b
deleted: sha256:4fce8efe8991aca8ccf66e7e85f315a4f7494b5f158de1f2e131c14303c59d90
deleted: sha256:1b072c675f35f3d6d31f9b1208dd3263749a472e3454a05bbbf5621d49e584fc
deleted: sha256:9977ad0cfc2ec765b90daae26273c7b805ba2316e05700de661d2192934b7619
deleted: sha256:b974dc3baf15263b398a7b5aaaa3b03793da8365c7d09f116697a197ca6ea508
deleted: sha256:c4af1604d3f212b9d0621ee90ff3ee5706b3c3a176ad5bc72274f632924bcd41

Total reclaimed space: 313.1MB
Building image binacle:252767780
Deleted Images:
untagged: binacle:252767780
deleted: sha256:e7fdaf6f814b7fdd208a6cda260a6b4c79462da09c0cab84df2b8a06f2787130
untagged: gcr.io/google-containers/kube-ui:v3
untagged: gcr.io/google-containers/kube-ui@sha256:3596cf6ab099573d95304baa126328929f1ad009fd0ac4e7bd6787d582152980
deleted: sha256:19e56de9d86495e3cbcc70a4438dcfc540bb461f81e90ef6494f57e2250ad27d
deleted: sha256:d34d6f8185ebd76cc395fe3166ca28669d0d06d33050efd0898374b94929482e
deleted: sha256:32395bd447d90d05b453ee41c4d5a39f4aceebea53d41d1dba3d0b2607bd6e21
deleted: sha256:11a9c4866eb6ef5f968ea5f5a5d5fc40fa95d99ffd813c21c502e857cc08c793
deleted: sha256:5f70bf18a086007016e948b04aed3b82103a36bea41755b6cddfaf10ace3c6ef

Total reclaimed space: 5.677MB
Building image binacle:252768691
Deleted Images:
untagged: binacle:252768691
deleted: sha256:ff48d634ff4f97173ee2239ee5eb50b02dac17f153183b59de8cec2d764e29cb
deleted: sha256:2abd1cf379c5462b4a2f269febb212500846a79d404d824461d690b769fb39e7
deleted: sha256:fc498d0b62d99ed5149505564b125abdf4bf6e6c65cb17cf8b902baa0b686d4f
untagged: ubuntu:latest
untagged: ubuntu@sha256:747d2dbbaaee995098c9792d99bd333c6783ce56150d1b11e333bbceed5c54d7
deleted: sha256:1d622ef86b138c7e96d4f797bf5e4baca3249f030c575b9337638594f2b63f01
deleted: sha256:279e836b58d9996b5715e82a97b024563f2b175e86a53176846684f0717661c3
deleted: sha256:39865913f677c50ea236b68d81560d8fefe491661ce6e668fd331b4b680b1d47
deleted: sha256:cac81188485e011e56459f1d9fc9936625a1b62cacdb4fcd3526e5f32e280387
deleted: sha256:7789f1a3d4e9258fbe5469a8d657deb6aba168d86967063e9b80ac3e1154333f

Total reclaimed space: 73.85MB
Building image binacle:252769185
Deleted Images:
untagged: resin/raspberry-pi-node:onbuild
untagged: resin/raspberry-pi-node@sha256:fcdf0936b7a744dda4467f6381f1dd23b536443d555a4fe98765ad1a73d904b6
deleted: sha256:9009a1a125e0f972e11049d89d267856ced5c949366060eec2e300a25885c44e
deleted: sha256:2971cc2a2a05ce891d04eef0e892e72734857f0799e737ceee05bd85930af6d7
deleted: sha256:1001b924991030fa71032cb19e4393aec72395f7d8ecf025376bc84d9ddaad39
deleted: sha256:179855c3f589640936e1758e9465415dc358a664f71ef74978d01a7fa41cc912
deleted: sha256:5d1c6a29a5ed1b8da2a4b4da678a0716094b370a2c03fa305ee0eb9e1225677f
deleted: sha256:5604fce39e5b334d44398631c4a3fed082ea7c59fae834662766caf469e51c3f
deleted: sha256:5bcad45eeeb614df0fac300abbff80a01f203e8f77d388bd6a2d53d88fde3379
deleted: sha256:28af5a0217074c954c3c88f37c6a57c090f5168258d03237cd45a0d36fcf91c0
deleted: sha256:7c51f8c9b1b05f413b108a149393891909f5044c183c31d4b722621e4c9f9d1b
deleted: sha256:ecbe1c5ddd44e607a93670bd3fa6854138152dc58a52f80376627771aca50f9a
deleted: sha256:44ae6398892cd710f0abc63b42f1c8711ee9129846f0bfcdfdb996a61d2e95f9
deleted: sha256:7c16eb51667bb20a9f48ce12192f100263b2375c613aea2a035808cc33f04138
deleted: sha256:11eb05a50e1731dae50e5912df9189a67ec8ba5ff41d61d9d0128385cd1dfcda
deleted: sha256:8c0875ee939890b9df829bb135fd9a09d1fdcf1e62198231fafeb82bc7d69be0
deleted: sha256:27a1f50d435779164512e272b0790f3bbc79a3774cad00516361ff62fc26823a
deleted: sha256:053d202b3bcc0cbe6705268d5569f20504a2824017f2f0195aedb0e2eb2e487c
deleted: sha256:beea7b6d197ddf3489a7cdd08500cb69f5003862961a4007c08780579f0f72a0

Total reclaimed space: 519.6MB
Building image binacle:252769397
Deleted Containers:
f175e0469ac2a49369bd6952c4257564d6dd70a4de73f61f38d40f161d172927

Deleted Images:
untagged: maven:onbuild
untagged: maven@sha256:ec10d1dc6b985d9c6557aa0ebc2b5e2489d1f35257b820bb8df89dea33dbcaac
deleted: sha256:6fb35802a07e77c02e46299231167b1a8594684ceff9d06a3daffd5afb175e9e
deleted: sha256:65a145d35c28ee07113188f2bdf685724a8f0e45639091a420752ac77b39d9b5
deleted: sha256:a87f2546370f7dae53093ad381cb3617d18424eb4d1d9abb0cc66d8fd32da158
deleted: sha256:3bb3e05dd6d19c46db0b5ce6e847ec86d8be05f8eebf45c930c90250f49f755c
deleted: sha256:4c88e802379686a6949ed23bdd7708718e2c15a47d43c3e13444dd77e9395251
deleted: sha256:b2e4904e3091f7eaa723666cf8f3aa70359c8e1437e2b0ddcaeabae40bd6ce45
deleted: sha256:9d396b534c534201135efae975aa63e44dca006fa039d88b544ce2e9de7a815b
deleted: sha256:8106bdd85b1be036d6a2d6c782418f7a0ac9eec83f4d1942dfe48a8f98aa3d5d
deleted: sha256:5c6c8df0087cc1d999c931bf210ae0cdb6306f03fa351fddd78dbcca4255487e
deleted: sha256:e8e940ca6db851ca7e748db19dfb781f0362868d1e11cc101f18b0574a26fd1b
deleted: sha256:df05391f5622d15acd6607b636d0a1d1ec8d6a1def2cb11ff25b64d9d1d6f7d0
deleted: sha256:4dde82a9382c1ee1bd7c08ac85fd3a1fc9cd2bc7603c654f3fa47845f293a33c
deleted: sha256:e6334339ca0fe18529e8ebae8a0e8d3c8cb2c43f45a525ca582b2c452dd18e22
deleted: sha256:b625071c6c1618e396e2985a37c0302917c5d1004ee276c032a03642c99c5c8d
deleted: sha256:10fe56cc338ddcf34cf8e29efd0512d076b3e5f1df99775a230c78b49a4eae68
deleted: sha256:8d4d1ab5ff74fc361fb74212fff3b6dc1e6c16d1e1f0e8b44f9a9112b00b564f

Total reclaimed space: 620MB
Building image binacle:252769667
Deleted Images:
untagged: python:onbuild
untagged: python@sha256:76df62c122c910751d8cd3101f8e3da39efd4ee828686b7ff0b5a5b1d967553f
deleted: sha256:292ed8dee3664a2d90502885d91d488ca82fe9ca0b075909c292a9ea0de31cb8
deleted: sha256:381a7f8f7b05d0ecb63b7c575eb940b32e999ee0aa9c999ee9eeea2f76401f69
deleted: sha256:0be52bd7ededce7f6183690411d4617992b656e4a0e033793ec86855166c1344
deleted: sha256:06f39a9ee865a979626e1eef40f6457901b3ca76a81e94a8fdb6461644d00f29
deleted: sha256:80db0fd62cb4e3c138e3ed82b8fb192e47e610b4ee8638f35c4262c337afd371
deleted: sha256:a7942f17569807cd168967e82320e6fda6dfd24ec558f485b9c078c1a46285d2
deleted: sha256:b0ef53dc654b908ed521f0da96fc47080b3376561cb3a79b185dad0a05cc6bca
deleted: sha256:f2e0243e3d44950d9fff6ad86ed31c060632c06d740b81cd5efa44a0222f77ac
deleted: sha256:ee641b38d74145db6600b6bdded7664865d1738c704f2b503454fecfae9ce12f
deleted: sha256:1618a71a1198ec75e6bb3b664e5a6f1da9037f96d912f06448c4679cbacbb280

Total reclaimed space: 690.5MB
Building image binacle:252770156
Total reclaimed space: 0B
Building image binacle:252774181
Deleted Images:
untagged: nginx:mainline-alpine
untagged: nginx@sha256:763e7f0188e378fef0c761854552c70bbd817555dc4de029681a2e972e25e30e
deleted: sha256:89ec9da682137d6b18ab8244ca263b6771067f251562f884c7510c8f1e5ac910
deleted: sha256:2d4747dc369095d2106384421de7e79992c14e3031080b93a436b5ad6e359770
deleted: sha256:3e207b409db364b595ba862cdc12be96dcdad8e36c59a03b7b3b61c946a5741a

Total reclaimed space: 19.94MB
Building image binacle:252774660
Deleted Images:
untagged: nginx:mainline-alpine
untagged: nginx@sha256:763e7f0188e378fef0c761854552c70bbd817555dc4de029681a2e972e25e30e
deleted: sha256:89ec9da682137d6b18ab8244ca263b6771067f251562f884c7510c8f1e5ac910
deleted: sha256:2d4747dc369095d2106384421de7e79992c14e3031080b93a436b5ad6e359770
deleted: sha256:3e207b409db364b595ba862cdc12be96dcdad8e36c59a03b7b3b61c946a5741a

Total reclaimed space: 19.94MB
Building image binacle:252777597
Deleted Images:
untagged: python:3-onbuild
untagged: python@sha256:76df62c122c910751d8cd3101f8e3da39efd4ee828686b7ff0b5a5b1d967553f
deleted: sha256:292ed8dee3664a2d90502885d91d488ca82fe9ca0b075909c292a9ea0de31cb8
deleted: sha256:381a7f8f7b05d0ecb63b7c575eb940b32e999ee0aa9c999ee9eeea2f76401f69
deleted: sha256:0be52bd7ededce7f6183690411d4617992b656e4a0e033793ec86855166c1344
deleted: sha256:06f39a9ee865a979626e1eef40f6457901b3ca76a81e94a8fdb6461644d00f29
deleted: sha256:80db0fd62cb4e3c138e3ed82b8fb192e47e610b4ee8638f35c4262c337afd371
deleted: sha256:a7942f17569807cd168967e82320e6fda6dfd24ec558f485b9c078c1a46285d2
deleted: sha256:b0ef53dc654b908ed521f0da96fc47080b3376561cb3a79b185dad0a05cc6bca
deleted: sha256:f2e0243e3d44950d9fff6ad86ed31c060632c06d740b81cd5efa44a0222f77ac
deleted: sha256:ee641b38d74145db6600b6bdded7664865d1738c704f2b503454fecfae9ce12f
deleted: sha256:1618a71a1198ec75e6bb3b664e5a6f1da9037f96d912f06448c4679cbacbb280

Total reclaimed space: 690.5MB
Building image binacle:252778417
Deleted Images:
untagged: binacle:252778417
untagged: gcr.io/google-containers/nginx-ingress-controller:0.9.0-beta.15
untagged: gcr.io/google-containers/nginx-ingress-controller@sha256:1c64bc6dfb7ddbe4a0a9fce7f5c521aa13e7836c3b90601897b763add8494a41
deleted: sha256:6a918bb54e6d3bf8f9a1bd9ef00c7d6ba261659f7171df3543dfb414e18f9711
deleted: sha256:4836b05c1758b470bc8fd5617c92fa21b165c245a492f4a7d89e703725687c22
deleted: sha256:7d435d281166e7a65eed30740004c8598e56cc7a6fe930cd3823ee5dd55c678a
deleted: sha256:00aec4d77e4bd1bd855afb7159640d393be767157234d3c08d3fc0a921129a1a
deleted: sha256:97cec29795f8128e4f4cd08b23e64b7454660cfa9b8ffa14a596e2f39849e2ff
deleted: sha256:696cdc14b9b7de0cf95230402ba88e582d8fe9f8d35f140b4e8ae5ef3715663d
deleted: sha256:6fc7508efd633bb5ed6bb715923a56f31216dd9619e784d117071d082dbbb625
deleted: sha256:d4f3173bd21482eea0c4ed4daa39e374705a426e6f885a81004b0c624ee43c27
deleted: sha256:1e0a42ab847535b9aca5c8105e75da1b2b300e823342a7c9f4f3b295b823848b

Total reclaimed space: 162.1MB
Building image binacle:252778997
Deleted Images:
untagged: binacle:252778997
deleted: sha256:b103bfc5f80bae681874426ab65b597d0827f487743c732a7e8e08030a720bfc
deleted: sha256:5a5c65e4998c0a862ecd4c7737bab0a5a1526081af889ba35f1a1a1ca8bfa90c
deleted: sha256:675daf04ce08ba24c25c1473b8f63583cecd2edb4ee1b64c5956bd7c11f21b56
deleted: sha256:00c3e20fa4afd869c6fb79cfc046c81088256535ae4f9c9594cf19086cc24d38
deleted: sha256:2b0a27d71d6a22057eb8b8f3c502849936c48bcc9f6952bf1651d72da1b819e6
untagged: node:latest
untagged: node@sha256:3caf3c763f517cb3208b6022ef517a5357002613a1ff07f1efbdb806945ce25e
deleted: sha256:91a3cf7931161fabc892aa4be082fffc7413234f2cc17e5040a00755f3340464
deleted: sha256:1564be83c240cb8228c2e641b4408ef9c348c425e3b634475cc5320f5a5484b3
deleted: sha256:24dd51b2d19de33bae0dc6b4618c9aa975b10d28532a78d8881271213a31f334
deleted: sha256:2462493f15c35ad2de6e8ea904f6275bc58c87ee631a11acbf36e76e01470528
deleted: sha256:e534dafe1f28cf8f1e232f42b859952ec8e6f33f5879d827026a359b246d6b68
deleted: sha256:62f5c35d443447fd47185cbaed3f00b2bf9dca259bba53b6413b4325d10f91b2
deleted: sha256:3c6af0ead9fd31346c4516830a566e03773a0d0b222019e638f2d5e3fae11095
deleted: sha256:3d5539c98cca2360dde101b06275cccf347e883672c52a15fad6add7465bbe95
deleted: sha256:89a9919934e9f25103f55d76901d195eefba7b4a13c69f0ba8f8ea6c141328c3
deleted: sha256:6885f9305c0a43120670ef1dd5fead6400406e48945e00117bf3a0825841c8fd

Total reclaimed space: 941.6MB
Building image binacle:252779256
Deleted Images:
untagged: haproxy:1.7
untagged: haproxy@sha256:28dc8a6a3ff25a3579a5403bb91ca70409b44cb1f48fa119f02645b075035fd2
deleted: sha256:6f26ab363ba8423d7536d01c4f897a7505bf756ced7283aea4e1b89a4e303d6f
deleted: sha256:bde0ec6c988e46ccfe0070ec80d046d8d17f09cedc4409172878a98683705e5e
deleted: sha256:66fbeeeee022a642ea3a796adb5c415d7662083ef1f16cdd9744e0a0b644cc45
deleted: sha256:ffc9b21953f4cd7956cdf532a5db04ff0a2daa7475ad796f1bad58cfbaf77a07

Total reclaimed space: 82.83MB
Building image binacle:252780398
Deleted Images:
untagged: nginx:latest
untagged: nginx@sha256:30dfa439718a17baafefadf16c5e7c9d0a1cde97b4fd84f63b69e13513be7097
deleted: sha256:9beeba249f3ee158d3e495a6ac25c5667ae2de8a43ac2a8bfd2bf687a58c06c9
deleted: sha256:8fb6373b4cca3383756d7fd7843dd92f95827e5f2913609e09a9621dcddb3752
deleted: sha256:8b09841626797a03a9fe5e73aa38aeacf9ff0ce85a3004236ff35234eec3b35c
deleted: sha256:ffc9b21953f4cd7956cdf532a5db04ff0a2daa7475ad796f1bad58cfbaf77a07

Total reclaimed space: 126.8MB
Building image binacle:252780930
Deleted Images:
untagged: golang:latest
untagged: golang@sha256:1e36f8e9ac49d5ee6d72e969382a698614551a59f4533d5d61590e3deeb543a7
untagged: binacle:252780930
deleted: sha256:8020d50e5908d227411c9899a890b7d8053978d7cb073dc4d416da9c625a5907
deleted: sha256:ef246ac467fc6b0aa9cb479fa5c22c13666a5ecfd167cf2a214077cd22d700f6
deleted: sha256:7e5e8028e8ecb43c45b9928ab4561de171b28b9a8add11e575405133e4f408e5
deleted: sha256:f9189e6500d2f0410d290118af68a7e17333925deee0eaff708434981064507d
deleted: sha256:d0f524c544c971f4762d369fba5b5988475f198fe472a4c13a21b3905581dcc4
deleted: sha256:dfd8014535e84fa86adddb8420b49451debf042bcac8c97d92af0a0bc22162b4
deleted: sha256:46bda2416b975eee972900e8486e50872fbc4095709aa8aa1324d9077a639630
deleted: sha256:1fc7bb5a62c4ac543887d7b1debaab65406341fb7d342eb2265fdc1f7e6152a4
deleted: sha256:59c366baf28249e406a6021daba98a361b862b68c44d8a63f047d183b34db963
deleted: sha256:8c02234b86056c009036ff0c31efb9a726412392d9872dacf95103767ac3b101

Total reclaimed space: 837.6MB
Building image binacle:252782517
Deleted Images:
untagged: binacle:252782517
deleted: sha256:a761c5df3c86295c9888f3c59e9ebe6c57d8ce01da8409c658b2a9bf6517d676
deleted: sha256:30a5defa7b979c68d6902994b752ab43e178acad956bb083d551f7a271e528ef
deleted: sha256:35c64116c5245f91b1f3ed0234dd4f0744b92299c27e5bbc7b20d829842a9805
deleted: sha256:c30dd8e0408ca2f86b3d70c151fd717aaedd34db9baca05430a0cf54f503db40

Total reclaimed space: 72B
Building image binacle:252782711
Deleted Images:
untagged: golang:latest
untagged: golang@sha256:1e36f8e9ac49d5ee6d72e969382a698614551a59f4533d5d61590e3deeb543a7
deleted: sha256:7e5e8028e8ecb43c45b9928ab4561de171b28b9a8add11e575405133e4f408e5
deleted: sha256:f9189e6500d2f0410d290118af68a7e17333925deee0eaff708434981064507d
deleted: sha256:d0f524c544c971f4762d369fba5b5988475f198fe472a4c13a21b3905581dcc4
deleted: sha256:dfd8014535e84fa86adddb8420b49451debf042bcac8c97d92af0a0bc22162b4
deleted: sha256:46bda2416b975eee972900e8486e50872fbc4095709aa8aa1324d9077a639630
deleted: sha256:1fc7bb5a62c4ac543887d7b1debaab65406341fb7d342eb2265fdc1f7e6152a4
deleted: sha256:59c366baf28249e406a6021daba98a361b862b68c44d8a63f047d183b34db963
deleted: sha256:8c02234b86056c009036ff0c31efb9a726412392d9872dacf95103767ac3b101

Total reclaimed space: 809.6MB
Building image binacle:252784566
Deleted Images:
untagged: nginx:mainline-alpine
untagged: nginx@sha256:763e7f0188e378fef0c761854552c70bbd817555dc4de029681a2e972e25e30e
deleted: sha256:89ec9da682137d6b18ab8244ca263b6771067f251562f884c7510c8f1e5ac910
deleted: sha256:2d4747dc369095d2106384421de7e79992c14e3031080b93a436b5ad6e359770
deleted: sha256:3e207b409db364b595ba862cdc12be96dcdad8e36c59a03b7b3b61c946a5741a

Total reclaimed space: 19.94MB
Building image binacle:252785401
Deleted Images:
untagged: nginx:mainline-alpine
untagged: nginx@sha256:763e7f0188e378fef0c761854552c70bbd817555dc4de029681a2e972e25e30e
deleted: sha256:89ec9da682137d6b18ab8244ca263b6771067f251562f884c7510c8f1e5ac910
deleted: sha256:2d4747dc369095d2106384421de7e79992c14e3031080b93a436b5ad6e359770
deleted: sha256:3e207b409db364b595ba862cdc12be96dcdad8e36c59a03b7b3b61c946a5741a

Total reclaimed space: 19.94MB
Building image binacle:252786116
Deleted Images:
untagged: busybox:latest
untagged: busybox@sha256:836945da1f3afe2cfff376d379852bbb82e0237cb2925d53a13f53d6e8a8c48c
untagged: binacle:252786116
deleted: sha256:58c0d8643282a4bb2772fd0837ed4a2f92a7827b5f06aaa37a21ece8ac9f6113
deleted: sha256:bda938c8bd39f86c69eb984ce995b817e44eebfe6c5bd3fa19d22fd588fa587e
deleted: sha256:78096d0a54788961ca68393e5f8038704b97d8af374249dc5c8faec1b8045e42
deleted: sha256:1079c30efc82c9ad970f01c9a732115b34156fcfd77daf69d65e914bb1de8196

Total reclaimed space: 10.74GB
Building image binacle:252787133
Deleted Images:
untagged: python:3-onbuild
untagged: python@sha256:76df62c122c910751d8cd3101f8e3da39efd4ee828686b7ff0b5a5b1d967553f
deleted: sha256:292ed8dee3664a2d90502885d91d488ca82fe9ca0b075909c292a9ea0de31cb8
deleted: sha256:381a7f8f7b05d0ecb63b7c575eb940b32e999ee0aa9c999ee9eeea2f76401f69
deleted: sha256:0be52bd7ededce7f6183690411d4617992b656e4a0e033793ec86855166c1344
deleted: sha256:06f39a9ee865a979626e1eef40f6457901b3ca76a81e94a8fdb6461644d00f29
deleted: sha256:80db0fd62cb4e3c138e3ed82b8fb192e47e610b4ee8638f35c4262c337afd371
deleted: sha256:a7942f17569807cd168967e82320e6fda6dfd24ec558f485b9c078c1a46285d2
deleted: sha256:b0ef53dc654b908ed521f0da96fc47080b3376561cb3a79b185dad0a05cc6bca
deleted: sha256:f2e0243e3d44950d9fff6ad86ed31c060632c06d740b81cd5efa44a0222f77ac
deleted: sha256:ee641b38d74145db6600b6bdded7664865d1738c704f2b503454fecfae9ce12f
deleted: sha256:1618a71a1198ec75e6bb3b664e5a6f1da9037f96d912f06448c4679cbacbb280

Total reclaimed space: 690.5MB
Building image binacle:252789468
Total reclaimed space: 0B
Building image binacle:252797452
Deleted Images:
untagged: nginx:mainline-alpine
untagged: nginx@sha256:763e7f0188e378fef0c761854552c70bbd817555dc4de029681a2e972e25e30e
deleted: sha256:89ec9da682137d6b18ab8244ca263b6771067f251562f884c7510c8f1e5ac910
deleted: sha256:2d4747dc369095d2106384421de7e79992c14e3031080b93a436b5ad6e359770
deleted: sha256:3e207b409db364b595ba862cdc12be96dcdad8e36c59a03b7b3b61c946a5741a

Total reclaimed space: 19.94MB
Building image binacle:252799770
Deleted Images:
untagged: gcr.io/google_containers/exechealthz:1.0
untagged: gcr.io/google_containers/exechealthz@sha256:ad5b6a74cc08db2b9ac0dffd3d49001e8ebd792797141165fbe939d9fededa9e
untagged: binacle:252799770
deleted: sha256:8415f0f8b646fcc73f2bd184fdfb9aba1f173a17ce6064c5e746f1ed01c3784f
deleted: sha256:82a141f5d06d2136e324e44e90225c672509d6c453b6a96911d3a5b880a9e013
deleted: sha256:80de916f55e70382d582400c431407f5bcacfb930882a6b34102ed9ec4946551
deleted: sha256:13637abffd75e5189349a8f330be885606658c29cdd165a93b1c2fd69d4af548
deleted: sha256:9d3910bffe06f6d8f5daad4e8e9fb8b6b34b18f74d7eb8714b35b75411458cc0
deleted: sha256:ee30f74999e119eec175da207ef01a34d6aca85e1a6a7d792088202e73135157
deleted: sha256:a3aeefae0d4b8f61fac9d341713675479f2b28319bd9a2c31b366de1e9efcee0
deleted: sha256:16a7ebd378002f1261dfb5e21cc22d9473aaac7e06a1cd4ff4e26cfd75432e8f

Total reclaimed space: 7.116MB
Building image binacle:252799772
Deleted Images:
untagged: gcr.io/google_containers/heapster:v1.0.2
untagged: gcr.io/google_containers/heapster@sha256:0346e9a67f5168763de12dc611e646ad547302e6639be47104ff4728dac62a3f
untagged: binacle:252799772
deleted: sha256:8cd06e4ef092194e8dd0a3277c55ad9590582549070a29cdbd37aea6dac6b016
deleted: sha256:b29cc0f09ac334a8ef6463b0eb6b6a3e2566263bbb9d6acaca5395e894381475
deleted: sha256:4aac7c67c8e6ade6e5be02f0bf01aa476d1feebe020c93f53c239c93eb8ad782
deleted: sha256:87249ef3fb5f1b822739a818dd4d7456894c4a5e440383def1c0b43507bb654d
deleted: sha256:b8d957b3b007fde4d1b266458fea724628fc485a3710982f4ac13de36076ee2c
deleted: sha256:3f7524dc70750c3a08b76e099b2baede1e02edd4cabc66c015859baba6ef0d78
deleted: sha256:408acc19afd37aa293903a3c9a1ae7cb093c54b3f82b4a68160ccdd64f0065c1
deleted: sha256:4dbb57e78f6a31cbad9d764dc301b6c5f5145409163842a2c57cb785a6c6d60b
deleted: sha256:ccd341ea1acd242d3b27a176a5d2c327f7b763311a015643931fc246a65679cf
deleted: sha256:58546c31aab214aa365e00e59a1115e3935def512e8726d94a2abf4d04ebcdbc
deleted: sha256:f194662684884c447eb11385f65a07739e01e9231e15165f7452d3afc91a7a4f

Total reclaimed space: 96.22MB
Building image binacle:252801514
Deleted Images:
untagged: binacle:252801514
untagged: gcr.io/google_containers/kubernetes-dashboard-init-amd64:v1.0.1
untagged: gcr.io/google_containers/kubernetes-dashboard-init-amd64@sha256:7e0356253d780007a39820b24676676dd40902cc1ee02ba28d77697149b090a8
deleted: sha256:95bfc2b3e5a3375298b81c15e29bfd1e53d002ff48e5f22fdc808ae4207da7d4
deleted: sha256:cd63ca3f6643c5f2f6812f75f8274405027dc90cdbdbeccf66b8d3a53951ce21
deleted: sha256:40a729220347abc0277a86ded8a74e20a4eb3afba9bed8ab968c371efe100fd9
deleted: sha256:73f195c9c2516e708a2ce3a42144f02c5d0f76008dc709d938f7d6ad50d2fb86
deleted: sha256:8013ee218bed184ed933fe35216b7b2576ec99887b0dbc08ad1063a57f0e99af
deleted: sha256:8071e750d22f40751ba04dc45a4d95b7bf0f5d860b51fcf64347b77f53ccbbe7
deleted: sha256:ccc37f1692ba52bf44f3f29b22f02ce3067c00da7ab0ab28ece6990386b50d77
deleted: sha256:adc0a18ffadb2aebfa87c026bd2792c2b95f450ea67885768bdf3453b212b9a2
deleted: sha256:b9df66fbc227e6168ef4f95505b46ceb6d5df990e00e1feaf9d768becc2b4922
deleted: sha256:1d7586b8357604888c3e49e7f06696c2159df21169956dadd5484b5b02409242
deleted: sha256:c57a0f193f3381cf7f9129f7009b631e452a8b5789ff0d427b1050b6c3edf861
deleted: sha256:a2022691bf950a72f9d2d84d557183cb9eee07c065a76485f1695784855c5193

Total reclaimed space: 250.5MB
Building image binacle:252801650
Deleted Images:
untagged: python:2-onbuild
untagged: python@sha256:5af88e1d011bf7e845e83813712d9f91be1a39e2ede092008fc53e0a0ce1333b
deleted: sha256:3f246dd60a17017c0e05a8d8e358bac601370ed9ea82b1e2fadb8f88b4bbdd12
deleted: sha256:eff14e55314bc9e0e819957e13e310f852974d6f8e26b685599a7c4bf5661660
deleted: sha256:8c2b05eb939ef16349b8e0a1317f4002d8579de485361df6a49575fb2b70e770
deleted: sha256:eff720ff0f1c92e2f7483450f504584940d5d51dc5c92505aaff37af0aae1c51
deleted: sha256:fc97556d80dc854138d93c86d34ebf4fdc3f0ca5b0efd95ca3ce81ffafee92c8
deleted: sha256:0779471c1bcad7891332a45c5ee8e1c5b4d0c551a15b0f7b57be64bc25c35cab
deleted: sha256:ceaaec62eb5ab66bb3cbdc41071f8a39ed32093d41e2d74134f606944713f8d5
deleted: sha256:4ecb50603eed5a2ffb2c3d105bef6d1f21b4f10838b86b158150bf0683a96760
deleted: sha256:8a6b78a6a8a45337cd8eac5b8627793fa507d07e142c3ba635b299b476d37524
deleted: sha256:dd1eb1fd7e08dc9bda0cbea31a89196c453cb218bea80ce64eeb19fadc98d262

Total reclaimed space: 685.1MB
Building image binacle:257952047
Deleted Containers:
979d5eaeb126ed78529d84b60dcf29b882c46b993a54c4455dc5a4f83b30a7c7

Deleted Images:
untagged: php:7.0-cli
untagged: php@sha256:950fa73e35e650ee1d5fff5b053feadcd1dc8c6e83bba07d6c7fd17c44868e22
deleted: sha256:cd45c80ef616aad81f96fd3fb46e795f5088fba365a0316eb7dcf6e55a36ced0
deleted: sha256:e15909ba55a0a7d7b40d58e018ea7f426281c83d238748eb0c993e891823f1c6
deleted: sha256:a8165549ffbe03ec17d2ea9413382411e5c56d58b8da8914bca8aed9981cffb0
deleted: sha256:eee71fc9f6a5e0806f9948880710eca080d8e71ea8000136737fd3501501aa1a
deleted: sha256:aab2e3a3994da47884ec0924f4371246b78192617425a107e2e88041c9dc2e6f
deleted: sha256:33a57704a80b62f600431e1ebc4fac5e5e984aae8cd6343630ea33a3fe2cbcf6
deleted: sha256:8e32845402c629a7c0d7707188104443b4092bf6e3398f3b292bbf275a7d329b
deleted: sha256:e22b5130247740471e2040ea2d0b81f06271f8a341214812738f4b00b252ef75
deleted: sha256:7b4e562e58dcb7fbe1e27bb274f0ff8bfeb2fd965203380436e159df9f218900

Total reclaimed space: 356.6MB
Building image binacle:195508393
Deleted Containers:
101bcbb7cc7bf01c45f3259170f2368d63e2dc47dae4b4bf16a0fc0e0f7d48cf

Deleted Images:
untagged: alpine:3.5
untagged: alpine@sha256:66952b313e51c3bd1987d7c4ddf5dba9bc0fb6e524eed2448fa660246b3e76ec
deleted: sha256:f80194ae2e0ccf0f098baa6b981396dfbffb16e6476164af72158577a7de2dd9
deleted: sha256:f566c57e6f2da2364c14195c832b922fd8f4813fd139b8fe45e3454c16e33975

Total reclaimed space: 3.996MB
Building image binacle:196166778
Deleted Images:
untagged: gliderlabs/logspout:master
untagged: gliderlabs/logspout@sha256:e3d9c894af372bf754010d2af0be0b739a29d6ebe5228dccadb78fc87cdfb178
deleted: sha256:a24d6bfdbd0504805bbbdb086143f82665ebe439fa7dbb434031407ae2e051d2
deleted: sha256:5740a452b7afbc07ca8832533e7c54606cd71e789dc28977df36f095c10c1c97
deleted: sha256:b7953dc87cde7fafde37f15fb4e297ad06836e6987d27d7d54b6a4c577fb4c19
deleted: sha256:3e207b409db364b595ba862cdc12be96dcdad8e36c59a03b7b3b61c946a5741a

Total reclaimed space: 25.9MB
Building image binacle:196375507
Deleted Containers:
083d6d951ce5c55b8a3da2c628f4460afb6b0e96070acbee5d90c1a3a2170f2a

Deleted Images:
untagged: golang:onbuild
untagged: golang@sha256:c0ec19d49014d604e4f62266afd490016b11ceec103f0b7ef44875801ef93f36
deleted: sha256:bb73ad9480df557b977f961cfef33c97676335f638f342a929791d16f539c263
deleted: sha256:ce4c53d1459176b5186a5f408f270c7074cd8299ad9faebd31f9df016a649318
deleted: sha256:5d82e356477f55c857e52b672d244e4d72f065c81cdd5010efdad6eb26ea5088
deleted: sha256:a3b729b9d9aae87cc0ebb35b9977a346f6c3f853452f0c0b8707ad0db05d9401
deleted: sha256:dc679c805334bac43b1cfa281ab0156e19b12c9098f4722100a9e1c53bbf9851
deleted: sha256:9bc4b96f805c63c64645e5a1c6860a81d34d118b64d07c8d950a476aa09aa682
deleted: sha256:db3fbc8f75998426bece040ef6aa34b5876dfaa6f3482636d50c31af2c0ac937
deleted: sha256:8d2b6777c4facbcf483573185409906023f3917a7099fec646f618cdcd6731ad
deleted: sha256:63102ff996737f31e062250371c0dd77387910c5c146496600b4cfb20db5a90d
deleted: sha256:5d6bba18f7b25c9b93d3cc0d93a4cff54eb88b0ba22ed867633a21fc3ded5f57
deleted: sha256:2c40c66f7667aefbb18f7070cf52fae7abbe9b66e49b4e1fd740544e7ceaebdc

Total reclaimed space: 698.6MB
Building image binacle:196375509
Deleted Containers:
6bb9cd5d071878ce7687c878b1fec2b8b631fc6add9a7aea15651d83a86fbbb6

Deleted Images:
deleted: sha256:039d6ad34690bdb41114cd75021fd40491abe014f3bf43a04d934f8808c57fbf
deleted: sha256:5d3b5a8d57cb3ffc5dfc5caa7b79564d4fc5f90e27c692ac9f223ad8eb88ab3b
untagged: golang:onbuild
untagged: golang@sha256:c0ec19d49014d604e4f62266afd490016b11ceec103f0b7ef44875801ef93f36
deleted: sha256:5d82e356477f55c857e52b672d244e4d72f065c81cdd5010efdad6eb26ea5088
deleted: sha256:a3b729b9d9aae87cc0ebb35b9977a346f6c3f853452f0c0b8707ad0db05d9401
deleted: sha256:dc679c805334bac43b1cfa281ab0156e19b12c9098f4722100a9e1c53bbf9851
deleted: sha256:9bc4b96f805c63c64645e5a1c6860a81d34d118b64d07c8d950a476aa09aa682
deleted: sha256:db3fbc8f75998426bece040ef6aa34b5876dfaa6f3482636d50c31af2c0ac937
deleted: sha256:8d2b6777c4facbcf483573185409906023f3917a7099fec646f618cdcd6731ad
deleted: sha256:63102ff996737f31e062250371c0dd77387910c5c146496600b4cfb20db5a90d
deleted: sha256:5d6bba18f7b25c9b93d3cc0d93a4cff54eb88b0ba22ed867633a21fc3ded5f57
deleted: sha256:2c40c66f7667aefbb18f7070cf52fae7abbe9b66e49b4e1fd740544e7ceaebdc

Total reclaimed space: 698.6MB
Building image binacle:197457643
Deleted Containers:
fa0ef045ff80dd1e2cd4baba8d52a94d56aa26e4d7c55ba3f329bc2b77188a6d

Deleted Images:
untagged: alpine:3.5
untagged: alpine@sha256:66952b313e51c3bd1987d7c4ddf5dba9bc0fb6e524eed2448fa660246b3e76ec
deleted: sha256:f80194ae2e0ccf0f098baa6b981396dfbffb16e6476164af72158577a7de2dd9
deleted: sha256:f566c57e6f2da2364c14195c832b922fd8f4813fd139b8fe45e3454c16e33975

Total reclaimed space: 3.996MB
Building image binacle:201188364
Deleted Images:
untagged: vimagick/obfsproxy:latest
untagged: vimagick/obfsproxy@sha256:434cd79225d455bb9c4455ca40a9db14caea794212e3d4e3dddfe029e3f5c260
untagged: binacle:201188364
deleted: sha256:42f1ad40049416ab3ae72636e7b424dc8aafd960cb0aeeb19bc112ac4b6c042c
deleted: sha256:f0ba30f5a6f5ea9c7576f03fc5cede09371b3488b8d48395b7f5682fa9a7a452
deleted: sha256:ea317d47bbb01a2b58bdea816933578e521a488b0a3ff4d29412101e6b3afc7f
deleted: sha256:3e207b409db364b595ba862cdc12be96dcdad8e36c59a03b7b3b61c946a5741a

Total reclaimed space: 100.2MB
Building image binacle:201188376
Deleted Images:
untagged: binacle:201188376
deleted: sha256:efd4f2d458bbc3164a66229ee62eba461595797ea26a78adb265a9c8d08ad2e5
untagged: kylemanna/openvpn:latest
untagged: kylemanna/openvpn@sha256:f638aff0997e519ab356ea4770d33df08c69cbc8fde6071130e5459e92d266d7
deleted: sha256:a9f497aadbc8c3d3f8e8096309d33a1fce46aa48ca9b9389f0a7e3de8795a764
deleted: sha256:780cc3b387cc758993d10618dc985837362dd4f43f2398a8c2d62c97339ab433
deleted: sha256:1cbefe2697274845f8fd01adf6f43576cfaf5ce4a9291a80df209ad64d792c57
deleted: sha256:84f9c0b261f2c34c6aac6989856a8d7b4e0006a6363666b8da06b889952e885f
deleted: sha256:74fa77f131a10ce2e072567f534daed32296fd9fcf5640b3bad2c9b4c5791f97
deleted: sha256:5216338b40a7b96416b8b9858974bbe4acc3096ee60acbc4dfb1ee02aecceb10

Total reclaimed space: 13.98MB
Building image binacle:203471422
Deleted Containers:
5655faa436989d1cec99b41540a2c5ad0a4250014f945588737d621f7daa5019

Deleted Images:
untagged: golang:onbuild
untagged: golang@sha256:c0ec19d49014d604e4f62266afd490016b11ceec103f0b7ef44875801ef93f36
deleted: sha256:8a706c623b8e10704a5b1ba96009b674ccb0df0c89c9b99e0e0a47ed6dcbf6ed
deleted: sha256:f32327d4f36ca38955e967fd5ccb0bd089501d879bcd0fdfe56994d117b3d2dc
deleted: sha256:5d82e356477f55c857e52b672d244e4d72f065c81cdd5010efdad6eb26ea5088
deleted: sha256:a3b729b9d9aae87cc0ebb35b9977a346f6c3f853452f0c0b8707ad0db05d9401
deleted: sha256:dc679c805334bac43b1cfa281ab0156e19b12c9098f4722100a9e1c53bbf9851
deleted: sha256:9bc4b96f805c63c64645e5a1c6860a81d34d118b64d07c8d950a476aa09aa682
deleted: sha256:db3fbc8f75998426bece040ef6aa34b5876dfaa6f3482636d50c31af2c0ac937
deleted: sha256:8d2b6777c4facbcf483573185409906023f3917a7099fec646f618cdcd6731ad
deleted: sha256:63102ff996737f31e062250371c0dd77387910c5c146496600b4cfb20db5a90d
deleted: sha256:5d6bba18f7b25c9b93d3cc0d93a4cff54eb88b0ba22ed867633a21fc3ded5f57
deleted: sha256:2c40c66f7667aefbb18f7070cf52fae7abbe9b66e49b4e1fd740544e7ceaebdc

Total reclaimed space: 698.6MB
Building image binacle:204751918
Deleted Containers:
d03fad7859d6c4baa9afd7d0c016eaca3d1bc8ecd5bba9eb6b23cda757f5bf08

Deleted Images:
untagged: meteorhacks/meteord:onbuild
untagged: meteorhacks/meteord@sha256:82742e8239de01588aa865aec6363b69e110ceb1a3860a109a9d00a61be5c9e2
deleted: sha256:11aaf7344b89ee24c5498c1b04cda94e649b9dc92c3375a0bcaf31b06c1f7115
deleted: sha256:dc0b89ca262f19e45f8ed326685d743bd519751e0def68198b2a2bf600df314f
deleted: sha256:9f0e8261207b187a7ef8a964c70250486afed1c683ea6b26a2874f5c2258af9e
deleted: sha256:49e4d53babdad4f9fd631fc622222f25bdd362bb67f10967849ef3ee8b06ed65
deleted: sha256:525f4c0b96e820f44f528b17b14d2e519a1e1eba62e19b33b0b6c277d12736c2
deleted: sha256:c0def9d93dc52e9485dafd38f0d293f00ab50ca1d2632a9f055bd6a672342d90
deleted: sha256:a650ea53039864297009e4bcc85541acf29a7edb06487034a932c5a89987871c

Total reclaimed space: 1.499GB
Building image binacle:206053642
Deleted Containers:
7b901b99f4aad08bf6122d07b882bcc6a08f9442362341396d5a816c40087f1b

Deleted Images:
untagged: alpine:3.5
untagged: alpine@sha256:66952b313e51c3bd1987d7c4ddf5dba9bc0fb6e524eed2448fa660246b3e76ec
deleted: sha256:f80194ae2e0ccf0f098baa6b981396dfbffb16e6476164af72158577a7de2dd9
deleted: sha256:f566c57e6f2da2364c14195c832b922fd8f4813fd139b8fe45e3454c16e33975

Total reclaimed space: 3.996MB
Building image binacle:206383632
Deleted Containers:
3318ac56a979a7ec54abaadadb380cd81f7a8d76b6b20186ad16badad0982661

Deleted Images:
untagged: alpine:3.5
untagged: alpine@sha256:66952b313e51c3bd1987d7c4ddf5dba9bc0fb6e524eed2448fa660246b3e76ec
deleted: sha256:f80194ae2e0ccf0f098baa6b981396dfbffb16e6476164af72158577a7de2dd9
deleted: sha256:f566c57e6f2da2364c14195c832b922fd8f4813fd139b8fe45e3454c16e33975

Total reclaimed space: 3.996MB
Building image binacle:206924540
Deleted Images:
untagged: binacle:206924540
deleted: sha256:8da3fc452e719beb2d210f5b39496b27cf7acb560dca8399e7a7cb0d2390dad7
untagged: alpine:3.7
untagged: alpine@sha256:8421d9a84432575381bfabd248f1eb56f3aa21d9d7cd2511583c68c9b7511d10
deleted: sha256:6d1ef012b5674ad8a127ecfa9b5e6f5178d171b90ee462846974177fd9bdd39f
deleted: sha256:3fc64803ca2de7279269048fe2b8b3c73d4536448c87c32375b2639ac168a48b

Total reclaimed space: 4.206MB
Building image binacle:207482455
Deleted Containers:
c6f957f1c561be2b3c0cf7b25e08884cde61a60d6bdf58f6aa486fc80099fd1a

Deleted Images:
untagged: alpine:3.5
untagged: alpine@sha256:66952b313e51c3bd1987d7c4ddf5dba9bc0fb6e524eed2448fa660246b3e76ec
deleted: sha256:f80194ae2e0ccf0f098baa6b981396dfbffb16e6476164af72158577a7de2dd9
deleted: sha256:f566c57e6f2da2364c14195c832b922fd8f4813fd139b8fe45e3454c16e33975

Total reclaimed space: 3.996MB
Building image binacle:210067241
Deleted Containers:
3a695b98e90f15bc17b5b2b3ce908303146b12bae5a703a57fb2420e669d7b0e

Deleted Images:
deleted: sha256:5ef33b3307538e0e9f06803d614b6545f305239cb71474c3015b2c68778f744d
deleted: sha256:b86ecf2548e1bdc9a0cc536fbd9c35288f1558fd0471beb8a82c85fb48c79816
untagged: meteorhacks/meteord:onbuild
untagged: meteorhacks/meteord@sha256:82742e8239de01588aa865aec6363b69e110ceb1a3860a109a9d00a61be5c9e2
deleted: sha256:9f0e8261207b187a7ef8a964c70250486afed1c683ea6b26a2874f5c2258af9e
deleted: sha256:49e4d53babdad4f9fd631fc622222f25bdd362bb67f10967849ef3ee8b06ed65
deleted: sha256:525f4c0b96e820f44f528b17b14d2e519a1e1eba62e19b33b0b6c277d12736c2
deleted: sha256:c0def9d93dc52e9485dafd38f0d293f00ab50ca1d2632a9f055bd6a672342d90
deleted: sha256:a650ea53039864297009e4bcc85541acf29a7edb06487034a932c5a89987871c

Total reclaimed space: 1.499GB
Building image binacle:215476053
Deleted Containers:
16065b59a792a98ceef6afd6aba5f96ce24cb9385c7abaf57afa9bd111e6386d

Deleted Images:
untagged: alpine:3.5
untagged: alpine@sha256:66952b313e51c3bd1987d7c4ddf5dba9bc0fb6e524eed2448fa660246b3e76ec
deleted: sha256:f80194ae2e0ccf0f098baa6b981396dfbffb16e6476164af72158577a7de2dd9
deleted: sha256:f566c57e6f2da2364c14195c832b922fd8f4813fd139b8fe45e3454c16e33975

Total reclaimed space: 3.996MB
Building image binacle:216185865
Deleted Containers:
73fa843a67711b3d94e0f7b2c54bea543003eea1cab7dad6796a25fa8bb0718c

Deleted Images:
untagged: alpine:3.5
untagged: alpine@sha256:66952b313e51c3bd1987d7c4ddf5dba9bc0fb6e524eed2448fa660246b3e76ec
deleted: sha256:f80194ae2e0ccf0f098baa6b981396dfbffb16e6476164af72158577a7de2dd9
deleted: sha256:f566c57e6f2da2364c14195c832b922fd8f4813fd139b8fe45e3454c16e33975

Total reclaimed space: 3.996MB
Building image binacle:224610785
Deleted Images:
deleted: sha256:9513464eb05275a24612f38a1ce564d966d51375b58ed9fd43a34222f60e6bf7
untagged: centos:latest
untagged: centos@sha256:fe8d824220415eed5477b63addf40fb06c3b049404242b31982106ac204f6700
deleted: sha256:470671670cac686c7cf0081e0b37da2e9f4f768ddc5f6a26102ccd1c6954c1ee
deleted: sha256:0683de2821778aa9546bf3d3e6944df779daba1582631b7ea3517bb36f9e4007

Total reclaimed space: 237.1MB
Building image binacle:225001730
Deleted Images:
untagged: node:6-onbuild
untagged: node@sha256:80428f1c53495856f8ed63040092402e9849b70a0e32a962de5f63938b39c4c6
deleted: sha256:86ed8ccdcee5da6a04705f4a769ad11a4687b7b627f74a40244b734b2cb47c79
deleted: sha256:0354b20f925de772925482493bd6ecddc8a03e1ff4c0628dec75067e810216cb
deleted: sha256:a5ecd9d1422d6f2986f477c1b9caf64332f1ddf67f2a8eda1dfdb20bd0cf191c
deleted: sha256:727f0527fdcf1eb360188731bdeadb2b0a508a30992facc9168e9f58febcbbbe
deleted: sha256:bf0467917e15808e6e9c38268a58f048842fefb22f0a28b86e822c3e15630b14
deleted: sha256:dbc5d843fe6c57402d1d4b5cdded731b87189ea669351a96e1cb6ff5ffaa77a6
deleted: sha256:8d8dabce32d508dfcd126ab43cde7b690764c4bd06800e7cac816d367473ad3e
deleted: sha256:addff6454b75bcccc23ba0cdbf9ff5d83f6df71523cd3428261d1785c3e3c592
deleted: sha256:dae4f674403b331cb8c19b2c238ffa7d5a7249a1b4fafc4725054201dce3341a
deleted: sha256:a9a9c8853295275070975beba78ec0f573172e6e41b30232a00d8af0d49b8ef3
deleted: sha256:ddf0293e8e23246803d265b158ffbb9453d925fe392b43515984815853e9121b
deleted: sha256:f94641f1fe1f5c42c325652bf55f0513c881c86b620b912b15460e0bca07cc12

Total reclaimed space: 884.3MB
Building image binacle:225453975
Deleted Containers:
76e77ca3c5908f25339110aae86b4f26227f0b8da87ccaf378f4f9f83c40a7e1

Deleted Images:
deleted: sha256:a969d99172962f6c18b94f04040607abf88ce6f71dacd8f41222585d560edcc1
deleted: sha256:eeffa26317426cc9b1ddfb92457f6dac7dbba2ffb1ae6a53062cb285cd1eeada
untagged: golang:onbuild
untagged: golang@sha256:c0ec19d49014d604e4f62266afd490016b11ceec103f0b7ef44875801ef93f36
deleted: sha256:5d82e356477f55c857e52b672d244e4d72f065c81cdd5010efdad6eb26ea5088
deleted: sha256:a3b729b9d9aae87cc0ebb35b9977a346f6c3f853452f0c0b8707ad0db05d9401
deleted: sha256:dc679c805334bac43b1cfa281ab0156e19b12c9098f4722100a9e1c53bbf9851
deleted: sha256:9bc4b96f805c63c64645e5a1c6860a81d34d118b64d07c8d950a476aa09aa682
deleted: sha256:db3fbc8f75998426bece040ef6aa34b5876dfaa6f3482636d50c31af2c0ac937
deleted: sha256:8d2b6777c4facbcf483573185409906023f3917a7099fec646f618cdcd6731ad
deleted: sha256:63102ff996737f31e062250371c0dd77387910c5c146496600b4cfb20db5a90d
deleted: sha256:5d6bba18f7b25c9b93d3cc0d93a4cff54eb88b0ba22ed867633a21fc3ded5f57
deleted: sha256:2c40c66f7667aefbb18f7070cf52fae7abbe9b66e49b4e1fd740544e7ceaebdc

Total reclaimed space: 698.6MB
Building image binacle:225453977
Deleted Containers:
1e2f071ee5b8afd1415341fb3210b464f99a1453d78ccf9938bc2b2f8c3da511

Deleted Images:
untagged: golang:onbuild
untagged: golang@sha256:c0ec19d49014d604e4f62266afd490016b11ceec103f0b7ef44875801ef93f36
deleted: sha256:72b34583efd12e4c9399ccb28d73a2f81898c1c1bf77ec5a18ddbe25d38e6da2
deleted: sha256:97a2bfc594195eb5bd254f70acdb4e72ed8535789567afb059c2e5def4f44b3f
deleted: sha256:5d82e356477f55c857e52b672d244e4d72f065c81cdd5010efdad6eb26ea5088
deleted: sha256:a3b729b9d9aae87cc0ebb35b9977a346f6c3f853452f0c0b8707ad0db05d9401
deleted: sha256:dc679c805334bac43b1cfa281ab0156e19b12c9098f4722100a9e1c53bbf9851
deleted: sha256:9bc4b96f805c63c64645e5a1c6860a81d34d118b64d07c8d950a476aa09aa682
deleted: sha256:db3fbc8f75998426bece040ef6aa34b5876dfaa6f3482636d50c31af2c0ac937
deleted: sha256:8d2b6777c4facbcf483573185409906023f3917a7099fec646f618cdcd6731ad
deleted: sha256:63102ff996737f31e062250371c0dd77387910c5c146496600b4cfb20db5a90d
deleted: sha256:5d6bba18f7b25c9b93d3cc0d93a4cff54eb88b0ba22ed867633a21fc3ded5f57
deleted: sha256:2c40c66f7667aefbb18f7070cf52fae7abbe9b66e49b4e1fd740544e7ceaebdc

Total reclaimed space: 698.6MB
Building image binacle:227632125
Deleted Containers:
1500f16cdd83253d18aac9c6644e4f6ade16c2429d5974c883aa0f1d74fdeb7b

Deleted Images:
untagged: alpine:3.5
untagged: alpine@sha256:66952b313e51c3bd1987d7c4ddf5dba9bc0fb6e524eed2448fa660246b3e76ec
deleted: sha256:f80194ae2e0ccf0f098baa6b981396dfbffb16e6476164af72158577a7de2dd9
deleted: sha256:f566c57e6f2da2364c14195c832b922fd8f4813fd139b8fe45e3454c16e33975

Total reclaimed space: 3.996MB
Building image binacle:228069238
Deleted Images:
untagged: binacle:228069238
deleted: sha256:7fd075ab3fededd8a9e6a05244b1a1d849e147586e24c6f6846bdc169f7d9a50
untagged: alpine:3.5
untagged: alpine@sha256:66952b313e51c3bd1987d7c4ddf5dba9bc0fb6e524eed2448fa660246b3e76ec
deleted: sha256:f80194ae2e0ccf0f098baa6b981396dfbffb16e6476164af72158577a7de2dd9
deleted: sha256:f566c57e6f2da2364c14195c832b922fd8f4813fd139b8fe45e3454c16e33975

Total reclaimed space: 3.996MB
Building image binacle:228069255
Deleted Images:
untagged: binacle:228069255
deleted: sha256:d08bc1e3b1fb7ebc6953b563fe4ac0fe4d0f1a09cc34d277856c09a4e43cccbe
untagged: alpine:3.5
untagged: alpine@sha256:66952b313e51c3bd1987d7c4ddf5dba9bc0fb6e524eed2448fa660246b3e76ec
deleted: sha256:f80194ae2e0ccf0f098baa6b981396dfbffb16e6476164af72158577a7de2dd9
deleted: sha256:f566c57e6f2da2364c14195c832b922fd8f4813fd139b8fe45e3454c16e33975

Total reclaimed space: 3.996MB
Building image binacle:228069772
Deleted Containers:
8d375cc73285a417cab5585f59eb974b1ee5b48b89fc250577330aef13982c85

Deleted Images:
untagged: alpine:3.5
untagged: alpine@sha256:66952b313e51c3bd1987d7c4ddf5dba9bc0fb6e524eed2448fa660246b3e76ec
deleted: sha256:f80194ae2e0ccf0f098baa6b981396dfbffb16e6476164af72158577a7de2dd9
deleted: sha256:f566c57e6f2da2364c14195c832b922fd8f4813fd139b8fe45e3454c16e33975

Total reclaimed space: 3.996MB
