Sending build context to Docker daemon   2.56kB
Step 1/15 : FROM ubuntu:17.10
17.10: Pulling from library/ubuntu
4ccdce43d1e0: Pulling fs layer
c95f13c88d92: Pulling fs layer
82656eee95ad: Pulling fs layer
78ff727be57a: Pulling fs layer
448bb314afa5: Pulling fs layer
78ff727be57a: Waiting
448bb314afa5: Waiting
82656eee95ad: Download complete
c95f13c88d92: Verifying Checksum
c95f13c88d92: Download complete
78ff727be57a: Verifying Checksum
78ff727be57a: Download complete
4ccdce43d1e0: Download complete
448bb314afa5: Verifying Checksum
448bb314afa5: Download complete
4ccdce43d1e0: Pull complete
c95f13c88d92: Pull complete
82656eee95ad: Pull complete
78ff727be57a: Pull complete
448bb314afa5: Pull complete
Digest: sha256:3b811ac794645dfaa47408f4333ac6e433858ff16908965c68f63d5d315acf94
Status: Downloaded newer image for ubuntu:17.10
 ---> e211a66937c6
Step 2/15 : WORKDIR /pybombs
 ---> Running in 2f9d4e3f5640
Removing intermediate container 2f9d4e3f5640
 ---> 8ef794823c50
Step 3/15 : RUN apt-get update -qq -y
 ---> Running in 909ba9987fdf
[91mE: The repository 'http://security.ubuntu.com/ubuntu artful-security Release' does not have a Release file.
E: The repository 'http://archive.ubuntu.com/ubuntu artful Release' does not have a Release file.
E: The repository 'http://archive.ubuntu.com/ubuntu artful-updates Release' does not have a Release file.
E: The repository 'http://archive.ubuntu.com/ubuntu artful-backports Release' does not have a Release file.
[0mThe command '/bin/sh -c apt-get update -qq -y' returned a non-zero code: 100
