Sending build context to Docker daemon   2.56kB
Step 1/10 : FROM ubuntu:16.04
16.04: Pulling from library/ubuntu
fe703b657a32: Pulling fs layer
f9df1fafd224: Pulling fs layer
a645a4b887f9: Pulling fs layer
57db7fe0b522: Pulling fs layer
57db7fe0b522: Waiting
f9df1fafd224: Verifying Checksum
f9df1fafd224: Download complete
a645a4b887f9: Verifying Checksum
a645a4b887f9: Download complete
57db7fe0b522: Download complete
fe703b657a32: Verifying Checksum
fe703b657a32: Download complete
fe703b657a32: Pull complete
f9df1fafd224: Pull complete
a645a4b887f9: Pull complete
57db7fe0b522: Pull complete
Digest: sha256:e9938f45e51d9ff46e2b05a62e0546d0f07489b7f22fbc5288defe760599e38a
Status: Downloaded newer image for ubuntu:16.04
 ---> 77be327e4b63
Step 2/10 : MAINTAINER Viktor Petersson "vpetersson@wireload.net"
 ---> Running in 1d330d77ccec
Removing intermediate container 1d330d77ccec
 ---> 8394f2d58a5d
Step 3/10 : RUN echo "deb http://deb.torproject.org/torproject.org xenial main\ndeb-src http://deb.torproject.org/torproject.org xenial main" > /etc/apt/sources.list.d/tor.list
 ---> Running in a9d379e6b0be
Removing intermediate container a9d379e6b0be
 ---> 532a2a9a93b1
Step 4/10 : RUN gpg --keyserver keys.gnupg.net --recv A3C4F0F979CAA22CDBA8F512EE8CBC9E886DDD89 && gpg --export A3C4F0F979CAA22CDBA8F512EE8CBC9E886DDD89 > tor.gpg && apt-key add tor.gpg
 ---> Running in 2584f42fc750
[91mgpg: directory `/root/.gnupg' created
[0m[91mgpg: new configuration file `/root/.gnupg/gpg.conf' created
gpg: WARNING: options in `/root/.gnupg/gpg.conf' are not yet active during this run
[0m[91mgpg: keyring `/root/.gnupg/secring.gpg' created
[0m[91mgpg: keyring `/root/.gnupg/pubring.gpg' created
[0m[91mgpg: requesting key 886DDD89 from hkp server keys.gnupg.net
[0m[91mgpg: packet(13) too large
gpg: read_block: read error: invalid packet
gpg: Total number processed: 0
gpg: no valid OpenPGP data found.
[0mThe command '/bin/sh -c gpg --keyserver keys.gnupg.net --recv A3C4F0F979CAA22CDBA8F512EE8CBC9E886DDD89 && gpg --export A3C4F0F979CAA22CDBA8F512EE8CBC9E886DDD89 > tor.gpg && apt-key add tor.gpg' returned a non-zero code: 2
