Sending build context to Docker daemon  2.048kB
Step 1/3 : FROM python:3-onbuild
3-onbuild: Pulling from library/python
1c7fe136a31e: Pulling fs layer
ece825d3308b: Pulling fs layer
06854774e2f3: Pulling fs layer
f0db43b9b8da: Pulling fs layer
2d21c767035c: Pulling fs layer
f0db43b9b8da: Waiting
2d21c767035c: Waiting
e10b68fb77e6: Pulling fs layer
e2c0fb34dff3: Pulling fs layer
e96bc319bce0: Pulling fs layer
490280dbcfb7: Pulling fs layer
e10b68fb77e6: Waiting
e2c0fb34dff3: Waiting
e96bc319bce0: Waiting
490280dbcfb7: Waiting
ece825d3308b: Verifying Checksum
ece825d3308b: Download complete
06854774e2f3: Verifying Checksum
06854774e2f3: Download complete
1c7fe136a31e: Verifying Checksum
1c7fe136a31e: Download complete
2d21c767035c: Verifying Checksum
2d21c767035c: Download complete
e10b68fb77e6: Verifying Checksum
e10b68fb77e6: Download complete
e2c0fb34dff3: Verifying Checksum
e2c0fb34dff3: Download complete
490280dbcfb7: Verifying Checksum
490280dbcfb7: Download complete
e96bc319bce0: Verifying Checksum
e96bc319bce0: Download complete
f0db43b9b8da: Verifying Checksum
f0db43b9b8da: Download complete
1c7fe136a31e: Pull complete
ece825d3308b: Pull complete
06854774e2f3: Pull complete
f0db43b9b8da: Pull complete
2d21c767035c: Pull complete
e10b68fb77e6: Pull complete
e2c0fb34dff3: Pull complete
e96bc319bce0: Pull complete
490280dbcfb7: Pull complete
Digest: sha256:76df62c122c910751d8cd3101f8e3da39efd4ee828686b7ff0b5a5b1d967553f
Status: Downloaded newer image for python:3-onbuild
# Executing 3 build triggers
COPY failed: stat /var/lib/docker/tmp/docker-builder419921549/requirements.txt: no such file or directory
