Sending build context to Docker daemon   2.56kB
Step 1/5 : FROM registry.access.redhat.com/rhel7:latest
latest: Pulling from rhel7
ec0a4551131f: Pulling fs layer
448f7cafed66: Pulling fs layer
448f7cafed66: Verifying Checksum
448f7cafed66: Download complete
ec0a4551131f: Verifying Checksum
ec0a4551131f: Download complete
ec0a4551131f: Pull complete
448f7cafed66: Pull complete
Digest: sha256:b0818ebc44a7e45a4c5c839a5b63282fcc6b0ad5f92ffe316a2306a3e84d0594
Status: Downloaded newer image for registry.access.redhat.com/rhel7:latest
 ---> 676edf67a540
Step 2/5 : MAINTAINER Johnathan Kupferer <jkupfere@redhat.com>
 ---> Running in 876b4c583314
Removing intermediate container 876b4c583314
 ---> 2c5b58ac5e45
Step 3/5 : ENV JAVA_VERSION=${JAVA_VERSION:-1.8.0}     JAVA_TYPE=${JAVA_TYPE:-oracle}
 ---> Running in 0c00695e2ee0
Removing intermediate container 0c00695e2ee0
 ---> c8a666230355
Step 4/5 : ENV JAVA_HOME=/usr/lib/jvm/java-${JAVA_VERSION}-${JAVA_TYPE}
 ---> Running in 5c6a79ef3b2b
Removing intermediate container 5c6a79ef3b2b
 ---> 44218335568a
Step 5/5 : RUN yum --disablerepo=*         --enablerepo=rhel-7-server-rpms         --enablerepo=rhel-7-server-extras-rpms         --enablerepo=rhel-7-server-optional-rpms         --enablerepo=rhel-7-server-thirdparty-oracle-java-rpms       install -y       java-${JAVA_VERSION}-${JAVA_TYPE}-devel       java-${JAVA_VERSION}-${JAVA_TYPE}-jdbc &&     yum clean all
 ---> Running in b9b2909e15af
Loaded plugins: ovl, product-id, search-disabled-repos, subscription-manager

This system is not registered with an entitlement server. You can use subscription-manager to register.

[91m

Error getting repository data for rhel-7-server-rpms, repository not found
[0mThe command '/bin/sh -c yum --disablerepo=*         --enablerepo=rhel-7-server-rpms         --enablerepo=rhel-7-server-extras-rpms         --enablerepo=rhel-7-server-optional-rpms         --enablerepo=rhel-7-server-thirdparty-oracle-java-rpms       install -y       java-${JAVA_VERSION}-${JAVA_TYPE}-devel       java-${JAVA_VERSION}-${JAVA_TYPE}-jdbc &&     yum clean all' returned a non-zero code: 1
