Sending build context to Docker daemon   2.56kB
Step 1/8 : FROM node:8.4.0
8.4.0: Pulling from library/node
aa18ad1a0d33: Pulling fs layer
90f6d19ae388: Pulling fs layer
94273a890192: Pulling fs layer
c9110c904324: Pulling fs layer
788d73c0fb6b: Pulling fs layer
f221bb562f24: Pulling fs layer
14414a6a768d: Pulling fs layer
af6d2b2ad991: Pulling fs layer
c9110c904324: Waiting
788d73c0fb6b: Waiting
f221bb562f24: Waiting
14414a6a768d: Waiting
af6d2b2ad991: Waiting
90f6d19ae388: Verifying Checksum
90f6d19ae388: Download complete
94273a890192: Verifying Checksum
94273a890192: Download complete
788d73c0fb6b: Verifying Checksum
788d73c0fb6b: Download complete
f221bb562f24: Verifying Checksum
f221bb562f24: Download complete
aa18ad1a0d33: Verifying Checksum
aa18ad1a0d33: Download complete
af6d2b2ad991: Verifying Checksum
af6d2b2ad991: Download complete
14414a6a768d: Verifying Checksum
14414a6a768d: Download complete
c9110c904324: Verifying Checksum
c9110c904324: Download complete
aa18ad1a0d33: Pull complete
90f6d19ae388: Pull complete
94273a890192: Pull complete
c9110c904324: Pull complete
788d73c0fb6b: Pull complete
f221bb562f24: Pull complete
14414a6a768d: Pull complete
af6d2b2ad991: Pull complete
Digest: sha256:080488acfe59bae32331ce28373b752f3f848be8b76c2c2d8fdce28205336504
Status: Downloaded newer image for node:8.4.0
 ---> 386940f92d24
Step 2/8 : RUN mkdir /app
 ---> Running in 9c33c2c6cc8b
Removing intermediate container 9c33c2c6cc8b
 ---> 19409d0ea345
Step 3/8 : WORKDIR /app
 ---> Running in 0e83f6b63c76
Removing intermediate container 0e83f6b63c76
 ---> f61233cd30e0
Step 4/8 : COPY package.json yarn.lock /app/
COPY failed: stat /var/lib/docker/tmp/docker-builder270061367/package.json: no such file or directory
