Sending build context to Docker daemon   2.56kB
Step 1/11 : FROM databio/shinybase:latest
latest: Pulling from databio/shinybase
8f9234435f64: Pulling fs layer
4768ed7b65fb: Pulling fs layer
315aef06947a: Pulling fs layer
646915aa41c6: Pulling fs layer
430db1c15e93: Pulling fs layer
402b231c8323: Pulling fs layer
ff1c56982cc0: Pulling fs layer
37c5f44f18e3: Pulling fs layer
402b231c8323: Waiting
ff1c56982cc0: Waiting
37c5f44f18e3: Waiting
646915aa41c6: Waiting
430db1c15e93: Waiting
4768ed7b65fb: Download complete
315aef06947a: Verifying Checksum
315aef06947a: Download complete
646915aa41c6: Verifying Checksum
646915aa41c6: Download complete
8f9234435f64: Verifying Checksum
8f9234435f64: Download complete
430db1c15e93: Verifying Checksum
430db1c15e93: Download complete
37c5f44f18e3: Verifying Checksum
37c5f44f18e3: Download complete
402b231c8323: Verifying Checksum
402b231c8323: Download complete
8f9234435f64: Pull complete
4768ed7b65fb: Pull complete
ff1c56982cc0: Verifying Checksum
ff1c56982cc0: Download complete
315aef06947a: Pull complete
646915aa41c6: Pull complete
430db1c15e93: Pull complete
402b231c8323: Pull complete
ff1c56982cc0: Pull complete
37c5f44f18e3: Pull complete
Digest: sha256:435ed6f88a664af61f1cd581679b874c629728fd96222fa2d4d10ba29ccc1982
Status: Downloaded newer image for databio/shinybase:latest
 ---> c89dda749896
Step 2/11 : MAINTAINER VP Nagraj "vpnagraj@virginia.edu"
 ---> Running in 80ed6af5ea79
Removing intermediate container 80ed6af5ea79
 ---> e1c322868712
Step 3/11 : COPY shiny-server.conf  /etc/shiny-server/shiny-server.conf
COPY failed: stat /var/lib/docker/tmp/docker-builder597638519/shiny-server.conf: no such file or directory
