Sending build context to Docker daemon   2.56kB
Step 1/14 : FROM golang:alpine as build
alpine: Pulling from library/golang
aad63a933944: Pulling fs layer
c732a2540651: Pulling fs layer
7b2225181d6b: Pulling fs layer
0cdfa13e5b48: Pulling fs layer
6c48a539365d: Pulling fs layer
0cdfa13e5b48: Waiting
6c48a539365d: Waiting
7b2225181d6b: Verifying Checksum
7b2225181d6b: Download complete
c732a2540651: Verifying Checksum
c732a2540651: Download complete
aad63a933944: Verifying Checksum
aad63a933944: Download complete
6c48a539365d: Verifying Checksum
6c48a539365d: Download complete
aad63a933944: Pull complete
c732a2540651: Pull complete
7b2225181d6b: Pull complete
0cdfa13e5b48: Verifying Checksum
0cdfa13e5b48: Download complete
0cdfa13e5b48: Pull complete
6c48a539365d: Pull complete
Digest: sha256:62cd35bbeb9aadff6764dd8809c788267d72b12066bb40c080431510bbe81e36
Status: Downloaded newer image for golang:alpine
 ---> ccda0e5ccbfc
Step 2/14 : RUN apk --no-cache add git
 ---> Running in 41b04ac678c6
fetch http://dl-cdn.alpinelinux.org/alpine/v3.11/main/x86_64/APKINDEX.tar.gz
fetch http://dl-cdn.alpinelinux.org/alpine/v3.11/community/x86_64/APKINDEX.tar.gz
(1/5) Installing nghttp2-libs (1.40.0-r0)
(2/5) Installing libcurl (7.67.0-r0)
(3/5) Installing expat (2.2.9-r1)
(4/5) Installing pcre2 (10.34-r1)
(5/5) Installing git (2.24.2-r0)
Executing busybox-1.31.1-r9.trigger
OK: 22 MiB in 20 packages
Removing intermediate container 41b04ac678c6
 ---> 0e9d7bd45106
Step 3/14 : RUN go get github.com/golang/dep/cmd/dep
 ---> Running in 04395cd59a73
Removing intermediate container 04395cd59a73
 ---> bc48ac9e80c4
Step 4/14 : WORKDIR /go/src/github.com/allthings/awscurl
 ---> Running in 08aee0c238f2
Removing intermediate container 08aee0c238f2
 ---> 97f9d68512c3
Step 5/14 : COPY . .
 ---> f1546499ce8d
Step 6/14 : RUN dep ensure
 ---> Running in fd4cd5f92b81
[91mcould not find project Gopkg.toml, use dep init to initiate a manifest
[0mThe command '/bin/sh -c dep ensure' returned a non-zero code: 1
