Sending build context to Docker daemon   2.56kB
Step 1/11 : FROM linuxkit/alpine:1b05307ae8152e3d38f79e297b0632697a30c65c AS build
1b05307ae8152e3d38f79e297b0632697a30c65c: Pulling from linuxkit/alpine
ff3a5c916c92: Pulling fs layer
db35e3ee1fb6: Pulling fs layer
9a75215705c9: Pulling fs layer
304af0752d28: Pulling fs layer
b38fb79b7bb4: Pulling fs layer
323a1ab7e772: Pulling fs layer
f5cc02468381: Pulling fs layer
76b507f7eb2e: Pulling fs layer
6f648b92ebd1: Pulling fs layer
7e4636cfd099: Pulling fs layer
304af0752d28: Waiting
b38fb79b7bb4: Waiting
323a1ab7e772: Waiting
f5cc02468381: Waiting
76b507f7eb2e: Waiting
6f648b92ebd1: Waiting
7e4636cfd099: Waiting
db35e3ee1fb6: Verifying Checksum
db35e3ee1fb6: Download complete
9a75215705c9: Download complete
ff3a5c916c92: Verifying Checksum
ff3a5c916c92: Download complete
304af0752d28: Verifying Checksum
304af0752d28: Download complete
ff3a5c916c92: Pull complete
db35e3ee1fb6: Pull complete
323a1ab7e772: Verifying Checksum
323a1ab7e772: Download complete
f5cc02468381: Verifying Checksum
f5cc02468381: Download complete
9a75215705c9: Pull complete
304af0752d28: Pull complete
6f648b92ebd1: Verifying Checksum
6f648b92ebd1: Download complete
7e4636cfd099: Verifying Checksum
7e4636cfd099: Download complete
76b507f7eb2e: Verifying Checksum
76b507f7eb2e: Download complete
b38fb79b7bb4: Verifying Checksum
b38fb79b7bb4: Download complete
b38fb79b7bb4: Pull complete
323a1ab7e772: Pull complete
f5cc02468381: Pull complete
76b507f7eb2e: Pull complete
6f648b92ebd1: Pull complete
7e4636cfd099: Pull complete
Digest: sha256:e72d03f77798bde01ff8ee0592f867d8f79867e458db95829be49bb4731a7b54
Status: Downloaded newer image for linuxkit/alpine:1b05307ae8152e3d38f79e297b0632697a30c65c
 ---> a6c4559f8a43
Step 2/11 : RUN mkdir -p /out/etc/apk && cp -r /etc/apk/* /out/etc/apk/
 ---> Running in 77bcc0db95d1
Removing intermediate container 77bcc0db95d1
 ---> ad20a608dafc
Step 3/11 : RUN apk add --no-cache --initdb -p /out     alpine-baselayout     busybox
 ---> Running in 96e90b77c79d
(1/3) Installing musl (1.1.18-r3)
(2/3) Installing busybox (1.27.2-r8)
Executing busybox-1.27.2-r8.post-install
(3/3) Installing alpine-baselayout (3.0.5-r2)
Executing alpine-baselayout-3.0.5-r2.pre-install
Executing alpine-baselayout-3.0.5-r2.post-install
Executing busybox-1.27.2-r8.trigger
OK: 1 MiB in 3 packages
Removing intermediate container 96e90b77c79d
 ---> 5be1050159fb
Step 4/11 : RUN rm -rf /out/etc/apk /out/lib/apk /out/var/cache
 ---> Running in 4c13788e9566
Removing intermediate container 4c13788e9566
 ---> 26c6eec8cca8
Step 5/11 : FROM scratch
 ---> 
Step 6/11 : WORKDIR /
 ---> Running in 33985d18f424
Removing intermediate container 33985d18f424
 ---> 1af52194532b
Step 7/11 : COPY --from=build /out /
 ---> ab745e22efb0
Step 8/11 : COPY --from=docker:17.06.0-ce /usr/local/bin/docker /usr/local/bin/docker
17.06.0-ce: Pulling from library/docker
88286f41530e: Pulling fs layer
61bf6059e353: Pulling fs layer
0b539e28e9a6: Pulling fs layer
ad3af5fe81b0: Pulling fs layer
ad3af5fe81b0: Waiting
88286f41530e: Verifying Checksum
88286f41530e: Download complete
61bf6059e353: Verifying Checksum
61bf6059e353: Download complete
ad3af5fe81b0: Verifying Checksum
ad3af5fe81b0: Download complete
88286f41530e: Pull complete
0b539e28e9a6: Verifying Checksum
0b539e28e9a6: Download complete
61bf6059e353: Pull complete
0b539e28e9a6: Pull complete
ad3af5fe81b0: Pull complete
Digest: sha256:37b446cf66f028b60b2704015a601839ff1a28892006cd77684422beaf02ca58
Status: Downloaded newer image for docker:17.06.0-ce
 ---> fa2434151027
Step 9/11 : COPY dl/*.tar /images/
COPY failed: no source files were specified
