Sending build context to Docker daemon  2.048kB
Step 1/10 : ARG DOCKER_REGISTRY=""
Step 2/10 : FROM ${DOCKER_REGISTRY}python:3
3: Pulling from library/python
f15005b0235f: Pulling fs layer
41ebfd3d2fd0: Pulling fs layer
b998346ba308: Pulling fs layer
f01ec562c947: Pulling fs layer
2447a2c11907: Pulling fs layer
fdd2d569da3e: Pulling fs layer
ac3886b74a9f: Pulling fs layer
3c783a9b35dd: Pulling fs layer
ce16dda809f6: Pulling fs layer
f01ec562c947: Waiting
2447a2c11907: Waiting
fdd2d569da3e: Waiting
ac3886b74a9f: Waiting
3c783a9b35dd: Waiting
ce16dda809f6: Waiting
41ebfd3d2fd0: Verifying Checksum
41ebfd3d2fd0: Download complete
b998346ba308: Verifying Checksum
b998346ba308: Download complete
f15005b0235f: Verifying Checksum
f15005b0235f: Download complete
f01ec562c947: Verifying Checksum
f01ec562c947: Download complete
fdd2d569da3e: Verifying Checksum
fdd2d569da3e: Download complete
3c783a9b35dd: Verifying Checksum
3c783a9b35dd: Download complete
ac3886b74a9f: Verifying Checksum
ac3886b74a9f: Download complete
ce16dda809f6: Verifying Checksum
ce16dda809f6: Download complete
2447a2c11907: Verifying Checksum
2447a2c11907: Download complete
f15005b0235f: Pull complete
41ebfd3d2fd0: Pull complete
b998346ba308: Pull complete
f01ec562c947: Pull complete
2447a2c11907: Pull complete
fdd2d569da3e: Pull complete
ac3886b74a9f: Pull complete
3c783a9b35dd: Pull complete
ce16dda809f6: Pull complete
Digest: sha256:e02bda1a92a0dd360a976ec3ce6ebd76f6de18b57b885c0556d5af4035e1767d
Status: Downloaded newer image for python:3
 ---> d47898c6f4b0
Step 3/10 : LABEL maintainer="yehiyam@gmail.com"
 ---> Running in 5937e7c9ca53
Removing intermediate container 5937e7c9ca53
 ---> 46827f9418bc
Step 4/10 : LABEL description="This is a base algorithm for Python env"
 ---> Running in 97719deb3184
Removing intermediate container 97719deb3184
 ---> cbf5c5d9c2ca
Step 5/10 : RUN mkdir /hkube
 ---> Running in 76544f83168d
Removing intermediate container 76544f83168d
 ---> aa4a8de44a13
Step 6/10 : COPY . /hkube/algorithm-runner
 ---> fb4fd37245fe
Step 7/10 : RUN cd /hkube/algorithm-runner
 ---> Running in 9f9adfdf09f8
Removing intermediate container 9f9adfdf09f8
 ---> 192a0e6c4e02
Step 8/10 : WORKDIR /hkube/algorithm-runner
 ---> Running in 29173c4eb6f1
Removing intermediate container 29173c4eb6f1
 ---> 06625b38d2f7
Step 9/10 : RUN pip3 install -r requirements.txt
 ---> Running in 371acb38c0e1
[91mERROR: Could not open requirements file: [Errno 2] No such file or directory: 'requirements.txt'
[0mThe command '/bin/sh -c pip3 install -r requirements.txt' returned a non-zero code: 1
