Sending build context to Docker daemon   2.56kB
Step 1/11 : FROM jpetazzo/dind
latest: Pulling from jpetazzo/dind
28bfaceaff9b: Pulling fs layer
ac540055f2f8: Pulling fs layer
2965585ef8b8: Pulling fs layer
2416bb9f3ad2: Pulling fs layer
93b55a6a6807: Pulling fs layer
1869af86af90: Pulling fs layer
fa90c21e948c: Pulling fs layer
4cc8c36bb9c7: Pulling fs layer
2416bb9f3ad2: Waiting
93b55a6a6807: Waiting
1869af86af90: Waiting
fa90c21e948c: Waiting
4cc8c36bb9c7: Waiting
2965585ef8b8: Verifying Checksum
2965585ef8b8: Download complete
ac540055f2f8: Verifying Checksum
ac540055f2f8: Download complete
93b55a6a6807: Verifying Checksum
93b55a6a6807: Download complete
2416bb9f3ad2: Verifying Checksum
2416bb9f3ad2: Download complete
28bfaceaff9b: Verifying Checksum
28bfaceaff9b: Download complete
1869af86af90: Verifying Checksum
1869af86af90: Download complete
4cc8c36bb9c7: Verifying Checksum
4cc8c36bb9c7: Download complete
fa90c21e948c: Verifying Checksum
fa90c21e948c: Download complete
28bfaceaff9b: Pull complete
ac540055f2f8: Pull complete
2965585ef8b8: Pull complete
2416bb9f3ad2: Pull complete
93b55a6a6807: Pull complete
1869af86af90: Pull complete
fa90c21e948c: Pull complete
4cc8c36bb9c7: Pull complete
Digest: sha256:f48a1bbf379afdb7a7685abd0130ccd2f214662b086eb7320c296ee83fc6448e
Status: Downloaded newer image for jpetazzo/dind:latest
 ---> a01520066cae
Step 2/11 : LABEL maintainer="Shanqing Cai <cais@google.com>"
 ---> Running in 5d790e8ffd5f
Removing intermediate container 5d790e8ffd5f
 ---> db8b68458b8f
Step 3/11 : RUN apt-get update
 ---> Running in 08c9381b21fa
Get:1 http://security.ubuntu.com trusty-security InRelease [65.9 kB]
Get:2 http://security.ubuntu.com trusty-security/universe Sources [126 kB]
Get:3 http://security.ubuntu.com trusty-security/main amd64 Packages [1032 kB]
Ign http://archive.ubuntu.com trusty InRelease
Get:4 http://archive.ubuntu.com trusty-updates InRelease [65.9 kB]
Get:5 http://security.ubuntu.com trusty-security/restricted amd64 Packages [18.1 kB]
Get:6 http://security.ubuntu.com trusty-security/universe amd64 Packages [377 kB]
Get:7 http://security.ubuntu.com trusty-security/multiverse amd64 Packages [4730 B]
Hit http://archive.ubuntu.com trusty-backports InRelease
Hit http://archive.ubuntu.com trusty Release.gpg
Get:8 http://archive.ubuntu.com trusty-updates/universe Sources [288 kB]
Get:9 http://archive.ubuntu.com trusty-updates/main amd64 Packages [1460 kB]
Get:10 http://archive.ubuntu.com trusty-updates/restricted amd64 Packages [21.4 kB]
Get:11 http://archive.ubuntu.com trusty-updates/universe amd64 Packages [671 kB]
Get:12 http://archive.ubuntu.com trusty-updates/multiverse amd64 Packages [16.1 kB]
Hit http://archive.ubuntu.com trusty-backports/main amd64 Packages
Hit http://archive.ubuntu.com trusty-backports/restricted amd64 Packages
Hit http://archive.ubuntu.com trusty-backports/universe amd64 Packages
Hit http://archive.ubuntu.com trusty-backports/multiverse amd64 Packages
Hit http://archive.ubuntu.com trusty Release
Hit http://archive.ubuntu.com trusty/universe Sources
Hit http://archive.ubuntu.com trusty/main amd64 Packages
Hit http://archive.ubuntu.com trusty/restricted amd64 Packages
Hit http://archive.ubuntu.com trusty/universe amd64 Packages
Hit http://archive.ubuntu.com trusty/multiverse amd64 Packages
Fetched 4190 kB in 3s (1061 kB/s)
Reading package lists...
[91mW: Size of file /var/lib/apt/lists/archive.ubuntu.com_ubuntu_dists_trusty-updates_restricted_binary-amd64_Packages.gz is not what the server reported 21365 21381
[0mRemoving intermediate container 08c9381b21fa
 ---> a962cea98679
Step 4/11 : RUN apt-get install -y --no-install-recommends     build-essential     git     software-properties-common
 ---> Running in b58764d4781b
Reading package lists...
Building dependency tree...
Reading state information...
The following extra packages will be installed:
  binutils cpp cpp-4.8 dpkg-dev g++ g++-4.8 gcc gcc-4.8 gir1.2-glib-2.0
  git-man iso-codes libasan0 libatomic1 libc-dev-bin libc6 libc6-dev
  libcloog-isl4 libdbus-glib-1-2 libdpkg-perl liberror-perl libgcc-4.8-dev
  libgirepository-1.0-1 libgmp10 libgomp1 libisl10 libitm1 libmpc3 libmpfr4
  libquadmath0 libstdc++-4.8-dev libtimedate-perl libtsan0 linux-libc-dev make
  patch python-apt-common python3-apt python3-dbus python3-gi python3-pycurl
  python3-software-properties unattended-upgrades
Suggested packages:
  binutils-doc cpp-doc gcc-4.8-locales debian-keyring g++-multilib
  g++-4.8-multilib gcc-4.8-doc libstdc++6-4.8-dbg gcc-multilib manpages-dev
  autoconf automake1.9 libtool flex bison gdb gcc-doc gcc-4.8-multilib
  libgcc1-dbg libgomp1-dbg libitm1-dbg libatomic1-dbg libasan0-dbg
  libtsan0-dbg libquadmath0-dbg gettext-base git-daemon-run
  git-daemon-sysvinit git-doc git-el git-email git-gui gitk gitweb git-arch
  git-bzr git-cvs git-mediawiki git-svn isoquery glibc-doc libstdc++-4.8-doc
  make-doc ed diffutils-doc python3-apt-dbg python-apt-doc python-dbus-doc
  python3-dbus-dbg libcurl4-gnutls-dev python3-pycurl-dbg bsd-mailx
  mail-transport-agent
Recommended packages:
  fakeroot libalgorithm-merge-perl ssh-client libfile-fcntllock-perl
The following NEW packages will be installed:
  binutils build-essential cpp cpp-4.8 dpkg-dev g++ g++-4.8 gcc gcc-4.8
  gir1.2-glib-2.0 git git-man iso-codes libasan0 libatomic1 libc-dev-bin
  libc6-dev libcloog-isl4 libdbus-glib-1-2 libdpkg-perl liberror-perl
  libgcc-4.8-dev libgirepository-1.0-1 libgmp10 libgomp1 libisl10 libitm1
  libmpc3 libmpfr4 libquadmath0 libstdc++-4.8-dev libtimedate-perl libtsan0
  linux-libc-dev make patch python-apt-common python3-apt python3-dbus
  python3-gi python3-pycurl python3-software-properties
  software-properties-common unattended-upgrades
The following packages will be upgraded:
  libc6
1 upgraded, 44 newly installed, 0 to remove and 71 not upgraded.
Need to get 48.6 MB of archives.
After this operation, 154 MB of additional disk space will be used.
Get:1 http://archive.ubuntu.com/ubuntu/ trusty-updates/main libc6 amd64 2.19-0ubuntu6.15 [4727 kB]
Get:2 http://archive.ubuntu.com/ubuntu/ trusty/main libdbus-glib-1-2 amd64 0.100.2-1 [74.1 kB]
Get:3 http://archive.ubuntu.com/ubuntu/ trusty-updates/main libasan0 amd64 4.8.4-2ubuntu1~14.04.4 [63.1 kB]
Get:4 http://archive.ubuntu.com/ubuntu/ trusty-updates/main libatomic1 amd64 4.8.4-2ubuntu1~14.04.4 [8630 B]
Get:5 http://archive.ubuntu.com/ubuntu/ trusty/main libgmp10 amd64 2:5.1.3+dfsg-1ubuntu1 [218 kB]
Get:6 http://archive.ubuntu.com/ubuntu/ trusty/main libisl10 amd64 0.12.2-1 [419 kB]
Get:7 http://archive.ubuntu.com/ubuntu/ trusty/main libcloog-isl4 amd64 0.18.2-1 [57.5 kB]
Get:8 http://archive.ubuntu.com/ubuntu/ trusty-updates/main libgomp1 amd64 4.8.4-2ubuntu1~14.04.4 [23.1 kB]
Get:9 http://archive.ubuntu.com/ubuntu/ trusty-updates/main libitm1 amd64 4.8.4-2ubuntu1~14.04.4 [28.6 kB]
Get:10 http://archive.ubuntu.com/ubuntu/ trusty/main libmpfr4 amd64 3.1.2-1 [203 kB]
Get:11 http://archive.ubuntu.com/ubuntu/ trusty-updates/main libquadmath0 amd64 4.8.4-2ubuntu1~14.04.4 [126 kB]
Get:12 http://archive.ubuntu.com/ubuntu/ trusty-updates/main libtsan0 amd64 4.8.4-2ubuntu1~14.04.4 [94.8 kB]
Get:13 http://archive.ubuntu.com/ubuntu/ trusty/main libmpc3 amd64 1.0.1-1ubuntu1 [38.4 kB]
Get:14 http://archive.ubuntu.com/ubuntu/ trusty-updates/main libgirepository-1.0-1 amd64 1.40.0-1ubuntu0.2 [85.6 kB]
Get:15 http://archive.ubuntu.com/ubuntu/ trusty-updates/main gir1.2-glib-2.0 amd64 1.40.0-1ubuntu0.2 [124 kB]
Get:16 http://archive.ubuntu.com/ubuntu/ trusty/main iso-codes all 3.52-1 [2073 kB]
Get:17 http://archive.ubuntu.com/ubuntu/ trusty-updates/main python-apt-common all 0.9.3.5ubuntu3 [15.0 kB]
Get:18 http://archive.ubuntu.com/ubuntu/ trusty-updates/main python3-apt amd64 0.9.3.5ubuntu3 [139 kB]
Get:19 http://archive.ubuntu.com/ubuntu/ trusty/main python3-dbus amd64 1.2.0-2build2 [82.1 kB]
Get:20 http://archive.ubuntu.com/ubuntu/ trusty-updates/main python3-gi amd64 3.12.0-1ubuntu1 [154 kB]
Get:21 http://archive.ubuntu.com/ubuntu/ trusty-updates/main binutils amd64 2.24-5ubuntu14.2 [2076 kB]
Get:22 http://archive.ubuntu.com/ubuntu/ trusty-updates/main libc-dev-bin amd64 2.19-0ubuntu6.15 [68.9 kB]
Get:23 http://archive.ubuntu.com/ubuntu/ trusty-updates/main linux-libc-dev amd64 3.13.0-170.220 [772 kB]
Get:24 http://archive.ubuntu.com/ubuntu/ trusty-updates/main libc6-dev amd64 2.19-0ubuntu6.15 [1913 kB]
Get:25 http://archive.ubuntu.com/ubuntu/ trusty-updates/main cpp-4.8 amd64 4.8.4-2ubuntu1~14.04.4 [4452 kB]
Get:26 http://archive.ubuntu.com/ubuntu/ trusty/main cpp amd64 4:4.8.2-1ubuntu6 [27.5 kB]
Get:27 http://archive.ubuntu.com/ubuntu/ trusty-updates/main libgcc-4.8-dev amd64 4.8.4-2ubuntu1~14.04.4 [1688 kB]
Get:28 http://archive.ubuntu.com/ubuntu/ trusty-updates/main gcc-4.8 amd64 4.8.4-2ubuntu1~14.04.4 [5040 kB]
Get:29 http://archive.ubuntu.com/ubuntu/ trusty/main gcc amd64 4:4.8.2-1ubuntu6 [5098 B]
Get:30 http://archive.ubuntu.com/ubuntu/ trusty-updates/main libstdc++-4.8-dev amd64 4.8.4-2ubuntu1~14.04.4 [1051 kB]
Get:31 http://archive.ubuntu.com/ubuntu/ trusty-updates/main g++-4.8 amd64 4.8.4-2ubuntu1~14.04.4 [18.0 MB]
Get:32 http://archive.ubuntu.com/ubuntu/ trusty/main g++ amd64 4:4.8.2-1ubuntu6 [1490 B]
Get:33 http://archive.ubuntu.com/ubuntu/ trusty/main make amd64 3.81-8.2ubuntu3 [119 kB]
Get:34 http://archive.ubuntu.com/ubuntu/ trusty/main libtimedate-perl all 2.3000-1 [37.2 kB]
Get:35 http://archive.ubuntu.com/ubuntu/ trusty-updates/main libdpkg-perl all 1.17.5ubuntu5.8 [179 kB]
Get:36 http://archive.ubuntu.com/ubuntu/ trusty-updates/main patch amd64 2.7.1-4ubuntu2.4 [86.9 kB]
Get:37 http://archive.ubuntu.com/ubuntu/ trusty-updates/main dpkg-dev all 1.17.5ubuntu5.8 [726 kB]
Get:38 http://archive.ubuntu.com/ubuntu/ trusty/main build-essential amd64 11.6ubuntu6 [4838 B]
Get:39 http://archive.ubuntu.com/ubuntu/ trusty/main liberror-perl all 0.17-1.1 [21.1 kB]
Get:40 http://archive.ubuntu.com/ubuntu/ trusty-updates/main git-man all 1:1.9.1-1ubuntu0.10 [700 kB]
Get:41 http://archive.ubuntu.com/ubuntu/ trusty-updates/main git amd64 1:1.9.1-1ubuntu0.10 [2737 kB]
Get:42 http://archive.ubuntu.com/ubuntu/ trusty/main python3-pycurl amd64 7.19.3-0ubuntu3 [47.5 kB]
Get:43 http://archive.ubuntu.com/ubuntu/ trusty-updates/main unattended-upgrades all 0.82.1ubuntu2.5 [25.6 kB]
Get:44 http://archive.ubuntu.com/ubuntu/ trusty-updates/main python3-software-properties all 0.92.37.8 [19.2 kB]
Get:45 http://archive.ubuntu.com/ubuntu/ trusty-updates/main software-properties-common all 0.92.37.8 [9384 B]
[91mdebconf: unable to initialize frontend: Dialog
debconf: (TERM is not set, so the dialog frontend is not usable.)
debconf: falling back to frontend: Readline
[0m[91mdebconf: unable to initialize frontend: Readline
debconf: (This frontend requires a controlling tty.)
debconf: falling back to frontend: Teletype
[0m[91mdpkg-preconfigure: unable to re-open stdin: 
[0mFetched 48.6 MB in 6s (7137 kB/s)
(Reading database ... 15183 files and directories currently installed.)
Preparing to unpack .../libc6_2.19-0ubuntu6.15_amd64.deb ...
[91mdebconf: unable to initialize frontend: Dialog
debconf: (TERM is not set, so the dialog frontend is not usable.)
debconf: falling back to frontend: Readline
[0m[91mdebconf: unable to initialize frontend: Readline
debconf: (This frontend requires a controlling tty.)
debconf: falling back to frontend: Teletype
[0mUnpacking libc6:amd64 (2.19-0ubuntu6.15) over (2.19-0ubuntu6.14) ...
Setting up libc6:amd64 (2.19-0ubuntu6.15) ...
[91mdebconf: unable to initialize frontend: Dialog
debconf: (TERM is not set, so the dialog frontend is not usable.)
debconf: falling back to frontend: Readline
[0m[91mdebconf: unable to initialize frontend: Readline
[0m[91mdebconf: (This frontend requires a controlling tty.)
debconf: falling back to frontend: Teletype
[0mProcessing triggers for libc-bin (2.19-0ubuntu6.14) ...
Selecting previously unselected package libdbus-glib-1-2:amd64.
(Reading database ... 15183 files and directories currently installed.)
Preparing to unpack .../libdbus-glib-1-2_0.100.2-1_amd64.deb ...
Unpacking libdbus-glib-1-2:amd64 (0.100.2-1) ...
Selecting previously unselected package libasan0:amd64.
Preparing to unpack .../libasan0_4.8.4-2ubuntu1~14.04.4_amd64.deb ...
Unpacking libasan0:amd64 (4.8.4-2ubuntu1~14.04.4) ...
Selecting previously unselected package libatomic1:amd64.
Preparing to unpack .../libatomic1_4.8.4-2ubuntu1~14.04.4_amd64.deb ...
Unpacking libatomic1:amd64 (4.8.4-2ubuntu1~14.04.4) ...
Selecting previously unselected package libgmp10:amd64.
Preparing to unpack .../libgmp10_2%3a5.1.3+dfsg-1ubuntu1_amd64.deb ...
Unpacking libgmp10:amd64 (2:5.1.3+dfsg-1ubuntu1) ...
Selecting previously unselected package libisl10:amd64.
Preparing to unpack .../libisl10_0.12.2-1_amd64.deb ...
Unpacking libisl10:amd64 (0.12.2-1) ...
Selecting previously unselected package libcloog-isl4:amd64.
Preparing to unpack .../libcloog-isl4_0.18.2-1_amd64.deb ...
Unpacking libcloog-isl4:amd64 (0.18.2-1) ...
Selecting previously unselected package libgomp1:amd64.
Preparing to unpack .../libgomp1_4.8.4-2ubuntu1~14.04.4_amd64.deb ...
Unpacking libgomp1:amd64 (4.8.4-2ubuntu1~14.04.4) ...
Selecting previously unselected package libitm1:amd64.
Preparing to unpack .../libitm1_4.8.4-2ubuntu1~14.04.4_amd64.deb ...
Unpacking libitm1:amd64 (4.8.4-2ubuntu1~14.04.4) ...
Selecting previously unselected package libmpfr4:amd64.
Preparing to unpack .../libmpfr4_3.1.2-1_amd64.deb ...
Unpacking libmpfr4:amd64 (3.1.2-1) ...
Selecting previously unselected package libquadmath0:amd64.
Preparing to unpack .../libquadmath0_4.8.4-2ubuntu1~14.04.4_amd64.deb ...
Unpacking libquadmath0:amd64 (4.8.4-2ubuntu1~14.04.4) ...
Selecting previously unselected package libtsan0:amd64.
Preparing to unpack .../libtsan0_4.8.4-2ubuntu1~14.04.4_amd64.deb ...
Unpacking libtsan0:amd64 (4.8.4-2ubuntu1~14.04.4) ...
Selecting previously unselected package libmpc3:amd64.
Preparing to unpack .../libmpc3_1.0.1-1ubuntu1_amd64.deb ...
Unpacking libmpc3:amd64 (1.0.1-1ubuntu1) ...
Selecting previously unselected package libgirepository-1.0-1.
Preparing to unpack .../libgirepository-1.0-1_1.40.0-1ubuntu0.2_amd64.deb ...
Unpacking libgirepository-1.0-1 (1.40.0-1ubuntu0.2) ...
Selecting previously unselected package gir1.2-glib-2.0.
Preparing to unpack .../gir1.2-glib-2.0_1.40.0-1ubuntu0.2_amd64.deb ...
Unpacking gir1.2-glib-2.0 (1.40.0-1ubuntu0.2) ...
Selecting previously unselected package iso-codes.
Preparing to unpack .../iso-codes_3.52-1_all.deb ...
Unpacking iso-codes (3.52-1) ...
Selecting previously unselected package python-apt-common.
Preparing to unpack .../python-apt-common_0.9.3.5ubuntu3_all.deb ...
Unpacking python-apt-common (0.9.3.5ubuntu3) ...
Selecting previously unselected package python3-apt.
Preparing to unpack .../python3-apt_0.9.3.5ubuntu3_amd64.deb ...
Unpacking python3-apt (0.9.3.5ubuntu3) ...
Selecting previously unselected package python3-dbus.
Preparing to unpack .../python3-dbus_1.2.0-2build2_amd64.deb ...
Unpacking python3-dbus (1.2.0-2build2) ...
Selecting previously unselected package python3-gi.
Preparing to unpack .../python3-gi_3.12.0-1ubuntu1_amd64.deb ...
Unpacking python3-gi (3.12.0-1ubuntu1) ...
Selecting previously unselected package binutils.
Preparing to unpack .../binutils_2.24-5ubuntu14.2_amd64.deb ...
Unpacking binutils (2.24-5ubuntu14.2) ...
Selecting previously unselected package libc-dev-bin.
Preparing to unpack .../libc-dev-bin_2.19-0ubuntu6.15_amd64.deb ...
Unpacking libc-dev-bin (2.19-0ubuntu6.15) ...
Selecting previously unselected package linux-libc-dev:amd64.
Preparing to unpack .../linux-libc-dev_3.13.0-170.220_amd64.deb ...
Unpacking linux-libc-dev:amd64 (3.13.0-170.220) ...
Selecting previously unselected package libc6-dev:amd64.
Preparing to unpack .../libc6-dev_2.19-0ubuntu6.15_amd64.deb ...
Unpacking libc6-dev:amd64 (2.19-0ubuntu6.15) ...
Selecting previously unselected package cpp-4.8.
Preparing to unpack .../cpp-4.8_4.8.4-2ubuntu1~14.04.4_amd64.deb ...
Unpacking cpp-4.8 (4.8.4-2ubuntu1~14.04.4) ...
Selecting previously unselected package cpp.
Preparing to unpack .../cpp_4%3a4.8.2-1ubuntu6_amd64.deb ...
Unpacking cpp (4:4.8.2-1ubuntu6) ...
Selecting previously unselected package libgcc-4.8-dev:amd64.
Preparing to unpack .../libgcc-4.8-dev_4.8.4-2ubuntu1~14.04.4_amd64.deb ...
Unpacking libgcc-4.8-dev:amd64 (4.8.4-2ubuntu1~14.04.4) ...
Selecting previously unselected package gcc-4.8.
Preparing to unpack .../gcc-4.8_4.8.4-2ubuntu1~14.04.4_amd64.deb ...
Unpacking gcc-4.8 (4.8.4-2ubuntu1~14.04.4) ...
Selecting previously unselected package gcc.
Preparing to unpack .../gcc_4%3a4.8.2-1ubuntu6_amd64.deb ...
Unpacking gcc (4:4.8.2-1ubuntu6) ...
Selecting previously unselected package libstdc++-4.8-dev:amd64.
Preparing to unpack .../libstdc++-4.8-dev_4.8.4-2ubuntu1~14.04.4_amd64.deb ...
Unpacking libstdc++-4.8-dev:amd64 (4.8.4-2ubuntu1~14.04.4) ...
Selecting previously unselected package g++-4.8.
Preparing to unpack .../g++-4.8_4.8.4-2ubuntu1~14.04.4_amd64.deb ...
Unpacking g++-4.8 (4.8.4-2ubuntu1~14.04.4) ...
Selecting previously unselected package g++.
Preparing to unpack .../g++_4%3a4.8.2-1ubuntu6_amd64.deb ...
Unpacking g++ (4:4.8.2-1ubuntu6) ...
Selecting previously unselected package make.
Preparing to unpack .../make_3.81-8.2ubuntu3_amd64.deb ...
Unpacking make (3.81-8.2ubuntu3) ...
Selecting previously unselected package libtimedate-perl.
Preparing to unpack .../libtimedate-perl_2.3000-1_all.deb ...
Unpacking libtimedate-perl (2.3000-1) ...
Selecting previously unselected package libdpkg-perl.
Preparing to unpack .../libdpkg-perl_1.17.5ubuntu5.8_all.deb ...
Unpacking libdpkg-perl (1.17.5ubuntu5.8) ...
Selecting previously unselected package patch.
Preparing to unpack .../patch_2.7.1-4ubuntu2.4_amd64.deb ...
Unpacking patch (2.7.1-4ubuntu2.4) ...
Selecting previously unselected package dpkg-dev.
Preparing to unpack .../dpkg-dev_1.17.5ubuntu5.8_all.deb ...
Unpacking dpkg-dev (1.17.5ubuntu5.8) ...
Selecting previously unselected package build-essential.
Preparing to unpack .../build-essential_11.6ubuntu6_amd64.deb ...
Unpacking build-essential (11.6ubuntu6) ...
Selecting previously unselected package liberror-perl.
Preparing to unpack .../liberror-perl_0.17-1.1_all.deb ...
Unpacking liberror-perl (0.17-1.1) ...
Selecting previously unselected package git-man.
Preparing to unpack .../git-man_1%3a1.9.1-1ubuntu0.10_all.deb ...
Unpacking git-man (1:1.9.1-1ubuntu0.10) ...
Selecting previously unselected package git.
Preparing to unpack .../git_1%3a1.9.1-1ubuntu0.10_amd64.deb ...
Unpacking git (1:1.9.1-1ubuntu0.10) ...
Selecting previously unselected package python3-pycurl.
Preparing to unpack .../python3-pycurl_7.19.3-0ubuntu3_amd64.deb ...
Unpacking python3-pycurl (7.19.3-0ubuntu3) ...
Selecting previously unselected package unattended-upgrades.
Preparing to unpack .../unattended-upgrades_0.82.1ubuntu2.5_all.deb ...
Unpacking unattended-upgrades (0.82.1ubuntu2.5) ...
Selecting previously unselected package python3-software-properties.
Preparing to unpack .../python3-software-properties_0.92.37.8_all.deb ...
Unpacking python3-software-properties (0.92.37.8) ...
Selecting previously unselected package software-properties-common.
Preparing to unpack .../software-properties-common_0.92.37.8_all.deb ...
Unpacking software-properties-common (0.92.37.8) ...
Processing triggers for ureadahead (0.100.0-16) ...
Setting up libdbus-glib-1-2:amd64 (0.100.2-1) ...
Setting up libasan0:amd64 (4.8.4-2ubuntu1~14.04.4) ...
Setting up libatomic1:amd64 (4.8.4-2ubuntu1~14.04.4) ...
Setting up libgmp10:amd64 (2:5.1.3+dfsg-1ubuntu1) ...
Setting up libisl10:amd64 (0.12.2-1) ...
Setting up libcloog-isl4:amd64 (0.18.2-1) ...
Setting up libgomp1:amd64 (4.8.4-2ubuntu1~14.04.4) ...
Setting up libitm1:amd64 (4.8.4-2ubuntu1~14.04.4) ...
Setting up libmpfr4:amd64 (3.1.2-1) ...
Setting up libquadmath0:amd64 (4.8.4-2ubuntu1~14.04.4) ...
Setting up libtsan0:amd64 (4.8.4-2ubuntu1~14.04.4) ...
Setting up libmpc3:amd64 (1.0.1-1ubuntu1) ...
Setting up libgirepository-1.0-1 (1.40.0-1ubuntu0.2) ...
Setting up gir1.2-glib-2.0 (1.40.0-1ubuntu0.2) ...
Setting up iso-codes (3.52-1) ...
Setting up python-apt-common (0.9.3.5ubuntu3) ...
Setting up python3-apt (0.9.3.5ubuntu3) ...
Setting up python3-dbus (1.2.0-2build2) ...
Setting up python3-gi (3.12.0-1ubuntu1) ...
Setting up binutils (2.24-5ubuntu14.2) ...
Setting up libc-dev-bin (2.19-0ubuntu6.15) ...
Setting up linux-libc-dev:amd64 (3.13.0-170.220) ...
Setting up libc6-dev:amd64 (2.19-0ubuntu6.15) ...
Setting up cpp-4.8 (4.8.4-2ubuntu1~14.04.4) ...
Setting up cpp (4:4.8.2-1ubuntu6) ...
Setting up libgcc-4.8-dev:amd64 (4.8.4-2ubuntu1~14.04.4) ...
Setting up gcc-4.8 (4.8.4-2ubuntu1~14.04.4) ...
Setting up gcc (4:4.8.2-1ubuntu6) ...
Setting up libstdc++-4.8-dev:amd64 (4.8.4-2ubuntu1~14.04.4) ...
Setting up g++-4.8 (4.8.4-2ubuntu1~14.04.4) ...
Setting up g++ (4:4.8.2-1ubuntu6) ...
update-alternatives: using /usr/bin/g++ to provide /usr/bin/c++ (c++) in auto mode
Setting up make (3.81-8.2ubuntu3) ...
Setting up libtimedate-perl (2.3000-1) ...
Setting up libdpkg-perl (1.17.5ubuntu5.8) ...
Setting up patch (2.7.1-4ubuntu2.4) ...
Setting up dpkg-dev (1.17.5ubuntu5.8) ...
Setting up build-essential (11.6ubuntu6) ...
Setting up liberror-perl (0.17-1.1) ...
Setting up git-man (1:1.9.1-1ubuntu0.10) ...
Setting up git (1:1.9.1-1ubuntu0.10) ...
Setting up python3-pycurl (7.19.3-0ubuntu3) ...
Setting up unattended-upgrades (0.82.1ubuntu2.5) ...
[91mdebconf: unable to initialize frontend: Dialog
debconf: (TERM is not set, so the dialog frontend is not usable.)
debconf: falling back to frontend: Readline
[0m[91mdebconf: unable to initialize frontend: Readline
debconf: (This frontend requires a controlling tty.)
debconf: falling back to frontend: Teletype
[0mProcessing triggers for ureadahead (0.100.0-16) ...
Setting up python3-software-properties (0.92.37.8) ...
Setting up software-properties-common (0.92.37.8) ...
Processing triggers for libc-bin (2.19-0ubuntu6.14) ...
Removing intermediate container b58764d4781b
 ---> d31a3285a979
Step 5/11 : RUN wget https://storage.googleapis.com/golang/go1.4.2.linux-amd64.tar.gz
 ---> Running in 58fef42e20df
[91m--2020-04-16 01:41:05--  https://storage.googleapis.com/golang/go1.4.2.linux-amd64.tar.gz
[0m[91mResolving storage.googleapis.com (storage.googleapis.com)... [0m[91m74.125.124.128, 2607:f8b0:4001:c05::80
Connecting to storage.googleapis.com (storage.googleapis.com)|74.125.124.128|:443... [0m[91mconnected.
[0m[91mHTTP request sent, awaiting response... [0m[91m200 OK
Length: 62442704 (60M) [application/x-gzip]
[0m[91mSaving to: 'go1.4.2.linux-amd64.tar.gz'

     0K .......... .......[0m[91m... .......... ...[0m[91m....... ..........  0% 45.9M 1s
    50K ..........[0m[91m ........[0m[91m.. .......... ........[0m[91m.. ........[0m[91m..  0% 42.1M 1s
   100K .......... ....[0m[91m...... .......... .....[0m[91m..... ......[0m[91m....  0% 47.6M 1s
   150K ......[0m[91m.... ......[0m[91m.... .........[0m[91m. ..........[0m[91m ..........  0% 47.8M 1s[0m[91m
   200K ..........[0m[91m .........[0m[91m. ...[0m[91m....... [0m[91m.......... ......[0m[91m....  0% 42.4M 1s
   250K .....[0m[91m..... ..[0m[91m........ .....[0m[91m..... ......[0m[91m.... ....[0m[91m......  0% 51.2M 1s
   300K .......[0m[91m... .......... ..[0m[91m........ ......[0m[91m.... ..........  0% 51.9M 1s
   350K .[0m[91m.......[0m[91m.. .......... .[0m[91m......... ...[0m[91m....... ....[0m[91m......  0% 50.9M 1s
   400K ...[0m[91m....... .........[0m[91m. ..........[0m[91m .......... ...[0m[91m.......  0% 48.5M 1s
   450K ........[0m[91m.. .......... .[0m[91m......... ..[0m[91m........ ..........  0% 50.3M 1s[0m[91m
   500K .......... ......[0m[91m.... .......... .[0m[91m......... ..[0m[91m........  0% 52.5M 1s
   550K ..........[0m[91m .......... .........[0m[91m. .......... ..[0m[91m........  0% 50.1M 1s
   600K .......[0m[91m... .......... ....[0m[91m...... .......... ..........  1% 15.7M 1s
   650K .......... .......... .......... .......[0m[91m... ..........  1% 24.7M 1s
   700K .......... .......... .......... .......... ..........  1% 36.6M 1s
   750K .......... .......... .......... .......... ..........  1% 34.5M 2s
   800K .......... .........[0m[91m. .......... .......... ..........  1% 36.6M 2s
   850K ........[0m[91m.. ..[0m[91m..[0m[91m....[0m[91m.. .[0m[91m....[0m[91m...[0m[91m..[0m[91m ...[0m[91m.....[0m[91m.. .[0m[91m...[0m[91m..[0m[91m....  1% 21.3M 2s[0m[91m
   900K[0m[91m ..[0m[91m.....[0m[91m...[0m[91m .[0m[91m...[0m[91m....[0m[91m..[0m[91m ...[0m[91m....[0m[91m... .[0m[91m...[0m[91m..[0m[91m...[0m[91m.[0m[91m ...[0m[91m...[0m[91m..[0m[91m..  1% 18.9M 2s
   950K ..[0m[91m...[0m[91m.[0m[91m.... ..[0m[91m.....[0m[91m... ..[0m[91m......[0m[91m.. ..[0m[91m.....[0m[91m.[0m[91m.. .[0m[91m.....[0m[91m....  1% 23.2M 2s
  1000K ..[0m[91m....[0m[91m..[0m[91m.. .....[0m[91m....[0m[91m. ...[0m[91m.[0m[91m......[0m[91m ........[0m[91m.. .[0m[91m.........  1% 26.4M 2s
  1050K ....[0m[91m...... ..[0m[91m........[0m[91m ........[0m[91m.. ......[0m[91m.... ..........  1% 47.1M 2s
  1100K ..[0m[91m........[0m[91m ........[0m[91m.. ......[0m[91m.... .......... ..[0m[91m........  1% 51.0M 2s
  1150K ........[0m[91m..[0m[91m ......[0m[91m.... .......... ..[0m[91m........ ........[0m[91m..  1% 42.2M 2s
  1200K ......[0m[91m.... ....[0m[91m...... ..[0m[91m........[0m[91m ........[0m[91m.. ......[0m[91m....  2% 39.7M 2s
  1250K ....[0m[91m...... ..[0m[91m........ ........[0m[91m.. ......[0m[91m.... .......[0m[91m...  2% 50.6M 2s
  1300K ..[0m[91m........ ........[0m[91m.[0m[91m. ......[0m[91m.... ....[0m[91m...... ..[0m[91m........  2% 51.5M 2s[0m[91m
  1350K ........[0m[91m.. .......... ....[0m[91m...... ..........[0m[91m ........[0m[91m..  2% 42.4M 2s
  1400K ......[0m[91m.... .......... ..[0m[91m........[0m[91m ........[0m[91m.. ..........  2% 50.3M 2s
  1450K ....[0m[91m...... ..........[0m[91m .......... ......[0m[91m.... ....[0m[91m......  2% 49.2M 2s
  1500K ..[0m[91m........[0m[91m ........[0m[91m.. ......[0m[91m.... ....[0m[91m...... ..........  2% 44.1M 2s[0m[91m
  1550K .[0m[91m......... ......[0m[91m.... .......[0m[91m... ..[0m[91m........[0m[91m ..........  2% 45.7M 2s
  1600K ......[0m[91m.... ....[0m[91m...... ..[0m[91m........[0m[91m ........[0m[91m.. ......[0m[91m....  2% 46.7M 2s
  1650K ....[0m[91m...... ..........[0m[91m [0m[91m........[0m[91m.. ......[0m[91m.... .......[0m[91m...  2% 49.3M 2s
  1700K ..[0m[91m........ ........[0m[91m.. .......... ....[0m[91m...... ..[0m[91m........  2% 38.0M 2s[0m[91m
  1750K ........[0m[91m.. ......[0m[91m.... ....[0m[91m...... ..[0m[91m........ ........[0m[91m..  2% 41.0M 2s
  1800K .......... ....[0m[91m...... ..[0m[91m........[0m[91m ........[0m[91m.. ..........  3% 48.7M 2s
  1850K ....[0m[91m.[0m[91m..... ..........[0m[91m ........[0m[91m.. ......[0m[91m.... ....[0m[91m......  3% 50.0M 1s
  1900K ..[0m[91m........[0m[91m ........[0m[91m.. ......[0m[91m.... ....[0m[91m...... ..[0m[91m........  3% 39.7M 1s
  1950K[0m[91m ........[0m[91m.. ......[0m[91m.... .......... ..[0m[91m........ ........[0m[91m..  3% 51.4M 1s
  2000K .......... .......... ..[0m[91m........ ........[0m[91m.. ..........  3% 66.2M 1s
  2050K ........[0m[91m.. .......... ........[0m[91m.. .......... ....[0m[91m......  3% 73.6M 1s
  2100K ..........[0m[91m .......... ......[0m[91m.... .......... ..[0m[91m........  3% 73.2M 1s
  2150K .......... ......[0m[91m.... .......... ..[0m[91m........ ..........  3% 68.3M 1s
  2200K ......[0m[91m.... .......... ..[0m[91m........ ........[0m[91m.. ..........  3% 71.6M 1s
  2250K ....[0m[91m...... ..[0m[91m........ .......... .......... ....[0m[91m......  3% 91.0M 1s
  2300K ..[0m[91m........ ........[0m[91m.. .......... ....[0m[91m...... ..........  3% 74.8M 1s[0m[91m
  2350K .......... ......[0m[91m.... ....[0m[91m...... ..........[0m[91m ..........  3% 64.1M 1s
  2400K ......[0m[91m.... .......... ..[0m[91m........ .......... ......[0m[91m....  4% 88.8M 1s
  2450K .......... ..[0m[91m........ ........[0m[91m.. .......... ....[0m[91m......  4% 69.7M 1s
  2500K ..........[0m[91m .......... ......[0m[91m.... .......... ..[0m[91m........  4% 82.0M 1s
  2550K ........[0m[91m.. .......... .......... ..........[0m[91m ..........  4% 68.4M 1s
  2600K ......[0m[91m.... .......... ..[0m[91m........ ........[0m[91m.. ..........  4% 70.6M 1s
  2650K ....[0m[91m...... ..........[0m[91m .......... ......[0m[91m.... ..........  4% 59.5M 1s
  2700K ..[0m[91m........ .......... ......[0m[91m.... ....[0m[91m...... ..........  4% 65.8M 1s[0m[91m
  2750K .......... .......... ....[0m[91m...... ..........[0m[91m ..........  4% 59.2M 1s
  2800K ......[0m[91m.... .......... ..[0m[91m........[0m[91m .......... ......[0m[91m....  4% 60.6M 1s
  2850K .......... ..[0m[91m........[0m[91m .......... ......[0m[91m.... ..........  4% 66.1M 1s
  2900K ..........[0m[91m ........[0m[91m.. ......[0m[91m.... .......... ..[0m[91m........  4% 65.2M 1s[0m[91m
  2950K .......... .......... ....[0m[91m...... .......... ..........  4% 62.9M 1s[0m[91m
  3000K ......[0m[91m.... .......... ..[0m[91m........[0m[91m .......... ......[0m[91m....  5% 55.6M 1s
  3050K ....[0m[91m...... ..........[0m[91m .......... ......[0m[91m.... ....[0m[91m......  5% 62.6M 1s
  3100K .......... ........[0m[91m.. .......... ....[0m[91m...... ..[0m[91m........  5% 76.1M 1s
  3150K ........[0m[91m.. .......... .......... ..[0m[91m........ ........[0m[91m..  5% 65.7M 1s
  3200K .......... ....[0m[91m...... ..[0m[91m........ ........[0m[91m.. ..........  5% 56.1M 1s
  3250K ....[0m[91m...... ..........[0m[91m .......... .......... ....[0m[91m......  5% 83.5M 1s
  3300K ..[0m[91m........[0m[91m .......... .......... ....[0m[91m...... ..........  5% 46.2M 1s
  3350K .......... .......... .......... .......... ..........  5% 70.5M 1s
  3400K .......... .......... .......... .......... ..........  5% 67.1M 1s
  3450K .......... .......... .......... .......... ..........  5% 67.6M 1s
  3500K .......... .......... .......... .......... ..........  5% 69.6M 1s
  3550K .......... .......... .......... .......... ..........  5% 58.5M 1s
  3600K .......... .......... .......... .......... ..........  5% 73.5M 1s
  3650K .......... .......... .......... .......... ..........  6% 80.3M 1s
  3700K .......... .......... .......... .......... ..........  6% 71.7M 1s
  3750K .......... .......... .......... .......... ..........  6% 62.1M 1s
  3800K .......... .......... ..[0m[91m........ .......... ..........  6% 61.3M 1s
  3850K .......... .......... .......... .......... ..........  6% 79.3M 1s
  3900K .......... .......... .......... .......... ..........  6%  115M 1s
  3950K .......... .......... .......... .......... ..........  6%  134M 1s
  4000K .......... .......... .......... .......... ..........  6% 91.1M 1s
  4050K .......... ..........[0m[91m .......... .......... ......[0m[91m....  6%  671K 2s
  4100K .......... ..[0m[91m........ .......... ......[0m[91m.... ..........  6% 65.2M 2s
  4150K ..........[0m[91m ........[0m[91m.. .......... ....[0m[91m...... ..........  6% 78.0M 2s[0m[91m
  4200K .......... ......[0m[91m.... ....[0m[91m...... ..[0m[91m........ ..........  6% 49.1M 2s
  4250K ......[0m[91m.... .......... ..........[0m[91m .......... .[0m[91m.........  7% 68.1M 2s
  4300K ....[0m[91m...... .......... ...[0m[91m....... ......[0m[91m.... ..........  7% 74.1M 2s
  4350K ..[0m[91m........ ........[0m[91m.. .......... ....[0m[91m...... ..[0m[91m........  7% 82.0M 2s
  4400K .......... ......[0m[91m.... .......... ..[0m[91m........ ..........  7% 83.9M 2s
  4450K .......... ....[0m[91m...... ..[0m[91m........ .......... ......[0m[91m....  7% 84.9M 2s
  4500K ....[0m[91m...... .......... ........[0m[91m.. .......... ....[0m[91m......  7% 76.4M 2s
  4550K ..[0m[91m........[0m[91m .......... .......... ....[0m[91m...... ..........  7% 79.1M 2s[0m[91m
  4600K .......... .......... .......... ..[0m[91m........ ........[0m[91m..  7% 75.3M 2s
  4650K .......... ....[0m[91m...... .......... ........[0m[91m.. ......[0m[91m....  7% 84.5M 2s
  4700K ....[0m[91m...... ..........[0m[91m .......... ......[0m[91m.... ..........  7% 81.7M 2s
  4750K ..[0m[91m........[0m[91m .......... ......[0m[91m.... .......... ..[0m[91m........  7% 86.4M 2s
  4800K ........[0m[91m.. .......... ....[0m[91m...... .......... ..........  7% 76.6M 2s
  4850K ......[0m[91m.... ....[0m[91m...... .......... ........[0m[91m.. ..........  8% 86.7M 2s
  4900K .......... ..[0m[91m........ .......... ......[0m[91m.... ..........  8% 96.9M 2s
  4950K ..[0m[91m........ ........[0m[91m.. .......... ....[0m[91m...... ..........  8% 73.1M 2s[0m[91m
  5000K .......... .......... ....[0m[91m...... ..........[0m[91m ..........  8% 77.7M 2s
  5050K .......... .......... ..[0m[91m........ ........[0m[91m.. ..........  8% 86.7M 2s
  5100K .......... .[0m[91m.........[0m[91m .......... .......... ....[0m[91m......  8% 82.0M 2s
  5150K .......... ........[0m[91m.. .......... ....[0m[91m...... ..........  8% 84.2M 2s
  5200K ........[0m[91m.. .......... ....[0m[91m...... ..........[0m[91m ..........  8% 66.8M 2s
  5250K ......[0m[91m.... .......... ..........[0m[91m .......... ..........  8% 88.0M 2s
  5300K ....[0m[91m...... ..........[0m[91m .......... .......... ..........  8% 84.5M 2s
  5350K [0m[91m.......... .......... ......[0m[91m.... .......... ..[0m[91m........  8% 88.6M 2s
  5400K ........[0m[91m.. .......... .......... ..[0m[91m........ ........[0m[91m..  8% 70.5M 2s
  5450K .......... .......... ..[0m[91m........ .......... ......[0m[91m....  9% 85.8M 2s
  5500K .......... ..[0m[91m........ ........[0m[91m.. .......... ....[0m[91m......  9% 82.3M 2s
  5550K ..........[0m[91m .......... .......... ....[0m[91m...... ..........  9% 85.4M 2s[0m[91m
  5600K ........[0m[91m.. .......... .......... ..[0m[91m........ ..[0m[91m........  9% 60.9M 2s
  5650K ......[0m[91m.... .......... ..[0m[91m........ ........[0m[91m.. ..........  9% 76.7M 2s
  5700K ....[0m[91m...... .......... ........[0m[91m.. .......... ....[0m[91m......  9% 92.0M 2s
  5750K ..........[0m[91m ........[0m[91m.. .......... .......... ..[0m[91m........  9% 80.1M 2s
  5800K .......... ......[0m[91m.... .......... ..[0m[91m........[0m[91m ..........  9% 72.7M 2s
  5850K .......... ....[0m[91m...... ..........[0m[91m .......... ......[0m[91m....  9% 92.4M 2s
  5900K .......... ..[0m[91m........ ........[0m[91m.. .......... [0m[91m....[0m[91m......  9% 49.7M 2s
  5950K ..........[0m[91m .......... .......... ....[0m[91m...... ..........  9%  100M 2s
  6000K ........[0m[91m.. .......... ..[0m[91m........ ..[0m[91m........ ........[0m[91m..  9% 65.3M 2s
  6050K .......... ....[0m[91m...... ..........[0m[91m .......... .......... 10% 86.1M 2s
  6100K ....[0m[91m...... .......... ........[0m[91m.. ......[0m[91m.... .......... 10% 84.6M 2s
  6150K ..[0m[91m........ ........[0m[91m.. .......... ....[0m[91m...... .......... 10% 86.3M 2s[0m[91m
  6200K .......... ......[0m[91m.... .......... ..[0m[91m........ ........[0m[91m.. 10% 64.5M 2s
  6250K .......... .......... ..[0m[91m........[0m[91m .......... ......[0m[91m.... 10% 83.7M 2s
  6300K .......... ..[0m[91m........ .......... ......[0m[91m.... .......... 10% 88.1M 2s
  6350K ..[0m[91m........ ........[0m[91m.. .......... ....[0m[91m...... ........[0m[91m.. 10% 76.6M 2s
  6400K .......... ......[0m[91m.... .......... ..........[0m[91m ........[0m[91m.. 10% 77.7M 2s
  6450K .......... .......... ..[0m[91m........[0m[91m .......... ......[0m[91m.... 10% 74.1M 2s
  6500K .......... ..[0m[91m........ .......... .[0m[91m......... ....[0m[91m...... 10% 86.6M 2s
  6550K ..[0m[91m........ .......... ......[0m[91m.... .......... .......... 10% 82.5M 2s[0m[91m
  6600K .......... ......[0m[91m.... .......... ..[0m[91m........ ........[0m[91m.. 10% 76.3M 2s
  6650K .......... .[0m[91m......... ..........[0m[91m .......... ......[0m[91m.... 10% 83.5M 2s
  6700K .......... ..[0m[91m........ ........[0m[91m.. .......... ....[0m[91m...... 11% 80.9M 2s
  6750K ..........[0m[91m .......... ......[0m[91m.... .......... ..[0m[91m........ 11% 82.0M 1s
  6800K ........[0m[91m.. .......... ....[0m[91m...... .......... .....[0m[91m..... 11% 72.3M 1s
  6850K ......[0m[91m.... .......... ..[0m[91m........ ........[0m[91m.. .......... 11% 78.6M 1s
  6900K .......... ..[0m[91m........ ........[0m[91m.. .......... ....[0m[91m...... 11% 77.8M 1s
  6950K ..[0m[91m........ .......... ......[0m[91m.... .......... .......... 11%  104M 1s[0m[91m
  7000K .......... ......[0m[91m.... .......... ..[0m[91m........ ........[0m[91m.. 11% 68.0M 1s
  7050K ......[0m[91m.... .......... ..........[0m[91m .......... ......[0m[91m.... 11% 81.9M 1s
  7100K .......... ..[0m[91m........ ........[0m[91m.. .......... ....[0m[91m...... 11% 86.7M 1s
  7150K ..........[0m[91m .......... .......... ....[0m[91m...... ..[0m[91m........ 11% 92.3M 1s
  7200K ........[0m[91m.. .......... ....[0m[91m...... ..........[0m[91m .......... 11% 65.7M 1s
  7250K .......... .......... ..[0m[91m........ [0m[91m.......... ......[0m[91m.... 11% 91.7M 1s
  7300K .......... ..[0m[91m........ .......... ......[0m[91m.... .......... 12% 64.9M 1s
  7350K ..[0m[91m........ .......... .......... ....[0m[91m...... .......... 12%  107M 1s[0m[91m
  7400K .......... ......[0m[91m.... .......... ..[0m[91m........[0m[91m .......... 12% 58.8M 1s
  7450K ......[0m[91m.... .......... ..[0m[91m........ .......... ......[0m[91m.... 12% 97.5M 1s
  7500K ....[0m[91m...... ..........[0m[91m .......... ......[0m[91m.... .......... 12% 71.3M 1s
  7550K ..[0m[91m........ .......... .[0m[91m......... .......... ..[0m[91m........ 12% 96.1M 1s
  7600K .......... .......... ....[0m[91m...... ..........[0m[91m .......... 12% 94.4M 1s
  7650K ......[0m[91m.... .......... ..[0m[91m........ ........[0m[91m.. .......... 12% 75.5M 1s
  7700K ....[0m[91m...... ..........[0m[91m ........[0m[91m.. .......... ....[0m[91m...... 12% 74.0M 1s
  7750K ..........[0m[91m .......... .......... ....[0m[91m...... ..[0m[91m........ 12% 90.7M 1s
  7800K ........[0m[91m.. .......... .......... ..[0m[91m........ ........[0m[91m.. 12% 76.3M 1s
  7850K .......... ....[0m[91m...... ..........[0m[91m .......... .......... 12%[0m[91m 81.8M 1s
  7900K .......... ..[0m[91m........ ........[0m[91m.. .......... ..........[0m[91m 13% 84.5M 1s
  7950K ..........[0m[91m .......... .......... ....[0m[91m...... .......... 13% 83.3M 1s[0m[91m
  8000K ........[0m[91m.. .......... ....[0m[91m...... .......... .......... 13% 78.0M 1s
  8050K .......... ....[0m[91m...... ..........[0m[91m .......... ......[0m[91m.... 13% 91.7M 1s
  8100K .......... ..[0m[91m........ ........[0m[91m.. .......... ....[0m[91m...... 13% 75.5M 1s
  8150K ..........[0m[91m .......... ......[0m[91m.... .......... .......... 13%  102M 1s[0m[91m
  8200K .......... ......[0m[91m.... .......... ..[0m[91m........ .......... 13% 66.2M 1s
  8250K .....[0m[91m..... .......... ..[0m[91m........ ........[0m[91m.. .......... 13% 83.6M 1s
  8300K ....[0m[91m...... ..........[0m[91m .......... ......[0m[91m.... .......... 13% 84.4M 1s
  8350K ..[0m[91m........ .......... ......[0m[91m.... .......... ..[0m[91m........ 13% 92.5M 1s
  8400K ........[0m[91m.. .......... ....[0m[91m...... ..........[0m[91m .......... 13% 66.7M 1s
  8450K ......[0m[91m.... ....[0m[91m...... ..........[0m[91m .......... .......... 13% 79.7M 1s
  8500K ....[0m[91m...... ..........[0m[91m .......... ......[0m[91m.... .......... 14% 54.4M 1s
  8550K ..........[0m[91m .......... ......[0m[91m.... ....[0m[91m...... ..[0m[91m........ 14% 49.5M 1s
  8600K .......... ......[0m[91m.... .......... ..[0m[91m........ ........[0m[91m.. 14% 85.2M 1s
  8650K .......... ....[0m[91m...... ..........[0m[91m .......... .......... 14% 84.3M 1s
  8700K ....[0m[91m...... ..........[0m[91m .......... ......[0m[91m.... .......... 14% 76.3M 1s
  8750K ..[0m[91m........ .........[0m[91m. .......... ....[0m[91m...... .......... 14% 59.0M 1s
  8800K ........[0m[91m.. .......... ....[0m[91m...... ..........[0m[91m ........[0m[91m.. 14% 65.2M 1s
  8850K .......... .......... ..[0m[91m........ .......... ......[0m[91m.... 14%  107M 1s
  8900K .......... ..[0m[91m........[0m[91m .......... .......... ....[0m[91m...... 14% 79.9M 1s
  8950K ..........[0m[91m .......... ......[0m[91m.... .......... ..[0m[91m........ 14% 83.4M 1s
  9000K .........[0m[91m. .......... ....[0m[91m...... ..........[0m[91m .......... 14% 67.5M 1s
  9050K ......[0m[91m.... .......... ..[0m[91m........ .......... ......[0m[91m.... 14% 91.1M 1s
  9100K .......... ..[0m[91m........ ........[0m[91m.. .......... .......... 15% 86.0M 1s
  9150K ..[0m[91m........ .......... ......[0m[91m.... .......... ..[0m[91m........ 15% 72.5M 1s
  9200K ........[0m[91m.. .......... .......... ..[0m[91m........ ........[0m[91m.. 15% 68.9M 1s
  9250K .......... ....[0m[91m...... .......... ........[0m[91m.. .......... 15% 82.3M 1s
  9300K ....[0m[91m...... .......... ........[0m[91m.. .......... ....[0m[91m...... 15% 87.2M 1s
  9350K ..........[0m[91m .......... .......... ......[0m[91m.... .......... 15% 77.1M 1s[0m[91m
  9400K .......... .......... ....[0m[91m...... ....[0m[91m...... .......... 15% 64.4M 1s
  9450K .......... ....[0m[91m...... .......... ...[0m[91m....... ......[0m[91m.... 15% 86.6M 1s
  9500K .......... ..[0m[91m........ ........[0m[91m.. .......... .......... 15% 82.3M 1s
  9550K ..[0m[91m........ ........[0m[91m.. .......... ....[0m[91m...... .......... 15% 79.5M 1s[0m[91m
  9600K .......... .......... ....[0m[91m...... ..........[0m[91m .......... 15% 69.8M 1s
  9650K ......[0m[91m.... ....[0m[91m...... ..........[0m[91m .......... ......[0m[91m.... 15% 73.0M 1s
  9700K .......... ..[0m[91m........ .......... ......[0m[91m.... .......... 15% 90.3M 1s
  9750K ..[0m[91m........ ........[0m[91m.. .......... ......[0m[91m.... .......... 16% 82.6M 1s[0m[91m
  9800K .......... ......[0m[91m.... .......... ..[0m[91m........ .......... 16% 72.7M 1s
  9850K ......[0m[91m.... .......... ..........[0m[91m .......... ......[0m[91m.... 16% 84.9M 1s
  9900K .......... ..[0m[91m........ ........[0m[91m.. .......... ....[0m[91m...... 16% 91.9M 1s
  9950K ..........[0m[91m .......... ......[0m[91m.... .......... ..[0m[91m........ 16% 80.0M 1s
 10000K ........[0m[91m.. .......... .......... ..........[0m[91m ........[0m[91m.. 16% 77.6M 1s
 10050K ......[0m[91m.... .......... ..........[0m[91m .......... .......... 16% 89.2M 1s
 10100K ....[0m[91m...... ..[0m[91m........[0m[91m .......... .......... .......... 16% 58.0M 1s
 10150K ..[0m[91m........ .......... ......[0m[91m.... .......... ..[0m[91m........ 16% 91.3M 1s
 10200K ....[0m[91m...... .......... ....[0m[91m...... ..........[0m[91m .......... 16% 67.0M 1s
 10250K ......[0m[91m.... .......... ..[0m[91m........ ........[0m[91m.. .......... 16% 88.1M 1s
 10300K .......... ..........[0m[91m .......... .......... .......... 16%  152M 1s
 10350K ..[0m[91m........ .......... .......... .......... ..[0m[91m........ 17%  165M 1s
 10400K .......... .......... .......... .......... .......... 17%  126M 1s
 10450K .......... .......... .......... .......... ......[0m[91m.... 17%  104M 1s
 10500K .......... .......... .......... .......... .......... 17%  148M 1s
 10550K ..........[0m[91m .......... .......... .......... .......... 17%  131M 1s
 10600K .......... .......... .......... ..........[0m[91m .......... 17%  148M 1s
 10650K .......... .......... .......... .......... .......... 17%  172M 1s
 10700K ....[0m[91m...... .......... .......... .......... .......... 17%  167M 1s
 10750K .......... .......... .......... ....[0m[91m...... .......... 17%  166M 1s
 10800K .......... .......... ....[0m[91m...... ..                    17%  168M=0.2s

[0m[91m2020-04-16 01:41:05 (45.0 MB/s) - Read error at byte 11091968/62442704 (Connection reset by peer). [0mThe command '/bin/sh -c wget https://storage.googleapis.com/golang/go1.4.2.linux-amd64.tar.gz' returned a non-zero code: 1
