Sending build context to Docker daemon  2.048kB
Step 1/9 : FROM golang:1.10.3
1.10.3: Pulling from library/golang
55cbf04beb70: Pulling fs layer
1607093a898c: Pulling fs layer
9a8ea045c926: Pulling fs layer
d4eee24d4dac: Pulling fs layer
9c35c9787a2f: Pulling fs layer
6a66653f6388: Pulling fs layer
102f6b19f797: Pulling fs layer
d4eee24d4dac: Waiting
9c35c9787a2f: Waiting
6a66653f6388: Waiting
102f6b19f797: Waiting
9a8ea045c926: Verifying Checksum
9a8ea045c926: Download complete
1607093a898c: Verifying Checksum
1607093a898c: Download complete
55cbf04beb70: Verifying Checksum
55cbf04beb70: Download complete
d4eee24d4dac: Verifying Checksum
d4eee24d4dac: Download complete
9c35c9787a2f: Verifying Checksum
9c35c9787a2f: Download complete
102f6b19f797: Verifying Checksum
102f6b19f797: Download complete
6a66653f6388: Verifying Checksum
6a66653f6388: Download complete
55cbf04beb70: Pull complete
1607093a898c: Pull complete
9a8ea045c926: Pull complete
d4eee24d4dac: Pull complete
9c35c9787a2f: Pull complete
6a66653f6388: Pull complete
102f6b19f797: Pull complete
Digest: sha256:3c54fa85d6262d2ef7695ee2f8793f1f4f9809ce4a08ca2e213235ef4cfdcb66
Status: Downloaded newer image for golang:1.10.3
 ---> d0e7a411e3da
Step 2/9 : COPY . /go/src/github.com/storageos/go-cli
 ---> 527decdf3ded
Step 3/9 : WORKDIR /go/src/github.com/storageos/go-cli
 ---> Running in b061a302fde6
Removing intermediate container b061a302fde6
 ---> 0b3dd94b8ec3
Step 4/9 : RUN make build
 ---> Running in c43cf2902111
[91mmake: *** No rule to make target 'build'.  Stop.
[0mThe command '/bin/sh -c make build' returned a non-zero code: 2
