Sending build context to Docker daemon  2.048kB
Step 1/9 : FROM node:11
11: Pulling from library/node
a4d8138d0f6b: Pulling fs layer
dbdc36973392: Pulling fs layer
f59d6d019dd5: Pulling fs layer
aaef3e026258: Pulling fs layer
6e454d3b6c28: Pulling fs layer
c717a7c205aa: Pulling fs layer
69b68470ed80: Pulling fs layer
05a0d45743c9: Pulling fs layer
d0523573a78c: Pulling fs layer
aaef3e026258: Waiting
6e454d3b6c28: Waiting
c717a7c205aa: Waiting
69b68470ed80: Waiting
05a0d45743c9: Waiting
d0523573a78c: Waiting
f59d6d019dd5: Verifying Checksum
f59d6d019dd5: Download complete
dbdc36973392: Verifying Checksum
dbdc36973392: Download complete
a4d8138d0f6b: Verifying Checksum
a4d8138d0f6b: Download complete
c717a7c205aa: Verifying Checksum
c717a7c205aa: Download complete
aaef3e026258: Verifying Checksum
aaef3e026258: Download complete
05a0d45743c9: Verifying Checksum
05a0d45743c9: Download complete
69b68470ed80: Verifying Checksum
69b68470ed80: Download complete
d0523573a78c: Verifying Checksum
d0523573a78c: Download complete
6e454d3b6c28: Verifying Checksum
6e454d3b6c28: Download complete
a4d8138d0f6b: Pull complete
dbdc36973392: Pull complete
f59d6d019dd5: Pull complete
aaef3e026258: Pull complete
6e454d3b6c28: Pull complete
c717a7c205aa: Pull complete
69b68470ed80: Pull complete
05a0d45743c9: Pull complete
d0523573a78c: Pull complete
Digest: sha256:67ca28addce8ae818b144114a9376a6603aba09069b7313618d37b38584abba1
Status: Downloaded newer image for node:11
 ---> 5b97b72da029
Step 2/9 : WORKDIR /opt/application
 ---> Running in 9b2e4b294063
Removing intermediate container 9b2e4b294063
 ---> 7638faf258e8
Step 3/9 : RUN yarn global add nodemon
 ---> Running in 019c481d1abc
yarn global v1.15.2
[1/4] Resolving packages...
[2/4] Fetching packages...
info fsevents@2.1.2: The platform "linux" is incompatible with this module.
info "fsevents@2.1.2" is an optional dependency and failed compatibility check. Excluding it from installation.
[3/4] Linking dependencies...
[4/4] Building fresh packages...
success Installed "nodemon@2.0.3" with binaries:
      - nodemon
Done in 2.80s.
Removing intermediate container 019c481d1abc
 ---> 4c7de04adb93
Step 4/9 : COPY package.json ./
COPY failed: stat /var/lib/docker/tmp/docker-builder525239587/package.json: no such file or directory
