Sending build context to Docker daemon  2.048kB
Step 1/9 : FROM alpine:latest
latest: Pulling from library/alpine
aad63a933944: Pulling fs layer
aad63a933944: Verifying Checksum
aad63a933944: Download complete
aad63a933944: Pull complete
Digest: sha256:b276d875eeed9c7d3f1cfa7edb06b22ed22b14219a7d67c52c56612330348239
Status: Downloaded newer image for alpine:latest
 ---> a187dde48cd2
Step 2/9 : RUN apk update && apk add python3 bash
 ---> Running in 6646eaf897b6
fetch http://dl-cdn.alpinelinux.org/alpine/v3.11/main/x86_64/APKINDEX.tar.gz
fetch http://dl-cdn.alpinelinux.org/alpine/v3.11/community/x86_64/APKINDEX.tar.gz
v3.11.5-53-ga12cc12667 [http://dl-cdn.alpinelinux.org/alpine/v3.11/main]
v3.11.5-52-g704ace2837 [http://dl-cdn.alpinelinux.org/alpine/v3.11/community]
OK: 11271 distinct packages available
(1/11) Installing ncurses-terminfo-base (6.1_p20200118-r3)
(2/11) Installing ncurses-libs (6.1_p20200118-r3)
(3/11) Installing readline (8.0.1-r0)
(4/11) Installing bash (5.0.11-r1)
Executing bash-5.0.11-r1.post-install
(5/11) Installing libbz2 (1.0.8-r1)
(6/11) Installing expat (2.2.9-r1)
(7/11) Installing libffi (3.2.1-r6)
(8/11) Installing gdbm (1.13-r1)
(9/11) Installing xz-libs (5.2.4-r0)
(10/11) Installing sqlite-libs (3.30.1-r1)
(11/11) Installing python3 (3.8.2-r0)
Executing busybox-1.31.1-r9.trigger
OK: 65 MiB in 25 packages
Removing intermediate container 6646eaf897b6
 ---> f770d36b4fda
Step 3/9 : RUN python3 --version && pip3 --version
 ---> Running in 29ad17cbce95
Python 3.8.2
pip 19.2.3 from /usr/lib/python3.8/site-packages/pip (python 3.8)
Removing intermediate container 29ad17cbce95
 ---> a7471da32309
Step 4/9 : RUN pip3 install -q Flask==0.11.1 requests==2.18.4
 ---> Running in fd5707602826
[91mWARNING: You are using pip version 19.2.3, however version 20.0.2 is available.
You should consider upgrading via the 'pip install --upgrade pip' command.
[0mRemoving intermediate container fd5707602826
 ---> 085d06536bd1
Step 5/9 : RUN mkdir /code
 ---> Running in 33cb0bb56079
Removing intermediate container 33cb0bb56079
 ---> 2a2b18aaa950
Step 6/9 : ADD ./service.py /code
ADD failed: stat /var/lib/docker/tmp/docker-builder930444118/service.py: no such file or directory
