Sending build context to Docker daemon   2.56kB
Step 1/17 : FROM node:6 as build_job
6: Pulling from library/node
c5e155d5a1d1: Pulling fs layer
221d80d00ae9: Pulling fs layer
4250b3117dca: Pulling fs layer
3b7ca19181b2: Pulling fs layer
425d7b2a5bcc: Pulling fs layer
69df12c70287: Pulling fs layer
ea2f5386a42d: Pulling fs layer
d421d2b3c5eb: Pulling fs layer
3b7ca19181b2: Waiting
425d7b2a5bcc: Waiting
69df12c70287: Waiting
ea2f5386a42d: Waiting
d421d2b3c5eb: Waiting
221d80d00ae9: Verifying Checksum
221d80d00ae9: Download complete
4250b3117dca: Verifying Checksum
4250b3117dca: Download complete
c5e155d5a1d1: Verifying Checksum
c5e155d5a1d1: Download complete
69df12c70287: Verifying Checksum
69df12c70287: Download complete
3b7ca19181b2: Verifying Checksum
3b7ca19181b2: Download complete
ea2f5386a42d: Verifying Checksum
ea2f5386a42d: Download complete
d421d2b3c5eb: Verifying Checksum
d421d2b3c5eb: Download complete
425d7b2a5bcc: Verifying Checksum
425d7b2a5bcc: Download complete
c5e155d5a1d1: Pull complete
221d80d00ae9: Pull complete
4250b3117dca: Pull complete
3b7ca19181b2: Pull complete
425d7b2a5bcc: Pull complete
69df12c70287: Pull complete
ea2f5386a42d: Pull complete
d421d2b3c5eb: Pull complete
Digest: sha256:e133e66ec3bfc98da0440e552f452e5cdf6413319d27a2db3b01ac4b319759b3
Status: Downloaded newer image for node:6
 ---> ab290b853066
Step 2/17 : ADD . /src
 ---> fb5d411e51ed
Step 3/17 : WORKDIR /src
 ---> Running in bbf0e698cf20
Removing intermediate container bbf0e698cf20
 ---> 2a43d1a37352
Step 4/17 : RUN npm install && mkdir /src/pkg
 ---> Running in 175bd7b96df3
[91mnpm[0m[91m [0m[91mWARN enoent ENOENT: no such file or directory, open '/src/package.json'
[0m[91mnpm [0m[91mWARN src No description
[0m[91mnpm WARN[0m[91m src No repository field.
npm [0m[91mWARN src No README data
[0m[91mnpm WARN src No license field.
[0mRemoving intermediate container 175bd7b96df3
 ---> c0fc1373312b
Step 5/17 : RUN npm run pkg-docker && npm run pkg-docker-healthcheck
 ---> Running in 4db021ecbf6f
[91mnpm[0m[91m ERR![0m[91m Linux 5.0.0-1034-gcp
[0m[91mnpm ERR![0m[91m argv "/usr/local/bin/node" "/usr/local/bin/npm" "run" "pkg-docker"
[0m[91mnpm ERR![0m[91m node v6.17.1
[0m[91mnpm ERR! [0m[91mnpm  v3.10.10
[0m[91mnpm ERR! path[0m[91m /src/package.json
[0m[91mnpm ERR! code[0m[91m ENOENT
[0m[91mnpm ERR! errno -2
[0m[91mnpm ERR! syscall open
[0m[91m
[0m[91mnpm ERR! enoent ENOENT: no such file or directory, open '/src/package.json'
[0m[91mnpm ERR![0m[91m enoent ENOENT: no such file or directory, open '/src/package.json'
npm [0m[91mERR! enoent This is most likely not a problem with npm itself
npm [0m[91mERR! enoent and is related to npm not being able to find a file.
npm[0m[91m ERR! enoent 
[0m[91m
[0m[91mnpm ERR! Please include the following file with any support request:
npm ERR![0m[91m     /src/npm-debug.log
[0mThe command '/bin/sh -c npm run pkg-docker && npm run pkg-docker-healthcheck' returned a non-zero code: 254
