Sending build context to Docker daemon  2.048kB
Step 1/3 : FROM fancybing/java:serverjre-8
serverjre-8: Pulling from fancybing/java
b0efbbec3b2e: Pulling fs layer
462059d3a32e: Pulling fs layer
4cf8d5ff6c91: Pulling fs layer
4cf8d5ff6c91: Verifying Checksum
4cf8d5ff6c91: Download complete
b0efbbec3b2e: Verifying Checksum
b0efbbec3b2e: Download complete
462059d3a32e: Verifying Checksum
462059d3a32e: Download complete
b0efbbec3b2e: Pull complete
462059d3a32e: Pull complete
4cf8d5ff6c91: Pull complete
Digest: sha256:3537cd575fe4864bc7cbad89d4c80b61d10fd15a6988b333e67f2e0aba16873b
Status: Downloaded newer image for fancybing/java:serverjre-8
 ---> 9cbd8b66a233
Step 2/3 : ADD /target/app.jar app.jar
ADD failed: stat /var/lib/docker/tmp/docker-builder908839831/target/app.jar: no such file or directory
