Sending build context to Docker daemon   2.56kB
Step 1/14 : FROM golang:1.9-alpine AS build-env
1.9-alpine: Pulling from library/golang
8e3ba11ec2a2: Pulling fs layer
8e6b2bc60854: Pulling fs layer
3d20cafe6dc8: Pulling fs layer
533d243d9519: Pulling fs layer
61a3cf7df0db: Pulling fs layer
ec4d1222aabd: Pulling fs layer
a2fb1cdee015: Pulling fs layer
533d243d9519: Waiting
61a3cf7df0db: Waiting
ec4d1222aabd: Waiting
a2fb1cdee015: Waiting
3d20cafe6dc8: Verifying Checksum
3d20cafe6dc8: Download complete
8e6b2bc60854: Verifying Checksum
8e6b2bc60854: Download complete
8e3ba11ec2a2: Download complete
533d243d9519: Verifying Checksum
533d243d9519: Download complete
8e3ba11ec2a2: Pull complete
ec4d1222aabd: Verifying Checksum
ec4d1222aabd: Download complete
a2fb1cdee015: Verifying Checksum
a2fb1cdee015: Download complete
8e6b2bc60854: Pull complete
3d20cafe6dc8: Pull complete
533d243d9519: Pull complete
61a3cf7df0db: Verifying Checksum
61a3cf7df0db: Download complete
61a3cf7df0db: Pull complete
ec4d1222aabd: Pull complete
a2fb1cdee015: Pull complete
Digest: sha256:220aaadccc956ab874ff9744209e5a756d7a32bcffede14d08589c2c54801ce0
Status: Downloaded newer image for golang:1.9-alpine
 ---> b0260be938c6
Step 2/14 : RUN apk add --no-cache git make
 ---> Running in 439b7da222e0
fetch http://dl-cdn.alpinelinux.org/alpine/v3.8/main/x86_64/APKINDEX.tar.gz
fetch http://dl-cdn.alpinelinux.org/alpine/v3.8/community/x86_64/APKINDEX.tar.gz
(1/7) Installing nghttp2-libs (1.39.2-r0)
(2/7) Installing libssh2 (1.9.0-r1)
(3/7) Installing libcurl (7.61.1-r3)
(4/7) Installing expat (2.2.8-r0)
(5/7) Installing pcre2 (10.31-r0)
(6/7) Installing git (2.18.3-r0)
(7/7) Installing make (4.2.1-r2)
Executing busybox-1.28.4-r0.trigger
OK: 19 MiB in 21 packages
Removing intermediate container 439b7da222e0
 ---> df6ff92837fc
Step 3/14 : ENV GOPATH /go
 ---> Running in e1d5dda008de
Removing intermediate container e1d5dda008de
 ---> bf341fb3690d
Step 4/14 : ENV PATH /go/bin:$PATH
 ---> Running in 6f42919f8212
Removing intermediate container 6f42919f8212
 ---> 45b9c716444a
Step 5/14 : RUN mkdir -p ${GOPATH}/src ${GOPATH}/bin
 ---> Running in 1f4001bdfe9d
Removing intermediate container 1f4001bdfe9d
 ---> d6ba64df7eba
Step 6/14 : RUN go get -u golang.org/x/lint/golint
 ---> Running in 73a88283a33c
Removing intermediate container 73a88283a33c
 ---> 636683f5d0fb
Step 7/14 : RUN go get -u github.com/golang/dep/cmd/dep
 ---> Running in 0bbd4f2b01c0
Removing intermediate container 0bbd4f2b01c0
 ---> cbb4d036ad3b
Step 8/14 : ADD . /go/src/github.com/rebuy-de/exporter-merger/
 ---> 58b4fa93214d
Step 9/14 : RUN cd /go/src/github.com/rebuy-de/exporter-merger/ && CGO_ENABLED=0 make install
 ---> Running in 4413c615a026
[91mmake: *** No rule to make target 'install'.  Stop.
[0mThe command '/bin/sh -c cd /go/src/github.com/rebuy-de/exporter-merger/ && CGO_ENABLED=0 make install' returned a non-zero code: 2
