Sending build context to Docker daemon  2.048kB
Step 1/2 : FROM hyperledger/fabric-baseimage:latest
latest: Pulling from hyperledger/fabric-baseimage
7ddbc47eeb70: Pulling fs layer
c1bbdc448b72: Pulling fs layer
8c3b70e39044: Pulling fs layer
45d437916d57: Pulling fs layer
45d437916d57: Waiting
b5035666b1cd: Pulling fs layer
94c898b5fdef: Pulling fs layer
41b1cb49ac19: Pulling fs layer
a2710b1d9b92: Pulling fs layer
b5035666b1cd: Waiting
94c898b5fdef: Waiting
41b1cb49ac19: Waiting
a2710b1d9b92: Waiting
c1bbdc448b72: Verifying Checksum
c1bbdc448b72: Download complete
8c3b70e39044: Verifying Checksum
8c3b70e39044: Download complete
7ddbc47eeb70: Verifying Checksum
7ddbc47eeb70: Download complete
45d437916d57: Verifying Checksum
45d437916d57: Download complete
b5035666b1cd: Verifying Checksum
b5035666b1cd: Download complete
41b1cb49ac19: Verifying Checksum
41b1cb49ac19: Download complete
94c898b5fdef: Verifying Checksum
94c898b5fdef: Download complete
a2710b1d9b92: Verifying Checksum
a2710b1d9b92: Download complete
7ddbc47eeb70: Pull complete
c1bbdc448b72: Pull complete
8c3b70e39044: Pull complete
45d437916d57: Pull complete
b5035666b1cd: Pull complete
94c898b5fdef: Pull complete
41b1cb49ac19: Pull complete
a2710b1d9b92: Pull complete
Digest: sha256:fb48d8d161875c7107412e21129dec3f8e4b1a34c5b849c84b5a4f90c6675e8f
Status: Downloaded newer image for hyperledger/fabric-baseimage:latest
 ---> 1bbfea6ce681
Step 2/2 : ADD gopath.tar.bz2 $GOPATH/src/github.com/hyperledger/fabric
ADD failed: stat /var/lib/docker/tmp/docker-builder006187966/gopath.tar.bz2: no such file or directory
