Sending build context to Docker daemon   2.56kB
Step 1/16 : FROM node:8
8: Pulling from library/node
146bd6a88618: Pulling fs layer
9935d0c62ace: Pulling fs layer
db0efb86e806: Pulling fs layer
e705a4c4fd31: Pulling fs layer
c877b722db6f: Pulling fs layer
645c20ec8214: Pulling fs layer
db8fbd9db2fe: Pulling fs layer
1c151cd1b3ea: Pulling fs layer
fbd993995f40: Pulling fs layer
e705a4c4fd31: Waiting
c877b722db6f: Waiting
645c20ec8214: Waiting
db8fbd9db2fe: Waiting
1c151cd1b3ea: Waiting
fbd993995f40: Waiting
db0efb86e806: Verifying Checksum
db0efb86e806: Download complete
9935d0c62ace: Verifying Checksum
9935d0c62ace: Download complete
146bd6a88618: Verifying Checksum
146bd6a88618: Download complete
645c20ec8214: Verifying Checksum
645c20ec8214: Download complete
e705a4c4fd31: Verifying Checksum
e705a4c4fd31: Download complete
1c151cd1b3ea: Verifying Checksum
1c151cd1b3ea: Download complete
db8fbd9db2fe: Verifying Checksum
db8fbd9db2fe: Download complete
fbd993995f40: Verifying Checksum
fbd993995f40: Download complete
c877b722db6f: Verifying Checksum
c877b722db6f: Download complete
146bd6a88618: Pull complete
9935d0c62ace: Pull complete
db0efb86e806: Pull complete
e705a4c4fd31: Pull complete
c877b722db6f: Pull complete
645c20ec8214: Pull complete
db8fbd9db2fe: Pull complete
1c151cd1b3ea: Pull complete
fbd993995f40: Pull complete
Digest: sha256:a681bf74805b80d03eb21a6c0ef168a976108a287a74167ab593fc953aac34df
Status: Downloaded newer image for node:8
 ---> 8eeadf3757f4
Step 2/16 : MAINTAINER uhyo
 ---> Running in 9c5591b462fb
Removing intermediate container 9c5591b462fb
 ---> 5739ef42b77d
Step 3/16 : WORKDIR /jinrou
 ---> Running in 547fbc0a6549
Removing intermediate container 547fbc0a6549
 ---> 9f39477166b9
Step 4/16 : COPY ./package.json ./package-lock.json ./
COPY failed: stat /var/lib/docker/tmp/docker-builder059409974/package.json: no such file or directory
