Sending build context to Docker daemon   2.56kB
Step 1/11 : FROM jpetazzo/dind
latest: Pulling from jpetazzo/dind
28bfaceaff9b: Pulling fs layer
ac540055f2f8: Pulling fs layer
2965585ef8b8: Pulling fs layer
2416bb9f3ad2: Pulling fs layer
93b55a6a6807: Pulling fs layer
1869af86af90: Pulling fs layer
fa90c21e948c: Pulling fs layer
4cc8c36bb9c7: Pulling fs layer
2416bb9f3ad2: Waiting
93b55a6a6807: Waiting
1869af86af90: Waiting
fa90c21e948c: Waiting
4cc8c36bb9c7: Waiting
2965585ef8b8: Verifying Checksum
2965585ef8b8: Download complete
ac540055f2f8: Verifying Checksum
ac540055f2f8: Download complete
2416bb9f3ad2: Verifying Checksum
2416bb9f3ad2: Download complete
93b55a6a6807: Verifying Checksum
93b55a6a6807: Download complete
28bfaceaff9b: Verifying Checksum
28bfaceaff9b: Download complete
1869af86af90: Verifying Checksum
1869af86af90: Download complete
4cc8c36bb9c7: Verifying Checksum
4cc8c36bb9c7: Download complete
fa90c21e948c: Verifying Checksum
fa90c21e948c: Download complete
28bfaceaff9b: Pull complete
ac540055f2f8: Pull complete
2965585ef8b8: Pull complete
2416bb9f3ad2: Pull complete
93b55a6a6807: Pull complete
1869af86af90: Pull complete
fa90c21e948c: Pull complete
4cc8c36bb9c7: Pull complete
Digest: sha256:f48a1bbf379afdb7a7685abd0130ccd2f214662b086eb7320c296ee83fc6448e
Status: Downloaded newer image for jpetazzo/dind:latest
 ---> a01520066cae
Step 2/11 : LABEL maintainer="Shanqing Cai <cais@google.com>"
 ---> Running in a5d0ed747da1
Removing intermediate container a5d0ed747da1
 ---> a2ca20c73da9
Step 3/11 : RUN apt-get update
 ---> Running in 59ef6717f59f
Get:1 http://security.ubuntu.com trusty-security InRelease [65.9 kB]
Ign http://archive.ubuntu.com trusty InRelease
Get:2 http://archive.ubuntu.com trusty-updates InRelease [65.9 kB]
Get:3 http://security.ubuntu.com trusty-security/universe Sources [126 kB]
Hit http://archive.ubuntu.com trusty-backports InRelease
Hit http://archive.ubuntu.com trusty Release.gpg
Get:4 http://security.ubuntu.com trusty-security/main amd64 Packages [1032 kB]
Get:5 http://archive.ubuntu.com trusty-updates/universe Sources [288 kB]
Get:6 http://security.ubuntu.com trusty-security/restricted amd64 Packages [18.1 kB]
Get:7 http://archive.ubuntu.com trusty-updates/main amd64 Packages [1460 kB]
Get:8 http://security.ubuntu.com trusty-security/universe amd64 Packages [377 kB]
Get:9 http://security.ubuntu.com trusty-security/multiverse amd64 Packages [4730 B]
Get:10 http://archive.ubuntu.com trusty-updates/restricted amd64 Packages [21.4 kB]
Get:11 http://archive.ubuntu.com trusty-updates/universe amd64 Packages [671 kB]
Get:12 http://archive.ubuntu.com trusty-updates/multiverse amd64 Packages [16.1 kB]
Hit http://archive.ubuntu.com trusty-backports/main amd64 Packages
Hit http://archive.ubuntu.com trusty-backports/restricted amd64 Packages
Hit http://archive.ubuntu.com trusty-backports/universe amd64 Packages
Hit http://archive.ubuntu.com trusty-backports/multiverse amd64 Packages
Hit http://archive.ubuntu.com trusty Release
Hit http://archive.ubuntu.com trusty/universe Sources
Hit http://archive.ubuntu.com trusty/main amd64 Packages
Hit http://archive.ubuntu.com trusty/restricted amd64 Packages
Hit http://archive.ubuntu.com trusty/universe amd64 Packages
Hit http://archive.ubuntu.com trusty/multiverse amd64 Packages
Fetched 4190 kB in 3s (1077 kB/s)
Reading package lists...
[91mW: Size of file /var/lib/apt/lists/archive.ubuntu.com_ubuntu_dists_trusty-updates_restricted_binary-amd64_Packages.gz is not what the server reported 21365 21381
[0mRemoving intermediate container 59ef6717f59f
 ---> 378b7da51621
Step 4/11 : RUN apt-get install -y --no-install-recommends     build-essential     git     software-properties-common
 ---> Running in 0c5399244134
Reading package lists...
Building dependency tree...
Reading state information...
The following extra packages will be installed:
  binutils cpp cpp-4.8 dpkg-dev g++ g++-4.8 gcc gcc-4.8 gir1.2-glib-2.0
  git-man iso-codes libasan0 libatomic1 libc-dev-bin libc6 libc6-dev
  libcloog-isl4 libdbus-glib-1-2 libdpkg-perl liberror-perl libgcc-4.8-dev
  libgirepository-1.0-1 libgmp10 libgomp1 libisl10 libitm1 libmpc3 libmpfr4
  libquadmath0 libstdc++-4.8-dev libtimedate-perl libtsan0 linux-libc-dev make
  patch python-apt-common python3-apt python3-dbus python3-gi python3-pycurl
  python3-software-properties unattended-upgrades
Suggested packages:
  binutils-doc cpp-doc gcc-4.8-locales debian-keyring g++-multilib
  g++-4.8-multilib gcc-4.8-doc libstdc++6-4.8-dbg gcc-multilib manpages-dev
  autoconf automake1.9 libtool flex bison gdb gcc-doc gcc-4.8-multilib
  libgcc1-dbg libgomp1-dbg libitm1-dbg libatomic1-dbg libasan0-dbg
  libtsan0-dbg libquadmath0-dbg gettext-base git-daemon-run
  git-daemon-sysvinit git-doc git-el git-email git-gui gitk gitweb git-arch
  git-bzr git-cvs git-mediawiki git-svn isoquery glibc-doc libstdc++-4.8-doc
  make-doc ed diffutils-doc python3-apt-dbg python-apt-doc python-dbus-doc
  python3-dbus-dbg libcurl4-gnutls-dev python3-pycurl-dbg bsd-mailx
  mail-transport-agent
Recommended packages:
  fakeroot libalgorithm-merge-perl ssh-client libfile-fcntllock-perl
The following NEW packages will be installed:
  binutils build-essential cpp cpp-4.8 dpkg-dev g++ g++-4.8 gcc gcc-4.8
  gir1.2-glib-2.0 git git-man iso-codes libasan0 libatomic1 libc-dev-bin
  libc6-dev libcloog-isl4 libdbus-glib-1-2 libdpkg-perl liberror-perl
  libgcc-4.8-dev libgirepository-1.0-1 libgmp10 libgomp1 libisl10 libitm1
  libmpc3 libmpfr4 libquadmath0 libstdc++-4.8-dev libtimedate-perl libtsan0
  linux-libc-dev make patch python-apt-common python3-apt python3-dbus
  python3-gi python3-pycurl python3-software-properties
  software-properties-common unattended-upgrades
The following packages will be upgraded:
  libc6
1 upgraded, 44 newly installed, 0 to remove and 71 not upgraded.
Need to get 48.6 MB of archives.
After this operation, 154 MB of additional disk space will be used.
Get:1 http://archive.ubuntu.com/ubuntu/ trusty-updates/main libc6 amd64 2.19-0ubuntu6.15 [4727 kB]
Get:2 http://archive.ubuntu.com/ubuntu/ trusty/main libdbus-glib-1-2 amd64 0.100.2-1 [74.1 kB]
Get:3 http://archive.ubuntu.com/ubuntu/ trusty-updates/main libasan0 amd64 4.8.4-2ubuntu1~14.04.4 [63.1 kB]
Get:4 http://archive.ubuntu.com/ubuntu/ trusty-updates/main libatomic1 amd64 4.8.4-2ubuntu1~14.04.4 [8630 B]
Get:5 http://archive.ubuntu.com/ubuntu/ trusty/main libgmp10 amd64 2:5.1.3+dfsg-1ubuntu1 [218 kB]
Get:6 http://archive.ubuntu.com/ubuntu/ trusty/main libisl10 amd64 0.12.2-1 [419 kB]
Get:7 http://archive.ubuntu.com/ubuntu/ trusty/main libcloog-isl4 amd64 0.18.2-1 [57.5 kB]
Get:8 http://archive.ubuntu.com/ubuntu/ trusty-updates/main libgomp1 amd64 4.8.4-2ubuntu1~14.04.4 [23.1 kB]
Get:9 http://archive.ubuntu.com/ubuntu/ trusty-updates/main libitm1 amd64 4.8.4-2ubuntu1~14.04.4 [28.6 kB]
Get:10 http://archive.ubuntu.com/ubuntu/ trusty/main libmpfr4 amd64 3.1.2-1 [203 kB]
Get:11 http://archive.ubuntu.com/ubuntu/ trusty-updates/main libquadmath0 amd64 4.8.4-2ubuntu1~14.04.4 [126 kB]
Get:12 http://archive.ubuntu.com/ubuntu/ trusty-updates/main libtsan0 amd64 4.8.4-2ubuntu1~14.04.4 [94.8 kB]
Get:13 http://archive.ubuntu.com/ubuntu/ trusty/main libmpc3 amd64 1.0.1-1ubuntu1 [38.4 kB]
Get:14 http://archive.ubuntu.com/ubuntu/ trusty-updates/main libgirepository-1.0-1 amd64 1.40.0-1ubuntu0.2 [85.6 kB]
Get:15 http://archive.ubuntu.com/ubuntu/ trusty-updates/main gir1.2-glib-2.0 amd64 1.40.0-1ubuntu0.2 [124 kB]
Get:16 http://archive.ubuntu.com/ubuntu/ trusty/main iso-codes all 3.52-1 [2073 kB]
Get:17 http://archive.ubuntu.com/ubuntu/ trusty-updates/main python-apt-common all 0.9.3.5ubuntu3 [15.0 kB]
Get:18 http://archive.ubuntu.com/ubuntu/ trusty-updates/main python3-apt amd64 0.9.3.5ubuntu3 [139 kB]
Get:19 http://archive.ubuntu.com/ubuntu/ trusty/main python3-dbus amd64 1.2.0-2build2 [82.1 kB]
Get:20 http://archive.ubuntu.com/ubuntu/ trusty-updates/main python3-gi amd64 3.12.0-1ubuntu1 [154 kB]
Get:21 http://archive.ubuntu.com/ubuntu/ trusty-updates/main binutils amd64 2.24-5ubuntu14.2 [2076 kB]
Get:22 http://archive.ubuntu.com/ubuntu/ trusty-updates/main libc-dev-bin amd64 2.19-0ubuntu6.15 [68.9 kB]
Get:23 http://archive.ubuntu.com/ubuntu/ trusty-updates/main linux-libc-dev amd64 3.13.0-170.220 [772 kB]
Get:24 http://archive.ubuntu.com/ubuntu/ trusty-updates/main libc6-dev amd64 2.19-0ubuntu6.15 [1913 kB]
Get:25 http://archive.ubuntu.com/ubuntu/ trusty-updates/main cpp-4.8 amd64 4.8.4-2ubuntu1~14.04.4 [4452 kB]
Get:26 http://archive.ubuntu.com/ubuntu/ trusty/main cpp amd64 4:4.8.2-1ubuntu6 [27.5 kB]
Get:27 http://archive.ubuntu.com/ubuntu/ trusty-updates/main libgcc-4.8-dev amd64 4.8.4-2ubuntu1~14.04.4 [1688 kB]
Get:28 http://archive.ubuntu.com/ubuntu/ trusty-updates/main gcc-4.8 amd64 4.8.4-2ubuntu1~14.04.4 [5040 kB]
Get:29 http://archive.ubuntu.com/ubuntu/ trusty/main gcc amd64 4:4.8.2-1ubuntu6 [5098 B]
Get:30 http://archive.ubuntu.com/ubuntu/ trusty-updates/main libstdc++-4.8-dev amd64 4.8.4-2ubuntu1~14.04.4 [1051 kB]
Get:31 http://archive.ubuntu.com/ubuntu/ trusty-updates/main g++-4.8 amd64 4.8.4-2ubuntu1~14.04.4 [18.0 MB]
Get:32 http://archive.ubuntu.com/ubuntu/ trusty/main g++ amd64 4:4.8.2-1ubuntu6 [1490 B]
Get:33 http://archive.ubuntu.com/ubuntu/ trusty/main make amd64 3.81-8.2ubuntu3 [119 kB]
Get:34 http://archive.ubuntu.com/ubuntu/ trusty/main libtimedate-perl all 2.3000-1 [37.2 kB]
Get:35 http://archive.ubuntu.com/ubuntu/ trusty-updates/main libdpkg-perl all 1.17.5ubuntu5.8 [179 kB]
Get:36 http://archive.ubuntu.com/ubuntu/ trusty-updates/main patch amd64 2.7.1-4ubuntu2.4 [86.9 kB]
Get:37 http://archive.ubuntu.com/ubuntu/ trusty-updates/main dpkg-dev all 1.17.5ubuntu5.8 [726 kB]
Get:38 http://archive.ubuntu.com/ubuntu/ trusty/main build-essential amd64 11.6ubuntu6 [4838 B]
Get:39 http://archive.ubuntu.com/ubuntu/ trusty/main liberror-perl all 0.17-1.1 [21.1 kB]
Get:40 http://archive.ubuntu.com/ubuntu/ trusty-updates/main git-man all 1:1.9.1-1ubuntu0.10 [700 kB]
Get:41 http://archive.ubuntu.com/ubuntu/ trusty-updates/main git amd64 1:1.9.1-1ubuntu0.10 [2737 kB]
Get:42 http://archive.ubuntu.com/ubuntu/ trusty/main python3-pycurl amd64 7.19.3-0ubuntu3 [47.5 kB]
Get:43 http://archive.ubuntu.com/ubuntu/ trusty-updates/main unattended-upgrades all 0.82.1ubuntu2.5 [25.6 kB]
Get:44 http://archive.ubuntu.com/ubuntu/ trusty-updates/main python3-software-properties all 0.92.37.8 [19.2 kB]
Get:45 http://archive.ubuntu.com/ubuntu/ trusty-updates/main software-properties-common all 0.92.37.8 [9384 B]
[91mdebconf: unable to initialize frontend: Dialog
debconf: (TERM is not set, so the dialog frontend is not usable.)
debconf: falling back to frontend: Readline
[0m[91mdebconf: unable to initialize frontend: Readline
debconf: (This frontend requires a controlling tty.)
debconf: falling back to frontend: Teletype
[0m[91mdpkg-preconfigure: unable to re-open stdin: 
[0mFetched 48.6 MB in 6s (7082 kB/s)
(Reading database ... 15183 files and directories currently installed.)
Preparing to unpack .../libc6_2.19-0ubuntu6.15_amd64.deb ...
[91mdebconf: unable to initialize frontend: Dialog
debconf: (TERM is not set, so the dialog frontend is not usable.)
debconf: falling back to frontend: Readline
[0m[91mdebconf: unable to initialize frontend: Readline
debconf: (This frontend requires a controlling tty.)
debconf: falling back to frontend: Teletype
[0mUnpacking libc6:amd64 (2.19-0ubuntu6.15) over (2.19-0ubuntu6.14) ...
Setting up libc6:amd64 (2.19-0ubuntu6.15) ...
[91mdebconf: unable to initialize frontend: Dialog
debconf: (TERM is not set, so the dialog frontend is not usable.)
debconf: falling back to frontend: Readline
[0m[91mdebconf: unable to initialize frontend: Readline
debconf: (This frontend requires a controlling tty.)
debconf: falling back to frontend: Teletype
[0mProcessing triggers for libc-bin (2.19-0ubuntu6.14) ...
Selecting previously unselected package libdbus-glib-1-2:amd64.
(Reading database ... 15183 files and directories currently installed.)
Preparing to unpack .../libdbus-glib-1-2_0.100.2-1_amd64.deb ...
Unpacking libdbus-glib-1-2:amd64 (0.100.2-1) ...
Selecting previously unselected package libasan0:amd64.
Preparing to unpack .../libasan0_4.8.4-2ubuntu1~14.04.4_amd64.deb ...
Unpacking libasan0:amd64 (4.8.4-2ubuntu1~14.04.4) ...
Selecting previously unselected package libatomic1:amd64.
Preparing to unpack .../libatomic1_4.8.4-2ubuntu1~14.04.4_amd64.deb ...
Unpacking libatomic1:amd64 (4.8.4-2ubuntu1~14.04.4) ...
Selecting previously unselected package libgmp10:amd64.
Preparing to unpack .../libgmp10_2%3a5.1.3+dfsg-1ubuntu1_amd64.deb ...
Unpacking libgmp10:amd64 (2:5.1.3+dfsg-1ubuntu1) ...
Selecting previously unselected package libisl10:amd64.
Preparing to unpack .../libisl10_0.12.2-1_amd64.deb ...
Unpacking libisl10:amd64 (0.12.2-1) ...
Selecting previously unselected package libcloog-isl4:amd64.
Preparing to unpack .../libcloog-isl4_0.18.2-1_amd64.deb ...
Unpacking libcloog-isl4:amd64 (0.18.2-1) ...
Selecting previously unselected package libgomp1:amd64.
Preparing to unpack .../libgomp1_4.8.4-2ubuntu1~14.04.4_amd64.deb ...
Unpacking libgomp1:amd64 (4.8.4-2ubuntu1~14.04.4) ...
Selecting previously unselected package libitm1:amd64.
Preparing to unpack .../libitm1_4.8.4-2ubuntu1~14.04.4_amd64.deb ...
Unpacking libitm1:amd64 (4.8.4-2ubuntu1~14.04.4) ...
Selecting previously unselected package libmpfr4:amd64.
Preparing to unpack .../libmpfr4_3.1.2-1_amd64.deb ...
Unpacking libmpfr4:amd64 (3.1.2-1) ...
Selecting previously unselected package libquadmath0:amd64.
Preparing to unpack .../libquadmath0_4.8.4-2ubuntu1~14.04.4_amd64.deb ...
Unpacking libquadmath0:amd64 (4.8.4-2ubuntu1~14.04.4) ...
Selecting previously unselected package libtsan0:amd64.
Preparing to unpack .../libtsan0_4.8.4-2ubuntu1~14.04.4_amd64.deb ...
Unpacking libtsan0:amd64 (4.8.4-2ubuntu1~14.04.4) ...
Selecting previously unselected package libmpc3:amd64.
Preparing to unpack .../libmpc3_1.0.1-1ubuntu1_amd64.deb ...
Unpacking libmpc3:amd64 (1.0.1-1ubuntu1) ...
Selecting previously unselected package libgirepository-1.0-1.
Preparing to unpack .../libgirepository-1.0-1_1.40.0-1ubuntu0.2_amd64.deb ...
Unpacking libgirepository-1.0-1 (1.40.0-1ubuntu0.2) ...
Selecting previously unselected package gir1.2-glib-2.0.
Preparing to unpack .../gir1.2-glib-2.0_1.40.0-1ubuntu0.2_amd64.deb ...
Unpacking gir1.2-glib-2.0 (1.40.0-1ubuntu0.2) ...
Selecting previously unselected package iso-codes.
Preparing to unpack .../iso-codes_3.52-1_all.deb ...
Unpacking iso-codes (3.52-1) ...
Selecting previously unselected package python-apt-common.
Preparing to unpack .../python-apt-common_0.9.3.5ubuntu3_all.deb ...
Unpacking python-apt-common (0.9.3.5ubuntu3) ...
Selecting previously unselected package python3-apt.
Preparing to unpack .../python3-apt_0.9.3.5ubuntu3_amd64.deb ...
Unpacking python3-apt (0.9.3.5ubuntu3) ...
Selecting previously unselected package python3-dbus.
Preparing to unpack .../python3-dbus_1.2.0-2build2_amd64.deb ...
Unpacking python3-dbus (1.2.0-2build2) ...
Selecting previously unselected package python3-gi.
Preparing to unpack .../python3-gi_3.12.0-1ubuntu1_amd64.deb ...
Unpacking python3-gi (3.12.0-1ubuntu1) ...
Selecting previously unselected package binutils.
Preparing to unpack .../binutils_2.24-5ubuntu14.2_amd64.deb ...
Unpacking binutils (2.24-5ubuntu14.2) ...
Selecting previously unselected package libc-dev-bin.
Preparing to unpack .../libc-dev-bin_2.19-0ubuntu6.15_amd64.deb ...
Unpacking libc-dev-bin (2.19-0ubuntu6.15) ...
Selecting previously unselected package linux-libc-dev:amd64.
Preparing to unpack .../linux-libc-dev_3.13.0-170.220_amd64.deb ...
Unpacking linux-libc-dev:amd64 (3.13.0-170.220) ...
Selecting previously unselected package libc6-dev:amd64.
Preparing to unpack .../libc6-dev_2.19-0ubuntu6.15_amd64.deb ...
Unpacking libc6-dev:amd64 (2.19-0ubuntu6.15) ...
Selecting previously unselected package cpp-4.8.
Preparing to unpack .../cpp-4.8_4.8.4-2ubuntu1~14.04.4_amd64.deb ...
Unpacking cpp-4.8 (4.8.4-2ubuntu1~14.04.4) ...
Selecting previously unselected package cpp.
Preparing to unpack .../cpp_4%3a4.8.2-1ubuntu6_amd64.deb ...
Unpacking cpp (4:4.8.2-1ubuntu6) ...
Selecting previously unselected package libgcc-4.8-dev:amd64.
Preparing to unpack .../libgcc-4.8-dev_4.8.4-2ubuntu1~14.04.4_amd64.deb ...
Unpacking libgcc-4.8-dev:amd64 (4.8.4-2ubuntu1~14.04.4) ...
Selecting previously unselected package gcc-4.8.
Preparing to unpack .../gcc-4.8_4.8.4-2ubuntu1~14.04.4_amd64.deb ...
Unpacking gcc-4.8 (4.8.4-2ubuntu1~14.04.4) ...
Selecting previously unselected package gcc.
Preparing to unpack .../gcc_4%3a4.8.2-1ubuntu6_amd64.deb ...
Unpacking gcc (4:4.8.2-1ubuntu6) ...
Selecting previously unselected package libstdc++-4.8-dev:amd64.
Preparing to unpack .../libstdc++-4.8-dev_4.8.4-2ubuntu1~14.04.4_amd64.deb ...
Unpacking libstdc++-4.8-dev:amd64 (4.8.4-2ubuntu1~14.04.4) ...
Selecting previously unselected package g++-4.8.
Preparing to unpack .../g++-4.8_4.8.4-2ubuntu1~14.04.4_amd64.deb ...
Unpacking g++-4.8 (4.8.4-2ubuntu1~14.04.4) ...
Selecting previously unselected package g++.
Preparing to unpack .../g++_4%3a4.8.2-1ubuntu6_amd64.deb ...
Unpacking g++ (4:4.8.2-1ubuntu6) ...
Selecting previously unselected package make.
Preparing to unpack .../make_3.81-8.2ubuntu3_amd64.deb ...
Unpacking make (3.81-8.2ubuntu3) ...
Selecting previously unselected package libtimedate-perl.
Preparing to unpack .../libtimedate-perl_2.3000-1_all.deb ...
Unpacking libtimedate-perl (2.3000-1) ...
Selecting previously unselected package libdpkg-perl.
Preparing to unpack .../libdpkg-perl_1.17.5ubuntu5.8_all.deb ...
Unpacking libdpkg-perl (1.17.5ubuntu5.8) ...
Selecting previously unselected package patch.
Preparing to unpack .../patch_2.7.1-4ubuntu2.4_amd64.deb ...
Unpacking patch (2.7.1-4ubuntu2.4) ...
Selecting previously unselected package dpkg-dev.
Preparing to unpack .../dpkg-dev_1.17.5ubuntu5.8_all.deb ...
Unpacking dpkg-dev (1.17.5ubuntu5.8) ...
Selecting previously unselected package build-essential.
Preparing to unpack .../build-essential_11.6ubuntu6_amd64.deb ...
Unpacking build-essential (11.6ubuntu6) ...
Selecting previously unselected package liberror-perl.
Preparing to unpack .../liberror-perl_0.17-1.1_all.deb ...
Unpacking liberror-perl (0.17-1.1) ...
Selecting previously unselected package git-man.
Preparing to unpack .../git-man_1%3a1.9.1-1ubuntu0.10_all.deb ...
Unpacking git-man (1:1.9.1-1ubuntu0.10) ...
Selecting previously unselected package git.
Preparing to unpack .../git_1%3a1.9.1-1ubuntu0.10_amd64.deb ...
Unpacking git (1:1.9.1-1ubuntu0.10) ...
Selecting previously unselected package python3-pycurl.
Preparing to unpack .../python3-pycurl_7.19.3-0ubuntu3_amd64.deb ...
Unpacking python3-pycurl (7.19.3-0ubuntu3) ...
Selecting previously unselected package unattended-upgrades.
Preparing to unpack .../unattended-upgrades_0.82.1ubuntu2.5_all.deb ...
Unpacking unattended-upgrades (0.82.1ubuntu2.5) ...
Selecting previously unselected package python3-software-properties.
Preparing to unpack .../python3-software-properties_0.92.37.8_all.deb ...
Unpacking python3-software-properties (0.92.37.8) ...
Selecting previously unselected package software-properties-common.
Preparing to unpack .../software-properties-common_0.92.37.8_all.deb ...
Unpacking software-properties-common (0.92.37.8) ...
Processing triggers for ureadahead (0.100.0-16) ...
Setting up libdbus-glib-1-2:amd64 (0.100.2-1) ...
Setting up libasan0:amd64 (4.8.4-2ubuntu1~14.04.4) ...
Setting up libatomic1:amd64 (4.8.4-2ubuntu1~14.04.4) ...
Setting up libgmp10:amd64 (2:5.1.3+dfsg-1ubuntu1) ...
Setting up libisl10:amd64 (0.12.2-1) ...
Setting up libcloog-isl4:amd64 (0.18.2-1) ...
Setting up libgomp1:amd64 (4.8.4-2ubuntu1~14.04.4) ...
Setting up libitm1:amd64 (4.8.4-2ubuntu1~14.04.4) ...
Setting up libmpfr4:amd64 (3.1.2-1) ...
Setting up libquadmath0:amd64 (4.8.4-2ubuntu1~14.04.4) ...
Setting up libtsan0:amd64 (4.8.4-2ubuntu1~14.04.4) ...
Setting up libmpc3:amd64 (1.0.1-1ubuntu1) ...
Setting up libgirepository-1.0-1 (1.40.0-1ubuntu0.2) ...
Setting up gir1.2-glib-2.0 (1.40.0-1ubuntu0.2) ...
Setting up iso-codes (3.52-1) ...
Setting up python-apt-common (0.9.3.5ubuntu3) ...
Setting up python3-apt (0.9.3.5ubuntu3) ...
Setting up python3-dbus (1.2.0-2build2) ...
Setting up python3-gi (3.12.0-1ubuntu1) ...
Setting up binutils (2.24-5ubuntu14.2) ...
Setting up libc-dev-bin (2.19-0ubuntu6.15) ...
Setting up linux-libc-dev:amd64 (3.13.0-170.220) ...
Setting up libc6-dev:amd64 (2.19-0ubuntu6.15) ...
Setting up cpp-4.8 (4.8.4-2ubuntu1~14.04.4) ...
Setting up cpp (4:4.8.2-1ubuntu6) ...
Setting up libgcc-4.8-dev:amd64 (4.8.4-2ubuntu1~14.04.4) ...
Setting up gcc-4.8 (4.8.4-2ubuntu1~14.04.4) ...
Setting up gcc (4:4.8.2-1ubuntu6) ...
Setting up libstdc++-4.8-dev:amd64 (4.8.4-2ubuntu1~14.04.4) ...
Setting up g++-4.8 (4.8.4-2ubuntu1~14.04.4) ...
Setting up g++ (4:4.8.2-1ubuntu6) ...
update-alternatives: using /usr/bin/g++ to provide /usr/bin/c++ (c++) in auto mode
Setting up make (3.81-8.2ubuntu3) ...
Setting up libtimedate-perl (2.3000-1) ...
Setting up libdpkg-perl (1.17.5ubuntu5.8) ...
Setting up patch (2.7.1-4ubuntu2.4) ...
Setting up dpkg-dev (1.17.5ubuntu5.8) ...
Setting up build-essential (11.6ubuntu6) ...
Setting up liberror-perl (0.17-1.1) ...
Setting up git-man (1:1.9.1-1ubuntu0.10) ...
Setting up git (1:1.9.1-1ubuntu0.10) ...
Setting up python3-pycurl (7.19.3-0ubuntu3) ...
Setting up unattended-upgrades (0.82.1ubuntu2.5) ...
[91mdebconf: unable to initialize frontend: Dialog
debconf: (TERM is not set, so the dialog frontend is not usable.)
debconf: falling back to frontend: Readline
[0m[91mdebconf: unable to initialize frontend: Readline
debconf: (This frontend requires a controlling tty.)
debconf: falling back to frontend: Teletype
[0mProcessing triggers for ureadahead (0.100.0-16) ...
Setting up python3-software-properties (0.92.37.8) ...
Setting up software-properties-common (0.92.37.8) ...
Processing triggers for libc-bin (2.19-0ubuntu6.14) ...
Removing intermediate container 0c5399244134
 ---> 513125bb0e4a
Step 5/11 : RUN wget https://storage.googleapis.com/golang/go1.4.2.linux-amd64.tar.gz
 ---> Running in f758daef5001
[91m--2020-04-16 01:56:33--  https://storage.googleapis.com/golang/go1.4.2.linux-amd64.tar.gz
[0m[91mResolving storage.googleapis.com (storage.googleapis.com)... [0m[91m172.217.214.128, 2607:f8b0:4001:c0e::80
Connecting to storage.googleapis.com (storage.googleapis.com)|172.217.214.128|:443... [0m[91mconnected.
[0m[91mHTTP request sent, awaiting response... [0m[91m200 OK
Length: 62442704 (60M) [application/x-gzip]
[0m[91mSaving to: 'go1.4.2.linux-amd64.tar.gz'
[0m[91m
     0K .......... .......... ......[0m[91m...[0m[91m.[0m[91m [0m[91m..[0m[91m.[0m[91m.[0m[91m.[0m[91m..[0m[91m.[0m[91m..[0m[91m ..........  0% 9.08M 7s
    50K .......... .......... ...[0m[91m.[0m[91m..[0m[91m.[0m[91m.[0m[91m.. .[0m[91m...[0m[91m.[0m[91m.[0m[91m.[0m[91m.[0m[91m.. ..........  0% 14.5M 5s
   100K ....[0m[91m...... .......... .......... .......... [0m[91m.[0m[91m.....[0m[91m..[0m[91m.[0m[91m.  0% 20.8M 5s[0m[91m
   150K ...[0m[91m.....[0m[91m.. ........[0m[91m.. ..[0m[91m..[0m[91m...... ..[0m[91m........ ......[0m[91m...[0m[91m.  0% 25.9M 4s
   200K ....[0m[91m...... ......[0m[91m.... ..[0m[91m........ .......[0m[91m... ......[0m[91m....  0% 32.3M 4s
   250K ....[0m[91m.[0m[91m.[0m[91m.[0m[91m.[0m[91m..[0m[91m ..[0m[91m..[0m[91m.[0m[91m..[0m[91m.[0m[91m.[0m[91m. .[0m[91m.[0m[91m..[0m[91m..[0m[91m..[0m[91m.. .[0m[91m.[0m[91m..[0m[91m..[0m[91m..[0m[91m.[0m[91m. ..[0m[91m.[0m[91m.[0m[91m..[0m[91m...[0m[91m.  0% 11.8M[0m[91m 4s[0m[91m
   300K .[0m[91m.[0m[91m..[0m[91m.[0m[91m..[0m[91m... [0m[91m..[0m[91m.[0m[91m..[0m[91m...[0m[91m.. .[0m[91m.....[0m[91m....[0m[91m .....[0m[91m.....[0m[91m ..[0m[91m....[0m[91m....  0% 13.0M 4s
   350K ......[0m[91m.... ..[0m[91m....[0m[91m.... .[0m[91m...[0m[91m....[0m[91m.. ..[0m[91m......[0m[91m.. ..[0m[91m......[0m[91m..  0% 16.7M 4s[0m[91m
   400K ...[0m[91m......[0m[91m. ...[0m[91m.....[0m[91m.. .[0m[91m........[0m[91m. ..[0m[91m......[0m[91m.. ..[0m[91m........  0%[0m[91m 15.7M 4s
   450K ..[0m[91m......[0m[91m.. .[0m[91m.....[0m[91m.... ..[0m[91m....[0m[91m.... ..[0m[91m....[0m[91m.[0m[91m... ....[0m[91m......  0%[0m[91m 15.6M 4s[0m[91m
   500K .[0m[91m.[0m[91m...[0m[91m..[0m[91m..[0m[91m. ...[0m[91m.....[0m[91m.. ..[0m[91m.......[0m[91m. ..[0m[91m.....[0m[91m...[0m[91m .....[0m[91m....[0m[91m.  0% 13.3M 4s
   550K [0m[91m.......[0m[91m... .[0m[91m....[0m[91m....[0m[91m. ...[0m[91m....[0m[91m... ..[0m[91m......[0m[91m.. ..[0m[91m..[0m[91m......  0% 15.8M 4s
   600K[0m[91m ......[0m[91m.... [0m[91m........[0m[91m.. ..[0m[91m...[0m[91m..... .[0m[91m.....[0m[91m.... .[0m[91m....[0m[91m....[0m[91m.  1% 15.6M 4s
   650K .[0m[91m.....[0m[91m....[0m[91m ....[0m[91m....[0m[91m.. ...[0m[91m.....[0m[91m.. .[0m[91m......... ..........  1% 20.2M 4s
   700K .......... .......... .......... .......... ..........  1% 55.2M 4s
   750K .......... .......... .......... .......... ..........  1% 64.0M 3s
   800K .......... .......... .......... .......... ..........  1% 55.9M 3s
   850K .......... .......... .......... ..........[0m[91m ......[0m[91m....[0m[91m  1% 36.5M 3s
   900K ...[0m[91m.....[0m[91m.. ..[0m[91m....[0m[91m.... .[0m[91m....[0m[91m...[0m[91m.. ..[0m[91m.....[0m[91m... ..[0m[91m....[0m[91m....[0m[91m  1% 16.8M 3s
   950K ...[0m[91m.....[0m[91m.. ..[0m[91m.....[0m[91m... ..[0m[91m....[0m[91m....[0m[91m .....[0m[91m...[0m[91m.. ..[0m[91m.....[0m[91m...  1% 16.0M[0m[91m 3s
  1000K ..[0m[91m....[0m[91m.... ..[0m[91m....[0m[91m..[0m[91m.. ..[0m[91m....[0m[91m....[0m[91m ........[0m[91m.. ......[0m[91m....  1% 18.8M[0m[91m 3s
  1050K ....[0m[91m...... .[0m[91m........[0m[91m. ...[0m[91m....... [0m[91m......[0m[91m....[0m[91m ..........  1% 27.5M 3s
  1100K .......... .......... .......... .......... ..........  1%  127M 3s
  1150K .......... .......... .......... .......... ..........  1% 95.2M 3s
  1200K .......... .......... ..........[0m[91m .......... ..........  2%  135M 3s
  1250K .......... .......... .......... .......... ....[0m[91m......  2%  149M 3s
  1300K ..[0m[91m........ .......... ......[0m[91m....[0m[91m .......... ..[0m[91m.[0m[91m..[0m[91m..[0m[91m.[0m[91m.[0m[91m.  2% 64.6M 3s[0m[91m
  1350K ........[0m[91m.. .......... .......... .......... ..........  2% 33.5M 3s
  1400K .......... .......... .......... .......... ..........  2%  129M 3s
  1450K .......... .......... .......... .......... ..........  2%  129M 2s
  1500K .......... .......... .......... .......... ..........  2%  133M 2s
  1550K .......... .......... .......... .......... ..........  2%  100M 2s
  1600K .......... .......... .......... .......... ..........  2%  123M 2s
  1650K .......... .......... .......... .......... ..........  2%  116M 2s
  1700K .......... .......... .......... .......... ..........  2%  117M 2s
  1750K .......... .......... .......... .......... ..........  2% 94.3M 2s
  1800K .......... .......... .......... .......... ..........  3%  117M 2s
  1850K .......... .......... .......... .......... ..........  3%  105M 2s
  1900K .......... .......... .......... .......... ..........  3%  131M 2s
  1950K .......... .......... .......... .......... ..........  3%  108M 2s
  2000K ......[0m[91m.... .......... .......... .......... ..........  3% 72.0M 2s
  2050K .......... .......... .......... .......... ..........  3%  110M 2s
  2100K .......... .......... .......... .......... ..........  3%  112M 2s
  2150K .......... .......... .......... ..[0m[91m........ ..........  3%  111M 2s
  2200K .......... .......... ..........[0m[91m ........[0m[91m.. ..........  3% 74.6M 2s
  2250K .......... .......... .......... .......... ..........  3% 93.7M 2s
  2300K .......... .......... ......[0m[91m.... .......... ..[0m[91m........  3% 84.5M 2s
  2350K .......... .......... .......... ..........[0m[91m ..........  3% 80.1M 2s
  2400K .......... .......... .......... .......... ..........  4% 87.8M 2s
  2450K ....[0m[91m...... .......... ........[0m[91m.. .......... ..........  4% 79.2M 2s
  2500K .......... .......... ......[0m[91m.... .......... ..........  4% 63.0M 2s
  2550K ........[0m[91m.. .......... .......... .......... ..........  4% 97.0M 2s
  2600K .......... .......... .......... .......... ..........  4%  121M 2s
  2650K .......... .......... .......... .......... ..........  4%  120M 2s
  2700K .......... .......... .......... .......... ..........  4%  133M 2s
  2750K .......... .......... .......... .......... ..........  4%  108M 2s
  2800K .......... .......... .......... .......... ..........  4%  109M 2s
  2850K .......... .......... .......... .......... ..........  4%  122M 2s
  2900K .......... .......... .......... .......... ..........  4%  172M 2s
  2950K .......... .......... .......... .......... ..........  4%  104M 1s
  3000K .......... .......... .......... .......... ..........  5%  121M 1s
  3050K .......... .......... .......... .......... ..........  5%  126M 1s
  3100K .......... .......... .......... .......... ..........  5%  122M 1s
  3150K .......... .......... .......... .......... ..........  5%  108M 1s
  3200K .......... .......... .......... .......... ......[0m[91m....  5% 82.5M 1s
  3250K .......... .......... .......... .......... ..........  5% 89.1M 1s
  3300K .......... .......... .......... .......... ..........  5%  122M 1s
  3350K .......... .......... .......... .......... ..........  5%  111M 1s
  3400K .......... .......... .......... .......... ..........  5%  124M 1s
  3450K .......... .......... .......... .......... ..........  5%  124M 1s
  3500K .......... .......... .......... .......... ..........  5%  123M 1s
  3550K .......... .......... .......... .......... ..........  5%  101M 1s
  3600K .......... .......... .......... .......... ..........  5%  118M 1s
  3650K .......... .......... .......... ......[0m[91m.... ..........  6% 77.9M 1s
  3700K .......... .......... .......... .......... ..........  6% 99.0M 1s
  3750K .......... .......... .......... .......... ..........  6% 97.1M 1s
  3800K .......... .......... .......... .......... ..........  6%  127M 1s
  3850K .......... .......... .......... .......... ..........  6%  142M 1s
  3900K .......... .......... .......... .......... ..........  6%  141M 1s
  3950K .......... .......... .......... .......... ..........  6% 90.0M 1s
  4000K .......... .......... .......... .......... ..........  6%  135M 1s
  4050K .......... .......... .......... .......... ......[0m[91m....  6% 1.79M 2s
  4100K .......... ..[0m[91m........ ........[0m[91m.. .......... ..........  6% 68.2M 2s
  4150K .......... .......... .......... .......... ..........  6% 92.5M 2s[0m[91m
  4200K .......... ......[0m[91m.... ......[0m[91m.... .......... ..........  6% 44.0M 2s
  4250K ......[0m[91m.... .......... .......... .......... ...[0m[91m.......  7% 65.7M 2s
  4300K .......... .......... ........[0m[91m.. .......... ..........  7% 92.1M 2s
  4350K ..[0m[91m........ .......... .......... .......... ..[0m[91m........  7% 74.4M 2s
  4400K ........[0m[91m.. .......... .......... ..........[0m[91m ..........  7% 53.7M 2s
  4450K ......[0m[91m.... .....[0m[91m..... ..........[0m[91m .......... ..........  7% 53.0M 2s
  4500K .......... ..[0m[91m........[0m[91m .......... .......... ..........  7% 75.9M 1s
  4550K ..[0m[91m........[0m[91m .......... .......... .......... ..........  7% 67.6M 1s[0m[91m
  4600K .......... .......... .[0m[91m......... ..........[0m[91m ..........  7% 53.3M 1s
  4650K .......... .......... ..[0m[91m.......[0m[91m. .......... ......[0m[91m....  7% 57.8M 1s
  4700K ....[0m[91m...... ..[0m[91m........[0m[91m .......... .......... ....[0m[91m......  7% 46.3M 1s
  4750K ..........[0m[91m ........[0m[91m.. .......... ....[0m[91m...... .....[0m[91m.....  7% 45.0M 1s
  4800K ........[0m[91m.. ......[0m[91m.... .....[0m[91m..... ..........[0m[91m ........[0m[91m..  7% 35.0M 1s
  4850K ......[0m[91m.... ....[0m[91m...... ..[0m[91m........ .......... ..........  8% 55.1M 1s
  4900K ....[0m[91m...... ..[0m[91m........ .......... ......[0m[91m.... ..........  8% 49.7M 1s
  4950K [0m[91m..[0m[91m........ .......... .......... .......... ..........  8% 66.2M 1s[0m[91m
  5000K .......... ......[0m[91m.... ....[0m[91m...... .......... ..........  8% 60.1M 1s
  5050K .......... .......... .......... .......... ..........  8%  111M 1s
  5100K .......... .......... ........[0m[91m.. ......[0m[91m.... ....[0m[91m......  8% 73.5M 1s
  5150K ..........[0m[91m .......... .......... .......... ..[0m[91m........  8% 61.0M 1s[0m[91m
  5200K .......... ........[0m[91m.. .......... ..[0m[91m........[0m[91m ..........  8% 38.1M 1s
  5250K ......[0m[91m.... .......... .[0m[91m.[0m[91m........ .[0m[91m......... ......[0m[91m....  8% 40.8M 1s
  5300K ....[0m[91m...... ..[0m[91m........ .......... ......[0m[91m.... ..........  8% 51.6M 1s
  5350K ..[0m[91m........[0m[91m ........[0m[91m.. ......[0m[91m.... .......... ..[0m[91m........  8% 47.7M 1s[0m[91m
  5400K .........[0m[91m. .......... .......... ..........[0m[91m ..........[0m[91m  8% 48.7M[0m[91m 1s
  5450K .......... .......... ..[0m[91m........ ........[0m[91m.. ..........  9% 59.5M 1s
  5500K ....[0m[91m...... .......... .......... .......... ..........  9%  117M 1s
  5550K ..[0m[91m........ .......... .......... .......... ..........  9% 97.9M 1s
  5600K ........[0m[91m.. .......... .......... ..[0m[91m........ ..........  9% 71.3M 1s
  5650K .......... ....[0m[91m...... ..........[0m[91m .......... ......[0m[91m....  9% 70.6M 1s
  5700K .......... .......... .......... .[0m[91m......... ..........  9%  132M 1s
  5750K .......... .......... .......... .......... ..[0m[91m........  9%  108M 1s
  5800K .......... .......... ..........[0m[91m .......... ..........  9% 68.5M 1s
  5850K .......... ....[0m[91m...... ...[0m[91m....... .......... ..........  9% 80.5M 1s
  5900K .......... .......... .......... .......... ..........  9%  144M 1s
  5950K .......... .......... .......... .......... ..........  9%  121M 1s
  6000K .......... .......... .......... .......... ..........  9%  109M 1s
  6050K .......... .......... .......... .......... .......... 10%  118M 1s
  6100K .......... .......... .......... .......... .......... 10%  123M 1s
  6150K .......... .......... .......... .......... .......... 10%  127M 1s
  6200K .......... .......... .......... .......... .......... 10%  110M 1s
  6250K .......... .......... .......... .......... .......... 10%  123M 1s
  6300K .......... .......... .......... .......... .......... 10%  121M 1s
  6350K .......... .......... .......... .......... .......... 10%  132M 1s
  6400K .......... .......... .......... .......... .......... 10%  106M 1s
  6450K .......... .......... ..........[0m[91m .......... .......... 10% 92.2M 1s
  6500K .......... ..........[0m[91m .......... ......[0m[91m.... .......... 10%  102M 1s
  6550K .......... .......... .......... .......... .......... 10%  122M 1s
  6600K .......... .......... .......... .......... ........[0m[91m.. 10% 87.4M 1s
  6650K .......... .......... .......... ........[0m[91m.. .......... 10% 95.7M 1s
  6700K .......... .......... ........[0m[91m.. .......... .......... 11% 95.8M 1s
  6750K .......... .......... .......[0m[91m... ....[0m[91m...... .......... 11% 96.6M 1s
  6800K .......... .......... .......... ..........[0m[91m .......... 11% 90.9M 1s
  6850K .......... .......... .......... .......... .......... 11%  103M 1s
  6900K .......... ..[0m[91m........ .......... .......... .......... 11% 95.2M 1s
  6950K .......... .......... .......... .......... .......... 11%  136M 1s
  7000K .......... .......... .......... .......... .......... 11%  103M 1s
  7050K .......... .......... .......... .......... .......... 11%  136M 1s
  7100K .......... .......... .......... .......... .......... 11%  118M 1s
  7150K .......... .......... .......... .......... .......... 11%  119M 1s
  7200K .......... .......... .......... .......... .......... 11%  111M 1s
  7250K .......... .......... .......... .......... .......... 11%  133M 1s
  7300K .......... .......... .......... .......... .......... 12%[0m[91m  137M 1s
  7350K ..[0m[91m........ .......... .......... .......... .......... 12% 89.5M 1s
  7400K .......... .......... .......... ..........[0m[91m .......... 12% 74.2M 1s
  7450K .......... .......... ..[0m[91m........ .......... .......... 12%  104M 1s
  7500K .......... .......... .......... .......... ....[0m[91m...... 12%  133M 1s
  7550K .......... .......... .......... .......... .......... 12% 96.7M 1s
  7600K .......... .......... .......... .......... .......... 12%  151M 1s
  7650K ......[0m[91m.... .......... .......... ......[0m[91m.... .......... 12% 69.1M 1s
  7700K .......... .......... .......... .......... .......... 12% 73.5M 1s
  7750K .......... .......... .......... .......... .......... 12%  109M 1s
  7800K .......... .......... .......... .......... .......... 12% 98.3M 1s
  7850K .......... .......... .......... .......... .......... 12%  109M 1s
  7900K .......... .......... .......... .......... .......... 13% 97.1M 1s
  7950K .......... .......... .......... .......... .......... 13%  119M 1s
  8000K .......... .......... .......... .......... .......... 13% 90.3M 1s
  8050K .......... .......... .......... .......... .......... 13%  111M 1s
  8100K .......... .......... .......... .......... .......... 13%  113M 1s[0m[91m
  8150K ..[0m[91m........ .......... .......... .......... .......... 13% 64.3M 1s[0m[91m
  8200K .......... ......[0m[91m.... .......... .......... ........[0m[91m.. 13% 56.2M 1s
  8250K .......... .......... .......... [0m[91m..........[0m[91m .......... 13% 61.1M 1s
  8300K ....[0m[91m...... ....[0m[91m...... .......... .......... .......... 13% 89.4M 1s
  8350K ..[0m[91m........ .......... .......... .......... .......... 13% 60.2M 1s
  8400K .......... .......... .......... .......... .......... 13%  121M 1s
  8450K .......... .......... .......... .......... .......... 13%  147M 1s
  8500K .......... .......... .......... .......... .......... 14%  136M 1s
  8550K .......... .......... .......... .......... .......... 14%  123M 1s
  8600K .......... .......... .......... .......... .......... 14%  107M 1s
  8650K .......... .......... .......... .......... .......... 14%  122M 1s
  8700K .......... .......... .......... .......... .......... 14%  126M 1s
  8750K .......... .......... .......... .......... .......... 14%  134M 1s
  8800K .......... .......... .......... .......... .......... 14%  114M 1s
  8850K .......... .......... .......... .......... .......... 14%  129M 1s
  8900K .......... .......... .......... .......... ....[0m[91m...... 14%  129M 1s
  8950K .......... .......... .......... ....[0m[91m...... .......... 14% 83.1M 1s
  9000K .......... .......... ....[0m[91m...... ..[0m[91m........ ...[0m[91m....... 14% 49.6M 1s
  9050K .......... .[0m[91m......... ..[0m[91m........ .......... .......... 14% 89.8M 1s
  9100K .......... ..[0m[91m........ ........[0m[91m.. ......[0m[91m.... .......... 15% 54.3M 1s
  9150K ..[0m[91m........ .......... ......[0m[91m.... .......... .......... 15%  112M 1s
  9200K .......... .......... .......... .......... .......... 15%  110M 1s
  9250K .......... .......... .......... .......... .......... 15%  122M 1s
  9300K .......... .......... .......... .......... .......... 15%  127M 1s
  9350K .......... .......... .......... .......... .......... 15%  116M 1s
  9400K .......... .......... .......... .......... .......... 15%  116M 1s
  9450K .......... .......... .......... .......... .......... 15%  123M 1s
  9500K .......... .......... .......... .......... .......... 15%  122M 1s
  9550K .......... .......... .......... .......... .......... 15%  127M 1s
  9600K .......... .......... .......... .......... .......... 15%  108M 1s
  9650K .......... .......... .......... .......... .......... 15%  113M 1s
  9700K .......... .......... .......... .......... ....[0m[91m...... 15%  119M 1s
  9750K .......... .......... .......... .......... .......... 16% 87.9M 1s
  9800K .......... ......[0m[91m.... .......... .......... .......... 16% 88.5M 1s
  9850K .......... ....[0m[91m...... .......... .......... .......... 16%[0m[91m  107M 1s
  9900K .......... .......... .......... .......... .......... 16%  107M 1s
  9950K ..[0m[91m........ .......... .......... .......... ..[0m[91m........ 16% 92.2M 1s
 10000K .......... .......... .......... ..........[0m[91m .......... 16% 94.1M 1s
 10050K .......... .......... .......... .......... ......[0m[91m.... 16%  123M 1s
 10100K .......... ..........[0m[91m .......... .......... ....[0m[91m...... 16% 72.7M 1s
 10150K ..........[0m[91m .......... .......... ....[0m[91m...... ..[0m[91m........ 16% 56.4M 1s
 10200K .......... ......[0m[91m.... .......... .......... .......... 16%  130M 1s
 10250K .......... ....[0m[91m...... .......... .......... .......... 16%  132M 1s
 10300K ..........[0m[91m .......... .......... .......... .......... 16%  130M 1s
 10350K .......... .......... .......... .......... .......... 17%  183M 1s
 10400K .......... .......... ....[0m[91m...... .......... .......... 17%  131M 1s
 10450K .......... .......... .......... .......... .......... 17%  131M 1s
 10500K ....[0m[91m...... .......... .......... .......... .......... 17%  140M 1s
 10550K .......... ........[0m[91m.. .......... .......... .......... 17%  131M 1s
 10600K .......... .......... .......... ..[0m[91m........ .......... 17%  109M 1s
 10650K .......... .......... .......... .......... .......... 17%  144M 1s
 10700K .......... ..[0m[91m........ .......... .......... .......... 17%  137M 1s
 10750K .......... .......... ...[0m[91m....... .......... .......... 17%  132M 1s
 10800K .......... .......... ....[0m[91m...... .......... .......... 17%  119M 1s
 10850K .......... .......... .......... ........[0m[91m.. .......... 17%  140M 1s
 10900K .......... .......... .......... .......... .......... 17%  147M 1s
 10950K .......... ........[0m[91m.. .......... .......... .......... 18%  141M 1s
 11000K .......... .......... ....[0m[91m...... .......... .......... 18%  122M 1s
 11050K .......... .......... .......... .......... .......... 18%  140M 1s
 11100K ...[0m[91m....... .......... .......... .......... ....[0m[91m...... 18%  128M 1s
 11150K .......... .......... .......... .......... .......... 18%  123M 1s
 11200K .......... .......... .......... ..........[0m[91m .......... 18%  114M 1s
 11250K .......... .......... .......... .......... ......[0m[91m.... 18%  132M 1s
 11300K .......... .......... .......... .......... .......... 18%  144M 1s
 11350K ..........[0m[91m .......... .......... .......... .......... 18%  133M 1s
 11400K .......... .......... .......... ..[0m[91m........ .......... 18%  124M 1s
 11450K .......... .......... ..........[0m[91m .......... .......... 18%  133M 1s
 11500K .......... .......... .......... .......... .......... 18%  140M 1s
 11550K ..[0m[91m........ .......... .......... .......... .......... 19%  135M 1s
 11600K .......... .......... ..[0m[91m........ .......... .......... 19%  112M 1s
 11650K .......... .......... .......... ........[0m[91m.. .......... 19%  118M 1s
 11700K .......... .......... .......... .......... .......... 19%  137M 1s
 11750K ..[0m[91m........ .......... .......... .......... .......... 19%  128M 1s
 11800K .......... ......[0m[91m.... .......... .......... .......... 19% 96.9M 1s
 11850K .......... .......... ..[0m[91m........ .......... .......... 19%  135M 1s
 11900K .......... .......... .......... .......... ....[0m[91m...... 19%  130M 1s
 11950K .......... .......... .......... .......... .......... 19%  140M 1s
 12000K ........[0m[91m.. .......... .......... .......... .......... 19%  116M 1s
 12050K .......... .......... ..[0m[91m........ .......... .......... 19%  133M 1s
 12100K .......... .......... ........[0m[91m.. .......... .......... 19%  130M 1s
 12150K .......... .......... .......... .......... ..[0m[91m........ 20%  133M 1s
 12200K .......... .......... .......... .......... .......... 20%  107M 1s
 12250K .......... .......... .......... .......... .......... 20%  117M 1s
 12300K .......... .......... .......... .......... .......... 20%  122M 1s
 12350K .......... .......... .......... .......... .......... 20%  123M 1s
 12400K .......... .......... .......... .......... .......... 20%  112M 1s
 12450K .......... .......... .......... .......... .......... 20%  127M 1s
 12500K .......... .......... .......... .......... .......... 20%  133M 1s
 12550K .......... .......... .......... .......... .......... 20%  133M 1s
 12600K .......... .......... .......... .......... .......... 20%  111M 1s
 12650K .......... .......... .......... .......... ......[0m[91m.... 20% 95.4M 1s
 12700K .......... .......... .......... .......... ....[0m[91m...... 20%  143M 1s
 12750K .......... .......... .......... .......... .......... 20%  129M 1s
 12800K .[0m[91m......... .......... .......... .......... .......... 21%  118M 1s
 12850K ......[0m[91m.... .......... .......... .......... .......... 21%  142M 1s
 12900K .......... .......... .......... .......... ....[0m[91m...... 21%  140M 1s
 12950K .......... .......... .......... .......... .......... 21%  141M 1s[0m[91m
 13000K .......... .......... .......... .......... .......... 21%  118M 1s
 13050K .......... .......... ..[0m[91m........ .......... .......... 21%  122M 1s
 13100K .......... ..........[0m[91m .......... .......... .......... 21%  129M 1s
 13150K .......... .......... .......... .......... ..[0m[91m........ 21%  138M 1s
 13200K .......... .......... .......... .......... .......... 21%  110M 1s
 13250K .......... .......... .......... .......... .......... 21%  134M 1s
 13300K .......... .......... .......... .......... .......... 21%  120M 1s
 13350K .......... .......... .......... .......... .......... 21%  125M 1s
 13400K .......... .......... .......... .......... .......... 22%  108M 1s
 13450K .......... .......... .......... .......... .......... 22%  127M 1s
 13500K .......... .......... .......... .......... .......... 22%  119M 1s
 13550K .......... .......... .......... .......... .......... 22%  121M 1s
 13600K .......... .......... .......... .......... .......... 22%  125M 1s
 13650K .......... .......... .......... .......... .......... 22%  167M 1s
 13700K .......... ..........[0m[91m .......... .......... .......... 22% 96.6M 1s
 13750K .......... .......... .......... .......... .......... 22%  121M 1s
 13800K .......... .......... .......... .......... .......... 22%  106M 1s
 13850K .......... .......... .......... .......... .......... 22%  131M 1s
 13900K .......... .......... .......... .......... .......... 22%  131M 1s
 13950K .......... .......... .......... .......... .......... 22%  130M 1s
 14000K .......... .......... .......... .......... .......... 23%  107M 1s
 14050K .......... .......... .......... .......... .......... 23%  129M 1s
 14100K .......... .......... .......... .......... .......... 23%  129M 1s
 14150K .......... .......... .......... .......... .......... 23%  129M 1s[0m[91m
 14200K .......... .......... .......... .......... .......... 23% 84.0M[0m[91m 1s
 14250K .......... .......... .......... .......... .......... 23%  111M 1s
 14300K .......... ..........[0m[91m .......... .......... .......... 23%  109M 1s
 14350K .......... .......... .......... .......... .......... 23%  124M 1s
 14400K .......... .......... .......... .......... .......... 23%  120M 1s
 14450K .......... .......... .......... .......... .......... 23%  137M 1s
 14500K .......... .......... .......... .......... .......... 23%  135M 1s
 14550K .......... .......... .......... .......... .......... 23%  125M 1s
 14600K .......... .......... .......... .......... .......... 24%  106M 1s
 14650K .......... .......... ..[0m[91m........ .......... .......... 24% 98.0M 1s
 14700K .......... .......... ........[0m[91m.. .......... .......... 24%  121M 1s
 14750K .......... .......... .......... .......... .......... 24%  111M 1s[0m[91m
 14800K .[0m[91m......... .......... .......... .......... .......... 24% 92.9M 1s
 14850K .......... .......... .......... .......... .......... 24%  112M 1s
 14900K .......... .......... .......... .......... .......... 24%  130M 1s
 14950K .......... .......... .......... .......... .......... 24%  121M 1s
 15000K .......... .......... .......... .......... .......... 24%  111M 1s
 15050K .......... .......... .......... .......... .......... 24%  142M 1s
 15100K .......... .......... .......... .......... ....[0m[91m...... 24%  127M 1s
 15150K .......... .......... .......... .......... ..........[0m[91m 24% 97.9M 1s
 15200K .......... .......... .......... .......... .......... 25% 90.2M 1s
 15250K .......... .......... .......... .......... .......... 25%  142M 1s
 15300K .......... .......... .......... .......... .......... 25%  122M 1s
 15350K .......... .......... .......... .......... .......... 25%  117M 1s
 15400K .......... .......... .......... .......... .......... 25%  116M 1s
 15450K .......... .......... .......... .......... .......... 25%  130M 1s
 15500K .......... .......... .......... .......... .......... 25%  130M 1s
 15550K .......... .......... .......... .......... .......... 25%  132M 1s
 15600K .......... .......... ....[0m[91m...... .......... .......... 25% 84.6M 1s
 15650K .......... .......... ..........[0m[91m .......... .......... 25%  140M 1s
 15700K .......... .......... .......... .......... .......... 25%  110M 1s
 15750K [0m[91m..........[0m[91m .......... .......... .......... ....[0m[91m...... 25% 57.6M 1s
 15800K .......... .......... .......... .......... .......... 25%  118M 1s
 15850K .......... ....[0m[91m...... .......... .......... .......... 26% 79.8M 1s
 15900K ....[0m[91m...... .......... .......... .......... ....[0m[91m...... 26%  100M 1s
 15950K .......... .......... .......... .......... .......... 26%  112M 1s
 16000K .......... .......... .......... .......... .......... 26% 98.3M 1s
 16050K .......... .......... .......... .......... .......... 26%  145M 1s
 16100K .......... .......... .......... .......... .......... 26%  146M 1s
 16150K .......... .......... .......... .......... .......... 26%  155M 1s
 16200K .......... .......... .......... .......... .......... 26%  125M 1s
 16250K .......... .......... .......... .......... .......... 26%  158M 1s
 16300K .......... .......... .......... .......... .......... 26%  158M 1s
 16350K .......... .......... .......... .......... .......... 26%  139M 1s
 16400K .......... .......... .......... .......... .......... 26%  125M 1s
 16450K .......... .......... .......... .......... .......... 27%  160M 1s
 16500K .......... .......... .......... .......... .......... 27%  149M 1s
 16550K .......... .......... .......... ....[0m[91m...... .......... 27%  117M 1s
 16600K .......... .......... .......... .......... .......... 27%  115M 1s
 16650K .....[0m[91m..... .......... .......... .......... .......... 27%  133M 1s
 16700K .......... .......... .......... .......... .......... 27%  145M 1s
 16750K ..........[0m[91m .......... .......... .......... ..[0m[91m........ 27%  107M 1s
 16800K .......... .......... .......... ..[0m[91m........ .......... 27% 94.8M 1s
 16850K .......... ....[0m[91m...... .......... .......... ......[0m[91m.... 27% 91.0M 1s
 16900K .......... .......... ........[0m[91m.. .......... .......... 27%  107M 1s
 16950K ..[0m[91m........ .......... .......... .......... ..[0m[91m........ 27% 95.9M 1s
 17000K .......... .......... .......... ..[0m[91m........ .......... 27% 90.3M 1s
 17050K .......... ....[0m[91m...... .......... .......... .......... 28%  109M 1s
 17100K ....[0m[91m...... .......... .......... .......[0m[91m... .......... 28% 98.0M 1s
 17150K .......... .....[0m[91m..... .......... .......... ..[0m[91m........ 28%  103M 1s
 17200K .......... .......... .......... ..........[0m[91m .......... 28% 97.9M 1s
 17250K .......... .......... .......... [0m[91m.......... .......... 28%  111M 1s
 17300K .......... ..........[0m[91m .......... .......... .......... 28%  121M 1s
 17350K .......... ....[0m[91m...... .......... .......... ..[0m[91m........ 28% 94.0M 1s
 17400K .......... .......... .......... ..........[0m[91m .......... 28% 86.8M 1s
 17450K .......... ....[0m[91m...... .......... .......... .......... 28%  114M 1s
 17500K ....[0m[91m...... .......... .......... .......... ....[0m[91m...... 28%  108M 1s
 17550K .......... .......... .......... .......... ..[0m[91m........ 28%  136M 1s
 17600K .......... .......... ..........[0m[91m .......... .......... 28% 82.8M 1s
 17650K .......... ....[0m[91m...... .......... .......... ......[0m[91m.... 29%  120M 1s
 17700K .......... .......... .......... ......[0m[91m.... .......... 29% 97.2M 1s
 17750K .......... .......... .......... ....[0m[91m...... .......... 29%  123M 1s
 17800K .......... .......... .......... ..........[0m[91m .......... 29%  104M 1s
 17850K .......... .......... ..........[0m[91m .......... .......... 29%  107M 1s
 17900K .......... ..........[0m[91m .......... .......... .......... 29%  111M 1s
 17950K .......... .........[0m[91m. .......... .......... .......... 29%  102M 1s
 18000K .......... ......[0m[91m.... .......... .......... .......... 29%  105M 1s
 18050K ......[0m[91m.... .......... .......... .......... .......... 29% 87.3M 1s
 18100K .......... ..........[0m[91m .......... .......... .......... 29%  111M 1s
 18150K .......... ........[0m[91m.. .......... .......... .......... 29%  111M 1s
 18200K .......... .......... .......... ..[0m[91m........ .......... 29% 97.5M 1s
 18250K .......... .......... ..[0m[91m........ .......... .......... 30%  114M 1s
 18300K ....[0m[91m...... .......... .......... .......... .......... 30%  103M 1s
 18350K ..[0m[91m........ .......... .......... .......... ..[0m[91m........ 30%  111M 1s
 18400K .......... .......... .......... ..[0m[91m........ .......... 30% 81.4M 1s
 18450K .......... .......... .......... ........[0m[91m.. .......... 30%  112M 1s
 18500K .......... .......... .......... .......... .........[0m[91m. 30%  136M 1s
 18550K .......... .......... .......... .......... .......... 30%  114M 1s[0m[91m
 18600K .......... .......... .......... .......... .......... 30% 99.2M 1s
 18650K ......[0m[91m.... .......... .......... .......... .......... 30%  109M[0m[91m 1s
 18700K .......... .......... .......... .......... ....[0m[91m...... 30% 93.6M 1s
 18750K .......... .......... ......[0m[91m.... .......... .......... 30%  112M 1s
 18800K ........[0m[91m.. .......... .......... .......... .......... 30% 92.8M[0m[91m 1s
 18850K .......... .......... .......... .......... ......[0m[91m.... 30%  106M 1s
 18900K .......... .......... .......... .......... ....[0m[91m...... 31%  101M 1s
 18950K .......... .......... .......... .......... .......... 31%  139M 1s[0m[91m
 19000K .......... .......... .......... .......... ....[0m[91m...... 31% 87.6M 1s
 19050K .......... .......... .......... ........[0m[91m.. .......... 31%  107M 1s
 19100K .......... .......... .......... .......... ....[0m[91m...... 31%  132M 1s
 19150K .......... .......... .......... .......... ..[0m[91m........ 31% 91.1M 1s
 19200K .......... .......... .......... ..........[0m[91m .......... 31% 98.1M 1s
 19250K .......... .......... .......... ........[0m[91m.. .......... 31%  109M 1s
 19300K .......... .......... .......... ........[0m[91m.. .......... 31%  116M 1s
 19350K .......... .......... .......... ....[0m[91m...... .......... 31%  113M 1s
 19400K .......... .......... .......... .......... .......... 31%  136M 1s
 19450K .......... .......... ..........[0m[91m .......... .......... 31%  109M 1s
 19500K .......... .......... ........[0m[91m.. .......... .......... 32%  113M 1s
 19550K .......... .......... .......... ...[0m[91m....... .......... 32%  121M 1s
 19600K .......... .......... ....[0m[91m...... .......... .......... 32% 92.8M 1s
 19650K .......... ....[0m[91m...... .......... .......... .......... 32%  109M 1s
 19700K .......[0m[91m... .......... .......... .......... .......... 32% 89.5M 1s
 19750K .....[0m[91m..... .......... .......... .......... .......... 32% 98.2M 1s
 19800K .........[0m[91m. .......... .......... .......... .........[0m[91m. 32% 85.9M 1s
 19850K .......... .......... .......... .......... .......... 32%  103M 1s[0m[91m
 19900K .......... .......... .......... .......... .......... 32%  108M 1s
 19950K ..[0m[91m........ .......... .......... .......... .......... 32%  125M 1s
 20000K[0m[91m .......... .......... .......... .......... .......... 32%[0m[91m 78.3M 1s
 20050K .......... .......... .......... .......... .[0m[91m......... 32% 77.3M 1s
 20100K .......... .......... ........[0m[91m.. .......... .......... 33%  107M 1s
 20150K .......... .......... .......... ....[0m[91m...... .......... 33%  117M 1s
 20200K .......... .......... .......... .......... .......... 33%[0m[91m 70.7M 1s
 20250K .......... .......... .......... .......... .......... 33%  113M 1s
 20300K ....[0m[91m...... .......... .......... .......... .......... 33%  113M 1s
 20350K ..........[0m[91m .......... .......... .......... .......... 33% 96.5M 1s[0m[91m
 20400K .......... .......... .......... .......... .......... 33% 84.2M 1s
 20450K ...[0m[91m....... .......... .......... .......... .......... 33% 73.8M 1s
 20500K [0m[91m.......... .......... .......... .......... .......... 33% 83.5M 1s
 20550K .......... [0m[91m.......... .......... .......... .......... 33% 67.3M 1s[0m[91m
 20600K .......... .......... .......... .......... ........[0m[91m.. 33% 89.7M 1s
 20650K .......... .......... .......... .....[0m[91m..... .......... 33% 73.2M 1s
 20700K .......... .......... .......... .......... .......... 34%  154M 1s
 20750K ........[0m[91m.. .......... .......... .......... .......... 34% 80.1M 1s
 20800K[0m[91m .......... .......... .......... .......... .........[0m[91m. 34% 86.4M 1s
 20850K .......... .......... .......... .......... .......... 34%  125M 1s
 20900K .......... .........[0m[91m. .......... .......... .......... 34% 58.8M 1s
 20950K .......... .......... ......[0m[91m.... .......... .......... 34% 56.6M 1s
 21000K .......... .......... ........[0m[91m.. .......... .......... 34% 49.0M 1s
 21050K ......[0m[91m.... .......... .......... .......... .......... 34% 85.7M 1s
 21100K ........[0m[91m.. .......... .......... .......... .......... 34% 78.9M 1s
 21150K .[0m[91m......... .......... .......... .......... .......... 34% 72.8M 1s
 21200K .........[0m[91m. .......... .......... .......... .......... 34% 58.1M 1s
 21250K ........[0m[91m.. .......... .......... .......... .......... 34% 96.6M 1s
 21300K ...[0m[91m....... .......... .......... .......... .......... 35% 93.8M 1s
 21350K ..[0m[91m........ ....[0m[91m...... .......... .......... .......... 35% 41.9M 1s[0m[91m
 21400K .......... .......... .......... .......... .......... 35% 58.0M 1s
 21450K .[0m[91m......... .......... .......... .........[0m[91m. .......... 35% 52.0M 1s
 21500K .......... .......... .......... .......... ......[0m[91m.... 35% 58.8M 1s
 21550K .......... .......... .......... .......... .......... 35%  115M 1s
 21600K .......... .......... ..[0m[91m........ .......... .......... 35% 73.4M 1s
 21650K .......... [0m[91m......[0m[91m.... .......... .[0m[91m......... .......... 35% 48.8M 1s
 21700K .......... .......... .......... ......[0m[91m....[0m[91m .......... 35% 43.4M 1s
 21750K ...[0m[91m....... .........[0m[91m.[0m[91m .......... .......... .........[0m[91m. 35% 73.9M 1s
 21800K .......... .......... .......... ..........[0m[91m ........[0m[91m.. 35%[0m[91m 39.2M 1s
 21850K .......... ....[0m[91m...... .......... ..[0m[91m........ .......... 35% 77.4M 1s
 21900K .......... .......... .......... ..[0m[91m........ .......... 35% 61.6M 1s
 21950K ..[0m[91m.....[0m[91m... .......... .........[0m[91m. .......... .......... 36% 56.8M 1s
 22000K [0m[91m.......... .......... .........[0m[91m. ..[0m[91m........[0m[91m .......... 36% 39.1M 1s
 22050K ......[0m[91m.... .......... .......... ........[0m[91m.. .......... 36% 98.5M 1s
 22100K .......... .......... .......... ......[0m[91m.... .......... 36%  116M 1s
 22150K .......... .......... .......... ......[0m[91m.... .......... 36%  103M 1s
 22200K .......... .......... .......[0m[91m... .......... .......... 36% 83.2M 1s
 22250K .......... .......... ....[0m[91m...... .......... .......... 36% 98.9M 1s
 22300K ......[0m[91m.... .......... ..[0m[91m........ ........[0m[91m.. .......... 36% 67.9M 1s
 22350K .......... ..........[0m[91m .......... .......... .......... 36% 92.4M 1s
 22400K .........[0m[91m. .......... ....[0m[91m...... .......... ..[0m[91m........ 36% 60.0M 1s
 22450K .......... ........[0m[91m.. .......... ........[0m[91m.. .......[0m[91m... 36% 75.4M 1s
 22500K .......... ..[0m[91m........ ....[0m[91m...... .......... .......... 36% 69.2M 1s
 22550K .......... ..........[0m[91m .......... .......... .......... 37%  107M 1s
 22600K [0m[91m.......... .......... .......... .......... ........[0m[91m.. 37% 90.8M 1s
 22650K .......... .......... .......... .......... ..[0m[91m........ 37% 71.5M 1s
 22700K .......... ..[0m[91m.......[0m[91m. .......... ......[0m[91m.... .......... 37% 67.7M 1s
 22750K .......[0m[91m... .......... .......... .......... .......... 37%  115M 1s[0m[91m
 22800K .......... .......... .......... ..........[0m[91m .......... 37% 86.3M 1s
 22850K .......... .......... .......... ..........[0m[91m .......... 37% 89.4M 1s
 22900K .......... ..........[0m[91m ........[0m[91m.. .......... ....[0m[91m...... 37% 65.1M 1s
 22950K .......[0m[91m... ........[0m[91m.. .......... .......... .......... 37%  105M 1s
 23000K ........[0m[91m.. .......... .......... .......... .......... 37%  106M 1s
 23050K .......... ....[0m[91m...... .......... .......... .......... 37%  109M[0m[91m 1s
 23100K .......... .......... .......... ......[0m[91m.... .......... 37% 97.8M 1s
 23150K .......... .......... .......... .....[0m[91m..... .......... 38%  110M 1s
 23200K .......... .......... .....[0m[91m..... .......... .......... 38% 98.7M 1s
 23250K .......... .......... ..[0m[91m........ .......... .......... 38% 68.2M 1s
 23300K ....[0m[91m...... ..[0m[91m........ .......... .......[0m[91m... .......... 38% 62.2M 0s
 23350K ..[0m[91m........[0m[91m .......... .......... .....[0m[91m..... .......... 38% 73.1M 0s
 23400K .......... .........[0m[91m. .......... .......... ..[0m[91m........ 38% 66.8M 0s
 23450K .......... ...[0m[91m.......[0m[91m ..........[0m[91m .......... .........[0m[91m. 38% 68.7M 0s
 23500K .......... .......... .......... ......[0m[91m.... .......... 38% 72.2M 0s
 23550K .......... ..[0m[91m........ .........[0m[91m.[0m[91m .......... .......... 38% 72.5M 0s
 23600K [0m[91m.......... .......... .......[0m[91m... .......... .......... 38% 66.2M 0s[0m[91m
 23650K ......[0m[91m.... .....[0m[91m..... .......... .......... .......... 38% 66.8M 0s
 23700K ........[0m[91m.. .......... .......... ..[0m[91m........ .....[0m[91m..... 38% 53.8M 0s
 23750K ..[0m[91m........ .......... .......... ........[0m[91m.. .......... 39% 77.3M 0s
 23800K .......... .[0m[91m......... .......... ..........[0m[91m .......... 39% 63.5M 0s
 23850K ......[0m[91m.... .......... .......... .......... .[0m[91m......... 39% 70.2M 0s
 23900K ....[0m[91m...... ..........[0m[91m .......... .......... .......... 39%  106M 0s
 23950K .......... .[0m[91m......... .......... ......[0m[91m.... .......... 39% 73.6M 0s
 24000K .......... ......[0m[91m.... ....[0m[91m...... ..........[0m[91m ........[0m[91m.. 39% 49.8M 0s
 24050K .......... ....[0m[91m...... .....[0m[91m..... .......... .......... 39%  103M 0s
 24100K .......... ........[0m[91m.. .......... .......... ....[0m[91m...... 39% 74.2M 0s
 24150K .......... .......... ......[0m[91m...[0m[91m. .......... .......... 39% 89.5M 0s
 24200K .......... [0m[91m.......... .......... .......... .......... 39% 78.6M 0s
 24250K ...[0m[91m....... .......... .......... .......... .......... 39% 82.4M 0s
 24300K .......... ..........[0m[91m .......... .......... .......... 39% 94.2M 0s
 24350K .......... [0m[91m.[0m[91m.......[0m[91m.. .......... .......... .......... 40% 83.7M 0s
 24400K .......... [0m[91m.......... .......... .......... .........[0m[91m. 40% 56.8M 0s
 24450K .......... .......... ..........[0m[91m .....[0m[91m..... ......[0m[91m.... 40% 79.3M 0s
 24500K ....[0m[91m...... .......... .......... .......... .......... 40%  101M 0s
 24550K ..[0m[91m........ .......... .......... .......... .......... 40%  112M 0s
 24600K .......[0m[91m... .......... .......... ....[0m[91m.[0m[91m..... ........[0m[91m.. 40% 53.7M 0s
 24650K .......... .......... ..[0m[91m........ .......... .......... 40% 81.6M 0s
 24700K ......[0m[91m.... .......... .......... ......[0m[91m.... .......... 40% 71.7M 0s
 24750K ..........[0m[91m .......... .......... ........[0m[91m.. .......... 40% 77.2M 0s
 24800K .......... ......[0m[91m.... ........[0m[91m.. .......... ...[0m[91m....... 40% 63.7M 0s
 24850K ....[0m[91m...... .......... .......... .......... [0m[91m.......... 40% 83.6M 0s
 24900K .......... ..........[0m[91m .......... .......... .......[0m[91m... 40% 76.4M 0s
 24950K .......... ........[0m[91m.. .........[0m[91m. .......... .......... 40% 72.9M 0s
 25000K .......... .[0m[91m......... .......... ..[0m[91m..[0m[91m...... .......... 41% 66.0M 0s
 25050K .[0m[91m......... .......... .......... .......... .......... 41%  122M 0s
 25100K ........[0m[91m.. .......... .......... .......... .....[0m[91m..... 41% 86.8M 0s
 25150K .......... .......... ........[0m[91m.. .......... .......... 41% 65.6M 0s
 25200K [0m[91m.......... ...[0m[91m....... .......... .......... .......... 41% 71.3M 0s
 25250K .....[0m[91m..... .......... ..........[0m[91m ........[0m[91m..[0m[91m .......... 41% 43.3M 0s
 25300K ....[0m[91m...... .......... .[0m[91m......... .......... .......... 41% 91.5M 0s
 25350K .......... ......[0m[91m.... .......... .......... .......... 41% 98.6M 0s
 25400K .......... ...[0m[91m....... .......... ..[0m[91m.......[0m[91m. ........[0m[91m.. 41% 52.5M 0s
 25450K .......... .......... .......... ..[0m[91m........ .......... 41% 93.9M 0s
 25500K .......... .......... .......... ...[0m[91m....... .......... 41% 80.5M 0s
 25550K .......... ...[0m[91m....... [0m[91m.......... ......[0m[91m.... .......... 41%[0m[91m 71.2M 0s
 25600K .......... .......... .......... .......... ........[0m[91m.. 42% 59.9M 0s
 25650K ......[0m[91m.... .......... ..[0m[91m........ ........[0m[91m.. .......... 42% 68.6M 0s
 25700K ....[0m[91m...... .......... .......... .......... ........[0m[91m.. 42%  120M 0s
 25750K .......... .......... .......... .[0m[91m......... .......... 42% 64.1M 0s
 25800K .......[0m[91m... .......... ....[0m[91m...... ..[0m[91m........ .....[0m[91m..... 42% 61.0M 0s
 25850K .......... .......... .......... ....[0m[91m...... .......... 42% 81.0M 0s
 25900K .......... ..........[0m[91m ........[0m[91m.. [0m[91m.......... ....[0m[91m...... 42% 52.3M 0s
 25950K .......... ........[0m[91m.. .......... .......... .......... 42% 96.9M 0s
 26000K [0m[91m.......... .......... ......[0m[91m.... ..........[0m[91m .......... 42%[0m[91m 62.8M 0s
 26050K .......... [0m[91m.......... .......... .......... [0m[91m.......... 42% 72.1M 0s
 26100K .......... .......... .....[0m[91m..... .......... .......... 42% 82.4M 0s
 26150K ..[0m[91m.......[0m[91m. [0m[91m.......... ..[0m[91m........ ....[0m[91m...... .......... 42% 52.9M 0s
 26200K .......... ..[0m[91m........ .......... ..........[0m[91m ........[0m[91m.. 43% 59.1M 0s
 26250K .......... ....[0m[91m...... ..[0m[91m........ .......... .......... 43% 92.3M 0s
 26300K .......... ..........[0m[91m .......... .......... .......... 43%  113M 0s
 26350K .......[0m[91m... .......... .......... [0m[91m.......... .......... 43% 61.3M 0s
 26400K ..[0m[91m........ ......[0m[91m.... ....[0m[91m...... ..........[0m[91m .......... 43% 60.8M 0s
 26450K ..........[0m[91m .......... .......... .......... ...[0m[91m....... 43% 67.2M 0s
 26500K .......... .....[0m[91m..... ........[0m[91m.. ......[0m[91m.... .......... 43% 72.0M 0s
 26550K ..[0m[91m........ .......... .......... ........[0m[91m.. .......... 43% 81.9M 0s
 26600K .......... .......... .......... ..........[0m[91m .......... 43% 64.1M 0s
 26650K .......... ......[0m[91m.... ..[0m[91m........ .........[0m[91m. .......... 43% 70.8M 0s
 26700K ....[0m[91m...... ..[0m[91m........ .......... .......... .........[0m[91m. 43% 92.8M 0s
 26750K .......... .......... ...[0m[91m....... ....[0m[91m...... .....[0m[91m..... 43% 50.0M 0s
 26800K ........[0m[91m.. .......... .......... .....[0m[91m..... .......... 44% 78.2M 0s
 26850K .......... .......... .......... ...[0m[91m....... .......... 44% 91.0M 0s
 26900K ....[0m[91m...... .......... ....[0m[91m...... ......[0m[91m.... ....[0m[91m...... 44% 59.2M 0s
 26950K .......... .......... .......... .[0m[91m......... .......... 44% 82.8M 0s
 27000K .......... .......... .......... .......... .......... 44%  141M 0s
 27050K ..[0m[91m........ .......... ....[0m[91m...... .........[0m[91m. .......... 44% 54.3M 0s
 27100K[0m[91m .......... ..[0m[91m........ .......... .......... .......... 44% 79.8M[0m[91m 0s
 27150K ..........[0m[91m .........[0m[91m. .......... ....[0m[91m...... .......... 44% 55.7M 0s[0m[91m
 27200K ........[0m[91m.. .......... .....[0m[91m..... ..........[0m[91m .......... 44% 74.7M 0s
 27250K ......[0m[91m.... ....[0m[91m...... ...[0m[91m....... ........[0m[91m.. .......... 44% 72.6M 0s
 27300K ...[0m[91m....... ..[0m[91m........ .......... ..........[0m[91m .......... 44% 79.9M 0s
 27350K .......... .......... .......... ...[0m[91m....... .......... 44% 76.4M 0s
 27400K .......... .......... ........[0m[91m.. .......... .......... 45% 62.8M[0m[91m 0s
 27450K .......... .......... .......... .......... .......... 45% 94.4M 0s
 27500K [0m[91m.......... .......... .......... ...[0m[91m....... .......... 45% 58.0M 0s
 27550K ......[0m[91m.... .......... .......... .........[0m[91m. .......... 45% 67.0M 0s
 27600K .......... .......... .[0m[91m......... .......... .........[0m[91m. 45% 68.3M 0s
 27650K ......[0m[91m.... .......... .......... ....[0m[91m...... .......... 45% 62.9M 0s
 27700K .........[0m[91m. .......... [0m[91m.......... ......[0m[91m.... .......... 45% 70.9M 0s
 27750K ...[0m[91m....... .......... .......... ..[0m[91m........ .......... 45% 56.1M 0s
 27800K ........[0m[91m.. .......... ...[0m[91m....... .......... .......... 45% 82.8M 0s
 27850K ..........[0m[91m .......... .......... ........[0m[91m.. ..[0m[91m........ 45% 54.8M 0s
 27900K ....[0m[91m...... .......... [0m[91m.......... .......... .......... 45% 90.0M 0s
 27950K ......[0m[91m.... .......... ..........[0m[91m .......... ..[0m[91m........ 45% 63.5M 0s
 28000K ..[0m[91m........ ......[0m[91m.... .......... .......... .......... 45% 70.7M 0s[0m[91m
 28050K .......... .......... .......... .......... .......... 46% 93.9M 0s
 28100K[0m[91m .......... .......... ......[0m[91m...[0m[91m. .......... ......[0m[91m.... 46% 55.4M 0s
 28150K .......... ........[0m[91m.. .......... .......... .......... 46% 54.2M 0s
 28200K .......... ......[0m[91m.... ....[0m[91m...... .......... .......... 46% 56.6M 0s
 28250K .......[0m[91m... .......... .......... .......... .......[0m[91m... 46% 83.7M 0s
 28300K .......... .......... .......... .[0m[91m......... .......... 46% 81.4M 0s
 28350K ..........[0m[91m ........[0m[91m.. .......... .......... [0m[91m.......... 46% 71.6M 0s
 28400K[0m[91m .......... .......... .......... .......[0m[91m... .......... 46% 68.9M 0s
 28450K .......... .......... ....[0m[91m......[0m[91m ..[0m[91m........ .......[0m[91m... 46% 56.9M 0s
 28500K .......... .......... .......... ...[0m[91m....... .......... 46% 77.2M 0s
 28550K ..........[0m[91m ........[0m[91m.. .......... ....[0m[91m...... .......... 46% 65.5M 0s
 28600K ..........[0m[91m .......... .......... .......... .....[0m[91m..... 46% 63.0M 0s
 28650K .......... ....[0m[91m...... ..........[0m[91m ........[0m[91m.. .......... 47% 83.6M 0s
 28700K .......... .......[0m[91m... .......... .......... .......... 47% 83.2M 0s[0m[91m
 28750K .......... .......[0m[91m... ......[0m[91m.... .......... .......... 47% 82.1M[0m[91m 0s
 28800K .......... .......... .......... ..[0m[91m........ .......... 47%[0m[91m 63.0M 0s
 28850K .......... ....[0m[91m...... ..[0m[91m........ ........[0m[91m.. .......... 47% 67.4M 0s
 28900K .......... ........[0m[91m.. .......... .......... .......... 47%  108M 0s
 28950K .........[0m[91m. .......... .......... ........[0m[91m.. ..[0m[91m........ 47% 51.8M 0s[0m[91m
 29000K .......... ......[0m[91m.... .......... ....[0m[91m...... .......... 47% 64.4M 0s
 29050K .......... ....[0m[91m...... .......... ........[0m[91m.. ........[0m[91m.. 47% 87.1M 0s
 29100K .......... .......... .......... ......[0m[91m.... .......... 47% 77.4M 0s
 29150K .......... ..[0m[91m........ .......... ....[0m[91m...... ..[0m[91m........ 47% 71.3M 0s
 29200K .......... .........[0m[91m. .......... .......... .........[0m[91m. 47% 64.0M 0s
 29250K .......... ....[0m[91m...... ..[0m[91m........ ........[0m[91m.. .......... 48%[0m[91m 66.7M 0s
 29300K .......... .......... .......... ..[0m[91m........ .......... 48% 78.8M 0s
 29350K ..........[0m[91m .[0m[91m......... .......... ....[0m[91m...... ..[0m[91m........ 48% 56.9M 0s
 29400K .......... .......... .......... ....[0m[91m...... .......... 48% 67.9M 0s
 29450K .......... ...[0m[91m....... ...[0m[91m....... ......[0m[91m.... ......[0m[91m.... 48% 61.7M 0s
 29500K .......... .......... .........[0m[91m. .......... .......... 48% 85.5M 0s
 29550K ...[0m[91m....... ........[0m[91m.. [0m[91m......[0m[91m.... .......... .......... 48% 55.3M 0s
 29600K .........[0m[91m. .......... .......... .......... ...[0m[91m....... 48% 59.3M 0s
 29650K ......[0m[91m.... ....[0m[91m...... .......... .......... [0m[91m.......... 48% 70.6M 0s
 29700K .......... .......... .....[0m[91m..... .......... .......... 48% 73.9M 0s
 29750K .......... .......... .[0m[91m......... ....[0m[91m...... .........[0m[91m. 48% 61.1M 0s
 29800K ........[0m[91m.. .......... .......... .......... .......... 48% 70.3M 0s
 29850K[0m[91m .......... .......... .......... .....[0m[91m..... ......[0m[91m.... 49% 67.7M 0s
 29900K .....[0m[91m..... .......... [0m[91m.......... .......... .......... 49% 81.0M 0s
 29950K[0m[91m .......... .......[0m[91m... .......... .......... .......... 49% 74.9M[0m[91m 0s
 30000K[0m[91m .......... .......... ......[0m[91m.... .......... .......... 49% 60.7M 0s
 30050K .......... .......... .[0m[91m......... .........[0m[91m. [0m[91m......[0m[91m.... 49% 61.1M 0s
 30100K .......... .[0m[91m......... .......... .......... .......... 49% 78.8M 0s
 30150K ..[0m[91m........ .......... .......... .......... ......[0m[91m.... 49% 96.9M 0s
 30200K .......... .......... ..[0m[91m........ .......[0m[91m... ........[0m[91m.. 49% 57.5M 0s
 30250K .......... .......[0m[91m... .......... .......... .[0m[91m......... 49% 70.9M 0s
 30300K .......... ..[0m[91m..[0m[91m...... .......... .......... ......[0m[91m.... 49% 78.3M 0s
 30350K .......... .......... .......... .[0m[91m......... ....[0m[91m......[0m[91m 49% 74.4M 0s
 30400K ....[0m[91m...... ......[0m[91m.... .......... .......... .......... 49% 56.2M 0s
 30450K[0m[91m .......... .......... ..........[0m[91m .......... ......[0m[91m.... 50% 63.8M 0s
 30500K .......... .....[0m[91m..... .......... .......... .......... 50% 95.5M 0s
 30550K ..[0m[91m........ .......... .......... .......... ..[0m[91m........ 50% 75.7M 0s[0m[91m
 30600K .......... ..[0m[91m........ .......... .......... .......... 50% 65.2M 0s
 30650K ...[0m[91m....... .......... ....[0m[91m...... .[0m[91m......... .......... 50% 60.7M 0s[0m[91m
 30700K .......... .......... .......... ......[0m[91m.... .......... 50% 68.1M 0s
 30750K .......... ..[0m[91m........ .......... ....[0m[91m...... ..[0m[91m........ 50% 79.0M 0s
 30800K .........[0m[91m. .......... .......... .......... ........[0m[91m.[0m[91m. 50% 54.3M 0s
 30850K .......... .......... ..........[0m[91m ......[0m[91m.... ......[0m[91m.... 50% 58.5M 0s
 30900K .......... ......[0m[91m.... .......... .......... .......... 50%[0m[91m 95.8M 0s
 30950K ..[0m[91m........ ........[0m[91m.. .......... ....[0m[91m...... .......... 50% 60.8M 0s
 31000K .......... [0m[91m.......... .......... .......... .......... 50% 75.4M 0s
 31050K [0m[91m.......... .......... .......... ........[0m[91m.. .[0m[91m......... 51% 58.0M 0s
 31100K ....[0m[91m...... ..........[0m[91m .......... .........[0m[91m. .......... 51% 69.6M 0s
 31150K .......... [0m[91m.......... .......... .......... .......[0m[91m... 51% 79.2M 0s
 31200K[0m[91m .......... ......[0m[91m.... .......... ..[0m[91m........ .......... 51% 62.2M 0s
 31250K ..........[0m[91m .......... .......... .......... .......... 51% 91.0M 0s
 31300K .......... [0m[91m.......... .......... [0m[91m.......... ....[0m[91m...... 51% 60.1M 0s
 31350K ..........[0m[91m .......... ......[0m[91m.... .......... .......... 51% 74.0M 0s
 31400K .[0m[91m......... .......... .......... ..[0m[91m.....[0m[91m... .......... 51% 60.2M 0s
 31450K .......... .....[0m[91m..... ..........[0m[91m .......... .......[0m[91m... 51% 69.8M 0s
 31500K .......... ...[0m[91m....... .......... .......... .....[0m[91m..... 51% 82.3M 0s
 31550K .......... .......... .......... ..........[0m[91m .......... 51% 67.2M 0s
 31600K .......... ..[0m[91m........ [0m[91m.......... ....[0m[91m...... .......... 51% 67.4M 0s
 31650K ..........[0m[91m .......... .......... [0m[91m........[0m[91m.. .......... 51% 66.1M 0s
 31700K .....[0m[91m..... .......... .......... .......... [0m[91m.......... 52% 74.1M 0s
 31750K .......... .......... ...[0m[91m....... ....[0m[91m...... .......... 52% 75.9M 0s[0m[91m
 31800K .......... .......... .....[0m[91m..... .......... .......... 52% 88.5M 0s
 31850K .......... ..[0m[91m........ .......... .......... .[0m[91m......... 52% 66.3M 0s
 31900K ....[0m[91m...... ..........[0m[91m .......... .......... .......[0m[91m... 52% 84.3M 0s
 31950K .......... .......... .......... [0m[91m.......... ....[0m[91m...... 52% 74.7M 0s
 32000K .......... .......... ....[0m[91m....[0m[91m.. ..........[0m[91m .......... 52% 57.9M 0s
 32050K .......... .......... ......[0m[91m.... .......... .......... 52% 87.5M 0s
 32100K .......... ..[0m[91m........ ........[0m[91m.. .......... ....[0m[91m...... 52% 55.1M 0s
 32150K .......... [0m[91m.......... ......[0m[91m.... .......... .......... 52% 92.8M 0s
 32200K .......... ..[0m[91m........ .......... .......... .....[0m[91m..... 52% 56.6M 0s
 32250K .......... .......... ......[0m[91m.... ........[0m[91m.. .......... 52% 76.9M 0s
 32300K ...[0m[91m....... .......... ..[0m[91m........ .......... .......... 53% 82.5M 0s
 32350K ........[0m[91m.. .......... .......... .......... ....[0m[91m...... 53% 80.3M 0s
 32400K .......... .......... .[0m[91m......... .......... .......... 53% 61.6M 0s
 32450K .......... .......... ..........[0m[91m .......... .......... 53% 71.5M 0s
 32500K ....[0m[91m...... .......... ........[0m[91m.. .......... .......... 53%  105M 0s
 32550K ......[0m[91m.... .......... ..........[0m[91m .......... .......... 53% 71.4M 0s
 32600K .......... ..........[0m[91m ....[0m[91m...... ..[0m[91m........ .......... 53% 66.4M 0s
 32650K .......... ....[0m[91m.[0m[91m..... .......... .......... ..[0m[91m........ 53% 51.9M 0s
 32700K .........[0m[91m. ..........[0m[91m .......... ..........[0m[91m .......... 53% 74.1M 0s
 32750K .......... .......... ..[0m[91m........ .......... .......... 53% 83.4M 0s
 32800K ..[0m[91m........[0m[91m .......... ......[0m[91m.... .......... .......... 53% 59.9M[0m[91m 0s
 32850K .......... .......... ........[0m[91m..[0m[91m ........[0m[91m.[0m[91m. .......... 53% 61.7M 0s
 32900K .......... .......... ...[0m[91m....... .......... .......... 54% 78.1M 0s
 32950K .......... .....[0m[91m..... .......... .........[0m[91m. .......... 54% 65.4M 0s
 33000K .......[0m[91m... .......... ....[0m[91m...... ....[0m[91m...... .......... 54% 65.3M 0s
 33050K .......... .........[0m[91m. ..........[0m[91m .......... .......... 54%[0m[91m 73.3M 0s
 33100K .......... .......... .......... ..........[0m[91m .......... 54% 87.8M 0s
 33150K .......... .......... ..[0m[91m........ .......... .......... 54% 87.2M 0s[0m[91m
 33200K ........[0m[91m.. .......... ....[0m[91m...... .......... .......... 54% 60.3M[0m[91m 0s
 33250K .......... .......... .......... ....[0m[91m...... .......... 54% 68.6M 0s
 33300K ....[0m[91m...... ..[0m[91m........ .......... ...[0m[91m....... .......... 54% 74.6M 0s
 33350K .......... ..........[0m[91m .......... .......... .........[0m[91m. 54% 85.4M 0s
 33400K .......... .......... ....[0m[91m.....[0m[91m. ..........[0m[91m .......... 54% 58.9M 0s
 33450K .......... ........[0m[91m.. .......... ........[0m[91m.. .......... 54% 71.2M 0s
 33500K .......... .......... ....[0m[91m...... ......[0m[91m.... ....[0m[91m...... 55% 70.4M 0s
 33550K .......... .......... [0m[91m.......... .......... .......... 55% 83.4M 0s
 33600K ....[0m[91m...... .........[0m[91m. ....[0m[91m...... ..........[0m[91m .......... 55% 51.8M 0s
 33650K .......... ........[0m[91m.. .......... .......... ......[0m[91m.... 55% 82.7M 0s
 33700K .......... .......... [0m[91m.......... .......... ....[0m[91m...... 55% 69.4M 0s
 33750K ..........[0m[91m ........[0m[91m.. .......... .......... .......... 55% 96.0M 0s
 33800K .[0m[91m......... .......... .......... .......... ...[0m[91m.....[0m[91m.. 55% 52.1M 0s
 33850K ......[0m[91m.... .......... .......... .......... ..[0m[91m........ 55% 77.3M 0s
 33900K .......... .......... .......... ....[0m[91m...... .......... 55% 80.0M 0s
 33950K ......[0m[91m.... ........[0m[91m.. .......... ....[0m[91m...... ..[0m[91m........ 55% 75.6M 0s
 34000K .......... .......... .......... ..[0m[91m........ .......... 55% 54.7M 0s
 34050K[0m[91m .......... ....[0m[91m...... ....[0m[91m...... [0m[91m.......... .......... 55% 59.3M 0s
 34100K ........[0m[91m.. .......... .........[0m[91m. .......... .....[0m[91m..... 56% 60.5M 0s
 34150K ..........[0m[91m .......... .......... .......... ..[0m[91m........ 56% 86.8M 0s
 34200K .......... .[0m[91m......... ....[0m[91m...... .......... ........[0m[91m.. 56% 69.6M 0s
 34250K .......... .......... ......[0m[91m.... .......... .......... 56% 78.0M 0s
 34300K .........[0m[91m. ...[0m[91m....... .........[0m[91m. .......[0m[91m... .......... 56% 63.2M 0s
 34350K .......... .[0m[91m......... .......... .......... ........[0m[91m.. 56% 99.1M 0s
 34400K .......... .......... .........[0m[91m. ..........[0m[91m ..[0m[91m.....[0m[91m... 56% 44.2M 0s
 34450K .......... .......... .......... ..[0m[91m........ .......... 56% 82.9M 0s
 34500K .......... .......... .......[0m[91m... .......... .......... 56% 78.7M 0s
 34550K ......[0m[91m.... ........[0m[91m.. ......[0m[91m.... .......... .......... 56% 68.2M 0s[0m[91m
 34600K .......... .......... .......... .....[0m[91m..... .......... 56% 73.7M 0s
 34650K .......... .......... ..[0m[91m.....[0m[91m...[0m[91m .......... ......[0m[91m.... 56% 53.5M 0s
 34700K .......... .......... ..[0m[91m........ ........[0m[91m.. .......... 56% 72.4M 0s
 34750K .......... ....[0m[91m...... .......... .[0m[91m......... ........[0m[91m.. 57% 78.0M 0s
 34800K .....[0m[91m..... .......... .......... .......... ........[0m[91m.. 57% 74.1M 0s
 34850K .......... ......[0m[91m.... .......... .......... .......... 57% 73.1M 0s
 34900K[0m[91m .......... ..[0m[91m........ .......... .......[0m[91m... .......... 57% 80.3M 0s
 34950K .......... .......... [0m[91m.......... .........[0m[91m. .......... 57% 69.8M 0s
 35000K .......... .......... .....[0m[91m..[0m[91m... ..........[0m[91m .......... 57% 77.9M 0s[0m[91m
 35050K .......... .......... .......... ...[0m[91m....... ......[0m[91m.... 57% 51.0M 0s
 35100K .......... .[0m[91m......... .......... .......... .....[0m[91m..... 57% 87.3M 0s
 35150K .......... .......... .......... .......... .......... 57%  125M 0s
 35200K .......... .......... .......... .......... .......... 57% 77.4M 0s[0m[91m
 35250K .......... .......... .......... ..[0m[91m........ ......[0m[91m.... 57% 52.9M 0s
 35300K .......... ..[0m[91m........[0m[91m .......... .......... .......... 57% 94.7M 0s
 35350K ....[0m[91m...... .......... ..........[0m[91m .......... .......... 58% 64.2M 0s[0m[91m
 35400K ........[0m[91m.. .......... [0m[91m.......... .......... .......... 58% 70.5M 0s
 35450K .......[0m[91m... .......... .......... .........[0m[91m. ...[0m[91m....... 58% 59.0M 0s
 35500K ....[0m[91m...... ..[0m[91m........ .......... .......... .......... 58% 82.7M 0s
 35550K .[0m[91m......... .......... ...[0m[91m....... ........[0m[91m.. .......... 58% 65.9M 0s[0m[91m
 35600K .......... .......... .......... ....[0m[91m...... .......... 58% 78.3M 0s
 35650K .......... .......... ..........[0m[91m .....[0m[91m..... .......... 58% 62.7M 0s
 35700K .......... [0m[91m.[0m[91m......... ..[0m[91m........ .......... .......... 58% 65.2M 0s
 35750K .......... .......[0m[91m... .......... .......... .......... 58% 89.5M 0s[0m[91m
 35800K ....[0m[91m...... .......[0m[91m... .......... ..[0m[91m..[0m[91m...... .......... 58% 53.9M 0s
 35850K .......... .......... .......... ........[0m[91m.. .......... 58% 72.6M 0s
 35900K .......... ......[0m[91m.... .........[0m[91m. .......... .......... 58% 82.1M 0s
 35950K .......... .......... .......... ...[0m[91m....... ..[0m[91m.[0m[91m....... 59% 54.1M 0s
 36000K ........[0m[91m.. .......... .....[0m[91m..... .......... .......[0m[91m... 59% 68.2M 0s
 36050K .......... .......... .......... .......... [0m[91m.......... 59% 80.3M 0s
 36100K .......... .......... [0m[91m.......... ......[0m[91m.... .......... 59% 86.2M 0s
 36150K .......... .......... .......... .......... .......... 59%  133M 0s
 36200K ........[0m[91m.. .......... .......... .......... .......... 59%  101M 0s
 36250K .......... .......... .......... .......... .......... 59%  113M 0s
 36300K ....[0m[91m...... .......... .......... .......... .......... 59%  122M 0s
 36350K .......... .......... .......... .......... .......... 59%  120M 0s
 36400K ........[0m[91m.. .......... .......... .......... .......... 59%  111M 0s
 36450K .......... .......... .......... .......... ......[0m[91m.... 59%  121M 0s
 36500K .......... .......... .......... .......... .......... 59%  114M 0s
 36550K .......... .......... .......... .......... ..[0m[91m........ 60%  109M 0s
 36600K .......... .......... .......... .......... .......... 60% 99.5M 0s
 36650K .......... .......... .......... .......... .......... 60%  128M 0s
 36700K .......... ..........[0m[91m .......... .......... .......... 60%  111M 0s
 36750K .......... .......... .......... ....[0m[91m...... .......... 60%  123M 0s
 36800K .......... .......... .......... .......... ........[0m[91m.. 60%  109M 0s
 36850K .......... .......... .......... .......... .......... 60%  107M 0s
 36900K .......... ..........[0m[91m .......... .......... .......... 60%  125M 0s
 36950K ..........[0m[91m .......... .......... .......... .......... 60%  113M 0s
 37000K .......... ......[0m[91m.... .......... .......... .......... 60% 91.2M 0s
 37050K .......... ....[0m[91m...... .......... .......... .......... 60%  118M 0s
 37100K .......... ..........[0m[91m .......... .......... .......... 60%  119M 0s
 37150K ..........[0m[91m .......... .......... .......... .......... 61%  130M 0s
 37200K ........[0m[91m.. .......... .......... .......... .......... 61%  107M 0s
 37250K ......[0m[91m.... .......... .......... .......... .......... 61%  126M 0s
 37300K .......... ..[0m[91m........ .......... .......... .......... 61% 89.0M 0s
 37350K .......... .......... .......... ....[0m[91m...... .......... 61%  118M 0s
 37400K .......... .......... ....[0m[91m...... .......... .......... 61% 73.3M 0s
 37450K .......... .......... ..[0m[91m........ .......... .......... 61%  112M 0s
 37500K .......... .......... ........[0m[91m.. .......... .......... 61%  111M 0s
 37550K .......... .......... .......... .......... ..[0m[91m........ 61%  124M 0s
 37600K .......... .......... .......... .......... ........[0m[91m.. 61% 99.1M 0s
 37650K .......... .......... .......... .......... ......[0m[91m.... 61%  126M 0s
 37700K .......... .......... .......... .......... .......... 61%  107M 0s
 37750K ..[0m[91m........ .......... .......... .......... .......... 61%  115M 0s
 37800K ........[0m[91m.. .......... .......... .......... .......... 62%  112M 0s
 37850K .......... .......... .......... .......... ......[0m[91m.... 62%  118M 0s
 37900K .......... .......... .......... .......... .......... 62%  130M 0s
 37950K ..[0m[91m........ .......... .......... .......... ..[0m[91m........ 62%  117M 0s
 38000K .......... .......... .......... .......... .......... 62%  132M 0s
 38050K .......... .......... .......... .......... ......[0m[91m.... 62%  128M 0s
 38100K .......... .......... .......... .......... .......... 62%  121M 0s
 38150K ..[0m[91m........ .......... .......... .......... .......... 62%  129M 0s
 38200K .......... ......[0m[91m.... .......... .......... .......... 62%  109M 0s
 38250K .......... .......... .......... ........[0m[91m.. .......... 62%  130M 0s
 38300K .......... .......... .......... ......[0m[91m.... .......... 62%  124M 0s
 38350K .......... .......... .......... .......... .......... 62%  124M 0s
 38400K ........[0m[91m.. .......... .......... .......... .......... 63%  104M 0s
 38450K .......... .......... ..[0m[91m........ .......... .......... 63%  110M 0s
 38500K .......... ..........[0m[91m .......... .......... .......... 63%  134M 0s
 38550K .......... .......... .......... .......... ..[0m[91m........ 63%  125M 0s
 38600K .......... .......... .......... .......... ........[0m[91m.. 63%  110M 0s
 38650K .......... .......... .......... .......... .......... 63%  123M 0s
 38700K ....[0m[91m...... .......... .......... .......... .......... 63%  128M 0s
 38750K .......... ........[0m[91m.. .......... .......... .......... 63%  133M 0s
 38800K .......... .......... .......... .......... .......... 63%  104M 0s
 38850K .......... ....[0m[91m...... .......... .......... .......... 63%  134M 0s
 38900K .......... .......... .......... .......... .......... 63%  122M 0s
 38950K ..[0m[91m........ .......... .......... .......... .......... 63% 86.9M 0s
 39000K .......... .......... .......... ..........[0m[91m .......... 64%  114M 0s
 39050K .......... .......... .......... .......... .......... 64%  124M 0s
 39100K .......... ..[0m[91m........ .......... .......... .......... 64%  117M 0s
 39150K .......... .......... ......[0m[91m.... .......... .......... 64%  106M 0s
 39200K .......... .......... .......... .......... .......... 64% 95.8M 0s
 39250K ......[0m[91m.... .......... .......... .......... .......... 64%  129M 0s
 39300K .......... .......... ........[0m[91m.. .......... .......... 64%  120M 0s
 39350K .......... .......... .......... .......... .......... 64%  114M 0s
 39400K ........[0m[91m.. .......... .......... .......... .......... 64%  105M 0s
 39450K .......... .......... .......... ........[0m[91m.. .......... 64%  133M 0s
 39500K .......... .......... .......... .......... .......... 64%  129M 0s
 39550K ..........[0m[91m .......... .......... .......... .......... 64%  130M 0s
 39600K .......... .......... .......... .......... .......... 65%  109M 0s
 39650K ......[0m[91m.... .......... .......... .......... .......... 65%  140M 0s
 39700K .......... .......... .......... .......... .......... 65%  131M 0s
 39750K ..[0m[91m........ .......... .......... .......... .......... 65%  127M 0s
 39800K .......... .......... ....[0m[91m...... .......... .......... 65%  101M 0s
 39850K .......... .......... .......... .......... .......... 65%  138M 0s
 39900K .......... .......... .......... ......[0m[91m.... .......... 65%  125M 0s
 39950K .......... .......... .......... .......... .......... 65%  114M 0s
 40000K ........[0m[91m.. .......... .......... .......... .......... 65%  103M 0s
 40050K .......... .......... ..........[0m[91m .......... .......... 65%  145M 0s
 40100K .......... .......... .......... .......... .......... 65%  133M 0s
 40150K .......... .......... .......... ....[0m[91m...... .......... 65%  140M 0s
 40200K .......... .......... .......... .......... ........[0m[91m.. 66%  101M 0s
 40250K .......... .......... .......... .......... .......... 66%  126M 0s
 40300K .......... .......... .......... .......... .......... 66%  123M 0s
 40350K ..........[0m[91m .......... .......... .......... .......... 66%  125M 0s
 40400K .......... .......... .......... ..[0m[91m........ .......... 66%  103M 0s
 40450K .......... .......... .......... .......... .......... 66%  133M 0s
 40500K ....[0m[91m...... .......... .......... .......... .......... 66%  132M 0s
 40550K .......... .......... .......... .......... .......... 66%  140M 0s[0m[91m
 40600K .......... .......... .......... .......... .......... 66%  127M 0s
 40650K .......... .......... .......... .......... ......[0m[91m.... 66%  129M 0s
 40700K .......... .......... .......... .......... .......... 66%  121M 0s
 40750K .......... .......... ......[0m[91m.... .......... .......... 66%  131M 0s
 40800K .......... .......... .......... .......... .......... 66%  110M 0s
 40850K .......... ....[0m[91m...... .......... .......... .......... 67%  129M 0s
 40900K .......... .......... .......... .......... .......... 67%  117M 0s
 40950K ..[0m[91m........ .......... .......... .......... .......... 67%  143M 0s
 41000K .......... .......... .......... .......... ........[0m[91m.. 67%  114M 0s
 41050K .......... .......... .......... .......... .......... 67%  121M 0s
 41100K .......... .......... ........[0m[91m.. .......... .......... 67%  141M 0s
 41150K .......... .......... .......... .......... .......... 67%  177M 0s
 41200K .......... .......... .......... .......... .......... 67%  126M 0s
 41250K ......[0m[91m.... .......... .......... .......... ......[0m[91m.... 67%  140M 0s
 41300K .......... ..[0m[91m........ .......... .......... .......... 67% 86.5M 0s
 41350K ..[0m[91m........ .......... .......... .......... .......... 67%  101M 0s
 41400K .......... ......[0m[91m.... .......... .......... .......... 67% 96.1M 0s
 41450K .......... .......... .......... ........[0m[91m.. .......... 68% 88.9M 0s
 41500K .......... .......... .......... .......... .......... 68%  152M 0s
 41550K .......... .......... .......... .......... .......... 68%  152M 0s
 41600K .......... .......... .......... .......... .......... 68%  147M 0s
 41650K .......... ....[0m[91m...... .......... .......... .......... 68%  154M 0s
 41700K .......... .......... .......... ......[0m[91m.... .......... 68%  149M 0s
 41750K .......... .......... .......... .......... .......... 68%  153M 0s
 41800K ........[0m[91m.. .......... .......... .......... .......... 68%  121M 0s
 41850K ......[0m[91m.... .......... .......... .......... .......... 68%  145M 0s
 41900K ....[0m[91m...... .......... .......... .......... .......... 68%  174M 0s
 41950K .......... .......... .......... .......... .......... 68%  177M 0s
 42000K .......... .......... .......... .......... .......... 68%  136M 0s
 42050K .......... .......... .......... .......... .......... 69%  169M 0s
 42100K .......... .......... .......... .......... .......... 69%  165M 0s
 42150K .......... .......... .......... .......... .......... 69%  175M 0s
 42200K .......... .......... .......... .......... .......... 69%  138M 0s
 42250K .......... .......... .......... .......... .......... 69%  166M 0s
 42300K .......... .......... .......... .......... .......... 69%  172M 0s
 42350K .......... .......... .......... .......... .......... 69%  175M 0s
 42400K .......... .......... .......... .......... .......... 69%  148M 0s
 42450K .......... .......... .......... .......... .......... 69%  164M 0s
 42500K .......... .......... .......... .......... .......... 69%  155M 0s
 42550K .......... .......... .......... .......... .......... 69%  170M 0s
 42600K .......... .......... .......... .......... .......... 69%  140M 0s
 42650K .......... .......... .......... .......... .......... 70%  171M 0s
 42700K .......... .......... .......... .......... .......... 70%  166M 0s
 42750K .......... .......... .......... ....                  70%  173M=0.5s

2020-04-16 01:56:33 (77.3 MB/s) - Read error at byte 43810816/62442704 (Connection reset by peer). [0mThe command '/bin/sh -c wget https://storage.googleapis.com/golang/go1.4.2.linux-amd64.tar.gz' returned a non-zero code: 1
