Sending build context to Docker daemon  2.048kB
Step 1/9 : FROM ubuntu:14.04
14.04: Pulling from library/ubuntu
2e6e20c8e2e6: Pulling fs layer
30bb187ac3fc: Pulling fs layer
b7a5bcc4a58a: Pulling fs layer
b7a5bcc4a58a: Verifying Checksum
b7a5bcc4a58a: Download complete
30bb187ac3fc: Verifying Checksum
30bb187ac3fc: Download complete
2e6e20c8e2e6: Verifying Checksum
2e6e20c8e2e6: Download complete
2e6e20c8e2e6: Pull complete
30bb187ac3fc: Pull complete
b7a5bcc4a58a: Pull complete
Digest: sha256:ffc76f71dd8be8c9e222d420dc96901a07b61616689a44c7b3ef6a10b7213de4
Status: Downloaded newer image for ubuntu:14.04
 ---> 6e4f1fe62ff1
Step 2/9 : MAINTAINER Henning Jacobs <henning@jacobs1.de>
 ---> Running in 63a76a562d21
Removing intermediate container 63a76a562d21
 ---> ed272c313bca
Step 3/9 : RUN apt-get update
 ---> Running in 6fe64bf6b016
Ign http://archive.ubuntu.com trusty InRelease
Get:1 http://security.ubuntu.com trusty-security InRelease [65.9 kB]
Get:2 http://archive.ubuntu.com trusty-updates InRelease [65.9 kB]
Get:3 http://security.ubuntu.com trusty-security/main amd64 Packages [1032 kB]
Get:4 http://archive.ubuntu.com trusty-backports InRelease [65.9 kB]
Get:5 https://esm.ubuntu.com trusty-infra-security InRelease
Hit http://archive.ubuntu.com trusty Release.gpg
Get:6 https://esm.ubuntu.com trusty-infra-updates InRelease
Get:7 http://archive.ubuntu.com trusty-updates/main amd64 Packages [1460 kB]
Get:8 https://esm.ubuntu.com trusty-infra-security/main amd64 Packages
Get:9 http://security.ubuntu.com trusty-security/restricted amd64 Packages [18.1 kB]
Get:10 http://security.ubuntu.com trusty-security/universe amd64 Packages [377 kB]
Get:11 http://security.ubuntu.com trusty-security/multiverse amd64 Packages [4730 B]
Get:12 http://archive.ubuntu.com trusty-updates/restricted amd64 Packages [21.4 kB]
Get:13 https://esm.ubuntu.com trusty-infra-updates/main amd64 Packages
Get:14 http://archive.ubuntu.com trusty-updates/universe amd64 Packages [671 kB]
Get:15 http://archive.ubuntu.com trusty-updates/multiverse amd64 Packages [16.1 kB]
Get:16 http://archive.ubuntu.com trusty-backports/main amd64 Packages [14.7 kB]
Get:17 http://archive.ubuntu.com trusty-backports/restricted amd64 Packages [40 B]
Get:18 http://archive.ubuntu.com trusty-backports/universe amd64 Packages [52.5 kB]
Get:19 http://archive.ubuntu.com trusty-backports/multiverse amd64 Packages [1392 B]
Hit http://archive.ubuntu.com trusty Release
Get:20 http://archive.ubuntu.com trusty/main amd64 Packages [1743 kB]
Get:21 http://archive.ubuntu.com trusty/restricted amd64 Packages [16.0 kB]
Get:22 http://archive.ubuntu.com trusty/universe amd64 Packages [7589 kB]
Get:23 http://archive.ubuntu.com trusty/multiverse amd64 Packages [169 kB]
Fetched 13.7 MB in 3s (3945 kB/s)
Reading package lists...
Removing intermediate container 6fe64bf6b016
 ---> 25aea543c3fb
Step 4/9 : RUN apt-get -y install python-lxml pep8 pyflakes nodejs npm nailgun python-sqlparse python-yaml
 ---> Running in 01cad56b5bde
Reading package lists...
Building dependency tree...
Reading state information...
The following extra packages will be installed:
  binutils build-essential cpp cpp-4.8 dpkg-dev fakeroot g++ g++-4.8 gcc
  gcc-4.8 gyp javascript-common libalgorithm-diff-perl
  libalgorithm-diff-xs-perl libalgorithm-merge-perl libasan0 libatomic1
  libc-ares-dev libc-ares2 libc-dev-bin libc6-dev libcloog-isl4 libdpkg-perl
  libfakeroot libfile-fcntllock-perl libgcc-4.8-dev libgmp10 libgomp1 libisl10
  libitm1 libjs-node-uuid libmpc3 libmpfr4 libpython-stdlib
  libpython2.7-minimal libpython2.7-stdlib libquadmath0 libssl-dev libssl-doc
  libstdc++-4.8-dev libtimedate-perl libtsan0 libv8-3.14-dev libv8-3.14.5
  libxml2 libxslt1.1 linux-libc-dev make manpages manpages-dev node-abbrev
  node-ansi node-archy node-async node-block-stream node-combined-stream
  node-cookie-jar node-delayed-stream node-forever-agent node-form-data
  node-fstream node-fstream-ignore node-github-url-from-git node-glob
  node-graceful-fs node-gyp node-inherits node-ini node-json-stringify-safe
  node-lockfile node-lru-cache node-mime node-minimatch node-mkdirp
  node-mute-stream node-node-uuid node-nopt node-normalize-package-data
  node-npmlog node-once node-osenv node-qs node-read node-read-package-json
  node-request node-retry node-rimraf node-semver node-sha node-sigmund
  node-slide node-tar node-tunnel-agent node-which nodejs-dev patch python
  python-minimal python-pkg-resources python-setuptools python2.7
  python2.7-minimal sgml-base xml-core xz-utils zlib1g-dev
Suggested packages:
  binutils-doc cpp-doc gcc-4.8-locales debian-keyring g++-multilib
  g++-4.8-multilib gcc-4.8-doc libstdc++6-4.8-dbg gcc-multilib autoconf
  automake1.9 libtool flex bison gdb gcc-doc gcc-4.8-multilib libgcc1-dbg
  libgomp1-dbg libitm1-dbg libatomic1-dbg libasan0-dbg libtsan0-dbg
  libquadmath0-dbg apache2 lighttpd httpd glibc-doc libstdc++-4.8-doc make-doc
  man-browser node-hawk node-aws-sign node-oauth-sign node-http-signature ed
  diffutils-doc python-doc python-tk python-lxml-dbg python-distribute
  python-distribute-doc python-sqlparse-doc python2.7-doc binfmt-support
  sgml-base-doc debhelper
The following NEW packages will be installed:
  binutils build-essential cpp cpp-4.8 dpkg-dev fakeroot g++ g++-4.8 gcc
  gcc-4.8 gyp javascript-common libalgorithm-diff-perl
  libalgorithm-diff-xs-perl libalgorithm-merge-perl libasan0 libatomic1
  libc-ares-dev libc-ares2 libc-dev-bin libc6-dev libcloog-isl4 libdpkg-perl
  libfakeroot libfile-fcntllock-perl libgcc-4.8-dev libgmp10 libgomp1 libisl10
  libitm1 libjs-node-uuid libmpc3 libmpfr4 libpython-stdlib
  libpython2.7-minimal libpython2.7-stdlib libquadmath0 libssl-dev libssl-doc
  libstdc++-4.8-dev libtimedate-perl libtsan0 libv8-3.14-dev libv8-3.14.5
  libxml2 libxslt1.1 linux-libc-dev make manpages manpages-dev nailgun
  node-abbrev node-ansi node-archy node-async node-block-stream
  node-combined-stream node-cookie-jar node-delayed-stream node-forever-agent
  node-form-data node-fstream node-fstream-ignore node-github-url-from-git
  node-glob node-graceful-fs node-gyp node-inherits node-ini
  node-json-stringify-safe node-lockfile node-lru-cache node-mime
  node-minimatch node-mkdirp node-mute-stream node-node-uuid node-nopt
  node-normalize-package-data node-npmlog node-once node-osenv node-qs
  node-read node-read-package-json node-request node-retry node-rimraf
  node-semver node-sha node-sigmund node-slide node-tar node-tunnel-agent
  node-which nodejs nodejs-dev npm patch pep8 pyflakes python python-lxml
  python-minimal python-pkg-resources python-setuptools python-sqlparse
  python-yaml python2.7 python2.7-minimal sgml-base xml-core xz-utils
  zlib1g-dev
0 upgraded, 114 newly installed, 0 to remove and 1 not upgraded.
Need to get 51.3 MB of archives.
After this operation, 163 MB of additional disk space will be used.
Get:1 http://archive.ubuntu.com/ubuntu/ trusty-updates/main libxml2 amd64 2.9.1+dfsg1-3ubuntu4.13 [573 kB]
Get:2 http://archive.ubuntu.com/ubuntu/ trusty/main sgml-base all 1.26+nmu4ubuntu1 [12.5 kB]
Get:3 http://archive.ubuntu.com/ubuntu/ trusty-updates/main libasan0 amd64 4.8.4-2ubuntu1~14.04.4 [63.1 kB]
Get:4 http://archive.ubuntu.com/ubuntu/ trusty-updates/main libatomic1 amd64 4.8.4-2ubuntu1~14.04.4 [8630 B]
Get:5 http://archive.ubuntu.com/ubuntu/ trusty/main libgmp10 amd64 2:5.1.3+dfsg-1ubuntu1 [218 kB]
Get:6 http://archive.ubuntu.com/ubuntu/ trusty/main libisl10 amd64 0.12.2-1 [419 kB]
Get:7 http://archive.ubuntu.com/ubuntu/ trusty/main libcloog-isl4 amd64 0.18.2-1 [57.5 kB]
Get:8 http://archive.ubuntu.com/ubuntu/ trusty-updates/main libgomp1 amd64 4.8.4-2ubuntu1~14.04.4 [23.1 kB]
Get:9 http://archive.ubuntu.com/ubuntu/ trusty-updates/main libitm1 amd64 4.8.4-2ubuntu1~14.04.4 [28.6 kB]
Get:10 http://archive.ubuntu.com/ubuntu/ trusty/main libmpfr4 amd64 3.1.2-1 [203 kB]
Get:11 http://archive.ubuntu.com/ubuntu/ trusty-updates/main libquadmath0 amd64 4.8.4-2ubuntu1~14.04.4 [126 kB]
Get:12 http://archive.ubuntu.com/ubuntu/ trusty-updates/main libtsan0 amd64 4.8.4-2ubuntu1~14.04.4 [94.8 kB]
Get:13 http://archive.ubuntu.com/ubuntu/ trusty-updates/main libxslt1.1 amd64 1.1.28-2ubuntu0.2 [146 kB]
Get:14 http://archive.ubuntu.com/ubuntu/ trusty-updates/main libpython2.7-minimal amd64 2.7.6-8ubuntu0.5 [308 kB]
Get:15 http://archive.ubuntu.com/ubuntu/ trusty-updates/main python2.7-minimal amd64 2.7.6-8ubuntu0.5 [1186 kB]
Get:16 http://archive.ubuntu.com/ubuntu/ trusty-updates/main libc-ares2 amd64 1.10.0-2ubuntu0.2 [34.1 kB]
Get:17 http://archive.ubuntu.com/ubuntu/ trusty/main libmpc3 amd64 1.0.1-1ubuntu1 [38.4 kB]
Get:18 http://archive.ubuntu.com/ubuntu/ trusty/main manpages all 3.54-1ubuntu1 [627 kB]
Get:19 http://archive.ubuntu.com/ubuntu/ trusty/main xml-core all 0.13+nmu2 [23.3 kB]
Get:20 http://archive.ubuntu.com/ubuntu/ trusty-updates/main binutils amd64 2.24-5ubuntu14.2 [2076 kB]
Get:21 http://archive.ubuntu.com/ubuntu/ trusty-updates/main libc-dev-bin amd64 2.19-0ubuntu6.15 [68.9 kB]
Get:22 http://archive.ubuntu.com/ubuntu/ trusty-updates/main linux-libc-dev amd64 3.13.0-170.220 [772 kB]
Get:23 http://archive.ubuntu.com/ubuntu/ trusty-updates/main libc6-dev amd64 2.19-0ubuntu6.15 [1913 kB]
Get:24 http://archive.ubuntu.com/ubuntu/ trusty-updates/main cpp-4.8 amd64 4.8.4-2ubuntu1~14.04.4 [4452 kB]
Get:25 http://archive.ubuntu.com/ubuntu/ trusty/main cpp amd64 4:4.8.2-1ubuntu6 [27.5 kB]
Get:26 http://archive.ubuntu.com/ubuntu/ trusty-updates/main libgcc-4.8-dev amd64 4.8.4-2ubuntu1~14.04.4 [1688 kB]
Get:27 http://archive.ubuntu.com/ubuntu/ trusty-updates/main gcc-4.8 amd64 4.8.4-2ubuntu1~14.04.4 [5040 kB]
Get:28 http://archive.ubuntu.com/ubuntu/ trusty/main gcc amd64 4:4.8.2-1ubuntu6 [5098 B]
Get:29 http://archive.ubuntu.com/ubuntu/ trusty-updates/main libstdc++-4.8-dev amd64 4.8.4-2ubuntu1~14.04.4 [1051 kB]
Get:30 http://archive.ubuntu.com/ubuntu/ trusty-updates/main g++-4.8 amd64 4.8.4-2ubuntu1~14.04.4 [18.0 MB]
Get:31 http://archive.ubuntu.com/ubuntu/ trusty/main g++ amd64 4:4.8.2-1ubuntu6 [1490 B]
Get:32 http://archive.ubuntu.com/ubuntu/ trusty/main make amd64 3.81-8.2ubuntu3 [119 kB]
Get:33 http://archive.ubuntu.com/ubuntu/ trusty/main libtimedate-perl all 2.3000-1 [37.2 kB]
Get:34 http://archive.ubuntu.com/ubuntu/ trusty-updates/main libdpkg-perl all 1.17.5ubuntu5.8 [179 kB]
Get:35 http://archive.ubuntu.com/ubuntu/ trusty/main xz-utils amd64 5.1.1alpha+20120614-2ubuntu2 [78.8 kB]
Get:36 http://archive.ubuntu.com/ubuntu/ trusty-updates/main patch amd64 2.7.1-4ubuntu2.4 [86.9 kB]
Get:37 http://archive.ubuntu.com/ubuntu/ trusty-updates/main dpkg-dev all 1.17.5ubuntu5.8 [726 kB]
Get:38 http://archive.ubuntu.com/ubuntu/ trusty/main build-essential amd64 11.6ubuntu6 [4838 B]
Get:39 http://archive.ubuntu.com/ubuntu/ trusty/main libfakeroot amd64 1.20-3ubuntu2 [25.4 kB]
Get:40 http://archive.ubuntu.com/ubuntu/ trusty/main fakeroot amd64 1.20-3ubuntu2 [55.0 kB]
Get:41 http://archive.ubuntu.com/ubuntu/ trusty-updates/main libpython2.7-stdlib amd64 2.7.6-8ubuntu0.5 [1872 kB]
Get:42 http://archive.ubuntu.com/ubuntu/ trusty-updates/main python2.7 amd64 2.7.6-8ubuntu0.5 [197 kB]
Get:43 http://archive.ubuntu.com/ubuntu/ trusty/main python-minimal amd64 2.7.5-5ubuntu3 [27.5 kB]
Get:44 http://archive.ubuntu.com/ubuntu/ trusty/main libpython-stdlib amd64 2.7.5-5ubuntu3 [7012 B]
Get:45 http://archive.ubuntu.com/ubuntu/ trusty/main python amd64 2.7.5-5ubuntu3 [134 kB]
Get:46 http://archive.ubuntu.com/ubuntu/ trusty-updates/main python-pkg-resources all 3.3-1ubuntu2 [61.9 kB]
Get:47 http://archive.ubuntu.com/ubuntu/ trusty/universe gyp all 0.1~svn1729-3ubuntu1 [201 kB]
Get:48 http://archive.ubuntu.com/ubuntu/ trusty/main javascript-common all 11 [6066 B]
Get:49 http://archive.ubuntu.com/ubuntu/ trusty/main libalgorithm-diff-perl all 1.19.02-3 [50.0 kB]
Get:50 http://archive.ubuntu.com/ubuntu/ trusty/main libalgorithm-diff-xs-perl amd64 0.04-2build4 [12.6 kB]
Get:51 http://archive.ubuntu.com/ubuntu/ trusty/main libalgorithm-merge-perl all 0.08-2 [12.7 kB]
Get:52 http://archive.ubuntu.com/ubuntu/ trusty/main libfile-fcntllock-perl amd64 0.14-2build1 [15.9 kB]
Get:53 http://archive.ubuntu.com/ubuntu/ trusty/universe libjs-node-uuid all 1.4.0-1 [11.1 kB]
Get:54 http://archive.ubuntu.com/ubuntu/ trusty-updates/main zlib1g-dev amd64 1:1.2.8.dfsg-1ubuntu1.1 [166 kB]
Get:55 http://archive.ubuntu.com/ubuntu/ trusty-updates/main libssl-dev amd64 1.0.1f-1ubuntu2.27 [1076 kB]
Get:56 http://archive.ubuntu.com/ubuntu/ trusty-updates/main libssl-doc all 1.0.1f-1ubuntu2.27 [972 kB]
Get:57 http://archive.ubuntu.com/ubuntu/ trusty/universe libv8-3.14.5 amd64 3.14.5.8-5ubuntu2 [1189 kB]
Get:58 http://archive.ubuntu.com/ubuntu/ trusty/universe libv8-3.14-dev amd64 3.14.5.8-5ubuntu2 [57.6 kB]
Get:59 http://archive.ubuntu.com/ubuntu/ trusty/main manpages-dev all 3.54-1ubuntu1 [1820 kB]
Get:60 http://archive.ubuntu.com/ubuntu/ trusty-updates/universe nodejs amd64 0.10.25~dfsg2-2ubuntu1.2 [686 kB]
Get:61 http://archive.ubuntu.com/ubuntu/ trusty/universe node-async all 0.2.5-1 [17.7 kB]
Get:62 http://archive.ubuntu.com/ubuntu/ trusty/universe node-node-uuid all 1.4.0-1 [2530 B]
Get:63 http://archive.ubuntu.com/ubuntu/ trusty-updates/main python-setuptools all 3.3-1ubuntu2 [230 kB]
Get:64 http://archive.ubuntu.com/ubuntu/ trusty/main pep8 all 1.4.6-1.1build1 [27.4 kB]
Get:65 http://archive.ubuntu.com/ubuntu/ trusty/main pyflakes all 0.8.1-1 [31.2 kB]
Get:66 http://archive.ubuntu.com/ubuntu/ trusty-updates/main python-lxml amd64 3.3.3-1ubuntu0.2 [629 kB]
Get:67 http://archive.ubuntu.com/ubuntu/ trusty/universe python-sqlparse all 0.1.10-1 [32.7 kB]
Get:68 http://archive.ubuntu.com/ubuntu/ trusty-updates/main python-yaml amd64 3.10-4ubuntu0.1 [102 kB]
Get:69 http://archive.ubuntu.com/ubuntu/ trusty-updates/main libc-ares-dev amd64 1.10.0-2ubuntu0.2 [98.0 kB]
Get:70 http://archive.ubuntu.com/ubuntu/ trusty/universe nailgun amd64 0.9.0+trunk95-3 [79.1 kB]
Get:71 http://archive.ubuntu.com/ubuntu/ trusty/universe node-abbrev all 1.0.4-2 [3814 B]
Get:72 http://archive.ubuntu.com/ubuntu/ trusty/universe node-ansi all 0.2.1-1 [8692 B]
Get:73 http://archive.ubuntu.com/ubuntu/ trusty/universe node-archy all 0.0.2-1 [3660 B]
Get:74 http://archive.ubuntu.com/ubuntu/ trusty/universe node-inherits all 2.0.0-1 [3090 B]
Get:75 http://archive.ubuntu.com/ubuntu/ trusty/universe node-block-stream all 0.0.7-1 [4832 B]
Get:76 http://archive.ubuntu.com/ubuntu/ trusty/universe node-delayed-stream all 0.0.5-1 [4750 B]
Get:77 http://archive.ubuntu.com/ubuntu/ trusty/universe node-combined-stream all 0.0.4-1 [4686 B]
Get:78 http://archive.ubuntu.com/ubuntu/ trusty/universe node-cookie-jar all 0.3.1-1 [3746 B]
Get:79 http://archive.ubuntu.com/ubuntu/ trusty/universe node-forever-agent all 0.5.1-1 [3194 B]
Get:80 http://archive.ubuntu.com/ubuntu/ trusty/universe node-mime all 1.2.11-1 [20.2 kB]
Get:81 http://archive.ubuntu.com/ubuntu/ trusty/universe node-form-data all 0.1.0-1 [6412 B]
Get:82 http://archive.ubuntu.com/ubuntu/ trusty/universe node-rimraf all 2.2.2-2 [5392 B]
Get:83 http://archive.ubuntu.com/ubuntu/ trusty/universe node-mkdirp all 0.3.5-1 [4146 B]
Get:84 http://archive.ubuntu.com/ubuntu/ trusty/universe node-graceful-fs all 2.0.0-2 [6718 B]
Get:85 http://archive.ubuntu.com/ubuntu/ trusty/universe node-fstream all 0.1.24-1 [19.5 kB]
Get:86 http://archive.ubuntu.com/ubuntu/ trusty/universe node-lru-cache all 2.3.1-1 [5674 B]
Get:87 http://archive.ubuntu.com/ubuntu/ trusty/universe node-sigmund all 1.0.0-1 [3818 B]
Get:88 http://archive.ubuntu.com/ubuntu/ trusty/universe node-minimatch all 0.2.12-1 [14.9 kB]
Get:89 http://archive.ubuntu.com/ubuntu/ trusty/universe node-fstream-ignore all 0.0.6-2 [5586 B]
Get:90 http://archive.ubuntu.com/ubuntu/ trusty/universe node-github-url-from-git all 1.1.1-1 [3138 B]
Get:91 http://archive.ubuntu.com/ubuntu/ trusty/universe node-glob all 3.2.6-1 [13.7 kB]
Get:92 http://archive.ubuntu.com/ubuntu/ trusty-updates/universe nodejs-dev amd64 0.10.25~dfsg2-2ubuntu1.2 [168 kB]
Get:93 http://archive.ubuntu.com/ubuntu/ trusty/universe node-nopt all 2.1.2-1 [11.8 kB]
Get:94 http://archive.ubuntu.com/ubuntu/ trusty/universe node-npmlog all 0.0.4-1 [5844 B]
Get:95 http://archive.ubuntu.com/ubuntu/ trusty/universe node-osenv all 0.0.3-1 [3810 B]
Get:96 http://archive.ubuntu.com/ubuntu/ trusty/universe node-tunnel-agent all 0.3.1-1 [4018 B]
Get:97 http://archive.ubuntu.com/ubuntu/ trusty/universe node-json-stringify-safe all 5.0.0-1 [3544 B]
Get:98 http://archive.ubuntu.com/ubuntu/ trusty/universe node-qs all 0.6.5-1 [5876 B]
Get:99 http://archive.ubuntu.com/ubuntu/ trusty/universe node-request all 2.26.1-1 [14.5 kB]
Get:100 http://archive.ubuntu.com/ubuntu/ trusty/universe node-semver all 2.1.0-2 [16.2 kB]
Get:101 http://archive.ubuntu.com/ubuntu/ trusty/universe node-tar all 0.1.18-1 [18.3 kB]
Get:102 http://archive.ubuntu.com/ubuntu/ trusty/universe node-which all 1.0.5-2 [3678 B]
Get:103 http://archive.ubuntu.com/ubuntu/ trusty/universe node-gyp all 0.10.10-2 [22.6 kB]
Get:104 http://archive.ubuntu.com/ubuntu/ trusty/universe node-ini all 1.1.0-1 [4770 B]
Get:105 http://archive.ubuntu.com/ubuntu/ trusty/universe node-lockfile all 0.4.1-1 [5450 B]
Get:106 http://archive.ubuntu.com/ubuntu/ trusty/universe node-mute-stream all 0.0.3-1 [3738 B]
Get:107 http://archive.ubuntu.com/ubuntu/ trusty/universe node-normalize-package-data all 0.2.2-1 [9286 B]
Get:108 http://archive.ubuntu.com/ubuntu/ trusty/universe node-once all 1.1.1-1 [2608 B]
Get:109 http://archive.ubuntu.com/ubuntu/ trusty/universe node-read all 1.0.4-1 [4282 B]
Get:110 http://archive.ubuntu.com/ubuntu/ trusty/universe node-read-package-json all 1.1.3-1 [7762 B]
Get:111 http://archive.ubuntu.com/ubuntu/ trusty/universe node-retry all 0.6.0-1 [6172 B]
Get:112 http://archive.ubuntu.com/ubuntu/ trusty/universe node-sha all 1.2.3-1 [4272 B]
Get:113 http://archive.ubuntu.com/ubuntu/ trusty/universe node-slide all 1.1.4-1 [6118 B]
Get:114 http://archive.ubuntu.com/ubuntu/ trusty/universe npm all 1.3.10~dfsg-1 [442 kB]
[91mdebconf: unable to initialize frontend: Dialog
[0m[91mdebconf: (TERM is not set, so the dialog frontend is not usable.)
[0m[91mdebconf: falling back to frontend: Readline
[0m[91mdebconf: unable to initialize frontend: Readline
[0m[91mdebconf: (This frontend requires a controlling tty.)
[0m[91mdebconf: falling back to frontend: Teletype
[0m[91mdpkg-preconfigure: unable to re-open stdin: 
[0mFetched 51.3 MB in 14s (3465 kB/s)
Selecting previously unselected package libxml2:amd64.
(Reading database ... 12097 files and directories currently installed.)
Preparing to unpack .../libxml2_2.9.1+dfsg1-3ubuntu4.13_amd64.deb ...
Unpacking libxml2:amd64 (2.9.1+dfsg1-3ubuntu4.13) ...
Selecting previously unselected package sgml-base.
Preparing to unpack .../sgml-base_1.26+nmu4ubuntu1_all.deb ...
Unpacking sgml-base (1.26+nmu4ubuntu1) ...
Selecting previously unselected package libasan0:amd64.
Preparing to unpack .../libasan0_4.8.4-2ubuntu1~14.04.4_amd64.deb ...
Unpacking libasan0:amd64 (4.8.4-2ubuntu1~14.04.4) ...
Selecting previously unselected package libatomic1:amd64.
Preparing to unpack .../libatomic1_4.8.4-2ubuntu1~14.04.4_amd64.deb ...
Unpacking libatomic1:amd64 (4.8.4-2ubuntu1~14.04.4) ...
Selecting previously unselected package libgmp10:amd64.
Preparing to unpack .../libgmp10_2%3a5.1.3+dfsg-1ubuntu1_amd64.deb ...
Unpacking libgmp10:amd64 (2:5.1.3+dfsg-1ubuntu1) ...
Selecting previously unselected package libisl10:amd64.
Preparing to unpack .../libisl10_0.12.2-1_amd64.deb ...
Unpacking libisl10:amd64 (0.12.2-1) ...
Selecting previously unselected package libcloog-isl4:amd64.
Preparing to unpack .../libcloog-isl4_0.18.2-1_amd64.deb ...
Unpacking libcloog-isl4:amd64 (0.18.2-1) ...
Selecting previously unselected package libgomp1:amd64.
Preparing to unpack .../libgomp1_4.8.4-2ubuntu1~14.04.4_amd64.deb ...
Unpacking libgomp1:amd64 (4.8.4-2ubuntu1~14.04.4) ...
Selecting previously unselected package libitm1:amd64.
Preparing to unpack .../libitm1_4.8.4-2ubuntu1~14.04.4_amd64.deb ...
Unpacking libitm1:amd64 (4.8.4-2ubuntu1~14.04.4) ...
Selecting previously unselected package libmpfr4:amd64.
Preparing to unpack .../libmpfr4_3.1.2-1_amd64.deb ...
Unpacking libmpfr4:amd64 (3.1.2-1) ...
Selecting previously unselected package libquadmath0:amd64.
Preparing to unpack .../libquadmath0_4.8.4-2ubuntu1~14.04.4_amd64.deb ...
Unpacking libquadmath0:amd64 (4.8.4-2ubuntu1~14.04.4) ...
Selecting previously unselected package libtsan0:amd64.
Preparing to unpack .../libtsan0_4.8.4-2ubuntu1~14.04.4_amd64.deb ...
Unpacking libtsan0:amd64 (4.8.4-2ubuntu1~14.04.4) ...
Selecting previously unselected package libxslt1.1:amd64.
Preparing to unpack .../libxslt1.1_1.1.28-2ubuntu0.2_amd64.deb ...
Unpacking libxslt1.1:amd64 (1.1.28-2ubuntu0.2) ...
Selecting previously unselected package libpython2.7-minimal:amd64.
Preparing to unpack .../libpython2.7-minimal_2.7.6-8ubuntu0.5_amd64.deb ...
Unpacking libpython2.7-minimal:amd64 (2.7.6-8ubuntu0.5) ...
Selecting previously unselected package python2.7-minimal.
Preparing to unpack .../python2.7-minimal_2.7.6-8ubuntu0.5_amd64.deb ...
Unpacking python2.7-minimal (2.7.6-8ubuntu0.5) ...
Selecting previously unselected package libc-ares2:amd64.
Preparing to unpack .../libc-ares2_1.10.0-2ubuntu0.2_amd64.deb ...
Unpacking libc-ares2:amd64 (1.10.0-2ubuntu0.2) ...
Selecting previously unselected package libmpc3:amd64.
Preparing to unpack .../libmpc3_1.0.1-1ubuntu1_amd64.deb ...
Unpacking libmpc3:amd64 (1.0.1-1ubuntu1) ...
Selecting previously unselected package manpages.
Preparing to unpack .../manpages_3.54-1ubuntu1_all.deb ...
Unpacking manpages (3.54-1ubuntu1) ...
Selecting previously unselected package xml-core.
Preparing to unpack .../xml-core_0.13+nmu2_all.deb ...
Unpacking xml-core (0.13+nmu2) ...
Selecting previously unselected package binutils.
Preparing to unpack .../binutils_2.24-5ubuntu14.2_amd64.deb ...
Unpacking binutils (2.24-5ubuntu14.2) ...
Selecting previously unselected package libc-dev-bin.
Preparing to unpack .../libc-dev-bin_2.19-0ubuntu6.15_amd64.deb ...
Unpacking libc-dev-bin (2.19-0ubuntu6.15) ...
Selecting previously unselected package linux-libc-dev:amd64.
Preparing to unpack .../linux-libc-dev_3.13.0-170.220_amd64.deb ...
Unpacking linux-libc-dev:amd64 (3.13.0-170.220) ...
Selecting previously unselected package libc6-dev:amd64.
Preparing to unpack .../libc6-dev_2.19-0ubuntu6.15_amd64.deb ...
Unpacking libc6-dev:amd64 (2.19-0ubuntu6.15) ...
Selecting previously unselected package cpp-4.8.
Preparing to unpack .../cpp-4.8_4.8.4-2ubuntu1~14.04.4_amd64.deb ...
Unpacking cpp-4.8 (4.8.4-2ubuntu1~14.04.4) ...
Selecting previously unselected package cpp.
Preparing to unpack .../cpp_4%3a4.8.2-1ubuntu6_amd64.deb ...
Unpacking cpp (4:4.8.2-1ubuntu6) ...
Selecting previously unselected package libgcc-4.8-dev:amd64.
Preparing to unpack .../libgcc-4.8-dev_4.8.4-2ubuntu1~14.04.4_amd64.deb ...
Unpacking libgcc-4.8-dev:amd64 (4.8.4-2ubuntu1~14.04.4) ...
Selecting previously unselected package gcc-4.8.
Preparing to unpack .../gcc-4.8_4.8.4-2ubuntu1~14.04.4_amd64.deb ...
Unpacking gcc-4.8 (4.8.4-2ubuntu1~14.04.4) ...
Selecting previously unselected package gcc.
Preparing to unpack .../gcc_4%3a4.8.2-1ubuntu6_amd64.deb ...
Unpacking gcc (4:4.8.2-1ubuntu6) ...
Selecting previously unselected package libstdc++-4.8-dev:amd64.
Preparing to unpack .../libstdc++-4.8-dev_4.8.4-2ubuntu1~14.04.4_amd64.deb ...
Unpacking libstdc++-4.8-dev:amd64 (4.8.4-2ubuntu1~14.04.4) ...
Selecting previously unselected package g++-4.8.
Preparing to unpack .../g++-4.8_4.8.4-2ubuntu1~14.04.4_amd64.deb ...
Unpacking g++-4.8 (4.8.4-2ubuntu1~14.04.4) ...
Selecting previously unselected package g++.
Preparing to unpack .../g++_4%3a4.8.2-1ubuntu6_amd64.deb ...
Unpacking g++ (4:4.8.2-1ubuntu6) ...
Selecting previously unselected package make.
Preparing to unpack .../make_3.81-8.2ubuntu3_amd64.deb ...
Unpacking make (3.81-8.2ubuntu3) ...
Selecting previously unselected package libtimedate-perl.
Preparing to unpack .../libtimedate-perl_2.3000-1_all.deb ...
Unpacking libtimedate-perl (2.3000-1) ...
Selecting previously unselected package libdpkg-perl.
Preparing to unpack .../libdpkg-perl_1.17.5ubuntu5.8_all.deb ...
Unpacking libdpkg-perl (1.17.5ubuntu5.8) ...
Selecting previously unselected package xz-utils.
Preparing to unpack .../xz-utils_5.1.1alpha+20120614-2ubuntu2_amd64.deb ...
Unpacking xz-utils (5.1.1alpha+20120614-2ubuntu2) ...
Selecting previously unselected package patch.
Preparing to unpack .../patch_2.7.1-4ubuntu2.4_amd64.deb ...
Unpacking patch (2.7.1-4ubuntu2.4) ...
Selecting previously unselected package dpkg-dev.
Preparing to unpack .../dpkg-dev_1.17.5ubuntu5.8_all.deb ...
Unpacking dpkg-dev (1.17.5ubuntu5.8) ...
Selecting previously unselected package build-essential.
Preparing to unpack .../build-essential_11.6ubuntu6_amd64.deb ...
Unpacking build-essential (11.6ubuntu6) ...
Selecting previously unselected package libfakeroot:amd64.
Preparing to unpack .../libfakeroot_1.20-3ubuntu2_amd64.deb ...
Unpacking libfakeroot:amd64 (1.20-3ubuntu2) ...
Selecting previously unselected package fakeroot.
Preparing to unpack .../fakeroot_1.20-3ubuntu2_amd64.deb ...
Unpacking fakeroot (1.20-3ubuntu2) ...
Selecting previously unselected package libpython2.7-stdlib:amd64.
Preparing to unpack .../libpython2.7-stdlib_2.7.6-8ubuntu0.5_amd64.deb ...
Unpacking libpython2.7-stdlib:amd64 (2.7.6-8ubuntu0.5) ...
Selecting previously unselected package python2.7.
Preparing to unpack .../python2.7_2.7.6-8ubuntu0.5_amd64.deb ...
Unpacking python2.7 (2.7.6-8ubuntu0.5) ...
Selecting previously unselected package python-minimal.
Preparing to unpack .../python-minimal_2.7.5-5ubuntu3_amd64.deb ...
Unpacking python-minimal (2.7.5-5ubuntu3) ...
Selecting previously unselected package libpython-stdlib:amd64.
Preparing to unpack .../libpython-stdlib_2.7.5-5ubuntu3_amd64.deb ...
Unpacking libpython-stdlib:amd64 (2.7.5-5ubuntu3) ...
Selecting previously unselected package python.
Preparing to unpack .../python_2.7.5-5ubuntu3_amd64.deb ...
Unpacking python (2.7.5-5ubuntu3) ...
Selecting previously unselected package python-pkg-resources.
Preparing to unpack .../python-pkg-resources_3.3-1ubuntu2_all.deb ...
Unpacking python-pkg-resources (3.3-1ubuntu2) ...
Selecting previously unselected package gyp.
Preparing to unpack .../gyp_0.1~svn1729-3ubuntu1_all.deb ...
Unpacking gyp (0.1~svn1729-3ubuntu1) ...
Selecting previously unselected package javascript-common.
Preparing to unpack .../javascript-common_11_all.deb ...
Unpacking javascript-common (11) ...
Selecting previously unselected package libalgorithm-diff-perl.
Preparing to unpack .../libalgorithm-diff-perl_1.19.02-3_all.deb ...
Unpacking libalgorithm-diff-perl (1.19.02-3) ...
Selecting previously unselected package libalgorithm-diff-xs-perl.
Preparing to unpack .../libalgorithm-diff-xs-perl_0.04-2build4_amd64.deb ...
Unpacking libalgorithm-diff-xs-perl (0.04-2build4) ...
Selecting previously unselected package libalgorithm-merge-perl.
Preparing to unpack .../libalgorithm-merge-perl_0.08-2_all.deb ...
Unpacking libalgorithm-merge-perl (0.08-2) ...
Selecting previously unselected package libfile-fcntllock-perl.
Preparing to unpack .../libfile-fcntllock-perl_0.14-2build1_amd64.deb ...
Unpacking libfile-fcntllock-perl (0.14-2build1) ...
Selecting previously unselected package libjs-node-uuid.
Preparing to unpack .../libjs-node-uuid_1.4.0-1_all.deb ...
Unpacking libjs-node-uuid (1.4.0-1) ...
Selecting previously unselected package zlib1g-dev:amd64.
Preparing to unpack .../zlib1g-dev_1%3a1.2.8.dfsg-1ubuntu1.1_amd64.deb ...
Unpacking zlib1g-dev:amd64 (1:1.2.8.dfsg-1ubuntu1.1) ...
Selecting previously unselected package libssl-dev:amd64.
Preparing to unpack .../libssl-dev_1.0.1f-1ubuntu2.27_amd64.deb ...
Unpacking libssl-dev:amd64 (1.0.1f-1ubuntu2.27) ...
Selecting previously unselected package libssl-doc.
Preparing to unpack .../libssl-doc_1.0.1f-1ubuntu2.27_all.deb ...
Unpacking libssl-doc (1.0.1f-1ubuntu2.27) ...
Selecting previously unselected package libv8-3.14.5.
Preparing to unpack .../libv8-3.14.5_3.14.5.8-5ubuntu2_amd64.deb ...
Unpacking libv8-3.14.5 (3.14.5.8-5ubuntu2) ...
Selecting previously unselected package libv8-3.14-dev.
Preparing to unpack .../libv8-3.14-dev_3.14.5.8-5ubuntu2_amd64.deb ...
Unpacking libv8-3.14-dev (3.14.5.8-5ubuntu2) ...
Selecting previously unselected package manpages-dev.
Preparing to unpack .../manpages-dev_3.54-1ubuntu1_all.deb ...
Unpacking manpages-dev (3.54-1ubuntu1) ...
Selecting previously unselected package nodejs.
Preparing to unpack .../nodejs_0.10.25~dfsg2-2ubuntu1.2_amd64.deb ...
Unpacking nodejs (0.10.25~dfsg2-2ubuntu1.2) ...
Selecting previously unselected package node-async.
Preparing to unpack .../node-async_0.2.5-1_all.deb ...
Unpacking node-async (0.2.5-1) ...
Selecting previously unselected package node-node-uuid.
Preparing to unpack .../node-node-uuid_1.4.0-1_all.deb ...
Unpacking node-node-uuid (1.4.0-1) ...
Selecting previously unselected package python-setuptools.
Preparing to unpack .../python-setuptools_3.3-1ubuntu2_all.deb ...
Unpacking python-setuptools (3.3-1ubuntu2) ...
Selecting previously unselected package pep8.
Preparing to unpack .../pep8_1.4.6-1.1build1_all.deb ...
Unpacking pep8 (1.4.6-1.1build1) ...
Selecting previously unselected package pyflakes.
Preparing to unpack .../pyflakes_0.8.1-1_all.deb ...
Unpacking pyflakes (0.8.1-1) ...
Selecting previously unselected package python-lxml.
Preparing to unpack .../python-lxml_3.3.3-1ubuntu0.2_amd64.deb ...
Unpacking python-lxml (3.3.3-1ubuntu0.2) ...
Selecting previously unselected package python-sqlparse.
Preparing to unpack .../python-sqlparse_0.1.10-1_all.deb ...
Unpacking python-sqlparse (0.1.10-1) ...
Selecting previously unselected package python-yaml.
Preparing to unpack .../python-yaml_3.10-4ubuntu0.1_amd64.deb ...
Unpacking python-yaml (3.10-4ubuntu0.1) ...
Selecting previously unselected package libc-ares-dev:amd64.
Preparing to unpack .../libc-ares-dev_1.10.0-2ubuntu0.2_amd64.deb ...
Unpacking libc-ares-dev:amd64 (1.10.0-2ubuntu0.2) ...
Selecting previously unselected package nailgun.
Preparing to unpack .../nailgun_0.9.0+trunk95-3_amd64.deb ...
Unpacking nailgun (0.9.0+trunk95-3) ...
Selecting previously unselected package node-abbrev.
Preparing to unpack .../node-abbrev_1.0.4-2_all.deb ...
Unpacking node-abbrev (1.0.4-2) ...
Selecting previously unselected package node-ansi.
Preparing to unpack .../node-ansi_0.2.1-1_all.deb ...
Unpacking node-ansi (0.2.1-1) ...
Selecting previously unselected package node-archy.
Preparing to unpack .../node-archy_0.0.2-1_all.deb ...
Unpacking node-archy (0.0.2-1) ...
Selecting previously unselected package node-inherits.
Preparing to unpack .../node-inherits_2.0.0-1_all.deb ...
Unpacking node-inherits (2.0.0-1) ...
Selecting previously unselected package node-block-stream.
Preparing to unpack .../node-block-stream_0.0.7-1_all.deb ...
Unpacking node-block-stream (0.0.7-1) ...
Selecting previously unselected package node-delayed-stream.
Preparing to unpack .../node-delayed-stream_0.0.5-1_all.deb ...
Unpacking node-delayed-stream (0.0.5-1) ...
Selecting previously unselected package node-combined-stream.
Preparing to unpack .../node-combined-stream_0.0.4-1_all.deb ...
Unpacking node-combined-stream (0.0.4-1) ...
Selecting previously unselected package node-cookie-jar.
Preparing to unpack .../node-cookie-jar_0.3.1-1_all.deb ...
Unpacking node-cookie-jar (0.3.1-1) ...
Selecting previously unselected package node-forever-agent.
Preparing to unpack .../node-forever-agent_0.5.1-1_all.deb ...
Unpacking node-forever-agent (0.5.1-1) ...
Selecting previously unselected package node-mime.
Preparing to unpack .../node-mime_1.2.11-1_all.deb ...
Unpacking node-mime (1.2.11-1) ...
Selecting previously unselected package node-form-data.
Preparing to unpack .../node-form-data_0.1.0-1_all.deb ...
Unpacking node-form-data (0.1.0-1) ...
Selecting previously unselected package node-rimraf.
Preparing to unpack .../node-rimraf_2.2.2-2_all.deb ...
Unpacking node-rimraf (2.2.2-2) ...
Selecting previously unselected package node-mkdirp.
Preparing to unpack .../node-mkdirp_0.3.5-1_all.deb ...
Unpacking node-mkdirp (0.3.5-1) ...
Selecting previously unselected package node-graceful-fs.
Preparing to unpack .../node-graceful-fs_2.0.0-2_all.deb ...
Unpacking node-graceful-fs (2.0.0-2) ...
Selecting previously unselected package node-fstream.
Preparing to unpack .../node-fstream_0.1.24-1_all.deb ...
Unpacking node-fstream (0.1.24-1) ...
Selecting previously unselected package node-lru-cache.
Preparing to unpack .../node-lru-cache_2.3.1-1_all.deb ...
Unpacking node-lru-cache (2.3.1-1) ...
Selecting previously unselected package node-sigmund.
Preparing to unpack .../node-sigmund_1.0.0-1_all.deb ...
Unpacking node-sigmund (1.0.0-1) ...
Selecting previously unselected package node-minimatch.
Preparing to unpack .../node-minimatch_0.2.12-1_all.deb ...
Unpacking node-minimatch (0.2.12-1) ...
Selecting previously unselected package node-fstream-ignore.
Preparing to unpack .../node-fstream-ignore_0.0.6-2_all.deb ...
Unpacking node-fstream-ignore (0.0.6-2) ...
Selecting previously unselected package node-github-url-from-git.
Preparing to unpack .../node-github-url-from-git_1.1.1-1_all.deb ...
Unpacking node-github-url-from-git (1.1.1-1) ...
Selecting previously unselected package node-glob.
Preparing to unpack .../node-glob_3.2.6-1_all.deb ...
Unpacking node-glob (3.2.6-1) ...
Selecting previously unselected package nodejs-dev.
Preparing to unpack .../nodejs-dev_0.10.25~dfsg2-2ubuntu1.2_amd64.deb ...
Unpacking nodejs-dev (0.10.25~dfsg2-2ubuntu1.2) ...
Selecting previously unselected package node-nopt.
Preparing to unpack .../node-nopt_2.1.2-1_all.deb ...
Unpacking node-nopt (2.1.2-1) ...
Selecting previously unselected package node-npmlog.
Preparing to unpack .../node-npmlog_0.0.4-1_all.deb ...
Unpacking node-npmlog (0.0.4-1) ...
Selecting previously unselected package node-osenv.
Preparing to unpack .../node-osenv_0.0.3-1_all.deb ...
Unpacking node-osenv (0.0.3-1) ...
Selecting previously unselected package node-tunnel-agent.
Preparing to unpack .../node-tunnel-agent_0.3.1-1_all.deb ...
Unpacking node-tunnel-agent (0.3.1-1) ...
Selecting previously unselected package node-json-stringify-safe.
Preparing to unpack .../node-json-stringify-safe_5.0.0-1_all.deb ...
Unpacking node-json-stringify-safe (5.0.0-1) ...
Selecting previously unselected package node-qs.
Preparing to unpack .../node-qs_0.6.5-1_all.deb ...
Unpacking node-qs (0.6.5-1) ...
Selecting previously unselected package node-request.
Preparing to unpack .../node-request_2.26.1-1_all.deb ...
Unpacking node-request (2.26.1-1) ...
Selecting previously unselected package node-semver.
Preparing to unpack .../node-semver_2.1.0-2_all.deb ...
Unpacking node-semver (2.1.0-2) ...
Selecting previously unselected package node-tar.
Preparing to unpack .../node-tar_0.1.18-1_all.deb ...
Unpacking node-tar (0.1.18-1) ...
Selecting previously unselected package node-which.
Preparing to unpack .../node-which_1.0.5-2_all.deb ...
Unpacking node-which (1.0.5-2) ...
Selecting previously unselected package node-gyp.
Preparing to unpack .../node-gyp_0.10.10-2_all.deb ...
Unpacking node-gyp (0.10.10-2) ...
Selecting previously unselected package node-ini.
Preparing to unpack .../node-ini_1.1.0-1_all.deb ...
Unpacking node-ini (1.1.0-1) ...
Selecting previously unselected package node-lockfile.
Preparing to unpack .../node-lockfile_0.4.1-1_all.deb ...
Unpacking node-lockfile (0.4.1-1) ...
Selecting previously unselected package node-mute-stream.
Preparing to unpack .../node-mute-stream_0.0.3-1_all.deb ...
Unpacking node-mute-stream (0.0.3-1) ...
Selecting previously unselected package node-normalize-package-data.
Preparing to unpack .../node-normalize-package-data_0.2.2-1_all.deb ...
Unpacking node-normalize-package-data (0.2.2-1) ...
Selecting previously unselected package node-once.
Preparing to unpack .../node-once_1.1.1-1_all.deb ...
Unpacking node-once (1.1.1-1) ...
Selecting previously unselected package node-read.
Preparing to unpack .../node-read_1.0.4-1_all.deb ...
Unpacking node-read (1.0.4-1) ...
Selecting previously unselected package node-read-package-json.
Preparing to unpack .../node-read-package-json_1.1.3-1_all.deb ...
Unpacking node-read-package-json (1.1.3-1) ...
Selecting previously unselected package node-retry.
Preparing to unpack .../node-retry_0.6.0-1_all.deb ...
Unpacking node-retry (0.6.0-1) ...
Selecting previously unselected package node-sha.
Preparing to unpack .../node-sha_1.2.3-1_all.deb ...
Unpacking node-sha (1.2.3-1) ...
Selecting previously unselected package node-slide.
Preparing to unpack .../node-slide_1.1.4-1_all.deb ...
Unpacking node-slide (1.1.4-1) ...
Selecting previously unselected package npm.
Preparing to unpack .../npm_1.3.10~dfsg-1_all.deb ...
Unpacking npm (1.3.10~dfsg-1) ...
Processing triggers for mime-support (3.54ubuntu1.1) ...
Setting up libxml2:amd64 (2.9.1+dfsg1-3ubuntu4.13) ...
Setting up sgml-base (1.26+nmu4ubuntu1) ...
Setting up libasan0:amd64 (4.8.4-2ubuntu1~14.04.4) ...
Setting up libatomic1:amd64 (4.8.4-2ubuntu1~14.04.4) ...
Setting up libgmp10:amd64 (2:5.1.3+dfsg-1ubuntu1) ...
Setting up libisl10:amd64 (0.12.2-1) ...
Setting up libcloog-isl4:amd64 (0.18.2-1) ...
Setting up libgomp1:amd64 (4.8.4-2ubuntu1~14.04.4) ...
Setting up libitm1:amd64 (4.8.4-2ubuntu1~14.04.4) ...
Setting up libmpfr4:amd64 (3.1.2-1) ...
Setting up libquadmath0:amd64 (4.8.4-2ubuntu1~14.04.4) ...
Setting up libtsan0:amd64 (4.8.4-2ubuntu1~14.04.4) ...
Setting up libxslt1.1:amd64 (1.1.28-2ubuntu0.2) ...
Setting up libpython2.7-minimal:amd64 (2.7.6-8ubuntu0.5) ...
Setting up python2.7-minimal (2.7.6-8ubuntu0.5) ...
Linking and byte-compiling packages for runtime python2.7...
Setting up libc-ares2:amd64 (1.10.0-2ubuntu0.2) ...
Setting up libmpc3:amd64 (1.0.1-1ubuntu1) ...
Setting up manpages (3.54-1ubuntu1) ...
Setting up xml-core (0.13+nmu2) ...
Setting up binutils (2.24-5ubuntu14.2) ...
Setting up libc-dev-bin (2.19-0ubuntu6.15) ...
Setting up linux-libc-dev:amd64 (3.13.0-170.220) ...
Setting up libc6-dev:amd64 (2.19-0ubuntu6.15) ...
Setting up cpp-4.8 (4.8.4-2ubuntu1~14.04.4) ...
Setting up cpp (4:4.8.2-1ubuntu6) ...
Setting up libgcc-4.8-dev:amd64 (4.8.4-2ubuntu1~14.04.4) ...
Setting up gcc-4.8 (4.8.4-2ubuntu1~14.04.4) ...
Setting up gcc (4:4.8.2-1ubuntu6) ...
Setting up libstdc++-4.8-dev:amd64 (4.8.4-2ubuntu1~14.04.4) ...
Setting up g++-4.8 (4.8.4-2ubuntu1~14.04.4) ...
Setting up g++ (4:4.8.2-1ubuntu6) ...
update-alternatives: using /usr/bin/g++ to provide /usr/bin/c++ (c++) in auto mode
Setting up make (3.81-8.2ubuntu3) ...
Setting up libtimedate-perl (2.3000-1) ...
Setting up libdpkg-perl (1.17.5ubuntu5.8) ...
Setting up xz-utils (5.1.1alpha+20120614-2ubuntu2) ...
update-alternatives: using /usr/bin/xz to provide /usr/bin/lzma (lzma) in auto mode
Setting up patch (2.7.1-4ubuntu2.4) ...
Setting up dpkg-dev (1.17.5ubuntu5.8) ...
Setting up build-essential (11.6ubuntu6) ...
Setting up libfakeroot:amd64 (1.20-3ubuntu2) ...
Setting up fakeroot (1.20-3ubuntu2) ...
update-alternatives: using /usr/bin/fakeroot-sysv to provide /usr/bin/fakeroot (fakeroot) in auto mode
Setting up libpython2.7-stdlib:amd64 (2.7.6-8ubuntu0.5) ...
Setting up python2.7 (2.7.6-8ubuntu0.5) ...
Setting up python-minimal (2.7.5-5ubuntu3) ...
Setting up libpython-stdlib:amd64 (2.7.5-5ubuntu3) ...
Setting up python (2.7.5-5ubuntu3) ...
Setting up python-pkg-resources (3.3-1ubuntu2) ...
Setting up gyp (0.1~svn1729-3ubuntu1) ...
Setting up javascript-common (11) ...
Setting up libalgorithm-diff-perl (1.19.02-3) ...
Setting up libalgorithm-diff-xs-perl (0.04-2build4) ...
Setting up libalgorithm-merge-perl (0.08-2) ...
Setting up libfile-fcntllock-perl (0.14-2build1) ...
Setting up libjs-node-uuid (1.4.0-1) ...
Setting up zlib1g-dev:amd64 (1:1.2.8.dfsg-1ubuntu1.1) ...
Setting up libssl-dev:amd64 (1.0.1f-1ubuntu2.27) ...
Setting up libssl-doc (1.0.1f-1ubuntu2.27) ...
Setting up libv8-3.14.5 (3.14.5.8-5ubuntu2) ...
Setting up libv8-3.14-dev (3.14.5.8-5ubuntu2) ...
Setting up manpages-dev (3.54-1ubuntu1) ...
Setting up nodejs (0.10.25~dfsg2-2ubuntu1.2) ...
update-alternatives: using /usr/bin/nodejs to provide /usr/bin/js (js) in auto mode
Setting up node-async (0.2.5-1) ...
Setting up node-node-uuid (1.4.0-1) ...
Setting up python-setuptools (3.3-1ubuntu2) ...
Setting up pep8 (1.4.6-1.1build1) ...
Setting up pyflakes (0.8.1-1) ...
Setting up python-lxml (3.3.3-1ubuntu0.2) ...
Setting up python-sqlparse (0.1.10-1) ...
update-alternatives: using /usr/bin/sqlformat-2 to provide /usr/bin/sqlformat (sqlformat) in auto mode
Setting up python-yaml (3.10-4ubuntu0.1) ...
Setting up libc-ares-dev:amd64 (1.10.0-2ubuntu0.2) ...
Setting up nailgun (0.9.0+trunk95-3) ...
Setting up node-abbrev (1.0.4-2) ...
Setting up node-ansi (0.2.1-1) ...
Setting up node-archy (0.0.2-1) ...
Setting up node-inherits (2.0.0-1) ...
Setting up node-block-stream (0.0.7-1) ...
Setting up node-delayed-stream (0.0.5-1) ...
Setting up node-combined-stream (0.0.4-1) ...
Setting up node-cookie-jar (0.3.1-1) ...
Setting up node-forever-agent (0.5.1-1) ...
Setting up node-mime (1.2.11-1) ...
Setting up node-form-data (0.1.0-1) ...
Setting up node-rimraf (2.2.2-2) ...
Setting up node-mkdirp (0.3.5-1) ...
Setting up node-graceful-fs (2.0.0-2) ...
Setting up node-fstream (0.1.24-1) ...
Setting up node-lru-cache (2.3.1-1) ...
Setting up node-sigmund (1.0.0-1) ...
Setting up node-minimatch (0.2.12-1) ...
Setting up node-fstream-ignore (0.0.6-2) ...
Setting up node-github-url-from-git (1.1.1-1) ...
Setting up node-glob (3.2.6-1) ...
Setting up nodejs-dev (0.10.25~dfsg2-2ubuntu1.2) ...
Setting up node-nopt (2.1.2-1) ...
Setting up node-npmlog (0.0.4-1) ...
Setting up node-osenv (0.0.3-1) ...
Setting up node-tunnel-agent (0.3.1-1) ...
Setting up node-json-stringify-safe (5.0.0-1) ...
Setting up node-qs (0.6.5-1) ...
Setting up node-request (2.26.1-1) ...
Setting up node-semver (2.1.0-2) ...
Setting up node-tar (0.1.18-1) ...
Setting up node-which (1.0.5-2) ...
Setting up node-gyp (0.10.10-2) ...
Setting up node-ini (1.1.0-1) ...
Setting up node-lockfile (0.4.1-1) ...
Setting up node-mute-stream (0.0.3-1) ...
Setting up node-normalize-package-data (0.2.2-1) ...
Setting up node-once (1.1.1-1) ...
Setting up node-read (1.0.4-1) ...
Setting up node-read-package-json (1.1.3-1) ...
Setting up node-retry (0.6.0-1) ...
Setting up node-sha (1.2.3-1) ...
Setting up node-slide (1.1.4-1) ...
Setting up npm (1.3.10~dfsg-1) ...
Processing triggers for libc-bin (2.19-0ubuntu6.15) ...
Processing triggers for sgml-base (1.26+nmu4ubuntu1) ...
Removing intermediate container 01cad56b5bde
 ---> f890a1f48bbe
Step 5/9 : RUN npm install -g jshint
 ---> Running in 2d7ce1ec37a4
[91mnpm[0m[91m [0m[91mhttp[0m[91m [0m[91mGET[0m[91m https://registry.npmjs.org/jshint
[0m[91mnpm http GET https://registry.npmjs.org/jshint
[0m[91mnpm http GET https://registry.npmjs.org/jshint
[0m[91mnpm[0m[91m [0m[91mERR![0m[91m Error: CERT_UNTRUSTED
[0m[91mnpm[0m[91m [0m[91mERR![0m[91m     at SecurePair.<anonymous> (tls.js:1370:32)
[0m[91mnpm[0m[91m [0m[91mERR![0m[91m     at SecurePair.EventEmitter.emit (events.js:92:17)
[0m[91mnpm[0m[91m [0m[91mERR![0m[91m     at SecurePair.maybeInitFinished (tls.js:982:10)
[0m[91mnpm[0m[91m [0m[91mERR![0m[91m     at CleartextStream.read [as _read] (tls.js:469:13)
[0m[91mnpm[0m[91m [0m[91mERR![0m[91m     at CleartextStream.Readable.read (_stream_readable.js:320:10)
[0m[91mnpm[0m[91m [0m[91mERR![0m[91m     at EncryptedStream.write [as _write] (tls.js:366:25)
[0m[91mnpm[0m[91m [0m[91mERR![0m[91m     at doWrite (_stream_writable.js:223:10)
[0m[91mnpm[0m[91m [0m[91mERR![0m[91m     at writeOrBuffer (_stream_writable.js:213:5)
[0m[91mnpm[0m[91m [0m[91mERR![0m[91m     at EncryptedStream.Writable.write (_stream_writable.js:180:11)
[0m[91mnpm[0m[91m [0m[91mERR![0m[91m     at write (_stream_readable.js:583:24)
[0m[91mnpm[0m[91m [0m[91mERR![0m[91m If you need help, you may report this log at:
[0m[91mnpm[0m[91m [0m[91mERR![0m[91m     <http://github.com/isaacs/npm/issues>
[0m[91mnpm[0m[91m [0m[91mERR![0m[91m or email it to:
[0m[91mnpm[0m[91m [0m[91mERR![0m[91m     <npm-@googlegroups.com>
[0m[91m
[0m[91mnpm[0m[91m [0m[91mERR![0m[91m [0m[91mSystem[0m[91m Linux 5.3.0-1018-gcp
[0m[91mnpm[0m[91m [0m[91mERR![0m[91m [0m[91mcommand[0m[91m "/usr/bin/nodejs" "/usr/bin/npm" "install" "-g" "jshint"
[0m[91mnpm[0m[91m [0m[91mERR![0m[91m [0m[91mcwd[0m[91m /
[0m[91mnpm[0m[91m [0m[91mERR![0m[91m [0m[91mnode -v[0m[91m v0.10.25
[0m[91mnpm[0m[91m [0m[91mERR![0m[91m [0m[91mnpm -v[0m[91m 1.3.10
[0m[91mnpm[0m[91m [0m[91mERR![0m[91m 
[0m[91mnpm[0m[91m ERR![0m[91m Additional logging details can be found in:
[0m[91mnpm[0m[91m [0m[91mERR![0m[91m     /npm-debug.log
[0m[91mnpm[0m[91m [0m[91mERR![0m[91m not ok code 0
[0mThe command '/bin/sh -c npm install -g jshint' returned a non-zero code: 1
