Sending build context to Docker daemon  2.048kB
Step 1/7 : ARG BASE_IMAGE=ibmcom/ace
Step 2/7 : FROM $BASE_IMAGE
latest: Pulling from ibmcom/ace
526388a3a257: Pulling fs layer
78593d6d5fe9: Pulling fs layer
9cb13f8a0d81: Pulling fs layer
78593d6d5fe9: Download complete
526388a3a257: Verifying Checksum
526388a3a257: Download complete
526388a3a257: Pull complete
9cb13f8a0d81: Verifying Checksum
9cb13f8a0d81: Download complete
78593d6d5fe9: Pull complete
9cb13f8a0d81: Pull complete
Digest: sha256:c822bb15fef4eb787f10073cb9dba6d313cd9e8e61e29c5545ef7f74402f31b9
Status: Downloaded newer image for ibmcom/ace:latest
 ---> 447fc0930f00
Step 3/7 : ARG MQ_URL=https://public.dhe.ibm.com/ibmdl/export/pub/software/websphere/messaging/mqadv/mqadv_dev911_ubuntu_x86-64.tar.gz
 ---> Running in 0c8b95af8ace
Removing intermediate container 0c8b95af8ace
 ---> 2a4407d99fe7
Step 4/7 : USER root
 ---> Running in 0a7c8b5c0179
Removing intermediate container 0a7c8b5c0179
 ---> dc7be7014990
Step 5/7 : COPY ubuntu/installMQClient.sh /tmp/mq/
COPY failed: stat /var/lib/docker/tmp/docker-builder727374540/ubuntu/installMQClient.sh: no such file or directory
