Sending build context to Docker daemon   2.56kB
Step 1/13 : FROM ruby:2.6.3-alpine3.9
2.6.3-alpine3.9: Pulling from library/ruby
e7c96db7181b: Pulling fs layer
622c94c90cb1: Pulling fs layer
dbd6b8b21943: Pulling fs layer
10dd230dd590: Pulling fs layer
cdaad85321f3: Pulling fs layer
10dd230dd590: Waiting
cdaad85321f3: Waiting
dbd6b8b21943: Download complete
622c94c90cb1: Verifying Checksum
622c94c90cb1: Download complete
e7c96db7181b: Verifying Checksum
e7c96db7181b: Download complete
e7c96db7181b: Pull complete
cdaad85321f3: Verifying Checksum
cdaad85321f3: Download complete
622c94c90cb1: Pull complete
dbd6b8b21943: Pull complete
10dd230dd590: Verifying Checksum
10dd230dd590: Download complete
10dd230dd590: Pull complete
cdaad85321f3: Pull complete
Digest: sha256:b73133a8d9c20680153ec82b9615f89b4ed0114240823ef6d3f5b9930280c893
Status: Downloaded newer image for ruby:2.6.3-alpine3.9
 ---> 64673bccbddc
Step 2/13 : MAINTAINER Andrew Kane <andrew@chartkick.com>
 ---> Running in fc7ddad7dd42
Removing intermediate container fc7ddad7dd42
 ---> 78c20e14eae9
Step 3/13 : RUN apk add --update ruby-dev build-base   libxml2-dev libxslt-dev pcre-dev libffi-dev   postgresql-dev git
 ---> Running in 458f991f6431
fetch http://dl-cdn.alpinelinux.org/alpine/v3.9/main/x86_64/APKINDEX.tar.gz
fetch http://dl-cdn.alpinelinux.org/alpine/v3.9/community/x86_64/APKINDEX.tar.gz
(1/46) Upgrading musl (1.1.20-r4 -> 1.1.20-r5)
(2/46) Upgrading libcrypto1.1 (1.1.1b-r1 -> 1.1.1d-r2)
(3/46) Upgrading libssl1.1 (1.1.1b-r1 -> 1.1.1d-r2)
(4/46) Installing binutils (2.31.1-r2)
(5/46) Installing libmagic (5.36-r1)
(6/46) Installing file (5.36-r1)
(7/46) Installing isl (0.18-r0)
(8/46) Installing libgomp (8.3.0-r0)
(9/46) Installing libatomic (8.3.0-r0)
(10/46) Installing mpfr3 (3.1.5-r1)
(11/46) Installing mpc1 (1.0.3-r1)
(12/46) Installing gcc (8.3.0-r0)
(13/46) Installing musl-dev (1.1.20-r5)
(14/46) Installing libc-dev (0.7.1-r0)
(15/46) Installing g++ (8.3.0-r0)
(16/46) Installing make (4.2.1-r2)
(17/46) Installing fortify-headers (1.0-r0)
(18/46) Installing build-base (0.5-r1)
(19/46) Installing nghttp2-libs (1.35.1-r1)
(20/46) Installing libssh2 (1.9.0-r1)
(21/46) Installing libcurl (7.64.0-r3)
(22/46) Installing expat (2.2.8-r0)
(23/46) Installing pcre2 (10.32-r1)
(24/46) Installing git (2.20.2-r0)
(25/46) Upgrading musl-utils (1.1.20-r4 -> 1.1.20-r5)
(26/46) Installing libxml2 (2.9.9-r2)
(27/46) Installing libxml2-dev (2.9.9-r2)
(28/46) Installing libgpg-error (1.33-r0)
(29/46) Installing libgcrypt (1.8.5-r0)
(30/46) Installing libxslt (1.1.33-r3)
(31/46) Installing libxslt-dev (1.1.33-r3)
(32/46) Installing libpcre16 (8.42-r1)
(33/46) Installing libpcre32 (8.42-r1)
(34/46) Installing pcre (8.42-r1)
(35/46) Installing libpcrecpp (8.42-r1)
(36/46) Installing pcre-dev (8.42-r1)
(37/46) Installing openssl-dev (1.1.1d-r2)
(38/46) Installing db (5.3.28-r1)
(39/46) Installing libsasl (2.1.27-r2)
(40/46) Installing libldap (2.4.48-r0)
(41/46) Installing libpq (11.7-r0)
(42/46) Installing postgresql-libs (11.7-r0)
(43/46) Installing postgresql-dev (11.7-r0)
(44/46) Installing ruby-libs (2.5.8-r0)
(45/46) Installing ruby (2.5.8-r0)
(46/46) Installing ruby-dev (2.5.8-r0)
Executing busybox-1.29.3-r10.trigger
Executing ca-certificates-20190108-r0.trigger
OK: 253 MiB in 79 packages
Removing intermediate container 458f991f6431
 ---> 898a76f4de6b
Step 4/13 : ENV INSTALL_PATH /app
 ---> Running in 0ea11be1a29e
Removing intermediate container 0ea11be1a29e
 ---> f77fe82dfde7
Step 5/13 : RUN mkdir -p $INSTALL_PATH
 ---> Running in 1868a0a90140
Removing intermediate container 1868a0a90140
 ---> 36c3706f529c
Step 6/13 : WORKDIR $INSTALL_PATH
 ---> Running in 2dc7c518cc10
Removing intermediate container 2dc7c518cc10
 ---> 5f251e803ff7
Step 7/13 : COPY Gemfile Gemfile.lock ./
COPY failed: stat /var/lib/docker/tmp/docker-builder879852809/Gemfile: no such file or directory
