Sending build context to Docker daemon  7.168kB
Step 1/45 : FROM ubuntu:16.04
16.04: Pulling from library/ubuntu
fe703b657a32: Pulling fs layer
f9df1fafd224: Pulling fs layer
a645a4b887f9: Pulling fs layer
57db7fe0b522: Pulling fs layer
57db7fe0b522: Waiting
f9df1fafd224: Verifying Checksum
f9df1fafd224: Download complete
a645a4b887f9: Verifying Checksum
a645a4b887f9: Download complete
57db7fe0b522: Verifying Checksum
57db7fe0b522: Download complete
fe703b657a32: Verifying Checksum
fe703b657a32: Download complete
fe703b657a32: Pull complete
f9df1fafd224: Pull complete
a645a4b887f9: Pull complete
57db7fe0b522: Pull complete
Digest: sha256:e9938f45e51d9ff46e2b05a62e0546d0f07489b7f22fbc5288defe760599e38a
Status: Downloaded newer image for ubuntu:16.04
 ---> 77be327e4b63
Step 2/45 : MAINTAINER Parul Sethi <parul1sethi@gmail.com>
 ---> Running in 4b914ddf2467
Removing intermediate container 4b914ddf2467
 ---> 98366066ab6a
Step 3/45 : ENV GENSIM_REPOSITORY https://github.com/RaRe-Technologies/gensim.git
 ---> Running in ed87e3cc7db2
Removing intermediate container ed87e3cc7db2
 ---> e18cb39d3d7d
Step 4/45 : ENV GENSIM_BRANCH develop
 ---> Running in 5ce62c835ad0
Removing intermediate container 5ce62c835ad0
 ---> 1769e311cf56
Step 5/45 : RUN apt-get update     && apt-get install -y     ant=1.9.6-1ubuntu1     cmake=3.5.1-1ubuntu3     default-jdk=2:1.8-56ubuntu2     g++=4:5.3.1-1ubuntu1     git=1:2.7.4-0ubuntu1     libboost-all-dev=1.58.0.1ubuntu1     libgsl-dev=2.1+dfsg-2     mercurial=3.7.3-1ubuntu1     python3=3.5.1-3     python3-pip=8.1.1-2ubuntu0.4     python3-setuptools=20.7.0-1     python=2.7.11-1     python-pip=8.1.1-2ubuntu0.4     python-setuptools=20.7.0-1     unzip=6.0-20ubuntu1     wget=1.17.1-1ubuntu1.3     subversion=1.9.3-2ubuntu1.1     locales=2.23-0ubuntu9     libopenblas-dev=0.2.18-1ubuntu1     libboost-program-options-dev=1.58.0.1ubuntu1     zlib1g-dev=1:1.2.8.dfsg-2ubuntu4.1
 ---> Running in 6377e17e9ba3
Get:1 http://security.ubuntu.com/ubuntu xenial-security InRelease [109 kB]
Get:2 http://archive.ubuntu.com/ubuntu xenial InRelease [247 kB]
Get:3 http://security.ubuntu.com/ubuntu xenial-security/main amd64 Packages [1075 kB]
Get:4 http://security.ubuntu.com/ubuntu xenial-security/restricted amd64 Packages [12.7 kB]
Get:5 http://security.ubuntu.com/ubuntu xenial-security/universe amd64 Packages [621 kB]
Get:6 http://security.ubuntu.com/ubuntu xenial-security/multiverse amd64 Packages [6282 B]
Get:7 http://archive.ubuntu.com/ubuntu xenial-updates InRelease [109 kB]
Get:8 http://archive.ubuntu.com/ubuntu xenial-backports InRelease [107 kB]
Get:9 http://archive.ubuntu.com/ubuntu xenial/main amd64 Packages [1558 kB]
Get:10 http://archive.ubuntu.com/ubuntu xenial/restricted amd64 Packages [14.1 kB]
Get:11 http://archive.ubuntu.com/ubuntu xenial/universe amd64 Packages [9827 kB]
Get:12 http://archive.ubuntu.com/ubuntu xenial/multiverse amd64 Packages [176 kB]
Get:13 http://archive.ubuntu.com/ubuntu xenial-updates/main amd64 Packages [1445 kB]
Get:14 http://archive.ubuntu.com/ubuntu xenial-updates/restricted amd64 Packages [13.1 kB]
Get:15 http://archive.ubuntu.com/ubuntu xenial-updates/universe amd64 Packages [1027 kB]
Get:16 http://archive.ubuntu.com/ubuntu xenial-updates/multiverse amd64 Packages [19.3 kB]
Get:17 http://archive.ubuntu.com/ubuntu xenial-backports/main amd64 Packages [7942 B]
Get:18 http://archive.ubuntu.com/ubuntu xenial-backports/universe amd64 Packages [8807 B]
Fetched 16.4 MB in 2s (6270 kB/s)
Reading package lists...
Reading package lists...
Building dependency tree...
Reading state information...
[91mE: Version '1.17.1-1ubuntu1.3' for 'wget' was not found
E: Version '1.9.3-2ubuntu1.1' for 'subversion' was not found
E: Version '2.23-0ubuntu9' for 'locales' was not found
E: Version '1:1.2.8.dfsg-2ubuntu4.1' for 'zlib1g-dev' was not found
[0mThe command '/bin/sh -c apt-get update     && apt-get install -y     ant=1.9.6-1ubuntu1     cmake=3.5.1-1ubuntu3     default-jdk=2:1.8-56ubuntu2     g++=4:5.3.1-1ubuntu1     git=1:2.7.4-0ubuntu1     libboost-all-dev=1.58.0.1ubuntu1     libgsl-dev=2.1+dfsg-2     mercurial=3.7.3-1ubuntu1     python3=3.5.1-3     python3-pip=8.1.1-2ubuntu0.4     python3-setuptools=20.7.0-1     python=2.7.11-1     python-pip=8.1.1-2ubuntu0.4     python-setuptools=20.7.0-1     unzip=6.0-20ubuntu1     wget=1.17.1-1ubuntu1.3     subversion=1.9.3-2ubuntu1.1     locales=2.23-0ubuntu9     libopenblas-dev=0.2.18-1ubuntu1     libboost-program-options-dev=1.58.0.1ubuntu1     zlib1g-dev=1:1.2.8.dfsg-2ubuntu4.1' returned a non-zero code: 100
