Sending build context to Docker daemon  2.048kB
Step 1/10 : FROM crystallang/crystal
latest: Pulling from crystallang/crystal
5c939e3a4d10: Pulling fs layer
c63719cdbe7a: Pulling fs layer
19a861ea6baf: Pulling fs layer
651c9d2d6c4f: Pulling fs layer
110170bedfce: Pulling fs layer
651c9d2d6c4f: Waiting
c63719cdbe7a: Verifying Checksum
c63719cdbe7a: Download complete
19a861ea6baf: Verifying Checksum
19a861ea6baf: Download complete
651c9d2d6c4f: Download complete
5c939e3a4d10: Verifying Checksum
5c939e3a4d10: Download complete
5c939e3a4d10: Pull complete
c63719cdbe7a: Pull complete
19a861ea6baf: Pull complete
651c9d2d6c4f: Pull complete
110170bedfce: Verifying Checksum
110170bedfce: Download complete
110170bedfce: Pull complete
Digest: sha256:6daac707cc3561b6545d02abb1d969ecb345e4494d0f9c2b23e8fdf10152fd67
Status: Downloaded newer image for crystallang/crystal:latest
 ---> e70b68cd81f8
Step 2/10 : WORKDIR /crystalFTP
 ---> Running in 46cb1d0de879
Removing intermediate container 46cb1d0de879
 ---> 6c63471c8622
Step 3/10 : ADD src/ ./src
ADD failed: stat /var/lib/docker/tmp/docker-builder503833628/src: no such file or directory
