Sending build context to Docker daemon  2.048kB
Step 1/6 : FROM williamyeh/ansible:centos7
centos7: Pulling from williamyeh/ansible
aeb7866da422: Pulling fs layer
e5774cb31cd2: Pulling fs layer
e5774cb31cd2: Verifying Checksum
e5774cb31cd2: Download complete
aeb7866da422: Verifying Checksum
aeb7866da422: Download complete
aeb7866da422: Pull complete
e5774cb31cd2: Pull complete
Digest: sha256:889581d02cf16a7a87429c5563cc81fa8eb95a35cd412c2abbea1508b53fe02a
Status: Downloaded newer image for williamyeh/ansible:centos7
 ---> a5385357dfae
Step 2/6 : WORKDIR /tmp
 ---> Running in cbcd74b4c9e4
Removing intermediate container cbcd74b4c9e4
 ---> c5d9a773b067
Step 3/6 : COPY  ansible  /tmp
COPY failed: stat /var/lib/docker/tmp/docker-builder935892664/ansible: no such file or directory
