Sending build context to Docker daemon   2.56kB
Step 1/18 : FROM alpine:3.6
3.6: Pulling from library/alpine
5a3ea8efae5d: Pulling fs layer
5a3ea8efae5d: Verifying Checksum
5a3ea8efae5d: Download complete
5a3ea8efae5d: Pull complete
Digest: sha256:66790a2b79e1ea3e1dabac43990c54aca5d1ddf268d9a5a0285e4167c8b24475
Status: Downloaded newer image for alpine:3.6
 ---> 43773d1dba76
Step 2/18 : ENV SERVER_ADDR     0.0.0.0
 ---> Running in bd6a37749294
Removing intermediate container bd6a37749294
 ---> 92b388da454f
Step 3/18 : ENV SERVER_PORT     51348
 ---> Running in 0013ff99476a
Removing intermediate container 0013ff99476a
 ---> c418169fbcdf
Step 4/18 : ENV PASSWORD        psw
 ---> Running in 14aeb13c23fb
Removing intermediate container 14aeb13c23fb
 ---> b8a7cd896c1c
Step 5/18 : ENV METHOD          aes-128-ctr
 ---> Running in 0ee2df3b2718
Removing intermediate container 0ee2df3b2718
 ---> e92ace2354be
Step 6/18 : ENV PROTOCOL        auth_aes128_md5
 ---> Running in baa37904aa31
Removing intermediate container baa37904aa31
 ---> 7a50d9bdd272
Step 7/18 : ENV PROTOCOLPARAM   32
 ---> Running in 8811300e7a13
Removing intermediate container 8811300e7a13
 ---> 36c8aab1ddb5
Step 8/18 : ENV OBFS            tls1.2_ticket_auth_compatible
 ---> Running in 236f9e57fd4d
Removing intermediate container 236f9e57fd4d
 ---> d785f9eea8b6
Step 9/18 : ENV TIMEOUT         300
 ---> Running in d4806df10309
Removing intermediate container d4806df10309
 ---> 2848c749d4de
Step 10/18 : ENV DNS_ADDR        8.8.8.8
 ---> Running in 4b6971024cd1
Removing intermediate container 4b6971024cd1
 ---> ad8ae5762dcb
Step 11/18 : ENV DNS_ADDR_2      8.8.4.4
 ---> Running in 157e997d8aa5
Removing intermediate container 157e997d8aa5
 ---> 4e0bfbfe0625
Step 12/18 : ARG BRANCH=manyuser
 ---> Running in 1fdb557b088d
Removing intermediate container 1fdb557b088d
 ---> 0b91e8cbae5c
Step 13/18 : ARG WORK=~
 ---> Running in 4410a650b8eb
Removing intermediate container 4410a650b8eb
 ---> 68c78995ebde
Step 14/18 : RUN apk --no-cache add python     libsodium     wget
 ---> Running in 97ef4fe5d08d
fetch http://dl-cdn.alpinelinux.org/alpine/v3.6/main/x86_64/APKINDEX.tar.gz
fetch http://dl-cdn.alpinelinux.org/alpine/v3.6/community/x86_64/APKINDEX.tar.gz
(1/12) Installing libsodium (1.0.12-r0)
(2/12) Installing libbz2 (1.0.6-r5)
(3/12) Installing expat (2.2.0-r1)
(4/12) Installing libffi (3.2.1-r3)
(5/12) Installing gdbm (1.12-r0)
(6/12) Installing ncurses-terminfo-base (6.0_p20171125-r1)
(7/12) Installing ncurses-terminfo (6.0_p20171125-r1)
(8/12) Installing ncurses-libs (6.0_p20171125-r1)
(9/12) Installing readline (6.3.008-r5)
(10/12) Installing sqlite-libs (3.25.3-r0)
(11/12) Installing python2 (2.7.15-r0)
(12/12) Installing wget (1.20.3-r0)
Executing busybox-1.26.2-r11.trigger
OK: 52 MiB in 25 packages
Removing intermediate container 97ef4fe5d08d
 ---> cee99c7eb201
Step 15/18 : RUN mkdir -p $WORK &&     wget -qO- --no-check-certificate https://github.com/shadowsocksr/shadowsocksr/archive/$BRANCH.tar.gz | tar -xzf - -C $WORK
 ---> Running in c2d913c6b7b6
[91mtar: invalid magic
tar: short read
[0mThe command '/bin/sh -c mkdir -p $WORK &&     wget -qO- --no-check-certificate https://github.com/shadowsocksr/shadowsocksr/archive/$BRANCH.tar.gz | tar -xzf - -C $WORK' returned a non-zero code: 1
