Sending build context to Docker daemon  3.584kB
Step 1/32 : FROM fedora
latest: Pulling from library/fedora
5c1b9e8d7bf7: Pulling fs layer
5c1b9e8d7bf7: Verifying Checksum
5c1b9e8d7bf7: Download complete
5c1b9e8d7bf7: Pull complete
Digest: sha256:c97879f8bebe49744307ea5c77ffc76c7cc97f3ddec72fb9a394bd4e4519b388
Status: Downloaded newer image for fedora:latest
 ---> 536f3995adeb
Step 2/32 : MAINTAINER http://fedoraproject.org/wiki/Cloud
 ---> Running in 15570ab20aff
Removing intermediate container 15570ab20aff
 ---> 2beee7624ae4
Step 3/32 : RUN yum -y update && yum clean all
 ---> Running in 5876a64284ea
Fedora Modular 31 - x86_64                      1.2 MB/s | 5.2 MB     00:04    
Fedora Modular 31 - x86_64 - Updates            4.2 MB/s | 4.0 MB     00:00    
Fedora 31 - x86_64 - Updates                    9.6 MB/s |  23 MB     00:02    
Fedora 31 - x86_64                               17 MB/s |  71 MB     00:04    
Last metadata expiration check: 0:00:01 ago on Fri Apr  3 23:32:21 2020.
Dependencies resolved.
================================================================================
 Package                     Arch       Version               Repository   Size
================================================================================
Upgrading:
 coreutils                   x86_64     8.31-9.fc31           updates     1.1 M
 coreutils-common            x86_64     8.31-9.fc31           updates     1.9 M
 glib2                       x86_64     2.62.6-1.fc31         updates     2.6 M
 gnutls                      x86_64     3.6.12-2.fc31         updates     975 k
 libarchive                  x86_64     3.4.2-1.fc31          updates     384 k
 libdnf                      x86_64     0.43.1-5.fc31         updates     633 k
 libgcc                      x86_64     9.3.1-1.fc31          updates     101 k
 libgomp                     x86_64     9.3.1-1.fc31          updates     237 k
 libpcap                     x86_64     14:1.9.1-2.fc31       updates     168 k
 libsss_idmap                x86_64     2.2.3-13.fc31         updates      46 k
 libsss_nss_idmap            x86_64     2.2.3-13.fc31         updates      53 k
 libstdc++                   x86_64     9.3.1-1.fc31          updates     633 k
 libtirpc                    x86_64     1.2.5-1.rc2.fc31      updates      98 k
 libxcrypt                   x86_64     4.4.15-1.fc31         updates     126 k
 pcre                        x86_64     8.44-1.fc31           updates     192 k
 pcre2                       x86_64     10.34-8.fc31          updates     222 k
 python-setuptools-wheel     noarch     41.6.0-1.fc31         updates     281 k
 python3-hawkey              x86_64     0.43.1-5.fc31         updates     101 k
 python3-libdnf              x86_64     0.43.1-5.fc31         updates     702 k
 shadow-utils                x86_64     2:4.6-17.fc31         updates     1.2 M
 sssd-client                 x86_64     2.2.3-13.fc31         updates     110 k
 sudo                        x86_64     1.9.0-0.1.b1.fc31     updates     1.0 M
 systemd                     x86_64     243.8-1.fc31          updates     3.8 M
 systemd-libs                x86_64     243.8-1.fc31          updates     523 k
 systemd-pam                 x86_64     243.8-1.fc31          updates     165 k
 systemd-rpm-macros          noarch     243.8-1.fc31          updates      20 k
 vim-minimal                 x86_64     2:8.2.348-1.fc31      updates     645 k
Installing dependencies:
 pcre2-syntax                noarch     10.34-8.fc31          updates     140 k
 trousers-lib                x86_64     0.3.13-13.fc31        fedora      171 k
 whois-nls                   noarch     5.5.6-1.fc31          updates      34 k
 xkeyboard-config            noarch     2.28-1.fc31           updates     753 k
Installing weak dependencies:
 diffutils                   x86_64     3.7-3.fc31            fedora      401 k
 libxkbcommon                x86_64     0.9.1-3.fc31          updates     120 k
 mkpasswd                    x86_64     5.5.6-1.fc31          updates      41 k
 shared-mime-info            x86_64     1.15-1.fc31           updates     303 k
 trousers                    x86_64     0.3.13-13.fc31        fedora      150 k

Transaction Summary
================================================================================
Install   9 Packages
Upgrade  27 Packages

Total download size: 20 M
Downloading Packages:
(1/36): libxkbcommon-0.9.1-3.fc31.x86_64.rpm    408 kB/s | 120 kB     00:00    
(2/36): shared-mime-info-1.15-1.fc31.x86_64.rpm 3.0 MB/s | 303 kB     00:00    
(3/36): whois-nls-5.5.6-1.fc31.noarch.rpm       994 kB/s |  34 kB     00:00    
(4/36): xkeyboard-config-2.28-1.fc31.noarch.rpm  10 MB/s | 753 kB     00:00    
(5/36): mkpasswd-5.5.6-1.fc31.x86_64.rpm         61 kB/s |  41 kB     00:00    
(6/36): pcre2-syntax-10.34-8.fc31.noarch.rpm    165 kB/s | 140 kB     00:00    
(7/36): trousers-lib-0.3.13-13.fc31.x86_64.rpm  949 kB/s | 171 kB     00:00    
(8/36): diffutils-3.7-3.fc31.x86_64.rpm         759 kB/s | 401 kB     00:00    
(9/36): trousers-0.3.13-13.fc31.x86_64.rpm      417 kB/s | 150 kB     00:00    
(10/36): coreutils-8.31-9.fc31.x86_64.rpm        11 MB/s | 1.1 MB     00:00    
(11/36): gnutls-3.6.12-2.fc31.x86_64.rpm         22 MB/s | 975 kB     00:00    
(12/36): glib2-2.62.6-1.fc31.x86_64.rpm          14 MB/s | 2.6 MB     00:00    
(13/36): libarchive-3.4.2-1.fc31.x86_64.rpm     8.2 MB/s | 384 kB     00:00    
(14/36): libgcc-9.3.1-1.fc31.x86_64.rpm         2.9 MB/s | 101 kB     00:00    
(15/36): libdnf-0.43.1-5.fc31.x86_64.rpm         14 MB/s | 633 kB     00:00    
(16/36): libgomp-9.3.1-1.fc31.x86_64.rpm        6.2 MB/s | 237 kB     00:00    
(17/36): coreutils-common-8.31-9.fc31.x86_64.rp 7.0 MB/s | 1.9 MB     00:00    
(18/36): libpcap-1.9.1-2.fc31.x86_64.rpm        3.8 MB/s | 168 kB     00:00    
(19/36): libsss_idmap-2.2.3-13.fc31.x86_64.rpm  1.3 MB/s |  46 kB     00:00    
(20/36): libsss_nss_idmap-2.2.3-13.fc31.x86_64. 1.5 MB/s |  53 kB     00:00    
(21/36): libstdc++-9.3.1-1.fc31.x86_64.rpm       15 MB/s | 633 kB     00:00    
(22/36): libtirpc-1.2.5-1.rc2.fc31.x86_64.rpm   2.8 MB/s |  98 kB     00:00    
(23/36): libxcrypt-4.4.15-1.fc31.x86_64.rpm     3.5 MB/s | 126 kB     00:00    
(24/36): pcre-8.44-1.fc31.x86_64.rpm            5.1 MB/s | 192 kB     00:00    
(25/36): pcre2-10.34-8.fc31.x86_64.rpm          6.2 MB/s | 222 kB     00:00    
(26/36): python-setuptools-wheel-41.6.0-1.fc31. 7.3 MB/s | 281 kB     00:00    
(27/36): python3-hawkey-0.43.1-5.fc31.x86_64.rp 2.8 MB/s | 101 kB     00:00    
(28/36): python3-libdnf-0.43.1-5.fc31.x86_64.rp  17 MB/s | 702 kB     00:00    
(29/36): sssd-client-2.2.3-13.fc31.x86_64.rpm   3.0 MB/s | 110 kB     00:00    
(30/36): sudo-1.9.0-0.1.b1.fc31.x86_64.rpm       24 MB/s | 1.0 MB     00:00    
(31/36): shadow-utils-4.6-17.fc31.x86_64.rpm     16 MB/s | 1.2 MB     00:00    
(32/36): systemd-libs-243.8-1.fc31.x86_64.rpm    13 MB/s | 523 kB     00:00    
(33/36): systemd-pam-243.8-1.fc31.x86_64.rpm    4.5 MB/s | 165 kB     00:00    
(34/36): systemd-rpm-macros-243.8-1.fc31.noarch 612 kB/s |  20 kB     00:00    
[MIRROR] vim-minimal-8.2.348-1.fc31.x86_64.rpm: Status code: 404 for http://download-ib01.fedoraproject.org/pub/fedora/linux/updates/31/Everything/x86_64/Packages/v/vim-minimal-8.2.348-1.fc31.x86_64.rpm (IP: 152.19.134.145)
(35/36): systemd-243.8-1.fc31.x86_64.rpm         25 MB/s | 3.8 MB     00:00    
[MIRROR] vim-minimal-8.2.348-1.fc31.x86_64.rpm: Status code: 404 for https://download-ib01.fedoraproject.org/pub/fedora/linux/updates/31/Everything/x86_64/Packages/v/vim-minimal-8.2.348-1.fc31.x86_64.rpm (IP: 152.19.134.145)
(36/36): vim-minimal-8.2.348-1.fc31.x86_64.rpm  818 kB/s | 645 kB     00:00    
--------------------------------------------------------------------------------
Total                                           7.7 MB/s |  20 MB     00:02     
Running transaction check
Transaction check succeeded.
Running transaction test
Transaction test succeeded.
Running transaction
  Preparing        :                                                        1/1 
  Running scriptlet: libgcc-9.3.1-1.fc31.x86_64                             1/1 
  Upgrading        : libgcc-9.3.1-1.fc31.x86_64                            1/63 
  Running scriptlet: libgcc-9.3.1-1.fc31.x86_64                            1/63 
  Upgrading        : libstdc++-9.3.1-1.fc31.x86_64                         2/63 
  Upgrading        : vim-minimal-2:8.2.348-1.fc31.x86_64                   3/63 
  Upgrading        : systemd-rpm-macros-243.8-1.fc31.noarch                4/63 
  Upgrading        : pcre-8.44-1.fc31.x86_64                               5/63 
  Upgrading        : glib2-2.62.6-1.fc31.x86_64                            6/63 
  Installing       : shared-mime-info-1.15-1.fc31.x86_64                   7/63 
  Running scriptlet: shared-mime-info-1.15-1.fc31.x86_64                   7/63 
  Upgrading        : libdnf-0.43.1-5.fc31.x86_64                           8/63 
  Upgrading        : python3-libdnf-0.43.1-5.fc31.x86_64                   9/63 
  Upgrading        : libsss_nss_idmap-2.2.3-13.fc31.x86_64                10/63 
  Upgrading        : libsss_idmap-2.2.3-13.fc31.x86_64                    11/63 
  Upgrading        : coreutils-common-8.31-9.fc31.x86_64                  12/63 
  Upgrading        : coreutils-8.31-9.fc31.x86_64                         13/63 
  Upgrading        : systemd-libs-243.8-1.fc31.x86_64                     14/63 
  Running scriptlet: systemd-libs-243.8-1.fc31.x86_64                     14/63 
  Installing       : trousers-lib-0.3.13-13.fc31.x86_64                   15/63 
  Installing       : diffutils-3.7-3.fc31.x86_64                          16/63 
  Installing       : xkeyboard-config-2.28-1.fc31.noarch                  17/63 
  Installing       : libxkbcommon-0.9.1-3.fc31.x86_64                     18/63 
  Installing       : whois-nls-5.5.6-1.fc31.noarch                        19/63 
  Upgrading        : libxcrypt-4.4.15-1.fc31.x86_64                       20/63 
  Installing       : mkpasswd-5.5.6-1.fc31.x86_64                         21/63 
  Upgrading        : shadow-utils-2:4.6-17.fc31.x86_64                    22/63 
  Installing       : pcre2-syntax-10.34-8.fc31.noarch                     23/63 
  Upgrading        : pcre2-10.34-8.fc31.x86_64                            24/63 
  Upgrading        : gnutls-3.6.12-2.fc31.x86_64                          25/63 
  Upgrading        : systemd-pam-243.8-1.fc31.x86_64                      26/63 
  Running scriptlet: systemd-243.8-1.fc31.x86_64                          27/63 
  Upgrading        : systemd-243.8-1.fc31.x86_64                          27/63 
  Running scriptlet: systemd-243.8-1.fc31.x86_64                          27/63 
  Running scriptlet: trousers-0.3.13-13.fc31.x86_64                       28/63 
  Installing       : trousers-0.3.13-13.fc31.x86_64                       28/63 
  Running scriptlet: trousers-0.3.13-13.fc31.x86_64                       28/63 
  Upgrading        : sudo-1.9.0-0.1.b1.fc31.x86_64                        29/63 
  Running scriptlet: sudo-1.9.0-0.1.b1.fc31.x86_64                        29/63 
  Upgrading        : sssd-client-2.2.3-13.fc31.x86_64                     30/63 
  Running scriptlet: sssd-client-2.2.3-13.fc31.x86_64                     30/63 
  Upgrading        : python3-hawkey-0.43.1-5.fc31.x86_64                  31/63 
  Upgrading        : python-setuptools-wheel-41.6.0-1.fc31.noarch         32/63 
  Upgrading        : libtirpc-1.2.5-1.rc2.fc31.x86_64                     33/63 
  Upgrading        : libpcap-14:1.9.1-2.fc31.x86_64                       34/63 
  Upgrading        : libgomp-9.3.1-1.fc31.x86_64                          35/63 
  Upgrading        : libarchive-3.4.2-1.fc31.x86_64                       36/63 
  Cleanup          : python-setuptools-wheel-41.2.0-1.fc31.noarch         37/63 
  Running scriptlet: systemd-243.7-1.fc31.x86_64                          38/63 
  Cleanup          : systemd-243.7-1.fc31.x86_64                          38/63 
  Cleanup          : python3-hawkey-0.43.1-2.fc31.x86_64                  39/63 
  Cleanup          : python3-libdnf-0.43.1-2.fc31.x86_64                  40/63 
  Cleanup          : libdnf-0.43.1-2.fc31.x86_64                          41/63 
  Cleanup          : libstdc++-9.2.1-1.fc31.x86_64                        42/63 
  Running scriptlet: sssd-client-2.2.2-3.fc31.x86_64                      43/63 
  Cleanup          : sssd-client-2.2.2-3.fc31.x86_64                      43/63 
  Cleanup          : systemd-libs-243.7-1.fc31.x86_64                     44/63 
  Cleanup          : systemd-pam-243.7-1.fc31.x86_64                      45/63 
  Cleanup          : shadow-utils-2:4.6-16.fc31.x86_64                    46/63 
  Cleanup          : sudo-1.8.29-1.fc31.x86_64                            47/63 
  Cleanup          : systemd-rpm-macros-243.7-1.fc31.noarch               48/63 
  Cleanup          : coreutils-8.31-6.fc31.x86_64                         49/63 
  Cleanup          : glib2-2.62.4-2.fc31.x86_64                           50/63 
  Cleanup          : coreutils-common-8.31-6.fc31.x86_64                  51/63 
  Cleanup          : pcre-8.43-2.fc31.1.x86_64                            52/63 
  Cleanup          : vim-minimal-2:8.2.236-1.fc31.x86_64                  53/63 
  Cleanup          : libxcrypt-4.4.12-1.fc31.x86_64                       54/63 
  Cleanup          : libgcc-9.2.1-1.fc31.x86_64                           55/63 
  Running scriptlet: libgcc-9.2.1-1.fc31.x86_64                           55/63 
  Cleanup          : libsss_idmap-2.2.2-3.fc31.x86_64                     56/63 
  Cleanup          : libsss_nss_idmap-2.2.2-3.fc31.x86_64                 57/63 
  Cleanup          : gnutls-3.6.11-1.fc31.x86_64                          58/63 
  Cleanup          : pcre2-10.34-5.fc31.x86_64                            59/63 
  Cleanup          : libtirpc-1.2.5-0.fc31.x86_64                         60/63 
  Cleanup          : libpcap-14:1.9.1-1.fc31.x86_64                       61/63 
  Cleanup          : libgomp-9.2.1-1.fc31.x86_64                          62/63 
  Cleanup          : libarchive-3.4.0-1.fc31.x86_64                       63/63 
  Running scriptlet: libarchive-3.4.0-1.fc31.x86_64                       63/63 
  Verifying        : libxkbcommon-0.9.1-3.fc31.x86_64                      1/63 
  Verifying        : mkpasswd-5.5.6-1.fc31.x86_64                          2/63 
  Verifying        : pcre2-syntax-10.34-8.fc31.noarch                      3/63 
  Verifying        : shared-mime-info-1.15-1.fc31.x86_64                   4/63 
  Verifying        : whois-nls-5.5.6-1.fc31.noarch                         5/63 
  Verifying        : xkeyboard-config-2.28-1.fc31.noarch                   6/63 
  Verifying        : diffutils-3.7-3.fc31.x86_64                           7/63 
  Verifying        : trousers-0.3.13-13.fc31.x86_64                        8/63 
  Verifying        : trousers-lib-0.3.13-13.fc31.x86_64                    9/63 
  Verifying        : coreutils-8.31-9.fc31.x86_64                         10/63 
  Verifying        : coreutils-8.31-6.fc31.x86_64                         11/63 
  Verifying        : coreutils-common-8.31-9.fc31.x86_64                  12/63 
  Verifying        : coreutils-common-8.31-6.fc31.x86_64                  13/63 
  Verifying        : glib2-2.62.6-1.fc31.x86_64                           14/63 
  Verifying        : glib2-2.62.4-2.fc31.x86_64                           15/63 
  Verifying        : gnutls-3.6.12-2.fc31.x86_64                          16/63 
  Verifying        : gnutls-3.6.11-1.fc31.x86_64                          17/63 
  Verifying        : libarchive-3.4.2-1.fc31.x86_64                       18/63 
  Verifying        : libarchive-3.4.0-1.fc31.x86_64                       19/63 
  Verifying        : libdnf-0.43.1-5.fc31.x86_64                          20/63 
  Verifying        : libdnf-0.43.1-2.fc31.x86_64                          21/63 
  Verifying        : libgcc-9.3.1-1.fc31.x86_64                           22/63 
  Verifying        : libgcc-9.2.1-1.fc31.x86_64                           23/63 
  Verifying        : libgomp-9.3.1-1.fc31.x86_64                          24/63 
  Verifying        : libgomp-9.2.1-1.fc31.x86_64                          25/63 
  Verifying        : libpcap-14:1.9.1-2.fc31.x86_64                       26/63 
  Verifying        : libpcap-14:1.9.1-1.fc31.x86_64                       27/63 
  Verifying        : libsss_idmap-2.2.3-13.fc31.x86_64                    28/63 
  Verifying        : libsss_idmap-2.2.2-3.fc31.x86_64                     29/63 
  Verifying        : libsss_nss_idmap-2.2.3-13.fc31.x86_64                30/63 
  Verifying        : libsss_nss_idmap-2.2.2-3.fc31.x86_64                 31/63 
  Verifying        : libstdc++-9.3.1-1.fc31.x86_64                        32/63 
  Verifying        : libstdc++-9.2.1-1.fc31.x86_64                        33/63 
  Verifying        : libtirpc-1.2.5-1.rc2.fc31.x86_64                     34/63 
  Verifying        : libtirpc-1.2.5-0.fc31.x86_64                         35/63 
  Verifying        : libxcrypt-4.4.15-1.fc31.x86_64                       36/63 
  Verifying        : libxcrypt-4.4.12-1.fc31.x86_64                       37/63 
  Verifying        : pcre-8.44-1.fc31.x86_64                              38/63 
  Verifying        : pcre-8.43-2.fc31.1.x86_64                            39/63 
  Verifying        : pcre2-10.34-8.fc31.x86_64                            40/63 
  Verifying        : pcre2-10.34-5.fc31.x86_64                            41/63 
  Verifying        : python-setuptools-wheel-41.6.0-1.fc31.noarch         42/63 
  Verifying        : python-setuptools-wheel-41.2.0-1.fc31.noarch         43/63 
  Verifying        : python3-hawkey-0.43.1-5.fc31.x86_64                  44/63 
  Verifying        : python3-hawkey-0.43.1-2.fc31.x86_64                  45/63 
  Verifying        : python3-libdnf-0.43.1-5.fc31.x86_64                  46/63 
  Verifying        : python3-libdnf-0.43.1-2.fc31.x86_64                  47/63 
  Verifying        : shadow-utils-2:4.6-17.fc31.x86_64                    48/63 
  Verifying        : shadow-utils-2:4.6-16.fc31.x86_64                    49/63 
  Verifying        : sssd-client-2.2.3-13.fc31.x86_64                     50/63 
  Verifying        : sssd-client-2.2.2-3.fc31.x86_64                      51/63 
  Verifying        : sudo-1.9.0-0.1.b1.fc31.x86_64                        52/63 
  Verifying        : sudo-1.8.29-1.fc31.x86_64                            53/63 
  Verifying        : systemd-243.8-1.fc31.x86_64                          54/63 
  Verifying        : systemd-243.7-1.fc31.x86_64                          55/63 
  Verifying        : systemd-libs-243.8-1.fc31.x86_64                     56/63 
  Verifying        : systemd-libs-243.7-1.fc31.x86_64                     57/63 
  Verifying        : systemd-pam-243.8-1.fc31.x86_64                      58/63 
  Verifying        : systemd-pam-243.7-1.fc31.x86_64                      59/63 
  Verifying        : systemd-rpm-macros-243.8-1.fc31.noarch               60/63 
  Verifying        : systemd-rpm-macros-243.7-1.fc31.noarch               61/63 
  Verifying        : vim-minimal-2:8.2.348-1.fc31.x86_64                  62/63 
  Verifying        : vim-minimal-2:8.2.236-1.fc31.x86_64                  63/63 

Upgraded:
  coreutils-8.31-9.fc31.x86_64                                                  
  coreutils-common-8.31-9.fc31.x86_64                                           
  glib2-2.62.6-1.fc31.x86_64                                                    
  gnutls-3.6.12-2.fc31.x86_64                                                   
  libarchive-3.4.2-1.fc31.x86_64                                                
  libdnf-0.43.1-5.fc31.x86_64                                                   
  libgcc-9.3.1-1.fc31.x86_64                                                    
  libgomp-9.3.1-1.fc31.x86_64                                                   
  libpcap-14:1.9.1-2.fc31.x86_64                                                
  libsss_idmap-2.2.3-13.fc31.x86_64                                             
  libsss_nss_idmap-2.2.3-13.fc31.x86_64                                         
  libstdc++-9.3.1-1.fc31.x86_64                                                 
  libtirpc-1.2.5-1.rc2.fc31.x86_64                                              
  libxcrypt-4.4.15-1.fc31.x86_64                                                
  pcre-8.44-1.fc31.x86_64                                                       
  pcre2-10.34-8.fc31.x86_64                                                     
  python-setuptools-wheel-41.6.0-1.fc31.noarch                                  
  python3-hawkey-0.43.1-5.fc31.x86_64                                           
  python3-libdnf-0.43.1-5.fc31.x86_64                                           
  shadow-utils-2:4.6-17.fc31.x86_64                                             
  sssd-client-2.2.3-13.fc31.x86_64                                              
  sudo-1.9.0-0.1.b1.fc31.x86_64                                                 
  systemd-243.8-1.fc31.x86_64                                                   
  systemd-libs-243.8-1.fc31.x86_64                                              
  systemd-pam-243.8-1.fc31.x86_64                                               
  systemd-rpm-macros-243.8-1.fc31.noarch                                        
  vim-minimal-2:8.2.348-1.fc31.x86_64                                           

Installed:
  diffutils-3.7-3.fc31.x86_64              libxkbcommon-0.9.1-3.fc31.x86_64     
  mkpasswd-5.5.6-1.fc31.x86_64             pcre2-syntax-10.34-8.fc31.noarch     
  shared-mime-info-1.15-1.fc31.x86_64      trousers-0.3.13-13.fc31.x86_64       
  trousers-lib-0.3.13-13.fc31.x86_64       whois-nls-5.5.6-1.fc31.noarch        
  xkeyboard-config-2.28-1.fc31.noarch     

Complete!
33 files removed
Removing intermediate container 5876a64284ea
 ---> 42ded1dbbdb3
Step 4/32 : RUN yum -y install bind-utils bind cronie logrotate supervisor openssh-server rsyslog sudo pwgen && yum clean all
 ---> Running in b87d839589ac
Fedora Modular 31 - x86_64                      5.6 MB/s | 5.2 MB     00:00    
Fedora Modular 31 - x86_64 - Updates            3.5 MB/s | 4.0 MB     00:01    
Fedora 31 - x86_64 - Updates                     16 MB/s |  23 MB     00:01    
Fedora 31 - x86_64                               13 MB/s |  71 MB     00:05    
Last metadata expiration check: 0:00:01 ago on Fri Apr  3 23:33:26 2020.
Package sudo-1.9.0-0.1.b1.fc31.x86_64 is already installed.
Dependencies resolved.
================================================================================
 Package                     Arch    Version                     Repo      Size
================================================================================
Installing:
 bind                        x86_64  32:9.11.14-2.fc31           updates  2.0 M
 bind-utils                  x86_64  32:9.11.14-2.fc31           updates  234 k
 cronie                      x86_64  1.5.4-2.fc31                fedora   112 k
 logrotate                   x86_64  3.15.1-1.fc31               fedora    73 k
 openssh-server              x86_64  8.1p1-1.fc31                updates  429 k
 pwgen                       x86_64  2.08-3.fc31                 fedora    30 k
 rsyslog                     x86_64  8.2001.0-1.fc31             updates  734 k
 supervisor                  noarch  4.0.2-2.fc31                fedora   488 k
Installing dependencies:
 bind-libs                   x86_64  32:9.11.14-2.fc31           updates   93 k
 bind-libs-lite              x86_64  32:9.11.14-2.fc31           updates  1.1 M
 bind-license                noarch  32:9.11.14-2.fc31           updates   20 k
 cronie-anacron              x86_64  1.5.4-2.fc31                fedora    32 k
 crontabs                    noarch  1.11-21.20190603git.fc31    fedora    18 k
 fipscheck                   x86_64  1.5.0-7.fc31                fedora    26 k
 fipscheck-lib               x86_64  1.5.0-7.fc31                fedora    14 k
 fstrm                       x86_64  0.5.0-1.fc31                updates   27 k
 libestr                     x86_64  0.1.9-13.fc31               fedora    25 k
 libfastjson                 x86_64  0.99.8-5.fc31               fedora    38 k
 libmaxminddb                x86_64  1.2.0-8.fc31                fedora    23 k
 lmdb-libs                   x86_64  0.9.24-1.fc31               updates   59 k
 mariadb-connector-c         x86_64  3.1.7-1.fc31                updates  202 k
 mariadb-connector-c-config  noarch  3.1.7-1.fc31                updates   11 k
 openssh                     x86_64  8.1p1-1.fc31                updates  440 k
 protobuf-c                  x86_64  1.3.1-3.fc31                fedora    35 k
 python3-bind                noarch  32:9.11.14-2.fc31           updates   67 k
 python3-meld3               noarch  1.0.2-11.fc31               fedora    51 k
 python3-ply                 noarch  3.11-3.fc31                 fedora   104 k
 python3-setuptools          noarch  41.6.0-1.fc31               updates  585 k
Installing weak dependencies:
 bind-dnssec-utils           x86_64  32:9.11.14-2.fc31           updates  165 k

Transaction Summary
================================================================================
Install  29 Packages

Total download size: 7.1 M
Installed size: 23 M
Downloading Packages:
(1/29): bind-libs-9.11.14-2.fc31.x86_64.rpm     415 kB/s |  93 kB     00:00    
(2/29): bind-dnssec-utils-9.11.14-2.fc31.x86_64 598 kB/s | 165 kB     00:00    
(3/29): bind-license-9.11.14-2.fc31.noarch.rpm  365 kB/s |  20 kB     00:00    
(4/29): bind-utils-9.11.14-2.fc31.x86_64.rpm    2.1 MB/s | 234 kB     00:00    
(5/29): bind-libs-lite-9.11.14-2.fc31.x86_64.rp 5.0 MB/s | 1.1 MB     00:00    
(6/29): bind-9.11.14-2.fc31.x86_64.rpm          4.0 MB/s | 2.0 MB     00:00    
(7/29): fstrm-0.5.0-1.fc31.x86_64.rpm           477 kB/s |  27 kB     00:00    
(8/29): lmdb-libs-0.9.24-1.fc31.x86_64.rpm      1.1 MB/s |  59 kB     00:00    
(9/29): mariadb-connector-c-config-3.1.7-1.fc31 198 kB/s |  11 kB     00:00    
(10/29): mariadb-connector-c-3.1.7-1.fc31.x86_6 3.5 MB/s | 202 kB     00:00    
(11/29): openssh-8.1p1-1.fc31.x86_64.rpm        7.1 MB/s | 440 kB     00:00    
(12/29): python3-bind-9.11.14-2.fc31.noarch.rpm 1.2 MB/s |  67 kB     00:00    
(13/29): python3-setuptools-41.6.0-1.fc31.noarc 9.2 MB/s | 585 kB     00:00    
(14/29): openssh-server-8.1p1-1.fc31.x86_64.rpm 3.9 MB/s | 429 kB     00:00    
(15/29): rsyslog-8.2001.0-1.fc31.x86_64.rpm      11 MB/s | 734 kB     00:00    
(16/29): cronie-anacron-1.5.4-2.fc31.x86_64.rpm 146 kB/s |  32 kB     00:00    
(17/29): crontabs-1.11-21.20190603git.fc31.noar  84 kB/s |  18 kB     00:00    
(18/29): fipscheck-1.5.0-7.fc31.x86_64.rpm      496 kB/s |  26 kB     00:00    
(19/29): fipscheck-lib-1.5.0-7.fc31.x86_64.rpm  260 kB/s |  14 kB     00:00    
(20/29): cronie-1.5.4-2.fc31.x86_64.rpm         332 kB/s | 112 kB     00:00    
(21/29): libestr-0.1.9-13.fc31.x86_64.rpm       476 kB/s |  25 kB     00:00    
(22/29): libmaxminddb-1.2.0-8.fc31.x86_64.rpm   443 kB/s |  23 kB     00:00    
(23/29): libfastjson-0.99.8-5.fc31.x86_64.rpm   364 kB/s |  38 kB     00:00    
(24/29): protobuf-c-1.3.1-3.fc31.x86_64.rpm     657 kB/s |  35 kB     00:00    
(25/29): logrotate-3.15.1-1.fc31.x86_64.rpm     709 kB/s |  73 kB     00:00    
(26/29): pwgen-2.08-3.fc31.x86_64.rpm           568 kB/s |  30 kB     00:00    
(27/29): python3-ply-3.11-3.fc31.noarch.rpm     1.9 MB/s | 104 kB     00:00    
(28/29): python3-meld3-1.0.2-11.fc31.noarch.rpm 603 kB/s |  51 kB     00:00    
(29/29): supervisor-4.0.2-2.fc31.noarch.rpm     2.1 MB/s | 488 kB     00:00    
--------------------------------------------------------------------------------
Total                                           4.2 MB/s | 7.1 MB     00:01     
Running transaction check
Transaction check succeeded.
Running transaction test
Transaction test succeeded.
Running transaction
  Preparing        :                                                        1/1 
  Installing       : lmdb-libs-0.9.24-1.fc31.x86_64                        1/29 
  Installing       : protobuf-c-1.3.1-3.fc31.x86_64                        2/29 
  Installing       : libmaxminddb-1.2.0-8.fc31.x86_64                      3/29 
  Installing       : fstrm-0.5.0-1.fc31.x86_64                             4/29 
  Installing       : bind-license-32:9.11.14-2.fc31.noarch                 5/29 
  Installing       : bind-libs-lite-32:9.11.14-2.fc31.x86_64               6/29 
  Installing       : bind-libs-32:9.11.14-2.fc31.x86_64                    7/29 
  Installing       : bind-utils-32:9.11.14-2.fc31.x86_64                   8/29 
  Installing       : cronie-anacron-1.5.4-2.fc31.x86_64                    9/29 
  Running scriptlet: cronie-anacron-1.5.4-2.fc31.x86_64                    9/29 
  Installing       : cronie-1.5.4-2.fc31.x86_64                           10/29 
  Running scriptlet: cronie-1.5.4-2.fc31.x86_64                           10/29 
Created symlink /etc/systemd/system/multi-user.target.wants/crond.service → /usr/lib/systemd/system/crond.service.

  Installing       : crontabs-1.11-21.20190603git.fc31.noarch             11/29 
  Installing       : fipscheck-lib-1.5.0-7.fc31.x86_64                    12/29 
  Installing       : fipscheck-1.5.0-7.fc31.x86_64                        13/29 
  Running scriptlet: openssh-8.1p1-1.fc31.x86_64                          14/29 
  Installing       : openssh-8.1p1-1.fc31.x86_64                          14/29 
  Installing       : python3-ply-3.11-3.fc31.noarch                       15/29 
  Installing       : python3-bind-32:9.11.14-2.fc31.noarch                16/29 
  Installing       : bind-dnssec-utils-32:9.11.14-2.fc31.x86_64           17/29 
  Installing       : python3-meld3-1.0.2-11.fc31.noarch                   18/29 
  Running scriptlet: logrotate-3.15.1-1.fc31.x86_64                       19/29 
  Installing       : logrotate-3.15.1-1.fc31.x86_64                       19/29 
  Running scriptlet: logrotate-3.15.1-1.fc31.x86_64                       19/29 
  Installing       : libfastjson-0.99.8-5.fc31.x86_64                     20/29 
  Installing       : libestr-0.1.9-13.fc31.x86_64                         21/29 
  Installing       : python3-setuptools-41.6.0-1.fc31.noarch              22/29 
  Installing       : mariadb-connector-c-config-3.1.7-1.fc31.noarch       23/29 
  Installing       : mariadb-connector-c-3.1.7-1.fc31.x86_64              24/29 
  Running scriptlet: bind-32:9.11.14-2.fc31.x86_64                        25/29 
  Installing       : bind-32:9.11.14-2.fc31.x86_64                        25/29 
  Running scriptlet: bind-32:9.11.14-2.fc31.x86_64                        25/29 
  Installing       : supervisor-4.0.2-2.fc31.noarch                       26/29 
  Running scriptlet: supervisor-4.0.2-2.fc31.noarch                       26/29 
Failed to preset unit, unit supervisor.service does not exist.

  Installing       : rsyslog-8.2001.0-1.fc31.x86_64                       27/29 
  Running scriptlet: rsyslog-8.2001.0-1.fc31.x86_64                       27/29 
Created symlink /etc/systemd/system/multi-user.target.wants/rsyslog.service → /usr/lib/systemd/system/rsyslog.service.

  Running scriptlet: openssh-server-8.1p1-1.fc31.x86_64                   28/29 
  Installing       : openssh-server-8.1p1-1.fc31.x86_64                   28/29 
  Running scriptlet: openssh-server-8.1p1-1.fc31.x86_64                   28/29 
Created symlink /etc/systemd/system/multi-user.target.wants/sshd.service → /usr/lib/systemd/system/sshd.service.

  Installing       : pwgen-2.08-3.fc31.x86_64                             29/29 
  Running scriptlet: pwgen-2.08-3.fc31.x86_64                             29/29 
  Verifying        : bind-32:9.11.14-2.fc31.x86_64                         1/29 
  Verifying        : bind-dnssec-utils-32:9.11.14-2.fc31.x86_64            2/29 
  Verifying        : bind-libs-32:9.11.14-2.fc31.x86_64                    3/29 
  Verifying        : bind-libs-lite-32:9.11.14-2.fc31.x86_64               4/29 
  Verifying        : bind-license-32:9.11.14-2.fc31.noarch                 5/29 
  Verifying        : bind-utils-32:9.11.14-2.fc31.x86_64                   6/29 
  Verifying        : fstrm-0.5.0-1.fc31.x86_64                             7/29 
  Verifying        : lmdb-libs-0.9.24-1.fc31.x86_64                        8/29 
  Verifying        : mariadb-connector-c-3.1.7-1.fc31.x86_64               9/29 
  Verifying        : mariadb-connector-c-config-3.1.7-1.fc31.noarch       10/29 
  Verifying        : openssh-8.1p1-1.fc31.x86_64                          11/29 
  Verifying        : openssh-server-8.1p1-1.fc31.x86_64                   12/29 
  Verifying        : python3-bind-32:9.11.14-2.fc31.noarch                13/29 
  Verifying        : python3-setuptools-41.6.0-1.fc31.noarch              14/29 
  Verifying        : rsyslog-8.2001.0-1.fc31.x86_64                       15/29 
  Verifying        : cronie-1.5.4-2.fc31.x86_64                           16/29 
  Verifying        : cronie-anacron-1.5.4-2.fc31.x86_64                   17/29 
  Verifying        : crontabs-1.11-21.20190603git.fc31.noarch             18/29 
  Verifying        : fipscheck-1.5.0-7.fc31.x86_64                        19/29 
  Verifying        : fipscheck-lib-1.5.0-7.fc31.x86_64                    20/29 
  Verifying        : libestr-0.1.9-13.fc31.x86_64                         21/29 
  Verifying        : libfastjson-0.99.8-5.fc31.x86_64                     22/29 
  Verifying        : libmaxminddb-1.2.0-8.fc31.x86_64                     23/29 
  Verifying        : logrotate-3.15.1-1.fc31.x86_64                       24/29 
  Verifying        : protobuf-c-1.3.1-3.fc31.x86_64                       25/29 
  Verifying        : pwgen-2.08-3.fc31.x86_64                             26/29 
  Verifying        : python3-meld3-1.0.2-11.fc31.noarch                   27/29 
  Verifying        : python3-ply-3.11-3.fc31.noarch                       28/29 
  Verifying        : supervisor-4.0.2-2.fc31.noarch                       29/29 

Installed:
  bind-32:9.11.14-2.fc31.x86_64                                                 
  bind-dnssec-utils-32:9.11.14-2.fc31.x86_64                                    
  bind-libs-32:9.11.14-2.fc31.x86_64                                            
  bind-libs-lite-32:9.11.14-2.fc31.x86_64                                       
  bind-license-32:9.11.14-2.fc31.noarch                                         
  bind-utils-32:9.11.14-2.fc31.x86_64                                           
  cronie-1.5.4-2.fc31.x86_64                                                    
  cronie-anacron-1.5.4-2.fc31.x86_64                                            
  crontabs-1.11-21.20190603git.fc31.noarch                                      
  fipscheck-1.5.0-7.fc31.x86_64                                                 
  fipscheck-lib-1.5.0-7.fc31.x86_64                                             
  fstrm-0.5.0-1.fc31.x86_64                                                     
  libestr-0.1.9-13.fc31.x86_64                                                  
  libfastjson-0.99.8-5.fc31.x86_64                                              
  libmaxminddb-1.2.0-8.fc31.x86_64                                              
  lmdb-libs-0.9.24-1.fc31.x86_64                                                
  logrotate-3.15.1-1.fc31.x86_64                                                
  mariadb-connector-c-3.1.7-1.fc31.x86_64                                       
  mariadb-connector-c-config-3.1.7-1.fc31.noarch                                
  openssh-8.1p1-1.fc31.x86_64                                                   
  openssh-server-8.1p1-1.fc31.x86_64                                            
  protobuf-c-1.3.1-3.fc31.x86_64                                                
  pwgen-2.08-3.fc31.x86_64                                                      
  python3-bind-32:9.11.14-2.fc31.noarch                                         
  python3-meld3-1.0.2-11.fc31.noarch                                            
  python3-ply-3.11-3.fc31.noarch                                                
  python3-setuptools-41.6.0-1.fc31.noarch                                       
  rsyslog-8.2001.0-1.fc31.x86_64                                                
  supervisor-4.0.2-2.fc31.noarch                                                

Complete!
33 files removed
Removing intermediate container b87d839589ac
 ---> c7decd07f1a6
Step 5/32 : RUN rndc-confgen -a -c /etc/rndc.key
 ---> Running in c42d1610350a
[91mwrote key file "/etc/rndc.key"
[0mRemoving intermediate container c42d1610350a
 ---> 12f714b65252
Step 6/32 : RUN chown named:named /etc/rndc.key
 ---> Running in d042cc86ccc0
Removing intermediate container d042cc86ccc0
 ---> 9c4e67d88c47
Step 7/32 : ADD ./cfg_files/rsyslogd.d/20-bind.conf /etc/rsyslogd.d/20-bind.conf
ADD failed: stat /var/lib/docker/tmp/docker-builder965274838/cfg_files/rsyslogd.d/20-bind.conf: no such file or directory
