Sending build context to Docker daemon  2.048kB
Step 1/7 : FROM centurylink/ca-certs
latest: Pulling from centurylink/ca-certs
Image docker.io/centurylink/ca-certs:latest uses outdated schema1 manifest format. Please upgrade to a schema2 image for better future compatibility. More information at https://docs.docker.com/registry/spec/deprecated-schema-v1/
a3ed95caeb02: Pulling fs layer
802d894958a2: Pulling fs layer
a3ed95caeb02: Verifying Checksum
a3ed95caeb02: Download complete
802d894958a2: Verifying Checksum
802d894958a2: Download complete
a3ed95caeb02: Pull complete
802d894958a2: Pull complete
Digest: sha256:d37879efd66f3df9a73168dcffc21a72cdf47ec74c8e122cd8c9fb9b494dfafd
Status: Downloaded newer image for centurylink/ca-certs:latest
 ---> ec29b98d130f
Step 2/7 : EXPOSE 8000
 ---> Running in c47c7ffa6923
Removing intermediate container c47c7ffa6923
 ---> 8b90eec23271
Step 3/7 : ENV DATABASE_DRIVER=sqlite3
 ---> Running in 86e58265c64e
Removing intermediate container 86e58265c64e
 ---> fc8d9f4609b5
Step 4/7 : ENV DATABASE_DATASOURCE=/var/lib/lgtm/lgtm.sqlite
 ---> Running in bd10020636be
Removing intermediate container bd10020636be
 ---> 242b430c974a
Step 5/7 : ENV GODEBUG=netdns=go
 ---> Running in 83121bfd56b9
Removing intermediate container 83121bfd56b9
 ---> 2fab959fc1ac
Step 6/7 : ADD lgtm /lgtm
ADD failed: stat /var/lib/docker/tmp/docker-builder397756943/lgtm: no such file or directory
