Sending build context to Docker daemon  2.048kB
Step 1/7 : FROM openjdk:8u171-jre-alpine
8u171-jre-alpine: Pulling from library/openjdk
4fe2ade4980c: Pulling fs layer
6fc58a8d4ae4: Pulling fs layer
d3e6d7e9702a: Pulling fs layer
6fc58a8d4ae4: Verifying Checksum
6fc58a8d4ae4: Download complete
4fe2ade4980c: Verifying Checksum
4fe2ade4980c: Download complete
4fe2ade4980c: Pull complete
6fc58a8d4ae4: Pull complete
d3e6d7e9702a: Download complete
d3e6d7e9702a: Pull complete
Digest: sha256:e3168174d367db9928bb70e33b4750457092e61815d577e368f53efb29fea48b
Status: Downloaded newer image for openjdk:8u171-jre-alpine
 ---> 0fe3f0d1ee48
Step 2/7 : MAINTAINER Clement Escoffier <clement@apache.org>
 ---> Running in 44d9f76e4761
Removing intermediate container 44d9f76e4761
 ---> 2dd8ea203f54
Step 3/7 : COPY ./ /usr/local/
 ---> aac19714cf06
Step 4/7 : RUN apk add --update bash && rm -rf /var/cache/apk/*
 ---> Running in c9773b941127
fetch http://dl-cdn.alpinelinux.org/alpine/v3.8/main/x86_64/APKINDEX.tar.gz
fetch http://dl-cdn.alpinelinux.org/alpine/v3.8/community/x86_64/APKINDEX.tar.gz
(1/5) Installing ncurses-terminfo-base (6.1_p20180818-r1)
(2/5) Installing ncurses-terminfo (6.1_p20180818-r1)
(3/5) Installing ncurses-libs (6.1_p20180818-r1)
(4/5) Installing readline (7.0.003-r0)
(5/5) Installing bash (4.4.19-r1)
Executing bash-4.4.19-r1.post-install
Executing busybox-1.28.4-r1.trigger
OK: 90 MiB in 57 packages
Removing intermediate container c9773b941127
 ---> 4b18b94c3ae1
Step 5/7 : RUN chmod +x /usr/local/vertx/bin/vertx
 ---> Running in f680b7f4f237
[91mchmod: /usr/local/vertx/bin/vertx: No such file or directory
[0mThe command '/bin/sh -c chmod +x /usr/local/vertx/bin/vertx' returned a non-zero code: 1
