Sending build context to Docker daemon  2.048kB
Step 1/12 : FROM fedora:20
20: Pulling from library/fedora
4abd98c7489c: Pulling fs layer
4abd98c7489c: Verifying Checksum
4abd98c7489c: Download complete
4abd98c7489c: Pull complete
Digest: sha256:5d5a02b873d298da9bca4b84440c5cd698b0832560c850d92cf389cef58bc549
Status: Downloaded newer image for fedora:20
 ---> ba74bddb630e
Step 2/12 : MAINTAINER http://fedoraproject.org/wiki/Cloud
 ---> Running in 62236a9bd2f4
Removing intermediate container 62236a9bd2f4
 ---> 42987faecbb5
Step 3/12 : RUN yum -y update && yum clean all
 ---> Running in f7278641e7e8
No packages marked for update
Cleaning repos: fedora updates
Cleaning up everything
Removing intermediate container f7278641e7e8
 ---> 5c1017a204b2
Step 4/12 : RUN yum -y install community-mysql-server community-mysql pwgen supervisor bash-completion psmisc net-tools && yum clean all
 ---> Running in ef8cc60c1838
Resolving Dependencies
--> Running transaction check
---> Package bash-completion.noarch 1:2.1-3.fc20 will be installed
---> Package community-mysql.x86_64 0:5.5.43-1.fc20 will be installed
--> Processing Dependency: community-mysql-common(x86-64) = 5.5.43-1.fc20 for package: community-mysql-5.5.43-1.fc20.x86_64
--> Processing Dependency: perl(Sys::Hostname) for package: community-mysql-5.5.43-1.fc20.x86_64
--> Processing Dependency: perl(IPC::Open3) for package: community-mysql-5.5.43-1.fc20.x86_64
--> Processing Dependency: perl(Getopt::Long) for package: community-mysql-5.5.43-1.fc20.x86_64
--> Processing Dependency: perl(File::Temp) for package: community-mysql-5.5.43-1.fc20.x86_64
--> Processing Dependency: perl(Fcntl) for package: community-mysql-5.5.43-1.fc20.x86_64
--> Processing Dependency: perl(Exporter) for package: community-mysql-5.5.43-1.fc20.x86_64
--> Processing Dependency: /usr/bin/perl for package: community-mysql-5.5.43-1.fc20.x86_64
---> Package community-mysql-server.x86_64 0:5.5.43-1.fc20 will be installed
--> Processing Dependency: perl-DBI for package: community-mysql-server-5.5.43-1.fc20.x86_64
--> Processing Dependency: perl-DBD-MySQL for package: community-mysql-server-5.5.43-1.fc20.x86_64
--> Processing Dependency: perl(File::Path) for package: community-mysql-server-5.5.43-1.fc20.x86_64
--> Processing Dependency: perl(Data::Dumper) for package: community-mysql-server-5.5.43-1.fc20.x86_64
--> Processing Dependency: perl(DBI) for package: community-mysql-server-5.5.43-1.fc20.x86_64
--> Processing Dependency: libaio.so.1(LIBAIO_0.4)(64bit) for package: community-mysql-server-5.5.43-1.fc20.x86_64
--> Processing Dependency: libaio.so.1(LIBAIO_0.1)(64bit) for package: community-mysql-server-5.5.43-1.fc20.x86_64
--> Processing Dependency: libaio.so.1()(64bit) for package: community-mysql-server-5.5.43-1.fc20.x86_64
---> Package net-tools.x86_64 0:2.0-0.15.20131119git.fc20 will be installed
---> Package psmisc.x86_64 0:22.20-3.fc20 will be installed
---> Package pwgen.x86_64 0:2.07-1.fc20 will be installed
---> Package supervisor.noarch 0:3.0-1.fc20 will be installed
--> Processing Dependency: python-meld3 >= 0.6.5 for package: supervisor-3.0-1.fc20.noarch
--> Processing Dependency: python-setuptools for package: supervisor-3.0-1.fc20.noarch
--> Running transaction check
---> Package community-mysql-common.x86_64 0:5.5.43-1.fc20 will be installed
--> Processing Dependency: /etc/my.cnf for package: community-mysql-common-5.5.43-1.fc20.x86_64
---> Package libaio.x86_64 0:0.3.109-8.fc20 will be installed
---> Package perl.x86_64 4:5.18.4-293.fc20 will be installed
--> Processing Dependency: perl-libs = 4:5.18.4-293.fc20 for package: 4:perl-5.18.4-293.fc20.x86_64
--> Processing Dependency: perl(Socket) >= 1.3 for package: 4:perl-5.18.4-293.fc20.x86_64
--> Processing Dependency: perl(Scalar::Util) >= 1.10 for package: 4:perl-5.18.4-293.fc20.x86_64
--> Processing Dependency: perl-macros for package: 4:perl-5.18.4-293.fc20.x86_64
--> Processing Dependency: perl-libs for package: 4:perl-5.18.4-293.fc20.x86_64
--> Processing Dependency: perl(threads::shared) for package: 4:perl-5.18.4-293.fc20.x86_64
--> Processing Dependency: perl(threads) for package: 4:perl-5.18.4-293.fc20.x86_64
--> Processing Dependency: perl(constant) for package: 4:perl-5.18.4-293.fc20.x86_64
--> Processing Dependency: perl(Time::Local) for package: 4:perl-5.18.4-293.fc20.x86_64
--> Processing Dependency: perl(Time::HiRes) for package: 4:perl-5.18.4-293.fc20.x86_64
--> Processing Dependency: perl(Storable) for package: 4:perl-5.18.4-293.fc20.x86_64
--> Processing Dependency: perl(Socket) for package: 4:perl-5.18.4-293.fc20.x86_64
--> Processing Dependency: perl(Scalar::Util) for package: 4:perl-5.18.4-293.fc20.x86_64
--> Processing Dependency: perl(Pod::Simple::XHTML) for package: 4:perl-5.18.4-293.fc20.x86_64
--> Processing Dependency: perl(Pod::Simple::Search) for package: 4:perl-5.18.4-293.fc20.x86_64
--> Processing Dependency: perl(Module::CoreList) for package: 4:perl-5.18.4-293.fc20.x86_64
--> Processing Dependency: perl(Filter::Util::Call) for package: 4:perl-5.18.4-293.fc20.x86_64
--> Processing Dependency: perl(File::Spec::Unix) for package: 4:perl-5.18.4-293.fc20.x86_64
--> Processing Dependency: perl(File::Spec::Functions) for package: 4:perl-5.18.4-293.fc20.x86_64
--> Processing Dependency: perl(File::Spec) for package: 4:perl-5.18.4-293.fc20.x86_64
--> Processing Dependency: perl(Cwd) for package: 4:perl-5.18.4-293.fc20.x86_64
--> Processing Dependency: perl(Carp) for package: 4:perl-5.18.4-293.fc20.x86_64
--> Processing Dependency: libperl.so.5.18()(64bit) for package: 4:perl-5.18.4-293.fc20.x86_64
---> Package perl-DBD-MySQL.x86_64 0:4.024-1.fc20 will be installed
---> Package perl-DBI.x86_64 0:1.630-3.fc20 will be installed
--> Processing Dependency: perl(RPC::PlServer) >= 0.2001 for package: perl-DBI-1.630-3.fc20.x86_64
--> Processing Dependency: perl(RPC::PlClient) >= 0.2000 for package: perl-DBI-1.630-3.fc20.x86_64
--> Processing Dependency: perl(Coro::Select) for package: perl-DBI-1.630-3.fc20.x86_64
--> Processing Dependency: perl(Coro::Handle) for package: perl-DBI-1.630-3.fc20.x86_64
--> Processing Dependency: perl(Coro) for package: perl-DBI-1.630-3.fc20.x86_64
---> Package perl-Data-Dumper.x86_64 0:2.154-1.fc20 will be installed
---> Package perl-Exporter.noarch 0:5.70-1.fc20 will be installed
---> Package perl-File-Path.noarch 0:2.09-292.fc20 will be installed
---> Package perl-File-Temp.noarch 0:0.23.01-4.fc20 will be installed
---> Package perl-Getopt-Long.noarch 0:2.45-1.fc20 will be installed
--> Processing Dependency: perl(Pod::Usage) >= 1.14 for package: perl-Getopt-Long-2.45-1.fc20.noarch
--> Processing Dependency: perl(Text::ParseWords) for package: perl-Getopt-Long-2.45-1.fc20.noarch
---> Package python-meld3.x86_64 0:0.6.7-8.fc20 will be installed
---> Package python-setuptools.noarch 0:1.4.2-1.fc20 will be installed
--> Processing Dependency: python-backports-ssl_match_hostname for package: python-setuptools-1.4.2-1.fc20.noarch
--> Running transaction check
---> Package mariadb-libs.x86_64 1:5.5.43-1.fc20 will be installed
---> Package perl-Carp.noarch 0:1.26-245.fc20 will be installed
---> Package perl-Coro.x86_64 0:6.39-1.fc20 will be installed
--> Processing Dependency: perl(IO::AIO) >= 3.1 for package: perl-Coro-6.39-1.fc20.x86_64
--> Processing Dependency: perl(Guard) >= 0.5 for package: perl-Coro-6.39-1.fc20.x86_64
--> Processing Dependency: perl(Event) >= 1.08 for package: perl-Coro-6.39-1.fc20.x86_64
--> Processing Dependency: perl(EV) >= 4 for package: perl-Coro-6.39-1.fc20.x86_64
--> Processing Dependency: perl(AnyEvent::BDB) >= 1 for package: perl-Coro-6.39-1.fc20.x86_64
--> Processing Dependency: perl(AnyEvent::AIO) >= 1 for package: perl-Coro-6.39-1.fc20.x86_64
--> Processing Dependency: perl(AnyEvent) >= 7 for package: perl-Coro-6.39-1.fc20.x86_64
--> Processing Dependency: perl(common::sense) for package: perl-Coro-6.39-1.fc20.x86_64
--> Processing Dependency: perl(Net::HTTP) for package: perl-Coro-6.39-1.fc20.x86_64
--> Processing Dependency: perl(BDB) for package: perl-Coro-6.39-1.fc20.x86_64
--> Processing Dependency: perl(AnyEvent::Util) for package: perl-Coro-6.39-1.fc20.x86_64
--> Processing Dependency: perl(AnyEvent::Socket) for package: perl-Coro-6.39-1.fc20.x86_64
--> Processing Dependency: perl(AnyEvent::DNS) for package: perl-Coro-6.39-1.fc20.x86_64
---> Package perl-Filter.x86_64 1:1.54-1.fc20 will be installed
---> Package perl-Module-CoreList.noarch 1:3.13-293.fc20 will be installed
--> Processing Dependency: perl(version) for package: 1:perl-Module-CoreList-3.13-293.fc20.noarch
---> Package perl-PathTools.x86_64 0:3.40-291.fc20 will be installed
---> Package perl-PlRPC.noarch 0:0.2020-15.fc20 will be installed
--> Processing Dependency: perl(Net::Daemon) >= 0.13 for package: perl-PlRPC-0.2020-15.fc20.noarch
--> Processing Dependency: perl(Net::Daemon::Test) for package: perl-PlRPC-0.2020-15.fc20.noarch
--> Processing Dependency: perl(Net::Daemon::Log) for package: perl-PlRPC-0.2020-15.fc20.noarch
--> Processing Dependency: perl(Compress::Zlib) for package: perl-PlRPC-0.2020-15.fc20.noarch
---> Package perl-Pod-Simple.noarch 1:3.29-1.fc20 will be installed
--> Processing Dependency: perl(Pod::Escapes) >= 1.04 for package: 1:perl-Pod-Simple-3.29-1.fc20.noarch
--> Processing Dependency: perl(Encode) for package: 1:perl-Pod-Simple-3.29-1.fc20.noarch
---> Package perl-Pod-Usage.noarch 4:1.66-1.fc20 will be installed
--> Processing Dependency: perl(Pod::Text) >= 3.15 for package: 4:perl-Pod-Usage-1.66-1.fc20.noarch
--> Processing Dependency: perl-Pod-Perldoc for package: 4:perl-Pod-Usage-1.66-1.fc20.noarch
---> Package perl-Scalar-List-Utils.x86_64 0:1.31-293.fc20 will be installed
---> Package perl-Socket.x86_64 1:2.019-1.fc20 will be installed
---> Package perl-Storable.x86_64 0:2.51-1.fc20 will be installed
---> Package perl-Text-ParseWords.noarch 0:3.30-1.fc20 will be installed
---> Package perl-Time-HiRes.x86_64 0:1.9726-1.fc20 will be installed
---> Package perl-Time-Local.noarch 0:1.2300-291.fc20 will be installed
---> Package perl-constant.noarch 0:1.27-292.fc20 will be installed
---> Package perl-libs.x86_64 4:5.18.4-293.fc20 will be installed
---> Package perl-macros.x86_64 4:5.18.4-293.fc20 will be installed
---> Package perl-threads.x86_64 1:1.92-1.fc20 will be installed
---> Package perl-threads-shared.x86_64 0:1.46-1.fc20 will be installed
---> Package python-backports-ssl_match_hostname.noarch 0:3.4.0.2-4.fc20 will be installed
--> Processing Dependency: python-backports for package: python-backports-ssl_match_hostname-3.4.0.2-4.fc20.noarch
--> Running transaction check
---> Package perl-AnyEvent.x86_64 0:7.05-1.fc20 will be installed
--> Processing Dependency: perl(Task::Weaken) for package: perl-AnyEvent-7.05-1.fc20.x86_64
--> Processing Dependency: perl(Net::SSLeay) for package: perl-AnyEvent-7.05-1.fc20.x86_64
---> Package perl-AnyEvent-AIO.noarch 0:1.1-13.fc20 will be installed
---> Package perl-AnyEvent-BDB.noarch 0:1.1-13.fc20 will be installed
---> Package perl-BDB.x86_64 0:1.90-6.fc20 will be installed
---> Package perl-EV.x86_64 0:4.11-4.fc20 will be installed
---> Package perl-Encode.x86_64 1:2.54-4.fc20 will be installed
---> Package perl-Event.x86_64 0:1.21-4.fc20 will be installed
---> Package perl-Guard.x86_64 0:1.022-6.fc20 will be installed
---> Package perl-IO-AIO.x86_64 0:4.15-6.fc20 will be installed
---> Package perl-IO-Compress.noarch 0:2.062-2.fc20 will be installed
--> Processing Dependency: perl(Compress::Raw::Zlib) >= 2.062 for package: perl-IO-Compress-2.062-2.fc20.noarch
--> Processing Dependency: perl(Compress::Raw::Bzip2) >= 2.062 for package: perl-IO-Compress-2.062-2.fc20.noarch
---> Package perl-Net-Daemon.noarch 0:0.48-7.fc20 will be installed
---> Package perl-Net-HTTP.noarch 0:6.06-4.fc20 will be installed
--> Processing Dependency: perl(IO::Socket::SSL) >= 1.38 for package: perl-Net-HTTP-6.06-4.fc20.noarch
---> Package perl-Pod-Escapes.noarch 1:1.04-293.fc20 will be installed
---> Package perl-Pod-Perldoc.noarch 0:3.20-7.fc20 will be installed
--> Processing Dependency: perl(parent) for package: perl-Pod-Perldoc-3.20-7.fc20.noarch
--> Processing Dependency: perl(HTTP::Tiny) for package: perl-Pod-Perldoc-3.20-7.fc20.noarch
---> Package perl-common-sense.noarch 0:3.6-6.fc20 will be installed
---> Package perl-podlators.noarch 0:2.5.1-291.fc20 will be installed
---> Package perl-version.x86_64 3:0.99.07-1.fc20 will be installed
---> Package python-backports.x86_64 0:1.0-3.fc20 will be installed
--> Running transaction check
---> Package perl-Compress-Raw-Bzip2.x86_64 0:2.062-2.fc20 will be installed
---> Package perl-Compress-Raw-Zlib.x86_64 0:2.062-2.fc20 will be installed
---> Package perl-HTTP-Tiny.noarch 0:0.034-4.fc20 will be installed
---> Package perl-IO-Socket-SSL.noarch 0:1.955-2.fc20 will be installed
--> Processing Dependency: perl(IO::Socket::IP) >= 0.20 for package: perl-IO-Socket-SSL-1.955-2.fc20.noarch
--> Processing Dependency: openssl >= 0.9.8 for package: perl-IO-Socket-SSL-1.955-2.fc20.noarch
--> Processing Dependency: perl(Net::LibIDN) for package: perl-IO-Socket-SSL-1.955-2.fc20.noarch
---> Package perl-Net-SSLeay.x86_64 0:1.55-4.fc20 will be installed
---> Package perl-Task-Weaken.noarch 0:1.04-8.fc20 will be installed
---> Package perl-parent.noarch 1:0.228-1.fc20 will be installed
--> Running transaction check
---> Package openssl.x86_64 1:1.0.1e-42.fc20 will be installed
--> Processing Dependency: openssl-libs(x86-64) = 1:1.0.1e-42.fc20 for package: 1:openssl-1.0.1e-42.fc20.x86_64
--> Processing Dependency: make for package: 1:openssl-1.0.1e-42.fc20.x86_64
---> Package perl-IO-Socket-IP.noarch 0:0.30-2.fc20 will be installed
---> Package perl-Net-LibIDN.x86_64 0:0.12-16.fc20 will be installed
--> Running transaction check
---> Package make.x86_64 1:3.82-19.fc20 will be installed
---> Package openssl.x86_64 1:1.0.1e-42.fc20 will be installed
--> Processing Dependency: openssl-libs(x86-64) = 1:1.0.1e-42.fc20 for package: 1:openssl-1.0.1e-42.fc20.x86_64
--> Finished Dependency Resolution
[91mError: Package: 1:openssl-1.0.1e-42.fc20.x86_64 (updates)
           Requires: openssl-libs(x86-64) = 1:1.0.1e-42.fc20
           Installed: 1:openssl-libs-1.0.1e-45.fc20.x86_64 (@fedora-updates-testing/$releasever)
               openssl-libs(x86-64) = 1:1.0.1e-45.fc20
           Available: 1:openssl-libs-1.0.1e-30.fc20.x86_64 (fedora)
               openssl-libs(x86-64) = 1:1.0.1e-30.fc20
           Available: 1:openssl-libs-1.0.1e-42.fc20.x86_64 (updates)
               openssl-libs(x86-64) = 1:1.0.1e-42.fc20
[0m You could try using --skip-broken to work around the problem
 You could try running: rpm -Va --nofiles --nodigest
The command '/bin/sh -c yum -y install community-mysql-server community-mysql pwgen supervisor bash-completion psmisc net-tools && yum clean all' returned a non-zero code: 1
