Sending build context to Docker daemon   2.56kB
Step 1/15 : FROM fedora:rawhide
rawhide: Pulling from library/fedora
a19bc3adca7a: Pulling fs layer
a19bc3adca7a: Verifying Checksum
a19bc3adca7a: Download complete
a19bc3adca7a: Pull complete
Digest: sha256:42e73b6de8615fe67780b2bea86b6ef5177981b9a0f40e86e0e37cf317dd6b77
Status: Downloaded newer image for fedora:rawhide
 ---> 1910ec046b4b
Step 2/15 : MAINTAINER http://fedoraproject.org/wiki/Cloud
 ---> Running in 47338eba74f5
Removing intermediate container 47338eba74f5
 ---> 9f948ad8d4e8
Step 3/15 : RUN yum -y update && yum clean all
 ---> Running in 9350b4e1575d
Fedora - Modular Rawhide - Developmental packag 3.0 MB/s | 3.0 MB     00:00    
Fedora - Rawhide - Developmental packages for t  20 MB/s |  72 MB     00:03    
Dependencies resolved.
======================================================================================
 Package                       Arch    Version                          Repo      Size
======================================================================================
Upgrading:
 audit-libs                    x86_64  3.0-0.19.20191104git1c2f876.fc33 rawhide  115 k
 coreutils                     x86_64  8.32-3.fc33                      rawhide  1.2 M
 coreutils-common              x86_64  8.32-3.fc33                      rawhide  2.0 M
 crypto-policies               noarch  20200312-1.git3ae59d2.fc33       rawhide   56 k
 cryptsetup-libs               x86_64  2.3.1-1.fc33                     rawhide  454 k
 curl                          x86_64  7.69.0-2.fc33                    rawhide  291 k
 cyrus-sasl-lib                x86_64  2.1.27-4.fc33                    rawhide  101 k
 dbus                          x86_64  1:1.12.16-5.fc33                 rawhide   10 k
 dbus-broker                   x86_64  22-1.fc33                        rawhide  176 k
 dbus-common                   noarch  1:1.12.16-5.fc33                 rawhide   17 k
 device-mapper                 x86_64  1.02.171-1.fc33                  rawhide  143 k
 device-mapper-libs            x86_64  1.02.171-1.fc33                  rawhide  179 k
 dnf                           noarch  4.2.21-1.fc33                    rawhide  418 k
 dnf-data                      noarch  4.2.21-1.fc33                    rawhide   50 k
 elfutils-default-yama-scope   noarch  0.179-1.fc33                     rawhide   18 k
 elfutils-libelf               x86_64  0.179-1.fc33                     rawhide  191 k
 elfutils-libs                 x86_64  0.179-1.fc33                     rawhide  267 k
 fedora-gpg-keys               noarch  33-0.3                           rawhide  103 k
 fedora-release-common         noarch  33-0.3                           rawhide   20 k
 fedora-release-container      noarch  33-0.3                           rawhide   13 k
 fedora-repos                  noarch  33-0.3                           rawhide  9.9 k
 fedora-repos-rawhide          noarch  33-0.3                           rawhide  9.1 k
 file-libs                     x86_64  5.38-3.fc33                      rawhide  568 k
 glib2                         x86_64  2.64.1-1.fc33                    rawhide  2.7 M
 glibc                         x86_64  2.31.9000-6.fc33                 rawhide  3.5 M
 glibc-common                  x86_64  2.31.9000-6.fc33                 rawhide  1.8 M
 glibc-minimal-langpack        x86_64  2.31.9000-6.fc33                 rawhide   72 k
 gnutls                        x86_64  3.6.13-1.fc33                    rawhide  984 k
 grep                          x86_64  3.4-1.fc33                       rawhide  258 k
 json-c                        x86_64  0.13.1-9.fc33                    rawhide   37 k
 kmod-libs                     x86_64  27-2.fc33                        rawhide   64 k
 krb5-libs                     x86_64  1.18-11.fc33                     rawhide  756 k
 libblkid                      x86_64  2.35.1-7.fc33                    rawhide  153 k
 libcom_err                    x86_64  1.45.6-2.fc33                    rawhide   28 k
 libcomps                      x86_64  0.1.15-1.fc33                    rawhide   80 k
 libcurl                       x86_64  7.69.0-2.fc33                    rawhide  271 k
 libdnf                        x86_64  0.47.0-1.fc33                    rawhide  642 k
 libfdisk                      x86_64  2.35.1-7.fc33                    rawhide  204 k
 libgcc                        x86_64  10.0.1-0.11.fc33                 rawhide   87 k
 libgomp                       x86_64  10.0.1-0.11.fc33                 rawhide  246 k
 libgpg-error                  x86_64  1.37-1.fc33                      rawhide  205 k
 libmount                      x86_64  2.35.1-7.fc33                    rawhide  178 k
 libpcap                       x86_64  14:1.9.1-3.fc33                  rawhide  172 k
 librepo                       x86_64  1.11.3-1.fc33                    rawhide   97 k
 libreport-filesystem          noarch  2.12.0-3.fc33                    rawhide   12 k
 libselinux                    x86_64  3.0-4.fc33                       rawhide   85 k
 libsmartcols                  x86_64  2.35.1-7.fc33                    rawhide  120 k
 libsss_idmap                  x86_64  2.2.3-14.fc33                    rawhide   47 k
 libsss_nss_idmap              x86_64  2.2.3-14.fc33                    rawhide   54 k
 libstdc++                     x86_64  10.0.1-0.11.fc33                 rawhide  613 k
 libusbx                       x86_64  1.0.23-1.fc33                    rawhide   72 k
 libuuid                       x86_64  2.35.1-7.fc33                    rawhide   28 k
 libxcrypt                     x86_64  4.4.15-2.fc33                    rawhide  126 k
 ncurses                       x86_64  6.2-1.20200222.fc33              rawhide  394 k
 ncurses-base                  noarch  6.2-1.20200222.fc33              rawhide   59 k
 ncurses-libs                  x86_64  6.2-1.20200222.fc33              rawhide  327 k
 openssl                       x86_64  1:1.1.1e-2.fc33                  rawhide  666 k
 openssl-libs                  x86_64  1:1.1.1e-2.fc33                  rawhide  1.4 M
 pam                           x86_64  1.3.1-24.fc33                    rawhide  666 k
 pcre2                         x86_64  10.34-9.fc33                     rawhide  231 k
 python-pip-wheel              noarch  20.0.2-2.fc33                    rawhide  1.2 M
 python-setuptools-wheel       noarch  46.1.3-1.fc33                    rawhide  293 k
 python3                       x86_64  3.8.2-2.fc33                     rawhide   30 k
 python3-dnf                   noarch  4.2.21-1.fc33                    rawhide  409 k
 python3-hawkey                x86_64  0.47.0-1.fc33                    rawhide  114 k
 python3-libcomps              x86_64  0.1.15-1.fc33                    rawhide   50 k
 python3-libdnf                x86_64  0.47.0-1.fc33                    rawhide  780 k
 python3-libs                  x86_64  3.8.2-2.fc33                     rawhide  7.4 M
 python3-rpm                   x86_64  4.15.90-0.git14971.3.fc33        rawhide   98 k
 rpm                           x86_64  4.15.90-0.git14971.3.fc33        rawhide  501 k
 rpm-build-libs                x86_64  4.15.90-0.git14971.3.fc33        rawhide   99 k
 rpm-libs                      x86_64  4.15.90-0.git14971.3.fc33        rawhide  331 k
 rpm-sign-libs                 x86_64  4.15.90-0.git14971.3.fc33        rawhide   27 k
 shadow-utils                  x86_64  2:4.8.1-2.fc33                   rawhide  1.2 M
 sssd-client                   x86_64  2.2.3-14.fc33                    rawhide  111 k
 sudo                          x86_64  1.9.0-0.1.b4.fc33                rawhide  1.0 M
 systemd                       x86_64  245.4-1.fc33                     rawhide  4.2 M
 systemd-libs                  x86_64  245.4-1.fc33                     rawhide  557 k
 systemd-pam                   x86_64  245.4-1.fc33                     rawhide  298 k
 systemd-rpm-macros            noarch  245.4-1.fc33                     rawhide   25 k
 util-linux                    x86_64  2.35.1-7.fc33                    rawhide  2.7 M
 vim-minimal                   x86_64  2:8.2.480-1.fc33                 rawhide  660 k
 xz-libs                       x86_64  5.2.5-1.fc33                     rawhide   90 k
 yum                           noarch  4.2.21-1.fc33                    rawhide   47 k
Installing dependencies:
 dbus-libs                     x86_64  1:1.12.16-5.fc33                 rawhide  163 k
 libevent                      x86_64  2.1.8-8.fc32                     rawhide  254 k
 libmodulemd                   x86_64  2.9.2-4.fc33                     rawhide  199 k
 pcre2-syntax                  noarch  10.34-9.fc33                     rawhide  140 k
 trousers-lib                  x86_64  0.3.13-13.fc31                   rawhide  171 k
 unbound-libs                  x86_64  1.10.0-1.fc33                    rawhide  531 k
 whois-nls                     noarch  5.5.6-1.fc33                     rawhide   34 k
 xkeyboard-config              noarch  2.29-1.fc32                      rawhide  772 k
Installing weak dependencies:
 cracklib-dicts                x86_64  2.9.6-22.fc32                    rawhide  3.7 M
 crypto-policies-scripts       noarch  20200312-1.git3ae59d2.fc33       rawhide   56 k
 deltarpm                      x86_64  3.6.2-5.fc32                     rawhide   87 k
 diffutils                     x86_64  3.7-4.fc32                       rawhide  397 k
 elfutils-debuginfod-client    x86_64  0.179-1.fc33                     rawhide   34 k
 libxcrypt-compat              x86_64  4.4.15-2.fc33                    rawhide   99 k
 libxkbcommon                  x86_64  0.10.0-2.fc32                    rawhide  121 k
 mkpasswd                      x86_64  5.5.6-1.fc33                     rawhide   42 k
 openssl-pkcs11                x86_64  0.4.10-5.fc32                    rawhide   70 k
 python-unversioned-command    noarch  3.8.2-2.fc33                     rawhide   14 k
 python3-pip                   noarch  20.0.2-2.fc33                    rawhide  1.7 M
 python3-setuptools            noarch  46.1.3-1.fc33                    rawhide  594 k
 python3-unbound               x86_64  1.10.0-1.fc33                    rawhide  101 k
 rpm-plugin-systemd-inhibit    x86_64  4.15.90-0.git14971.3.fc33        rawhide   22 k
 shared-mime-info              x86_64  1.15-3.fc33                      rawhide  303 k
 trousers                      x86_64  0.3.13-13.fc31                   rawhide  150 k

Transaction Summary
======================================================================================
Install  24 Packages
Upgrade  84 Packages

Total download size: 55 M
Downloading Packages:
(1/108): dbus-libs-1.12.16-5.fc33.x86_64.rpm    1.0 MB/s | 163 kB     00:00    
(2/108): crypto-policies-scripts-20200312-1.git 335 kB/s |  56 kB     00:00    
(3/108): deltarpm-3.6.2-5.fc32.x86_64.rpm       2.0 MB/s |  87 kB     00:00    
(4/108): elfutils-debuginfod-client-0.179-1.fc3 871 kB/s |  34 kB     00:00    
(5/108): libevent-2.1.8-8.fc32.x86_64.rpm       2.5 MB/s | 254 kB     00:00    
(6/108): diffutils-3.7-4.fc32.x86_64.rpm        2.0 MB/s | 397 kB     00:00    
(7/108): libmodulemd-2.9.2-4.fc33.x86_64.rpm    3.2 MB/s | 199 kB     00:00    
(8/108): libxcrypt-compat-4.4.15-2.fc33.x86_64. 1.3 MB/s |  99 kB     00:00    
(9/108): libxkbcommon-0.10.0-2.fc32.x86_64.rpm  2.1 MB/s | 121 kB     00:00    
(10/108): mkpasswd-5.5.6-1.fc33.x86_64.rpm      1.1 MB/s |  42 kB     00:00    
(11/108): openssl-pkcs11-0.4.10-5.fc32.x86_64.r 2.3 MB/s |  70 kB     00:00    
(12/108): python-unversioned-command-3.8.2-2.fc 483 kB/s |  14 kB     00:00    
(13/108): pcre2-syntax-10.34-9.fc33.noarch.rpm  1.8 MB/s | 140 kB     00:00    
(14/108): python3-setuptools-46.1.3-1.fc33.noar 2.6 MB/s | 594 kB     00:00    
(15/108): python3-unbound-1.10.0-1.fc33.x86_64. 2.6 MB/s | 101 kB     00:00    
(16/108): rpm-plugin-systemd-inhibit-4.15.90-0. 593 kB/s |  22 kB     00:00    
(17/108): shared-mime-info-1.15-3.fc33.x86_64.r 2.0 MB/s | 303 kB     00:00    
(18/108): python3-pip-20.0.2-2.fc33.noarch.rpm  3.3 MB/s | 1.7 MB     00:00    
(19/108): trousers-0.3.13-13.fc31.x86_64.rpm    624 kB/s | 150 kB     00:00    
(20/108): trousers-lib-0.3.13-13.fc31.x86_64.rp 863 kB/s | 171 kB     00:00    
(21/108): cracklib-dicts-2.9.6-22.fc32.x86_64.r 2.6 MB/s | 3.7 MB     00:01    
(22/108): whois-nls-5.5.6-1.fc33.noarch.rpm     197 kB/s |  34 kB     00:00    
(23/108): audit-libs-3.0-0.19.20191104git1c2f87 587 kB/s | 115 kB     00:00    
(24/108): unbound-libs-1.10.0-1.fc33.x86_64.rpm 1.0 MB/s | 531 kB     00:00    
(25/108): xkeyboard-config-2.29-1.fc32.noarch.r 1.9 MB/s | 772 kB     00:00    
(26/108): crypto-policies-20200312-1.git3ae59d2 1.7 MB/s |  56 kB     00:00    
(27/108): coreutils-8.32-3.fc33.x86_64.rpm      3.6 MB/s | 1.2 MB     00:00    
(28/108): cryptsetup-libs-2.3.1-1.fc33.x86_64.r 3.3 MB/s | 454 kB     00:00    
(29/108): curl-7.69.0-2.fc33.x86_64.rpm         4.4 MB/s | 291 kB     00:00    
(30/108): cyrus-sasl-lib-2.1.27-4.fc33.x86_64.r 3.1 MB/s | 101 kB     00:00    
(31/108): dbus-1.12.16-5.fc33.x86_64.rpm        363 kB/s |  10 kB     00:00    
(32/108): dbus-common-1.12.16-5.fc33.noarch.rpm 596 kB/s |  17 kB     00:00    
(33/108): dbus-broker-22-1.fc33.x86_64.rpm      2.9 MB/s | 176 kB     00:00    
(34/108): device-mapper-1.02.171-1.fc33.x86_64. 4.7 MB/s | 143 kB     00:00    
(35/108): device-mapper-libs-1.02.171-1.fc33.x8 3.0 MB/s | 179 kB     00:00    
(36/108): dnf-data-4.2.21-1.fc33.noarch.rpm     1.6 MB/s |  50 kB     00:00    
(37/108): dnf-4.2.21-1.fc33.noarch.rpm          4.7 MB/s | 418 kB     00:00    
(38/108): elfutils-default-yama-scope-0.179-1.f 606 kB/s |  18 kB     00:00    
(39/108): elfutils-libelf-0.179-1.fc33.x86_64.r 3.2 MB/s | 191 kB     00:00    
(40/108): elfutils-libs-0.179-1.fc33.x86_64.rpm 4.4 MB/s | 267 kB     00:00    
(41/108): fedora-gpg-keys-33-0.3.noarch.rpm     3.4 MB/s | 103 kB     00:00    
(42/108): fedora-release-common-33-0.3.noarch.r 696 kB/s |  20 kB     00:00    
(43/108): fedora-release-container-33-0.3.noarc 438 kB/s |  13 kB     00:00    
(44/108): fedora-repos-33-0.3.noarch.rpm        336 kB/s | 9.9 kB     00:00    
(45/108): fedora-repos-rawhide-33-0.3.noarch.rp 316 kB/s | 9.1 kB     00:00    
(46/108): coreutils-common-8.32-3.fc33.x86_64.r 3.2 MB/s | 2.0 MB     00:00    
(47/108): file-libs-5.38-3.fc33.x86_64.rpm      4.7 MB/s | 568 kB     00:00    
(48/108): glibc-common-2.31.9000-6.fc33.x86_64. 6.1 MB/s | 1.8 MB     00:00    
(49/108): glib2-2.64.1-1.fc33.x86_64.rpm        6.5 MB/s | 2.7 MB     00:00    
(50/108): glibc-minimal-langpack-2.31.9000-6.fc 2.3 MB/s |  72 kB     00:00    
(51/108): grep-3.4-1.fc33.x86_64.rpm            4.3 MB/s | 258 kB     00:00    
(52/108): json-c-0.13.1-9.fc33.x86_64.rpm       1.2 MB/s |  37 kB     00:00    
(53/108): kmod-libs-27-2.fc33.x86_64.rpm        2.1 MB/s |  64 kB     00:00    
(54/108): gnutls-3.6.13-1.fc33.x86_64.rpm       6.6 MB/s | 984 kB     00:00    
(55/108): libblkid-2.35.1-7.fc33.x86_64.rpm     5.0 MB/s | 153 kB     00:00    
(56/108): libcom_err-1.45.6-2.fc33.x86_64.rpm   963 kB/s |  28 kB     00:00    
(57/108): libcomps-0.1.15-1.fc33.x86_64.rpm     2.6 MB/s |  80 kB     00:00    
(58/108): krb5-libs-1.18-11.fc33.x86_64.rpm     6.1 MB/s | 756 kB     00:00    
(59/108): libcurl-7.69.0-2.fc33.x86_64.rpm      4.6 MB/s | 271 kB     00:00    
(60/108): glibc-2.31.9000-6.fc33.x86_64.rpm     5.2 MB/s | 3.5 MB     00:00    
(61/108): libfdisk-2.35.1-7.fc33.x86_64.rpm     5.6 MB/s | 204 kB     00:00    
(62/108): libdnf-0.47.0-1.fc33.x86_64.rpm       6.0 MB/s | 642 kB     00:00    
(63/108): libgomp-10.0.1-0.11.fc33.x86_64.rpm   7.4 MB/s | 246 kB     00:00    
(64/108): libgcc-10.0.1-0.11.fc33.x86_64.rpm    2.2 MB/s |  87 kB     00:00    
(65/108): libgpg-error-1.37-1.fc33.x86_64.rpm   6.4 MB/s | 205 kB     00:00    
(66/108): libmount-2.35.1-7.fc33.x86_64.rpm     5.6 MB/s | 178 kB     00:00    
(67/108): libpcap-1.9.1-3.fc33.x86_64.rpm       4.4 MB/s | 172 kB     00:00    
(68/108): librepo-1.11.3-1.fc33.x86_64.rpm      3.1 MB/s |  97 kB     00:00    
(69/108): libreport-filesystem-2.12.0-3.fc33.no 399 kB/s |  12 kB     00:00    
(70/108): libselinux-3.0-4.fc33.x86_64.rpm      2.2 MB/s |  85 kB     00:00    
(71/108): libsss_idmap-2.2.3-14.fc33.x86_64.rpm 1.6 MB/s |  47 kB     00:00    
(72/108): libsmartcols-2.35.1-7.fc33.x86_64.rpm 3.7 MB/s | 120 kB     00:00    
(73/108): libsss_nss_idmap-2.2.3-14.fc33.x86_64 1.4 MB/s |  54 kB     00:00    
(74/108): libusbx-1.0.23-1.fc33.x86_64.rpm      2.4 MB/s |  72 kB     00:00    
(75/108): libxcrypt-4.4.15-2.fc33.x86_64.rpm    4.0 MB/s | 126 kB     00:00    
(76/108): libuuid-2.35.1-7.fc33.x86_64.rpm      757 kB/s |  28 kB     00:00    
(77/108): libstdc++-10.0.1-0.11.fc33.x86_64.rpm 6.8 MB/s | 613 kB     00:00    
(78/108): ncurses-base-6.2-1.20200222.fc33.noar 1.5 MB/s |  59 kB     00:00    
(79/108): ncurses-6.2-1.20200222.fc33.x86_64.rp 6.3 MB/s | 394 kB     00:00    
(80/108): ncurses-libs-6.2-1.20200222.fc33.x86_ 5.4 MB/s | 327 kB     00:00    
(81/108): openssl-1.1.1e-2.fc33.x86_64.rpm      5.7 MB/s | 666 kB     00:00    
(82/108): pam-1.3.1-24.fc33.x86_64.rpm          7.3 MB/s | 666 kB     00:00    
(83/108): pcre2-10.34-9.fc33.x86_64.rpm         5.8 MB/s | 231 kB     00:00    
(84/108): openssl-libs-1.1.1e-2.fc33.x86_64.rpm 8.0 MB/s | 1.4 MB     00:00    
(85/108): python-setuptools-wheel-46.1.3-1.fc33 3.8 MB/s | 293 kB     00:00    
(86/108): python3-3.8.2-2.fc33.x86_64.rpm       1.0 MB/s |  30 kB     00:00    
(87/108): python3-hawkey-0.47.0-1.fc33.x86_64.r 3.6 MB/s | 114 kB     00:00    
(88/108): python-pip-wheel-20.0.2-2.fc33.noarch 8.2 MB/s | 1.2 MB     00:00    
(89/108): python3-libcomps-0.1.15-1.fc33.x86_64 1.6 MB/s |  50 kB     00:00    
(90/108): python3-dnf-4.2.21-1.fc33.noarch.rpm  5.3 MB/s | 409 kB     00:00    
(91/108): python3-rpm-4.15.90-0.git14971.3.fc33 2.5 MB/s |  98 kB     00:00    
(92/108): python3-libdnf-0.47.0-1.fc33.x86_64.r 8.6 MB/s | 780 kB     00:00    
(93/108): rpm-build-libs-4.15.90-0.git14971.3.f 3.2 MB/s |  99 kB     00:00    
(94/108): rpm-4.15.90-0.git14971.3.fc33.x86_64. 6.4 MB/s | 501 kB     00:00    
(95/108): rpm-libs-4.15.90-0.git14971.3.fc33.x8 5.5 MB/s | 331 kB     00:00    
(96/108): rpm-sign-libs-4.15.90-0.git14971.3.fc 684 kB/s |  27 kB     00:00    
(97/108): sssd-client-2.2.3-14.fc33.x86_64.rpm  2.8 MB/s | 111 kB     00:00    
(98/108): shadow-utils-4.8.1-2.fc33.x86_64.rpm  8.4 MB/s | 1.2 MB     00:00    
(99/108): sudo-1.9.0-0.1.b4.fc33.x86_64.rpm     6.7 MB/s | 1.0 MB     00:00    
(100/108): systemd-libs-245.4-1.fc33.x86_64.rpm 6.9 MB/s | 557 kB     00:00    
(101/108): systemd-pam-245.4-1.fc33.x86_64.rpm  3.9 MB/s | 298 kB     00:00    
(102/108): systemd-rpm-macros-245.4-1.fc33.noar 678 kB/s |  25 kB     00:00    
(103/108): python3-libs-3.8.2-2.fc33.x86_64.rpm  11 MB/s | 7.4 MB     00:00    
(104/108): systemd-245.4-1.fc33.x86_64.rpm       11 MB/s | 4.2 MB     00:00    
(105/108): xz-libs-5.2.5-1.fc33.x86_64.rpm      3.0 MB/s |  90 kB     00:00    
(106/108): vim-minimal-8.2.480-1.fc33.x86_64.rp  10 MB/s | 660 kB     00:00    
(107/108): yum-4.2.21-1.fc33.noarch.rpm         1.6 MB/s |  47 kB     00:00    
(108/108): util-linux-2.35.1-7.fc33.x86_64.rpm  7.6 MB/s | 2.7 MB     00:00    
--------------------------------------------------------------------------------
Total                                            12 MB/s |  55 MB     00:04     
Running transaction check
Transaction check succeeded.
Running transaction test
Transaction test succeeded.
Running transaction
  Preparing        :                                                        1/1 
  Running scriptlet: libgcc-10.0.1-0.11.fc33.x86_64                         1/1 
  Upgrading        : libgcc-10.0.1-0.11.fc33.x86_64                       1/192 
  Running scriptlet: libgcc-10.0.1-0.11.fc33.x86_64                       1/192 
  Upgrading        : glibc-common-2.31.9000-6.fc33.x86_64                 2/192 
  Upgrading        : glibc-minimal-langpack-2.31.9000-6.fc33.x86_64       3/192 
  Running scriptlet: glibc-2.31.9000-6.fc33.x86_64                        4/192 
  Upgrading        : glibc-2.31.9000-6.fc33.x86_64                        4/192 
  Running scriptlet: glibc-2.31.9000-6.fc33.x86_64                        4/192 
  Upgrading        : audit-libs-3.0-0.19.20191104git1c2f876.fc33.x86_     5/192 
  Upgrading        : xz-libs-5.2.5-1.fc33.x86_64                          6/192 
  Upgrading        : libuuid-2.35.1-7.fc33.x86_64                         7/192 
  Upgrading        : elfutils-libelf-0.179-1.fc33.x86_64                  8/192 
  Upgrading        : grep-3.4-1.fc33.x86_64                               9/192 
  Upgrading        : libcom_err-1.45.6-2.fc33.x86_64                     10/192 
  Upgrading        : file-libs-5.38-3.fc33.x86_64                        11/192 
  Upgrading        : libsmartcols-2.35.1-7.fc33.x86_64                   12/192 
  Upgrading        : libstdc++-10.0.1-0.11.fc33.x86_64                   13/192 
  Upgrading        : json-c-0.13.1-9.fc33.x86_64                         14/192 
  Installing       : diffutils-3.7-4.fc32.x86_64                         15/192 
  Upgrading        : libcomps-0.1.15-1.fc33.x86_64                       16/192 
  Upgrading        : libgomp-10.0.1-0.11.fc33.x86_64                     17/192 
  Upgrading        : libgpg-error-1.37-1.fc33.x86_64                     18/192 
  Upgrading        : libsss_idmap-2.2.3-14.fc33.x86_64                   19/192 
  Upgrading        : libsss_nss_idmap-2.2.3-14.fc33.x86_64               20/192 
  Upgrading        : systemd-rpm-macros-245.4-1.fc33.noarch              21/192 
  Upgrading        : python-setuptools-wheel-46.1.3-1.fc33.noarch        22/192 
  Upgrading        : ncurses-base-6.2-1.20200222.fc33.noarch             23/192 
  Upgrading        : ncurses-libs-6.2-1.20200222.fc33.x86_64             24/192 
  Upgrading        : ncurses-6.2-1.20200222.fc33.x86_64                  25/192 
  Upgrading        : libreport-filesystem-2.12.0-3.fc33.noarch           26/192 
  Upgrading        : dnf-data-4.2.21-1.fc33.noarch                       27/192 
  Upgrading        : fedora-gpg-keys-33-0.3.noarch                       28/192 
  Upgrading        : fedora-release-container-33-0.3.noarch              29/192 
  Upgrading        : fedora-release-common-33-0.3.noarch                 30/192 
  Upgrading        : fedora-repos-rawhide-33-0.3.noarch                  31/192 
  Upgrading        : fedora-repos-33-0.3.noarch                          32/192 
  Upgrading        : coreutils-common-8.32-3.fc33.x86_64                 33/192 
  Installing       : xkeyboard-config-2.29-1.fc32.noarch                 34/192 
  Installing       : libxkbcommon-0.10.0-2.fc32.x86_64                   35/192 
  Installing       : whois-nls-5.5.6-1.fc33.noarch                       36/192 
  Upgrading        : libxcrypt-4.4.15-2.fc33.x86_64                      37/192 
  Installing       : mkpasswd-5.5.6-1.fc33.x86_64                        38/192 
  Installing       : libxcrypt-compat-4.4.15-2.fc33.x86_64               39/192 
  Upgrading        : python-pip-wheel-20.0.2-2.fc33.noarch               40/192 
  Installing       : pcre2-syntax-10.34-9.fc33.noarch                    41/192 
  Upgrading        : pcre2-10.34-9.fc33.x86_64                           42/192 
  Upgrading        : libselinux-3.0-4.fc33.x86_64                        43/192 
  Installing       : openssl-pkcs11-0.4.10-5.fc32.x86_64                 44/192 
  Installing       : python-unversioned-command-3.8.2-2.fc33.noarch      45/192 
  Installing       : python3-pip-20.0.2-2.fc33.noarch                    46/192 
  Installing       : python3-setuptools-46.1.3-1.fc33.noarch             47/192 
  Upgrading        : python3-libs-3.8.2-2.fc33.x86_64                    48/192 
  Upgrading        : python3-3.8.2-2.fc33.x86_64                         49/192 
  Installing       : crypto-policies-scripts-20200312-1.git3ae59d2.fc    50/192 
  Upgrading        : openssl-libs-1:1.1.1e-2.fc33.x86_64                 51/192 
  Upgrading        : coreutils-8.32-3.fc33.x86_64                        52/192 
  Upgrading        : crypto-policies-20200312-1.git3ae59d2.fc33.noarc    53/192 
  Upgrading        : systemd-libs-245.4-1.fc33.x86_64                    54/192 
  Running scriptlet: systemd-libs-245.4-1.fc33.x86_64                    54/192 
  Upgrading        : libblkid-2.35.1-7.fc33.x86_64                       55/192 
  Running scriptlet: libblkid-2.35.1-7.fc33.x86_64                       55/192 
  Upgrading        : shadow-utils-2:4.8.1-2.fc33.x86_64                  56/192 
  Upgrading        : libmount-2.35.1-7.fc33.x86_64                       57/192 
  Installing       : shared-mime-info-1.15-3.fc33.x86_64                 58/192 
  Running scriptlet: shared-mime-info-1.15-3.fc33.x86_64                 58/192 
  Upgrading        : glib2-2.64.1-1.fc33.x86_64                          59/192 
  Upgrading        : krb5-libs-1.18-11.fc33.x86_64                       60/192 
  Upgrading        : libcurl-7.69.0-2.fc33.x86_64                        61/192 
  Upgrading        : libfdisk-2.35.1-7.fc33.x86_64                       62/192 
  Installing       : libevent-2.1.8-8.fc32.x86_64                        63/192 
  Running scriptlet: unbound-libs-1.10.0-1.fc33.x86_64                   64/192 
  Installing       : unbound-libs-1.10.0-1.fc33.x86_64                   64/192 
  Running scriptlet: unbound-libs-1.10.0-1.fc33.x86_64                   64/192 
Created symlink /etc/systemd/system/timers.target.wants/unbound-anchor.timer → /usr/lib/systemd/system/unbound-anchor.timer.

  Installing       : python3-unbound-1.10.0-1.fc33.x86_64                65/192 
  Upgrading        : curl-7.69.0-2.fc33.x86_64                           66/192 
  Upgrading        : rpm-4.15.90-0.git14971.3.fc33.x86_64                67/192 
  Upgrading        : rpm-libs-4.15.90-0.git14971.3.fc33.x86_64           68/192 
  Installing       : libmodulemd-2.9.2-4.fc33.x86_64                     69/192 
  Installing       : deltarpm-3.6.2-5.fc32.x86_64                        70/192 
  Upgrading        : rpm-sign-libs-4.15.90-0.git14971.3.fc33.x86_64      71/192 
  Upgrading        : librepo-1.11.3-1.fc33.x86_64                        72/192 
  Upgrading        : libdnf-0.47.0-1.fc33.x86_64                         73/192 
  Upgrading        : python3-libdnf-0.47.0-1.fc33.x86_64                 74/192 
  Upgrading        : python3-hawkey-0.47.0-1.fc33.x86_64                 75/192 
  Installing       : dbus-libs-1:1.12.16-5.fc33.x86_64                   76/192 
  Installing       : rpm-plugin-systemd-inhibit-4.15.90-0.git14971.3.    77/192 
  Installing       : trousers-lib-0.3.13-13.fc31.x86_64                  78/192 
  Upgrading        : kmod-libs-27-2.fc33.x86_64                          79/192 
  Upgrading        : python3-libcomps-0.1.15-1.fc33.x86_64               80/192 
  Upgrading        : vim-minimal-2:8.2.480-1.fc33.x86_64                 81/192 
  Installing       : cracklib-dicts-2.9.6-22.fc32.x86_64                 82/192 
  Upgrading        : pam-1.3.1-24.fc33.x86_64                            83/192 
  Upgrading        : util-linux-2.35.1-7.fc33.x86_64                     84/192 
  Running scriptlet: util-linux-2.35.1-7.fc33.x86_64                     84/192 
  Upgrading        : device-mapper-1.02.171-1.fc33.x86_64                85/192 
  Upgrading        : device-mapper-libs-1.02.171-1.fc33.x86_64           86/192 
  Upgrading        : cryptsetup-libs-2.3.1-1.fc33.x86_64                 87/192 
  Installing       : elfutils-debuginfod-client-0.179-1.fc33.x86_64      88/192 
  Upgrading        : elfutils-default-yama-scope-0.179-1.fc33.noarch     89/192 
  Running scriptlet: elfutils-default-yama-scope-0.179-1.fc33.noarch     89/192 
  Upgrading        : elfutils-libs-0.179-1.fc33.x86_64                   90/192 
  Upgrading        : gnutls-3.6.13-1.fc33.x86_64                         91/192 
  Upgrading        : dbus-1:1.12.16-5.fc33.x86_64                        92/192 
  Upgrading        : systemd-pam-245.4-1.fc33.x86_64                     93/192 
  Running scriptlet: systemd-245.4-1.fc33.x86_64                         94/192 
  Upgrading        : systemd-245.4-1.fc33.x86_64                         94/192 
  Running scriptlet: systemd-245.4-1.fc33.x86_64                         94/192 
  Running scriptlet: trousers-0.3.13-13.fc31.x86_64                      95/192 
  Installing       : trousers-0.3.13-13.fc31.x86_64                      95/192 
  Running scriptlet: trousers-0.3.13-13.fc31.x86_64                      95/192 
  Upgrading        : dbus-common-1:1.12.16-5.fc33.noarch                 96/192 
  Running scriptlet: dbus-common-1:1.12.16-5.fc33.noarch                 96/192 
  Running scriptlet: dbus-broker-22-1.fc33.x86_64                        97/192 
  Upgrading        : dbus-broker-22-1.fc33.x86_64                        97/192 
  Running scriptlet: dbus-broker-22-1.fc33.x86_64                        97/192 
  Upgrading        : rpm-build-libs-4.15.90-0.git14971.3.fc33.x86_64     98/192 
  Upgrading        : python3-rpm-4.15.90-0.git14971.3.fc33.x86_64        99/192 
  Upgrading        : python3-dnf-4.2.21-1.fc33.noarch                   100/192 
  Upgrading        : dnf-4.2.21-1.fc33.noarch                           101/192 
  Running scriptlet: dnf-4.2.21-1.fc33.noarch                           101/192 
  Upgrading        : yum-4.2.21-1.fc33.noarch                           102/192 
  Upgrading        : sssd-client-2.2.3-14.fc33.x86_64                   103/192 
  Running scriptlet: sssd-client-2.2.3-14.fc33.x86_64                   103/192 
  Upgrading        : sudo-1.9.0-0.1.b4.fc33.x86_64                      104/192 
  Upgrading        : cyrus-sasl-lib-2.1.27-4.fc33.x86_64                105/192 
  Upgrading        : libusbx-1.0.23-1.fc33.x86_64                       106/192 
  Upgrading        : openssl-1:1.1.1e-2.fc33.x86_64                     107/192 
  Upgrading        : libpcap-14:1.9.1-3.fc33.x86_64                     108/192 
  Cleanup          : sudo-1.8.29-2.fc32.x86_64                          109/192 
  Running scriptlet: sssd-client-2.2.2-6.fc32.x86_64                    110/192 
  Cleanup          : sssd-client-2.2.2-6.fc32.x86_64                    110/192 
  Cleanup          : device-mapper-1.02.167-2.fc32.x86_64               111/192 
  Cleanup          : openssl-1:1.1.1d-7.fc33.x86_64                     112/192 
  Cleanup          : cyrus-sasl-lib-2.1.27-3.fc32.x86_64                113/192 
  Cleanup          : fedora-release-common-33-0.1.noarch                114/192 
  Cleanup          : libusbx-1.0.22-5.fc32.x86_64                       115/192 
  Cleanup          : libsss_nss_idmap-2.2.2-6.fc32.x86_64               116/192 
  Cleanup          : vim-minimal-2:8.2.236-1.fc32.x86_64                117/192 
  Cleanup          : libpcap-14:1.9.1-2.fc32.x86_64                     118/192 
  Cleanup          : fedora-repos-33-0.2.noarch                         119/192 
  Cleanup          : yum-4.2.18-2.fc32.noarch                           120/192 
  Cleanup          : libsss_idmap-2.2.2-6.fc32.x86_64                   121/192 
  Running scriptlet: dnf-4.2.18-2.fc32.noarch                           122/192 
  Cleanup          : dnf-4.2.18-2.fc32.noarch                           122/192 
  Running scriptlet: dnf-4.2.18-2.fc32.noarch                           122/192 
System has not been booted with systemd as init system (PID 1). Can't operate.
Failed to connect to bus: Host is down

  Cleanup          : python3-dnf-4.2.18-2.fc32.noarch                   123/192 
  Cleanup          : dnf-data-4.2.18-2.fc32.noarch                      124/192 
  Cleanup          : libreport-filesystem-2.12.0-2.fc32.noarch          125/192 
  Cleanup          : fedora-gpg-keys-33-0.2.noarch                      126/192 
  Cleanup          : fedora-repos-rawhide-33-0.2.noarch                 127/192 
  Cleanup          : fedora-release-container-33-0.1.noarch             128/192 
  Cleanup          : python3-rpm-4.15.1-2.fc32.1.x86_64                 129/192 
  Cleanup          : rpm-build-libs-4.15.1-2.fc32.1.x86_64              130/192 
  Cleanup          : elfutils-libs-0.178-9.fc32.x86_64                  131/192 
  Cleanup          : elfutils-default-yama-scope-0.178-9.fc32.noarch    132/192 
  Cleanup          : dbus-1:1.12.16-4.fc32.x86_64                       133/192 
  Running scriptlet: dbus-broker-21-7.fc32.x86_64                       134/192 
  Cleanup          : dbus-broker-21-7.fc32.x86_64                       134/192 
  Running scriptlet: dbus-broker-21-7.fc32.x86_64                       134/192 
  Running scriptlet: dbus-common-1:1.12.16-4.fc32.noarch                135/192 
  Cleanup          : dbus-common-1:1.12.16-4.fc32.noarch                135/192 
  Running scriptlet: dbus-common-1:1.12.16-4.fc32.noarch                135/192 
  Running scriptlet: systemd-245~rc1-3.fc33.x86_64                      136/192 
  Cleanup          : systemd-245~rc1-3.fc33.x86_64                      136/192 
  Running scriptlet: systemd-245~rc1-3.fc33.x86_64                      136/192 
  Cleanup          : util-linux-2.35.1-4.fc32.x86_64                    137/192 
  Running scriptlet: util-linux-2.35.1-4.fc32.x86_64                    137/192 
  Cleanup          : systemd-pam-245~rc1-3.fc33.x86_64                  138/192 
  Cleanup          : cryptsetup-libs-2.3.0-1.fc32.x86_64                139/192 
  Cleanup          : pam-1.3.1-22.fc32.x86_64                           140/192 
  Cleanup          : libfdisk-2.35.1-4.fc32.x86_64                      141/192 
  Cleanup          : device-mapper-libs-1.02.167-2.fc32.x86_64          142/192 
  Cleanup          : systemd-libs-245~rc1-3.fc33.x86_64                 143/192 
  Cleanup          : python3-hawkey-0.43.1-3.fc32.x86_64                144/192 
  Cleanup          : python3-libdnf-0.43.1-3.fc32.x86_64                145/192 
  Cleanup          : libdnf-0.43.1-3.fc32.x86_64                        146/192 
  Cleanup          : libstdc++-10.0.1-0.8.fc33.x86_64                   147/192 
  Cleanup          : kmod-libs-26-5.fc32.x86_64                         148/192 
  Cleanup          : gnutls-3.6.12-1.fc32.x86_64                        149/192 
  Cleanup          : rpm-sign-libs-4.15.1-2.fc32.1.x86_64               150/192 
  Cleanup          : rpm-4.15.1-2.fc32.1.x86_64                         151/192 
  Cleanup          : rpm-libs-4.15.1-2.fc32.1.x86_64                    152/192 
  Cleanup          : curl-7.68.0-2.fc32.x86_64                          153/192 
  Cleanup          : librepo-1.11.1-4.fc32.x86_64                       154/192 
  Cleanup          : glib2-2.63.5-3.fc33.x86_64                         155/192 
  Cleanup          : libmount-2.35.1-4.fc32.x86_64                      156/192 
  Cleanup          : libcurl-7.68.0-2.fc32.x86_64                       157/192 
  Cleanup          : krb5-libs-1.18-1.fc33.x86_64                       158/192 
  Cleanup          : libblkid-2.35.1-4.fc32.x86_64                      159/192 
  Cleanup          : shadow-utils-2:4.8-3.fc32.x86_64                   160/192 
  Cleanup          : libsmartcols-2.35.1-4.fc32.x86_64                  161/192 
  Cleanup          : libgomp-10.0.1-0.8.fc33.x86_64                     162/192 
  Cleanup          : audit-libs-3.0-0.18.20191104git1c2f876.fc32.x86_   163/192 
  Cleanup          : libcom_err-1.45.5-3.fc32.x86_64                    164/192 
  Cleanup          : json-c-0.13.1-9.fc32.x86_64                        165/192 
  Cleanup          : python3-libcomps-0.1.14-4.fc32.x86_64              166/192 
  Cleanup          : python3-libs-3.8.2~rc1-1.fc33.x86_64               167/192 
  Cleanup          : python3-3.8.2~rc1-1.fc33.x86_64                    168/192 
  Cleanup          : crypto-policies-20191128-5.gitcd267a5.fc32.noarc   169/192 
  Cleanup          : coreutils-8.31-10.fc32.x86_64                      170/192 
  Cleanup          : openssl-libs-1:1.1.1d-7.fc33.x86_64                171/192 
  Cleanup          : libselinux-3.0-3.fc32.x86_64                       172/192 
  Cleanup          : xz-libs-5.2.4-8.fc32.x86_64                        173/192 
  Cleanup          : libuuid-2.35.1-4.fc32.x86_64                       174/192 
  Cleanup          : ncurses-6.1-15.20191109.fc32.x86_64                175/192 
  Cleanup          : ncurses-libs-6.1-15.20191109.fc32.x86_64           176/192 
  Cleanup          : libcomps-0.1.14-4.fc32.x86_64                      177/192 
  Cleanup          : pcre2-10.34-6.fc33.x86_64                          178/192 
  Cleanup          : libgpg-error-1.36-3.fc32.x86_64                    179/192 
  Cleanup          : file-libs-5.38-2.fc32.x86_64                       180/192 
  Cleanup          : ncurses-base-6.1-15.20191109.fc32.noarch           181/192 
  Cleanup          : coreutils-common-8.31-10.fc32.x86_64               182/192 
  Cleanup          : python-pip-wheel-19.3.1-2.fc32.noarch              183/192 
  Cleanup          : python-setuptools-wheel-41.6.0-2.fc32.noarch       184/192 
  Cleanup          : systemd-rpm-macros-245~rc1-3.fc33.noarch           185/192 
  Cleanup          : grep-3.3-4.fc32.x86_64                             186/192 
  Cleanup          : libxcrypt-4.4.14-1.fc33.x86_64                     187/192 
  Cleanup          : elfutils-libelf-0.178-9.fc32.x86_64                188/192 
  Cleanup          : glibc-2.31-1.fc32.x86_64                           189/192 
  Cleanup          : glibc-minimal-langpack-2.31-1.fc32.x86_64          190/192 
  Cleanup          : glibc-common-2.31-1.fc32.x86_64                    191/192 
  Cleanup          : libgcc-10.0.1-0.8.fc33.x86_64                      192/192 
  Running scriptlet: libgcc-10.0.1-0.8.fc33.x86_64                      192/192 
  Running scriptlet: crypto-policies-scripts-20200312-1.git3ae59d2.fc   192/192 
  Running scriptlet: libgcc-10.0.1-0.8.fc33.x86_64                      192/192 
  Verifying        : cracklib-dicts-2.9.6-22.fc32.x86_64                  1/192 
  Verifying        : crypto-policies-scripts-20200312-1.git3ae59d2.fc     2/192 
  Verifying        : dbus-libs-1:1.12.16-5.fc33.x86_64                    3/192 
  Verifying        : deltarpm-3.6.2-5.fc32.x86_64                         4/192 
  Verifying        : diffutils-3.7-4.fc32.x86_64                          5/192 
  Verifying        : elfutils-debuginfod-client-0.179-1.fc33.x86_64       6/192 
  Verifying        : libevent-2.1.8-8.fc32.x86_64                         7/192 
  Verifying        : libmodulemd-2.9.2-4.fc33.x86_64                      8/192 
  Verifying        : libxcrypt-compat-4.4.15-2.fc33.x86_64                9/192 
  Verifying        : libxkbcommon-0.10.0-2.fc32.x86_64                   10/192 
  Verifying        : mkpasswd-5.5.6-1.fc33.x86_64                        11/192 
  Verifying        : openssl-pkcs11-0.4.10-5.fc32.x86_64                 12/192 
  Verifying        : pcre2-syntax-10.34-9.fc33.noarch                    13/192 
  Verifying        : python-unversioned-command-3.8.2-2.fc33.noarch      14/192 
  Verifying        : python3-pip-20.0.2-2.fc33.noarch                    15/192 
  Verifying        : python3-setuptools-46.1.3-1.fc33.noarch             16/192 
  Verifying        : python3-unbound-1.10.0-1.fc33.x86_64                17/192 
  Verifying        : rpm-plugin-systemd-inhibit-4.15.90-0.git14971.3.    18/192 
  Verifying        : shared-mime-info-1.15-3.fc33.x86_64                 19/192 
  Verifying        : trousers-0.3.13-13.fc31.x86_64                      20/192 
  Verifying        : trousers-lib-0.3.13-13.fc31.x86_64                  21/192 
  Verifying        : unbound-libs-1.10.0-1.fc33.x86_64                   22/192 
  Verifying        : whois-nls-5.5.6-1.fc33.noarch                       23/192 
  Verifying        : xkeyboard-config-2.29-1.fc32.noarch                 24/192 
  Verifying        : audit-libs-3.0-0.19.20191104git1c2f876.fc33.x86_    25/192 
  Verifying        : audit-libs-3.0-0.18.20191104git1c2f876.fc32.x86_    26/192 
  Verifying        : coreutils-8.32-3.fc33.x86_64                        27/192 
  Verifying        : coreutils-8.31-10.fc32.x86_64                       28/192 
  Verifying        : coreutils-common-8.32-3.fc33.x86_64                 29/192 
  Verifying        : coreutils-common-8.31-10.fc32.x86_64                30/192 
  Verifying        : crypto-policies-20200312-1.git3ae59d2.fc33.noarc    31/192 
  Verifying        : crypto-policies-20191128-5.gitcd267a5.fc32.noarc    32/192 
  Verifying        : cryptsetup-libs-2.3.1-1.fc33.x86_64                 33/192 
  Verifying        : cryptsetup-libs-2.3.0-1.fc32.x86_64                 34/192 
  Verifying        : curl-7.69.0-2.fc33.x86_64                           35/192 
  Verifying        : curl-7.68.0-2.fc32.x86_64                           36/192 
  Verifying        : cyrus-sasl-lib-2.1.27-4.fc33.x86_64                 37/192 
  Verifying        : cyrus-sasl-lib-2.1.27-3.fc32.x86_64                 38/192 
  Verifying        : dbus-1:1.12.16-5.fc33.x86_64                        39/192 
  Verifying        : dbus-1:1.12.16-4.fc32.x86_64                        40/192 
  Verifying        : dbus-broker-22-1.fc33.x86_64                        41/192 
  Verifying        : dbus-broker-21-7.fc32.x86_64                        42/192 
  Verifying        : dbus-common-1:1.12.16-5.fc33.noarch                 43/192 
  Verifying        : dbus-common-1:1.12.16-4.fc32.noarch                 44/192 
  Verifying        : device-mapper-1.02.171-1.fc33.x86_64                45/192 
  Verifying        : device-mapper-1.02.167-2.fc32.x86_64                46/192 
  Verifying        : device-mapper-libs-1.02.171-1.fc33.x86_64           47/192 
  Verifying        : device-mapper-libs-1.02.167-2.fc32.x86_64           48/192 
  Verifying        : dnf-4.2.21-1.fc33.noarch                            49/192 
  Verifying        : dnf-4.2.18-2.fc32.noarch                            50/192 
  Verifying        : dnf-data-4.2.21-1.fc33.noarch                       51/192 
  Verifying        : dnf-data-4.2.18-2.fc32.noarch                       52/192 
  Verifying        : elfutils-default-yama-scope-0.179-1.fc33.noarch     53/192 
  Verifying        : elfutils-default-yama-scope-0.178-9.fc32.noarch     54/192 
  Verifying        : elfutils-libelf-0.179-1.fc33.x86_64                 55/192 
  Verifying        : elfutils-libelf-0.178-9.fc32.x86_64                 56/192 
  Verifying        : elfutils-libs-0.179-1.fc33.x86_64                   57/192 
  Verifying        : elfutils-libs-0.178-9.fc32.x86_64                   58/192 
  Verifying        : fedora-gpg-keys-33-0.3.noarch                       59/192 
  Verifying        : fedora-gpg-keys-33-0.2.noarch                       60/192 
  Verifying        : fedora-release-common-33-0.3.noarch                 61/192 
  Verifying        : fedora-release-common-33-0.1.noarch                 62/192 
  Verifying        : fedora-release-container-33-0.3.noarch              63/192 
  Verifying        : fedora-release-container-33-0.1.noarch              64/192 
  Verifying        : fedora-repos-33-0.3.noarch                          65/192 
  Verifying        : fedora-repos-33-0.2.noarch                          66/192 
  Verifying        : fedora-repos-rawhide-33-0.3.noarch                  67/192 
  Verifying        : fedora-repos-rawhide-33-0.2.noarch                  68/192 
  Verifying        : file-libs-5.38-3.fc33.x86_64                        69/192 
  Verifying        : file-libs-5.38-2.fc32.x86_64                        70/192 
  Verifying        : glib2-2.64.1-1.fc33.x86_64                          71/192 
  Verifying        : glib2-2.63.5-3.fc33.x86_64                          72/192 
  Verifying        : glibc-2.31.9000-6.fc33.x86_64                       73/192 
  Verifying        : glibc-2.31-1.fc32.x86_64                            74/192 
  Verifying        : glibc-common-2.31.9000-6.fc33.x86_64                75/192 
  Verifying        : glibc-common-2.31-1.fc32.x86_64                     76/192 
  Verifying        : glibc-minimal-langpack-2.31.9000-6.fc33.x86_64      77/192 
  Verifying        : glibc-minimal-langpack-2.31-1.fc32.x86_64           78/192 
  Verifying        : gnutls-3.6.13-1.fc33.x86_64                         79/192 
  Verifying        : gnutls-3.6.12-1.fc32.x86_64                         80/192 
  Verifying        : grep-3.4-1.fc33.x86_64                              81/192 
  Verifying        : grep-3.3-4.fc32.x86_64                              82/192 
  Verifying        : json-c-0.13.1-9.fc33.x86_64                         83/192 
  Verifying        : json-c-0.13.1-9.fc32.x86_64                         84/192 
  Verifying        : kmod-libs-27-2.fc33.x86_64                          85/192 
  Verifying        : kmod-libs-26-5.fc32.x86_64                          86/192 
  Verifying        : krb5-libs-1.18-11.fc33.x86_64                       87/192 
  Verifying        : krb5-libs-1.18-1.fc33.x86_64                        88/192 
  Verifying        : libblkid-2.35.1-7.fc33.x86_64                       89/192 
  Verifying        : libblkid-2.35.1-4.fc32.x86_64                       90/192 
  Verifying        : libcom_err-1.45.6-2.fc33.x86_64                     91/192 
  Verifying        : libcom_err-1.45.5-3.fc32.x86_64                     92/192 
  Verifying        : libcomps-0.1.15-1.fc33.x86_64                       93/192 
  Verifying        : libcomps-0.1.14-4.fc32.x86_64                       94/192 
  Verifying        : libcurl-7.69.0-2.fc33.x86_64                        95/192 
  Verifying        : libcurl-7.68.0-2.fc32.x86_64                        96/192 
  Verifying        : libdnf-0.47.0-1.fc33.x86_64                         97/192 
  Verifying        : libdnf-0.43.1-3.fc32.x86_64                         98/192 
  Verifying        : libfdisk-2.35.1-7.fc33.x86_64                       99/192 
  Verifying        : libfdisk-2.35.1-4.fc32.x86_64                      100/192 
  Verifying        : libgcc-10.0.1-0.11.fc33.x86_64                     101/192 
  Verifying        : libgcc-10.0.1-0.8.fc33.x86_64                      102/192 
  Verifying        : libgomp-10.0.1-0.11.fc33.x86_64                    103/192 
  Verifying        : libgomp-10.0.1-0.8.fc33.x86_64                     104/192 
  Verifying        : libgpg-error-1.37-1.fc33.x86_64                    105/192 
  Verifying        : libgpg-error-1.36-3.fc32.x86_64                    106/192 
  Verifying        : libmount-2.35.1-7.fc33.x86_64                      107/192 
  Verifying        : libmount-2.35.1-4.fc32.x86_64                      108/192 
  Verifying        : libpcap-14:1.9.1-3.fc33.x86_64                     109/192 
  Verifying        : libpcap-14:1.9.1-2.fc32.x86_64                     110/192 
  Verifying        : librepo-1.11.3-1.fc33.x86_64                       111/192 
  Verifying        : librepo-1.11.1-4.fc32.x86_64                       112/192 
  Verifying        : libreport-filesystem-2.12.0-3.fc33.noarch          113/192 
  Verifying        : libreport-filesystem-2.12.0-2.fc32.noarch          114/192 
  Verifying        : libselinux-3.0-4.fc33.x86_64                       115/192 
  Verifying        : libselinux-3.0-3.fc32.x86_64                       116/192 
  Verifying        : libsmartcols-2.35.1-7.fc33.x86_64                  117/192 
  Verifying        : libsmartcols-2.35.1-4.fc32.x86_64                  118/192 
  Verifying        : libsss_idmap-2.2.3-14.fc33.x86_64                  119/192 
  Verifying        : libsss_idmap-2.2.2-6.fc32.x86_64                   120/192 
  Verifying        : libsss_nss_idmap-2.2.3-14.fc33.x86_64              121/192 
  Verifying        : libsss_nss_idmap-2.2.2-6.fc32.x86_64               122/192 
  Verifying        : libstdc++-10.0.1-0.11.fc33.x86_64                  123/192 
  Verifying        : libstdc++-10.0.1-0.8.fc33.x86_64                   124/192 
  Verifying        : libusbx-1.0.23-1.fc33.x86_64                       125/192 
  Verifying        : libusbx-1.0.22-5.fc32.x86_64                       126/192 
  Verifying        : libuuid-2.35.1-7.fc33.x86_64                       127/192 
  Verifying        : libuuid-2.35.1-4.fc32.x86_64                       128/192 
  Verifying        : libxcrypt-4.4.15-2.fc33.x86_64                     129/192 
  Verifying        : libxcrypt-4.4.14-1.fc33.x86_64                     130/192 
  Verifying        : ncurses-6.2-1.20200222.fc33.x86_64                 131/192 
  Verifying        : ncurses-6.1-15.20191109.fc32.x86_64                132/192 
  Verifying        : ncurses-base-6.2-1.20200222.fc33.noarch            133/192 
  Verifying        : ncurses-base-6.1-15.20191109.fc32.noarch           134/192 
  Verifying        : ncurses-libs-6.2-1.20200222.fc33.x86_64            135/192 
  Verifying        : ncurses-libs-6.1-15.20191109.fc32.x86_64           136/192 
  Verifying        : openssl-1:1.1.1e-2.fc33.x86_64                     137/192 
  Verifying        : openssl-1:1.1.1d-7.fc33.x86_64                     138/192 
  Verifying        : openssl-libs-1:1.1.1e-2.fc33.x86_64                139/192 
  Verifying        : openssl-libs-1:1.1.1d-7.fc33.x86_64                140/192 
  Verifying        : pam-1.3.1-24.fc33.x86_64                           141/192 
  Verifying        : pam-1.3.1-22.fc32.x86_64                           142/192 
  Verifying        : pcre2-10.34-9.fc33.x86_64                          143/192 
  Verifying        : pcre2-10.34-6.fc33.x86_64                          144/192 
  Verifying        : python-pip-wheel-20.0.2-2.fc33.noarch              145/192 
  Verifying        : python-pip-wheel-19.3.1-2.fc32.noarch              146/192 
  Verifying        : python-setuptools-wheel-46.1.3-1.fc33.noarch       147/192 
  Verifying        : python-setuptools-wheel-41.6.0-2.fc32.noarch       148/192 
  Verifying        : python3-3.8.2-2.fc33.x86_64                        149/192 
  Verifying        : python3-3.8.2~rc1-1.fc33.x86_64                    150/192 
  Verifying        : python3-dnf-4.2.21-1.fc33.noarch                   151/192 
  Verifying        : python3-dnf-4.2.18-2.fc32.noarch                   152/192 
  Verifying        : python3-hawkey-0.47.0-1.fc33.x86_64                153/192 
  Verifying        : python3-hawkey-0.43.1-3.fc32.x86_64                154/192 
  Verifying        : python3-libcomps-0.1.15-1.fc33.x86_64              155/192 
  Verifying        : python3-libcomps-0.1.14-4.fc32.x86_64              156/192 
  Verifying        : python3-libdnf-0.47.0-1.fc33.x86_64                157/192 
  Verifying        : python3-libdnf-0.43.1-3.fc32.x86_64                158/192 
  Verifying        : python3-libs-3.8.2-2.fc33.x86_64                   159/192 
  Verifying        : python3-libs-3.8.2~rc1-1.fc33.x86_64               160/192 
  Verifying        : python3-rpm-4.15.90-0.git14971.3.fc33.x86_64       161/192 
  Verifying        : python3-rpm-4.15.1-2.fc32.1.x86_64                 162/192 
  Verifying        : rpm-4.15.90-0.git14971.3.fc33.x86_64               163/192 
  Verifying        : rpm-4.15.1-2.fc32.1.x86_64                         164/192 
  Verifying        : rpm-build-libs-4.15.90-0.git14971.3.fc33.x86_64    165/192 
  Verifying        : rpm-build-libs-4.15.1-2.fc32.1.x86_64              166/192 
  Verifying        : rpm-libs-4.15.90-0.git14971.3.fc33.x86_64          167/192 
  Verifying        : rpm-libs-4.15.1-2.fc32.1.x86_64                    168/192 
  Verifying        : rpm-sign-libs-4.15.90-0.git14971.3.fc33.x86_64     169/192 
  Verifying        : rpm-sign-libs-4.15.1-2.fc32.1.x86_64               170/192 
  Verifying        : shadow-utils-2:4.8.1-2.fc33.x86_64                 171/192 
  Verifying        : shadow-utils-2:4.8-3.fc32.x86_64                   172/192 
  Verifying        : sssd-client-2.2.3-14.fc33.x86_64                   173/192 
  Verifying        : sssd-client-2.2.2-6.fc32.x86_64                    174/192 
  Verifying        : sudo-1.9.0-0.1.b4.fc33.x86_64                      175/192 
  Verifying        : sudo-1.8.29-2.fc32.x86_64                          176/192 
  Verifying        : systemd-245.4-1.fc33.x86_64                        177/192 
  Verifying        : systemd-245~rc1-3.fc33.x86_64                      178/192 
  Verifying        : systemd-libs-245.4-1.fc33.x86_64                   179/192 
  Verifying        : systemd-libs-245~rc1-3.fc33.x86_64                 180/192 
  Verifying        : systemd-pam-245.4-1.fc33.x86_64                    181/192 
  Verifying        : systemd-pam-245~rc1-3.fc33.x86_64                  182/192 
  Verifying        : systemd-rpm-macros-245.4-1.fc33.noarch             183/192 
  Verifying        : systemd-rpm-macros-245~rc1-3.fc33.noarch           184/192 
  Verifying        : util-linux-2.35.1-7.fc33.x86_64                    185/192 
  Verifying        : util-linux-2.35.1-4.fc32.x86_64                    186/192 
  Verifying        : vim-minimal-2:8.2.480-1.fc33.x86_64                187/192 
  Verifying        : vim-minimal-2:8.2.236-1.fc32.x86_64                188/192 
  Verifying        : xz-libs-5.2.5-1.fc33.x86_64                        189/192 
  Verifying        : xz-libs-5.2.4-8.fc32.x86_64                        190/192 
  Verifying        : yum-4.2.21-1.fc33.noarch                           191/192 
  Verifying        : yum-4.2.18-2.fc32.noarch                           192/192 

Upgraded:
  audit-libs-3.0-0.19.20191104git1c2f876.fc33.x86_64                            
  coreutils-8.32-3.fc33.x86_64                                                  
  coreutils-common-8.32-3.fc33.x86_64                                           
  crypto-policies-20200312-1.git3ae59d2.fc33.noarch                             
  cryptsetup-libs-2.3.1-1.fc33.x86_64                                           
  curl-7.69.0-2.fc33.x86_64                                                     
  cyrus-sasl-lib-2.1.27-4.fc33.x86_64                                           
  dbus-1:1.12.16-5.fc33.x86_64                                                  
  dbus-broker-22-1.fc33.x86_64                                                  
  dbus-common-1:1.12.16-5.fc33.noarch                                           
  device-mapper-1.02.171-1.fc33.x86_64                                          
  device-mapper-libs-1.02.171-1.fc33.x86_64                                     
  dnf-4.2.21-1.fc33.noarch                                                      
  dnf-data-4.2.21-1.fc33.noarch                                                 
  elfutils-default-yama-scope-0.179-1.fc33.noarch                               
  elfutils-libelf-0.179-1.fc33.x86_64                                           
  elfutils-libs-0.179-1.fc33.x86_64                                             
  fedora-gpg-keys-33-0.3.noarch                                                 
  fedora-release-common-33-0.3.noarch                                           
  fedora-release-container-33-0.3.noarch                                        
  fedora-repos-33-0.3.noarch                                                    
  fedora-repos-rawhide-33-0.3.noarch                                            
  file-libs-5.38-3.fc33.x86_64                                                  
  glib2-2.64.1-1.fc33.x86_64                                                    
  glibc-2.31.9000-6.fc33.x86_64                                                 
  glibc-common-2.31.9000-6.fc33.x86_64                                          
  glibc-minimal-langpack-2.31.9000-6.fc33.x86_64                                
  gnutls-3.6.13-1.fc33.x86_64                                                   
  grep-3.4-1.fc33.x86_64                                                        
  json-c-0.13.1-9.fc33.x86_64                                                   
  kmod-libs-27-2.fc33.x86_64                                                    
  krb5-libs-1.18-11.fc33.x86_64                                                 
  libblkid-2.35.1-7.fc33.x86_64                                                 
  libcom_err-1.45.6-2.fc33.x86_64                                               
  libcomps-0.1.15-1.fc33.x86_64                                                 
  libcurl-7.69.0-2.fc33.x86_64                                                  
  libdnf-0.47.0-1.fc33.x86_64                                                   
  libfdisk-2.35.1-7.fc33.x86_64                                                 
  libgcc-10.0.1-0.11.fc33.x86_64                                                
  libgomp-10.0.1-0.11.fc33.x86_64                                               
  libgpg-error-1.37-1.fc33.x86_64                                               
  libmount-2.35.1-7.fc33.x86_64                                                 
  libpcap-14:1.9.1-3.fc33.x86_64                                                
  librepo-1.11.3-1.fc33.x86_64                                                  
  libreport-filesystem-2.12.0-3.fc33.noarch                                     
  libselinux-3.0-4.fc33.x86_64                                                  
  libsmartcols-2.35.1-7.fc33.x86_64                                             
  libsss_idmap-2.2.3-14.fc33.x86_64                                             
  libsss_nss_idmap-2.2.3-14.fc33.x86_64                                         
  libstdc++-10.0.1-0.11.fc33.x86_64                                             
  libusbx-1.0.23-1.fc33.x86_64                                                  
  libuuid-2.35.1-7.fc33.x86_64                                                  
  libxcrypt-4.4.15-2.fc33.x86_64                                                
  ncurses-6.2-1.20200222.fc33.x86_64                                            
  ncurses-base-6.2-1.20200222.fc33.noarch                                       
  ncurses-libs-6.2-1.20200222.fc33.x86_64                                       
  openssl-1:1.1.1e-2.fc33.x86_64                                                
  openssl-libs-1:1.1.1e-2.fc33.x86_64                                           
  pam-1.3.1-24.fc33.x86_64                                                      
  pcre2-10.34-9.fc33.x86_64                                                     
  python-pip-wheel-20.0.2-2.fc33.noarch                                         
  python-setuptools-wheel-46.1.3-1.fc33.noarch                                  
  python3-3.8.2-2.fc33.x86_64                                                   
  python3-dnf-4.2.21-1.fc33.noarch                                              
  python3-hawkey-0.47.0-1.fc33.x86_64                                           
  python3-libcomps-0.1.15-1.fc33.x86_64                                         
  python3-libdnf-0.47.0-1.fc33.x86_64                                           
  python3-libs-3.8.2-2.fc33.x86_64                                              
  python3-rpm-4.15.90-0.git14971.3.fc33.x86_64                                  
  rpm-4.15.90-0.git14971.3.fc33.x86_64                                          
  rpm-build-libs-4.15.90-0.git14971.3.fc33.x86_64                               
  rpm-libs-4.15.90-0.git14971.3.fc33.x86_64                                     
  rpm-sign-libs-4.15.90-0.git14971.3.fc33.x86_64                                
  shadow-utils-2:4.8.1-2.fc33.x86_64                                            
  sssd-client-2.2.3-14.fc33.x86_64                                              
  sudo-1.9.0-0.1.b4.fc33.x86_64                                                 
  systemd-245.4-1.fc33.x86_64                                                   
  systemd-libs-245.4-1.fc33.x86_64                                              
  systemd-pam-245.4-1.fc33.x86_64                                               
  systemd-rpm-macros-245.4-1.fc33.noarch                                        
  util-linux-2.35.1-7.fc33.x86_64                                               
  vim-minimal-2:8.2.480-1.fc33.x86_64                                           
  xz-libs-5.2.5-1.fc33.x86_64                                                   
  yum-4.2.21-1.fc33.noarch                                                      

Installed:
  cracklib-dicts-2.9.6-22.fc32.x86_64                                           
  crypto-policies-scripts-20200312-1.git3ae59d2.fc33.noarch                     
  dbus-libs-1:1.12.16-5.fc33.x86_64                                             
  deltarpm-3.6.2-5.fc32.x86_64                                                  
  diffutils-3.7-4.fc32.x86_64                                                   
  elfutils-debuginfod-client-0.179-1.fc33.x86_64                                
  libevent-2.1.8-8.fc32.x86_64                                                  
  libmodulemd-2.9.2-4.fc33.x86_64                                               
  libxcrypt-compat-4.4.15-2.fc33.x86_64                                         
  libxkbcommon-0.10.0-2.fc32.x86_64                                             
  mkpasswd-5.5.6-1.fc33.x86_64                                                  
  openssl-pkcs11-0.4.10-5.fc32.x86_64                                           
  pcre2-syntax-10.34-9.fc33.noarch                                              
  python-unversioned-command-3.8.2-2.fc33.noarch                                
  python3-pip-20.0.2-2.fc33.noarch                                              
  python3-setuptools-46.1.3-1.fc33.noarch                                       
  python3-unbound-1.10.0-1.fc33.x86_64                                          
  rpm-plugin-systemd-inhibit-4.15.90-0.git14971.3.fc33.x86_64                   
  shared-mime-info-1.15-3.fc33.x86_64                                           
  trousers-0.3.13-13.fc31.x86_64                                                
  trousers-lib-0.3.13-13.fc31.x86_64                                            
  unbound-libs-1.10.0-1.fc33.x86_64                                             
  whois-nls-5.5.6-1.fc33.noarch                                                 
  xkeyboard-config-2.29-1.fc32.noarch                                           

Complete!
15 files removed
Removing intermediate container 9350b4e1575d
 ---> 4c558adbc073
Step 4/15 : RUN yum -y install mesos mesos-java python-mesos && yum clean all
 ---> Running in 3ab9efd93ada
Fedora 33 openh264 (From Cisco) - x86_64        950  B/s | 543  B     00:00    
Fedora 33 openh264 (From Cisco) - x86_64        1.6 MB/s | 1.6 kB     00:00    
[91mImporting GPG key 0x9570FF31:
 Userid     : "Fedora (33) <fedora-33-primary@fedoraproject.org>"
 Fingerprint: 963A 2BEB 0200 9608 FE67 EA42 49FD 7749 9570 FF31
 From       : /etc/pki/rpm-gpg/RPM-GPG-KEY-fedora-33-x86_64
[0mFedora 33 openh264 (From Cisco) - x86_64        8.5 kB/s | 5.1 kB     00:00    
Fedora - Modular Rawhide - Developmental packag 3.4 MB/s | 3.0 MB     00:00    
Fedora - Rawhide - Developmental packages for t  21 MB/s |  72 MB     00:03    
No match for argument: mesos
No match for argument: mesos-java
No match for argument: python-mesos
[91mError: Unable to find a match: mesos mesos-java python-mesos
[0mThe command '/bin/sh -c yum -y install mesos mesos-java python-mesos && yum clean all' returned a non-zero code: 1
