Sending build context to Docker daemon  2.048kB
Step 1/14 : FROM golang:alpine AS build-env
alpine: Pulling from library/golang
aad63a933944: Pulling fs layer
c732a2540651: Pulling fs layer
7b2225181d6b: Pulling fs layer
c8dae7ec6990: Pulling fs layer
08684ee472f3: Pulling fs layer
c8dae7ec6990: Waiting
08684ee472f3: Waiting
7b2225181d6b: Download complete
c732a2540651: Download complete
aad63a933944: Verifying Checksum
aad63a933944: Download complete
aad63a933944: Pull complete
08684ee472f3: Verifying Checksum
08684ee472f3: Download complete
c732a2540651: Pull complete
7b2225181d6b: Pull complete
c8dae7ec6990: Verifying Checksum
c8dae7ec6990: Download complete
c8dae7ec6990: Pull complete
08684ee472f3: Pull complete
Digest: sha256:244a736db4a1d2611d257e7403c729663ce2eb08d4628868f9d9ef2735496659
Status: Downloaded newer image for golang:alpine
 ---> 760fdda71c8f
Step 2/14 : RUN apk --no-cache add build-base git bzr mercurial gcc
 ---> Running in d2fe284b9013
fetch http://dl-cdn.alpinelinux.org/alpine/v3.11/main/x86_64/APKINDEX.tar.gz
fetch http://dl-cdn.alpinelinux.org/alpine/v3.11/community/x86_64/APKINDEX.tar.gz
(1/35) Installing libgcc (9.2.0-r4)
(2/35) Installing libstdc++ (9.2.0-r4)
(3/35) Installing binutils (2.33.1-r0)
(4/35) Installing libmagic (5.37-r1)
(5/35) Installing file (5.37-r1)
(6/35) Installing gmp (6.1.2-r1)
(7/35) Installing isl (0.18-r0)
(8/35) Installing libgomp (9.2.0-r4)
(9/35) Installing libatomic (9.2.0-r4)
(10/35) Installing mpfr4 (4.0.2-r1)
(11/35) Installing mpc1 (1.1.0-r1)
(12/35) Installing gcc (9.2.0-r4)
(13/35) Installing musl-dev (1.1.24-r2)
(14/35) Installing libc-dev (0.7.2-r0)
(15/35) Installing g++ (9.2.0-r4)
(16/35) Installing make (4.2.1-r2)
(17/35) Installing fortify-headers (1.1-r0)
(18/35) Installing build-base (0.5-r1)
(19/35) Installing libbz2 (1.0.8-r1)
(20/35) Installing expat (2.2.9-r1)
(21/35) Installing libffi (3.2.1-r6)
(22/35) Installing gdbm (1.13-r1)
(23/35) Installing ncurses-terminfo-base (6.1_p20200118-r2)
(24/35) Installing ncurses-libs (6.1_p20200118-r2)
(25/35) Installing readline (8.0.1-r0)
(26/35) Installing sqlite-libs (3.30.1-r1)
(27/35) Installing python2 (2.7.16-r3)
(28/35) Installing bzr (2.7.0-r1)
(29/35) Installing nghttp2-libs (1.40.0-r0)
(30/35) Installing libcurl (7.67.0-r0)
(31/35) Installing pcre2 (10.34-r1)
(32/35) Installing git (2.24.1-r0)
(33/35) Installing xz-libs (5.2.4-r0)
(34/35) Installing python3 (3.8.2-r0)
(35/35) Installing mercurial (5.3.1-r0)
Executing busybox-1.31.1-r9.trigger
OK: 336 MiB in 50 packages
Removing intermediate container d2fe284b9013
 ---> feee8f9e1488
Step 3/14 : ENV D=/go/src/github.com/treeder/dj
 ---> Running in 9f5bcf648e51
Removing intermediate container 9f5bcf648e51
 ---> bbffa93aa6e1
Step 4/14 : RUN go get -u github.com/golang/dep/cmd/dep
 ---> Running in 82941e881789
Removing intermediate container 82941e881789
 ---> de65f82c1a95
Step 5/14 : RUN env
 ---> Running in b901be122c98
HOSTNAME=b901be122c98
SHLVL=1
HOME=/root
PATH=/go/bin:/usr/local/go/bin:/usr/local/sbin:/usr/local/bin:/usr/sbin:/usr/bin:/sbin:/bin
D=/go/src/github.com/treeder/dj
GOPATH=/go
PWD=/go
GOLANG_VERSION=1.14.1
Removing intermediate container b901be122c98
 ---> 4389a1206d57
Step 6/14 : ADD Gopkg.* $D/
ADD failed: no source files were specified
