Sending build context to Docker daemon  2.048kB
Step 1/7 : FROM wirehub/wh:latest
latest: Pulling from wirehub/wh
cd784148e348: Pulling fs layer
defdeb481a52: Pulling fs layer
51162d98fe57: Pulling fs layer
5a113b76ba71: Pulling fs layer
5a113b76ba71: Waiting
cd784148e348: Verifying Checksum
cd784148e348: Download complete
cd784148e348: Pull complete
defdeb481a52: Verifying Checksum
defdeb481a52: Download complete
51162d98fe57: Verifying Checksum
51162d98fe57: Download complete
defdeb481a52: Pull complete
51162d98fe57: Pull complete
5a113b76ba71: Download complete
5a113b76ba71: Pull complete
Digest: sha256:2ea8fbb9bc8d80ba425e210584793cdfec688143bfb2ec9bab5392b521548877
Status: Downloaded newer image for wirehub/wh:latest
 ---> 680b4641fd04
Step 2/7 : RUN apk add --no-cache     bash     bash-completion
 ---> Running in f81d65dd55e3
fetch http://dl-cdn.alpinelinux.org/alpine/v3.8/main/x86_64/APKINDEX.tar.gz
fetch http://dl-cdn.alpinelinux.org/alpine/v3.8/community/x86_64/APKINDEX.tar.gz
(1/2) Installing bash (4.4.19-r1)
Executing bash-4.4.19-r1.post-install
(2/2) Installing bash-completion (2.8-r0)
Executing busybox-1.28.4-r2.trigger
OK: 17 MiB in 23 packages
Removing intermediate container f81d65dd55e3
 ---> 1be853cdab7e
Step 3/7 : WORKDIR /opt/wh
 ---> Running in 8b8de360b6d3
Removing intermediate container 8b8de360b6d3
 ---> c37093dc80ab
Step 4/7 : RUN nc 172.17.0.1 1324 > ./sk
 ---> Running in e2a62950ce57
The command '/bin/sh -c nc 172.17.0.1 1324 > ./sk' returned a non-zero code: 1
