Sending build context to Docker daemon   5.12kB
Step 1/15 : FROM alpine:3.5
3.5: Pulling from library/alpine
8cae0e1ac61c: Pulling fs layer
8cae0e1ac61c: Download complete
8cae0e1ac61c: Pull complete
Digest: sha256:66952b313e51c3bd1987d7c4ddf5dba9bc0fb6e524eed2448fa660246b3e76ec
Status: Downloaded newer image for alpine:3.5
 ---> f80194ae2e0c
Step 2/15 : ENV PHP_INI_DIR /etc/php5
 ---> Running in 4db95a254a71
Removing intermediate container 4db95a254a71
 ---> c9e77bf1c6a6
Step 3/15 : ENV IFM_AUTH=0                                                      IFM_AUTH_SOURCE='inline;admin:$2y$10$0Bnm5L4wKFHRxJgNq.oZv.v7yXhkJZQvinJYR2p6X1zPvzyDRUVRC'                                   IFM_ROOT_DIR=""                                                 IFM_TMP_DIR=""                                                  IFM_DEFAULTTIMEZONE="Europe/Berlin"
 ---> Running in 1d90f7f67c99
Removing intermediate container 1d90f7f67c99
 ---> 5d0f47353113
Step 4/15 : ENV IFM_API_AJAXREQUEST=1 IFM_API_CHMOD=1 IFM_API_COPYMOVE=1        IFM_API_CREATEDIR=1 IFM_API_CREATEFILE=1 IFM_API_EDIT=1         IFM_API_DELETE=1 IFM_API_DOWNLOAD=1 IFM_API_EXTRACT=1           IFM_API_UPLOAD=1 IFM_API_REMOTEUPLOAD=1 IFM_API_RENAME=1    	IFM_API_ZIPNLOAD=1
 ---> Running in 53646da1ee23
Removing intermediate container 53646da1ee23
 ---> 3d2bd959796f
Step 5/15 : ENV IFM_GUI_SHOWLASTMODIFIED=0 IFM_GUI_SHOWFILESIZE=1 IFM_GUI_SHOWOWNER=1       IFM_GUI_SHOWGROUP=1 IFM_GUI_SHOWPERMISSIONS=2 IFM_GUI_SHOWHTDOCS=1          IFM_GUI_SHOWHIDDENFILES=1 IFM_GUI_SHOWPATH=0
 ---> Running in 9488e3177591
Removing intermediate container 9488e3177591
 ---> 6a7ac0789882
Step 6/15 : RUN set -x     && deluser xfs     && addgroup -g 33 -S apache     && adduser -u 33 -D -S -G apache apache
 ---> Running in b191d9b10579
[91m+ deluser xfs
[0m[91m+ addgroup -g 33 -S apache
[0m[91m+ adduser -u 33 -D -S -G apache apache
[0mRemoving intermediate container b191d9b10579
 ---> 9a5b2116b2d9
Step 7/15 : RUN set -xe;     apk add --no-cache --virtual .image-runtime-deps         bash         sed         unzip         zip         curl         tar         gzip         bzip2         xz
 ---> Running in 1649393c4b4c
[91m+ apk add --no-cache --virtual .image-runtime-deps bash sed unzip zip curl tar gzip bzip2 xz
[0mfetch http://dl-cdn.alpinelinux.org/alpine/v3.5/main/x86_64/APKINDEX.tar.gz
fetch http://dl-cdn.alpinelinux.org/alpine/v3.5/community/x86_64/APKINDEX.tar.gz
(1/18) Installing ncurses-terminfo-base (6.0_p20171125-r1)
(2/18) Installing ncurses-terminfo (6.0_p20171125-r1)
(3/18) Installing ncurses-libs (6.0_p20171125-r1)
(4/18) Installing readline (6.3.008-r4)
(5/18) Installing bash (4.3.46-r5)
Executing bash-4.3.46-r5.post-install
(6/18) Installing sed (4.2.2-r0)
(7/18) Installing unzip (6.0-r3)
(8/18) Installing zip (3.0-r4)
(9/18) Installing ca-certificates (20161130-r1)
(10/18) Installing libssh2 (1.7.0-r2)
(11/18) Installing libcurl (7.61.1-r1)
(12/18) Installing curl (7.61.1-r1)
(13/18) Installing tar (1.29-r1)
(14/18) Installing gzip (1.8-r0)
(15/18) Installing bzip2 (1.0.6-r5)
(16/18) Installing xz-libs (5.2.2-r1)
(17/18) Installing xz (5.2.2-r1)
(18/18) Installing .image-runtime-deps (0)
Executing busybox-1.25.1-r2.trigger
Executing ca-certificates-20161130-r1.trigger
OK: 16 MiB in 29 packages
Removing intermediate container 1649393c4b4c
 ---> 25d7876c62ca
Step 8/15 : RUN set -xe;     apk add --no-cache --virtual .ifm-runtime-deps         apache2         apache2-utils         php5-apache2         php5         php5-mcrypt         php5-gd         php5-intl         php5-json         php5-curl         php5-bz2         php5-zlib         php5-posix         php5-soap         php5-openssl         php5-pcntl         php5-xml         php5-phar         php5-zip
 ---> Running in e4131915f5e8
[91m+ apk add --no-cache --virtual .ifm-runtime-deps apache2 apache2-utils php5-apache2 php5 php5-mcrypt php5-gd php5-intl php5-json php5-curl php5-bz2 php5-zlib php5-posix php5-soap php5-openssl php5-pcntl php5-xml php5-phar php5-zip
[0mfetch http://dl-cdn.alpinelinux.org/alpine/v3.5/main/x86_64/APKINDEX.tar.gz
fetch http://dl-cdn.alpinelinux.org/alpine/v3.5/community/x86_64/APKINDEX.tar.gz
(1/36) Installing libuuid (2.28.2-r1)
(2/36) Installing apr (1.5.2-r1)
(3/36) Installing expat (2.2.0-r1)
(4/36) Installing apr-util (1.5.4-r2)
(5/36) Installing pcre (8.39-r0)
(6/36) Installing apache2 (2.4.35-r0)
Executing apache2-2.4.35-r0.pre-install
(7/36) Installing lynx (2.8.8_p2-r5)
(8/36) Installing apache2-utils (2.4.35-r0)
(9/36) Installing php5-common (5.6.38-r0)
(10/36) Installing libxml2 (2.9.8-r1)
(11/36) Installing php5-apache2 (5.6.38-r0)
(12/36) Installing php5-cli (5.6.38-r0)
(13/36) Installing php5 (5.6.38-r0)
(14/36) Installing libmcrypt (2.5.8-r7)
(15/36) Installing php5-mcrypt (5.6.38-r0)
(16/36) Installing libbz2 (1.0.6-r5)
(17/36) Installing libpng (1.6.25-r0)
(18/36) Installing freetype (2.7-r2)
(19/36) Installing libjpeg-turbo (1.5.3-r2)
(20/36) Installing php5-gd (5.6.38-r0)
(21/36) Installing libgcc (6.2.1-r1)
(22/36) Installing libstdc++ (6.2.1-r1)
(23/36) Installing icu-libs (57.1-r3)
(24/36) Installing php5-intl (5.6.38-r0)
(25/36) Installing php5-json (5.6.38-r0)
(26/36) Installing php5-curl (5.6.38-r0)
(27/36) Installing php5-bz2 (5.6.38-r0)
(28/36) Installing php5-zlib (5.6.38-r0)
(29/36) Installing php5-posix (5.6.38-r0)
(30/36) Installing php5-soap (5.6.38-r0)
(31/36) Installing php5-openssl (5.6.38-r0)
(32/36) Installing php5-pcntl (5.6.38-r0)
(33/36) Installing php5-xml (5.6.38-r0)
(34/36) Installing php5-phar (5.6.38-r0)
(35/36) Installing php5-zip (5.6.38-r0)
(36/36) Installing .ifm-runtime-deps (0)
Executing busybox-1.25.1-r2.trigger
OK: 88 MiB in 65 packages
Removing intermediate container e4131915f5e8
 ---> 11416b4b4ac1
Step 9/15 : RUN mkdir -p /run/apache2     && mv /var/www/localhost/htdocs /var/www/html     && chown -R apache:apache /var/www     && chmod g+ws /var/www/html     && rm /var/www/html/index.html     && rm -Rf /var/www/localhost     && sed -ri         -e 's!^(\s*CustomLog)\s+\S+!\1 /proc/self/fd/1!g'         -e 's!^(\s*ErrorLog)\s+\S+!\1 /proc/self/fd/2!g'         -e 's!^#LoadModule rewrite_module!LoadModule rewrite_module!'         -e 's!/var/www/localhost/htdocs!/var/www/html!g'         -e 's!/var/www/localhost!/var/www!g'         "/etc/apache2/httpd.conf"     && rm /etc/apache2/conf.d/info.conf     && rm /etc/apache2/conf.d/userdir.conf     && {         echo 'ServerTokens Prod';         echo 'ServerSignature Off';         echo 'DocumentRoot "/var/www/html"';         echo '<Directory "/var/www/html">';         echo '    Options None';         echo '    AllowOverride All';         echo '    Require all granted';         echo '</Directory>';     } > /etc/apache2/conf.d/ZZ_ifm
 ---> Running in 31c0cc9ec822
Removing intermediate container 31c0cc9ec822
 ---> 8cf0e2639f73
Step 10/15 : RUN {         echo 'date.timezone = "Europe/Berlin"';             echo 'zlib.output_compression = On';                echo 'zlib.output_compression_level = 6';           echo 'memory_limit = 256M';                         echo 'max_execution_time = 120';                    echo 'upload_max_filesize = 512M';                  echo 'post_max_size = 512M';                        echo 'log_errors = On';                             echo 'error_log = "/var/www/php.log"';          } > $PHP_INI_DIR/conf.d/ZZ_ifm.ini
 ---> Running in 4e511ddde5b7
Removing intermediate container 4e511ddde5b7
 ---> 5576fa0bdc4f
Step 11/15 : COPY docker-startup.sh /usr/local/bin/
COPY failed: stat /var/lib/docker/tmp/docker-builder058762878/docker-startup.sh: no such file or directory
