Sending build context to Docker daemon  2.048kB
Step 1/9 : FROM jpetazzo/dind
latest: Pulling from jpetazzo/dind
28bfaceaff9b: Pulling fs layer
ac540055f2f8: Pulling fs layer
2965585ef8b8: Pulling fs layer
2416bb9f3ad2: Pulling fs layer
93b55a6a6807: Pulling fs layer
1869af86af90: Pulling fs layer
fa90c21e948c: Pulling fs layer
4cc8c36bb9c7: Pulling fs layer
93b55a6a6807: Waiting
1869af86af90: Waiting
fa90c21e948c: Waiting
4cc8c36bb9c7: Waiting
2416bb9f3ad2: Waiting
ac540055f2f8: Download complete
2965585ef8b8: Download complete
2416bb9f3ad2: Download complete
93b55a6a6807: Download complete
1869af86af90: Verifying Checksum
1869af86af90: Download complete
28bfaceaff9b: Verifying Checksum
28bfaceaff9b: Download complete
4cc8c36bb9c7: Verifying Checksum
4cc8c36bb9c7: Download complete
fa90c21e948c: Verifying Checksum
fa90c21e948c: Download complete
28bfaceaff9b: Pull complete
ac540055f2f8: Pull complete
2965585ef8b8: Pull complete
2416bb9f3ad2: Pull complete
93b55a6a6807: Pull complete
1869af86af90: Pull complete
fa90c21e948c: Pull complete
4cc8c36bb9c7: Pull complete
Digest: sha256:f48a1bbf379afdb7a7685abd0130ccd2f214662b086eb7320c296ee83fc6448e
Status: Downloaded newer image for jpetazzo/dind:latest
 ---> a01520066cae
Step 2/9 : MAINTAINER Taylor "Nekroze" Lawson
 ---> Running in b763b5a4eae1
Removing intermediate container b763b5a4eae1
 ---> 22b86a696a4a
Step 3/9 : RUN apt-get install -y python-pip aufs-tools
 ---> Running in 0743e9335fc5
Reading package lists...
Building dependency tree...
Reading state information...
The following extra packages will be installed:
  binutils build-essential cpp cpp-4.8 dpkg-dev fakeroot g++ g++-4.8 gcc
  gcc-4.8 libalgorithm-diff-perl libalgorithm-diff-xs-perl
  libalgorithm-merge-perl libasan0 libatomic1 libc-dev-bin libc6-dev
  libcloog-isl4 libdpkg-perl libfakeroot libfile-fcntllock-perl libgcc-4.8-dev
  libgmp10 libgomp1 libisl10 libitm1 libmpc3 libmpfr4 libquadmath0
  libstdc++-4.8-dev libtimedate-perl libtsan0 linux-libc-dev make manpages
  manpages-dev patch python-chardet-whl python-colorama python-colorama-whl
  python-distlib python-distlib-whl python-html5lib python-html5lib-whl
  python-pip-whl python-requests-whl python-setuptools-whl python-six-whl
  python-urllib3-whl python-wheel python3-pkg-resources
Suggested packages:
  binutils-doc cpp-doc gcc-4.8-locales debian-keyring g++-multilib
  g++-4.8-multilib gcc-4.8-doc libstdc++6-4.8-dbg gcc-multilib autoconf
  automake1.9 libtool flex bison gdb gcc-doc gcc-4.8-multilib libgcc1-dbg
  libgomp1-dbg libitm1-dbg libatomic1-dbg libasan0-dbg libtsan0-dbg
  libquadmath0-dbg glibc-doc libstdc++-4.8-doc make-doc man-browser ed
  diffutils-doc python-genshi python3-setuptools
Recommended packages:
  python-dev-all
The following NEW packages will be installed:
  aufs-tools binutils build-essential cpp cpp-4.8 dpkg-dev fakeroot g++
  g++-4.8 gcc gcc-4.8 libalgorithm-diff-perl libalgorithm-diff-xs-perl
  libalgorithm-merge-perl libasan0 libatomic1 libc-dev-bin libc6-dev
  libcloog-isl4 libdpkg-perl libfakeroot libfile-fcntllock-perl libgcc-4.8-dev
  libgmp10 libgomp1 libisl10 libitm1 libmpc3 libmpfr4 libquadmath0
  libstdc++-4.8-dev libtimedate-perl libtsan0 linux-libc-dev make manpages
  manpages-dev patch python-chardet-whl python-colorama python-colorama-whl
  python-distlib python-distlib-whl python-html5lib python-html5lib-whl
  python-pip python-pip-whl python-requests-whl python-setuptools-whl
  python-six-whl python-urllib3-whl python-wheel python3-pkg-resources
0 upgraded, 53 newly installed, 0 to remove and 9 not upgraded.
Need to get 41.7 MB of archives.
After this operation, 120 MB of additional disk space will be used.
Get:1 http://archive.ubuntu.com/ubuntu/ trusty-updates/main libasan0 amd64 4.8.4-2ubuntu1~14.04.4 [63.1 kB]
Get:2 http://archive.ubuntu.com/ubuntu/ trusty-updates/main libatomic1 amd64 4.8.4-2ubuntu1~14.04.4 [8630 B]
Get:3 http://archive.ubuntu.com/ubuntu/ trusty/main libgmp10 amd64 2:5.1.3+dfsg-1ubuntu1 [218 kB]
Get:4 http://archive.ubuntu.com/ubuntu/ trusty/main libisl10 amd64 0.12.2-1 [419 kB]
Get:5 http://archive.ubuntu.com/ubuntu/ trusty/main libcloog-isl4 amd64 0.18.2-1 [57.5 kB]
Get:6 http://archive.ubuntu.com/ubuntu/ trusty-updates/main libgomp1 amd64 4.8.4-2ubuntu1~14.04.4 [23.1 kB]
Get:7 http://archive.ubuntu.com/ubuntu/ trusty-updates/main libitm1 amd64 4.8.4-2ubuntu1~14.04.4 [28.6 kB]
Get:8 http://archive.ubuntu.com/ubuntu/ trusty/main libmpfr4 amd64 3.1.2-1 [203 kB]
Get:9 http://archive.ubuntu.com/ubuntu/ trusty-updates/main libquadmath0 amd64 4.8.4-2ubuntu1~14.04.4 [126 kB]
Get:10 http://archive.ubuntu.com/ubuntu/ trusty-updates/main libtsan0 amd64 4.8.4-2ubuntu1~14.04.4 [94.8 kB]
Get:11 http://archive.ubuntu.com/ubuntu/ trusty/main libmpc3 amd64 1.0.1-1ubuntu1 [38.4 kB]
Get:12 http://archive.ubuntu.com/ubuntu/ trusty/main manpages all 3.54-1ubuntu1 [627 kB]
Get:13 http://archive.ubuntu.com/ubuntu/ trusty/universe aufs-tools amd64 1:3.2+20130722-1.1 [92.3 kB]
Get:14 http://archive.ubuntu.com/ubuntu/ trusty-updates/main binutils amd64 2.24-5ubuntu14.2 [2076 kB]
Err http://archive.ubuntu.com/ubuntu/ trusty-updates/main libc-dev-bin amd64 2.19-0ubuntu6.14
  404  Not Found [IP: 91.189.88.142 80]
Err http://security.ubuntu.com/ubuntu/ trusty-security/main libc-dev-bin amd64 2.19-0ubuntu6.14
  404  Not Found [IP: 91.189.88.142 80]
Get:15 http://archive.ubuntu.com/ubuntu/ trusty-updates/main cpp-4.8 amd64 4.8.4-2ubuntu1~14.04.4 [4452 kB]
Err http://security.ubuntu.com/ubuntu/ trusty-security/main linux-libc-dev amd64 3.13.0-151.201
  404  Not Found [IP: 91.189.88.142 80]
Err http://security.ubuntu.com/ubuntu/ trusty-security/main libc6-dev amd64 2.19-0ubuntu6.14
  404  Not Found [IP: 91.189.88.142 80]
Get:16 http://archive.ubuntu.com/ubuntu/ trusty/main cpp amd64 4:4.8.2-1ubuntu6 [27.5 kB]
Get:17 http://archive.ubuntu.com/ubuntu/ trusty-updates/main libgcc-4.8-dev amd64 4.8.4-2ubuntu1~14.04.4 [1688 kB]
Get:18 http://archive.ubuntu.com/ubuntu/ trusty-updates/main gcc-4.8 amd64 4.8.4-2ubuntu1~14.04.4 [5040 kB]
Get:19 http://archive.ubuntu.com/ubuntu/ trusty/main gcc amd64 4:4.8.2-1ubuntu6 [5098 B]
Get:20 http://archive.ubuntu.com/ubuntu/ trusty-updates/main libstdc++-4.8-dev amd64 4.8.4-2ubuntu1~14.04.4 [1051 kB]
Get:21 http://archive.ubuntu.com/ubuntu/ trusty-updates/main g++-4.8 amd64 4.8.4-2ubuntu1~14.04.4 [18.0 MB]
Get:22 http://archive.ubuntu.com/ubuntu/ trusty/main g++ amd64 4:4.8.2-1ubuntu6 [1490 B]
Get:23 http://archive.ubuntu.com/ubuntu/ trusty/main make amd64 3.81-8.2ubuntu3 [119 kB]
Get:24 http://archive.ubuntu.com/ubuntu/ trusty/main libtimedate-perl all 2.3000-1 [37.2 kB]
Get:25 http://archive.ubuntu.com/ubuntu/ trusty-updates/main libdpkg-perl all 1.17.5ubuntu5.8 [179 kB]
Get:26 http://archive.ubuntu.com/ubuntu/ trusty-updates/main patch amd64 2.7.1-4ubuntu2.4 [86.9 kB]
Get:27 http://archive.ubuntu.com/ubuntu/ trusty-updates/main dpkg-dev all 1.17.5ubuntu5.8 [726 kB]
Get:28 http://archive.ubuntu.com/ubuntu/ trusty/main build-essential amd64 11.6ubuntu6 [4838 B]
Get:29 http://archive.ubuntu.com/ubuntu/ trusty/main libfakeroot amd64 1.20-3ubuntu2 [25.4 kB]
Get:30 http://archive.ubuntu.com/ubuntu/ trusty/main fakeroot amd64 1.20-3ubuntu2 [55.0 kB]
Get:31 http://archive.ubuntu.com/ubuntu/ trusty/main libalgorithm-diff-perl all 1.19.02-3 [50.0 kB]
Get:32 http://archive.ubuntu.com/ubuntu/ trusty/main libalgorithm-diff-xs-perl amd64 0.04-2build4 [12.6 kB]
Get:33 http://archive.ubuntu.com/ubuntu/ trusty/main libalgorithm-merge-perl all 0.08-2 [12.7 kB]
Get:34 http://archive.ubuntu.com/ubuntu/ trusty/main libfile-fcntllock-perl amd64 0.14-2build1 [15.9 kB]
Get:35 http://archive.ubuntu.com/ubuntu/ trusty/main manpages-dev all 3.54-1ubuntu1 [1820 kB]
Get:36 http://archive.ubuntu.com/ubuntu/ trusty-updates/main python3-pkg-resources all 3.3-1ubuntu2 [31.7 kB]
Get:37 http://archive.ubuntu.com/ubuntu/ trusty-updates/universe python-chardet-whl all 2.2.1-2~ubuntu1 [170 kB]
Get:38 http://archive.ubuntu.com/ubuntu/ trusty-updates/universe python-colorama all 0.2.5-0.1ubuntu2 [18.4 kB]
Get:39 http://archive.ubuntu.com/ubuntu/ trusty-updates/universe python-colorama-whl all 0.2.5-0.1ubuntu2 [18.2 kB]
Get:40 http://archive.ubuntu.com/ubuntu/ trusty-updates/universe python-distlib all 0.1.8-1ubuntu1 [113 kB]
Get:41 http://archive.ubuntu.com/ubuntu/ trusty-updates/universe python-distlib-whl all 0.1.8-1ubuntu1 [140 kB]
Get:42 http://archive.ubuntu.com/ubuntu/ trusty-updates/main python-html5lib all 0.999-3~ubuntu1 [83.5 kB]
Get:43 http://archive.ubuntu.com/ubuntu/ trusty-updates/main python-html5lib-whl all 0.999-3~ubuntu1 [109 kB]
Err http://archive.ubuntu.com/ubuntu/ trusty-updates/main python-six-whl all 1.5.2-1ubuntu1
  404  Not Found [IP: 91.189.88.142 80]
Err http://archive.ubuntu.com/ubuntu/ trusty-updates/main python-urllib3-whl all 1.7.1-1ubuntu4
  404  Not Found [IP: 91.189.88.142 80]
Err http://archive.ubuntu.com/ubuntu/ trusty-updates/main python-requests-whl all 2.2.1-1ubuntu0.3
  404  Not Found [IP: 91.189.88.142 80]
Get:44 http://archive.ubuntu.com/ubuntu/ trusty-updates/main python-setuptools-whl all 3.3-1ubuntu2 [244 kB]
Get:45 http://archive.ubuntu.com/ubuntu/ trusty-updates/universe python-pip-whl all 1.5.4-1ubuntu4 [111 kB]
Get:46 http://archive.ubuntu.com/ubuntu/ trusty-updates/universe python-pip all 1.5.4-1ubuntu4 [97.3 kB]
Err http://archive.ubuntu.com/ubuntu/ trusty-updates/main python-wheel all 0.24.0-1~ubuntu1
  404  Not Found [IP: 91.189.88.142 80]
[91mE: Failed to fetch http://security.ubuntu.com/ubuntu/pool/main/e/eglibc/libc-dev-bin_2.19-0ubuntu6.14_amd64.deb  404  Not Found [IP: 91.189.88.142 80]

E: Failed to fetch http://security.ubuntu.com/ubuntu/pool/main/l/linux/linux-libc-dev_3.13.0-151.201_amd64.deb  404  Not Found [IP: 91.189.88.142 80]

E: Failed to fetch http://security.ubuntu.com/ubuntu/pool/main/e/eglibc/libc6-dev_2.19-0ubuntu6.14_amd64.deb  404  Not Found [IP: 91.189.88.142 80]

E: Failed to fetch http://archive.ubuntu.com/ubuntu/pool/main/s/six/python-six-whl_1.5.2-1ubuntu1_all.deb  404  Not Found [IP: 91.189.88.142 80]

E: Failed to fetch http://archive.ubuntu.com/ubuntu/pool/main/p/python-urllib3/python-urllib3-whl_1.7.1-1ubuntu4_all.deb  404  Not Found [IP: 91.189.88.142 80]

E: Failed to fetch http://archive.ubuntu.com/ubuntu/pool/main/r/requests/python-requests-whl_2.2.1-1ubuntu0.3_all.deb  404  Not Found [IP: 91.189.88.142 80]
[0m[91m
E: Failed to fetch http://archive.ubuntu.com/ubuntu/pool/main/w/wheel/python-wheel_0.24.0-1~ubuntu1_all.deb  404  Not Found [IP: 91.189.88.142 80]

E: Unable to fetch some archives, maybe run apt-get update or try with --fix-missing?
[0mFetched 38.6 MB in 7s (4892 kB/s)
The command '/bin/sh -c apt-get install -y python-pip aufs-tools' returned a non-zero code: 100
