Sending build context to Docker daemon  2.048kB
Step 1/12 : FROM golang:1.12 as builder
1.12: Pulling from library/golang
dc65f448a2e2: Pulling fs layer
346ffb2b67d7: Pulling fs layer
dea4ecac934f: Pulling fs layer
8ac92ddf84b3: Pulling fs layer
7ca605383307: Pulling fs layer
020f524b99dd: Pulling fs layer
06036b0307c9: Pulling fs layer
7ca605383307: Waiting
020f524b99dd: Waiting
06036b0307c9: Waiting
8ac92ddf84b3: Waiting
346ffb2b67d7: Verifying Checksum
346ffb2b67d7: Download complete
dea4ecac934f: Verifying Checksum
dea4ecac934f: Download complete
dc65f448a2e2: Verifying Checksum
dc65f448a2e2: Download complete
8ac92ddf84b3: Verifying Checksum
8ac92ddf84b3: Download complete
7ca605383307: Verifying Checksum
7ca605383307: Download complete
06036b0307c9: Verifying Checksum
06036b0307c9: Download complete
020f524b99dd: Verifying Checksum
020f524b99dd: Download complete
dc65f448a2e2: Pull complete
346ffb2b67d7: Pull complete
dea4ecac934f: Pull complete
8ac92ddf84b3: Pull complete
7ca605383307: Pull complete
020f524b99dd: Pull complete
06036b0307c9: Pull complete
Digest: sha256:d0e79a9c39cdb3d71cc45fec929d1308d50420b79201467ec602b1b80cc314a8
Status: Downloaded newer image for golang:1.12
 ---> ffcaee6f7d8b
Step 2/12 : ARG ARG_GOPROXY
 ---> Running in e218f1b44ea2
Removing intermediate container e218f1b44ea2
 ---> 107d7da03eb4
Step 3/12 : ENV GOPROXY $ARG_GOPROXY
 ---> Running in 2e4585fdfa24
Removing intermediate container 2e4585fdfa24
 ---> 2f271090843a
Step 4/12 : WORKDIR /home/app
 ---> Running in 76cdac060efa
Removing intermediate container 76cdac060efa
 ---> d343c4c9c434
Step 5/12 : COPY go.mod go.sum ./
COPY failed: stat /var/lib/docker/tmp/docker-builder456804717/go.mod: no such file or directory
