Sending build context to Docker daemon  2.048kB
Step 1/6 : FROM fedora
latest: Pulling from library/fedora
5c1b9e8d7bf7: Pulling fs layer
5c1b9e8d7bf7: Verifying Checksum
5c1b9e8d7bf7: Download complete
5c1b9e8d7bf7: Pull complete
Digest: sha256:c97879f8bebe49744307ea5c77ffc76c7cc97f3ddec72fb9a394bd4e4519b388
Status: Downloaded newer image for fedora:latest
 ---> 536f3995adeb
Step 2/6 : RUN yum -y install git python-pip findutils &&     yum clean all &&     mkdir /app &&     cd /app &&     git clone https://github.com/servo/homu.git &&     pip3 install ./homu &&     find /usr/lib/python* -name git_helper.py -exec chmod a+x {} ';'
 ---> Running in e61ecf6fe8af
Fedora Modular 31 - x86_64                      6.0 MB/s | 5.2 MB     00:00    
Fedora Modular 31 - x86_64 - Updates            4.5 MB/s | 4.0 MB     00:00    
Fedora 31 - x86_64 - Updates                     16 MB/s |  23 MB     00:01    
Fedora 31 - x86_64                               13 MB/s |  71 MB     00:05    
Last metadata expiration check: 0:00:01 ago on Fri Apr  3 00:16:05 2020.
Dependencies resolved.
================================================================================
 Package                  Arch     Version                      Repo       Size
================================================================================
Installing:
 findutils                x86_64   1:4.6.0-24.fc31              fedora    520 k
 git                      x86_64   2.25.1-2.fc31                updates   126 k
 python3-pip              noarch   19.1.1-7.fc31                updates   1.6 M
Installing dependencies:
 emacs-filesystem         noarch   1:26.3-1.fc31                updates   8.5 k
 fipscheck                x86_64   1.5.0-7.fc31                 fedora     26 k
 fipscheck-lib            x86_64   1.5.0-7.fc31                 fedora     14 k
 git-core                 x86_64   2.25.1-2.fc31                updates   4.7 M
 git-core-doc             noarch   2.25.1-2.fc31                updates   2.2 M
 groff-base               x86_64   1.22.3-20.fc31               fedora    1.0 M
 less                     x86_64   551-2.fc31                   fedora    154 k
 libedit                  x86_64   3.1-30.20191211cvs.fc31      updates   105 k
 openssh                  x86_64   8.1p1-1.fc31                 updates   440 k
 openssh-clients          x86_64   8.1p1-1.fc31                 updates   601 k
 perl-Carp                noarch   1.50-439.fc31                fedora     29 k
 perl-Data-Dumper         x86_64   2.174-440.fc31               fedora     57 k
 perl-Digest              noarch   1.17-439.fc31                fedora     24 k
 perl-Digest-MD5          x86_64   2.55-439.fc31                fedora     36 k
 perl-Encode              x86_64   4:3.04-442.fc31              updates   1.8 M
 perl-Errno               x86_64   1.30-450.fc31                updates    24 k
 perl-Error               noarch   1:0.17028-1.fc31             fedora     42 k
 perl-Exporter            noarch   5.74-1.fc31                  updates    32 k
 perl-File-Path           noarch   2.16-439.fc31                fedora     36 k
 perl-File-Temp           noarch   1:0.230.900-439.fc31         fedora     60 k
 perl-Getopt-Long         noarch   1:2.51-1.fc31                fedora     60 k
 perl-Git                 noarch   2.25.1-2.fc31                updates    45 k
 perl-HTTP-Tiny           noarch   0.076-439.fc31               fedora     55 k
 perl-IO                  x86_64   1.40-450.fc31                updates    91 k
 perl-MIME-Base64         x86_64   3.15-439.fc31                fedora     30 k
 perl-Net-SSLeay          x86_64   1.88-3.fc31                  fedora    355 k
 perl-PathTools           x86_64   3.78-439.fc31                fedora     86 k
 perl-Pod-Escapes         noarch   1:1.07-439.fc31              fedora     20 k
 perl-Pod-Perldoc         noarch   3.28.01-442.fc31             fedora     85 k
 perl-Pod-Simple          noarch   1:3.39-2.fc31                fedora    214 k
 perl-Pod-Usage           noarch   4:1.70-1.fc31                updates    33 k
 perl-Scalar-List-Utils   x86_64   3:1.53-439.fc31              updates    66 k
 perl-Socket              x86_64   4:2.029-4.fc31               fedora     56 k
 perl-Storable            x86_64   1:3.15-442.fc31              updates    97 k
 perl-Term-ANSIColor      noarch   4.06-440.fc31                fedora     44 k
 perl-Term-Cap            noarch   1.17-439.fc31                fedora     22 k
 perl-TermReadKey         x86_64   2.38-4.fc31                  fedora     36 k
 perl-Text-ParseWords     noarch   3.30-439.fc31                fedora     16 k
 perl-Text-Tabs+Wrap      noarch   2013.0523-439.fc31           fedora     23 k
 perl-Time-Local          noarch   2:1.300-1.fc31               updates    34 k
 perl-URI                 noarch   1.76-5.fc31                  fedora    108 k
 perl-Unicode-Normalize   x86_64   1.26-439.fc31                fedora     97 k
 perl-constant            noarch   1.33-440.fc31                fedora     23 k
 perl-interpreter         x86_64   4:5.30.2-450.fc31            updates   6.0 M
 perl-libnet              noarch   3.11-440.fc31                fedora    117 k
 perl-libs                x86_64   4:5.30.2-450.fc31            updates   1.7 M
 perl-macros              x86_64   4:5.30.2-450.fc31            updates    20 k
 perl-parent              noarch   1:0.237-439.fc31             fedora     14 k
 perl-podlators           noarch   1:4.12-2.fc31                fedora    113 k
 perl-threads             x86_64   1:2.22-439.fc31              fedora     58 k
 perl-threads-shared      x86_64   1.60-440.fc31                fedora     44 k
 python3-setuptools       noarch   41.6.0-1.fc31                updates   585 k
Installing weak dependencies:
 perl-IO-Socket-IP        noarch   0.39-440.fc31                fedora     42 k
 perl-IO-Socket-SSL       noarch   2.066-7.fc31                 updates   238 k
 perl-Mozilla-CA          noarch   20180117-6.fc31              fedora     12 k

Transaction Summary
================================================================================
Install  58 Packages

Total download size: 24 M
Installed size: 101 M
Downloading Packages:
(1/58): emacs-filesystem-26.3-1.fc31.noarch.rpm 112 kB/s | 8.5 kB     00:00    
(2/58): git-2.25.1-2.fc31.x86_64.rpm            605 kB/s | 126 kB     00:00    
(3/58): libedit-3.1-30.20191211cvs.fc31.x86_64. 1.2 MB/s | 105 kB     00:00    
(4/58): openssh-8.1p1-1.fc31.x86_64.rpm         1.6 MB/s | 440 kB     00:00    
(5/58): git-core-doc-2.25.1-2.fc31.noarch.rpm   3.5 MB/s | 2.2 MB     00:00    
(6/58): openssh-clients-8.1p1-1.fc31.x86_64.rpm 2.1 MB/s | 601 kB     00:00    
(7/58): perl-Errno-1.30-450.fc31.x86_64.rpm     536 kB/s |  24 kB     00:00    
(8/58): perl-Exporter-5.74-1.fc31.noarch.rpm    690 kB/s |  32 kB     00:00    
(9/58): perl-Encode-3.04-442.fc31.x86_64.rpm    6.0 MB/s | 1.8 MB     00:00    
(10/58): perl-Git-2.25.1-2.fc31.noarch.rpm      834 kB/s |  45 kB     00:00    
(11/58): perl-IO-1.40-450.fc31.x86_64.rpm       3.0 MB/s |  91 kB     00:00    
(12/58): perl-Pod-Usage-1.70-1.fc31.noarch.rpm  1.1 MB/s |  33 kB     00:00    
(13/58): perl-Scalar-List-Utils-1.53-439.fc31.x 2.1 MB/s |  66 kB     00:00    
(14/58): perl-IO-Socket-SSL-2.066-7.fc31.noarch 2.1 MB/s | 238 kB     00:00    
(15/58): perl-Storable-3.15-442.fc31.x86_64.rpm 3.2 MB/s |  97 kB     00:00    
(16/58): perl-Time-Local-1.300-1.fc31.noarch.rp 888 kB/s |  34 kB     00:00    
(17/58): git-core-2.25.1-2.fc31.x86_64.rpm      3.8 MB/s | 4.7 MB     00:01    
(18/58): perl-macros-5.30.2-450.fc31.x86_64.rpm 551 kB/s |  20 kB     00:00    
(19/58): python3-pip-19.1.1-7.fc31.noarch.rpm   7.8 MB/s | 1.6 MB     00:00    
(20/58): python3-setuptools-41.6.0-1.fc31.noarc 6.4 MB/s | 585 kB     00:00    
(21/58): findutils-4.6.0-24.fc31.x86_64.rpm     8.2 MB/s | 520 kB     00:00    
(22/58): fipscheck-1.5.0-7.fc31.x86_64.rpm      895 kB/s |  26 kB     00:00    
(23/58): perl-libs-5.30.2-450.fc31.x86_64.rpm   3.0 MB/s | 1.7 MB     00:00    
(24/58): fipscheck-lib-1.5.0-7.fc31.x86_64.rpm  468 kB/s |  14 kB     00:00    
(25/58): less-551-2.fc31.x86_64.rpm             5.0 MB/s | 154 kB     00:00    
(26/58): perl-Carp-1.50-439.fc31.noarch.rpm     1.0 MB/s |  29 kB     00:00    
(27/58): perl-Data-Dumper-2.174-440.fc31.x86_64 1.9 MB/s |  57 kB     00:00    
(28/58): perl-interpreter-5.30.2-450.fc31.x86_6 8.0 MB/s | 6.0 MB     00:00    
(29/58): perl-Digest-1.17-439.fc31.noarch.rpm   519 kB/s |  24 kB     00:00    
(30/58): perl-Digest-MD5-2.55-439.fc31.x86_64.r 1.2 MB/s |  36 kB     00:00    
(31/58): perl-Error-0.17028-1.fc31.noarch.rpm   1.4 MB/s |  42 kB     00:00    
(32/58): perl-File-Path-2.16-439.fc31.noarch.rp 1.2 MB/s |  36 kB     00:00    
(33/58): perl-File-Temp-0.230.900-439.fc31.noar 2.0 MB/s |  60 kB     00:00    
(34/58): perl-Getopt-Long-2.51-1.fc31.noarch.rp 2.0 MB/s |  60 kB     00:00    
(35/58): perl-HTTP-Tiny-0.076-439.fc31.noarch.r 1.8 MB/s |  55 kB     00:00    
(36/58): perl-IO-Socket-IP-0.39-440.fc31.noarch 1.4 MB/s |  42 kB     00:00    
(37/58): perl-MIME-Base64-3.15-439.fc31.x86_64. 1.0 MB/s |  30 kB     00:00    
(38/58): groff-base-1.22.3-20.fc31.x86_64.rpm   3.5 MB/s | 1.0 MB     00:00    
(39/58): perl-Mozilla-CA-20180117-6.fc31.noarch 426 kB/s |  12 kB     00:00    
(40/58): perl-Pod-Escapes-1.07-439.fc31.noarch. 694 kB/s |  20 kB     00:00    
(41/58): perl-Net-SSLeay-1.88-3.fc31.x86_64.rpm 5.8 MB/s | 355 kB     00:00    
(42/58): perl-PathTools-3.78-439.fc31.x86_64.rp 2.2 MB/s |  86 kB     00:00    
(43/58): perl-Pod-Perldoc-3.28.01-442.fc31.noar 2.8 MB/s |  85 kB     00:00    
(44/58): perl-Pod-Simple-3.39-2.fc31.noarch.rpm 6.8 MB/s | 214 kB     00:00    
(45/58): perl-Socket-2.029-4.fc31.x86_64.rpm    1.5 MB/s |  56 kB     00:00    
(46/58): perl-Term-ANSIColor-4.06-440.fc31.noar 1.5 MB/s |  44 kB     00:00    
(47/58): perl-Term-Cap-1.17-439.fc31.noarch.rpm 759 kB/s |  22 kB     00:00    
(48/58): perl-TermReadKey-2.38-4.fc31.x86_64.rp 974 kB/s |  36 kB     00:00    
(49/58): perl-Text-ParseWords-3.30-439.fc31.noa 553 kB/s |  16 kB     00:00    
(50/58): perl-Text-Tabs+Wrap-2013.0523-439.fc31 785 kB/s |  23 kB     00:00    
(51/58): perl-URI-1.76-5.fc31.noarch.rpm        2.8 MB/s | 108 kB     00:00    
(52/58): perl-Unicode-Normalize-1.26-439.fc31.x 3.1 MB/s |  97 kB     00:00    
(53/58): perl-constant-1.33-440.fc31.noarch.rpm 795 kB/s |  23 kB     00:00    
(54/58): perl-parent-0.237-439.fc31.noarch.rpm  483 kB/s |  14 kB     00:00    
(55/58): perl-podlators-4.12-2.fc31.noarch.rpm  3.6 MB/s | 113 kB     00:00    
(56/58): perl-libnet-3.11-440.fc31.noarch.rpm   3.0 MB/s | 117 kB     00:00    
(57/58): perl-threads-2.22-439.fc31.x86_64.rpm  2.0 MB/s |  58 kB     00:00    
(58/58): perl-threads-shared-1.60-440.fc31.x86_ 1.5 MB/s |  44 kB     00:00    
--------------------------------------------------------------------------------
Total                                           9.4 MB/s |  24 MB     00:02     
Running transaction check
Transaction check succeeded.
Running transaction test
Transaction test succeeded.
Running transaction
  Preparing        :                                                        1/1 
  Installing       : perl-libs-4:5.30.2-450.fc31.x86_64                    1/58 
  Installing       : perl-Carp-1.50-439.fc31.noarch                        2/58 
  Installing       : perl-Exporter-5.74-1.fc31.noarch                      3/58 
  Installing       : perl-Scalar-List-Utils-3:1.53-439.fc31.x86_64         4/58 
  Installing       : perl-parent-1:0.237-439.fc31.noarch                   5/58 
  Installing       : perl-Text-ParseWords-3.30-439.fc31.noarch             6/58 
  Installing       : perl-Term-ANSIColor-4.06-440.fc31.noarch              7/58 
  Installing       : perl-Unicode-Normalize-1.26-439.fc31.x86_64           8/58 
  Installing       : perl-Socket-4:2.029-4.fc31.x86_64                     9/58 
  Installing       : perl-Errno-1.30-450.fc31.x86_64                      10/58 
  Installing       : perl-macros-4:5.30.2-450.fc31.x86_64                 11/58 
  Installing       : perl-IO-1.40-450.fc31.x86_64                         12/58 
  Installing       : perl-Text-Tabs+Wrap-2013.0523-439.fc31.noarch        13/58 
  Installing       : perl-constant-1.33-440.fc31.noarch                   14/58 
  Installing       : perl-PathTools-3.78-439.fc31.x86_64                  15/58 
  Installing       : perl-threads-1:2.22-439.fc31.x86_64                  16/58 
  Installing       : perl-threads-shared-1.60-440.fc31.x86_64             17/58 
  Installing       : perl-File-Path-2.16-439.fc31.noarch                  18/58 
  Installing       : perl-interpreter-4:5.30.2-450.fc31.x86_64            19/58 
  Installing       : perl-MIME-Base64-3.15-439.fc31.x86_64                20/58 
  Installing       : perl-IO-Socket-IP-0.39-440.fc31.noarch               21/58 
  Installing       : perl-Time-Local-2:1.300-1.fc31.noarch                22/58 
  Installing       : perl-File-Temp-1:0.230.900-439.fc31.noarch           23/58 
  Installing       : perl-Digest-1.17-439.fc31.noarch                     24/58 
  Installing       : perl-Digest-MD5-2.55-439.fc31.x86_64                 25/58 
  Installing       : perl-Net-SSLeay-1.88-3.fc31.x86_64                   26/58 
  Installing       : perl-Storable-1:3.15-442.fc31.x86_64                 27/58 
  Installing       : perl-Data-Dumper-2.174-440.fc31.x86_64               28/58 
  Installing       : perl-Error-1:0.17028-1.fc31.noarch                   29/58 
  Installing       : perl-Pod-Escapes-1:1.07-439.fc31.noarch              30/58 
  Installing       : perl-Term-Cap-1.17-439.fc31.noarch                   31/58 
  Installing       : perl-TermReadKey-2.38-4.fc31.x86_64                  32/58 
  Installing       : perl-Mozilla-CA-20180117-6.fc31.noarch               33/58 
  Installing       : fipscheck-lib-1.5.0-7.fc31.x86_64                    34/58 
  Installing       : fipscheck-1.5.0-7.fc31.x86_64                        35/58 
  Running scriptlet: openssh-8.1p1-1.fc31.x86_64                          36/58 
  Installing       : openssh-8.1p1-1.fc31.x86_64                          36/58 
  Installing       : less-551-2.fc31.x86_64                               37/58 
  Installing       : groff-base-1.22.3-20.fc31.x86_64                     38/58 
  Installing       : perl-HTTP-Tiny-0.076-439.fc31.noarch                 39/58 
  Installing       : perl-libnet-3.11-440.fc31.noarch                     40/58 
  Installing       : perl-IO-Socket-SSL-2.066-7.fc31.noarch               41/58 
  Installing       : perl-URI-1.76-5.fc31.noarch                          42/58 
  Installing       : perl-Pod-Simple-1:3.39-2.fc31.noarch                 43/58 
  Installing       : perl-Getopt-Long-1:2.51-1.fc31.noarch                44/58 
  Installing       : perl-Encode-4:3.04-442.fc31.x86_64                   45/58 
  Installing       : perl-Pod-Usage-4:1.70-1.fc31.noarch                  46/58 
  Installing       : perl-podlators-1:4.12-2.fc31.noarch                  47/58 
  Installing       : perl-Pod-Perldoc-3.28.01-442.fc31.noarch             48/58 
  Installing       : python3-setuptools-41.6.0-1.fc31.noarch              49/58 
  Installing       : libedit-3.1-30.20191211cvs.fc31.x86_64               50/58 
  Installing       : openssh-clients-8.1p1-1.fc31.x86_64                  51/58 
  Installing       : git-core-2.25.1-2.fc31.x86_64                        52/58 
  Installing       : git-core-doc-2.25.1-2.fc31.noarch                    53/58 
  Installing       : emacs-filesystem-1:26.3-1.fc31.noarch                54/58 
  Installing       : perl-Git-2.25.1-2.fc31.noarch                        55/58 
  Installing       : git-2.25.1-2.fc31.x86_64                             56/58 
  Installing       : python3-pip-19.1.1-7.fc31.noarch                     57/58 
  Installing       : findutils-1:4.6.0-24.fc31.x86_64                     58/58 
  Running scriptlet: findutils-1:4.6.0-24.fc31.x86_64                     58/58 
  Verifying        : emacs-filesystem-1:26.3-1.fc31.noarch                 1/58 
  Verifying        : git-2.25.1-2.fc31.x86_64                              2/58 
  Verifying        : git-core-2.25.1-2.fc31.x86_64                         3/58 
  Verifying        : git-core-doc-2.25.1-2.fc31.noarch                     4/58 
  Verifying        : libedit-3.1-30.20191211cvs.fc31.x86_64                5/58 
  Verifying        : openssh-8.1p1-1.fc31.x86_64                           6/58 
  Verifying        : openssh-clients-8.1p1-1.fc31.x86_64                   7/58 
  Verifying        : perl-Encode-4:3.04-442.fc31.x86_64                    8/58 
  Verifying        : perl-Errno-1.30-450.fc31.x86_64                       9/58 
  Verifying        : perl-Exporter-5.74-1.fc31.noarch                     10/58 
  Verifying        : perl-Git-2.25.1-2.fc31.noarch                        11/58 
  Verifying        : perl-IO-1.40-450.fc31.x86_64                         12/58 
  Verifying        : perl-IO-Socket-SSL-2.066-7.fc31.noarch               13/58 
  Verifying        : perl-Pod-Usage-4:1.70-1.fc31.noarch                  14/58 
  Verifying        : perl-Scalar-List-Utils-3:1.53-439.fc31.x86_64        15/58 
  Verifying        : perl-Storable-1:3.15-442.fc31.x86_64                 16/58 
  Verifying        : perl-Time-Local-2:1.300-1.fc31.noarch                17/58 
  Verifying        : perl-interpreter-4:5.30.2-450.fc31.x86_64            18/58 
  Verifying        : perl-libs-4:5.30.2-450.fc31.x86_64                   19/58 
  Verifying        : perl-macros-4:5.30.2-450.fc31.x86_64                 20/58 
  Verifying        : python3-pip-19.1.1-7.fc31.noarch                     21/58 
  Verifying        : python3-setuptools-41.6.0-1.fc31.noarch              22/58 
  Verifying        : findutils-1:4.6.0-24.fc31.x86_64                     23/58 
  Verifying        : fipscheck-1.5.0-7.fc31.x86_64                        24/58 
  Verifying        : fipscheck-lib-1.5.0-7.fc31.x86_64                    25/58 
  Verifying        : groff-base-1.22.3-20.fc31.x86_64                     26/58 
  Verifying        : less-551-2.fc31.x86_64                               27/58 
  Verifying        : perl-Carp-1.50-439.fc31.noarch                       28/58 
  Verifying        : perl-Data-Dumper-2.174-440.fc31.x86_64               29/58 
  Verifying        : perl-Digest-1.17-439.fc31.noarch                     30/58 
  Verifying        : perl-Digest-MD5-2.55-439.fc31.x86_64                 31/58 
  Verifying        : perl-Error-1:0.17028-1.fc31.noarch                   32/58 
  Verifying        : perl-File-Path-2.16-439.fc31.noarch                  33/58 
  Verifying        : perl-File-Temp-1:0.230.900-439.fc31.noarch           34/58 
  Verifying        : perl-Getopt-Long-1:2.51-1.fc31.noarch                35/58 
  Verifying        : perl-HTTP-Tiny-0.076-439.fc31.noarch                 36/58 
  Verifying        : perl-IO-Socket-IP-0.39-440.fc31.noarch               37/58 
  Verifying        : perl-MIME-Base64-3.15-439.fc31.x86_64                38/58 
  Verifying        : perl-Mozilla-CA-20180117-6.fc31.noarch               39/58 
  Verifying        : perl-Net-SSLeay-1.88-3.fc31.x86_64                   40/58 
  Verifying        : perl-PathTools-3.78-439.fc31.x86_64                  41/58 
  Verifying        : perl-Pod-Escapes-1:1.07-439.fc31.noarch              42/58 
  Verifying        : perl-Pod-Perldoc-3.28.01-442.fc31.noarch             43/58 
  Verifying        : perl-Pod-Simple-1:3.39-2.fc31.noarch                 44/58 
  Verifying        : perl-Socket-4:2.029-4.fc31.x86_64                    45/58 
  Verifying        : perl-Term-ANSIColor-4.06-440.fc31.noarch             46/58 
  Verifying        : perl-Term-Cap-1.17-439.fc31.noarch                   47/58 
  Verifying        : perl-TermReadKey-2.38-4.fc31.x86_64                  48/58 
  Verifying        : perl-Text-ParseWords-3.30-439.fc31.noarch            49/58 
  Verifying        : perl-Text-Tabs+Wrap-2013.0523-439.fc31.noarch        50/58 
  Verifying        : perl-URI-1.76-5.fc31.noarch                          51/58 
  Verifying        : perl-Unicode-Normalize-1.26-439.fc31.x86_64          52/58 
  Verifying        : perl-constant-1.33-440.fc31.noarch                   53/58 
  Verifying        : perl-libnet-3.11-440.fc31.noarch                     54/58 
  Verifying        : perl-parent-1:0.237-439.fc31.noarch                  55/58 
  Verifying        : perl-podlators-1:4.12-2.fc31.noarch                  56/58 
  Verifying        : perl-threads-1:2.22-439.fc31.x86_64                  57/58 
  Verifying        : perl-threads-shared-1.60-440.fc31.x86_64             58/58 

Installed:
  emacs-filesystem-1:26.3-1.fc31.noarch                                         
  findutils-1:4.6.0-24.fc31.x86_64                                              
  fipscheck-1.5.0-7.fc31.x86_64                                                 
  fipscheck-lib-1.5.0-7.fc31.x86_64                                             
  git-2.25.1-2.fc31.x86_64                                                      
  git-core-2.25.1-2.fc31.x86_64                                                 
  git-core-doc-2.25.1-2.fc31.noarch                                             
  groff-base-1.22.3-20.fc31.x86_64                                              
  less-551-2.fc31.x86_64                                                        
  libedit-3.1-30.20191211cvs.fc31.x86_64                                        
  openssh-8.1p1-1.fc31.x86_64                                                   
  openssh-clients-8.1p1-1.fc31.x86_64                                           
  perl-Carp-1.50-439.fc31.noarch                                                
  perl-Data-Dumper-2.174-440.fc31.x86_64                                        
  perl-Digest-1.17-439.fc31.noarch                                              
  perl-Digest-MD5-2.55-439.fc31.x86_64                                          
  perl-Encode-4:3.04-442.fc31.x86_64                                            
  perl-Errno-1.30-450.fc31.x86_64                                               
  perl-Error-1:0.17028-1.fc31.noarch                                            
  perl-Exporter-5.74-1.fc31.noarch                                              
  perl-File-Path-2.16-439.fc31.noarch                                           
  perl-File-Temp-1:0.230.900-439.fc31.noarch                                    
  perl-Getopt-Long-1:2.51-1.fc31.noarch                                         
  perl-Git-2.25.1-2.fc31.noarch                                                 
  perl-HTTP-Tiny-0.076-439.fc31.noarch                                          
  perl-IO-1.40-450.fc31.x86_64                                                  
  perl-IO-Socket-IP-0.39-440.fc31.noarch                                        
  perl-IO-Socket-SSL-2.066-7.fc31.noarch                                        
  perl-MIME-Base64-3.15-439.fc31.x86_64                                         
  perl-Mozilla-CA-20180117-6.fc31.noarch                                        
  perl-Net-SSLeay-1.88-3.fc31.x86_64                                            
  perl-PathTools-3.78-439.fc31.x86_64                                           
  perl-Pod-Escapes-1:1.07-439.fc31.noarch                                       
  perl-Pod-Perldoc-3.28.01-442.fc31.noarch                                      
  perl-Pod-Simple-1:3.39-2.fc31.noarch                                          
  perl-Pod-Usage-4:1.70-1.fc31.noarch                                           
  perl-Scalar-List-Utils-3:1.53-439.fc31.x86_64                                 
  perl-Socket-4:2.029-4.fc31.x86_64                                             
  perl-Storable-1:3.15-442.fc31.x86_64                                          
  perl-Term-ANSIColor-4.06-440.fc31.noarch                                      
  perl-Term-Cap-1.17-439.fc31.noarch                                            
  perl-TermReadKey-2.38-4.fc31.x86_64                                           
  perl-Text-ParseWords-3.30-439.fc31.noarch                                     
  perl-Text-Tabs+Wrap-2013.0523-439.fc31.noarch                                 
  perl-Time-Local-2:1.300-1.fc31.noarch                                         
  perl-URI-1.76-5.fc31.noarch                                                   
  perl-Unicode-Normalize-1.26-439.fc31.x86_64                                   
  perl-constant-1.33-440.fc31.noarch                                            
  perl-interpreter-4:5.30.2-450.fc31.x86_64                                     
  perl-libnet-3.11-440.fc31.noarch                                              
  perl-libs-4:5.30.2-450.fc31.x86_64                                            
  perl-macros-4:5.30.2-450.fc31.x86_64                                          
  perl-parent-1:0.237-439.fc31.noarch                                           
  perl-podlators-1:4.12-2.fc31.noarch                                           
  perl-threads-1:2.22-439.fc31.x86_64                                           
  perl-threads-shared-1.60-440.fc31.x86_64                                      
  python3-pip-19.1.1-7.fc31.noarch                                              
  python3-setuptools-41.6.0-1.fc31.noarch                                       

Complete!
33 files removed
[91mCloning into 'homu'...
[0m[91mWARNING: Running pip install with root privileges is generally not a good idea. Try `pip3 install --user` instead.
[0mProcessing ./homu
Collecting github3.py==0.9.6 (from homu==0.3.0)
  Downloading https://files.pythonhosted.org/packages/b9/bd/9e433bd695567ccf2bdc0f4c2cdc7da2ce2bb8467e405b2fca62631d8690/github3.py-0.9.6-py2.py3-none-any.whl (109kB)
Collecting toml (from homu==0.3.0)
  Downloading https://files.pythonhosted.org/packages/a2/12/ced7105d2de62fa7c8fb5fce92cc4ce66b57c95fb875e9318dba7f8c5db0/toml-0.10.0-py2.py3-none-any.whl
Collecting Jinja2 (from homu==0.3.0)
  Downloading https://files.pythonhosted.org/packages/27/24/4f35961e5c669e96f6559760042a55b9bcfcdb82b9bdb3c8753dbe042e35/Jinja2-2.11.1-py2.py3-none-any.whl (126kB)
Collecting requests (from homu==0.3.0)
  Downloading https://files.pythonhosted.org/packages/1a/70/1935c770cb3be6e3a8b78ced23d7e0f3b187f5cbfab4749523ed65d7c9b1/requests-2.23.0-py2.py3-none-any.whl (58kB)
Collecting bottle (from homu==0.3.0)
  Downloading https://files.pythonhosted.org/packages/e9/39/2bf3a1fd963e749cdbe5036a184eda8c37d8af25d1297d94b8b7aeec17c4/bottle-0.12.18-py3-none-any.whl (89kB)
Collecting waitress (from homu==0.3.0)
  Downloading https://files.pythonhosted.org/packages/a8/ca/ede3ed29723ca944f6e77bd1d7b38c271dd801c7d6a11ab6037597e4fd5b/waitress-1.4.3-py2.py3-none-any.whl (148kB)
Collecting retrying (from homu==0.3.0)
  Downloading https://files.pythonhosted.org/packages/44/ef/beae4b4ef80902f22e3af073397f079c96969c69b2c7d52a57ea9ae61c9d/retrying-1.3.3.tar.gz
Collecting uritemplate.py>=0.2.0 (from github3.py==0.9.6->homu==0.3.0)
  Downloading https://files.pythonhosted.org/packages/8b/ba/6cbb9c3bf4f53997d8d1f69414fc7962f536ba43d283f0e32de68534f6a4/uritemplate.py-3.0.2-py2.py3-none-any.whl
Collecting MarkupSafe>=0.23 (from Jinja2->homu==0.3.0)
  Downloading https://files.pythonhosted.org/packages/98/7b/ff284bd8c80654e471b769062a9b43cc5d03e7a615048d96f4619df8d420/MarkupSafe-1.1.1-cp37-cp37m-manylinux1_x86_64.whl
Collecting certifi>=2017.4.17 (from requests->homu==0.3.0)
  Downloading https://files.pythonhosted.org/packages/b9/63/df50cac98ea0d5b006c55a399c3bf1db9da7b5a24de7890bc9cfd5dd9e99/certifi-2019.11.28-py2.py3-none-any.whl (156kB)
Collecting chardet<4,>=3.0.2 (from requests->homu==0.3.0)
  Downloading https://files.pythonhosted.org/packages/bc/a9/01ffebfb562e4274b6487b4bb1ddec7ca55ec7510b22e4c51f14098443b8/chardet-3.0.4-py2.py3-none-any.whl (133kB)
Collecting idna<3,>=2.5 (from requests->homu==0.3.0)
  Downloading https://files.pythonhosted.org/packages/89/e3/afebe61c546d18fb1709a61bee788254b40e736cff7271c7de5de2dc4128/idna-2.9-py2.py3-none-any.whl (58kB)
Collecting urllib3!=1.25.0,!=1.25.1,<1.26,>=1.21.1 (from requests->homu==0.3.0)
  Downloading https://files.pythonhosted.org/packages/e8/74/6e4f91745020f967d09332bb2b8b9b10090957334692eb88ea4afe91b77f/urllib3-1.25.8-py2.py3-none-any.whl (125kB)
Collecting six>=1.7.0 (from retrying->homu==0.3.0)
  Downloading https://files.pythonhosted.org/packages/65/eb/1f97cb97bfc2390a276969c6fae16075da282f5058082d4cb10c6c5c1dba/six-1.14.0-py2.py3-none-any.whl
Collecting uritemplate>=2.0 (from uritemplate.py>=0.2.0->github3.py==0.9.6->homu==0.3.0)
  Downloading https://files.pythonhosted.org/packages/bf/0c/60d82c077998feb631608dca3cc1fe19ac074e772bf0c24cf409b977b815/uritemplate-3.0.1-py2.py3-none-any.whl
Installing collected packages: certifi, chardet, idna, urllib3, requests, uritemplate, uritemplate.py, github3.py, toml, MarkupSafe, Jinja2, bottle, waitress, six, retrying, homu
  Running setup.py install for retrying: started
    Running setup.py install for retrying: finished with status 'done'
  Running setup.py install for homu: started
    Running setup.py install for homu: finished with status 'done'
Successfully installed Jinja2-2.11.1 MarkupSafe-1.1.1 bottle-0.12.18 certifi-2019.11.28 chardet-3.0.4 github3.py-0.9.6 homu-0.3.0 idna-2.9 requests-2.23.0 retrying-1.3.3 six-1.14.0 toml-0.10.0 uritemplate-3.0.1 uritemplate.py-3.0.2 urllib3-1.25.8 waitress-1.4.3
Removing intermediate container e61ecf6fe8af
 ---> b24025663b09
Step 3/6 : ADD known_hosts /root/.ssh/known_hosts
ADD failed: stat /var/lib/docker/tmp/docker-builder912574644/known_hosts: no such file or directory
