Sending build context to Docker daemon  3.072kB
Step 1/13 : FROM quay.io/pypa/manylinux1_x86_64
latest: Pulling from pypa/manylinux1_x86_64
7d0d9526f38a: Pulling fs layer
6ddfee635fd3: Pulling fs layer
4c43fcc13fd8: Pulling fs layer
5e21050aa512: Pulling fs layer
5e21050aa512: Waiting
6ddfee635fd3: Verifying Checksum
6ddfee635fd3: Download complete
4c43fcc13fd8: Verifying Checksum
4c43fcc13fd8: Download complete
7d0d9526f38a: Verifying Checksum
7d0d9526f38a: Download complete
5e21050aa512: Verifying Checksum
5e21050aa512: Download complete
7d0d9526f38a: Pull complete
6ddfee635fd3: Pull complete
4c43fcc13fd8: Pull complete
5e21050aa512: Pull complete
Digest: sha256:6127a04bb5d8b99eadd5c14a3b2d69fd1d63df38ca9fe2cc1327c9c5d09ba89c
Status: Downloaded newer image for quay.io/pypa/manylinux1_x86_64:latest
 ---> 9d858902060a
Step 2/13 : MAINTAINER Insight Software Consortium <community@itk.org>
 ---> Running in 80aa52ad2bd9
Removing intermediate container 80aa52ad2bd9
 ---> 44829c690016
Step 3/13 : ENV http_proxy http://www-int2.dkfz-heidelberg.de:3128/
 ---> Running in c037fb68508a
Removing intermediate container c037fb68508a
 ---> bbbb4d5b43c3
Step 4/13 : ENV https_proxy https://www-int2.dkfz-heidelberg.de:3128/
 ---> Running in af9abba3380c
Removing intermediate container af9abba3380c
 ---> d7f014c49909
Step 5/13 : ADD https://cmake.org/files/v3.7/cmake-3.7.2.tar.gz     https://www.openssl.org/source/openssl-1.0.2h.tar.gz     /tmp/

ADD failed: failed to GET https://www.openssl.org/source/openssl-1.0.2h.tar.gz with status 404 Not Found: <!DOCTYPE html>
<html lang="en">
<!-- head.inc -->
  <title>
  /err404.html
  </title>
  <meta charset="utf-8">
  <meta name="author" content="OpenSSL Foundation, Inc.">
  <meta name="HandheldFriendly" content="True">
  <meta name="MobileOptimized" content="320">
  <meta name="viewport" content="width=device-width, initial-scale=1">
  <meta http-equiv="X-UA-Compatible" content="IE=edge">

  <link href="/favicon.ico" rel="icon">
  <link href="/inc/screen.css" media="screen, projection" rel="stylesheet" type="text/css">

  <script src="/inc/modernizr-2.0.js"></script>
  <script src="//ajax.googleapis.com/ajax/libs/jquery/1.9.1/jquery.min.js"></script>
  <script>!window.jQuery && document.write(unescape('%3Cscript src="./inc/libs/jquery.min.js"%3E%3C/script%3E'))</script>
  <script src="/inc/octopress.js" type="text/javascript"></script>

  <link href="//fonts.googleapis.com/css?family=PT+Serif:regular,italic,bold,bolditalic" rel="stylesheet" type="text/css">
  <link href="//fonts.googleapis.com/css?family=PT+Sans:regular,italic,bold,bolditalic" rel="stylesheet" type="text/css">

  <!--[if lt IE 9]>
    <script src="https://html5shiv.googlecode.com/svn/trunk/html5.js"></script>
  <![endif]-->
<!-- end -->


<body>
  <!-- banner.inc -->
<header role="banner">
  <hgroup>
    <h1>
      <a href="/">
        <span id="header-open-text">Open</span><span id="header-ssl-text">SSL</span>
      </a>
    </h1>
    <h2>
      Cryptography and SSL/TLS Toolkit
    </h2>
  </hgroup>
</header>

<nav role="navigation">
  <form action="https://www.google.com/search" method="get">
    <fieldset role="search">
      <input type="hidden" name="sitesearch" value="www.openssl.org" />
      <input class="search" type="text" name="q" results="0" placeholder="Search"/>
    </fieldset>
  </form>

  <ul class="main-navigation">
    <li><a href="/" title="Home page">Home</a></li>
    <li><a href="/blog/" title="Team blog">Blog</a></li>
    <li><a href="/source/" title="Source code">Downloads</a></li>
    <li><a href="/docs/" title="FAQ, FIPS, manpages, ...">Docs</a></li>
    <li><a href="/news/" title="Latest information">News</a></li>
    <li><a href="/policies/" title="How we operate">Policies</a></li>
    <li><a href="/community/" title="Blog, bugs, email, ...">Community</a></li>
    <li><a href="/support/" title="Commercial support and contracting">Support</a></li>
  </ul>
  </nav>
<!-- end -->


  <div id="main">
  <div id="content">
    <div class="blog-index">
      <article>
	<header><h2>Page Not Found</h2></header>
	<div class="entry-content">
	  <p>
          Sorry, but the link you gave does not exist.
          </p>
          <p>
          To get the latest news about OpenSSL, download the source,
          and so on, please see
          the sidebar or the buttons at the top of every page.
	  For more information about the
          team and community around the project, or to start making
          your own contributions, start with the
          <a href="/community">community</a> page.
	  </p>

	</div>
	<footer>
	  You are here: <a href="/">Home</a>
	  <br/><a href="/sitemap.txt">Sitemap</a>
	</footer>
      </article>
    </div>
    <!-- sidebar.inc -->
<aside class="sidebar">
  <section>
    <h1><a href="/">Home</a></h1>
    <ul>
      <li>
        <a href="/source">Downloads: Source code</a>
      </li>
      <li>
        <a href="/docs">Docs: FAQ, FIPS, manpages, ...</a>
      </li>
      <li>
        <a href="/news">News: Latest information</a>
      </li>
      <li>
        <a href="/policies">Policies: How we operate</a>
      </li>
      <li>
        <a href="/community">Community: Blog, bugs, email, ...</a>
      </li>
      <li>
        <a href="/support">Support: Commercial support and contracting</a>
      </li>
      <li>
        <a href="/support/acks.html">Sponsor Acknowledgements</a>
      </li>
    </ul>
  </section>
</aside>
<!-- end -->


  </div>
</div>

<!-- footer.inc -->
<footer role="contentinfo">
  <p>
    Please report problems with this website to webmaster at openssl.org.
  </p>
  <p>
    Copyright &copy; 1999-2018, OpenSSL Software Foundation.
  </p>
</footer>
<!-- end -->

</body>

</html>
