Sending build context to Docker daemon  2.048kB
Step 1/11 : FROM ubuntu:14.04
14.04: Pulling from library/ubuntu
2e6e20c8e2e6: Pulling fs layer
30bb187ac3fc: Pulling fs layer
b7a5bcc4a58a: Pulling fs layer
b7a5bcc4a58a: Verifying Checksum
b7a5bcc4a58a: Download complete
30bb187ac3fc: Verifying Checksum
30bb187ac3fc: Download complete
2e6e20c8e2e6: Verifying Checksum
2e6e20c8e2e6: Download complete
2e6e20c8e2e6: Pull complete
30bb187ac3fc: Pull complete
b7a5bcc4a58a: Pull complete
Digest: sha256:ffc76f71dd8be8c9e222d420dc96901a07b61616689a44c7b3ef6a10b7213de4
Status: Downloaded newer image for ubuntu:14.04
 ---> 6e4f1fe62ff1
Step 2/11 : RUN /bin/echo -e "    deb http://archive.ubuntu.com/ubuntu trusty main universe\n    deb http://archive.ubuntu.com/ubuntu trusty-updates main universe" >     /etc/apt/sources.list
 ---> Running in 31ae31bdd356
Removing intermediate container 31ae31bdd356
 ---> cbc96f7a1906
Step 3/11 : RUN apt-get update
 ---> Running in e24245a5f86f
Ign http://archive.ubuntu.com trusty InRelease
Get:1 https://esm.ubuntu.com trusty-infra-security InRelease
Get:2 http://archive.ubuntu.com trusty-updates InRelease [65.9 kB]
Get:3 https://esm.ubuntu.com trusty-infra-updates InRelease
Get:4 https://esm.ubuntu.com trusty-infra-security/main amd64 Packages
Get:5 https://esm.ubuntu.com trusty-infra-updates/main amd64 Packages
Hit http://archive.ubuntu.com trusty Release.gpg
Get:6 http://archive.ubuntu.com trusty-updates/main amd64 Packages [1460 kB]
Get:7 http://archive.ubuntu.com trusty-updates/universe amd64 Packages [671 kB]
Hit http://archive.ubuntu.com trusty Release
Get:8 http://archive.ubuntu.com trusty/main amd64 Packages [1743 kB]
Get:9 http://archive.ubuntu.com trusty/universe amd64 Packages [7589 kB]
Fetched 11.8 MB in 2s (4361 kB/s)
Reading package lists...
Removing intermediate container e24245a5f86f
 ---> 327a5ca7d396
Step 4/11 : RUN DEBIAN_FRONTEND=noninteractive apt-get install -y python-pip python-dev     git
 ---> Running in 5333e8bbaeff
Reading package lists...
Building dependency tree...
Reading state information...
The following extra packages will be installed:
  binutils build-essential cpp cpp-4.8 dpkg-dev fakeroot g++ g++-4.8 gcc
  gcc-4.8 git-man libalgorithm-diff-perl libalgorithm-diff-xs-perl
  libalgorithm-merge-perl libasan0 libatomic1 libc-dev-bin libc6-dev
  libcloog-isl4 libdpkg-perl libedit2 liberror-perl libexpat1-dev libfakeroot
  libfile-fcntllock-perl libgcc-4.8-dev libgmp10 libgomp1 libisl10 libitm1
  libmpc3 libmpfr4 libpython-dev libpython-stdlib libpython2.7
  libpython2.7-dev libpython2.7-minimal libpython2.7-stdlib libquadmath0
  libstdc++-4.8-dev libtimedate-perl libtsan0 libx11-6 libx11-data libxau6
  libxcb1 libxdmcp6 libxext6 libxmuu1 linux-libc-dev make manpages
  manpages-dev openssh-client patch python python-chardet python-chardet-whl
  python-colorama python-colorama-whl python-distlib python-distlib-whl
  python-html5lib python-html5lib-whl python-minimal python-pip-whl
  python-pkg-resources python-requests python-requests-whl python-setuptools
  python-setuptools-whl python-six python-six-whl python-urllib3
  python-urllib3-whl python-wheel python2.7 python2.7-dev python2.7-minimal
  rsync xauth xz-utils
Suggested packages:
  binutils-doc cpp-doc gcc-4.8-locales debian-keyring g++-multilib
  g++-4.8-multilib gcc-4.8-doc libstdc++6-4.8-dbg gcc-multilib autoconf
  automake1.9 libtool flex bison gdb gcc-doc gcc-4.8-multilib libgcc1-dbg
  libgomp1-dbg libitm1-dbg libatomic1-dbg libasan0-dbg libtsan0-dbg
  libquadmath0-dbg gettext-base git-daemon-run git-daemon-sysvinit git-doc
  git-el git-email git-gui gitk gitweb git-arch git-bzr git-cvs git-mediawiki
  git-svn glibc-doc libstdc++-4.8-doc make-doc man-browser ssh-askpass
  libpam-ssh keychain monkeysphere ed diffutils-doc python-doc python-tk
  python-genshi python-lxml python-distribute python-distribute-doc
  python2.7-doc binfmt-support openssh-server
Recommended packages:
  ssh-client python-dev-all
The following NEW packages will be installed:
  binutils build-essential cpp cpp-4.8 dpkg-dev fakeroot g++ g++-4.8 gcc
  gcc-4.8 git git-man libalgorithm-diff-perl libalgorithm-diff-xs-perl
  libalgorithm-merge-perl libasan0 libatomic1 libc-dev-bin libc6-dev
  libcloog-isl4 libdpkg-perl libedit2 liberror-perl libexpat1-dev libfakeroot
  libfile-fcntllock-perl libgcc-4.8-dev libgmp10 libgomp1 libisl10 libitm1
  libmpc3 libmpfr4 libpython-dev libpython-stdlib libpython2.7
  libpython2.7-dev libpython2.7-minimal libpython2.7-stdlib libquadmath0
  libstdc++-4.8-dev libtimedate-perl libtsan0 libx11-6 libx11-data libxau6
  libxcb1 libxdmcp6 libxext6 libxmuu1 linux-libc-dev make manpages
  manpages-dev openssh-client patch python python-chardet python-chardet-whl
  python-colorama python-colorama-whl python-dev python-distlib
  python-distlib-whl python-html5lib python-html5lib-whl python-minimal
  python-pip python-pip-whl python-pkg-resources python-requests
  python-requests-whl python-setuptools python-setuptools-whl python-six
  python-six-whl python-urllib3 python-urllib3-whl python-wheel python2.7
  python2.7-dev python2.7-minimal rsync xauth xz-utils
0 upgraded, 85 newly installed, 0 to remove and 1 not upgraded.
Need to get 74.5 MB of archives.
After this operation, 207 MB of additional disk space will be used.
Get:1 http://archive.ubuntu.com/ubuntu/ trusty/main libedit2 amd64 3.1-20130712-2 [86.7 kB]
Get:2 http://archive.ubuntu.com/ubuntu/ trusty/main libxau6 amd64 1:1.0.8-1 [8376 B]
Get:3 http://archive.ubuntu.com/ubuntu/ trusty/main libxdmcp6 amd64 1:1.1.1-1 [12.8 kB]
Get:4 http://archive.ubuntu.com/ubuntu/ trusty/main libxcb1 amd64 1.10-2ubuntu1 [38.0 kB]
Get:5 http://archive.ubuntu.com/ubuntu/ trusty-updates/main libx11-data all 2:1.6.2-1ubuntu2.1 [111 kB]
Get:6 http://archive.ubuntu.com/ubuntu/ trusty-updates/main libx11-6 amd64 2:1.6.2-1ubuntu2.1 [561 kB]
Get:7 http://archive.ubuntu.com/ubuntu/ trusty-updates/main libxext6 amd64 2:1.3.2-1ubuntu0.0.14.04.1 [28.8 kB]
Get:8 http://archive.ubuntu.com/ubuntu/ trusty/main libxmuu1 amd64 2:1.1.1-1 [11.0 kB]
Get:9 http://archive.ubuntu.com/ubuntu/ trusty-updates/main libasan0 amd64 4.8.4-2ubuntu1~14.04.4 [63.1 kB]
Get:10 http://archive.ubuntu.com/ubuntu/ trusty-updates/main libatomic1 amd64 4.8.4-2ubuntu1~14.04.4 [8630 B]
Get:11 http://archive.ubuntu.com/ubuntu/ trusty/main libgmp10 amd64 2:5.1.3+dfsg-1ubuntu1 [218 kB]
Get:12 http://archive.ubuntu.com/ubuntu/ trusty/main libisl10 amd64 0.12.2-1 [419 kB]
Get:13 http://archive.ubuntu.com/ubuntu/ trusty/main libcloog-isl4 amd64 0.18.2-1 [57.5 kB]
Get:14 http://archive.ubuntu.com/ubuntu/ trusty-updates/main libgomp1 amd64 4.8.4-2ubuntu1~14.04.4 [23.1 kB]
Get:15 http://archive.ubuntu.com/ubuntu/ trusty-updates/main libitm1 amd64 4.8.4-2ubuntu1~14.04.4 [28.6 kB]
Get:16 http://archive.ubuntu.com/ubuntu/ trusty/main libmpfr4 amd64 3.1.2-1 [203 kB]
Get:17 http://archive.ubuntu.com/ubuntu/ trusty-updates/main libpython2.7-minimal amd64 2.7.6-8ubuntu0.5 [308 kB]
Get:18 http://archive.ubuntu.com/ubuntu/ trusty-updates/main libpython2.7-stdlib amd64 2.7.6-8ubuntu0.5 [1872 kB]
Get:19 http://archive.ubuntu.com/ubuntu/ trusty-updates/main libpython2.7 amd64 2.7.6-8ubuntu0.5 [1041 kB]
Get:20 http://archive.ubuntu.com/ubuntu/ trusty-updates/main libc-dev-bin amd64 2.19-0ubuntu6.15 [68.9 kB]
Get:21 http://archive.ubuntu.com/ubuntu/ trusty-updates/main linux-libc-dev amd64 3.13.0-170.220 [772 kB]
Get:22 http://archive.ubuntu.com/ubuntu/ trusty-updates/main libc6-dev amd64 2.19-0ubuntu6.15 [1913 kB]
Get:23 http://archive.ubuntu.com/ubuntu/ trusty-updates/main libexpat1-dev amd64 2.1.0-4ubuntu1.4 [115 kB]
Get:24 http://archive.ubuntu.com/ubuntu/ trusty-updates/main libpython2.7-dev amd64 2.7.6-8ubuntu0.5 [22.0 MB]
Get:25 http://archive.ubuntu.com/ubuntu/ trusty-updates/main libquadmath0 amd64 4.8.4-2ubuntu1~14.04.4 [126 kB]
Get:26 http://archive.ubuntu.com/ubuntu/ trusty-updates/main libtsan0 amd64 4.8.4-2ubuntu1~14.04.4 [94.8 kB]
Get:27 http://archive.ubuntu.com/ubuntu/ trusty-updates/main python2.7-minimal amd64 2.7.6-8ubuntu0.5 [1186 kB]
Get:28 http://archive.ubuntu.com/ubuntu/ trusty/main libmpc3 amd64 1.0.1-1ubuntu1 [38.4 kB]
Get:29 http://archive.ubuntu.com/ubuntu/ trusty/main manpages all 3.54-1ubuntu1 [627 kB]
Get:30 http://archive.ubuntu.com/ubuntu/ trusty-updates/main openssh-client amd64 1:6.6p1-2ubuntu2.13 [567 kB]
Get:31 http://archive.ubuntu.com/ubuntu/ trusty-updates/main rsync amd64 3.1.0-2ubuntu0.4 [284 kB]
Get:32 http://archive.ubuntu.com/ubuntu/ trusty/main xauth amd64 1:1.0.7-1ubuntu1 [25.8 kB]
Get:33 http://archive.ubuntu.com/ubuntu/ trusty-updates/main binutils amd64 2.24-5ubuntu14.2 [2076 kB]
Get:34 http://archive.ubuntu.com/ubuntu/ trusty-updates/main cpp-4.8 amd64 4.8.4-2ubuntu1~14.04.4 [4452 kB]
Get:35 http://archive.ubuntu.com/ubuntu/ trusty/main cpp amd64 4:4.8.2-1ubuntu6 [27.5 kB]
Get:36 http://archive.ubuntu.com/ubuntu/ trusty-updates/main libgcc-4.8-dev amd64 4.8.4-2ubuntu1~14.04.4 [1688 kB]
Get:37 http://archive.ubuntu.com/ubuntu/ trusty-updates/main gcc-4.8 amd64 4.8.4-2ubuntu1~14.04.4 [5040 kB]
Get:38 http://archive.ubuntu.com/ubuntu/ trusty/main gcc amd64 4:4.8.2-1ubuntu6 [5098 B]
Get:39 http://archive.ubuntu.com/ubuntu/ trusty-updates/main libstdc++-4.8-dev amd64 4.8.4-2ubuntu1~14.04.4 [1051 kB]
Get:40 http://archive.ubuntu.com/ubuntu/ trusty-updates/main g++-4.8 amd64 4.8.4-2ubuntu1~14.04.4 [18.0 MB]
Get:41 http://archive.ubuntu.com/ubuntu/ trusty/main g++ amd64 4:4.8.2-1ubuntu6 [1490 B]
Get:42 http://archive.ubuntu.com/ubuntu/ trusty/main make amd64 3.81-8.2ubuntu3 [119 kB]
Get:43 http://archive.ubuntu.com/ubuntu/ trusty/main libtimedate-perl all 2.3000-1 [37.2 kB]
Get:44 http://archive.ubuntu.com/ubuntu/ trusty-updates/main libdpkg-perl all 1.17.5ubuntu5.8 [179 kB]
Get:45 http://archive.ubuntu.com/ubuntu/ trusty/main xz-utils amd64 5.1.1alpha+20120614-2ubuntu2 [78.8 kB]
Get:46 http://archive.ubuntu.com/ubuntu/ trusty-updates/main patch amd64 2.7.1-4ubuntu2.4 [86.9 kB]
Get:47 http://archive.ubuntu.com/ubuntu/ trusty-updates/main dpkg-dev all 1.17.5ubuntu5.8 [726 kB]
Get:48 http://archive.ubuntu.com/ubuntu/ trusty/main build-essential amd64 11.6ubuntu6 [4838 B]
Get:49 http://archive.ubuntu.com/ubuntu/ trusty/main libfakeroot amd64 1.20-3ubuntu2 [25.4 kB]
Get:50 http://archive.ubuntu.com/ubuntu/ trusty/main fakeroot amd64 1.20-3ubuntu2 [55.0 kB]
Get:51 http://archive.ubuntu.com/ubuntu/ trusty/main liberror-perl all 0.17-1.1 [21.1 kB]
Get:52 http://archive.ubuntu.com/ubuntu/ trusty-updates/main git-man all 1:1.9.1-1ubuntu0.10 [700 kB]
Get:53 http://archive.ubuntu.com/ubuntu/ trusty-updates/main git amd64 1:1.9.1-1ubuntu0.10 [2737 kB]
Get:54 http://archive.ubuntu.com/ubuntu/ trusty/main libalgorithm-diff-perl all 1.19.02-3 [50.0 kB]
Get:55 http://archive.ubuntu.com/ubuntu/ trusty/main libalgorithm-diff-xs-perl amd64 0.04-2build4 [12.6 kB]
Get:56 http://archive.ubuntu.com/ubuntu/ trusty/main libalgorithm-merge-perl all 0.08-2 [12.7 kB]
Get:57 http://archive.ubuntu.com/ubuntu/ trusty/main libfile-fcntllock-perl amd64 0.14-2build1 [15.9 kB]
Get:58 http://archive.ubuntu.com/ubuntu/ trusty/main libpython-dev amd64 2.7.5-5ubuntu3 [7078 B]
Get:59 http://archive.ubuntu.com/ubuntu/ trusty/main libpython-stdlib amd64 2.7.5-5ubuntu3 [7012 B]
Get:60 http://archive.ubuntu.com/ubuntu/ trusty/main manpages-dev all 3.54-1ubuntu1 [1820 kB]
Get:61 http://archive.ubuntu.com/ubuntu/ trusty-updates/main python2.7 amd64 2.7.6-8ubuntu0.5 [197 kB]
Get:62 http://archive.ubuntu.com/ubuntu/ trusty/main python-minimal amd64 2.7.5-5ubuntu3 [27.5 kB]
Get:63 http://archive.ubuntu.com/ubuntu/ trusty/main python amd64 2.7.5-5ubuntu3 [134 kB]
Get:64 http://archive.ubuntu.com/ubuntu/ trusty/main python-chardet all 2.0.1-2build2 [106 kB]
Get:65 http://archive.ubuntu.com/ubuntu/ trusty-updates/universe python-chardet-whl all 2.2.1-2~ubuntu1 [170 kB]
Get:66 http://archive.ubuntu.com/ubuntu/ trusty-updates/universe python-colorama all 0.2.5-0.1ubuntu2 [18.4 kB]
Get:67 http://archive.ubuntu.com/ubuntu/ trusty-updates/universe python-colorama-whl all 0.2.5-0.1ubuntu2 [18.2 kB]
Get:68 http://archive.ubuntu.com/ubuntu/ trusty-updates/main python2.7-dev amd64 2.7.6-8ubuntu0.5 [269 kB]
Get:69 http://archive.ubuntu.com/ubuntu/ trusty/main python-dev amd64 2.7.5-5ubuntu3 [1166 B]
Get:70 http://archive.ubuntu.com/ubuntu/ trusty-updates/universe python-distlib all 0.1.8-1ubuntu1 [113 kB]
Get:71 http://archive.ubuntu.com/ubuntu/ trusty-updates/universe python-distlib-whl all 0.1.8-1ubuntu1 [140 kB]
Get:72 http://archive.ubuntu.com/ubuntu/ trusty-updates/main python-six all 1.5.2-1ubuntu1.1 [8348 B]
Get:73 http://archive.ubuntu.com/ubuntu/ trusty-updates/main python-html5lib all 0.999-3~ubuntu1 [83.5 kB]
Get:74 http://archive.ubuntu.com/ubuntu/ trusty-updates/main python-html5lib-whl all 0.999-3~ubuntu1 [109 kB]
Get:75 http://archive.ubuntu.com/ubuntu/ trusty-updates/main python-six-whl all 1.5.2-1ubuntu1.1 [10.6 kB]
Get:76 http://archive.ubuntu.com/ubuntu/ trusty-updates/main python-urllib3-whl all 1.7.1-1ubuntu4.1 [63.9 kB]
Get:77 http://archive.ubuntu.com/ubuntu/ trusty-updates/main python-requests-whl all 2.2.1-1ubuntu0.4 [228 kB]
Get:78 http://archive.ubuntu.com/ubuntu/ trusty-updates/main python-setuptools-whl all 3.3-1ubuntu2 [244 kB]
Get:79 http://archive.ubuntu.com/ubuntu/ trusty-updates/universe python-pip-whl all 1.5.4-1ubuntu4 [111 kB]
Get:80 http://archive.ubuntu.com/ubuntu/ trusty-updates/main python-pkg-resources all 3.3-1ubuntu2 [61.9 kB]
Get:81 http://archive.ubuntu.com/ubuntu/ trusty-updates/main python-urllib3 all 1.7.1-1ubuntu4.1 [39.4 kB]
Get:82 http://archive.ubuntu.com/ubuntu/ trusty-updates/main python-requests all 2.2.1-1ubuntu0.4 [43.5 kB]
Get:83 http://archive.ubuntu.com/ubuntu/ trusty-updates/main python-setuptools all 3.3-1ubuntu2 [230 kB]
Get:84 http://archive.ubuntu.com/ubuntu/ trusty-updates/universe python-pip all 1.5.4-1ubuntu4 [97.3 kB]
Get:85 http://archive.ubuntu.com/ubuntu/ trusty-updates/main python-wheel all 0.24.0-1~ubuntu1.1 [44.7 kB]
[91mExtracting templates from packages: 35%[0m[91mExtracting templates from packages: 70%[0m[91mExtracting templates from packages: 100%
[0mFetched 74.5 MB in 12s (6189 kB/s)
Selecting previously unselected package libedit2:amd64.
(Reading database ... 12097 files and directories currently installed.)
Preparing to unpack .../libedit2_3.1-20130712-2_amd64.deb ...
Unpacking libedit2:amd64 (3.1-20130712-2) ...
Selecting previously unselected package libxau6:amd64.
Preparing to unpack .../libxau6_1%3a1.0.8-1_amd64.deb ...
Unpacking libxau6:amd64 (1:1.0.8-1) ...
Selecting previously unselected package libxdmcp6:amd64.
Preparing to unpack .../libxdmcp6_1%3a1.1.1-1_amd64.deb ...
Unpacking libxdmcp6:amd64 (1:1.1.1-1) ...
Selecting previously unselected package libxcb1:amd64.
Preparing to unpack .../libxcb1_1.10-2ubuntu1_amd64.deb ...
Unpacking libxcb1:amd64 (1.10-2ubuntu1) ...
Selecting previously unselected package libx11-data.
Preparing to unpack .../libx11-data_2%3a1.6.2-1ubuntu2.1_all.deb ...
Unpacking libx11-data (2:1.6.2-1ubuntu2.1) ...
Selecting previously unselected package libx11-6:amd64.
Preparing to unpack .../libx11-6_2%3a1.6.2-1ubuntu2.1_amd64.deb ...
Unpacking libx11-6:amd64 (2:1.6.2-1ubuntu2.1) ...
Selecting previously unselected package libxext6:amd64.
Preparing to unpack .../libxext6_2%3a1.3.2-1ubuntu0.0.14.04.1_amd64.deb ...
Unpacking libxext6:amd64 (2:1.3.2-1ubuntu0.0.14.04.1) ...
Selecting previously unselected package libxmuu1:amd64.
Preparing to unpack .../libxmuu1_2%3a1.1.1-1_amd64.deb ...
Unpacking libxmuu1:amd64 (2:1.1.1-1) ...
Selecting previously unselected package libasan0:amd64.
Preparing to unpack .../libasan0_4.8.4-2ubuntu1~14.04.4_amd64.deb ...
Unpacking libasan0:amd64 (4.8.4-2ubuntu1~14.04.4) ...
Selecting previously unselected package libatomic1:amd64.
Preparing to unpack .../libatomic1_4.8.4-2ubuntu1~14.04.4_amd64.deb ...
Unpacking libatomic1:amd64 (4.8.4-2ubuntu1~14.04.4) ...
Selecting previously unselected package libgmp10:amd64.
Preparing to unpack .../libgmp10_2%3a5.1.3+dfsg-1ubuntu1_amd64.deb ...
Unpacking libgmp10:amd64 (2:5.1.3+dfsg-1ubuntu1) ...
Selecting previously unselected package libisl10:amd64.
Preparing to unpack .../libisl10_0.12.2-1_amd64.deb ...
Unpacking libisl10:amd64 (0.12.2-1) ...
Selecting previously unselected package libcloog-isl4:amd64.
Preparing to unpack .../libcloog-isl4_0.18.2-1_amd64.deb ...
Unpacking libcloog-isl4:amd64 (0.18.2-1) ...
Selecting previously unselected package libgomp1:amd64.
Preparing to unpack .../libgomp1_4.8.4-2ubuntu1~14.04.4_amd64.deb ...
Unpacking libgomp1:amd64 (4.8.4-2ubuntu1~14.04.4) ...
Selecting previously unselected package libitm1:amd64.
Preparing to unpack .../libitm1_4.8.4-2ubuntu1~14.04.4_amd64.deb ...
Unpacking libitm1:amd64 (4.8.4-2ubuntu1~14.04.4) ...
Selecting previously unselected package libmpfr4:amd64.
Preparing to unpack .../libmpfr4_3.1.2-1_amd64.deb ...
Unpacking libmpfr4:amd64 (3.1.2-1) ...
Selecting previously unselected package libpython2.7-minimal:amd64.
Preparing to unpack .../libpython2.7-minimal_2.7.6-8ubuntu0.5_amd64.deb ...
Unpacking libpython2.7-minimal:amd64 (2.7.6-8ubuntu0.5) ...
Selecting previously unselected package libpython2.7-stdlib:amd64.
Preparing to unpack .../libpython2.7-stdlib_2.7.6-8ubuntu0.5_amd64.deb ...
Unpacking libpython2.7-stdlib:amd64 (2.7.6-8ubuntu0.5) ...
Selecting previously unselected package libpython2.7:amd64.
Preparing to unpack .../libpython2.7_2.7.6-8ubuntu0.5_amd64.deb ...
Unpacking libpython2.7:amd64 (2.7.6-8ubuntu0.5) ...
Selecting previously unselected package libc-dev-bin.
Preparing to unpack .../libc-dev-bin_2.19-0ubuntu6.15_amd64.deb ...
Unpacking libc-dev-bin (2.19-0ubuntu6.15) ...
Selecting previously unselected package linux-libc-dev:amd64.
Preparing to unpack .../linux-libc-dev_3.13.0-170.220_amd64.deb ...
Unpacking linux-libc-dev:amd64 (3.13.0-170.220) ...
Selecting previously unselected package libc6-dev:amd64.
Preparing to unpack .../libc6-dev_2.19-0ubuntu6.15_amd64.deb ...
Unpacking libc6-dev:amd64 (2.19-0ubuntu6.15) ...
Selecting previously unselected package libexpat1-dev:amd64.
Preparing to unpack .../libexpat1-dev_2.1.0-4ubuntu1.4_amd64.deb ...
Unpacking libexpat1-dev:amd64 (2.1.0-4ubuntu1.4) ...
Selecting previously unselected package libpython2.7-dev:amd64.
Preparing to unpack .../libpython2.7-dev_2.7.6-8ubuntu0.5_amd64.deb ...
Unpacking libpython2.7-dev:amd64 (2.7.6-8ubuntu0.5) ...
Selecting previously unselected package libquadmath0:amd64.
Preparing to unpack .../libquadmath0_4.8.4-2ubuntu1~14.04.4_amd64.deb ...
Unpacking libquadmath0:amd64 (4.8.4-2ubuntu1~14.04.4) ...
Selecting previously unselected package libtsan0:amd64.
Preparing to unpack .../libtsan0_4.8.4-2ubuntu1~14.04.4_amd64.deb ...
Unpacking libtsan0:amd64 (4.8.4-2ubuntu1~14.04.4) ...
Selecting previously unselected package python2.7-minimal.
Preparing to unpack .../python2.7-minimal_2.7.6-8ubuntu0.5_amd64.deb ...
Unpacking python2.7-minimal (2.7.6-8ubuntu0.5) ...
Selecting previously unselected package libmpc3:amd64.
Preparing to unpack .../libmpc3_1.0.1-1ubuntu1_amd64.deb ...
Unpacking libmpc3:amd64 (1.0.1-1ubuntu1) ...
Selecting previously unselected package manpages.
Preparing to unpack .../manpages_3.54-1ubuntu1_all.deb ...
Unpacking manpages (3.54-1ubuntu1) ...
Selecting previously unselected package openssh-client.
Preparing to unpack .../openssh-client_1%3a6.6p1-2ubuntu2.13_amd64.deb ...
Unpacking openssh-client (1:6.6p1-2ubuntu2.13) ...
Selecting previously unselected package rsync.
Preparing to unpack .../rsync_3.1.0-2ubuntu0.4_amd64.deb ...
Unpacking rsync (3.1.0-2ubuntu0.4) ...
Selecting previously unselected package xauth.
Preparing to unpack .../xauth_1%3a1.0.7-1ubuntu1_amd64.deb ...
Unpacking xauth (1:1.0.7-1ubuntu1) ...
Selecting previously unselected package binutils.
Preparing to unpack .../binutils_2.24-5ubuntu14.2_amd64.deb ...
Unpacking binutils (2.24-5ubuntu14.2) ...
Selecting previously unselected package cpp-4.8.
Preparing to unpack .../cpp-4.8_4.8.4-2ubuntu1~14.04.4_amd64.deb ...
Unpacking cpp-4.8 (4.8.4-2ubuntu1~14.04.4) ...
Selecting previously unselected package cpp.
Preparing to unpack .../cpp_4%3a4.8.2-1ubuntu6_amd64.deb ...
Unpacking cpp (4:4.8.2-1ubuntu6) ...
Selecting previously unselected package libgcc-4.8-dev:amd64.
Preparing to unpack .../libgcc-4.8-dev_4.8.4-2ubuntu1~14.04.4_amd64.deb ...
Unpacking libgcc-4.8-dev:amd64 (4.8.4-2ubuntu1~14.04.4) ...
Selecting previously unselected package gcc-4.8.
Preparing to unpack .../gcc-4.8_4.8.4-2ubuntu1~14.04.4_amd64.deb ...
Unpacking gcc-4.8 (4.8.4-2ubuntu1~14.04.4) ...
Selecting previously unselected package gcc.
Preparing to unpack .../gcc_4%3a4.8.2-1ubuntu6_amd64.deb ...
Unpacking gcc (4:4.8.2-1ubuntu6) ...
Selecting previously unselected package libstdc++-4.8-dev:amd64.
Preparing to unpack .../libstdc++-4.8-dev_4.8.4-2ubuntu1~14.04.4_amd64.deb ...
Unpacking libstdc++-4.8-dev:amd64 (4.8.4-2ubuntu1~14.04.4) ...
Selecting previously unselected package g++-4.8.
Preparing to unpack .../g++-4.8_4.8.4-2ubuntu1~14.04.4_amd64.deb ...
Unpacking g++-4.8 (4.8.4-2ubuntu1~14.04.4) ...
Selecting previously unselected package g++.
Preparing to unpack .../g++_4%3a4.8.2-1ubuntu6_amd64.deb ...
Unpacking g++ (4:4.8.2-1ubuntu6) ...
Selecting previously unselected package make.
Preparing to unpack .../make_3.81-8.2ubuntu3_amd64.deb ...
Unpacking make (3.81-8.2ubuntu3) ...
Selecting previously unselected package libtimedate-perl.
Preparing to unpack .../libtimedate-perl_2.3000-1_all.deb ...
Unpacking libtimedate-perl (2.3000-1) ...
Selecting previously unselected package libdpkg-perl.
Preparing to unpack .../libdpkg-perl_1.17.5ubuntu5.8_all.deb ...
Unpacking libdpkg-perl (1.17.5ubuntu5.8) ...
Selecting previously unselected package xz-utils.
Preparing to unpack .../xz-utils_5.1.1alpha+20120614-2ubuntu2_amd64.deb ...
Unpacking xz-utils (5.1.1alpha+20120614-2ubuntu2) ...
Selecting previously unselected package patch.
Preparing to unpack .../patch_2.7.1-4ubuntu2.4_amd64.deb ...
Unpacking patch (2.7.1-4ubuntu2.4) ...
Selecting previously unselected package dpkg-dev.
Preparing to unpack .../dpkg-dev_1.17.5ubuntu5.8_all.deb ...
Unpacking dpkg-dev (1.17.5ubuntu5.8) ...
Selecting previously unselected package build-essential.
Preparing to unpack .../build-essential_11.6ubuntu6_amd64.deb ...
Unpacking build-essential (11.6ubuntu6) ...
Selecting previously unselected package libfakeroot:amd64.
Preparing to unpack .../libfakeroot_1.20-3ubuntu2_amd64.deb ...
Unpacking libfakeroot:amd64 (1.20-3ubuntu2) ...
Selecting previously unselected package fakeroot.
Preparing to unpack .../fakeroot_1.20-3ubuntu2_amd64.deb ...
Unpacking fakeroot (1.20-3ubuntu2) ...
Selecting previously unselected package liberror-perl.
Preparing to unpack .../liberror-perl_0.17-1.1_all.deb ...
Unpacking liberror-perl (0.17-1.1) ...
Selecting previously unselected package git-man.
Preparing to unpack .../git-man_1%3a1.9.1-1ubuntu0.10_all.deb ...
Unpacking git-man (1:1.9.1-1ubuntu0.10) ...
Selecting previously unselected package git.
Preparing to unpack .../git_1%3a1.9.1-1ubuntu0.10_amd64.deb ...
Unpacking git (1:1.9.1-1ubuntu0.10) ...
Selecting previously unselected package libalgorithm-diff-perl.
Preparing to unpack .../libalgorithm-diff-perl_1.19.02-3_all.deb ...
Unpacking libalgorithm-diff-perl (1.19.02-3) ...
Selecting previously unselected package libalgorithm-diff-xs-perl.
Preparing to unpack .../libalgorithm-diff-xs-perl_0.04-2build4_amd64.deb ...
Unpacking libalgorithm-diff-xs-perl (0.04-2build4) ...
Selecting previously unselected package libalgorithm-merge-perl.
Preparing to unpack .../libalgorithm-merge-perl_0.08-2_all.deb ...
Unpacking libalgorithm-merge-perl (0.08-2) ...
Selecting previously unselected package libfile-fcntllock-perl.
Preparing to unpack .../libfile-fcntllock-perl_0.14-2build1_amd64.deb ...
Unpacking libfile-fcntllock-perl (0.14-2build1) ...
Selecting previously unselected package libpython-dev:amd64.
Preparing to unpack .../libpython-dev_2.7.5-5ubuntu3_amd64.deb ...
Unpacking libpython-dev:amd64 (2.7.5-5ubuntu3) ...
Selecting previously unselected package libpython-stdlib:amd64.
Preparing to unpack .../libpython-stdlib_2.7.5-5ubuntu3_amd64.deb ...
Unpacking libpython-stdlib:amd64 (2.7.5-5ubuntu3) ...
Selecting previously unselected package manpages-dev.
Preparing to unpack .../manpages-dev_3.54-1ubuntu1_all.deb ...
Unpacking manpages-dev (3.54-1ubuntu1) ...
Selecting previously unselected package python2.7.
Preparing to unpack .../python2.7_2.7.6-8ubuntu0.5_amd64.deb ...
Unpacking python2.7 (2.7.6-8ubuntu0.5) ...
Selecting previously unselected package python-minimal.
Preparing to unpack .../python-minimal_2.7.5-5ubuntu3_amd64.deb ...
Unpacking python-minimal (2.7.5-5ubuntu3) ...
Selecting previously unselected package python.
Preparing to unpack .../python_2.7.5-5ubuntu3_amd64.deb ...
Unpacking python (2.7.5-5ubuntu3) ...
Selecting previously unselected package python-chardet.
Preparing to unpack .../python-chardet_2.0.1-2build2_all.deb ...
Unpacking python-chardet (2.0.1-2build2) ...
Selecting previously unselected package python-chardet-whl.
Preparing to unpack .../python-chardet-whl_2.2.1-2~ubuntu1_all.deb ...
Unpacking python-chardet-whl (2.2.1-2~ubuntu1) ...
Selecting previously unselected package python-colorama.
Preparing to unpack .../python-colorama_0.2.5-0.1ubuntu2_all.deb ...
Unpacking python-colorama (0.2.5-0.1ubuntu2) ...
Selecting previously unselected package python-colorama-whl.
Preparing to unpack .../python-colorama-whl_0.2.5-0.1ubuntu2_all.deb ...
Unpacking python-colorama-whl (0.2.5-0.1ubuntu2) ...
Selecting previously unselected package python2.7-dev.
Preparing to unpack .../python2.7-dev_2.7.6-8ubuntu0.5_amd64.deb ...
Unpacking python2.7-dev (2.7.6-8ubuntu0.5) ...
Selecting previously unselected package python-dev.
Preparing to unpack .../python-dev_2.7.5-5ubuntu3_amd64.deb ...
Unpacking python-dev (2.7.5-5ubuntu3) ...
Selecting previously unselected package python-distlib.
Preparing to unpack .../python-distlib_0.1.8-1ubuntu1_all.deb ...
Unpacking python-distlib (0.1.8-1ubuntu1) ...
Selecting previously unselected package python-distlib-whl.
Preparing to unpack .../python-distlib-whl_0.1.8-1ubuntu1_all.deb ...
Unpacking python-distlib-whl (0.1.8-1ubuntu1) ...
Selecting previously unselected package python-six.
Preparing to unpack .../python-six_1.5.2-1ubuntu1.1_all.deb ...
Unpacking python-six (1.5.2-1ubuntu1.1) ...
Selecting previously unselected package python-html5lib.
Preparing to unpack .../python-html5lib_0.999-3~ubuntu1_all.deb ...
Unpacking python-html5lib (0.999-3~ubuntu1) ...
Selecting previously unselected package python-html5lib-whl.
Preparing to unpack .../python-html5lib-whl_0.999-3~ubuntu1_all.deb ...
Unpacking python-html5lib-whl (0.999-3~ubuntu1) ...
Selecting previously unselected package python-six-whl.
Preparing to unpack .../python-six-whl_1.5.2-1ubuntu1.1_all.deb ...
Unpacking python-six-whl (1.5.2-1ubuntu1.1) ...
Selecting previously unselected package python-urllib3-whl.
Preparing to unpack .../python-urllib3-whl_1.7.1-1ubuntu4.1_all.deb ...
Unpacking python-urllib3-whl (1.7.1-1ubuntu4.1) ...
Selecting previously unselected package python-requests-whl.
Preparing to unpack .../python-requests-whl_2.2.1-1ubuntu0.4_all.deb ...
Unpacking python-requests-whl (2.2.1-1ubuntu0.4) ...
Selecting previously unselected package python-setuptools-whl.
Preparing to unpack .../python-setuptools-whl_3.3-1ubuntu2_all.deb ...
Unpacking python-setuptools-whl (3.3-1ubuntu2) ...
Selecting previously unselected package python-pip-whl.
Preparing to unpack .../python-pip-whl_1.5.4-1ubuntu4_all.deb ...
Unpacking python-pip-whl (1.5.4-1ubuntu4) ...
Selecting previously unselected package python-pkg-resources.
Preparing to unpack .../python-pkg-resources_3.3-1ubuntu2_all.deb ...
Unpacking python-pkg-resources (3.3-1ubuntu2) ...
Selecting previously unselected package python-urllib3.
Preparing to unpack .../python-urllib3_1.7.1-1ubuntu4.1_all.deb ...
Unpacking python-urllib3 (1.7.1-1ubuntu4.1) ...
Selecting previously unselected package python-requests.
Preparing to unpack .../python-requests_2.2.1-1ubuntu0.4_all.deb ...
Unpacking python-requests (2.2.1-1ubuntu0.4) ...
Selecting previously unselected package python-setuptools.
Preparing to unpack .../python-setuptools_3.3-1ubuntu2_all.deb ...
Unpacking python-setuptools (3.3-1ubuntu2) ...
Selecting previously unselected package python-pip.
Preparing to unpack .../python-pip_1.5.4-1ubuntu4_all.deb ...
Unpacking python-pip (1.5.4-1ubuntu4) ...
Selecting previously unselected package python-wheel.
Preparing to unpack .../python-wheel_0.24.0-1~ubuntu1.1_all.deb ...
Unpacking python-wheel (0.24.0-1~ubuntu1.1) ...
Processing triggers for ureadahead (0.100.0-16) ...
Processing triggers for mime-support (3.54ubuntu1.1) ...
Setting up libedit2:amd64 (3.1-20130712-2) ...
Setting up libxau6:amd64 (1:1.0.8-1) ...
Setting up libxdmcp6:amd64 (1:1.1.1-1) ...
Setting up libxcb1:amd64 (1.10-2ubuntu1) ...
Setting up libx11-data (2:1.6.2-1ubuntu2.1) ...
Setting up libx11-6:amd64 (2:1.6.2-1ubuntu2.1) ...
Setting up libxext6:amd64 (2:1.3.2-1ubuntu0.0.14.04.1) ...
Setting up libxmuu1:amd64 (2:1.1.1-1) ...
Setting up libasan0:amd64 (4.8.4-2ubuntu1~14.04.4) ...
Setting up libatomic1:amd64 (4.8.4-2ubuntu1~14.04.4) ...
Setting up libgmp10:amd64 (2:5.1.3+dfsg-1ubuntu1) ...
Setting up libisl10:amd64 (0.12.2-1) ...
Setting up libcloog-isl4:amd64 (0.18.2-1) ...
Setting up libgomp1:amd64 (4.8.4-2ubuntu1~14.04.4) ...
Setting up libitm1:amd64 (4.8.4-2ubuntu1~14.04.4) ...
Setting up libmpfr4:amd64 (3.1.2-1) ...
Setting up libpython2.7-minimal:amd64 (2.7.6-8ubuntu0.5) ...
Setting up libpython2.7-stdlib:amd64 (2.7.6-8ubuntu0.5) ...
Setting up libpython2.7:amd64 (2.7.6-8ubuntu0.5) ...
Setting up libc-dev-bin (2.19-0ubuntu6.15) ...
Setting up linux-libc-dev:amd64 (3.13.0-170.220) ...
Setting up libc6-dev:amd64 (2.19-0ubuntu6.15) ...
Setting up libexpat1-dev:amd64 (2.1.0-4ubuntu1.4) ...
Setting up libpython2.7-dev:amd64 (2.7.6-8ubuntu0.5) ...
Setting up libquadmath0:amd64 (4.8.4-2ubuntu1~14.04.4) ...
Setting up libtsan0:amd64 (4.8.4-2ubuntu1~14.04.4) ...
Setting up python2.7-minimal (2.7.6-8ubuntu0.5) ...
Setting up libmpc3:amd64 (1.0.1-1ubuntu1) ...
Setting up manpages (3.54-1ubuntu1) ...
Setting up openssh-client (1:6.6p1-2ubuntu2.13) ...
Setting up rsync (3.1.0-2ubuntu0.4) ...
 Removing any system startup links for /etc/init.d/rsync ...
[91mupdate-rc.d: warning: default stop runlevel arguments (0 1 6) do not match rsync Default-Stop values (none)
[0m Adding system startup for /etc/init.d/rsync ...
   /etc/rc0.d/K20rsync -> ../init.d/rsync
   /etc/rc1.d/K20rsync -> ../init.d/rsync
   /etc/rc6.d/K20rsync -> ../init.d/rsync
   /etc/rc2.d/S20rsync -> ../init.d/rsync
   /etc/rc3.d/S20rsync -> ../init.d/rsync
   /etc/rc4.d/S20rsync -> ../init.d/rsync
   /etc/rc5.d/S20rsync -> ../init.d/rsync
[91minvoke-rc.d: policy-rc.d denied execution of restart.
[0mSetting up xauth (1:1.0.7-1ubuntu1) ...
Setting up binutils (2.24-5ubuntu14.2) ...
Setting up cpp-4.8 (4.8.4-2ubuntu1~14.04.4) ...
Setting up cpp (4:4.8.2-1ubuntu6) ...
Setting up libgcc-4.8-dev:amd64 (4.8.4-2ubuntu1~14.04.4) ...
Setting up gcc-4.8 (4.8.4-2ubuntu1~14.04.4) ...
Setting up gcc (4:4.8.2-1ubuntu6) ...
Setting up libstdc++-4.8-dev:amd64 (4.8.4-2ubuntu1~14.04.4) ...
Setting up g++-4.8 (4.8.4-2ubuntu1~14.04.4) ...
Setting up g++ (4:4.8.2-1ubuntu6) ...
update-alternatives: using /usr/bin/g++ to provide /usr/bin/c++ (c++) in auto mode
Setting up make (3.81-8.2ubuntu3) ...
Setting up libtimedate-perl (2.3000-1) ...
Setting up libdpkg-perl (1.17.5ubuntu5.8) ...
Setting up xz-utils (5.1.1alpha+20120614-2ubuntu2) ...
update-alternatives: using /usr/bin/xz to provide /usr/bin/lzma (lzma) in auto mode
Setting up patch (2.7.1-4ubuntu2.4) ...
Setting up dpkg-dev (1.17.5ubuntu5.8) ...
Setting up build-essential (11.6ubuntu6) ...
Setting up libfakeroot:amd64 (1.20-3ubuntu2) ...
Setting up fakeroot (1.20-3ubuntu2) ...
update-alternatives: using /usr/bin/fakeroot-sysv to provide /usr/bin/fakeroot (fakeroot) in auto mode
Setting up liberror-perl (0.17-1.1) ...
Setting up git-man (1:1.9.1-1ubuntu0.10) ...
Setting up git (1:1.9.1-1ubuntu0.10) ...
Setting up libalgorithm-diff-perl (1.19.02-3) ...
Setting up libalgorithm-diff-xs-perl (0.04-2build4) ...
Setting up libalgorithm-merge-perl (0.08-2) ...
Setting up libfile-fcntllock-perl (0.14-2build1) ...
Setting up libpython-dev:amd64 (2.7.5-5ubuntu3) ...
Setting up libpython-stdlib:amd64 (2.7.5-5ubuntu3) ...
Setting up manpages-dev (3.54-1ubuntu1) ...
Setting up python2.7 (2.7.6-8ubuntu0.5) ...
Setting up python-minimal (2.7.5-5ubuntu3) ...
Setting up python (2.7.5-5ubuntu3) ...
Setting up python-chardet (2.0.1-2build2) ...
Setting up python-chardet-whl (2.2.1-2~ubuntu1) ...
Setting up python-colorama (0.2.5-0.1ubuntu2) ...
Setting up python-colorama-whl (0.2.5-0.1ubuntu2) ...
Setting up python2.7-dev (2.7.6-8ubuntu0.5) ...
Setting up python-dev (2.7.5-5ubuntu3) ...
Setting up python-distlib (0.1.8-1ubuntu1) ...
Setting up python-distlib-whl (0.1.8-1ubuntu1) ...
Setting up python-six (1.5.2-1ubuntu1.1) ...
Setting up python-html5lib (0.999-3~ubuntu1) ...
Setting up python-html5lib-whl (0.999-3~ubuntu1) ...
Setting up python-six-whl (1.5.2-1ubuntu1.1) ...
Setting up python-urllib3-whl (1.7.1-1ubuntu4.1) ...
Setting up python-requests-whl (2.2.1-1ubuntu0.4) ...
Setting up python-setuptools-whl (3.3-1ubuntu2) ...
Setting up python-pip-whl (1.5.4-1ubuntu4) ...
Setting up python-pkg-resources (3.3-1ubuntu2) ...
Setting up python-urllib3 (1.7.1-1ubuntu4.1) ...
Setting up python-requests (2.2.1-1ubuntu0.4) ...
Setting up python-setuptools (3.3-1ubuntu2) ...
Setting up python-pip (1.5.4-1ubuntu4) ...
Setting up python-wheel (0.24.0-1~ubuntu1.1) ...
Processing triggers for libc-bin (2.19-0ubuntu6.15) ...
Processing triggers for ureadahead (0.100.0-16) ...
Removing intermediate container 5333e8bbaeff
 ---> d11f07155c28
Step 5/11 : RUN pip install buildbot
 ---> Running in be4e96358228
Downloading/unpacking buildbot
  Running setup.py (path:/tmp/pip_build_root/buildbot/setup.py) egg_info for package buildbot
    Traceback (most recent call last):
      File "<string>", line 17, in <module>
      File "/tmp/pip_build_root/buildbot/setup.py", line 441, in <module>
        raise RuntimeError("Buildbot master requires at least Python-3.5")
    RuntimeError: Buildbot master requires at least Python-3.5
    Complete output from command python setup.py egg_info:
    Traceback (most recent call last):

  File "<string>", line 17, in <module>

  File "/tmp/pip_build_root/buildbot/setup.py", line 441, in <module>

    raise RuntimeError("Buildbot master requires at least Python-3.5")

RuntimeError: Buildbot master requires at least Python-3.5

----------------------------------------
Cleaning up...
Command python setup.py egg_info failed with error code 1 in /tmp/pip_build_root/buildbot
Storing debug log for failure in /root/.pip/pip.log
The command '/bin/sh -c pip install buildbot' returned a non-zero code: 1
