Sending build context to Docker daemon  2.048kB
Step 1/6 : FROM python
latest: Pulling from library/python
f15005b0235f: Pulling fs layer
41ebfd3d2fd0: Pulling fs layer
b998346ba308: Pulling fs layer
f01ec562c947: Pulling fs layer
2447a2c11907: Pulling fs layer
fdd2d569da3e: Pulling fs layer
ac3886b74a9f: Pulling fs layer
3c783a9b35dd: Pulling fs layer
ce16dda809f6: Pulling fs layer
f01ec562c947: Waiting
2447a2c11907: Waiting
fdd2d569da3e: Waiting
3c783a9b35dd: Waiting
ac3886b74a9f: Waiting
ce16dda809f6: Waiting
41ebfd3d2fd0: Verifying Checksum
41ebfd3d2fd0: Download complete
f15005b0235f: Verifying Checksum
f15005b0235f: Download complete
b998346ba308: Verifying Checksum
b998346ba308: Download complete
f01ec562c947: Verifying Checksum
f01ec562c947: Download complete
fdd2d569da3e: Verifying Checksum
fdd2d569da3e: Download complete
3c783a9b35dd: Verifying Checksum
3c783a9b35dd: Download complete
ac3886b74a9f: Verifying Checksum
ac3886b74a9f: Download complete
ce16dda809f6: Verifying Checksum
ce16dda809f6: Download complete
2447a2c11907: Verifying Checksum
2447a2c11907: Download complete
f15005b0235f: Pull complete
41ebfd3d2fd0: Pull complete
b998346ba308: Pull complete
f01ec562c947: Pull complete
2447a2c11907: Pull complete
fdd2d569da3e: Pull complete
ac3886b74a9f: Pull complete
3c783a9b35dd: Pull complete
ce16dda809f6: Pull complete
Digest: sha256:e02bda1a92a0dd360a976ec3ce6ebd76f6de18b57b885c0556d5af4035e1767d
Status: Downloaded newer image for python:latest
 ---> d47898c6f4b0
Step 2/6 : MAINTAINER Insight Software Consortium <community@itk.org>
 ---> Running in 26aa673e6310
Removing intermediate container 26aa673e6310
 ---> 5fd6949bbec8
Step 3/6 : ENV http_proxy http://www-int2.dkfz-heidelberg.de:3128/
 ---> Running in c6ac7297cbc1
Removing intermediate container c6ac7297cbc1
 ---> 17f865521f7e
Step 4/6 : ENV https_proxy https://www-int2.dkfz-heidelberg.de:3128/
 ---> Running in 055a9c10a7ac
Removing intermediate container 055a9c10a7ac
 ---> cf3c4b7df1ba
Step 5/6 : RUN apt-get update &&     yes | apt-get install libgl1-mesa-glx
 ---> Running in a2ebd4a01883
Err:1 http://deb.debian.org/debian buster InRelease
  Could not connect to www-int2.dkfz-heidelberg.de:3128 (193.174.53.221), connection timed out Could not connect to www-int2.dkfz-heidelberg.de:3128 (193.174.53.86), connection timed out
Err:2 http://deb.debian.org/debian buster-updates InRelease
  Unable to connect to www-int2.dkfz-heidelberg.de:3128:
Err:3 http://security.debian.org/debian-security buster/updates InRelease
  Could not connect to www-int2.dkfz-heidelberg.de:3128 (193.174.53.86), connection timed out Could not connect to www-int2.dkfz-heidelberg.de:3128 (193.174.53.221), connection timed out
Reading package lists...
[91mW: Failed to fetch http://deb.debian.org/debian/dists/buster/InRelease  Could not connect to www-int2.dkfz-heidelberg.de:3128 (193.174.53.221), connection timed out Could not connect to www-int2.dkfz-heidelberg.de:3128 (193.174.53.86), connection timed out
W: Failed to fetch http://security.debian.org/debian-security/dists/buster/updates/InRelease  Could not connect to www-int2.dkfz-heidelberg.de:3128 (193.174.53.86), connection timed out Could not connect to www-int2.dkfz-heidelberg.de:3128 (193.174.53.221), connection timed out
W: Failed to fetch http://deb.debian.org/debian/dists/buster-updates/InRelease  Unable to connect to www-int2.dkfz-heidelberg.de:3128:
W: Some index files failed to download. They have been ignored, or old ones used instead.
[0mReading package lists...
Building dependency tree...
Reading state information...
[91mE: Unable to locate package libgl1-mesa-glx
[0mThe command '/bin/sh -c apt-get update &&     yes | apt-get install libgl1-mesa-glx' returned a non-zero code: 100
