Sending build context to Docker daemon  2.048kB
Step 1/10 : FROM	ubuntu:14.04
14.04: Pulling from library/ubuntu
2e6e20c8e2e6: Pulling fs layer
30bb187ac3fc: Pulling fs layer
b7a5bcc4a58a: Pulling fs layer
b7a5bcc4a58a: Verifying Checksum
b7a5bcc4a58a: Download complete
30bb187ac3fc: Verifying Checksum
30bb187ac3fc: Download complete
2e6e20c8e2e6: Verifying Checksum
2e6e20c8e2e6: Download complete
2e6e20c8e2e6: Pull complete
30bb187ac3fc: Pull complete
b7a5bcc4a58a: Pull complete
Digest: sha256:ffc76f71dd8be8c9e222d420dc96901a07b61616689a44c7b3ef6a10b7213de4
Status: Downloaded newer image for ubuntu:14.04
 ---> 6e4f1fe62ff1
Step 2/10 : MAINTAINER	Seongyeol Lim <seongyeol37@gmail.com>
 ---> Running in 0215c4fbaa32
Removing intermediate container 0215c4fbaa32
 ---> a2bbbd7dca6b
Step 3/10 : COPY	.	/go/src/github.com/docker/docker
 ---> 50349288094e
Step 4/10 : ADD		.	/
 ---> 16cf67ee5b71
Step 5/10 : ADD		null /
ADD failed: stat /var/lib/docker/tmp/docker-builder850245316/null: no such file or directory
