Sending build context to Docker daemon   2.56kB
Step 1/8 : FROM ubuntu:yakkety
yakkety: Pulling from library/ubuntu
dca7be20e546: Pulling fs layer
40bca54f5968: Pulling fs layer
61464f23390e: Pulling fs layer
d99f0bcd5dc8: Pulling fs layer
120db6f90955: Pulling fs layer
d99f0bcd5dc8: Waiting
120db6f90955: Waiting
61464f23390e: Verifying Checksum
61464f23390e: Download complete
40bca54f5968: Verifying Checksum
40bca54f5968: Download complete
d99f0bcd5dc8: Verifying Checksum
d99f0bcd5dc8: Download complete
120db6f90955: Verifying Checksum
120db6f90955: Download complete
dca7be20e546: Verifying Checksum
dca7be20e546: Download complete
dca7be20e546: Pull complete
40bca54f5968: Pull complete
61464f23390e: Pull complete
d99f0bcd5dc8: Pull complete
120db6f90955: Pull complete
Digest: sha256:8dc9652808dc091400d7d5983949043a9f9c7132b15c14814275d25f94bca18a
Status: Downloaded newer image for ubuntu:yakkety
 ---> 7d3f705d307c
Step 2/8 : RUN apt-get update && apt-get install -y apparmor bash-completion btrfs-tools build-essential cmake curl ca-certificates debhelper dh-apparmor dh-systemd git libapparmor-dev libdevmapper-dev libltdl-dev libseccomp-dev pkg-config vim-common libsystemd-dev --no-install-recommends && rm -rf /var/lib/apt/lists/*
 ---> Running in 0d3bf8bd21d6
Ign:1 http://security.ubuntu.com/ubuntu yakkety-security InRelease
Ign:2 http://archive.ubuntu.com/ubuntu yakkety InRelease
Ign:3 http://security.ubuntu.com/ubuntu yakkety-security Release
Ign:4 http://archive.ubuntu.com/ubuntu yakkety-updates InRelease
Ign:5 http://security.ubuntu.com/ubuntu yakkety-security/universe Sources
Ign:6 http://archive.ubuntu.com/ubuntu yakkety-backports InRelease
Ign:7 http://security.ubuntu.com/ubuntu yakkety-security/multiverse amd64 Packages
Ign:8 http://archive.ubuntu.com/ubuntu yakkety Release
Ign:9 http://security.ubuntu.com/ubuntu yakkety-security/main amd64 Packages
Ign:10 http://archive.ubuntu.com/ubuntu yakkety-updates Release
Ign:11 http://security.ubuntu.com/ubuntu yakkety-security/universe all Packages
Ign:12 http://archive.ubuntu.com/ubuntu yakkety-backports Release
Ign:13 http://security.ubuntu.com/ubuntu yakkety-security/restricted amd64 Packages
Ign:14 http://archive.ubuntu.com/ubuntu yakkety/universe Sources
Ign:15 http://security.ubuntu.com/ubuntu yakkety-security/multiverse all Packages
Ign:16 http://archive.ubuntu.com/ubuntu yakkety/multiverse all Packages
Ign:17 http://security.ubuntu.com/ubuntu yakkety-security/restricted all Packages
Ign:18 http://archive.ubuntu.com/ubuntu yakkety/restricted amd64 Packages
Ign:19 http://security.ubuntu.com/ubuntu yakkety-security/main all Packages
Ign:20 http://archive.ubuntu.com/ubuntu yakkety/main amd64 Packages
Ign:21 http://security.ubuntu.com/ubuntu yakkety-security/universe amd64 Packages
Ign:22 http://archive.ubuntu.com/ubuntu yakkety/universe amd64 Packages
Ign:5 http://security.ubuntu.com/ubuntu yakkety-security/universe Sources
Ign:23 http://archive.ubuntu.com/ubuntu yakkety/multiverse amd64 Packages
Ign:7 http://security.ubuntu.com/ubuntu yakkety-security/multiverse amd64 Packages
Ign:24 http://archive.ubuntu.com/ubuntu yakkety/restricted all Packages
Ign:9 http://security.ubuntu.com/ubuntu yakkety-security/main amd64 Packages
Ign:25 http://archive.ubuntu.com/ubuntu yakkety/main all Packages
Ign:11 http://security.ubuntu.com/ubuntu yakkety-security/universe all Packages
Ign:26 http://archive.ubuntu.com/ubuntu yakkety/universe all Packages
Ign:13 http://security.ubuntu.com/ubuntu yakkety-security/restricted amd64 Packages
Ign:27 http://archive.ubuntu.com/ubuntu yakkety-updates/universe Sources
Ign:15 http://security.ubuntu.com/ubuntu yakkety-security/multiverse all Packages
Ign:17 http://security.ubuntu.com/ubuntu yakkety-security/restricted all Packages
Ign:28 http://archive.ubuntu.com/ubuntu yakkety-updates/multiverse amd64 Packages
Ign:19 http://security.ubuntu.com/ubuntu yakkety-security/main all Packages
Ign:29 http://archive.ubuntu.com/ubuntu yakkety-updates/restricted all Packages
Ign:21 http://security.ubuntu.com/ubuntu yakkety-security/universe amd64 Packages
Ign:30 http://archive.ubuntu.com/ubuntu yakkety-updates/universe all Packages
Ign:5 http://security.ubuntu.com/ubuntu yakkety-security/universe Sources
Ign:31 http://archive.ubuntu.com/ubuntu yakkety-updates/universe amd64 Packages
Ign:7 http://security.ubuntu.com/ubuntu yakkety-security/multiverse amd64 Packages
Ign:32 http://archive.ubuntu.com/ubuntu yakkety-updates/main all Packages
Ign:9 http://security.ubuntu.com/ubuntu yakkety-security/main amd64 Packages
Ign:33 http://archive.ubuntu.com/ubuntu yakkety-updates/restricted amd64 Packages
Ign:34 http://archive.ubuntu.com/ubuntu yakkety-updates/main amd64 Packages
Ign:35 http://archive.ubuntu.com/ubuntu yakkety-updates/multiverse all Packages
Ign:11 http://security.ubuntu.com/ubuntu yakkety-security/universe all Packages
Ign:13 http://security.ubuntu.com/ubuntu yakkety-security/restricted amd64 Packages
Ign:15 http://security.ubuntu.com/ubuntu yakkety-security/multiverse all Packages
Ign:36 http://archive.ubuntu.com/ubuntu yakkety-backports/main amd64 Packages
Ign:17 http://security.ubuntu.com/ubuntu yakkety-security/restricted all Packages
Ign:37 http://archive.ubuntu.com/ubuntu yakkety-backports/multiverse amd64 Packages
Ign:19 http://security.ubuntu.com/ubuntu yakkety-security/main all Packages
Ign:38 http://archive.ubuntu.com/ubuntu yakkety-backports/restricted amd64 Packages
Ign:21 http://security.ubuntu.com/ubuntu yakkety-security/universe amd64 Packages
Ign:39 http://archive.ubuntu.com/ubuntu yakkety-backports/main all Packages
Ign:5 http://security.ubuntu.com/ubuntu yakkety-security/universe Sources
Ign:40 http://archive.ubuntu.com/ubuntu yakkety-backports/universe all Packages
Ign:7 http://security.ubuntu.com/ubuntu yakkety-security/multiverse amd64 Packages
Ign:41 http://archive.ubuntu.com/ubuntu yakkety-backports/multiverse all Packages
Ign:9 http://security.ubuntu.com/ubuntu yakkety-security/main amd64 Packages
Ign:42 http://archive.ubuntu.com/ubuntu yakkety-backports/universe amd64 Packages
Ign:11 http://security.ubuntu.com/ubuntu yakkety-security/universe all Packages
Ign:43 http://archive.ubuntu.com/ubuntu yakkety-backports/restricted all Packages
Ign:13 http://security.ubuntu.com/ubuntu yakkety-security/restricted amd64 Packages
Ign:14 http://archive.ubuntu.com/ubuntu yakkety/universe Sources
Ign:15 http://security.ubuntu.com/ubuntu yakkety-security/multiverse all Packages
Ign:16 http://archive.ubuntu.com/ubuntu yakkety/multiverse all Packages
Ign:17 http://security.ubuntu.com/ubuntu yakkety-security/restricted all Packages
Ign:18 http://archive.ubuntu.com/ubuntu yakkety/restricted amd64 Packages
Ign:19 http://security.ubuntu.com/ubuntu yakkety-security/main all Packages
Ign:20 http://archive.ubuntu.com/ubuntu yakkety/main amd64 Packages
Ign:21 http://security.ubuntu.com/ubuntu yakkety-security/universe amd64 Packages
Ign:22 http://archive.ubuntu.com/ubuntu yakkety/universe amd64 Packages
Ign:5 http://security.ubuntu.com/ubuntu yakkety-security/universe Sources
Ign:23 http://archive.ubuntu.com/ubuntu yakkety/multiverse amd64 Packages
Ign:7 http://security.ubuntu.com/ubuntu yakkety-security/multiverse amd64 Packages
Ign:24 http://archive.ubuntu.com/ubuntu yakkety/restricted all Packages
Ign:9 http://security.ubuntu.com/ubuntu yakkety-security/main amd64 Packages
Ign:25 http://archive.ubuntu.com/ubuntu yakkety/main all Packages
Ign:11 http://security.ubuntu.com/ubuntu yakkety-security/universe all Packages
Ign:26 http://archive.ubuntu.com/ubuntu yakkety/universe all Packages
Ign:13 http://security.ubuntu.com/ubuntu yakkety-security/restricted amd64 Packages
Ign:27 http://archive.ubuntu.com/ubuntu yakkety-updates/universe Sources
Ign:15 http://security.ubuntu.com/ubuntu yakkety-security/multiverse all Packages
Ign:17 http://security.ubuntu.com/ubuntu yakkety-security/restricted all Packages
Ign:28 http://archive.ubuntu.com/ubuntu yakkety-updates/multiverse amd64 Packages
Ign:19 http://security.ubuntu.com/ubuntu yakkety-security/main all Packages
Ign:29 http://archive.ubuntu.com/ubuntu yakkety-updates/restricted all Packages
Ign:21 http://security.ubuntu.com/ubuntu yakkety-security/universe amd64 Packages
Ign:30 http://archive.ubuntu.com/ubuntu yakkety-updates/universe all Packages
Ign:31 http://archive.ubuntu.com/ubuntu yakkety-updates/universe amd64 Packages
Ign:32 http://archive.ubuntu.com/ubuntu yakkety-updates/main all Packages
Err:5 http://security.ubuntu.com/ubuntu yakkety-security/universe Sources
  404  Not Found [IP: 91.189.88.142 80]
Ign:33 http://archive.ubuntu.com/ubuntu yakkety-updates/restricted amd64 Packages
Ign:7 http://security.ubuntu.com/ubuntu yakkety-security/multiverse amd64 Packages
Ign:9 http://security.ubuntu.com/ubuntu yakkety-security/main amd64 Packages
Ign:11 http://security.ubuntu.com/ubuntu yakkety-security/universe all Packages
Ign:34 http://archive.ubuntu.com/ubuntu yakkety-updates/main amd64 Packages
Ign:13 http://security.ubuntu.com/ubuntu yakkety-security/restricted amd64 Packages
Ign:35 http://archive.ubuntu.com/ubuntu yakkety-updates/multiverse all Packages
Ign:15 http://security.ubuntu.com/ubuntu yakkety-security/multiverse all Packages
Ign:36 http://archive.ubuntu.com/ubuntu yakkety-backports/main amd64 Packages
Ign:17 http://security.ubuntu.com/ubuntu yakkety-security/restricted all Packages
Ign:37 http://archive.ubuntu.com/ubuntu yakkety-backports/multiverse amd64 Packages
Ign:19 http://security.ubuntu.com/ubuntu yakkety-security/main all Packages
Ign:38 http://archive.ubuntu.com/ubuntu yakkety-backports/restricted amd64 Packages
Ign:21 http://security.ubuntu.com/ubuntu yakkety-security/universe amd64 Packages
Ign:39 http://archive.ubuntu.com/ubuntu yakkety-backports/main all Packages
Ign:40 http://archive.ubuntu.com/ubuntu yakkety-backports/universe all Packages
Ign:41 http://archive.ubuntu.com/ubuntu yakkety-backports/multiverse all Packages
Ign:42 http://archive.ubuntu.com/ubuntu yakkety-backports/universe amd64 Packages
Ign:43 http://archive.ubuntu.com/ubuntu yakkety-backports/restricted all Packages
Ign:14 http://archive.ubuntu.com/ubuntu yakkety/universe Sources
Ign:16 http://archive.ubuntu.com/ubuntu yakkety/multiverse all Packages
Ign:18 http://archive.ubuntu.com/ubuntu yakkety/restricted amd64 Packages
Ign:20 http://archive.ubuntu.com/ubuntu yakkety/main amd64 Packages
Ign:22 http://archive.ubuntu.com/ubuntu yakkety/universe amd64 Packages
Ign:23 http://archive.ubuntu.com/ubuntu yakkety/multiverse amd64 Packages
Ign:24 http://archive.ubuntu.com/ubuntu yakkety/restricted all Packages
Ign:25 http://archive.ubuntu.com/ubuntu yakkety/main all Packages
Ign:26 http://archive.ubuntu.com/ubuntu yakkety/universe all Packages
Ign:27 http://archive.ubuntu.com/ubuntu yakkety-updates/universe Sources
Ign:28 http://archive.ubuntu.com/ubuntu yakkety-updates/multiverse amd64 Packages
Ign:29 http://archive.ubuntu.com/ubuntu yakkety-updates/restricted all Packages
Ign:30 http://archive.ubuntu.com/ubuntu yakkety-updates/universe all Packages
Ign:31 http://archive.ubuntu.com/ubuntu yakkety-updates/universe amd64 Packages
Ign:32 http://archive.ubuntu.com/ubuntu yakkety-updates/main all Packages
Ign:33 http://archive.ubuntu.com/ubuntu yakkety-updates/restricted amd64 Packages
Ign:34 http://archive.ubuntu.com/ubuntu yakkety-updates/main amd64 Packages
Ign:35 http://archive.ubuntu.com/ubuntu yakkety-updates/multiverse all Packages
Ign:36 http://archive.ubuntu.com/ubuntu yakkety-backports/main amd64 Packages
Ign:37 http://archive.ubuntu.com/ubuntu yakkety-backports/multiverse amd64 Packages
Ign:38 http://archive.ubuntu.com/ubuntu yakkety-backports/restricted amd64 Packages
Ign:39 http://archive.ubuntu.com/ubuntu yakkety-backports/main all Packages
Ign:40 http://archive.ubuntu.com/ubuntu yakkety-backports/universe all Packages
Ign:41 http://archive.ubuntu.com/ubuntu yakkety-backports/multiverse all Packages
Ign:42 http://archive.ubuntu.com/ubuntu yakkety-backports/universe amd64 Packages
Ign:43 http://archive.ubuntu.com/ubuntu yakkety-backports/restricted all Packages
Ign:14 http://archive.ubuntu.com/ubuntu yakkety/universe Sources
Ign:16 http://archive.ubuntu.com/ubuntu yakkety/multiverse all Packages
Ign:18 http://archive.ubuntu.com/ubuntu yakkety/restricted amd64 Packages
Ign:20 http://archive.ubuntu.com/ubuntu yakkety/main amd64 Packages
Ign:22 http://archive.ubuntu.com/ubuntu yakkety/universe amd64 Packages
Ign:23 http://archive.ubuntu.com/ubuntu yakkety/multiverse amd64 Packages
Ign:24 http://archive.ubuntu.com/ubuntu yakkety/restricted all Packages
Ign:25 http://archive.ubuntu.com/ubuntu yakkety/main all Packages
Ign:26 http://archive.ubuntu.com/ubuntu yakkety/universe all Packages
Ign:27 http://archive.ubuntu.com/ubuntu yakkety-updates/universe Sources
Ign:28 http://archive.ubuntu.com/ubuntu yakkety-updates/multiverse amd64 Packages
Ign:29 http://archive.ubuntu.com/ubuntu yakkety-updates/restricted all Packages
Ign:30 http://archive.ubuntu.com/ubuntu yakkety-updates/universe all Packages
Ign:31 http://archive.ubuntu.com/ubuntu yakkety-updates/universe amd64 Packages
Ign:32 http://archive.ubuntu.com/ubuntu yakkety-updates/main all Packages
Ign:33 http://archive.ubuntu.com/ubuntu yakkety-updates/restricted amd64 Packages
Ign:34 http://archive.ubuntu.com/ubuntu yakkety-updates/main amd64 Packages
Ign:35 http://archive.ubuntu.com/ubuntu yakkety-updates/multiverse all Packages
Ign:36 http://archive.ubuntu.com/ubuntu yakkety-backports/main amd64 Packages
Ign:37 http://archive.ubuntu.com/ubuntu yakkety-backports/multiverse amd64 Packages
Ign:38 http://archive.ubuntu.com/ubuntu yakkety-backports/restricted amd64 Packages
Ign:39 http://archive.ubuntu.com/ubuntu yakkety-backports/main all Packages
Ign:40 http://archive.ubuntu.com/ubuntu yakkety-backports/universe all Packages
Ign:41 http://archive.ubuntu.com/ubuntu yakkety-backports/multiverse all Packages
Ign:42 http://archive.ubuntu.com/ubuntu yakkety-backports/universe amd64 Packages
Ign:43 http://archive.ubuntu.com/ubuntu yakkety-backports/restricted all Packages
Ign:14 http://archive.ubuntu.com/ubuntu yakkety/universe Sources
Ign:16 http://archive.ubuntu.com/ubuntu yakkety/multiverse all Packages
Ign:18 http://archive.ubuntu.com/ubuntu yakkety/restricted amd64 Packages
Ign:20 http://archive.ubuntu.com/ubuntu yakkety/main amd64 Packages
Ign:22 http://archive.ubuntu.com/ubuntu yakkety/universe amd64 Packages
Ign:23 http://archive.ubuntu.com/ubuntu yakkety/multiverse amd64 Packages
Ign:24 http://archive.ubuntu.com/ubuntu yakkety/restricted all Packages
Ign:25 http://archive.ubuntu.com/ubuntu yakkety/main all Packages
Ign:26 http://archive.ubuntu.com/ubuntu yakkety/universe all Packages
Ign:27 http://archive.ubuntu.com/ubuntu yakkety-updates/universe Sources
Ign:28 http://archive.ubuntu.com/ubuntu yakkety-updates/multiverse amd64 Packages
Ign:29 http://archive.ubuntu.com/ubuntu yakkety-updates/restricted all Packages
Ign:30 http://archive.ubuntu.com/ubuntu yakkety-updates/universe all Packages
Ign:31 http://archive.ubuntu.com/ubuntu yakkety-updates/universe amd64 Packages
Ign:32 http://archive.ubuntu.com/ubuntu yakkety-updates/main all Packages
Ign:33 http://archive.ubuntu.com/ubuntu yakkety-updates/restricted amd64 Packages
Ign:34 http://archive.ubuntu.com/ubuntu yakkety-updates/main amd64 Packages
Ign:35 http://archive.ubuntu.com/ubuntu yakkety-updates/multiverse all Packages
Ign:36 http://archive.ubuntu.com/ubuntu yakkety-backports/main amd64 Packages
Ign:37 http://archive.ubuntu.com/ubuntu yakkety-backports/multiverse amd64 Packages
Ign:38 http://archive.ubuntu.com/ubuntu yakkety-backports/restricted amd64 Packages
Ign:39 http://archive.ubuntu.com/ubuntu yakkety-backports/main all Packages
Ign:40 http://archive.ubuntu.com/ubuntu yakkety-backports/universe all Packages
Ign:41 http://archive.ubuntu.com/ubuntu yakkety-backports/multiverse all Packages
Ign:42 http://archive.ubuntu.com/ubuntu yakkety-backports/universe amd64 Packages
Ign:43 http://archive.ubuntu.com/ubuntu yakkety-backports/restricted all Packages
Err:14 http://archive.ubuntu.com/ubuntu yakkety/universe Sources
  404  Not Found [IP: 91.189.88.152 80]
Ign:16 http://archive.ubuntu.com/ubuntu yakkety/multiverse all Packages
Ign:18 http://archive.ubuntu.com/ubuntu yakkety/restricted amd64 Packages
Ign:20 http://archive.ubuntu.com/ubuntu yakkety/main amd64 Packages
Ign:22 http://archive.ubuntu.com/ubuntu yakkety/universe amd64 Packages
Ign:23 http://archive.ubuntu.com/ubuntu yakkety/multiverse amd64 Packages
Ign:24 http://archive.ubuntu.com/ubuntu yakkety/restricted all Packages
Ign:25 http://archive.ubuntu.com/ubuntu yakkety/main all Packages
Ign:26 http://archive.ubuntu.com/ubuntu yakkety/universe all Packages
Err:27 http://archive.ubuntu.com/ubuntu yakkety-updates/universe Sources
  404  Not Found [IP: 91.189.88.152 80]
Ign:28 http://archive.ubuntu.com/ubuntu yakkety-updates/multiverse amd64 Packages
Ign:29 http://archive.ubuntu.com/ubuntu yakkety-updates/restricted all Packages
Ign:30 http://archive.ubuntu.com/ubuntu yakkety-updates/universe all Packages
Ign:31 http://archive.ubuntu.com/ubuntu yakkety-updates/universe amd64 Packages
Ign:32 http://archive.ubuntu.com/ubuntu yakkety-updates/main all Packages
Ign:33 http://archive.ubuntu.com/ubuntu yakkety-updates/restricted amd64 Packages
Ign:34 http://archive.ubuntu.com/ubuntu yakkety-updates/main amd64 Packages
Ign:35 http://archive.ubuntu.com/ubuntu yakkety-updates/multiverse all Packages
Err:36 http://archive.ubuntu.com/ubuntu yakkety-backports/main amd64 Packages
  404  Not Found [IP: 91.189.88.152 80]
Ign:37 http://archive.ubuntu.com/ubuntu yakkety-backports/multiverse amd64 Packages
Ign:38 http://archive.ubuntu.com/ubuntu yakkety-backports/restricted amd64 Packages
Ign:39 http://archive.ubuntu.com/ubuntu yakkety-backports/main all Packages
Ign:40 http://archive.ubuntu.com/ubuntu yakkety-backports/universe all Packages
Ign:41 http://archive.ubuntu.com/ubuntu yakkety-backports/multiverse all Packages
Ign:42 http://archive.ubuntu.com/ubuntu yakkety-backports/universe amd64 Packages
Ign:43 http://archive.ubuntu.com/ubuntu yakkety-backports/restricted all Packages
Reading package lists...
[91mW: The repository 'http://security.ubuntu.com/ubuntu yakkety-security Release' does not have a Release file.
W: The repository 'http://archive.ubuntu.com/ubuntu yakkety Release' does not have a Release file.
W: The repository 'http://archive.ubuntu.com/ubuntu yakkety-updates Release' does not have a Release file.
W: The repository 'http://archive.ubuntu.com/ubuntu yakkety-backports Release' does not have a Release file.
E: Failed to fetch http://security.ubuntu.com/ubuntu/dists/yakkety-security/universe/source/Sources  404  Not Found [IP: 91.189.88.142 80]
E: Failed to fetch http://archive.ubuntu.com/ubuntu/dists/yakkety/universe/source/Sources  404  Not Found [IP: 91.189.88.152 80]
E: Failed to fetch http://archive.ubuntu.com/ubuntu/dists/yakkety-updates/universe/source/Sources  404  Not Found [IP: 91.189.88.152 80]
E: Failed to fetch http://archive.ubuntu.com/ubuntu/dists/yakkety-backports/main/binary-amd64/Packages  404  Not Found [IP: 91.189.88.152 80]
E: Some index files failed to download. They have been ignored, or old ones used instead.
[0mThe command '/bin/sh -c apt-get update && apt-get install -y apparmor bash-completion btrfs-tools build-essential cmake curl ca-certificates debhelper dh-apparmor dh-systemd git libapparmor-dev libdevmapper-dev libltdl-dev libseccomp-dev pkg-config vim-common libsystemd-dev --no-install-recommends && rm -rf /var/lib/apt/lists/*' returned a non-zero code: 100
