Sending build context to Docker daemon  2.048kB
Step 1/14 : FROM ubuntu:14.04
14.04: Pulling from library/ubuntu
2e6e20c8e2e6: Pulling fs layer
30bb187ac3fc: Pulling fs layer
b7a5bcc4a58a: Pulling fs layer
b7a5bcc4a58a: Verifying Checksum
b7a5bcc4a58a: Download complete
30bb187ac3fc: Verifying Checksum
30bb187ac3fc: Download complete
2e6e20c8e2e6: Verifying Checksum
2e6e20c8e2e6: Download complete
2e6e20c8e2e6: Pull complete
30bb187ac3fc: Pull complete
b7a5bcc4a58a: Pull complete
Digest: sha256:ffc76f71dd8be8c9e222d420dc96901a07b61616689a44c7b3ef6a10b7213de4
Status: Downloaded newer image for ubuntu:14.04
 ---> 6e4f1fe62ff1
Step 2/14 : RUN apt-get update -qy && apt-get install mutt offlineimap vim-nox abook elinks curl tmux cron zsh -y
 ---> Running in 398433f1a772
Get:1 http://security.ubuntu.com trusty-security InRelease [65.9 kB]
Ign http://archive.ubuntu.com trusty InRelease
Get:2 http://archive.ubuntu.com trusty-updates InRelease [65.9 kB]
Get:3 https://esm.ubuntu.com trusty-infra-security InRelease
Get:4 https://esm.ubuntu.com trusty-infra-updates InRelease
Get:5 http://security.ubuntu.com trusty-security/main amd64 Packages [1032 kB]
Get:6 https://esm.ubuntu.com trusty-infra-security/main amd64 Packages
Get:7 http://archive.ubuntu.com trusty-backports InRelease [65.9 kB]
Hit http://archive.ubuntu.com trusty Release.gpg
Get:8 https://esm.ubuntu.com trusty-infra-updates/main amd64 Packages
Get:9 http://archive.ubuntu.com trusty-updates/main amd64 Packages [1460 kB]
Get:10 http://security.ubuntu.com trusty-security/restricted amd64 Packages [18.1 kB]
Get:11 http://security.ubuntu.com trusty-security/universe amd64 Packages [377 kB]
Get:12 http://security.ubuntu.com trusty-security/multiverse amd64 Packages [4730 B]
Get:13 http://archive.ubuntu.com trusty-updates/restricted amd64 Packages [21.4 kB]
Get:14 http://archive.ubuntu.com trusty-updates/universe amd64 Packages [671 kB]
Get:15 http://archive.ubuntu.com trusty-updates/multiverse amd64 Packages [16.1 kB]
Get:16 http://archive.ubuntu.com trusty-backports/main amd64 Packages [14.7 kB]
Get:17 http://archive.ubuntu.com trusty-backports/restricted amd64 Packages [40 B]
Get:18 http://archive.ubuntu.com trusty-backports/universe amd64 Packages [52.5 kB]
Get:19 http://archive.ubuntu.com trusty-backports/multiverse amd64 Packages [1392 B]
Hit http://archive.ubuntu.com trusty Release
Get:20 http://archive.ubuntu.com trusty/main amd64 Packages [1743 kB]
Get:21 http://archive.ubuntu.com trusty/restricted amd64 Packages [16.0 kB]
Get:22 http://archive.ubuntu.com trusty/universe amd64 Packages [7589 kB]
Get:23 http://archive.ubuntu.com trusty/multiverse amd64 Packages [169 kB]
Fetched 13.7 MB in 3s (3574 kB/s)
Reading package lists...
Reading package lists...
Building dependency tree...
Reading state information...
cron is already the newest version.
The following extra packages will be installed:
  elinks-data libassuan0 libcurl3 libevent-2.0-5 libfsplib0 libgpgme11 libgpm2
  libjs-jquery libjs-sphinxdoc libjs-underscore liblua5.2-0 libperl5.18
  libpython-stdlib libpython2.7 libpython2.7-minimal libpython2.7-stdlib
  libruby1.9.1 libsqlite0 libtcl8.6 libtokyocabinet9 libtre5 postfix python
  python-minimal python-sqlite python2.7 python2.7-minimal ruby ruby1.9.1
  ssl-cert vim-runtime zsh-common
Suggested packages:
  elinks-doc gpgsm gpm javascript-common tcl8.6 tre-agrep urlview aspell
  ispell mixmaster python-kerberos doc-base procmail postfix-mysql
  postfix-pgsql postfix-ldap postfix-pcre sasl2-bin dovecot-common postfix-cdb
  mail-reader ufw postfix-doc python-doc python-tk python-sqlite-dbg
  python2.7-doc binutils binfmt-support ri ruby-dev ruby1.9.1-examples ri1.9.1
  graphviz ruby1.9.1-dev ruby-switch openssl-blacklist cscope vim-doc zsh-doc
Recommended packages:
  default-mta mail-transport-agent
The following NEW packages will be installed:
  abook curl elinks elinks-data libassuan0 libcurl3 libevent-2.0-5 libfsplib0
  libgpgme11 libgpm2 libjs-jquery libjs-sphinxdoc libjs-underscore liblua5.2-0
  libperl5.18 libpython-stdlib libpython2.7 libpython2.7-minimal
  libpython2.7-stdlib libruby1.9.1 libsqlite0 libtcl8.6 libtokyocabinet9
  libtre5 mutt offlineimap postfix python python-minimal python-sqlite
  python2.7 python2.7-minimal ruby ruby1.9.1 ssl-cert tmux vim-nox vim-runtime
  zsh zsh-common
0 upgraded, 40 newly installed, 0 to remove and 1 not upgraded.
Need to get 21.8 MB of archives.
After this operation, 92.6 MB of additional disk space will be used.
Get:1 http://archive.ubuntu.com/ubuntu/ trusty/main libassuan0 amd64 2.1.1-1ubuntu1 [29.7 kB]
Get:2 http://archive.ubuntu.com/ubuntu/ trusty-updates/main libcurl3 amd64 7.35.0-1ubuntu2.20 [173 kB]
Get:3 http://archive.ubuntu.com/ubuntu/ trusty-updates/main libevent-2.0-5 amd64 2.0.21-stable-1ubuntu1.14.04.2 [126 kB]
Get:4 http://archive.ubuntu.com/ubuntu/ trusty-updates/main libgpgme11 amd64 1.4.3-0.1ubuntu5.1 [96.2 kB]
Get:5 http://archive.ubuntu.com/ubuntu/ trusty/main libgpm2 amd64 1.20.4-6.1 [16.5 kB]
Get:6 http://archive.ubuntu.com/ubuntu/ trusty/main liblua5.2-0 amd64 5.2.3-1 [80.5 kB]
Get:7 http://archive.ubuntu.com/ubuntu/ trusty-updates/main libpython2.7-minimal amd64 2.7.6-8ubuntu0.5 [308 kB]
Get:8 http://archive.ubuntu.com/ubuntu/ trusty-updates/main libpython2.7-stdlib amd64 2.7.6-8ubuntu0.5 [1872 kB]
Get:9 http://archive.ubuntu.com/ubuntu/ trusty-updates/main libpython2.7 amd64 2.7.6-8ubuntu0.5 [1041 kB]
Get:10 http://archive.ubuntu.com/ubuntu/ trusty/main libtcl8.6 amd64 8.6.1-4ubuntu1 [841 kB]
Get:11 http://archive.ubuntu.com/ubuntu/ trusty/main libtokyocabinet9 amd64 1.4.48-2 [272 kB]
Get:12 http://archive.ubuntu.com/ubuntu/ trusty-updates/universe libtre5 amd64 0.8.0-3+deb7u1ubuntu1 [46.7 kB]
Get:13 http://archive.ubuntu.com/ubuntu/ trusty-updates/main python2.7-minimal amd64 2.7.6-8ubuntu0.5 [1186 kB]
Get:14 http://archive.ubuntu.com/ubuntu/ trusty-updates/main zsh-common all 5.0.2-3ubuntu6.3 [2115 kB]
Get:15 http://archive.ubuntu.com/ubuntu/ trusty-updates/main zsh amd64 5.0.2-3ubuntu6.3 [606 kB]
Get:16 http://archive.ubuntu.com/ubuntu/ trusty/universe abook amd64 0.6.0~pre2-3 [85.3 kB]
Get:17 http://archive.ubuntu.com/ubuntu/ trusty-updates/main curl amd64 7.35.0-1ubuntu2.20 [123 kB]
Get:18 http://archive.ubuntu.com/ubuntu/ trusty/universe libfsplib0 amd64 0.11-2 [13.1 kB]
Get:19 http://archive.ubuntu.com/ubuntu/ trusty-updates/main libperl5.18 amd64 5.18.2-2ubuntu1.7 [1330 B]
Get:20 http://archive.ubuntu.com/ubuntu/ trusty/universe elinks-data all 0.12~pre6-4ubuntu1 [366 kB]
Get:21 http://archive.ubuntu.com/ubuntu/ trusty/universe elinks amd64 0.12~pre6-4ubuntu1 [504 kB]
Get:22 http://archive.ubuntu.com/ubuntu/ trusty/main libjs-jquery all 1.7.2+dfsg-2ubuntu1 [78.8 kB]
Get:23 http://archive.ubuntu.com/ubuntu/ trusty/main libjs-underscore all 1.4.4-2ubuntu1 [45.6 kB]
Get:24 http://archive.ubuntu.com/ubuntu/ trusty-updates/main libjs-sphinxdoc all 1.2.2+dfsg-1ubuntu1.1 [41.4 kB]
Get:25 http://archive.ubuntu.com/ubuntu/ trusty/main libpython-stdlib amd64 2.7.5-5ubuntu3 [7012 B]
Get:26 http://archive.ubuntu.com/ubuntu/ trusty/main ruby all 1:1.9.3.4 [5334 B]
Get:27 http://archive.ubuntu.com/ubuntu/ trusty-updates/main ruby1.9.1 amd64 1.9.3.484-2ubuntu1.14 [35.6 kB]
Get:28 http://archive.ubuntu.com/ubuntu/ trusty-updates/main libruby1.9.1 amd64 1.9.3.484-2ubuntu1.14 [2648 kB]
Get:29 http://archive.ubuntu.com/ubuntu/ trusty/universe libsqlite0 amd64 2.8.17-10ubuntu2 [139 kB]
Get:30 http://archive.ubuntu.com/ubuntu/ trusty-updates/main mutt amd64 1.5.21-6.4ubuntu2.2 [826 kB]
Get:31 http://archive.ubuntu.com/ubuntu/ trusty-updates/main python2.7 amd64 2.7.6-8ubuntu0.5 [197 kB]
Get:32 http://archive.ubuntu.com/ubuntu/ trusty/main python-minimal amd64 2.7.5-5ubuntu3 [27.5 kB]
Get:33 http://archive.ubuntu.com/ubuntu/ trusty/main python amd64 2.7.5-5ubuntu3 [134 kB]
Get:34 http://archive.ubuntu.com/ubuntu/ trusty/universe offlineimap all 6.5.4-2 [470 kB]
Get:35 http://archive.ubuntu.com/ubuntu/ trusty/main ssl-cert all 1.0.33 [16.6 kB]
Get:36 http://archive.ubuntu.com/ubuntu/ trusty-updates/main postfix amd64 2.11.0-1ubuntu1.2 [1088 kB]
Get:37 http://archive.ubuntu.com/ubuntu/ trusty/universe python-sqlite amd64 1.0.1-11 [20.7 kB]
Get:38 http://archive.ubuntu.com/ubuntu/ trusty/main tmux amd64 1.8-5 [247 kB]
Get:39 http://archive.ubuntu.com/ubuntu/ trusty-updates/main vim-runtime all 2:7.4.052-1ubuntu3.1 [4882 kB]
Get:40 http://archive.ubuntu.com/ubuntu/ trusty-updates/universe vim-nox amd64 2:7.4.052-1ubuntu3.1 [982 kB]
[91mdebconf: unable to initialize frontend: Dialog
debconf: (TERM is not set, so the dialog frontend is not usable.)
debconf: falling back to frontend: Readline
[0m[91mdebconf: unable to initialize frontend: Readline
debconf: (This frontend requires a controlling tty.)
debconf: falling back to frontend: Teletype
[0m[91mdpkg-preconfigure: unable to re-open stdin: 
[0mFetched 21.8 MB in 5s (3749 kB/s)
Selecting previously unselected package libassuan0:amd64.
(Reading database ... 12097 files and directories currently installed.)
Preparing to unpack .../libassuan0_2.1.1-1ubuntu1_amd64.deb ...
Unpacking libassuan0:amd64 (2.1.1-1ubuntu1) ...
Selecting previously unselected package libcurl3:amd64.
Preparing to unpack .../libcurl3_7.35.0-1ubuntu2.20_amd64.deb ...
Unpacking libcurl3:amd64 (7.35.0-1ubuntu2.20) ...
Selecting previously unselected package libevent-2.0-5:amd64.
Preparing to unpack .../libevent-2.0-5_2.0.21-stable-1ubuntu1.14.04.2_amd64.deb ...
Unpacking libevent-2.0-5:amd64 (2.0.21-stable-1ubuntu1.14.04.2) ...
Selecting previously unselected package libgpgme11:amd64.
Preparing to unpack .../libgpgme11_1.4.3-0.1ubuntu5.1_amd64.deb ...
Unpacking libgpgme11:amd64 (1.4.3-0.1ubuntu5.1) ...
Selecting previously unselected package libgpm2:amd64.
Preparing to unpack .../libgpm2_1.20.4-6.1_amd64.deb ...
Unpacking libgpm2:amd64 (1.20.4-6.1) ...
Selecting previously unselected package liblua5.2-0:amd64.
Preparing to unpack .../liblua5.2-0_5.2.3-1_amd64.deb ...
Unpacking liblua5.2-0:amd64 (5.2.3-1) ...
Selecting previously unselected package libpython2.7-minimal:amd64.
Preparing to unpack .../libpython2.7-minimal_2.7.6-8ubuntu0.5_amd64.deb ...
Unpacking libpython2.7-minimal:amd64 (2.7.6-8ubuntu0.5) ...
Selecting previously unselected package libpython2.7-stdlib:amd64.
Preparing to unpack .../libpython2.7-stdlib_2.7.6-8ubuntu0.5_amd64.deb ...
Unpacking libpython2.7-stdlib:amd64 (2.7.6-8ubuntu0.5) ...
Selecting previously unselected package libpython2.7:amd64.
Preparing to unpack .../libpython2.7_2.7.6-8ubuntu0.5_amd64.deb ...
Unpacking libpython2.7:amd64 (2.7.6-8ubuntu0.5) ...
Selecting previously unselected package libtcl8.6:amd64.
Preparing to unpack .../libtcl8.6_8.6.1-4ubuntu1_amd64.deb ...
Unpacking libtcl8.6:amd64 (8.6.1-4ubuntu1) ...
Selecting previously unselected package libtokyocabinet9:amd64.
Preparing to unpack .../libtokyocabinet9_1.4.48-2_amd64.deb ...
Unpacking libtokyocabinet9:amd64 (1.4.48-2) ...
Selecting previously unselected package libtre5:amd64.
Preparing to unpack .../libtre5_0.8.0-3+deb7u1ubuntu1_amd64.deb ...
Unpacking libtre5:amd64 (0.8.0-3+deb7u1ubuntu1) ...
Selecting previously unselected package python2.7-minimal.
Preparing to unpack .../python2.7-minimal_2.7.6-8ubuntu0.5_amd64.deb ...
Unpacking python2.7-minimal (2.7.6-8ubuntu0.5) ...
Selecting previously unselected package zsh-common.
Preparing to unpack .../zsh-common_5.0.2-3ubuntu6.3_all.deb ...
Unpacking zsh-common (5.0.2-3ubuntu6.3) ...
Selecting previously unselected package zsh.
Preparing to unpack .../zsh_5.0.2-3ubuntu6.3_amd64.deb ...
Unpacking zsh (5.0.2-3ubuntu6.3) ...
Selecting previously unselected package abook.
Preparing to unpack .../abook_0.6.0~pre2-3_amd64.deb ...
Unpacking abook (0.6.0~pre2-3) ...
Selecting previously unselected package curl.
Preparing to unpack .../curl_7.35.0-1ubuntu2.20_amd64.deb ...
Unpacking curl (7.35.0-1ubuntu2.20) ...
Selecting previously unselected package libfsplib0.
Preparing to unpack .../libfsplib0_0.11-2_amd64.deb ...
Unpacking libfsplib0 (0.11-2) ...
Selecting previously unselected package libperl5.18.
Preparing to unpack .../libperl5.18_5.18.2-2ubuntu1.7_amd64.deb ...
Unpacking libperl5.18 (5.18.2-2ubuntu1.7) ...
Selecting previously unselected package elinks-data.
Preparing to unpack .../elinks-data_0.12~pre6-4ubuntu1_all.deb ...
Unpacking elinks-data (0.12~pre6-4ubuntu1) ...
Selecting previously unselected package elinks.
Preparing to unpack .../elinks_0.12~pre6-4ubuntu1_amd64.deb ...
Unpacking elinks (0.12~pre6-4ubuntu1) ...
Selecting previously unselected package libjs-jquery.
Preparing to unpack .../libjs-jquery_1.7.2+dfsg-2ubuntu1_all.deb ...
Unpacking libjs-jquery (1.7.2+dfsg-2ubuntu1) ...
Selecting previously unselected package libjs-underscore.
Preparing to unpack .../libjs-underscore_1.4.4-2ubuntu1_all.deb ...
Unpacking libjs-underscore (1.4.4-2ubuntu1) ...
Selecting previously unselected package libjs-sphinxdoc.
Preparing to unpack .../libjs-sphinxdoc_1.2.2+dfsg-1ubuntu1.1_all.deb ...
Unpacking libjs-sphinxdoc (1.2.2+dfsg-1ubuntu1.1) ...
Selecting previously unselected package libpython-stdlib:amd64.
Preparing to unpack .../libpython-stdlib_2.7.5-5ubuntu3_amd64.deb ...
Unpacking libpython-stdlib:amd64 (2.7.5-5ubuntu3) ...
Selecting previously unselected package ruby.
Preparing to unpack .../ruby_1%3a1.9.3.4_all.deb ...
Unpacking ruby (1:1.9.3.4) ...
Selecting previously unselected package ruby1.9.1.
Preparing to unpack .../ruby1.9.1_1.9.3.484-2ubuntu1.14_amd64.deb ...
Unpacking ruby1.9.1 (1.9.3.484-2ubuntu1.14) ...
Selecting previously unselected package libruby1.9.1.
Preparing to unpack .../libruby1.9.1_1.9.3.484-2ubuntu1.14_amd64.deb ...
Unpacking libruby1.9.1 (1.9.3.484-2ubuntu1.14) ...
Selecting previously unselected package libsqlite0.
Preparing to unpack .../libsqlite0_2.8.17-10ubuntu2_amd64.deb ...
Unpacking libsqlite0 (2.8.17-10ubuntu2) ...
Selecting previously unselected package mutt.
Preparing to unpack .../mutt_1.5.21-6.4ubuntu2.2_amd64.deb ...
Unpacking mutt (1.5.21-6.4ubuntu2.2) ...
Selecting previously unselected package python2.7.
Preparing to unpack .../python2.7_2.7.6-8ubuntu0.5_amd64.deb ...
Unpacking python2.7 (2.7.6-8ubuntu0.5) ...
Selecting previously unselected package python-minimal.
Preparing to unpack .../python-minimal_2.7.5-5ubuntu3_amd64.deb ...
Unpacking python-minimal (2.7.5-5ubuntu3) ...
Selecting previously unselected package python.
Preparing to unpack .../python_2.7.5-5ubuntu3_amd64.deb ...
Unpacking python (2.7.5-5ubuntu3) ...
Selecting previously unselected package offlineimap.
Preparing to unpack .../offlineimap_6.5.4-2_all.deb ...
Unpacking offlineimap (6.5.4-2) ...
Selecting previously unselected package ssl-cert.
Preparing to unpack .../ssl-cert_1.0.33_all.deb ...
Unpacking ssl-cert (1.0.33) ...
Selecting previously unselected package postfix.
Preparing to unpack .../postfix_2.11.0-1ubuntu1.2_amd64.deb ...
[91mdebconf: unable to initialize frontend: Dialog
debconf: (TERM is not set, so the dialog frontend is not usable.)
debconf: falling back to frontend: Readline
[0m[91mdebconf: unable to initialize frontend: Readline
debconf: (This frontend requires a controlling tty.)
debconf: falling back to frontend: Teletype
[0m[91mlength() used on @choices (did you mean "scalar(@choices)"?) at /usr/share/perl5/Debconf/Element/Teletype/Select.pm line 48, <GEN1> line 5.
length() used on @choices (did you mean "scalar(@choices)"?) at /usr/share/perl5/Debconf/Element/Teletype/Select.pm line 63, <GEN1> line 5.
[0mPostfix Configuration
---------------------

Please select the mail server configuration type that best meets your needs.

 No configuration:
  Should be chosen to leave the current configuration unchanged.
 Internet site:
  Mail is sent and received directly using SMTP.
 Internet with smarthost:
  Mail is received directly using SMTP or by running a utility such
  as fetchmail. Outgoing mail is sent using a smarthost.
 Satellite system:
  All mail is sent to another machine, called a 'smarthost', for delivery.
 Local only:
  The only delivered mail is the mail for local users. There is no network.

  1. No configuration  3. Internet with smarthost  5. Local only
  2. Internet Site     4. Satellite system

General type of mail configuration: 
[91mUse of uninitialized value $_[1] in join or string at /usr/share/perl5/Debconf/DbDriver/Stack.pm line 111.
[0mThe "mail name" is the domain name used to "qualify" _ALL_ mail addresses 
without a domain name. This includes mail to and from <root>: please do not make
your machine send out mail from root@example.org unless root@example.org has 
told you to.

This name will also be used by other programs. It should be the single, fully 
qualified domain name (FQDN).

Thus, if a mail address on the local host is foo@example.org, the correct value 
for this option would be example.org.

System mail name: 
[91mUse of uninitialized value $_[1] in join or string at /usr/share/perl5/Debconf/DbDriver/Stack.pm line 111.
[0m[91mUse of uninitialized value $val in substitution (s///) at /usr/share/perl5/Debconf/Format/822.pm line 83.
Use of uninitialized value $val in concatenation (.) or string at /usr/share/perl5/Debconf/Format/822.pm line 84.
Use of uninitialized value $val in substitution (s///) at /usr/share/perl5/Debconf/Format/822.pm line 83.
Use of uninitialized value $val in concatenation (.) or string at /usr/share/perl5/Debconf/Format/822.pm line 84.
[0mUnpacking postfix (2.11.0-1ubuntu1.2) ...
Selecting previously unselected package python-sqlite.
Preparing to unpack .../python-sqlite_1.0.1-11_amd64.deb ...
Unpacking python-sqlite (1.0.1-11) ...
Selecting previously unselected package tmux.
Preparing to unpack .../archives/tmux_1.8-5_amd64.deb ...
Unpacking tmux (1.8-5) ...
Selecting previously unselected package vim-runtime.
Preparing to unpack .../vim-runtime_2%3a7.4.052-1ubuntu3.1_all.deb ...
Adding 'diversion of /usr/share/vim/vim74/doc/help.txt to /usr/share/vim/vim74/doc/help.txt.vim-tiny by vim-runtime'
Adding 'diversion of /usr/share/vim/vim74/doc/tags to /usr/share/vim/vim74/doc/tags.vim-tiny by vim-runtime'
Unpacking vim-runtime (2:7.4.052-1ubuntu3.1) ...
Selecting previously unselected package vim-nox.
Preparing to unpack .../vim-nox_2%3a7.4.052-1ubuntu3.1_amd64.deb ...
Unpacking vim-nox (2:7.4.052-1ubuntu3.1) ...
Processing triggers for mime-support (3.54ubuntu1.1) ...
Processing triggers for ureadahead (0.100.0-16) ...
Setting up libassuan0:amd64 (2.1.1-1ubuntu1) ...
Setting up libcurl3:amd64 (7.35.0-1ubuntu2.20) ...
Setting up libevent-2.0-5:amd64 (2.0.21-stable-1ubuntu1.14.04.2) ...
Setting up libgpgme11:amd64 (1.4.3-0.1ubuntu5.1) ...
Setting up libgpm2:amd64 (1.20.4-6.1) ...
Setting up liblua5.2-0:amd64 (5.2.3-1) ...
Setting up libpython2.7-minimal:amd64 (2.7.6-8ubuntu0.5) ...
Setting up libpython2.7-stdlib:amd64 (2.7.6-8ubuntu0.5) ...
Setting up libpython2.7:amd64 (2.7.6-8ubuntu0.5) ...
Setting up libtcl8.6:amd64 (8.6.1-4ubuntu1) ...
Setting up libtokyocabinet9:amd64 (1.4.48-2) ...
Setting up libtre5:amd64 (0.8.0-3+deb7u1ubuntu1) ...
Setting up python2.7-minimal (2.7.6-8ubuntu0.5) ...
Linking and byte-compiling packages for runtime python2.7...
Setting up zsh-common (5.0.2-3ubuntu6.3) ...
Setting up zsh (5.0.2-3ubuntu6.3) ...
update-alternatives: using /bin/zsh5 to provide /bin/zsh (zsh) in auto mode
update-alternatives: using /bin/zsh5 to provide /bin/rzsh (rzsh) in auto mode
[91mupdate-alternatives: warning: skip creation of /usr/share/man/man1/rzsh.1.gz because associated file /usr/share/man/man1/zsh.1.gz (of link group rzsh) doesn't exist
[0mSetting up abook (0.6.0~pre2-3) ...
[91mdebconf: unable to initialize frontend: Dialog
debconf: (TERM is not set, so the dialog frontend is not usable.)
debconf: falling back to frontend: Readline
[0m[91mdebconf: unable to initialize frontend: Readline
debconf: (This frontend requires a controlling tty.)
debconf: falling back to frontend: Teletype
[0mSetting up curl (7.35.0-1ubuntu2.20) ...
Setting up libfsplib0 (0.11-2) ...
Setting up libperl5.18 (5.18.2-2ubuntu1.7) ...
Setting up elinks-data (0.12~pre6-4ubuntu1) ...
Setting up elinks (0.12~pre6-4ubuntu1) ...
Setting up libjs-jquery (1.7.2+dfsg-2ubuntu1) ...
Setting up libjs-underscore (1.4.4-2ubuntu1) ...
Setting up libjs-sphinxdoc (1.2.2+dfsg-1ubuntu1.1) ...
Setting up libpython-stdlib:amd64 (2.7.5-5ubuntu3) ...
Setting up libsqlite0 (2.8.17-10ubuntu2) ...
Setting up mutt (1.5.21-6.4ubuntu2.2) ...
update-alternatives: using /usr/bin/mutt-org to provide /usr/bin/mutt (mutt) in auto mode
Setting up python2.7 (2.7.6-8ubuntu0.5) ...
Setting up python-minimal (2.7.5-5ubuntu3) ...
Setting up python (2.7.5-5ubuntu3) ...
Setting up offlineimap (6.5.4-2) ...
Setting up ssl-cert (1.0.33) ...
[91mdebconf: unable to initialize frontend: Dialog
debconf: (TERM is not set, so the dialog frontend is not usable.)
debconf: falling back to frontend: Readline
[0m[91mdebconf: unable to initialize frontend: Readline
debconf: (This frontend requires a controlling tty.)
debconf: falling back to frontend: Teletype
[0mSetting up postfix (2.11.0-1ubuntu1.2) ...
[91mdebconf: unable to initialize frontend: Dialog
debconf: (TERM is not set, so the dialog frontend is not usable.)
debconf: falling back to frontend: Readline
[0m[91mdebconf: unable to initialize frontend: Readline
debconf: (This frontend requires a controlling tty.)
debconf: falling back to frontend: Teletype
[0m[91mAdding group `postfix' (GID 106) ...
[0m[91mDone.
[0m[91mAdding system user `postfix' (UID 102) ...
Adding new user `postfix' (UID 102) with group `postfix' ...
[0m[91mNot creating home directory `/var/spool/postfix'.
[0m[91mCreating /etc/postfix/dynamicmaps.cf
[0m[91mAdding tcp map entry to /etc/postfix/dynamicmaps.cf
[0m[91mAdding sqlite map entry to /etc/postfix/dynamicmaps.cf
[0m[91mAdding group `postdrop' (GID 107) ...
[0m[91mDone.
[0m[91msetting myhostname: 398433f1a772
[0m[91msetting alias maps
[0m[91msetting alias database
[0m[91mmailname is not a fully qualified domain name.  Not changing /etc/mailname.
[0m[91msetting destinations: /etc/mailname, 398433f1a772, localhost.localdomain, localhost
[0m[91msetting relayhost: 
[0m[91msetting mynetworks: 127.0.0.0/8 [::ffff:127.0.0.0]/104 [::1]/128
[0m[91msetting mailbox_size_limit: 0
[0m[91msetting recipient_delimiter: +
[0m[91msetting inet_interfaces: all
[0m[91msetting inet_protocols: all
[0m[91m/etc/aliases does not exist, creating it.
[0m[91mWARNING: /etc/aliases exists, but does not have a root alias.
[0m[91m
Postfix is now set up with a default configuration.  If you need to make 
changes, edit
/etc/postfix/main.cf (and others) as needed.  To view Postfix configuration
values, see postconf(1).

After modifying main.cf, be sure to run '/etc/init.d/postfix reload'.

[0m[91mRunning newaliases
[0m[91minvoke-rc.d: policy-rc.d denied execution of restart.
[0mSetting up python-sqlite (1.0.1-11) ...
Setting up tmux (1.8-5) ...
Setting up vim-runtime (2:7.4.052-1ubuntu3.1) ...
Processing /usr/share/vim/addons/doc
Setting up ruby (1:1.9.3.4) ...
Setting up ruby1.9.1 (1.9.3.484-2ubuntu1.14) ...
Setting up libruby1.9.1 (1.9.3.484-2ubuntu1.14) ...
Setting up vim-nox (2:7.4.052-1ubuntu3.1) ...
update-alternatives: using /usr/bin/vim.nox to provide /usr/bin/vim (vim) in auto mode
update-alternatives: using /usr/bin/vim.nox to provide /usr/bin/vimdiff (vimdiff) in auto mode
update-alternatives: using /usr/bin/vim.nox to provide /usr/bin/rvim (rvim) in auto mode
update-alternatives: using /usr/bin/vim.nox to provide /usr/bin/rview (rview) in auto mode
update-alternatives: using /usr/bin/vim.nox to provide /usr/bin/vi (vi) in auto mode
update-alternatives: using /usr/bin/vim.nox to provide /usr/bin/view (view) in auto mode
update-alternatives: using /usr/bin/vim.nox to provide /usr/bin/ex (ex) in auto mode
update-alternatives: using /usr/bin/vim.nox to provide /usr/bin/editor (editor) in auto mode
Processing triggers for libc-bin (2.19-0ubuntu6.15) ...
Processing triggers for ureadahead (0.100.0-16) ...
Removing intermediate container 398433f1a772
 ---> 122f01ee77f2
Step 3/14 : ADD .muttrc /
ADD failed: stat /var/lib/docker/tmp/docker-builder670448598/.muttrc: no such file or directory
