Sending build context to Docker daemon   2.56kB
Step 1/17 : FROM golang:1.12-alpine as builder
1.12-alpine: Pulling from library/golang
c9b1b535fdd9: Pulling fs layer
cbb0d8da1b30: Pulling fs layer
d909eff28200: Pulling fs layer
665fbbf998e4: Pulling fs layer
4985b1919860: Pulling fs layer
665fbbf998e4: Waiting
4985b1919860: Waiting
cbb0d8da1b30: Verifying Checksum
cbb0d8da1b30: Download complete
d909eff28200: Verifying Checksum
d909eff28200: Download complete
c9b1b535fdd9: Verifying Checksum
c9b1b535fdd9: Download complete
c9b1b535fdd9: Pull complete
4985b1919860: Verifying Checksum
4985b1919860: Download complete
cbb0d8da1b30: Pull complete
d909eff28200: Pull complete
665fbbf998e4: Verifying Checksum
665fbbf998e4: Download complete
665fbbf998e4: Pull complete
4985b1919860: Pull complete
Digest: sha256:3f8e3ad3e7c128d29ac3004ac8314967c5ddbfa5bfa7caa59b0de493fc01686a
Status: Downloaded newer image for golang:1.12-alpine
 ---> 76bddfb5e55e
Step 2/17 : MAINTAINER siddontang
 ---> Running in b9fc2dda55be
Removing intermediate container b9fc2dda55be
 ---> bc044187c250
Step 3/17 : RUN apk add --no-cache     make     git
 ---> Running in 29c95bf894bf
fetch http://dl-cdn.alpinelinux.org/alpine/v3.11/main/x86_64/APKINDEX.tar.gz
fetch http://dl-cdn.alpinelinux.org/alpine/v3.11/community/x86_64/APKINDEX.tar.gz
(1/6) Installing nghttp2-libs (1.40.0-r0)
(2/6) Installing libcurl (7.67.0-r0)
(3/6) Installing expat (2.2.9-r1)
(4/6) Installing pcre2 (10.34-r1)
(5/6) Installing git (2.24.1-r0)
(6/6) Installing make (4.2.1-r2)
Executing busybox-1.31.1-r9.trigger
OK: 22 MiB in 21 packages
Removing intermediate container 29c95bf894bf
 ---> a93eb91a1b6f
Step 4/17 : RUN cd / &&     wget https://github.com/stedolan/jq/releases/download/jq-1.6/jq-linux64 -O jq &&     chmod +x jq
 ---> Running in dac2835f7786
[91mConnecting to github.com (140.82.114.3:443)
[0m[91mConnecting to github-production-release-asset-2e65be.s3.amazonaws.com (52.216.240.140:443)
[0m[91msaving to 'jq'
[0m[91mjq                   100% |********************************| 3861k  0:00:00 ETA
'jq' saved
[0mRemoving intermediate container dac2835f7786
 ---> c0968c09aa7a
Step 5/17 : RUN mkdir -p /go/src/github.com/pingcap/pd
 ---> Running in 2e17c439248d
Removing intermediate container 2e17c439248d
 ---> cb4f00fe050b
Step 6/17 : WORKDIR /go/src/github.com/pingcap/pd
 ---> Running in eed351cdc6c4
Removing intermediate container eed351cdc6c4
 ---> 8e53e1ad158f
Step 7/17 : COPY go.mod .
COPY failed: stat /var/lib/docker/tmp/docker-builder065156120/go.mod: no such file or directory
