Sending build context to Docker daemon  2.048kB
Step 1/10 : FROM busybox:latest
latest: Pulling from library/busybox
0669b0daf1fb: Pulling fs layer
0669b0daf1fb: Download complete
0669b0daf1fb: Pull complete
Digest: sha256:b26cd013274a657b86e706210ddd5cc1f82f50155791199d29b9e86e935ce135
Status: Downloaded newer image for busybox:latest
 ---> 83aa35aa1c79
Step 2/10 : LABEL "maintainer"="maddox <jon@jonmaddox.com>"
 ---> Running in 6afef5e39189
Removing intermediate container 6afef5e39189
 ---> 2ea162a9b3c0
Step 3/10 : LABEL "repository"="https://github.com/maddox/actions"
 ---> Running in d1f50f04bbb6
Removing intermediate container d1f50f04bbb6
 ---> 015c62f13d5d
Step 4/10 : LABEL "version"="1.0.1"
 ---> Running in b54e30e893fa
Removing intermediate container b54e30e893fa
 ---> cf22c84073f7
Step 5/10 : LABEL "com.github.actions.name"="Sleep"
 ---> Running in 22aec3ce1dbb
Removing intermediate container 22aec3ce1dbb
 ---> 0b5d6432a6d1
Step 6/10 : LABEL "com.github.actions.description"="Stall execution for N seconds"
 ---> Running in e4edf3f8a74f
Removing intermediate container e4edf3f8a74f
 ---> 36c649705ab9
Step 7/10 : LABEL "com.github.actions.icon"="moon"
 ---> Running in 4e0e4c616b86
Removing intermediate container 4e0e4c616b86
 ---> fdae24b881d5
Step 8/10 : LABEL "com.github.actions.color"="yellow"
 ---> Running in 3f322eed8c9b
Removing intermediate container 3f322eed8c9b
 ---> 0f796f0c9b63
Step 9/10 : ADD entrypoint.sh /entrypoint.sh
ADD failed: stat /var/lib/docker/tmp/docker-builder438062447/entrypoint.sh: no such file or directory
