Sending build context to Docker daemon   2.56kB
[91m[WARNING]: Empty continuation line found in:
    RUN apt-get update 	&& dpkg -l | awk '/^ii/ {print $2}' > /tmp/dpkg.clean     && apt-get install -y --no-install-recommends git golang ca-certificates     && apt-get clean     && rm -rf /var/lib/apt/lists 	&& go get -v github.com/brimstone/consuldock     && mv $GOPATH/bin/consuldock /usr/local/bin/consuldock 	&& dpkg -l | awk '/^ii/ {print $2}' > /tmp/dpkg.dirty 	&& apt-get remove --purge -y $(diff /tmp/dpkg.clean /tmp/dpkg.dirty | awk '/^>/ {print $2}') 	&& rm /tmp/dpkg.* 	&& rm -rf $GOPATH
[WARNING]: Empty continuation lines will become errors in a future release.
[0mStep 1/3 : FROM brimstone/ubuntu:14.04
14.04: Pulling from brimstone/ubuntu
Image docker.io/brimstone/ubuntu:14.04 uses outdated schema1 manifest format. Please upgrade to a schema2 image for better future compatibility. More information at https://docs.docker.com/registry/spec/deprecated-schema-v1/
fca1f7738e19: Pulling fs layer
5f70bf18a086: Pulling fs layer
5f70bf18a086: Download complete
fca1f7738e19: Verifying Checksum
fca1f7738e19: Download complete
fca1f7738e19: Pull complete
5f70bf18a086: Pull complete
Digest: sha256:f58e9b93e0cbbcb22ca4f995a14447732cce2aa6ff4d66d6112374272790f4e1
Status: Downloaded newer image for brimstone/ubuntu:14.04
 ---> 310cf94efb52
Step 2/3 : ENV GOPATH /go
 ---> Running in 9443b4ec5c52
Removing intermediate container 9443b4ec5c52
 ---> bc91b381a8e3
Step 3/3 : RUN apt-get update 	&& dpkg -l | awk '/^ii/ {print $2}' > /tmp/dpkg.clean     && apt-get install -y --no-install-recommends git golang ca-certificates     && apt-get clean     && rm -rf /var/lib/apt/lists 	&& go get -v github.com/brimstone/consuldock     && mv $GOPATH/bin/consuldock /usr/local/bin/consuldock 	&& dpkg -l | awk '/^ii/ {print $2}' > /tmp/dpkg.dirty 	&& apt-get remove --purge -y $(diff /tmp/dpkg.clean /tmp/dpkg.dirty | awk '/^>/ {print $2}') 	&& rm /tmp/dpkg.* 	&& rm -rf $GOPATH
 ---> Running in 13b0e549e5fe
Get:1 http://security.ubuntu.com trusty-security InRelease [65.9 kB]
Get:2 http://us.archive.ubuntu.com trusty-backports InRelease [65.9 kB]
Ign http://us.archive.ubuntu.com trusty InRelease
Get:3 http://us.archive.ubuntu.com trusty-updates InRelease [65.9 kB]
Get:4 http://us.archive.ubuntu.com trusty Release.gpg [933 B]
Get:5 http://us.archive.ubuntu.com trusty Release [58.5 kB]
Get:6 http://security.ubuntu.com trusty-security/main Sources [172 kB]
Get:7 http://us.archive.ubuntu.com trusty-backports/main Sources [9709 B]
Get:8 http://security.ubuntu.com trusty-security/restricted Sources [4931 B]
Get:9 http://security.ubuntu.com trusty-security/multiverse Sources [3263 B]
Get:10 http://us.archive.ubuntu.com trusty-backports/restricted Sources [28 B]
Get:11 http://security.ubuntu.com trusty-security/universe Sources [102 kB]
Get:12 http://us.archive.ubuntu.com trusty-backports/multiverse Sources [1896 B]
Get:13 http://us.archive.ubuntu.com trusty-backports/universe Sources [35.4 kB]
Get:14 http://security.ubuntu.com trusty-security/main amd64 Packages [835 kB]
Get:15 http://us.archive.ubuntu.com trusty-backports/main amd64 Packages [13.3 kB]
Get:16 http://us.archive.ubuntu.com trusty-backports/restricted amd64 Packages [28 B]
Get:17 http://us.archive.ubuntu.com trusty-backports/multiverse amd64 Packages [1567 B]
Get:18 http://security.ubuntu.com trusty-security/restricted amd64 Packages [14.2 kB]
Get:19 http://us.archive.ubuntu.com trusty-backports/universe amd64 Packages [43.1 kB]
Get:20 http://security.ubuntu.com trusty-security/multiverse amd64 Packages [4806 B]
Get:21 http://security.ubuntu.com trusty-security/universe amd64 Packages [294 kB]
Get:22 http://us.archive.ubuntu.com trusty-backports/main Translation-en [7503 B]
Get:23 http://us.archive.ubuntu.com trusty-backports/multiverse Translation-en [1215 B]
Get:24 http://security.ubuntu.com trusty-security/main Translation-en [448 kB]
Get:25 http://us.archive.ubuntu.com trusty-backports/restricted Translation-en [28 B]
Get:26 http://security.ubuntu.com trusty-security/multiverse Translation-en [2564 B]
Get:27 http://us.archive.ubuntu.com trusty-backports/universe Translation-en [36.8 kB]
Get:28 http://security.ubuntu.com trusty-security/restricted Translation-en [3556 B]
Get:29 http://security.ubuntu.com trusty-security/universe Translation-en [162 kB]
Get:30 http://us.archive.ubuntu.com trusty-updates/main Sources [431 kB]
Get:31 http://us.archive.ubuntu.com trusty-updates/restricted Sources [6313 B]
Get:32 http://us.archive.ubuntu.com trusty-updates/multiverse Sources [7535 B]
Get:33 http://us.archive.ubuntu.com trusty-updates/universe Sources [231 kB]
Get:34 http://us.archive.ubuntu.com trusty-updates/main amd64 Packages [1177 kB]
Get:35 http://us.archive.ubuntu.com trusty-updates/restricted amd64 Packages [17.2 kB]
Get:36 http://us.archive.ubuntu.com trusty-updates/multiverse amd64 Packages [14.6 kB]
Get:37 http://us.archive.ubuntu.com trusty-updates/universe amd64 Packages [525 kB]
Get:38 http://us.archive.ubuntu.com trusty-updates/main Translation-en [582 kB]
Get:39 http://us.archive.ubuntu.com trusty-updates/multiverse Translation-en [7616 B]
Get:40 http://us.archive.ubuntu.com trusty-updates/restricted Translation-en [4028 B]
Get:41 http://us.archive.ubuntu.com trusty-updates/universe Translation-en [281 kB]
Get:42 http://us.archive.ubuntu.com trusty/main Sources [1064 kB]
Get:43 http://us.archive.ubuntu.com trusty/restricted Sources [5433 B]
Get:44 http://us.archive.ubuntu.com trusty/multiverse Sources [174 kB]
Get:45 http://us.archive.ubuntu.com trusty/universe Sources [6399 kB]
Get:46 http://us.archive.ubuntu.com trusty/main amd64 Packages [1350 kB]
Get:47 http://us.archive.ubuntu.com trusty/restricted amd64 Packages [13.0 kB]
Get:48 http://us.archive.ubuntu.com trusty/multiverse amd64 Packages [132 kB]
Get:49 http://us.archive.ubuntu.com trusty/universe amd64 Packages [5859 kB]
Get:50 http://us.archive.ubuntu.com trusty/main Translation-en [762 kB]
Get:51 http://us.archive.ubuntu.com trusty/multiverse Translation-en [102 kB]
Get:52 http://us.archive.ubuntu.com trusty/restricted Translation-en [3457 B]
Get:53 http://us.archive.ubuntu.com trusty/universe Translation-en [4089 kB]
Fetched 25.7 MB in 14s (1785 kB/s)
Reading package lists...
Reading package lists...
Building dependency tree...
Reading state information...
The following extra packages will be installed:
  git-man golang-doc golang-go golang-go-linux-amd64 golang-src
  libasn1-8-heimdal libcurl3-gnutls liberror-perl libexpat1 libffi6
  libgcrypt11 libgdbm3 libgnutls26 libgpg-error0 libgssapi-krb5-2
  libgssapi3-heimdal libhcrypto4-heimdal libheimbase1-heimdal
  libheimntlm0-heimdal libhx509-5-heimdal libidn11 libk5crypto3 libkeyutils1
  libkrb5-26-heimdal libkrb5-3 libkrb5support0 libldap-2.4-2 libp11-kit0
  libroken18-heimdal librtmp0 libsasl2-2 libsasl2-modules-db libsqlite3-0
  libssl1.0.0 libtasn1-6 libwind0-heimdal openssl perl perl-base perl-modules
Suggested packages:
  gettext-base git-daemon-run git-daemon-sysvinit git-doc git-el git-email
  git-gui gitk gitweb git-arch git-bzr git-cvs git-mediawiki git-svn
  golang-go.tools rng-tools gnutls-bin krb5-doc krb5-user perl-doc
  libterm-readline-gnu-perl libterm-readline-perl-perl make libb-lint-perl
  libcpanplus-dist-build-perl libcpanplus-perl libfile-checktree-perl
  liblog-message-simple-perl liblog-message-perl libobject-accessor-perl
Recommended packages:
  patch less rsync ssh-client krb5-locales libsasl2-modules netbase
  libarchive-extract-perl libmodule-pluggable-perl libpod-latex-perl
  libterm-ui-perl libtext-soundex-perl
The following NEW packages will be installed:
  ca-certificates git git-man golang golang-doc golang-go
  golang-go-linux-amd64 golang-src libasn1-8-heimdal libcurl3-gnutls
  liberror-perl libexpat1 libffi6 libgcrypt11 libgdbm3 libgnutls26
  libgpg-error0 libgssapi-krb5-2 libgssapi3-heimdal libhcrypto4-heimdal
  libheimbase1-heimdal libheimntlm0-heimdal libhx509-5-heimdal libidn11
  libk5crypto3 libkeyutils1 libkrb5-26-heimdal libkrb5-3 libkrb5support0
  libldap-2.4-2 libp11-kit0 libroken18-heimdal librtmp0 libsasl2-2
  libsasl2-modules-db libsqlite3-0 libssl1.0.0 libtasn1-6 libwind0-heimdal
  openssl perl perl-modules
The following packages will be upgraded:
  perl-base
1 upgraded, 42 newly installed, 0 to remove and 65 not upgraded.
Need to get 41.8 MB of archives.
After this operation, 246 MB of additional disk space will be used.
Get:1 http://security.ubuntu.com/ubuntu/ trusty-security/main perl-base amd64 5.18.2-2ubuntu1.7 [1150 kB]
Get:2 http://us.archive.ubuntu.com/ubuntu/ trusty/main libgpg-error0 amd64 1.12-0.2ubuntu1 [10.9 kB]
Get:3 http://us.archive.ubuntu.com/ubuntu/ trusty/main libgdbm3 amd64 1.8.3-12build1 [33.5 kB]
Get:4 http://us.archive.ubuntu.com/ubuntu/ trusty/main libp11-kit0 amd64 0.20.2-2ubuntu2 [76.5 kB]
Get:5 http://us.archive.ubuntu.com/ubuntu/ trusty/main libkeyutils1 amd64 1.5.6-1 [7318 B]
Get:6 http://security.ubuntu.com/ubuntu/ trusty-security/main libexpat1 amd64 2.1.0-4ubuntu1.4 [70.9 kB]
Get:7 http://us.archive.ubuntu.com/ubuntu/ trusty/main libsasl2-modules-db amd64 2.1.25.dfsg1-17build1 [14.9 kB]
Get:8 http://security.ubuntu.com/ubuntu/ trusty-security/main libffi6 amd64 3.1~rc1+r3.0.13-12ubuntu0.2 [17.9 kB]
Get:9 http://us.archive.ubuntu.com/ubuntu/ trusty/main libsasl2-2 amd64 2.1.25.dfsg1-17build1 [56.5 kB]
Get:10 http://security.ubuntu.com/ubuntu/ trusty-security/main libgcrypt11 amd64 1.5.3-2ubuntu4.6 [238 kB]
Get:11 http://us.archive.ubuntu.com/ubuntu/ trusty-updates/main libldap-2.4-2 amd64 2.4.31-1+nmu2ubuntu8.5 [153 kB]
Get:12 http://security.ubuntu.com/ubuntu/ trusty-security/main libtasn1-6 amd64 3.4-3ubuntu0.6 [43.6 kB]
Get:13 http://security.ubuntu.com/ubuntu/ trusty-security/main libgnutls26 amd64 2.12.23-12ubuntu2.8 [395 kB]
Get:14 http://us.archive.ubuntu.com/ubuntu/ trusty-updates/main ca-certificates all 20170717~14.04.2 [166 kB]
Get:15 http://security.ubuntu.com/ubuntu/ trusty-security/main libsqlite3-0 amd64 3.8.2-1ubuntu2.2 [342 kB]
Get:16 http://us.archive.ubuntu.com/ubuntu/ trusty/main liberror-perl all 0.17-1.1 [21.1 kB]
Get:17 http://security.ubuntu.com/ubuntu/ trusty-security/main libssl1.0.0 amd64 1.0.1f-1ubuntu2.27 [831 kB]
Get:18 http://us.archive.ubuntu.com/ubuntu/ trusty/universe golang-src amd64 2:1.2.1-2ubuntu1 [4727 kB]
Get:19 http://security.ubuntu.com/ubuntu/ trusty-security/main libroken18-heimdal amd64 1.6~git20131207+dfsg-1ubuntu1.2 [39.9 kB]
Get:20 http://security.ubuntu.com/ubuntu/ trusty-security/main libasn1-8-heimdal amd64 1.6~git20131207+dfsg-1ubuntu1.2 [160 kB]
Get:21 http://security.ubuntu.com/ubuntu/ trusty-security/main libkrb5support0 amd64 1.12+dfsg-2ubuntu5.4 [31.1 kB]
Get:22 http://security.ubuntu.com/ubuntu/ trusty-security/main libk5crypto3 amd64 1.12+dfsg-2ubuntu5.4 [79.4 kB]
Get:23 http://security.ubuntu.com/ubuntu/ trusty-security/main libkrb5-3 amd64 1.12+dfsg-2ubuntu5.4 [262 kB]
Get:24 http://us.archive.ubuntu.com/ubuntu/ trusty/universe golang-go-linux-amd64 amd64 2:1.2.1-2ubuntu1 [12.5 MB]
Get:25 http://security.ubuntu.com/ubuntu/ trusty-security/main libgssapi-krb5-2 amd64 1.12+dfsg-2ubuntu5.4 [114 kB]
Get:26 http://security.ubuntu.com/ubuntu/ trusty-security/main libidn11 amd64 1.28-1ubuntu2.2 [94.6 kB]
Get:27 http://security.ubuntu.com/ubuntu/ trusty-security/main libhcrypto4-heimdal amd64 1.6~git20131207+dfsg-1ubuntu1.2 [84.1 kB]
Get:28 http://security.ubuntu.com/ubuntu/ trusty-security/main libheimbase1-heimdal amd64 1.6~git20131207+dfsg-1ubuntu1.2 [29.0 kB]
Get:29 http://security.ubuntu.com/ubuntu/ trusty-security/main libwind0-heimdal amd64 1.6~git20131207+dfsg-1ubuntu1.2 [47.9 kB]
Get:30 http://security.ubuntu.com/ubuntu/ trusty-security/main libhx509-5-heimdal amd64 1.6~git20131207+dfsg-1ubuntu1.2 [104 kB]
Get:31 http://security.ubuntu.com/ubuntu/ trusty-security/main libkrb5-26-heimdal amd64 1.6~git20131207+dfsg-1ubuntu1.2 [196 kB]
Get:32 http://security.ubuntu.com/ubuntu/ trusty-security/main libheimntlm0-heimdal amd64 1.6~git20131207+dfsg-1ubuntu1.2 [15.2 kB]
Get:33 http://us.archive.ubuntu.com/ubuntu/ trusty/universe golang-go amd64 2:1.2.1-2ubuntu1 [8104 kB]
Get:34 http://security.ubuntu.com/ubuntu/ trusty-security/main libgssapi3-heimdal amd64 1.6~git20131207+dfsg-1ubuntu1.2 [89.7 kB]
Get:35 http://security.ubuntu.com/ubuntu/ trusty-security/main librtmp0 amd64 2.4+20121230.gitdf6c518-1ubuntu0.1 [50.4 kB]
Get:36 http://security.ubuntu.com/ubuntu/ trusty-security/main libcurl3-gnutls amd64 7.35.0-1ubuntu2.20 [166 kB]
Get:37 http://us.archive.ubuntu.com/ubuntu/ trusty/universe golang-doc all 2:1.2.1-2ubuntu1 [1932 kB]
Get:38 http://security.ubuntu.com/ubuntu/ trusty-security/main perl-modules all 5.18.2-2ubuntu1.7 [2674 kB]
Get:39 http://us.archive.ubuntu.com/ubuntu/ trusty/universe golang all 2:1.2.1-2ubuntu1 [16.8 kB]
Get:40 http://security.ubuntu.com/ubuntu/ trusty-security/main perl amd64 5.18.2-2ubuntu1.7 [2650 kB]
Get:41 http://security.ubuntu.com/ubuntu/ trusty-security/main openssl amd64 1.0.1f-1ubuntu2.27 [489 kB]
Get:42 http://security.ubuntu.com/ubuntu/ trusty-security/main git-man all 1:1.9.1-1ubuntu0.10 [700 kB]
Get:43 http://security.ubuntu.com/ubuntu/ trusty-security/main git amd64 1:1.9.1-1ubuntu0.10 [2737 kB]
[91mdebconf: delaying package configuration, since apt-utils is not installed
[0mFetched 41.8 MB in 1s (27.9 MB/s)
(Reading database ... 7414 files and directories currently installed.)
Preparing to unpack .../perl-base_5.18.2-2ubuntu1.7_amd64.deb ...
Unpacking perl-base (5.18.2-2ubuntu1.7) over (5.18.2-2ubuntu1) ...
Setting up perl-base (5.18.2-2ubuntu1.7) ...
Selecting previously unselected package libexpat1:amd64.
(Reading database ... 7414 files and directories currently installed.)
Preparing to unpack .../libexpat1_2.1.0-4ubuntu1.4_amd64.deb ...
Unpacking libexpat1:amd64 (2.1.0-4ubuntu1.4) ...
Selecting previously unselected package libffi6:amd64.
Preparing to unpack .../libffi6_3.1~rc1+r3.0.13-12ubuntu0.2_amd64.deb ...
Unpacking libffi6:amd64 (3.1~rc1+r3.0.13-12ubuntu0.2) ...
Selecting previously unselected package libgpg-error0:amd64.
Preparing to unpack .../libgpg-error0_1.12-0.2ubuntu1_amd64.deb ...
Unpacking libgpg-error0:amd64 (1.12-0.2ubuntu1) ...
Selecting previously unselected package libgcrypt11:amd64.
Preparing to unpack .../libgcrypt11_1.5.3-2ubuntu4.6_amd64.deb ...
Unpacking libgcrypt11:amd64 (1.5.3-2ubuntu4.6) ...
Selecting previously unselected package libgdbm3:amd64.
Preparing to unpack .../libgdbm3_1.8.3-12build1_amd64.deb ...
Unpacking libgdbm3:amd64 (1.8.3-12build1) ...
Selecting previously unselected package libp11-kit0:amd64.
Preparing to unpack .../libp11-kit0_0.20.2-2ubuntu2_amd64.deb ...
Unpacking libp11-kit0:amd64 (0.20.2-2ubuntu2) ...
Selecting previously unselected package libtasn1-6:amd64.
Preparing to unpack .../libtasn1-6_3.4-3ubuntu0.6_amd64.deb ...
Unpacking libtasn1-6:amd64 (3.4-3ubuntu0.6) ...
Selecting previously unselected package libgnutls26:amd64.
Preparing to unpack .../libgnutls26_2.12.23-12ubuntu2.8_amd64.deb ...
Unpacking libgnutls26:amd64 (2.12.23-12ubuntu2.8) ...
Selecting previously unselected package libsqlite3-0:amd64.
Preparing to unpack .../libsqlite3-0_3.8.2-1ubuntu2.2_amd64.deb ...
Unpacking libsqlite3-0:amd64 (3.8.2-1ubuntu2.2) ...
Selecting previously unselected package libssl1.0.0:amd64.
Preparing to unpack .../libssl1.0.0_1.0.1f-1ubuntu2.27_amd64.deb ...
Unpacking libssl1.0.0:amd64 (1.0.1f-1ubuntu2.27) ...
Selecting previously unselected package libroken18-heimdal:amd64.
Preparing to unpack .../libroken18-heimdal_1.6~git20131207+dfsg-1ubuntu1.2_amd64.deb ...
Unpacking libroken18-heimdal:amd64 (1.6~git20131207+dfsg-1ubuntu1.2) ...
Selecting previously unselected package libasn1-8-heimdal:amd64.
Preparing to unpack .../libasn1-8-heimdal_1.6~git20131207+dfsg-1ubuntu1.2_amd64.deb ...
Unpacking libasn1-8-heimdal:amd64 (1.6~git20131207+dfsg-1ubuntu1.2) ...
Selecting previously unselected package libkrb5support0:amd64.
Preparing to unpack .../libkrb5support0_1.12+dfsg-2ubuntu5.4_amd64.deb ...
Unpacking libkrb5support0:amd64 (1.12+dfsg-2ubuntu5.4) ...
Selecting previously unselected package libk5crypto3:amd64.
Preparing to unpack .../libk5crypto3_1.12+dfsg-2ubuntu5.4_amd64.deb ...
Unpacking libk5crypto3:amd64 (1.12+dfsg-2ubuntu5.4) ...
Selecting previously unselected package libkeyutils1:amd64.
Preparing to unpack .../libkeyutils1_1.5.6-1_amd64.deb ...
Unpacking libkeyutils1:amd64 (1.5.6-1) ...
Selecting previously unselected package libkrb5-3:amd64.
Preparing to unpack .../libkrb5-3_1.12+dfsg-2ubuntu5.4_amd64.deb ...
Unpacking libkrb5-3:amd64 (1.12+dfsg-2ubuntu5.4) ...
Selecting previously unselected package libgssapi-krb5-2:amd64.
Preparing to unpack .../libgssapi-krb5-2_1.12+dfsg-2ubuntu5.4_amd64.deb ...
Unpacking libgssapi-krb5-2:amd64 (1.12+dfsg-2ubuntu5.4) ...
Selecting previously unselected package libidn11:amd64.
Preparing to unpack .../libidn11_1.28-1ubuntu2.2_amd64.deb ...
Unpacking libidn11:amd64 (1.28-1ubuntu2.2) ...
Selecting previously unselected package libhcrypto4-heimdal:amd64.
Preparing to unpack .../libhcrypto4-heimdal_1.6~git20131207+dfsg-1ubuntu1.2_amd64.deb ...
Unpacking libhcrypto4-heimdal:amd64 (1.6~git20131207+dfsg-1ubuntu1.2) ...
Selecting previously unselected package libheimbase1-heimdal:amd64.
Preparing to unpack .../libheimbase1-heimdal_1.6~git20131207+dfsg-1ubuntu1.2_amd64.deb ...
Unpacking libheimbase1-heimdal:amd64 (1.6~git20131207+dfsg-1ubuntu1.2) ...
Selecting previously unselected package libwind0-heimdal:amd64.
Preparing to unpack .../libwind0-heimdal_1.6~git20131207+dfsg-1ubuntu1.2_amd64.deb ...
Unpacking libwind0-heimdal:amd64 (1.6~git20131207+dfsg-1ubuntu1.2) ...
Selecting previously unselected package libhx509-5-heimdal:amd64.
Preparing to unpack .../libhx509-5-heimdal_1.6~git20131207+dfsg-1ubuntu1.2_amd64.deb ...
Unpacking libhx509-5-heimdal:amd64 (1.6~git20131207+dfsg-1ubuntu1.2) ...
Selecting previously unselected package libkrb5-26-heimdal:amd64.
Preparing to unpack .../libkrb5-26-heimdal_1.6~git20131207+dfsg-1ubuntu1.2_amd64.deb ...
Unpacking libkrb5-26-heimdal:amd64 (1.6~git20131207+dfsg-1ubuntu1.2) ...
Selecting previously unselected package libheimntlm0-heimdal:amd64.
Preparing to unpack .../libheimntlm0-heimdal_1.6~git20131207+dfsg-1ubuntu1.2_amd64.deb ...
Unpacking libheimntlm0-heimdal:amd64 (1.6~git20131207+dfsg-1ubuntu1.2) ...
Selecting previously unselected package libgssapi3-heimdal:amd64.
Preparing to unpack .../libgssapi3-heimdal_1.6~git20131207+dfsg-1ubuntu1.2_amd64.deb ...
Unpacking libgssapi3-heimdal:amd64 (1.6~git20131207+dfsg-1ubuntu1.2) ...
Selecting previously unselected package libsasl2-modules-db:amd64.
Preparing to unpack .../libsasl2-modules-db_2.1.25.dfsg1-17build1_amd64.deb ...
Unpacking libsasl2-modules-db:amd64 (2.1.25.dfsg1-17build1) ...
Selecting previously unselected package libsasl2-2:amd64.
Preparing to unpack .../libsasl2-2_2.1.25.dfsg1-17build1_amd64.deb ...
Unpacking libsasl2-2:amd64 (2.1.25.dfsg1-17build1) ...
Selecting previously unselected package libldap-2.4-2:amd64.
Preparing to unpack .../libldap-2.4-2_2.4.31-1+nmu2ubuntu8.5_amd64.deb ...
Unpacking libldap-2.4-2:amd64 (2.4.31-1+nmu2ubuntu8.5) ...
Selecting previously unselected package librtmp0:amd64.
Preparing to unpack .../librtmp0_2.4+20121230.gitdf6c518-1ubuntu0.1_amd64.deb ...
Unpacking librtmp0:amd64 (2.4+20121230.gitdf6c518-1ubuntu0.1) ...
Selecting previously unselected package libcurl3-gnutls:amd64.
Preparing to unpack .../libcurl3-gnutls_7.35.0-1ubuntu2.20_amd64.deb ...
Unpacking libcurl3-gnutls:amd64 (7.35.0-1ubuntu2.20) ...
Selecting previously unselected package perl-modules.
Preparing to unpack .../perl-modules_5.18.2-2ubuntu1.7_all.deb ...
Unpacking perl-modules (5.18.2-2ubuntu1.7) ...
Selecting previously unselected package perl.
Preparing to unpack .../perl_5.18.2-2ubuntu1.7_amd64.deb ...
Unpacking perl (5.18.2-2ubuntu1.7) ...
Selecting previously unselected package openssl.
Preparing to unpack .../openssl_1.0.1f-1ubuntu2.27_amd64.deb ...
Unpacking openssl (1.0.1f-1ubuntu2.27) ...
Selecting previously unselected package ca-certificates.
Preparing to unpack .../ca-certificates_20170717~14.04.2_all.deb ...
Unpacking ca-certificates (20170717~14.04.2) ...
Selecting previously unselected package liberror-perl.
Preparing to unpack .../liberror-perl_0.17-1.1_all.deb ...
Unpacking liberror-perl (0.17-1.1) ...
Selecting previously unselected package git-man.
Preparing to unpack .../git-man_1%3a1.9.1-1ubuntu0.10_all.deb ...
Unpacking git-man (1:1.9.1-1ubuntu0.10) ...
Selecting previously unselected package git.
Preparing to unpack .../git_1%3a1.9.1-1ubuntu0.10_amd64.deb ...
Unpacking git (1:1.9.1-1ubuntu0.10) ...
Selecting previously unselected package golang-src.
Preparing to unpack .../golang-src_2%3a1.2.1-2ubuntu1_amd64.deb ...
Unpacking golang-src (2:1.2.1-2ubuntu1) ...
Selecting previously unselected package golang-go-linux-amd64.
Preparing to unpack .../golang-go-linux-amd64_2%3a1.2.1-2ubuntu1_amd64.deb ...
Unpacking golang-go-linux-amd64 (2:1.2.1-2ubuntu1) ...
Selecting previously unselected package golang-go.
Preparing to unpack .../golang-go_2%3a1.2.1-2ubuntu1_amd64.deb ...
Unpacking golang-go (2:1.2.1-2ubuntu1) ...
Selecting previously unselected package golang-doc.
Preparing to unpack .../golang-doc_2%3a1.2.1-2ubuntu1_all.deb ...
Unpacking golang-doc (2:1.2.1-2ubuntu1) ...
Selecting previously unselected package golang.
Preparing to unpack .../golang_2%3a1.2.1-2ubuntu1_all.deb ...
Unpacking golang (2:1.2.1-2ubuntu1) ...
Setting up libexpat1:amd64 (2.1.0-4ubuntu1.4) ...
Setting up libffi6:amd64 (3.1~rc1+r3.0.13-12ubuntu0.2) ...
Setting up libgpg-error0:amd64 (1.12-0.2ubuntu1) ...
Setting up libgcrypt11:amd64 (1.5.3-2ubuntu4.6) ...
Setting up libgdbm3:amd64 (1.8.3-12build1) ...
Setting up libp11-kit0:amd64 (0.20.2-2ubuntu2) ...
Setting up libtasn1-6:amd64 (3.4-3ubuntu0.6) ...
Setting up libgnutls26:amd64 (2.12.23-12ubuntu2.8) ...
Setting up libsqlite3-0:amd64 (3.8.2-1ubuntu2.2) ...
Setting up libssl1.0.0:amd64 (1.0.1f-1ubuntu2.27) ...
[91mdebconf: unable to initialize frontend: Dialog
debconf: (TERM is not set, so the dialog frontend is not usable.)
debconf: falling back to frontend: Readline
[0m[91mdebconf: unable to initialize frontend: Readline
debconf: (This frontend requires a controlling tty.)
debconf: falling back to frontend: Teletype
[0mSetting up libroken18-heimdal:amd64 (1.6~git20131207+dfsg-1ubuntu1.2) ...
Setting up libasn1-8-heimdal:amd64 (1.6~git20131207+dfsg-1ubuntu1.2) ...
Setting up libkrb5support0:amd64 (1.12+dfsg-2ubuntu5.4) ...
Setting up libk5crypto3:amd64 (1.12+dfsg-2ubuntu5.4) ...
Setting up libkeyutils1:amd64 (1.5.6-1) ...
Setting up libkrb5-3:amd64 (1.12+dfsg-2ubuntu5.4) ...
Setting up libgssapi-krb5-2:amd64 (1.12+dfsg-2ubuntu5.4) ...
Setting up libidn11:amd64 (1.28-1ubuntu2.2) ...
Setting up libhcrypto4-heimdal:amd64 (1.6~git20131207+dfsg-1ubuntu1.2) ...
Setting up libheimbase1-heimdal:amd64 (1.6~git20131207+dfsg-1ubuntu1.2) ...
Setting up libwind0-heimdal:amd64 (1.6~git20131207+dfsg-1ubuntu1.2) ...
Setting up libhx509-5-heimdal:amd64 (1.6~git20131207+dfsg-1ubuntu1.2) ...
Setting up libkrb5-26-heimdal:amd64 (1.6~git20131207+dfsg-1ubuntu1.2) ...
Setting up libheimntlm0-heimdal:amd64 (1.6~git20131207+dfsg-1ubuntu1.2) ...
Setting up libgssapi3-heimdal:amd64 (1.6~git20131207+dfsg-1ubuntu1.2) ...
Setting up libsasl2-modules-db:amd64 (2.1.25.dfsg1-17build1) ...
Setting up libsasl2-2:amd64 (2.1.25.dfsg1-17build1) ...
Setting up libldap-2.4-2:amd64 (2.4.31-1+nmu2ubuntu8.5) ...
Setting up librtmp0:amd64 (2.4+20121230.gitdf6c518-1ubuntu0.1) ...
Setting up libcurl3-gnutls:amd64 (7.35.0-1ubuntu2.20) ...
Setting up openssl (1.0.1f-1ubuntu2.27) ...
Setting up ca-certificates (20170717~14.04.2) ...
[91mdebconf: unable to initialize frontend: Dialog
debconf: (TERM is not set, so the dialog frontend is not usable.)
debconf: falling back to frontend: Readline
[0m[91mdebconf: unable to initialize frontend: Readline
debconf: (This frontend requires a controlling tty.)
debconf: falling back to frontend: Teletype
[0mSetting up git-man (1:1.9.1-1ubuntu0.10) ...
Setting up golang-src (2:1.2.1-2ubuntu1) ...
Setting up golang-go-linux-amd64 (2:1.2.1-2ubuntu1) ...
Setting up perl-modules (5.18.2-2ubuntu1.7) ...
Setting up perl (5.18.2-2ubuntu1.7) ...
update-alternatives: using /usr/bin/prename to provide /usr/bin/rename (rename) in auto mode
Setting up liberror-perl (0.17-1.1) ...
Setting up git (1:1.9.1-1ubuntu0.10) ...
Setting up golang-go (2:1.2.1-2ubuntu1) ...
[91mdebconf: unable to initialize frontend: Dialog
debconf: (TERM is not set, so the dialog frontend is not usable.)
debconf: falling back to frontend: Readline
[0m[91mdebconf: unable to initialize frontend: Readline
debconf: (This frontend requires a controlling tty.)
debconf: falling back to frontend: Teletype
[0m[91mupdate-alternatives: using /usr/bin/golang-go to provide /usr/bin/go (go) in auto mode
[0mSetting up golang-doc (2:1.2.1-2ubuntu1) ...
Setting up golang (2:1.2.1-2ubuntu1) ...
Processing triggers for libc-bin (2.19-0ubuntu6.6) ...
Processing triggers for ca-certificates (20170717~14.04.2) ...
Updating certificates in /etc/ssl/certs... 148 added, 0 removed; done.
Running hooks in /etc/ca-certificates/update.d....done.
[91mgithub.com/brimstone/consuldock (download)
[0m[91mgithub.com/armon/consul-api (download)
[0m[91mgithub.com/samalba/dockerclient (download)
[0m[91mgithub.com/docker/go-units (download)
[0m[91mgithub.com/armon/consul-api
[0m[91mgithub.com/docker/go-units
[0m[91mgithub.com/samalba/dockerclient
[0m[91m# github.com/samalba/dockerclient
go/src/github.com/samalba/dockerclient/dockerclient.go:322: syntax error: unexpected range, expecting {
go/src/github.com/samalba/dockerclient/dockerclient.go:322: missing statement after label
go/src/github.com/samalba/dockerclient/dockerclient.go:325: syntax error: unexpected case, expecting semicolon or newline or }
go/src/github.com/samalba/dockerclient/dockerclient.go:331: syntax error: argument to go/defer must be function call
go/src/github.com/samalba/dockerclient/dockerclient.go:334: syntax error: unexpected }
go/src/github.com/samalba/dockerclient/dockerclient.go:336: non-declaration statement outside function body
go/src/github.com/samalba/dockerclient/dockerclient.go:337: syntax error: unexpected }
[0mThe command '/bin/sh -c apt-get update 	&& dpkg -l | awk '/^ii/ {print $2}' > /tmp/dpkg.clean     && apt-get install -y --no-install-recommends git golang ca-certificates     && apt-get clean     && rm -rf /var/lib/apt/lists 	&& go get -v github.com/brimstone/consuldock     && mv $GOPATH/bin/consuldock /usr/local/bin/consuldock 	&& dpkg -l | awk '/^ii/ {print $2}' > /tmp/dpkg.dirty 	&& apt-get remove --purge -y $(diff /tmp/dpkg.clean /tmp/dpkg.dirty | awk '/^>/ {print $2}') 	&& rm /tmp/dpkg.* 	&& rm -rf $GOPATH' returned a non-zero code: 2
