Sending build context to Docker daemon  3.072kB
Step 1/29 : FROM alpine:3.5 as builder
3.5: Pulling from library/alpine
8cae0e1ac61c: Pulling fs layer
8cae0e1ac61c: Download complete
8cae0e1ac61c: Pull complete
Digest: sha256:66952b313e51c3bd1987d7c4ddf5dba9bc0fb6e524eed2448fa660246b3e76ec
Status: Downloaded newer image for alpine:3.5
 ---> f80194ae2e0c
Step 2/29 : RUN apk add --update --no-cache tmux curl nodejs bash openssh-client
 ---> Running in 2464f08880f3
fetch http://dl-cdn.alpinelinux.org/alpine/v3.5/main/x86_64/APKINDEX.tar.gz
fetch http://dl-cdn.alpinelinux.org/alpine/v3.5/main/x86_64/APKINDEX.tar.gz
fetch http://dl-cdn.alpinelinux.org/alpine/v3.5/community/x86_64/APKINDEX.tar.gz
fetch http://dl-cdn.alpinelinux.org/alpine/v3.5/community/x86_64/APKINDEX.tar.gz
(1/19) Installing ncurses-terminfo-base (6.0_p20171125-r1)
(2/19) Installing ncurses-terminfo (6.0_p20171125-r1)
(3/19) Installing ncurses-libs (6.0_p20171125-r1)
(4/19) Installing readline (6.3.008-r4)
(5/19) Installing bash (4.3.46-r5)
Executing bash-4.3.46-r5.post-install
(6/19) Installing ca-certificates (20161130-r1)
(7/19) Installing libssh2 (1.7.0-r2)
(8/19) Installing libcurl (7.61.1-r1)
(9/19) Installing curl (7.61.1-r1)
(10/19) Installing libcrypto1.0 (1.0.2q-r0)
(11/19) Installing libgcc (6.2.1-r1)
(12/19) Installing http-parser (2.7.1-r0)
(13/19) Installing libssl1.0 (1.0.2q-r0)
(14/19) Installing libstdc++ (6.2.1-r1)
(15/19) Installing libuv (1.9.1-r0)
(16/19) Installing nodejs (6.9.5-r2)
(17/19) Installing openssh-client (7.4_p1-r2)
(18/19) Installing libevent (2.0.22-r2)
(19/19) Installing tmux (2.3-r1)
Executing busybox-1.25.1-r2.trigger
Executing ca-certificates-20161130-r1.trigger
OK: 56 MiB in 30 packages
Removing intermediate container 2464f08880f3
 ---> ad258b725616
Step 3/29 : RUN apk add --update --no-cache --virtual mypacks g++ make python  git py-pip python-dev  && rm -rf /var/cache/apk/*
 ---> Running in c7800260c348
fetch http://dl-cdn.alpinelinux.org/alpine/v3.5/main/x86_64/APKINDEX.tar.gz
fetch http://dl-cdn.alpinelinux.org/alpine/v3.5/main/x86_64/APKINDEX.tar.gz
fetch http://dl-cdn.alpinelinux.org/alpine/v3.5/community/x86_64/APKINDEX.tar.gz
fetch http://dl-cdn.alpinelinux.org/alpine/v3.5/community/x86_64/APKINDEX.tar.gz
(1/26) Installing binutils-libs (2.27-r1)
(2/26) Installing binutils (2.27-r1)
(3/26) Installing gmp (6.1.1-r0)
(4/26) Installing isl (0.17.1-r0)
(5/26) Installing libgomp (6.2.1-r1)
(6/26) Installing libatomic (6.2.1-r1)
(7/26) Installing pkgconf (1.0.2-r0)
(8/26) Installing mpfr3 (3.1.5-r0)
(9/26) Installing mpc1 (1.0.3-r0)
(10/26) Installing gcc (6.2.1-r1)
(11/26) Installing musl-dev (1.1.15-r8)
(12/26) Installing libc-dev (0.7-r1)
(13/26) Installing g++ (6.2.1-r1)
(14/26) Installing make (4.2.1-r0)
(15/26) Installing libbz2 (1.0.6-r5)
(16/26) Installing expat (2.2.0-r1)
(17/26) Installing libffi (3.2.1-r2)
(18/26) Installing gdbm (1.12-r0)
(19/26) Installing sqlite-libs (3.15.2-r2)
(20/26) Installing python2 (2.7.15-r0)
(21/26) Installing pcre (8.39-r0)
(22/26) Installing git (2.11.3-r2)
(23/26) Installing py-setuptools (29.0.1-r0)
(24/26) Installing py2-pip (9.0.0-r1)
(25/26) Installing python2-dev (2.7.15-r0)
(26/26) Installing mypacks (0)
Executing busybox-1.25.1-r2.trigger
OK: 285 MiB in 56 packages
Removing intermediate container c7800260c348
 ---> 5d34e09472fc
Step 4/29 : RUN git clone -b master --single-branch git://github.com/c9/core.git /opt/cloud9 && curl -s -L https://raw.githubusercontent.com/c9/install/master/link.sh | bash && /opt/cloud9/scripts/install-sdk.sh && rm -rf /opt/cloud9/.git && rm -rf /tmp/* && npm cache clean
 ---> Running in e9ece000b128
[91mCloning into '/opt/cloud9'...
[0m~/.c9/node/bin ~/.c9
~/.c9
~/.c9/bin ~/.c9
~/.c9

> pty.js@0.3.1 install /root/.c9/node_modules/pty.js
> node-gyp rebuild

make: Entering directory '/root/.c9/node_modules/pty.js/build'
  CXX(target) Release/obj.target/pty/src/unix/pty.o
  SOLINK_MODULE(target) Release/obj.target/pty.node
  COPY Release/pty.node
make: Leaving directory '/root/.c9/node_modules/pty.js/build'
/root/.c9
`-- pty.js@0.3.1 
  +-- extend@1.2.1 
  `-- nan@2.3.5 

[91mnpm WARN enoent[0m[91m ENOENT: no such file or directory, open '/root/.c9/package.json'
[0m[91mnpm WARN .c9 No description
[0m[91mnpm WARN .c9 No repository field.
[0m[91mnpm [0m[91mWARN[0m[91m .c9 No README data
[0m[91mnpm WARN .c9 No license field.
[0m[91mnpm[0m[91m WARN deprecated[0m[91m lingo@0.0.5: This project is abandoned
[0m
> sqlite3@3.1.8 install /root/.c9/node_modules/sqlite3
> node-pre-gyp install --fallback-to-build

[sqlite3] Success: "/root/.c9/node_modules/sqlite3/lib/binding/node-v48-linux-x64/node_sqlite3.node" is installed via remote
/root/.c9
+-- sequelize@2.0.0-beta.0 
| +-- commander@2.0.0 
| +-- dottie@0.0.8-0 
| +-- generic-pool@2.0.4 
| +-- lingo@0.0.5 
| +-- lodash@1.3.1 
| +-- moment@2.1.0 
| +-- promise@3.2.0 
| +-- sql@0.26.0 
| | `-- sliced@0.0.5 
| +-- toposort-class@0.2.1 
| +-- underscore.string@2.3.3 
| `-- validator@1.5.1 
`-- sqlite3@3.1.8 
  +-- nan@2.4.0 
  `-- node-pre-gyp@0.6.31 
    +-- mkdirp@0.5.1 
    | `-- minimist@0.0.8 
    +-- nopt@3.0.6 
    | `-- abbrev@1.0.9 
    +-- npmlog@4.0.0 
    | +-- are-we-there-yet@1.1.2 
    | | +-- delegates@1.0.0 
    | | `-- readable-stream@2.1.5 
    | |   +-- buffer-shims@1.0.0 
    | |   +-- core-util-is@1.0.2 
    | |   +-- inherits@2.0.3 
    | |   +-- isarray@1.0.0 
    | |   +-- process-nextick-args@1.0.7 
    | |   +-- string_decoder@0.10.31 
    | |   `-- util-deprecate@1.0.2 
    | +-- console-control-strings@1.1.0 
    | +-- gauge@2.6.0 
    | | +-- aproba@1.0.4 
    | | +-- has-color@0.1.7 
    | | +-- has-unicode@2.0.1 
    | | +-- object-assign@4.1.0 
    | | +-- signal-exit@3.0.1 
    | | +-- string-width@1.0.2 
    | | | +-- code-point-at@1.0.1 
    | | | | `-- number-is-nan@1.0.1 
    | | | `-- is-fullwidth-code-point@1.0.0 
    | | |   `-- number-is-nan@1.0.1 
    | | +-- strip-ansi@3.0.1 
    | | | `-- ansi-regex@2.0.0 
    | | `-- wide-align@1.1.0 
    | `-- set-blocking@2.0.0 
    +-- rc@1.1.6 
    | +-- deep-extend@0.4.1 
    | +-- ini@1.3.4 
    | +-- minimist@1.2.0 
    | `-- strip-json-comments@1.0.4 
    +-- request@2.76.0 
    | +-- aws-sign2@0.6.0 
    | +-- aws4@1.5.0 
    | +-- caseless@0.11.0 
    | +-- combined-stream@1.0.5 
    | | `-- delayed-stream@1.0.0 
    | +-- extend@3.0.0 
    | +-- forever-agent@0.6.1 
    | +-- form-data@2.1.1 
    | | `-- asynckit@0.4.0 
    | +-- har-validator@2.0.6 
    | | +-- chalk@1.1.3 
    | | | +-- ansi-styles@2.2.1 
    | | | +-- escape-string-regexp@1.0.5 
    | | | +-- has-ansi@2.0.0 
    | | | | `-- ansi-regex@2.0.0 
    | | | +-- strip-ansi@3.0.1 
    | | | | `-- ansi-regex@2.0.0 
    | | | `-- supports-color@2.0.0 
    | | +-- commander@2.9.0 
    | | | `-- graceful-readlink@1.0.1 
    | | +-- is-my-json-valid@2.15.0 
    | | | +-- generate-function@2.0.0 
    | | | +-- generate-object-property@1.2.0 
    | | | | `-- is-property@1.0.2 
    | | | +-- jsonpointer@4.0.0 
    | | | `-- xtend@4.0.1 
    | | `-- pinkie-promise@2.0.1 
    | |   `-- pinkie@2.0.4 
    | +-- hawk@3.1.3 
    | | +-- boom@2.10.1 
    | | +-- cryptiles@2.0.5 
    | | +-- hoek@2.16.3 
    | | `-- sntp@1.0.9 
    | +-- http-signature@1.1.1 
    | | +-- assert-plus@0.2.0 
    | | +-- jsprim@1.3.1 
    | | | +-- extsprintf@1.0.2 
    | | | +-- json-schema@0.2.3 
    | | | `-- verror@1.3.6 
    | | `-- sshpk@1.10.1 
    | |   +-- asn1@0.2.3 
    | |   +-- assert-plus@1.0.0 
    | |   +-- bcrypt-pbkdf@1.0.0 
    | |   +-- dashdash@1.14.0 
    | |   +-- ecc-jsbn@0.1.1 
    | |   +-- getpass@0.1.6 
    | |   +-- jodid25519@1.0.2 
    | |   +-- jsbn@0.1.0 
    | |   `-- tweetnacl@0.14.3 
    | +-- is-typedarray@1.0.0 
    | +-- isstream@0.1.2 
    | +-- json-stringify-safe@5.0.1 
    | +-- mime-types@2.1.12 
    | | `-- mime-db@1.24.0 
    | +-- node-uuid@1.4.7 
    | +-- oauth-sign@0.8.2 
    | +-- qs@6.3.0 
    | +-- stringstream@0.0.5 
    | +-- tough-cookie@2.3.2 
    | | `-- punycode@1.4.1 
    | `-- tunnel-agent@0.4.3 
    +-- rimraf@2.5.4 
    | `-- glob@7.1.1 
    |   +-- fs.realpath@1.0.0 
    |   +-- inflight@1.0.6 
    |   | `-- wrappy@1.0.2 
    |   +-- inherits@2.0.3 
    |   +-- minimatch@3.0.3 
    |   | `-- brace-expansion@1.1.6 
    |   |   +-- balanced-match@0.4.2 
    |   |   `-- concat-map@0.0.1 
    |   +-- once@1.4.0 
    |   | `-- wrappy@1.0.2 
    |   `-- path-is-absolute@1.0.1 
    +-- semver@5.3.0 
    +-- tar@2.2.1 
    | +-- block-stream@0.0.9 
    | +-- fstream@1.0.10 
    | | `-- graceful-fs@4.1.9 
    | `-- inherits@2.0.3 
    `-- tar-pack@3.3.0 
      +-- debug@2.2.0 
      | `-- ms@0.7.1 
      +-- fstream@1.0.10 
      | +-- graceful-fs@4.1.9 
      | `-- inherits@2.0.3 
      +-- fstream-ignore@1.0.5 
      | +-- inherits@2.0.3 
      | `-- minimatch@3.0.3 
      |   `-- brace-expansion@1.1.6 
      |     +-- balanced-match@0.4.2 
      |     `-- concat-map@0.0.1 
      +-- once@1.3.3 
      | `-- wrappy@1.0.2 
      +-- readable-stream@2.1.5 
      | +-- buffer-shims@1.0.0 
      | +-- core-util-is@1.0.2 
      | +-- inherits@2.0.3 
      | +-- isarray@1.0.0 
      | +-- process-nextick-args@1.0.7 
      | +-- string_decoder@0.10.31 
      | `-- util-deprecate@1.0.2 
      `-- uid-number@0.0.6 

[91mnpm WARN enoent ENOENT: no such file or directory, open '/root/.c9/package.json'
[0m[91mnpm WARN .c9 No description
[0m[91mnpm WARN .c9 No repository field.
[0m[91mnpm WARN .c9 No README data
npm WARN .c9 No license field.
[0m[91mnpm WARN [0m[91mexcluding symbolic link[0m[91m tests/filelist_fixtures/symlink-to-1.txt -> 1.txt
[0m[91mnpm [0m[91mWARN[0m[91m excluding symbolic link tests/filelist_fixtures/symlink-to-nowhere.txt -> nowhere.txt
[0m[91mnpm WARN[0m[91m excluding symbolic link tests/search_fixtures/symlink-to-file1.txt -> file1.txt
[0m[91mnpm WARN [0m[91mexcluding symbolic link tests/filelist_fixtures/symlink-to-1.txt -> 1.txt
[0m[91mnpm WARN excluding symbolic link tests/filelist_fixtures/symlink-to-nowhere.txt -> nowhere.txt
[0m[91mnpm WARN[0m[91m [0m[91mexcluding symbolic link tests/search_fixtures/symlink-to-file1.txt -> file1.txt
[0m/root/.c9
`-- nak@0.3.3 
  +-- colors@0.6.2 
  `-- isbinaryfile@2.0.4 

[91mnpm WARN enoent ENOENT: no such file or directory, open '/root/.c9/package.json'
[0m[91mnpm WARN .c9 No description
[0m[91mnpm WARN .c9 No repository field.
[0m[91mnpm WARN .c9 No README data
npm WARN[0m[91m .c9 No license field.
[0m[91mFrom https://github.com/c9/core
 * [new branch]        c9         -> c9/c9
[0m[91m * [new branch]        dependabot/npm_and_yarn/acorn-7.1.1 -> c9/dependabot/npm_and_yarn/acorn-7.1.1
[0m[91m * [new branch]        dependabot/npm_and_yarn/debug-4.1.1 -> c9/dependabot/npm_and_yarn/debug-4.1.1
[0m[91m * [new branch]        dependabot/npm_and_yarn/ejs-2.7.1 -> c9/dependabot/npm_and_yarn/ejs-2.7.1
[0m[91m * [new branch]        dependabot/npm_and_yarn/mime-2.4.4 -> c9/dependabot/npm_and_yarn/mime-2.4.4
[0m[91m * [new branch]        dependabot/npm_and_yarn/qs-6.9.0 -> c9/dependabot/npm_and_yarn/qs-6.9.0
[0m[91m * [new branch]        dependabot/npm_and_yarn/ws-7.2.0 -> c9/dependabot/npm_and_yarn/ws-7.2.0
[0m[91m * [new branch]        gh-pages   -> c9/gh-pages
[0m[91m * [new branch]        master     -> c9/master
[0m[91m * [new branch]        smf-sdk    -> c9/smf-sdk
[0mAlready up-to-date.
[01;35m--- Running npm install --------------------------------------------[0m
[91mnpm [0m[91mWARN deprecated mkdirp@0.3.5: Legacy versions of mkdirp are no longer supported. Please update to mkdirp 1.x. (Note that the API surface has changed to use Promises in 1.x.)
[0m[91mnpm WARN deprecated ejs@1.0.0: Critical security bugs fixed in 2.5.5
[0m[91mnpm WARN deprecated connect@2.12.0: connect 2.x series is deprecated
[0m[91mnpm WARN deprecated request@2.81.0: request has been deprecated, see https://github.com/request/request/issues/3142
[0m[91mnpm WARN deprecated hawk@3.1.3: This module moved to @hapi/hawk. Please make sure to switch over as this distribution is no longer supported and may contain bugs and critical security issues.
[0m[91mnpm WARN deprecated hoek@2.16.3: This version has been deprecated in accordance with the hapi support policy (hapi.im/support). Please upgrade to the latest version to get the best features, bug fixes, and security patches. If you are unable to upgrade at this time, paid support is available for older versions (hapi.im/commercial).
[0m[91mnpm WARN deprecated sntp@1.0.9: This module moved to @hapi/sntp. Please make sure to switch over as this distribution is no longer supported and may contain bugs and critical security issues.
[0m[91mnpm WARN deprecated cryptiles@2.0.5: This version has been deprecated in accordance with the hapi support policy (hapi.im/support). Please upgrade to the latest version to get the best features, bug fixes, and security patches. If you are unable to upgrade at this time, paid support is available for older versions (hapi.im/commercial).
[0m[91mnpm WARN deprecated boom@2.10.1: This version has been deprecated in accordance with the hapi support policy (hapi.im/support). Please upgrade to the latest version to get the best features, bug fixes, and security patches. If you are unable to upgrade at this time, paid support is available for older versions (hapi.im/commercial).
[0m[91mnpm WARN deprecated mkdirp@0.3.3: Legacy versions of mkdirp are no longer supported. Please update to mkdirp 1.x. (Note that the API surface has changed to use Promises in 1.x.)
[0m[91mnpm WARN [0m[91mdeprecated jade@0.26.3: Jade has been renamed to pug, please install the latest version of pug instead of jade
[0m[91mnpm WARN deprecated mkdirp@0.3.0: Legacy versions of mkdirp are no longer supported. Please update to mkdirp 1.x. (Note that the API surface has changed to use Promises in 1.x.)
[0m[91mnpm WARN deprecated minimatch@0.2.14: Please update to minimatch 3.0.2 or higher to avoid a RegExp DoS issue
[0m[91mnpm WARN deprecated minimatch@0.3.0: Please update to minimatch 3.0.2 or higher to avoid a RegExp DoS issue
[0m[91mnpm WARN deprecated request@2.12.0: request has been deprecated, see https://github.com/request/request/issues/3142
[0m[91mnpm WARN prefer global typescript@1.0.1 should be installed with -g
[0mc9@3.1.5000 /opt/cloud9
+-- acorn@2.5.2 
+-- async@0.9.2 
+-- base64id@0.1.0 
+-- chai@1.5.0 
+-- connect@2.12.0 
| +-- batch@0.5.0 
| +-- buffer-crc32@0.2.1 
| +-- bytes@0.2.1 
| +-- cookie@0.1.0 
| +-- cookie-signature@1.0.1 
| +-- fresh@0.2.0 
| +-- methods@0.1.0 
| +-- multiparty@2.2.0 
| | +-- readable-stream@1.1.14 
| | | +-- core-util-is@1.0.2 
| | | +-- isarray@0.0.1 
| | | `-- string_decoder@0.10.31 
| | `-- stream-counter@0.2.0 
| +-- negotiator@0.3.0 
| +-- pause@0.0.1 
| +-- raw-body@1.1.2 
| `-- uid2@0.0.3 
+-- debug@0.7.4 
+-- ejs@1.0.0 
+-- emmet@0.0.1  (git+https://github.com/cloud9ide/emmet-core.git#2ff6dc06ad037357fe19a52e23effeb08a8dc1d6)
+-- engine.io@1.6.9 
| +-- accepts@1.1.4 
| | `-- negotiator@0.4.9 
| +-- debug@2.2.0 
| | `-- ms@0.7.1 
| `-- engine.io-parser@1.2.4 
|   +-- after@0.8.1 
|   +-- arraybuffer.slice@0.0.6 
|   +-- base64-arraybuffer@0.1.2 
|   +-- blob@0.0.4 
|   +-- has-binary@0.1.6 
|   `-- utf8@2.1.0 
+-- engine.io-client@1.6.9 
| +-- component-emitter@1.1.2 
| +-- component-inherit@0.0.3 
| +-- debug@2.2.0 
| +-- has-cors@1.1.0 
| +-- indexof@0.0.1 
| +-- parsejson@0.0.1 
| | `-- better-assert@1.0.2 
| |   `-- callsite@1.0.0 
| +-- parseqs@0.0.2 
| +-- parseuri@0.0.4 
| +-- xmlhttprequest-ssl@1.5.1 
| `-- yeast@0.1.2 
+-- form-data@0.2.0 
| +-- combined-stream@0.0.7 
| | `-- delayed-stream@0.0.5 
| `-- mime-types@2.0.14 
|   `-- mime-db@1.12.0 
+-- http-error@0.0.6 
+-- jsonm@1.0.6 
+-- less@2.7.3 
| +-- errno@0.1.7 
| | `-- prr@1.0.1 
| +-- graceful-fs@4.2.3 
| +-- image-size@0.5.5 
| +-- mkdirp@0.5.4 
| | `-- minimist@1.2.5 
| +-- promise@7.3.1 
| | `-- asap@2.0.6 
| +-- request@2.81.0 
| | +-- aws-sign2@0.6.0 
| | +-- aws4@1.9.1 
| | +-- caseless@0.12.0 
| | +-- combined-stream@1.0.8 
| | | `-- delayed-stream@1.0.0 
| | +-- extend@3.0.2 
| | +-- forever-agent@0.6.1 
| | +-- form-data@2.1.4 
| | | `-- asynckit@0.4.0 
| | +-- har-validator@4.2.1 
| | | +-- ajv@4.11.8 
| | | | +-- co@4.6.0 
| | | | `-- json-stable-stringify@1.0.1 
| | | |   `-- jsonify@0.0.0 
| | | `-- har-schema@1.0.5 
| | +-- hawk@3.1.3 
| | | +-- boom@2.10.1 
| | | +-- cryptiles@2.0.5 
| | | +-- hoek@2.16.3 
| | | `-- sntp@1.0.9 
| | +-- http-signature@1.1.1 
| | | +-- assert-plus@0.2.0 
| | | +-- jsprim@1.4.1 
| | | | +-- assert-plus@1.0.0 
| | | | +-- extsprintf@1.3.0 
| | | | +-- json-schema@0.2.3 
| | | | `-- verror@1.10.0 
| | | |   `-- assert-plus@1.0.0 
| | | `-- sshpk@1.16.1 
| | |   +-- asn1@0.2.4 
| | |   +-- assert-plus@1.0.0 
| | |   +-- bcrypt-pbkdf@1.0.2 
| | |   +-- dashdash@1.14.1 
| | |   | `-- assert-plus@1.0.0 
| | |   +-- ecc-jsbn@0.1.2 
| | |   +-- getpass@0.1.7 
| | |   | `-- assert-plus@1.0.0 
| | |   +-- jsbn@0.1.1 
| | |   +-- safer-buffer@2.1.2 
| | |   `-- tweetnacl@0.14.5 
| | +-- is-typedarray@1.0.0 
| | +-- isstream@0.1.2 
| | +-- json-stringify-safe@5.0.1 
| | +-- mime-types@2.1.26 
| | | `-- mime-db@1.43.0 
| | +-- oauth-sign@0.8.2 
| | +-- performance-now@0.2.0 
| | +-- qs@6.4.0 
| | +-- safe-buffer@5.2.0 
| | +-- stringstream@0.0.6 
| | +-- tough-cookie@2.3.4 
| | | `-- punycode@1.4.1 
| | +-- tunnel-agent@0.6.0 
| | `-- uuid@3.4.0 
| `-- source-map@0.5.7 
+-- limiter@1.1.5 
+-- mime@1.2.11 
+-- mkdirp@0.3.5 
+-- mocha@1.8.2 
| +-- commander@0.6.1 
| +-- diff@1.0.2 
| +-- growl@1.7.0 
| +-- jade@0.26.3 
| | `-- mkdirp@0.3.0 
| +-- mkdirp@0.3.3 
| `-- ms@0.3.0 
+-- msgpack-js-browser@0.1.4 
+-- nak@0.3.3  (git+https://github.com/cloud9ide/nak.git#6deef931594787edd167040f7352e3e7533430e4)
| +-- colors@0.6.2 
| +-- isbinaryfile@2.0.0 
| `-- simplefunc@0.0.2 
+-- netutil@0.0.2 
+-- optimist@0.6.1 
| +-- minimist@0.0.10 
| `-- wordwrap@0.0.3 
+-- qs@0.6.6 
+-- read@1.0.7 
| `-- mute-stream@0.0.8 
+-- rusha@0.8.5 
+-- send@0.1.4 
| `-- range-parser@0.0.4 
+-- simple-mime@0.0.8 
+-- tern@0.16.1  (git+https://github.com/cloud9ide/tern.git#39015d544d4c00c7899fea4c95c2e5bc2720e68e)
| +-- enhanced-resolve@0.9.1 
| | +-- memory-fs@0.2.0 
| | `-- tapable@0.1.10 
| +-- glob@3.2.11 
| | +-- inherits@2.0.4 
| | `-- minimatch@0.3.0 
| +-- minimatch@0.2.14 
| | +-- lru-cache@2.7.3 
| | `-- sigmund@1.0.1 
| `-- typescript@1.0.1 
+-- tern_from_ts@0.0.1  (git+https://github.com/cloud9ide/tern_from_ts.git#66df507986bbdd63f3bc4f0c53edb39169ce4f1c)
+-- through@2.2.0 
+-- tmp@0.0.33 
| `-- os-tmpdir@1.0.2 
+-- uglify-js@2.6.4 
| +-- async@0.2.10 
| +-- uglify-to-browserify@1.0.2 
| `-- yargs@3.10.0 
|   +-- camelcase@1.2.1 
|   +-- cliui@2.1.0 
|   | +-- center-align@0.1.3 
|   | | +-- align-text@0.1.4 
|   | | | +-- kind-of@3.2.2 
|   | | | | `-- is-buffer@1.1.6 
|   | | | +-- longest@1.0.1 
|   | | | `-- repeat-string@1.6.1 
|   | | `-- lazy-cache@1.0.4 
|   | +-- right-align@0.1.3 
|   | `-- wordwrap@0.0.2 
|   +-- decamelize@1.2.0 
|   `-- window-size@0.1.0 
`-- ws@1.0.1 
  +-- options@0.0.6 
  `-- ultron@1.0.2 

[01;35m--------------------------------------------------------------------[0m
Success!
run '[01;33mnode server.js -p 8080 -a :[0m' to launch Cloud9
Removing intermediate container e9ece000b128
 ---> 3cca25ffbcdf
Step 5/29 : RUN apk del mypacks
 ---> Running in 8a4dfe348769
WARNING: Ignoring APKINDEX.c51f8f92.tar.gz: No such file or directory
WARNING: Ignoring APKINDEX.d09172fd.tar.gz: No such file or directory
(1/26) Purging mypacks (0)
(2/26) Purging g++ (6.2.1-r1)
(3/26) Purging gcc (6.2.1-r1)
(4/26) Purging binutils (2.27-r1)
(5/26) Purging libatomic (6.2.1-r1)
(6/26) Purging libgomp (6.2.1-r1)
(7/26) Purging libc-dev (0.7-r1)
(8/26) Purging musl-dev (1.1.15-r8)
(9/26) Purging make (4.2.1-r0)
(10/26) Purging git (2.11.3-r2)
(11/26) Purging binutils-libs (2.27-r1)
(12/26) Purging mpc1 (1.0.3-r0)
(13/26) Purging mpfr3 (3.1.5-r0)
(14/26) Purging isl (0.17.1-r0)
(15/26) Purging gmp (6.1.1-r0)
(16/26) Purging python2-dev (2.7.15-r0)
(17/26) Purging pkgconf (1.0.2-r0)
(18/26) Purging py2-pip (9.0.0-r1)
(19/26) Purging py-setuptools (29.0.1-r0)
(20/26) Purging python2 (2.7.15-r0)
(21/26) Purging libbz2 (1.0.6-r5)
(22/26) Purging expat (2.2.0-r1)
(23/26) Purging libffi (3.2.1-r2)
(24/26) Purging gdbm (1.12-r0)
(25/26) Purging sqlite-libs (3.15.2-r2)
(26/26) Purging pcre (8.39-r0)
Executing busybox-1.25.1-r2.trigger
OK: 56 MiB in 30 packages
Removing intermediate container 8a4dfe348769
 ---> 2facbba965e6
Step 6/29 : FROM abiosoft/caddy as caddy
latest: Pulling from abiosoft/caddy
050382585609: Pulling fs layer
df3fdf823bbf: Pulling fs layer
c2946a346d90: Pulling fs layer
d2a19b0e8410: Pulling fs layer
c0725867d287: Pulling fs layer
5b0cd749e911: Pulling fs layer
51b819d894e4: Pulling fs layer
c0725867d287: Waiting
d2a19b0e8410: Waiting
5b0cd749e911: Waiting
51b819d894e4: Waiting
050382585609: Verifying Checksum
050382585609: Download complete
df3fdf823bbf: Verifying Checksum
df3fdf823bbf: Download complete
c2946a346d90: Verifying Checksum
c2946a346d90: Download complete
050382585609: Pull complete
d2a19b0e8410: Verifying Checksum
d2a19b0e8410: Download complete
c0725867d287: Verifying Checksum
c0725867d287: Download complete
5b0cd749e911: Verifying Checksum
5b0cd749e911: Download complete
51b819d894e4: Verifying Checksum
51b819d894e4: Download complete
df3fdf823bbf: Pull complete
c2946a346d90: Pull complete
d2a19b0e8410: Pull complete
c0725867d287: Pull complete
5b0cd749e911: Pull complete
51b819d894e4: Pull complete
Digest: sha256:6f90597617b16108805ca30e4a7a1daaacf0a763110514560b9ca2dc3c3f4ca0
Status: Downloaded newer image for abiosoft/caddy:latest
 ---> f2eece677796
Step 7/29 : FROM alpine:3.5 as runtime
 ---> f80194ae2e0c
Step 8/29 : ENV ACME_AGREE="true"
 ---> Running in 18402abbb72f
Removing intermediate container 18402abbb72f
 ---> 25813a84bcee
Step 9/29 : COPY --from=builder /opt/cloud9 /opt/cloud9
 ---> a084ac35c59c
Step 10/29 : COPY --from=builder /root /root
 ---> c9c3eab78a72
Step 11/29 : VOLUME /root/.caddy /srv
 ---> Running in 6101a9b85127
Removing intermediate container 6101a9b85127
 ---> fa89f0b478c9
Step 12/29 : COPY --from=caddy /usr/bin/caddy /usr/bin/caddy
 ---> 7ececbe7de37
Step 13/29 : COPY --from=caddy /etc/Caddyfile /etc/Caddyfile
 ---> 69a840a1b81f
Step 14/29 : COPY --from=caddy /srv/index.html /srv/index.html
 ---> c6c92195aac0
Step 15/29 : COPY --from=caddy /bin/parent /bin/parent
 ---> c079ee50fa17
Step 16/29 : RUN apk add --update --no-cache tmux curl nodejs bash supervisor
 ---> Running in f56bd9cc2523
fetch http://dl-cdn.alpinelinux.org/alpine/v3.5/main/x86_64/APKINDEX.tar.gz
fetch http://dl-cdn.alpinelinux.org/alpine/v3.5/main/x86_64/APKINDEX.tar.gz
fetch http://dl-cdn.alpinelinux.org/alpine/v3.5/community/x86_64/APKINDEX.tar.gz
fetch http://dl-cdn.alpinelinux.org/alpine/v3.5/community/x86_64/APKINDEX.tar.gz
(1/27) Installing ncurses-terminfo-base (6.0_p20171125-r1)
(2/27) Installing ncurses-terminfo (6.0_p20171125-r1)
(3/27) Installing ncurses-libs (6.0_p20171125-r1)
(4/27) Installing readline (6.3.008-r4)
(5/27) Installing bash (4.3.46-r5)
Executing bash-4.3.46-r5.post-install
(6/27) Installing ca-certificates (20161130-r1)
(7/27) Installing libssh2 (1.7.0-r2)
(8/27) Installing libcurl (7.61.1-r1)
(9/27) Installing curl (7.61.1-r1)
(10/27) Installing libcrypto1.0 (1.0.2q-r0)
(11/27) Installing libgcc (6.2.1-r1)
(12/27) Installing http-parser (2.7.1-r0)
(13/27) Installing libssl1.0 (1.0.2q-r0)
(14/27) Installing libstdc++ (6.2.1-r1)
(15/27) Installing libuv (1.9.1-r0)
(16/27) Installing nodejs (6.9.5-r2)
(17/27) Installing libbz2 (1.0.6-r5)
(18/27) Installing expat (2.2.0-r1)
(19/27) Installing libffi (3.2.1-r2)
(20/27) Installing gdbm (1.12-r0)
(21/27) Installing sqlite-libs (3.15.2-r2)
(22/27) Installing python2 (2.7.15-r0)
(23/27) Installing py-meld3 (1.0.2-r0)
(24/27) Installing py-setuptools (29.0.1-r0)
(25/27) Installing supervisor (3.2.4-r0)
(26/27) Installing libevent (2.0.22-r2)
(27/27) Installing tmux (2.3-r1)
Executing busybox-1.25.1-r2.trigger
Executing ca-certificates-20161130-r1.trigger
OK: 100 MiB in 38 packages
Removing intermediate container f56bd9cc2523
 ---> d06a65868ee1
Step 17/29 : ADD cloud9.conf /etc/supervisor.d/cloud9.ini
ADD failed: stat /var/lib/docker/tmp/docker-builder667774408/cloud9.conf: no such file or directory
