Sending build context to Docker daemon   2.56kB
Step 1/8 : FROM ppc64le/ubuntu:yakkety
yakkety: Pulling from ppc64le/ubuntu
ded2bb2dacec: Pulling fs layer
ff196b499dc7: Pulling fs layer
5fc60417477e: Pulling fs layer
5d79757088bf: Pulling fs layer
95dd003cbb26: Pulling fs layer
5d79757088bf: Waiting
95dd003cbb26: Waiting
ff196b499dc7: Download complete
5fc60417477e: Verifying Checksum
5fc60417477e: Download complete
95dd003cbb26: Verifying Checksum
95dd003cbb26: Download complete
ded2bb2dacec: Download complete
5d79757088bf: Download complete
ded2bb2dacec: Pull complete
ff196b499dc7: Pull complete
5fc60417477e: Pull complete
5d79757088bf: Pull complete
95dd003cbb26: Pull complete
Digest: sha256:6408d9e4090ab44afc0b2d0360a4258652a2518a45790b70072477ea8b4dbc50
Status: Downloaded newer image for ppc64le/ubuntu:yakkety
 ---> f95aa14134d3
Step 2/8 : RUN apt-get update && apt-get install -y apparmor bash-completion btrfs-tools build-essential cmake curl ca-certificates debhelper dh-apparmor dh-systemd git libapparmor-dev libdevmapper-dev libltdl-dev pkg-config vim-common libseccomp-dev libsystemd-dev --no-install-recommends && rm -rf /var/lib/apt/lists/*
 ---> Running in 007e912309e7
[91mstandard_init_linux.go:211: exec user process caused "exec format error"
[0mThe command '/bin/sh -c apt-get update && apt-get install -y apparmor bash-completion btrfs-tools build-essential cmake curl ca-certificates debhelper dh-apparmor dh-systemd git libapparmor-dev libdevmapper-dev libltdl-dev pkg-config vim-common libseccomp-dev libsystemd-dev --no-install-recommends && rm -rf /var/lib/apt/lists/*' returned a non-zero code: 1
