Sending build context to Docker daemon  2.048kB
Step 1/8 : FROM node:alpine
alpine: Pulling from library/node
aad63a933944: Pulling fs layer
a00bd932208e: Pulling fs layer
c57f2c59b937: Pulling fs layer
f3446470f297: Pulling fs layer
f3446470f297: Waiting
aad63a933944: Verifying Checksum
c57f2c59b937: Download complete
f3446470f297: Verifying Checksum
f3446470f297: Download complete
aad63a933944: Pull complete
a00bd932208e: Verifying Checksum
a00bd932208e: Download complete
a00bd932208e: Pull complete
c57f2c59b937: Pull complete
f3446470f297: Pull complete
Digest: sha256:a01be76692924db83442d93b3bfde3a0cd56ddcacf3047f583a0a98ddf7a31de
Status: Downloaded newer image for node:alpine
 ---> 483343d6c5f5
Step 2/8 : RUN mkdir -p /usr/src/app
 ---> Running in 4b3a08cd0a84
Removing intermediate container 4b3a08cd0a84
 ---> 516d091e3812
Step 3/8 : WORKDIR /usr/src/app
 ---> Running in 436323d20f91
Removing intermediate container 436323d20f91
 ---> 76843287583f
Step 4/8 : ADD . .
 ---> 9ee40a06b6f7
Step 5/8 : RUN yarn
 ---> Running in fffecc906771
yarn install v1.22.4
info No lockfile found.
[1/4] Resolving packages...
[2/4] Fetching packages...
[3/4] Linking dependencies...
[4/4] Building fresh packages...
success Saved lockfile.
Done in 0.05s.
Removing intermediate container fffecc906771
 ---> d35da843d7a4
Step 6/8 : RUN yarn build
 ---> Running in 6c4a3476908d
yarn run v1.22.4
[91merror Couldn't find a package.json file in "/usr/src/app"
[0minfo Visit https://yarnpkg.com/en/docs/cli/run for documentation about this command.
The command '/bin/sh -c yarn build' returned a non-zero code: 1
