Sending build context to Docker daemon  2.048kB
Step 1/5 : FROM buildpack-deps:jessie
jessie: Pulling from library/buildpack-deps
f27d6ed8cebc: Pulling fs layer
3b2886394fe0: Pulling fs layer
7c79486f9007: Pulling fs layer
2071d428ba7a: Pulling fs layer
2071d428ba7a: Waiting
3b2886394fe0: Verifying Checksum
3b2886394fe0: Download complete
f27d6ed8cebc: Verifying Checksum
f27d6ed8cebc: Download complete
7c79486f9007: Verifying Checksum
7c79486f9007: Download complete
2071d428ba7a: Verifying Checksum
2071d428ba7a: Download complete
f27d6ed8cebc: Pull complete
3b2886394fe0: Pull complete
7c79486f9007: Pull complete
2071d428ba7a: Pull complete
Digest: sha256:19f3d2ec91e567529b898eadfa3dd0818920bb880310e8290a14faa6bf98eff5
Status: Downloaded newer image for buildpack-deps:jessie
 ---> c8e5edd8fdc1
Step 2/5 : COPY . /usr/src/
 ---> 2ac68c6a81bc
Step 3/5 : WORKDIR /usr/src/
 ---> Running in 66fd3aebd413
Removing intermediate container 66fd3aebd413
 ---> 03b4c78d270d
Step 4/5 : RUN gcc -g -Wall -static nnp-test.c -o /usr/bin/nnp-test
 ---> Running in cbe14a6ba1f5
[91mgcc: error: nnp-test.c: No such file or directory
gcc: fatal error: no input files
compilation terminated.
[0mThe command '/bin/sh -c gcc -g -Wall -static nnp-test.c -o /usr/bin/nnp-test' returned a non-zero code: 4
