Sending build context to Docker daemon  2.048kB
Step 1/3 : FROM nginx
latest: Pulling from library/nginx
8559a31e96f4: Pulling fs layer
8d69e59170f7: Pulling fs layer
3f9f1ec1d262: Pulling fs layer
d1f5ff4f210d: Pulling fs layer
1e22bfa8652e: Pulling fs layer
d1f5ff4f210d: Waiting
1e22bfa8652e: Waiting
3f9f1ec1d262: Verifying Checksum
3f9f1ec1d262: Download complete
8d69e59170f7: Verifying Checksum
8d69e59170f7: Download complete
8559a31e96f4: Verifying Checksum
8559a31e96f4: Download complete
d1f5ff4f210d: Verifying Checksum
d1f5ff4f210d: Download complete
1e22bfa8652e: Verifying Checksum
1e22bfa8652e: Download complete
8559a31e96f4: Pull complete
8d69e59170f7: Pull complete
3f9f1ec1d262: Pull complete
d1f5ff4f210d: Pull complete
1e22bfa8652e: Pull complete
Digest: sha256:21f32f6c08406306d822a0e6e8b7dc81f53f336570e852e25fbe1e3e3d0d0133
Status: Downloaded newer image for nginx:latest
 ---> 2622e6cca7eb
Step 2/3 : RUN rm /etc/nginx/conf.d/default.conf
 ---> Running in ccdb20b6d38c
Removing intermediate container ccdb20b6d38c
 ---> 8602ca8bb210
Step 3/3 : COPY ghost.conf /etc/nginx/conf.d/ghost.conf
COPY failed: stat /var/lib/docker/tmp/docker-builder594512256/ghost.conf: no such file or directory
