Sending build context to Docker daemon  2.048kB
Step 1/2 : FROM nginx
latest: Pulling from library/nginx
afb6ec6fdc1c: Pulling fs layer
b90c53a0b692: Pulling fs layer
11fa52a0fdc0: Pulling fs layer
11fa52a0fdc0: Verifying Checksum
11fa52a0fdc0: Download complete
b90c53a0b692: Verifying Checksum
b90c53a0b692: Download complete
afb6ec6fdc1c: Verifying Checksum
afb6ec6fdc1c: Download complete
afb6ec6fdc1c: Pull complete
b90c53a0b692: Pull complete
11fa52a0fdc0: Pull complete
Digest: sha256:30dfa439718a17baafefadf16c5e7c9d0a1cde97b4fd84f63b69e13513be7097
Status: Downloaded newer image for nginx:latest
 ---> 9beeba249f3e
Step 2/2 : ADD nginx-domain.conf /etc/nginx/conf.d/default.conf
ADD failed: stat /var/lib/docker/tmp/docker-builder470242129/nginx-domain.conf: no such file or directory
