Sending build context to Docker daemon   2.56kB
Step 1/10 : FROM alpine:latest
latest: Pulling from library/alpine
aad63a933944: Pulling fs layer
aad63a933944: Verifying Checksum
aad63a933944: Download complete
aad63a933944: Pull complete
Digest: sha256:b276d875eeed9c7d3f1cfa7edb06b22ed22b14219a7d67c52c56612330348239
Status: Downloaded newer image for alpine:latest
 ---> a187dde48cd2
Step 2/10 : MAINTAINER Simon Weald <simon@simonweald.com>
 ---> Running in c8feb170257e
Removing intermediate container c8feb170257e
 ---> d78157f92ad1
Step 3/10 : ENV DOCKERISED=true
 ---> Running in 980538b2362f
Removing intermediate container 980538b2362f
 ---> 41d91c38b107
Step 4/10 : ENV PACKAGES="build-base ca-certificates py-openssl python3 python3-dev "
 ---> Running in e8374288559b
Removing intermediate container e8374288559b
 ---> b88fa61ac88f
Step 5/10 : ENV PIP_PACKAGES="docopt twisted requests "
 ---> Running in ad28ec83be90
Removing intermediate container ad28ec83be90
 ---> 885bf98ad4fa
Step 6/10 : ENV PURGE_PACKAGES="build-base python3-dev"
 ---> Running in c39518d0258e
Removing intermediate container c39518d0258e
 ---> ea1cace1bb4e
Step 7/10 : RUN apk add --no-cache $PACKAGES && python3 -m ensurepip && pip3 install --upgrade pip && pip3 install $PIP_PACKAGES && apk del --purge $PURGE_PACKAGES
 ---> Running in 37f9b241f3fa
fetch http://dl-cdn.alpinelinux.org/alpine/v3.11/main/x86_64/APKINDEX.tar.gz
fetch http://dl-cdn.alpinelinux.org/alpine/v3.11/community/x86_64/APKINDEX.tar.gz
(1/38) Installing libgcc (9.2.0-r4)
(2/38) Installing libstdc++ (9.2.0-r4)
(3/38) Installing binutils (2.33.1-r0)
(4/38) Installing libmagic (5.37-r1)
(5/38) Installing file (5.37-r1)
(6/38) Installing gmp (6.1.2-r1)
(7/38) Installing isl (0.18-r0)
(8/38) Installing libgomp (9.2.0-r4)
(9/38) Installing libatomic (9.2.0-r4)
(10/38) Installing mpfr4 (4.0.2-r1)
(11/38) Installing mpc1 (1.1.0-r1)
(12/38) Installing gcc (9.2.0-r4)
(13/38) Installing musl-dev (1.1.24-r2)
(14/38) Installing libc-dev (0.7.2-r0)
(15/38) Installing g++ (9.2.0-r4)
(16/38) Installing make (4.2.1-r2)
(17/38) Installing fortify-headers (1.1-r0)
(18/38) Installing build-base (0.5-r1)
(19/38) Installing ca-certificates (20191127-r1)
(20/38) Installing libbz2 (1.0.8-r1)
(21/38) Installing expat (2.2.9-r1)
(22/38) Installing libffi (3.2.1-r6)
(23/38) Installing gdbm (1.13-r1)
(24/38) Installing xz-libs (5.2.4-r0)
(25/38) Installing ncurses-terminfo-base (6.1_p20200118-r3)
(26/38) Installing ncurses-libs (6.1_p20200118-r3)
(27/38) Installing readline (8.0.1-r0)
(28/38) Installing sqlite-libs (3.30.1-r1)
(29/38) Installing python3 (3.8.2-r0)
(30/38) Installing py3-cparser (2.19-r4)
(31/38) Installing py3-cffi (1.13.2-r0)
(32/38) Installing py3-idna (2.8-r3)
(33/38) Installing py3-asn1crypto (1.2.0-r1)
(34/38) Installing py3-six (1.13.0-r0)
(35/38) Installing py3-cryptography (2.8-r1)
(36/38) Installing py3-openssl (19.1.0-r0)
(37/38) Installing pkgconf (1.6.3-r0)
(38/38) Installing python3-dev (3.8.2-r0)
Executing busybox-1.31.1-r9.trigger
Executing ca-certificates-20191127-r1.trigger
OK: 288 MiB in 52 packages
Looking in links: /tmp/tmpwruhj73i
Requirement already satisfied: setuptools in /usr/lib/python3.8/site-packages (41.2.0)
Requirement already satisfied: pip in /usr/lib/python3.8/site-packages (19.2.3)
Collecting pip
  Downloading https://files.pythonhosted.org/packages/54/0c/d01aa759fdc501a58f431eb594a17495f15b88da142ce14b5845662c13f3/pip-20.0.2-py2.py3-none-any.whl (1.4MB)
Installing collected packages: pip
  Found existing installation: pip 19.2.3
    Uninstalling pip-19.2.3:
      Successfully uninstalled pip-19.2.3
Successfully installed pip-20.0.2
Collecting docopt
  Downloading docopt-0.6.2.tar.gz (25 kB)
Collecting twisted
  Downloading Twisted-20.3.0.tar.bz2 (3.1 MB)
Collecting requests
  Downloading requests-2.23.0-py2.py3-none-any.whl (58 kB)
Collecting zope.interface>=4.4.2
  Downloading zope.interface-5.1.0.tar.gz (225 kB)
Collecting constantly>=15.1
  Downloading constantly-15.1.0-py2.py3-none-any.whl (7.9 kB)
Collecting incremental>=16.10.1
  Downloading incremental-17.5.0-py2.py3-none-any.whl (16 kB)
Collecting Automat>=0.3.0
  Downloading Automat-20.2.0-py2.py3-none-any.whl (31 kB)
Collecting hyperlink>=17.1.1
  Downloading hyperlink-19.0.0-py2.py3-none-any.whl (38 kB)
Collecting PyHamcrest!=1.10.0,>=1.9.0
  Downloading PyHamcrest-2.0.2-py3-none-any.whl (52 kB)
Collecting attrs>=19.2.0
  Downloading attrs-19.3.0-py2.py3-none-any.whl (39 kB)
Collecting certifi>=2017.4.17
  Downloading certifi-2020.4.5.1-py2.py3-none-any.whl (157 kB)
Collecting chardet<4,>=3.0.2
  Downloading chardet-3.0.4-py2.py3-none-any.whl (133 kB)
Requirement already satisfied: idna<3,>=2.5 in /usr/lib/python3.8/site-packages (from requests) (2.8)
Collecting urllib3!=1.25.0,!=1.25.1,<1.26,>=1.21.1
  Downloading urllib3-1.25.8-py2.py3-none-any.whl (125 kB)
Requirement already satisfied: setuptools in /usr/lib/python3.8/site-packages (from zope.interface>=4.4.2->twisted) (41.2.0)
Requirement already satisfied: six in /usr/lib/python3.8/site-packages (from Automat>=0.3.0->twisted) (1.13.0)
Installing collected packages: docopt, zope.interface, constantly, incremental, attrs, Automat, hyperlink, PyHamcrest, twisted, certifi, chardet, urllib3, requests
    Running setup.py install for docopt: started
    Running setup.py install for docopt: finished with status 'done'
    Running setup.py install for zope.interface: started
    Running setup.py install for zope.interface: finished with status 'done'
    Running setup.py install for twisted: started
    Running setup.py install for twisted: finished with status 'done'
Successfully installed Automat-20.2.0 PyHamcrest-2.0.2 attrs-19.3.0 certifi-2020.4.5.1 chardet-3.0.4 constantly-15.1.0 docopt-0.6.2 hyperlink-19.0.0 incremental-17.5.0 requests-2.23.0 twisted-20.3.0 urllib3-1.25.8 zope.interface-5.1.0
[91mWARNING: Ignoring APKINDEX.70f61090.tar.gz: No such file or directory
WARNING: Ignoring APKINDEX.ca2fea5b.tar.gz: No such file or directory
[0m(1/20) Purging build-base (0.5-r1)
(2/20) Purging file (5.37-r1)
(3/20) Purging g++ (9.2.0-r4)
(4/20) Purging gcc (9.2.0-r4)
(5/20) Purging binutils (2.33.1-r0)
(6/20) Purging libatomic (9.2.0-r4)
(7/20) Purging libgomp (9.2.0-r4)
(8/20) Purging libstdc++ (9.2.0-r4)
(9/20) Purging make (4.2.1-r2)
(10/20) Purging libc-dev (0.7.2-r0)
(11/20) Purging musl-dev (1.1.24-r2)
(12/20) Purging fortify-headers (1.1-r0)
(13/20) Purging python3-dev (3.8.2-r0)
(14/20) Purging libgcc (9.2.0-r4)
(15/20) Purging libmagic (5.37-r1)
(16/20) Purging isl (0.18-r0)
(17/20) Purging mpc1 (1.1.0-r1)
(18/20) Purging mpfr4 (4.0.2-r1)
(19/20) Purging gmp (6.1.2-r1)
(20/20) Purging pkgconf (1.6.3-r0)
Executing busybox-1.31.1-r9.trigger
OK: 71 MiB in 32 packages
Removing intermediate container 37f9b241f3fa
 ---> cd5270c10919
Step 8/10 : COPY dns_update.py /usr/local/bin/
COPY failed: stat /var/lib/docker/tmp/docker-builder646266856/dns_update.py: no such file or directory
