Sending build context to Docker daemon  2.048kB
Step 1/2 : FROM maven:onbuild
onbuild: Pulling from library/maven
10a267c67f42: Pulling fs layer
fb5937da9414: Pulling fs layer
9021b2326a1e: Pulling fs layer
8c6c40e9ec4f: Pulling fs layer
7a63e1725461: Pulling fs layer
79e8ed83f43a: Pulling fs layer
161cbb85a481: Pulling fs layer
a479609da9c8: Pulling fs layer
e32f81724ea4: Pulling fs layer
32f7dcc3208d: Pulling fs layer
f74ec6bf97bd: Pulling fs layer
52805376b629: Pulling fs layer
3680e1f9f7b0: Pulling fs layer
8c6c40e9ec4f: Waiting
7a63e1725461: Waiting
79e8ed83f43a: Waiting
161cbb85a481: Waiting
a479609da9c8: Waiting
e32f81724ea4: Waiting
32f7dcc3208d: Waiting
f74ec6bf97bd: Waiting
52805376b629: Waiting
3680e1f9f7b0: Waiting
fb5937da9414: Verifying Checksum
fb5937da9414: Download complete
9021b2326a1e: Verifying Checksum
9021b2326a1e: Download complete
10a267c67f42: Verifying Checksum
10a267c67f42: Download complete
8c6c40e9ec4f: Verifying Checksum
8c6c40e9ec4f: Download complete
7a63e1725461: Verifying Checksum
7a63e1725461: Download complete
79e8ed83f43a: Verifying Checksum
79e8ed83f43a: Download complete
161cbb85a481: Verifying Checksum
161cbb85a481: Download complete
e32f81724ea4: Verifying Checksum
e32f81724ea4: Download complete
f74ec6bf97bd: Verifying Checksum
f74ec6bf97bd: Download complete
52805376b629: Verifying Checksum
52805376b629: Download complete
a479609da9c8: Verifying Checksum
a479609da9c8: Download complete
3680e1f9f7b0: Verifying Checksum
3680e1f9f7b0: Download complete
32f7dcc3208d: Verifying Checksum
32f7dcc3208d: Download complete
10a267c67f42: Pull complete
fb5937da9414: Pull complete
9021b2326a1e: Pull complete
8c6c40e9ec4f: Pull complete
7a63e1725461: Pull complete
79e8ed83f43a: Pull complete
161cbb85a481: Pull complete
a479609da9c8: Pull complete
e32f81724ea4: Pull complete
32f7dcc3208d: Pull complete
f74ec6bf97bd: Pull complete
52805376b629: Pull complete
3680e1f9f7b0: Pull complete
Digest: sha256:ec10d1dc6b985d9c6557aa0ebc2b5e2489d1f35257b820bb8df89dea33dbcaac
Status: Downloaded newer image for maven:onbuild
# Executing 2 build triggers
 ---> Running in f175e0469ac2
[INFO] Scanning for projects...
[INFO] ------------------------------------------------------------------------
[INFO] BUILD FAILURE
[INFO] ------------------------------------------------------------------------
[INFO] Total time: 0.158 s
[INFO] Finished at: 2020-05-21T03:30:23Z
[INFO] Final Memory: 6M/60M
[INFO] ------------------------------------------------------------------------
[ERROR] The goal you specified requires a project to execute but there is no POM in this directory (/usr/src/app). Please verify you invoked Maven from the correct directory. -> [Help 1]
[ERROR] 
[ERROR] To see the full stack trace of the errors, re-run Maven with the -e switch.
[ERROR] Re-run Maven using the -X switch to enable full debug logging.
[ERROR] 
[ERROR] For more information about the errors and possible solutions, please read the following articles:
[ERROR] [Help 1] http://cwiki.apache.org/confluence/display/MAVEN/MissingProjectException
The command '/bin/sh -c mvn install' returned a non-zero code: 1
