Sending build context to Docker daemon   2.56kB
Step 1/11 : FROM jpetazzo/dind
latest: Pulling from jpetazzo/dind
28bfaceaff9b: Pulling fs layer
ac540055f2f8: Pulling fs layer
2965585ef8b8: Pulling fs layer
2416bb9f3ad2: Pulling fs layer
93b55a6a6807: Pulling fs layer
1869af86af90: Pulling fs layer
fa90c21e948c: Pulling fs layer
4cc8c36bb9c7: Pulling fs layer
2416bb9f3ad2: Waiting
93b55a6a6807: Waiting
1869af86af90: Waiting
fa90c21e948c: Waiting
4cc8c36bb9c7: Waiting
2965585ef8b8: Verifying Checksum
2965585ef8b8: Download complete
ac540055f2f8: Download complete
2416bb9f3ad2: Verifying Checksum
2416bb9f3ad2: Download complete
93b55a6a6807: Verifying Checksum
93b55a6a6807: Download complete
28bfaceaff9b: Verifying Checksum
28bfaceaff9b: Download complete
1869af86af90: Verifying Checksum
1869af86af90: Download complete
4cc8c36bb9c7: Verifying Checksum
4cc8c36bb9c7: Download complete
fa90c21e948c: Verifying Checksum
fa90c21e948c: Download complete
28bfaceaff9b: Pull complete
ac540055f2f8: Pull complete
2965585ef8b8: Pull complete
2416bb9f3ad2: Pull complete
93b55a6a6807: Pull complete
1869af86af90: Pull complete
fa90c21e948c: Pull complete
4cc8c36bb9c7: Pull complete
Digest: sha256:f48a1bbf379afdb7a7685abd0130ccd2f214662b086eb7320c296ee83fc6448e
Status: Downloaded newer image for jpetazzo/dind:latest
 ---> a01520066cae
Step 2/11 : LABEL maintainer="Shanqing Cai <cais@google.com>"
 ---> Running in 584fe73dc2a8
Removing intermediate container 584fe73dc2a8
 ---> ce7e90c19bc5
Step 3/11 : RUN apt-get update
 ---> Running in b11617946952
Get:1 http://security.ubuntu.com trusty-security InRelease [65.9 kB]
Get:2 http://security.ubuntu.com trusty-security/universe Sources [126 kB]
Ign http://archive.ubuntu.com trusty InRelease
Get:3 https://download.docker.com trusty/edge amd64 Packages
Get:4 http://security.ubuntu.com trusty-security/main amd64 Packages [1032 kB]
Get:5 http://archive.ubuntu.com trusty-updates InRelease [65.9 kB]
Get:6 http://security.ubuntu.com trusty-security/restricted amd64 Packages [18.1 kB]
Get:7 http://security.ubuntu.com trusty-security/universe amd64 Packages [377 kB]
Get:8 http://security.ubuntu.com trusty-security/multiverse amd64 Packages [4730 B]
Hit http://archive.ubuntu.com trusty-backports InRelease
Hit http://archive.ubuntu.com trusty Release.gpg
Get:9 http://archive.ubuntu.com trusty-updates/universe Sources [288 kB]
Get:10 http://archive.ubuntu.com trusty-updates/main amd64 Packages [1460 kB]
Get:11 http://archive.ubuntu.com trusty-updates/restricted amd64 Packages [21.4 kB]
Get:12 http://archive.ubuntu.com trusty-updates/universe amd64 Packages [671 kB]
Get:13 http://archive.ubuntu.com trusty-updates/multiverse amd64 Packages [16.1 kB]
Hit http://archive.ubuntu.com trusty-backports/main amd64 Packages
Hit http://archive.ubuntu.com trusty-backports/restricted amd64 Packages
Hit http://archive.ubuntu.com trusty-backports/universe amd64 Packages
Hit http://archive.ubuntu.com trusty-backports/multiverse amd64 Packages
Hit http://archive.ubuntu.com trusty Release
Hit http://archive.ubuntu.com trusty/universe Sources
Hit http://archive.ubuntu.com trusty/main amd64 Packages
Hit http://archive.ubuntu.com trusty/restricted amd64 Packages
Hit http://archive.ubuntu.com trusty/universe amd64 Packages
Hit http://archive.ubuntu.com trusty/multiverse amd64 Packages
Fetched 4190 kB in 3s (1076 kB/s)
Reading package lists...
[91mW: Size of file /var/lib/apt/lists/archive.ubuntu.com_ubuntu_dists_trusty-updates_restricted_binary-amd64_Packages.gz is not what the server reported 21365 21381
[0mRemoving intermediate container b11617946952
 ---> 3bb694e3863c
Step 4/11 : RUN apt-get install -y --no-install-recommends     build-essential     git     software-properties-common
 ---> Running in 8a4bb0188632
Reading package lists...
Building dependency tree...
Reading state information...
The following extra packages will be installed:
  binutils cpp cpp-4.8 dpkg-dev g++ g++-4.8 gcc gcc-4.8 gir1.2-glib-2.0
  git-man iso-codes libasan0 libatomic1 libc-dev-bin libc6 libc6-dev
  libcloog-isl4 libdbus-glib-1-2 libdpkg-perl liberror-perl libgcc-4.8-dev
  libgirepository-1.0-1 libgmp10 libgomp1 libisl10 libitm1 libmpc3 libmpfr4
  libquadmath0 libstdc++-4.8-dev libtimedate-perl libtsan0 linux-libc-dev make
  patch python-apt-common python3-apt python3-dbus python3-gi python3-pycurl
  python3-software-properties unattended-upgrades
Suggested packages:
  binutils-doc cpp-doc gcc-4.8-locales debian-keyring g++-multilib
  g++-4.8-multilib gcc-4.8-doc libstdc++6-4.8-dbg gcc-multilib manpages-dev
  autoconf automake1.9 libtool flex bison gdb gcc-doc gcc-4.8-multilib
  libgcc1-dbg libgomp1-dbg libitm1-dbg libatomic1-dbg libasan0-dbg
  libtsan0-dbg libquadmath0-dbg gettext-base git-daemon-run
  git-daemon-sysvinit git-doc git-el git-email git-gui gitk gitweb git-arch
  git-bzr git-cvs git-mediawiki git-svn isoquery glibc-doc libstdc++-4.8-doc
  make-doc ed diffutils-doc python3-apt-dbg python-apt-doc python-dbus-doc
  python3-dbus-dbg libcurl4-gnutls-dev python3-pycurl-dbg bsd-mailx
  mail-transport-agent
Recommended packages:
  fakeroot libalgorithm-merge-perl ssh-client libfile-fcntllock-perl
The following NEW packages will be installed:
  binutils build-essential cpp cpp-4.8 dpkg-dev g++ g++-4.8 gcc gcc-4.8
  gir1.2-glib-2.0 git git-man iso-codes libasan0 libatomic1 libc-dev-bin
  libc6-dev libcloog-isl4 libdbus-glib-1-2 libdpkg-perl liberror-perl
  libgcc-4.8-dev libgirepository-1.0-1 libgmp10 libgomp1 libisl10 libitm1
  libmpc3 libmpfr4 libquadmath0 libstdc++-4.8-dev libtimedate-perl libtsan0
  linux-libc-dev make patch python-apt-common python3-apt python3-dbus
  python3-gi python3-pycurl python3-software-properties
  software-properties-common unattended-upgrades
The following packages will be upgraded:
  libc6
1 upgraded, 44 newly installed, 0 to remove and 71 not upgraded.
Need to get 48.6 MB of archives.
After this operation, 154 MB of additional disk space will be used.
Get:1 http://archive.ubuntu.com/ubuntu/ trusty-updates/main libc6 amd64 2.19-0ubuntu6.15 [4727 kB]
Get:2 http://archive.ubuntu.com/ubuntu/ trusty/main libdbus-glib-1-2 amd64 0.100.2-1 [74.1 kB]
Get:3 http://archive.ubuntu.com/ubuntu/ trusty-updates/main libasan0 amd64 4.8.4-2ubuntu1~14.04.4 [63.1 kB]
Get:4 http://archive.ubuntu.com/ubuntu/ trusty-updates/main libatomic1 amd64 4.8.4-2ubuntu1~14.04.4 [8630 B]
Get:5 http://archive.ubuntu.com/ubuntu/ trusty/main libgmp10 amd64 2:5.1.3+dfsg-1ubuntu1 [218 kB]
Get:6 http://archive.ubuntu.com/ubuntu/ trusty/main libisl10 amd64 0.12.2-1 [419 kB]
Get:7 http://archive.ubuntu.com/ubuntu/ trusty/main libcloog-isl4 amd64 0.18.2-1 [57.5 kB]
Get:8 http://archive.ubuntu.com/ubuntu/ trusty-updates/main libgomp1 amd64 4.8.4-2ubuntu1~14.04.4 [23.1 kB]
Get:9 http://archive.ubuntu.com/ubuntu/ trusty-updates/main libitm1 amd64 4.8.4-2ubuntu1~14.04.4 [28.6 kB]
Get:10 http://archive.ubuntu.com/ubuntu/ trusty/main libmpfr4 amd64 3.1.2-1 [203 kB]
Get:11 http://archive.ubuntu.com/ubuntu/ trusty-updates/main libquadmath0 amd64 4.8.4-2ubuntu1~14.04.4 [126 kB]
Get:12 http://archive.ubuntu.com/ubuntu/ trusty-updates/main libtsan0 amd64 4.8.4-2ubuntu1~14.04.4 [94.8 kB]
Get:13 http://archive.ubuntu.com/ubuntu/ trusty/main libmpc3 amd64 1.0.1-1ubuntu1 [38.4 kB]
Get:14 http://archive.ubuntu.com/ubuntu/ trusty-updates/main libgirepository-1.0-1 amd64 1.40.0-1ubuntu0.2 [85.6 kB]
Get:15 http://archive.ubuntu.com/ubuntu/ trusty-updates/main gir1.2-glib-2.0 amd64 1.40.0-1ubuntu0.2 [124 kB]
Get:16 http://archive.ubuntu.com/ubuntu/ trusty/main iso-codes all 3.52-1 [2073 kB]
Get:17 http://archive.ubuntu.com/ubuntu/ trusty-updates/main python-apt-common all 0.9.3.5ubuntu3 [15.0 kB]
Get:18 http://archive.ubuntu.com/ubuntu/ trusty-updates/main python3-apt amd64 0.9.3.5ubuntu3 [139 kB]
Get:19 http://archive.ubuntu.com/ubuntu/ trusty/main python3-dbus amd64 1.2.0-2build2 [82.1 kB]
Get:20 http://archive.ubuntu.com/ubuntu/ trusty-updates/main python3-gi amd64 3.12.0-1ubuntu1 [154 kB]
Get:21 http://archive.ubuntu.com/ubuntu/ trusty-updates/main binutils amd64 2.24-5ubuntu14.2 [2076 kB]
Get:22 http://archive.ubuntu.com/ubuntu/ trusty-updates/main libc-dev-bin amd64 2.19-0ubuntu6.15 [68.9 kB]
Get:23 http://archive.ubuntu.com/ubuntu/ trusty-updates/main linux-libc-dev amd64 3.13.0-170.220 [772 kB]
Get:24 http://archive.ubuntu.com/ubuntu/ trusty-updates/main libc6-dev amd64 2.19-0ubuntu6.15 [1913 kB]
Get:25 http://archive.ubuntu.com/ubuntu/ trusty-updates/main cpp-4.8 amd64 4.8.4-2ubuntu1~14.04.4 [4452 kB]
Get:26 http://archive.ubuntu.com/ubuntu/ trusty/main cpp amd64 4:4.8.2-1ubuntu6 [27.5 kB]
Get:27 http://archive.ubuntu.com/ubuntu/ trusty-updates/main libgcc-4.8-dev amd64 4.8.4-2ubuntu1~14.04.4 [1688 kB]
Get:28 http://archive.ubuntu.com/ubuntu/ trusty-updates/main gcc-4.8 amd64 4.8.4-2ubuntu1~14.04.4 [5040 kB]
Get:29 http://archive.ubuntu.com/ubuntu/ trusty/main gcc amd64 4:4.8.2-1ubuntu6 [5098 B]
Get:30 http://archive.ubuntu.com/ubuntu/ trusty-updates/main libstdc++-4.8-dev amd64 4.8.4-2ubuntu1~14.04.4 [1051 kB]
Get:31 http://archive.ubuntu.com/ubuntu/ trusty-updates/main g++-4.8 amd64 4.8.4-2ubuntu1~14.04.4 [18.0 MB]
Get:32 http://archive.ubuntu.com/ubuntu/ trusty/main g++ amd64 4:4.8.2-1ubuntu6 [1490 B]
Get:33 http://archive.ubuntu.com/ubuntu/ trusty/main make amd64 3.81-8.2ubuntu3 [119 kB]
Get:34 http://archive.ubuntu.com/ubuntu/ trusty/main libtimedate-perl all 2.3000-1 [37.2 kB]
Get:35 http://archive.ubuntu.com/ubuntu/ trusty-updates/main libdpkg-perl all 1.17.5ubuntu5.8 [179 kB]
Get:36 http://archive.ubuntu.com/ubuntu/ trusty-updates/main patch amd64 2.7.1-4ubuntu2.4 [86.9 kB]
Get:37 http://archive.ubuntu.com/ubuntu/ trusty-updates/main dpkg-dev all 1.17.5ubuntu5.8 [726 kB]
Get:38 http://archive.ubuntu.com/ubuntu/ trusty/main build-essential amd64 11.6ubuntu6 [4838 B]
Get:39 http://archive.ubuntu.com/ubuntu/ trusty/main liberror-perl all 0.17-1.1 [21.1 kB]
Get:40 http://archive.ubuntu.com/ubuntu/ trusty-updates/main git-man all 1:1.9.1-1ubuntu0.10 [700 kB]
Get:41 http://archive.ubuntu.com/ubuntu/ trusty-updates/main git amd64 1:1.9.1-1ubuntu0.10 [2737 kB]
Get:42 http://archive.ubuntu.com/ubuntu/ trusty/main python3-pycurl amd64 7.19.3-0ubuntu3 [47.5 kB]
Get:43 http://archive.ubuntu.com/ubuntu/ trusty-updates/main unattended-upgrades all 0.82.1ubuntu2.5 [25.6 kB]
Get:44 http://archive.ubuntu.com/ubuntu/ trusty-updates/main python3-software-properties all 0.92.37.8 [19.2 kB]
Get:45 http://archive.ubuntu.com/ubuntu/ trusty-updates/main software-properties-common all 0.92.37.8 [9384 B]
[91mdebconf: unable to initialize frontend: Dialog
debconf: (TERM is not set, so the dialog frontend is not usable.)
debconf: falling back to frontend: Readline
[0m[91mdebconf: unable to initialize frontend: Readline
debconf: (This frontend requires a controlling tty.)
debconf: falling back to frontend: Teletype
[0m[91mdpkg-preconfigure: unable to re-open stdin: 
[0mFetched 48.6 MB in 6s (7128 kB/s)
(Reading database ... 15183 files and directories currently installed.)
Preparing to unpack .../libc6_2.19-0ubuntu6.15_amd64.deb ...
[91mdebconf: unable to initialize frontend: Dialog
debconf: (TERM is not set, so the dialog frontend is not usable.)
debconf: falling back to frontend: Readline
[0m[91mdebconf: unable to initialize frontend: Readline
debconf: (This frontend requires a controlling tty.)
debconf: falling back to frontend: Teletype
[0mUnpacking libc6:amd64 (2.19-0ubuntu6.15) over (2.19-0ubuntu6.14) ...
Setting up libc6:amd64 (2.19-0ubuntu6.15) ...
[91mdebconf: unable to initialize frontend: Dialog
debconf: (TERM is not set, so the dialog frontend is not usable.)
debconf: falling back to frontend: Readline
[0m[91mdebconf: unable to initialize frontend: Readline
debconf: (This frontend requires a controlling tty.)
debconf: falling back to frontend: Teletype
[0mProcessing triggers for libc-bin (2.19-0ubuntu6.14) ...
Selecting previously unselected package libdbus-glib-1-2:amd64.
(Reading database ... 15183 files and directories currently installed.)
Preparing to unpack .../libdbus-glib-1-2_0.100.2-1_amd64.deb ...
Unpacking libdbus-glib-1-2:amd64 (0.100.2-1) ...
Selecting previously unselected package libasan0:amd64.
Preparing to unpack .../libasan0_4.8.4-2ubuntu1~14.04.4_amd64.deb ...
Unpacking libasan0:amd64 (4.8.4-2ubuntu1~14.04.4) ...
Selecting previously unselected package libatomic1:amd64.
Preparing to unpack .../libatomic1_4.8.4-2ubuntu1~14.04.4_amd64.deb ...
Unpacking libatomic1:amd64 (4.8.4-2ubuntu1~14.04.4) ...
Selecting previously unselected package libgmp10:amd64.
Preparing to unpack .../libgmp10_2%3a5.1.3+dfsg-1ubuntu1_amd64.deb ...
Unpacking libgmp10:amd64 (2:5.1.3+dfsg-1ubuntu1) ...
Selecting previously unselected package libisl10:amd64.
Preparing to unpack .../libisl10_0.12.2-1_amd64.deb ...
Unpacking libisl10:amd64 (0.12.2-1) ...
Selecting previously unselected package libcloog-isl4:amd64.
Preparing to unpack .../libcloog-isl4_0.18.2-1_amd64.deb ...
Unpacking libcloog-isl4:amd64 (0.18.2-1) ...
Selecting previously unselected package libgomp1:amd64.
Preparing to unpack .../libgomp1_4.8.4-2ubuntu1~14.04.4_amd64.deb ...
Unpacking libgomp1:amd64 (4.8.4-2ubuntu1~14.04.4) ...
Selecting previously unselected package libitm1:amd64.
Preparing to unpack .../libitm1_4.8.4-2ubuntu1~14.04.4_amd64.deb ...
Unpacking libitm1:amd64 (4.8.4-2ubuntu1~14.04.4) ...
Selecting previously unselected package libmpfr4:amd64.
Preparing to unpack .../libmpfr4_3.1.2-1_amd64.deb ...
Unpacking libmpfr4:amd64 (3.1.2-1) ...
Selecting previously unselected package libquadmath0:amd64.
Preparing to unpack .../libquadmath0_4.8.4-2ubuntu1~14.04.4_amd64.deb ...
Unpacking libquadmath0:amd64 (4.8.4-2ubuntu1~14.04.4) ...
Selecting previously unselected package libtsan0:amd64.
Preparing to unpack .../libtsan0_4.8.4-2ubuntu1~14.04.4_amd64.deb ...
Unpacking libtsan0:amd64 (4.8.4-2ubuntu1~14.04.4) ...
Selecting previously unselected package libmpc3:amd64.
Preparing to unpack .../libmpc3_1.0.1-1ubuntu1_amd64.deb ...
Unpacking libmpc3:amd64 (1.0.1-1ubuntu1) ...
Selecting previously unselected package libgirepository-1.0-1.
Preparing to unpack .../libgirepository-1.0-1_1.40.0-1ubuntu0.2_amd64.deb ...
Unpacking libgirepository-1.0-1 (1.40.0-1ubuntu0.2) ...
Selecting previously unselected package gir1.2-glib-2.0.
Preparing to unpack .../gir1.2-glib-2.0_1.40.0-1ubuntu0.2_amd64.deb ...
Unpacking gir1.2-glib-2.0 (1.40.0-1ubuntu0.2) ...
Selecting previously unselected package iso-codes.
Preparing to unpack .../iso-codes_3.52-1_all.deb ...
Unpacking iso-codes (3.52-1) ...
Selecting previously unselected package python-apt-common.
Preparing to unpack .../python-apt-common_0.9.3.5ubuntu3_all.deb ...
Unpacking python-apt-common (0.9.3.5ubuntu3) ...
Selecting previously unselected package python3-apt.
Preparing to unpack .../python3-apt_0.9.3.5ubuntu3_amd64.deb ...
Unpacking python3-apt (0.9.3.5ubuntu3) ...
Selecting previously unselected package python3-dbus.
Preparing to unpack .../python3-dbus_1.2.0-2build2_amd64.deb ...
Unpacking python3-dbus (1.2.0-2build2) ...
Selecting previously unselected package python3-gi.
Preparing to unpack .../python3-gi_3.12.0-1ubuntu1_amd64.deb ...
Unpacking python3-gi (3.12.0-1ubuntu1) ...
Selecting previously unselected package binutils.
Preparing to unpack .../binutils_2.24-5ubuntu14.2_amd64.deb ...
Unpacking binutils (2.24-5ubuntu14.2) ...
Selecting previously unselected package libc-dev-bin.
Preparing to unpack .../libc-dev-bin_2.19-0ubuntu6.15_amd64.deb ...
Unpacking libc-dev-bin (2.19-0ubuntu6.15) ...
Selecting previously unselected package linux-libc-dev:amd64.
Preparing to unpack .../linux-libc-dev_3.13.0-170.220_amd64.deb ...
Unpacking linux-libc-dev:amd64 (3.13.0-170.220) ...
Selecting previously unselected package libc6-dev:amd64.
Preparing to unpack .../libc6-dev_2.19-0ubuntu6.15_amd64.deb ...
Unpacking libc6-dev:amd64 (2.19-0ubuntu6.15) ...
Selecting previously unselected package cpp-4.8.
Preparing to unpack .../cpp-4.8_4.8.4-2ubuntu1~14.04.4_amd64.deb ...
Unpacking cpp-4.8 (4.8.4-2ubuntu1~14.04.4) ...
Selecting previously unselected package cpp.
Preparing to unpack .../cpp_4%3a4.8.2-1ubuntu6_amd64.deb ...
Unpacking cpp (4:4.8.2-1ubuntu6) ...
Selecting previously unselected package libgcc-4.8-dev:amd64.
Preparing to unpack .../libgcc-4.8-dev_4.8.4-2ubuntu1~14.04.4_amd64.deb ...
Unpacking libgcc-4.8-dev:amd64 (4.8.4-2ubuntu1~14.04.4) ...
Selecting previously unselected package gcc-4.8.
Preparing to unpack .../gcc-4.8_4.8.4-2ubuntu1~14.04.4_amd64.deb ...
Unpacking gcc-4.8 (4.8.4-2ubuntu1~14.04.4) ...
Selecting previously unselected package gcc.
Preparing to unpack .../gcc_4%3a4.8.2-1ubuntu6_amd64.deb ...
Unpacking gcc (4:4.8.2-1ubuntu6) ...
Selecting previously unselected package libstdc++-4.8-dev:amd64.
Preparing to unpack .../libstdc++-4.8-dev_4.8.4-2ubuntu1~14.04.4_amd64.deb ...
Unpacking libstdc++-4.8-dev:amd64 (4.8.4-2ubuntu1~14.04.4) ...
Selecting previously unselected package g++-4.8.
Preparing to unpack .../g++-4.8_4.8.4-2ubuntu1~14.04.4_amd64.deb ...
Unpacking g++-4.8 (4.8.4-2ubuntu1~14.04.4) ...
Selecting previously unselected package g++.
Preparing to unpack .../g++_4%3a4.8.2-1ubuntu6_amd64.deb ...
Unpacking g++ (4:4.8.2-1ubuntu6) ...
Selecting previously unselected package make.
Preparing to unpack .../make_3.81-8.2ubuntu3_amd64.deb ...
Unpacking make (3.81-8.2ubuntu3) ...
Selecting previously unselected package libtimedate-perl.
Preparing to unpack .../libtimedate-perl_2.3000-1_all.deb ...
Unpacking libtimedate-perl (2.3000-1) ...
Selecting previously unselected package libdpkg-perl.
Preparing to unpack .../libdpkg-perl_1.17.5ubuntu5.8_all.deb ...
Unpacking libdpkg-perl (1.17.5ubuntu5.8) ...
Selecting previously unselected package patch.
Preparing to unpack .../patch_2.7.1-4ubuntu2.4_amd64.deb ...
Unpacking patch (2.7.1-4ubuntu2.4) ...
Selecting previously unselected package dpkg-dev.
Preparing to unpack .../dpkg-dev_1.17.5ubuntu5.8_all.deb ...
Unpacking dpkg-dev (1.17.5ubuntu5.8) ...
Selecting previously unselected package build-essential.
Preparing to unpack .../build-essential_11.6ubuntu6_amd64.deb ...
Unpacking build-essential (11.6ubuntu6) ...
Selecting previously unselected package liberror-perl.
Preparing to unpack .../liberror-perl_0.17-1.1_all.deb ...
Unpacking liberror-perl (0.17-1.1) ...
Selecting previously unselected package git-man.
Preparing to unpack .../git-man_1%3a1.9.1-1ubuntu0.10_all.deb ...
Unpacking git-man (1:1.9.1-1ubuntu0.10) ...
Selecting previously unselected package git.
Preparing to unpack .../git_1%3a1.9.1-1ubuntu0.10_amd64.deb ...
Unpacking git (1:1.9.1-1ubuntu0.10) ...
Selecting previously unselected package python3-pycurl.
Preparing to unpack .../python3-pycurl_7.19.3-0ubuntu3_amd64.deb ...
Unpacking python3-pycurl (7.19.3-0ubuntu3) ...
Selecting previously unselected package unattended-upgrades.
Preparing to unpack .../unattended-upgrades_0.82.1ubuntu2.5_all.deb ...
Unpacking unattended-upgrades (0.82.1ubuntu2.5) ...
Selecting previously unselected package python3-software-properties.
Preparing to unpack .../python3-software-properties_0.92.37.8_all.deb ...
Unpacking python3-software-properties (0.92.37.8) ...
Selecting previously unselected package software-properties-common.
Preparing to unpack .../software-properties-common_0.92.37.8_all.deb ...
Unpacking software-properties-common (0.92.37.8) ...
Processing triggers for ureadahead (0.100.0-16) ...
Setting up libdbus-glib-1-2:amd64 (0.100.2-1) ...
Setting up libasan0:amd64 (4.8.4-2ubuntu1~14.04.4) ...
Setting up libatomic1:amd64 (4.8.4-2ubuntu1~14.04.4) ...
Setting up libgmp10:amd64 (2:5.1.3+dfsg-1ubuntu1) ...
Setting up libisl10:amd64 (0.12.2-1) ...
Setting up libcloog-isl4:amd64 (0.18.2-1) ...
Setting up libgomp1:amd64 (4.8.4-2ubuntu1~14.04.4) ...
Setting up libitm1:amd64 (4.8.4-2ubuntu1~14.04.4) ...
Setting up libmpfr4:amd64 (3.1.2-1) ...
Setting up libquadmath0:amd64 (4.8.4-2ubuntu1~14.04.4) ...
Setting up libtsan0:amd64 (4.8.4-2ubuntu1~14.04.4) ...
Setting up libmpc3:amd64 (1.0.1-1ubuntu1) ...
Setting up libgirepository-1.0-1 (1.40.0-1ubuntu0.2) ...
Setting up gir1.2-glib-2.0 (1.40.0-1ubuntu0.2) ...
Setting up iso-codes (3.52-1) ...
Setting up python-apt-common (0.9.3.5ubuntu3) ...
Setting up python3-apt (0.9.3.5ubuntu3) ...
Setting up python3-dbus (1.2.0-2build2) ...
Setting up python3-gi (3.12.0-1ubuntu1) ...
Setting up binutils (2.24-5ubuntu14.2) ...
Setting up libc-dev-bin (2.19-0ubuntu6.15) ...
Setting up linux-libc-dev:amd64 (3.13.0-170.220) ...
Setting up libc6-dev:amd64 (2.19-0ubuntu6.15) ...
Setting up cpp-4.8 (4.8.4-2ubuntu1~14.04.4) ...
Setting up cpp (4:4.8.2-1ubuntu6) ...
Setting up libgcc-4.8-dev:amd64 (4.8.4-2ubuntu1~14.04.4) ...
Setting up gcc-4.8 (4.8.4-2ubuntu1~14.04.4) ...
Setting up gcc (4:4.8.2-1ubuntu6) ...
Setting up libstdc++-4.8-dev:amd64 (4.8.4-2ubuntu1~14.04.4) ...
Setting up g++-4.8 (4.8.4-2ubuntu1~14.04.4) ...
Setting up g++ (4:4.8.2-1ubuntu6) ...
update-alternatives: using /usr/bin/g++ to provide /usr/bin/c++ (c++) in auto mode
Setting up make (3.81-8.2ubuntu3) ...
Setting up libtimedate-perl (2.3000-1) ...
Setting up libdpkg-perl (1.17.5ubuntu5.8) ...
Setting up patch (2.7.1-4ubuntu2.4) ...
Setting up dpkg-dev (1.17.5ubuntu5.8) ...
Setting up build-essential (11.6ubuntu6) ...
Setting up liberror-perl (0.17-1.1) ...
Setting up git-man (1:1.9.1-1ubuntu0.10) ...
Setting up git (1:1.9.1-1ubuntu0.10) ...
Setting up python3-pycurl (7.19.3-0ubuntu3) ...
Setting up unattended-upgrades (0.82.1ubuntu2.5) ...
[91mdebconf: unable to initialize frontend: Dialog
debconf: (TERM is not set, so the dialog frontend is not usable.)
debconf: falling back to frontend: Readline
[0m[91mdebconf: unable to initialize frontend: Readline
debconf: (This frontend requires a controlling tty.)
debconf: falling back to frontend: Teletype
[0mProcessing triggers for ureadahead (0.100.0-16) ...
Setting up python3-software-properties (0.92.37.8) ...
Setting up software-properties-common (0.92.37.8) ...
Processing triggers for libc-bin (2.19-0ubuntu6.14) ...
Removing intermediate container 8a4bb0188632
 ---> 57c0b36adba6
Step 5/11 : RUN wget https://storage.googleapis.com/golang/go1.4.2.linux-amd64.tar.gz
 ---> Running in 6457176eccef
[91m--2020-04-16 01:39:10--  https://storage.googleapis.com/golang/go1.4.2.linux-amd64.tar.gz
[0m[91mResolving storage.googleapis.com (storage.googleapis.com)... [0m[91m74.125.132.128, 2607:f8b0:4001:c07::80
Connecting to storage.googleapis.com (storage.googleapis.com)|74.125.132.128|:443... [0m[91mconnected.
[0m[91mHTTP request sent, awaiting response... [0m[91m200 OK
Length: 62442704 (60M)[0m[91m [application/x-gzip]
[0m[91mSaving to: 'go1.4.2.linux-amd64.tar.gz'

     0K .......... .......... .......... .......... ..........  0% 26.5M 2s
    50K .......... .......... .......... .......... ..........  0% 48.0M 2s
   100K ....[0m[91m...... ...[0m[91m....... .......... .......... ..........  0% 33.2M 2s
   150K .......... .......... .......... .......... ........[0m[91m..  0% 49.9M 2s
   200K .[0m[91m.[0m[91m..[0m[91m...... ..[0m[91m...[0m[91m..[0m[91m... .[0m[91m...[0m[91m..[0m[91m..[0m[91m.. ...[0m[91m.[0m[91m..[0m[91m..[0m[91m.. .[0m[91m.[0m[91m....[0m[91m....  0% 36.3M 2s[0m[91m
   250K ...[0m[91m.[0m[91m....[0m[91m.. .[0m[91m.[0m[91m...[0m[91m...[0m[91m.. .......... .......... ..........  0% 27.7M 2s
   300K .......... .......... .......... .......... ..........  0% 49.5M 2s
   350K .......... .......... .......... ..[0m[91m........[0m[91m ..........  0% 33.4M 2s
   400K .......... .......... .......... .......... ..........  0% 50.3M 2s
   450K .......... .......... ........[0m[91m.. ..[0m[91m....[0m[91m.... ..[0m[91m..[0m[91m....[0m[91m..  0% 37.8M 2s[0m[91m
   500K ..[0m[91m...[0m[91m...[0m[91m.. ......[0m[91m..[0m[91m.. .....[0m[91m..... ..[0m[91m.[0m[91m....[0m[91m... .[0m[91m.[0m[91m......[0m[91m..  0% 31.5M 2s[0m[91m
   550K ...[0m[91m...[0m[91m.... .[0m[91m....[0m[91m....[0m[91m. ...[0m[91m.......[0m[91m ....[0m[91m....[0m[91m.. ...[0m[91m...[0m[91m..[0m[91m..  0% 32.0M 2s
   600K .[0m[91m....[0m[91m...[0m[91m.. .......[0m[91m... .....[0m[91m..... ...[0m[91m...[0m[91m..[0m[91m.. .[0m[91m.......[0m[91m..  1% 37.9M 2s
   650K ....[0m[91m...... ..[0m[91m........ ..[0m[91m..[0m[91m...[0m[91m.[0m[91m.. ..[0m[91m....[0m[91m....[0m[91m ....[0m[91m...[0m[91m...  1% 24.2M 2s
   700K .[0m[91m...[0m[91m..[0m[91m...[0m[91m. ..[0m[91m....[0m[91m....[0m[91m ....[0m[91m..[0m[91m.... ......[0m[91m.... ......[0m[91m....  1% 21.9M 2s
   750K ...[0m[91m....... .[0m[91m.........[0m[91m ....[0m[91m...... ......[0m[91m.... ....[0m[91m....[0m[91m..  1% 33.2M 2s
   800K ........[0m[91m.. ........[0m[91m.. ..[0m[91m........ ....[0m[91m...... .[0m[91m....[0m[91m.....  1% 37.1M 2s
   850K .......[0m[91m... ......[0m[91m....[0m[91m ..........[0m[91m ..........[0m[91m ........[0m[91m..  1% 38.7M 2s
   900K ..[0m[91m........ ..[0m[91m........ ....[0m[91m.....[0m[91m. ......[0m[91m.... ........[0m[91m..  1% 36.9M 2s
   950K ...[0m[91m.....[0m[91m.. ..........[0m[91m ........[0m[91m.. ..[0m[91m........ ...[0m[91m.......  1% 38.0M 2s[0m[91m
  1000K .....[0m[91m..... ......[0m[91m.... ......[0m[91m....[0m[91m .......... ......[0m[91m....  1% 41.7M 2s
  1050K ....[0m[91m...... .......... ........[0m[91m.. .......[0m[91m... ....[0m[91m......  1% 49.2M 2s
  1100K ..........[0m[91m .......... ......[0m[91m.... .......... ..[0m[91m........  1% 69.4M 2s
  1150K .......... ..[0m[91m........ ....[0m[91m...... ..........[0m[91m ..........  1% 64.4M 2s
  1200K ........[0m[91m.. .......... ..[0m[91m........ ........[0m[91m.. ..........  2% 68.4M 2s
  1250K ....[0m[91m...... .......... .......... ......[0m[91m.... ....[0m[91m......  2% 87.7M 2s
  1300K ..[0m[91m........ ........[0m[91m.. .......... .......... ..[0m[91m........  2% 71.9M 2s[0m[91m
  1350K .......... .......... ....[0m[91m...... ..........[0m[91m ........[0m[91m..  2% 55.4M 1s
  1400K .......... .......... ..[0m[91m........ ........[0m[91m.. ..........  2%[0m[91m 74.0M 1s
  1450K .......... ..........[0m[91m .......... ......[0m[91m.... ....[0m[91m......  2% 69.7M 1s
  1500K .......... ........[0m[91m.. .......... ....[0m[91m...... ..........  2% 80.7M 1s[0m[91m
  1550K .......... ......[0m[91m.... .......... .....[0m[91m..... ........[0m[91m..  2% 65.0M 1s
  1600K .......... ....[0m[91m...... ..........[0m[91m ........[0m[91m.. ..........  2% 65.8M 1s
  1650K .......... ..[0m[91m........ .......... ......[0m[91m.... ....[0m[91m......  2% 81.5M 1s
  1700K ..........[0m[91m .......... ......[0m[91m.... .......... ..[0m[91m........  2% 72.6M 1s
  1750K ........[0m[91m.. .......... .......... ..[0m[91m........[0m[91m ..........  2% 62.0M 1s
  1800K ......[0m[91m.... .......... ....[0m[91m...... ........[0m[91m.. ..........  3% 77.3M 1s
  1850K ....[0m[91m...... ..........[0m[91m .......... ......[0m[91m.... ..........  3%[0m[91m 70.5M 1s
  1900K .......... ........[0m[91m.. .......... ....[0m[91m...... ..........  3% 64.8M 1s[0m[91m
  1950K .......... .......... .[0m[91m......... ..[0m[91m........ ........[0m[91m..  3% 64.4M 1s
  2000K ......[0m[91m.... .......... ..[0m[91m........ .......... ......[0m[91m....  3% 90.0M 1s
  2050K ....[0m[91m...... ..........[0m[91m ........[0m[91m.. .......... ..........  3% 57.1M 1s
  2100K ..[0m[91m........[0m[91m .......... ......[0m[91m.... .......... ..[0m[91m........  3% 64.6M 1s[0m[91m
  2150K .......... .......... ....[0m[91m...... ..........[0m[91m ........[0m[91m..  3% 78.3M 1s
  2200K .........[0m[91m. .......... ..........[0m[91m .......... ......[0m[91m....  3% 57.9M 1s
  2250K .......... ..[0m[91m........ ........[0m[91m.. .......... ....[0m[91m......  3% 79.3M 1s
  2300K ..[0m[91m........ ........[0m[91m.. .......... ....[0m[91m...... ..........  3% 70.5M 1s[0m[91m
  2350K .......... ......[0m[91m.... .......... ..[0m[91m........[0m[91m ..........  3% 59.1M 1s
  2400K .......... ....[0m[91m...... ..[0m[91m........ ........[0m[91m.. ..........  4% 78.5M 1s
  2450K ....[0m[91m...... .......... ....[0m[91m...... ......[0m[91m.... ..........  4% 64.8M 1s
  2500K ..[0m[91m........ ........[0m[91m.. .......... ....[0m[91m...... ..........  4% 81.3M 1s[0m[91m
  2550K .......... ......[0m[91m.... .......... ..........[0m[91m ........[0m[91m..  4% 67.2M 1s
  2600K ......[0m[91m.... .......... ..[0m[91m........ ........[0m[91m.. ..........  4% 57.9M 1s
  2650K ....[0m[91m...... ..........[0m[91m ........[0m[91m.. .......... ..........  4% 82.5M 1s[0m[91m
  2700K ..........[0m[91m .......... ......[0m[91m.... .......... ..[0m[91m........  4% 74.2M 1s
  2750K .....[0m[91m..... ......[0m[91m.... .......... ..........[0m[91m ..........  4% 63.4M 1s
  2800K ......[0m[91m.... ....[0m[91m...... ..........[0m[91m .......... ......[0m[91m....  4% 58.3M 1s
  2850K .......... ..[0m[91m........ .....[0m[91m...[0m[91m.. .......... ....[0m[91m......  4% 49.4M 1s
  2900K ..[0m[91m........ ........[0m[91m.. .......... ......[0m[91m.... ......[0m[91m....  4% 57.0M 1s
  2950K ........[0m[91m.. .......... .......... ..[0m[91m........[0m[91m ..........  4% 46.9M 1s
  3000K ......[0m[91m.... .......... ..........[0m[91m ........[0m[91m.. ..........  5% 90.2M 1s
  3050K ....[0m[91m...... ..........[0m[91m .......... ......[0m[91m.... ..........  5% 78.9M 1s
  3100K ..[0m[91m........ ........[0m[91m.. .......... .......... ..[0m[91m........  5% 88.8M 1s
  3150K ........[0m[91m.. .......... ....[0m[91m...... ..........[0m[91m ..........  5% 66.9M 1s
  3200K ......[0m[91m.... .......... ..[0m[91m........ ........[0m[91m.. ......[0m[91m....  5% 68.1M 1s
  3250K .......... ..........[0m[91m .......... ......[0m[91m.... ..........  5% 96.8M 1s
  3300K ..[0m[91m........ ........[0m[91m.. .......... ....[0m[91m...... ..........  5% 70.7M 1s[0m[91m
  3350K .......... ......[0m[91m.... .......... ..........[0m[91m ..........  5% 71.8M 1s
  3400K ......[0m[91m.... .......... ..[0m[91m........ ........[0m[91m.. ..........  5% 84.0M 1s
  3450K ....[0m[91m...... ..........[0m[91m .......... ......[0m[91m.... ..........  5% 85.1M 1s
  3500K ..[0m[91m........ ........[0m[91m.. .......... ....[0m[91m...... ..........  5% 77.0M 1s[0m[91m
  3550K .......... ......[0m[91m.... .......... ..[0m[91m........ ..........  5% 81.2M 1s
  3600K ......[0m[91m.... ....[0m[91m...... .......... .......... ..........  5% 71.9M 1s
  3650K .......... .......... .......... .......... ..........  6% 73.4M 1s
  3700K .......... .......... .......... .......... ..........  6%  132M 1s
  3750K .......... .......... .......... .......... ..........  6%  122M 1s
  3800K .......... .......... .......... .......... ..........  6%  152M 1s
  3850K .......... .......... .......... .......... ..........  6%  143M 1s
  3900K .......... .......... .......... .......... ..........  6%  142M 1s
  3950K .......... .......... .......... .......... ..........  6%  127M 1s
  4000K .......... .......... .......... .......... ..........  6%  149M 1s
  4050K .......... .......... .......... .......... ......[0m[91m....  6%  887K 2s
  4100K ....[0m[91m...... ..[0m[91m........[0m[91m ........[0m[91m.. ......[0m[91m.... ....[0m[91m......  6% 22.4M 2s
  4150K ..[0m[91m........[0m[91m [0m[91m.......... ......[0m[91m.... ....[0m[91m...... ..[0m[91m........  6% 22.6M 2s[0m[91m
  4200K ........[0m[91m.. ......[0m[91m.... .......... ........[0m[91m.. ........[0m[91m..  6% 38.7M 2s
  4250K .......... .......... ..[0m[91m........[0m[91m .......... ......[0m[91m....  7% 63.5M 2s
  4300K ....[0m[91m...... .......... .......... ......[0m[91m.... .[0m[91m...[0m[91m......  7% 55.9M 2s
  4350K ..........[0m[91m ........[0m[91m.. .......... ....[0m[91m...... ..........  7% 57.0M 2s[0m[91m
  4400K ........[0m[91m.. .......... .......... ..[0m[91m........ ........[0m[91m..  7% 46.3M 2s
  4450K ......[0m[91m.... ....[0m[91m...... ..[0m[91m........ .......... ......[0m[91m....  7% 48.7M 2s
  4500K ....[0m[91m...... ..........[0m[91m .......... .....[0m[91m..... ....[0m[91m......  7% 51.8M 2s
  4550K ..[0m[91m........[0m[91m .......... .......... ....[0m[91m...... ..[0m[91m........  7% 51.1M 2s[0m[91m
  4600K .......... ......[0m[91m.... ....[0m[91m...... ..[0m[91m........ ........[0m[91m..  7% 50.3M 2s
  4650K ......[0m[91m.... .......... ..[0m[91m........ .......... ......[0m[91m....  7% 54.2M 2s
  4700K ....[0m[91m...... ..........[0m[91m .......... .......... .[0m[91m.........  7% 65.4M 2s
  4750K ..........[0m[91m .......... .......... ....[0m[91m...... ..........  7% 71.3M 2s[0m[91m
  4800K .......... ......[0m[91m.... .......... .......... ....[0m[91m......  7% 71.3M 2s
  4850K ......[0m[91m.... .......... ..[0m[91m........ .......... ..........  8% 70.8M[0m[91m 2s
  4900K .......... ..........[0m[91m .......... .......... ....[0m[91m......  8% 76.6M 2s
  4950K ..........[0m[91m .......... ......[0m[91m.... .......... ..[0m[91m........  8% 68.0M 2s
  5000K .......... ......[0m[91m.... .......... ..[0m[91m........ ..........  8% 64.5M 2s
  5050K .......... ....[0m[91m...... ..........[0m[91m .......... ..........  8% 82.6M 2s
  5100K ....[0m[91m...... .......... ........[0m[91m.. .......... ....[0m[91m......  8% 81.8M 2s
  5150K ..........[0m[91m .......... .......... ....[0m[91m...... ..........  8% 71.1M 2s[0m[91m
  5200K .......... ......[0m[91m.... .......... ..........[0m[91m ..........  8% 68.5M 2s
  5250K ......[0m[91m.... .......... ..[0m[91m........ .......... ......[0m[91m....  8% 70.6M 2s
  5300K .......... ..[0m[91m........ .......... .......... ....[0m[91m......  8% 85.2M 2s
  5350K .......... ........[0m[91m.. .......... ....[0m[91m...... ..........  8% 75.3M 2s[0m[91m
  5400K .......... ......[0m[91m.... .......... ..........[0m[91m ..........  8% 66.6M 2s
  5450K ......[0m[91m.... .......... ..[0m[91m........ .......... ..........  9% 71.8M 2s
  5500K ....[0m[91m...... ..........[0m[91m .......... ......[0m[91m.... ..........  9% 74.4M 2s
  5550K ..........[0m[91m .......... .......... ....[0m[91m...... ..........  9% 87.0M 2s[0m[91m
  5600K .......... ......[0m[91m.... .......... .......... ........[0m[91m..  9% 69.2M 1s
  5650K .......... ....[0m[91m...... ..........[0m[91m .......... ..........  9% 74.1M 1s
  5700K ....[0m[91m...... ..........[0m[91m .......... .......... ..........  9% 79.2M[0m[91m 1s
  5750K ..........[0m[91m .......... ......[0m[91m.... .......... ..[0m[91m........  9% 65.6M 1s
  5800K .......... ......[0m[91m.... .......... ..[0m[91m........ ........[0m[91m..  9% 62.7M 1s
  5850K .......... .......... ..[0m[91m........ .......... ..[0m[91m........  9% 84.2M 1s
  5900K ....[0m[91m...... ..........[0m[91m .......... .......... ....[0m[91m......  9% 71.4M 1s
  5950K ..........[0m[91m .......... .......... ....[0m[91m...... ..........  9% 81.9M 1s
  6000K ........[0m[91m.. .......... ....[0m[91m...... ..........[0m[91m ..........  9% 71.5M 1s
  6050K ......[0m[91m.... .......... ..........[0m[91m .......... ......[0m[91m.... 10% 73.3M 1s
  6100K .......... ..[0m[91m........ .......... ......[0m[91m.... .......... 10% 75.9M 1s
  6150K ..[0m[91m........ ........[0m[91m.. .......... .......... .......... 10% 84.3M 1s[0m[91m
  6200K .......... ......[0m[91m.... .......... .......... ........[0m[91m.. 10% 77.5M 1s
  6250K .......... ....[0m[91m...... .......... .......[0m[91m... .......... 10% 74.3M 1s
  6300K ....[0m[91m...... ..........[0m[91m .......... .......... .......... 10% 86.1M 1s
  6350K ..[0m[91m........ ........[0m[91m.. ......[0m[91m.... .......... .......... 10% 65.8M 1s[0m[91m
  6400K .......... .......... ....[0m[91m...... .......... ........[0m[91m.. 10% 75.6M 1s
  6450K .......... ...[0m[91m....... ..[0m[91m........ .......... ......[0m[91m.... 10% 51.1M 1s
  6500K ....[0m[91m...... .......... .......... [0m[91m.......... ....[0m[91m...... 10% 69.7M 1s
  6550K ..........[0m[91m .......... .......... ....[0m[91m...... .......... 10% 85.5M 1s
  6600K ........[0m[91m.. .......... ....[0m[91m...... .......... ........[0m[91m.. 10% 67.4M 1s
  6650K ......[0m[91m.... .......... ..[0m[91m........ .......... ......[0m[91m.... 10% 69.0M 1s
  6700K .......... ..........[0m[91m ........[0m[91m.. ......[0m[91m.... .......... 11% 72.3M 1s
  6750K ..[0m[91m........ .......... .......... .....[0m[91m..... .......... 11% 71.7M 1s
  6800K ........[0m[91m.. .......... .......... ..........[0m[91m .......... 11% 74.5M 1s
  6850K ......[0m[91m.... .......... ..[0m[91m........ ........[0m[91m.. .......... 11% 68.0M 1s
  6900K ....[0m[91m...... ..........[0m[91m .......... .......... ..[0m[91m........[0m[91m 11% 78.3M 1s
  6950K ..........[0m[91m .......... .......... .......... ..[0m[91m........ 11% 92.3M 1s[0m[91m
  7000K .......... ......[0m[91m.... ....[0m[91m...... .......... ........[0m[91m.. 11% 58.0M 1s
  7050K ......[0m[91m.... ....[0m[91m...... .......... ........[0m[91m.. ......[0m[91m.... 11% 62.7M 1s
  7100K .......... ..........[0m[91m .......... ......[0m[91m.... ......[0m[91m.... 11% 89.0M 1s
  7150K ..........[0m[91m .......... ......[0m[91m.... ....[0m[91m...... .......... 11% 60.4M[0m[91m 1s
  7200K ........[0m[91m.. .......... .......... ..[0m[91m........[0m[91m .......... 11% 63.7M 1s
  7250K .......... ....[0m[91m...... ..........[0m[91m .......... .......... 11% 67.0M 1s
  7300K ....[0m[91m...... ..[0m[91m........ .......... .......... ......[0m[91m.... 12% 76.8M 1s
  7350K ..........[0m[91m ........[0m[91m.. .......... .......[0m[91m... .......... 12% 63.9M 1s
  7400K ....[0m[91m...... ......[0m[91m.... .......... ..[0m[91m........ ........[0m[91m.. 12% 58.2M 1s
  7450K .......... ....[0m[91m...... ..........[0m[91m .......... ......[0m[91m.... 12% 80.7M 1s
  7500K .......[0m[91m... ..........[0m[91m .......... .......... ....[0m[91m...... 12% 74.4M 1s
  7550K ..[0m[91m........ ........[0m[91m.. .......... .......... .[0m[91m......... 12% 68.4M 1s[0m[91m
  7600K .......... ......[0m[91m.... .......... ..[0m[91m........[0m[91m .......... 12% 58.8M 1s
  7650K .......... ....[0m[91m...... .......... ........[0m[91m.. ......[0m[91m.... 12% 74.0M 1s
  7700K .......... ..[0m[91m........ .......... ......[0m[91m.... .......... 12% 86.0M 1s
  7750K ..[0m[91m........[0m[91m .......... ......[0m[91m.... ....[0m[91m...... .......... 12% 59.8M 1s[0m[91m
  7800K .......... ......[0m[91m.... ....[0m[91m...... ..........[0m[91m .......... 12%[0m[91m 60.2M 1s
  7850K .......... ....[0m[91m...... ..........[0m[91m ........[0m[91m.. .......... 12% 69.1M 1s
  7900K .......... ..[0m[91m........ ........[0m[91m.. ......[0m[91m.... .......... 13% 70.6M 1s
  7950K ..[0m[91m........ ........[0m[91m.. .......... ....[0m[91m...... .......... 13% 86.0M 1s
  8000K ........[0m[91m.. .......... ....[0m[91m...... ..[0m[91m........ ........[0m[91m.. 13% 62.7M 1s
  8050K ......[0m[91m.... .......... ..[0m[91m........ ........[0m[91m.. .......... 13% 64.8M 1s
  8100K ....[0m[91m...... ..........[0m[91m ........[0m[91m.. .......... .......... 13% 58.7M 1s
  8150K ..[0m[91m........ ........[0m[91m.. .......... .......... ..[0m[91m........ 13% 73.8M 1s
  8200K ........[0m[91m.. .......... ....[0m[91m...... ..........[0m[91m .......... 13% 67.9M 1s
  8250K .......... ....[0m[91m...... ..........[0m[91m .......... ....[0m[91m...... 13% 68.9M 1s
  8300K ....[0m[91m...... ..........[0m[91m .......... ......[0m[91m.... .......... 13% 65.1M 1s
  8350K ..[0m[91m........[0m[91m .......... ......[0m[91m.... .......... .......... 13% 77.0M 1s[0m[91m
  8400K ........[0m[91m.. .......... ....[0m[91m...... ..........[0m[91m .......... 13% 62.4M 1s
  8450K ......[0m[91m.... .......... ..[0m[91m........ .......... ......[0m[91m.... 13% 76.4M 1s
  8500K ....[0m[91m...... ..........[0m[91m .......... ......[0m[91m.... .......... 14% 65.2M 1s
  8550K ..[0m[91m........ ........[0m[91m.. .......... ....[0m[91m...... .......... 14% 80.4M 1s[0m[91m
  8600K .......... ......[0m[91m.... .......... ..[0m[91m........[0m[91m .......... 14% 56.9M 1s
  8650K ......[0m[91m.... .......... ..........[0m[91m .......... ...[0m[91m....... 14% 74.3M 1s
  8700K ....[0m[91m...... ..........[0m[91m .......... ......[0m[91m.... .......... 14% 74.8M 1s
  8750K ..[0m[91m........ ........[0m[91m.. ......[0m[91m.... .......... .......... 14% 64.0M 1s[0m[91m
  8800K ........[0m[91m.. .......... ....[0m[91m...... .......... .......... 14% 75.0M[0m[91m 1s
  8850K .......... .[0m[91m......... ..[0m[91m........ .......... .....[0m[91m..... 14% 69.3M 1s
  8900K ....[0m[91m...... .......... ........[0m[91m.. .......... ....[0m[91m...... 14% 78.2M 1s
  8950K ..[0m[91m........ .......... ......[0m[91m.... .......... ..........[0m[91m 14% 89.1M 1s[0m[91m
  9000K .......... ......[0m[91m.... ....[0m[91m...... .......... ........[0m[91m.. 14% 50.5M 1s
  9050K .......... ....[0m[91m...... ..[0m[91m........ .......... ......[0m[91m.... 14% 75.4M 1s
  9100K .......... ..[0m[91m........[0m[91m ........[0m[91m.. ......[0m[91m.... .......... 15% 49.5M 1s
  9150K .......... ........[0m[91m.. .......... ....[0m[91m...... ..[0m[91m........ 15% 78.9M 1s
  9200K ........[0m[91m.. .......... .......... ..[0m[91m........ .......... 15% 92.1M 1s
  9250K ....[0m[91m...... ....[0m[91m...... ..[0m[91m........ ........[0m[91m.. ..........[0m[91m 15% 54.4M 1s
  9300K .......... ..[0m[91m........ ........[0m[91m.. .......... ....[0m[91m...... 15% 67.2M 1s
  9350K ..........[0m[91m .......... .......... ....[0m[91m...... .......... 15% 90.5M 1s[0m[91m
  9400K ........[0m[91m.. .......... .......... ..[0m[91m........ .......... 15% 73.1M[0m[91m 1s
  9450K .......... ....[0m[91m...... ..[0m[91m........ ........[0m[91m.. .......... 15% 64.6M 1s
  9500K .......... ..[0m[91m........ .......... .....[0m[91m..... ....[0m[91m...... 15% 79.9M 1s
  9550K ..[0m[91m........ ........[0m[91m.. .......... .......[0m[91m... .......... 15% 74.5M 1s[0m[91m
  9600K .......... ......[0m[91m.... .......... ..[0m[91m........ ........[0m[91m.. 15% 64.0M 1s
  9650K .......... .......... ..[0m[91m........[0m[91m .......... ......[0m[91m.... 15% 74.0M 1s
  9700K ....[0m[91m...... .......... ........[0m[91m.. .......... ....[0m[91m...... 15% 74.7M 1s
  9750K ..........[0m[91m .......... ......[0m[91m.... ....[0m[91m...... .......... 16% 70.5M 1s
  9800K ........[0m[91m.. .......... ....[0m[91m...... ..........[0m[91m .......... 16% 72.3M 1s
  9850K ......[0m[91m.... .......... ..........[0m[91m ........[0m[91m.. .......... 16% 77.0M 1s
  9900K ....[0m[91m...... ..........[0m[91m .......... ......[0m[91m.... .......... 16% 78.0M 1s
  9950K ..[0m[91m........ ........[0m[91m.. .......... ....[0m[91m...... .......... 16% 79.8M 1s
 10000K ........[0m[91m.. ......[0m[91m.... .......... ..[0m[91m........ .......... 16% 64.2M 1s
 10050K ......[0m[91m.... .......... ..[0m[91m........[0m[91m .......... ......[0m[91m.... 16% 70.1M 1s
 10100K ....[0m[91m...... .......... ........[0m[91m.. ......[0m[91m.... .......... 16% 75.9M 1s
 10150K ..[0m[91m........ ........[0m[91m.. .......... ....[0m[91m...... .......... 16% 81.2M 1s
 10200K .......[0m[91m... ......[0m[91m.... ....[0m[91m...... .......... ........[0m[91m.. 16% 58.5M 1s
 10250K .......... ....[0m[91m...... ..........[0m[91m ........[0m[91m.. .......... 16% 67.6M 1s
 10300K ....[0m[91m...... .......... ........[0m[91m.. .......... ....[0m[91m...... 16% 85.3M 1s
 10350K ..........[0m[91m ........[0m[91m.. .......... ....[0m[91m...... .......... 17% 69.0M 1s[0m[91m
 10400K .......... ......[0m[91m.... .......... .......... ........[0m[91m.. 17% 79.6M 1s
 10450K ......[0m[91m.... .......... ..[0m[91m........ ........[0m[91m.. ......[0m[91m.... 17% 62.0M 1s
 10500K .......... ..[0m[91m........ ........[0m[91m.. .......... ....[0m[91m...... 17% 73.8M 1s
 10550K ..........[0m[91m .......... .......... ....[0m[91m...... .......... 17% 96.7M 1s[0m[91m
 10600K ........[0m[91m.. .......... ....[0m[91m...... ..........[0m[91m .......... 17% 59.3M 1s
 10650K ......[0m[91m.... .......... ..[0m[91m........ .......... ......[0m[91m.... 17% 81.5M 1s
 10700K ....[0m[91m...... ..........[0m[91m .......... .......... ....[0m[91m...... 17% 71.1M 1s
 10750K ..[0m[91m........[0m[91m .......... .......... ....[0m[91m...... .......... 17% 78.2M 1s
 10800K .......... ......[0m[91m.... ....[0m[91m...... .........[0m[91m. ........[0m[91m.. 17% 60.5M 1s
 10850K .......... .......[0m[91m... ..........[0m[91m .......... ......[0m[91m.... 17% 79.3M 1s
 10900K .......... ..[0m[91m........ ..........[0m[91m .......... ....[0m[91m...... 17% 68.7M 1s
 10950K ..........[0m[91m .......... .......... .......... ..[0m[91m........ 18% 89.1M 1s[0m[91m
 11000K .......... ......[0m[91m.... .......... ..[0m[91m........ ........[0m[91m.. 18% 52.6M 1s
 11050K ......[0m[91m.... .......... ..........[0m[91m .......... .......... 18%  106M 1s
 11100K ....[0m[91m...... ..........[0m[91m .......... ......[0m[91m.... ....[0m[91m...... 18% 66.1M 1s
 11150K ..........[0m[91m .......... ..........[0m[91m .......... ..[0m[91m........ 18% 73.8M 1s
 11200K ........[0m[91m.. .......... ....[0m[91m...... ..........[0m[91m ........[0m[91m.. 18% 62.1M 1s
 11250K ......[0m[91m.... .......... .......... ........[0m[91m.. ......[0m[91m.... 18% 79.2M 1s
 11300K .......... ..[0m[91m........ ........[0m[91m.. ......[0m[91m.... .......... 18% 63.3M 1s
 11350K ..[0m[91m........ ........[0m[91m.. .......... ....[0m[91m...... .......... 18% 77.8M 1s[0m[91m
 11400K .......... ......[0m[91m.... ....[0m[91m...... ..........[0m[91m .......... 18% 64.9M 1s
 11450K .......... ....[0m[91m...... ..[0m[91m........[0m[91m .......... .......... 18% 70.9M 1s
 11500K ....[0m[91m...... ..........[0m[91m .......... ...[0m[91m....... ....[0m[91m...... 18% 66.7M 1s
 11550K ..........[0m[91m .......... .......... ....[0m[91m...... .......... 19% 86.6M 1s[0m[91m
 11600K .......... ......[0m[91m.... .......... ..[0m[91m........ ........[0m[91m.. 19% 64.8M 1s
 11650K .......... ....[0m[91m...... .......... ........[0m[91m.. .......... 19% 99.0M 1s
 11700K ....[0m[91m...... ..[0m[91m........ ........[0m[91m.. .......... ....[0m[91m...... 19% 62.7M 1s
 11750K ..........[0m[91m .......... ......[0m[91m.... ......[0m[91m.... .......... 19% 74.2M 1s
 11800K ........[0m[91m.. .......... ....[0m[91m...... ..........[0m[91m .......... 19% 47.0M 1s
 11850K[0m[91m .......... .......... ..[0m[91m........ .......... ......[0m[91m.... 19%  103M 1s
 11900K .......... ..[0m[91m........[0m[91m .......... ......[0m[91m.... ....[0m[91m...... 19% 60.2M 1s
 11950K .......... ........[0m[91m.. .......... ....[0m[91m...... ......[0m[91m.... 19% 78.8M 1s
 12000K ........[0m[91m.. .......... .......... ..[0m[91m........ ........[0m[91m.. 19% 72.8M 1s
 12050K ......[0m[91m.... .......... ..........[0m[91m .......... ......[0m[91m.... 19% 70.7M 1s
 12100K .......... ..[0m[91m........ ........[0m[91m.. .......... ....[0m[91m...... 19% 78.0M 1s
 12150K ..........[0m[91m .......... ......[0m[91m.... .......... .......... 20% 84.1M 1s[0m[91m
 12200K ........[0m[91m.. .......... ....[0m[91m...... ..........[0m[91m .......... 20% 64.3M 1s
 12250K .......... .......... ..[0m[91m........[0m[91m ........[0m[91m.. .......... 20% 75.0M 1s
 12300K ....[0m[91m...... ..........[0m[91m .......... .......... ....[0m[91m...... 20% 84.0M 1s
 12350K ..[0m[91m........ ........[0m[91m.. .......... .......... ..[0m[91m........ 20% 77.2M 1s
 12400K ........[0m[91m.. .......... ....[0m[91m...... ..........[0m[91m .......... 20% 62.1M 1s
 12450K ......[0m[91m.... .......... ..[0m[91m........ ........[0m[91m.. .......... 20% 76.5M 1s
 12500K ....[0m[91m...... ..........[0m[91m .......... ......[0m[91m.... .......... 20% 71.6M[0m[91m 1s
 12550K ..........[0m[91m .......... .......... .......... ..[0m[91m........ 20%  102M 1s[0m[91m
 12600K ........[0m[91m.. .......... .......... ..[0m[91m........ .......... 20%[0m[91m 62.8M 1s
 12650K .......... ....[0m[91m...... ..........[0m[91m .......... ......[0m[91m.... 20% 70.8M 1s
 12700K .......... ..[0m[91m........ ........[0m[91m.. ......[0m[91m.... .......... 20% 65.4M 1s
 12750K ..[0m[91m........ .......... .......... ....[0m[91m...... ..[0m[91m........ 20% 86.9M 1s
 12800K ....[0m[91m....[0m[91m.. .......... .......... ..........[0m[91m .......... 21% 65.0M 1s
 12850K ..[0m[91m........ ....[0m[91m...... ..........[0m[91m .......... ......[0m[91m.... 21% 61.5M 1s
 12900K .......... .......... .......... .......... .......... 21%  120M 1s
 12950K .......... .......... .......... .......... .......... 21% 88.2M 1s
 13000K .......... .......... .......... .......... .......... 21% 78.7M 1s
 13050K .......... .......... .......... .......... .......... 21% 83.6M 1s
 13100K .......... .......... .......... .......... .......... 21% 88.0M 1s
 13150K .......... .......... .......... .......... .......... 21%  101M 1s
 13200K .......... .......... .......... .......... .......... 21% 69.0M 1s
 13250K .......... .......... .......... .......... .......... 21% 94.8M 1s
 13300K .......... .......... .......... .......... .......... 21% 88.5M 1s
 13350K .......... .......... .......... .......... .......... 21% 98.8M 1s
 13400K .......... .......... .......... .......... .......... 22% 73.5M 1s
 13450K .......... .......... .......... .......... .......... 22% 83.5M 1s
 13500K .......... .......... .......... .......... .......... 22%  107M 1s
 13550K .......... .......... .......... .......... .......... 22% 85.6M 1s
 13600K .......... .......... .......... .......... .......... 22% 85.4M 1s
 13650K ......[0m[91m.... ....[0m[91m...... ..........[0m[91m ........[0m[91m.. ......[0m[91m.... 22% 70.5M 1s
 13700K ....[0m[91m...... ..[0m[91m........[0m[91m .......... .......... ....[0m[91m...... 22% 66.3M 1s
 13750K ..[0m[91m........ ........[0m[91m.. ......[0m[91m.... .......... ..[0m[91m........ 22% 52.3M 1s
 13800K ........[0m[91m.. .......... ....[0m[91m...... ..[0m[91m........[0m[91m .......... 22% 47.7M 1s
 13850K ......[0m[91m.... .......... ..[0m[91m........ ........[0m[91m.. ......[0m[91m.... 22% 48.5M 1s
 13900K .......... ..[0m[91m........[0m[91m .......... .......... ....[0m[91m...... 22% 63.9M 1s
 13950K ..........[0m[91m ........[0m[91m.. .......... ....[0m[91m...... .........[0m[91m. 22% 74.5M 1s
 14000K ........[0m[91m.. .......... ....[0m[91m...... ..[0m[91m........ ........[0m[91m.. 23% 40.8M 1s
 14050K ......[0m[91m.... ....[0m[91m...... ..........[0m[91m .......... ......[0m[91m.... 23% 63.1M 1s
 14100K ....[0m[91m...... ..[0m[91m........ ........[0m[91m.. ......[0m[91m.... ....[0m[91m.....[0m[91m. 23% 51.3M 1s
 14150K ..........[0m[91m ........[0m[91m.. ......[0m[91m.... .......... .......... 23% 69.9M 1s[0m[91m
 14200K .......... ......[0m[91m.... .......... ..[0m[91m........ ........[0m[91m.. 23% 64.1M 1s
 14250K ......[0m[91m.... .......... ..........[0m[91m .......... ......[0m[91m.... 23% 77.7M 1s
 14300K .......... ..[0m[91m........ ........[0m[91m.. .......... ....[0m[91m...... 23% 72.4M 1s
 14350K .......... ........[0m[91m.. .......... ....[0m[91m...... .......... 23% 92.2M 1s[0m[91m
 14400K ........[0m[91m.. .......... ....[0m[91m...... ..........[0m[91m .......... 23% 56.6M 1s
 14450K ......[0m[91m.... .......... .......... ........[0m[91m.. .......... 23%  131M 1s
 14500K ....[0m[91m...... ..[0m[91m........ ........[0m[91m.. .......... .......... 23% 49.3M[0m[91m 1s
 14550K ..........[0m[91m .......... .......... ....[0m[91m...... .......... 23% 72.6M 1s[0m[91m
 14600K .......... ......[0m[91m.... ....[0m[91m...... .......... ........[0m[91m.. 24% 67.6M 1s
 14650K ......[0m[91m.... .......... ..[0m[91m........ .......... ......[0m[91m.... 24% 82.7M 1s
 14700K .......... ..[0m[91m........[0m[91m .......... .......... ....[0m[91m...... 24%  146M 1s
 14750K ..[0m[91m........ .......... .......... .......... ..[0m[91m........ 24%  112M 1s
 14800K ........[0m[91m.. ......[0m[91m.... ....[0m[91m...... ..........[0m[91m ........[0m[91m.. 24% 45.1M 1s
 14850K ......[0m[91m.... ....[0m[91m...... ..[0m[91m........ ........[0m[91m.. .......... 24% 62.5M 1s
 14900K ....[0m[91m...... .......... ........[0m[91m.. .......... .......... 24% 87.8M 1s
 14950K ..[0m[91m........ ........[0m[91m.. .......... .......... ..[0m[91m........ 24% 82.2M 1s
 15000K .......... ......[0m[91m.... ....[0m[91m...... ..[0m[91m........ .......... 24% 60.0M 1s
 15050K ......[0m[91m.... ....[0m[91m...... ..........[0m[91m .......... ......[0m[91m.... 24% 73.3M 1s
 15100K .......... ..[0m[91m........ .......... ......[0m[91m.... .......... 24% 78.5M 1s
 15150K ..[0m[91m........[0m[91m .......... ......[0m[91m.... .......... ..[0m[91m........ 24% 58.6M 1s
 15200K .......... ......[0m[91m.... .......... ..[0m[91m........ ........[0m[91m.. 25% 71.3M 1s
 15250K .......... ....[0m[91m...... ..........[0m[91m .......... ......[0m[91m.... 25% 76.3M 1s
 15300K ....[0m[91m...... ..........[0m[91m .......... ......[0m[91m.... .......... 25% 70.8M 1s
 15350K ..[0m[91m........ .......... ......[0m[91m.... ....[0m[91m...... .......... 25% 72.1M 1s[0m[91m
 15400K .......... ......[0m[91m.... ....[0m[91m...... .......... .........[0m[91m. 25% 69.6M 1s
 15450K ......[0m[91m.... .......... ..[0m[91m........ ........[0m[91m.. .......... 25% 65.1M 1s
 15500K ....[0m[91m...... ..........[0m[91m ........[0m[91m.. .......... .........[0m[91m. 25% 84.6M 1s
 15550K ..........[0m[91m .......... .......... ....[0m[91m...... .......... 25% 71.8M 1s[0m[91m
 15600K .......... .......... ....[0m[91m...... .......... .....[0m[91m..... 25% 73.2M 1s
 15650K ......[0m[91m.... ....[0m[91m...... ..........[0m[91m .......... .......... 25% 77.8M 1s[0m[91m
 15700K .......... ..........[0m[91m ........[0m[91m.. .......... ....[0m[91m...... 25% 60.0M 1s
 15750K .......... .......... ......[0m[91m.... ....[0m[91m...... .......... 25% 97.6M 1s[0m[91m
 15800K ........[0m[91m.. .......... .......... ..[0m[91m........ ........[0m[91m.. 25% 60.7M 1s
 15850K ......[0m[91m.... .......... ..[0m[91m........ .......... ......[0m[91m.... 26% 83.4M 1s
 15900K ....[0m[91m...... .......... ........[0m[91m.. ......[0m[91m.... .......... 26% 69.2M 1s
 15950K ..........[0m[91m ........[0m[91m.. .......... ....[0m[91m...... .......... 26% 75.4M 1s[0m[91m
 16000K ........[0m[91m.. .......... ..........[0m[91m .......... ........[0m[91m.. 26% 66.8M 1s
 16050K .......... ....[0m[91m...... ..[0m[91m........ ........[0m[91m.. .......... 26% 69.6M 1s
 16100K ....[0m[91m...... ..[0m[91m........ .......... ......[0m[91m.... .......... 26% 66.8M 1s
 16150K ..[0m[91m........ ........[0m[91m.. .......... ....[0m[91m...... ..[0m[91m........ 26% 74.1M 1s
 16200K .......... ......[0m[91m.... .....[0m[91m..... ..........[0m[91m .......... 26% 66.7M 1s
 16250K ..[0m[91m........ .......... ..[0m[91m........ ........[0m[91m.. .......... 26% 79.1M 1s
 16300K ....[0m[91m...... ..[0m[91m........ .......... .........[0m[91m. .......... 26% 75.4M 1s
 16350K[0m[91m .......... ........[0m[91m.. ......[0m[91m.... .......... .......... 26%[0m[91m 68.4M 1s
 16400K ........[0m[91m.. .......... ....[0m[91m...... .......... ........[0m[91m.. 26% 64.4M 1s
 16450K ......[0m[91m.... .......... .......[0m[91m... ........[0m[91m.. .......... 27% 65.6M 1s
 16500K ....[0m[91m...... .......... ........[0m[91m.. ......[0m[91m.... .......... 27% 78.2M 1s
 16550K ..[0m[91m........ ........[0m[91m.. .......... .......... .......[0m[91m... 27% 93.2M 1s
 16600K ........[0m[91m.. .......... ....[0m[91m...... ..........[0m[91m .......... 27% 66.0M 1s
 16650K .......... ....[0m[91m...... ..........[0m[91m ........[0m[91m.. .......... 27% 75.6M 1s
 16700K ....[0m[91m...... ..........[0m[91m .......... ......[0m[91m.... ..........[0m[91m 27% 64.1M 1s
 16750K ..........[0m[91m .......... ......[0m[91m.... .......... ..[0m[91m........ 27% 71.3M 1s
 16800K ........[0m[91m.. .......... ....[0m[91m...... ..........[0m[91m ........[0m[91m.. 27% 61.4M 1s
 16850K .......... .......... ..[0m[91m........[0m[91m .......... ......[0m[91m.... 27% 78.1M 1s
 16900K .......... ..[0m[91m........ ........[0m[91m.. .......... ....[0m[91m...... 27% 76.4M 1s
 16950K ..[0m[91m........ ........[0m[91m.. .......... .......... ..[0m[91m........ 27% 78.1M 1s[0m[91m
 17000K .......... ......[0m[91m.... .......... ..[0m[91m........ ........[0m[91m.. 27% 56.4M 1s
 17050K .......... ....[0m[91m...... ..........[0m[91m .......... ......[0m[91m.... 28% 82.7M 1s
 17100K .......... ..[0m[91m........[0m[91m .......... ......[0m[91m.... .......... 28% 71.9M 1s
 17150K ..[0m[91m........ ........[0m[91m.. ......[0m[91m.... .......... ..[0m[91m........ 28% 51.7M 1s
 17200K ........[0m[91m.. .......... ....[0m[91m...... .......... ........[0m[91m.. 28% 74.3M 1s
 17250K ......[0m[91m.... .......... ..[0m[91m........[0m[91m .......... ......[0m[91m.... 28% 60.0M 1s
 17300K .......... ..[0m[91m........ ........[0m[91m.. .......... ....[0m[91m...... 28% 72.9M 1s
 17350K ..[0m[91m........ .......... ......[0m[91m.... .......... ..[0m[91m........ 28% 84.8M 1s
 17400K ........[0m[91m.. ......[0m[91m.... .......... .......... ........[0m[91m.. 28% 62.1M 1s
 17450K ......[0m[91m.... .......... ..[0m[91m........[0m[91m .......... .......... 28% 62.8M 1s
 17500K ....[0m[91m...... ..[0m[91m........ ........[0m[91m.. .......... ....[0m[91m...... 28% 64.1M 1s
 17550K ..........[0m[91m .......... .......... ....[0m[91m...... .......... 28% 99.8M[0m[91m 1s
 17600K ........[0m[91m.. .......... ....[0m[91m...... ..........[0m[91m .......... 28% 53.9M 1s
 17650K ...[0m[91m....... .......... ..........[0m[91m .......... ......[0m[91m.... 29% 87.5M 1s
 17700K ....[0m[91m...... ..........[0m[91m .......... ......[0m[91m.... ....[0m[91m...... 29% 61.4M 1s
 17750K ..........[0m[91m .......... .......... ....[0m[91m...... ..........[0m[91m 29% 82.5M 1s
 17800K ........[0m[91m.. .......... ....[0m[91m...... ..........[0m[91m .......... 29% 68.4M 1s
 17850K .......... ....[0m[91m...... ..........[0m[91m .......... ......[0m[91m.... 29% 80.0M 1s
 17900K ....[0m[91m...... .......... ........[0m[91m.. .......... .......... 29% 94.2M 1s
 17950K ..[0m[91m........ ........[0m[91m.. .......... ....[0m[91m...... ..[0m[91m........ 29% 66.7M 1s[0m[91m
 18000K .......... ......[0m[91m.... .......... ..........[0m[91m .......... 29% 63.4M 1s
 18050K ......[0m[91m.... ....[0m[91m...... .......... ........[0m[91m.. .......... 29% 87.2M 1s
 18100K ....[0m[91m...... ..[0m[91m........ ........[0m[91m.. .......... ....[0m[91m...... 29% 63.6M 1s
 18150K ..........[0m[91m .......... ......[0m[91m.... .......... ..[0m[91m........ 29% 79.8M 1s
 18200K[0m[91m .......... .......... ....[0m[91m...... ...[0m[91m....... .......... 29% 60.6M 1s
 18250K ......[0m[91m.... .......... ..........[0m[91m ........[0m[91m.. .......... 30% 70.8M 1s
 18300K ....[0m[91m...... .......... ........[0m[91m.. ......[0m[91m.... .......... 30% 81.6M 1s
 18350K ..[0m[91m........ ........[0m[91m.. .......... .......... ..[0m[91m........ 30% 84.2M 1s
 18400K ........[0m[91m.. ......[0m[91m.... .......... ..[0m[91m........ ........[0m[91m.. 30% 59.1M 1s
 18450K .......... ....[0m[91m...... ..........[0m[91m .......... ......[0m[91m.... 30% 77.8M 1s
 18500K .......... ..........[0m[91m ........[0m[91m.. .......... ....[0m[91m...... 30% 71.7M 1s
 18550K ..........[0m[91m .......... .......... ....[0m[91m...... ..[0m[91m........ 30% 75.9M 1s
 18600K ........[0m[91m.. ......[0m[91m.... .......... ..........[0m[91m .......... 30% 71.3M 1s
 18650K ......[0m[91m.... ......[0m[91m.... ..........[0m[91m .......... .......... 30% 66.6M 1s
 18700K ....[0m[91m...... ..........[0m[91m ........[0m[91m.. .......... .......... 30% 76.9M 1s
 18750K ..[0m[91m........ ........[0m[91m.. .......... ....[0m[91m...... ..[0m[91m........ 30% 75.0M 1s
 18800K ........[0m[91m.. .......... .......[0m[91m... ..........[0m[91m .......... 30% 64.8M 1s
 18850K .......... ....[0m[91m...... ..[0m[91m........ ........[0m[91m.. .......... 30% 66.1M 1s
 18900K ...[0m[91m....... ..[0m[91m........ .......... .......... ....[0m[91m...... 31% 84.5M 1s
 18950K ..[0m[91m........ ........[0m[91m.. .......... .......... ..[0m[91m........ 31% 84.7M 1s
 19000K ......[0m[91m.... ......[0m[91m.... ....[0m[91m...... .......... ........[0m[91m.. 31% 56.6M 1s
 19050K .......... ....[0m[91m...... ..[0m[91m........ .......... ......[0m[91m.... 31% 75.3M 1s
 19100K .......[0m[91m... ..........[0m[91m .......... ......[0m[91m.... .......... 31% 72.2M 1s
 19150K ..........[0m[91m ........[0m[91m.. .......... ....[0m[91m...... .......... 31% 70.7M 1s[0m[91m
 19200K .......... ......[0m[91m.... .......... ..........[0m[91m .......... 31% 70.4M 1s
 19250K ......[0m[91m.... ....[0m[91m...... ..........[0m[91m .......... .......... 31% 79.3M 1s
 19300K ....[0m[91m...... ..........[0m[91m ........[0m[91m.. .......... .......... 31% 84.6M 1s
 19350K ..[0m[91m........[0m[91m .......... ......[0m[91m.... .......... .[0m[91m......... 31% 60.3M 1s
 19400K ........[0m[91m.. ......[0m[91m.... .......... ..[0m[91m........ .......... 31% 72.8M 1s
 19450K ......[0m[91m.... ....[0m[91m...... ..........[0m[91m .......... ......[0m[91m.... 31% 64.1M 1s
 19500K .......... .......... ..[0m[91m........ .[0m[91m......... ....[0m[91m...... 32% 78.5M 1s
 19550K ..[0m[91m........ .......... ......[0m[91m.... .......... ..[0m[91m........ 32% 76.4M 1s[0m[91m
 19600K ........[0m[91m.. .......... .......... ..[0m[91m........ .......... 32%[0m[91m 62.6M 1s
 19650K .......... ....[0m[91m...... ..........[0m[91m .......... ...[0m[91m....... 32% 65.2M 1s
 19700K ....[0m[91m...... .......... ........[0m[91m.. .......... ....[0m[91m...... 32% 77.9M 1s
 19750K ..[0m[91m........ .......... ......[0m[91m.... ....[0m[91m...... .......... 32% 75.1M 1s[0m[91m
 19800K .......... ......[0m[91m.... .......... ..[0m[91m........ ........[0m[91m.. 32% 46.8M 1s
 19850K ......[0m[91m.... .......... ..[0m[91m........ .......... ......[0m[91m.... 32% 90.8M 1s
 19900K .......... ..[0m[91m........ .......[0m[91m... .......... ....[0m[91m...... 32% 74.8M 1s
 19950K ..[0m[91m........ ........[0m[91m.. .......... .......... ..[0m[91m........ 32% 78.5M 1s[0m[91m
 20000K .......... ......[0m[91m.... .......... ..[0m[91m........ ........[0m[91m.. 32% 59.1M 1s
 20050K .......... ....[0m[91m...... ..........[0m[91m .......... ......[0m[91m.... 32% 74.8M 1s
 20100K .......... ..[0m[91m........ ........[0m[91m.. .......... ....[0m[91m...... 33% 70.2M 1s
 20150K ..........[0m[91m .......... ......[0m[91m.... ....[0m[91m...... .......... 33% 75.2M 1s[0m[91m
 20200K .......... .......... .[0m[91m......... ..........[0m[91m .......... 33% 77.2M 1s
 20250K ......[0m[91m.... .......... ..[0m[91m........ ........[0m[91m.. .......... 33% 70.0M 1s
 20300K ....[0m[91m...... ..........[0m[91m ........[0m[91m.. .......... ....[0m[91m...... 33% 69.3M 1s
 20350K .......... ........[0m[91m.. .......... ....[0m[91m...... ..[0m[91m........ 33% 80.5M 1s
 20400K ........[0m[91m.. .......... .......... ..[0m[91m........ ........[0m[91m.. 33% 69.8M 1s
 20450K .......... .......... [0m[91m..........[0m[91m .......... ......[0m[91m.... 33% 76.7M 1s
 20500K .......... ..[0m[91m........ ........[0m[91m.. .......... ....[0m[91m...... 33% 78.3M 1s
 20550K ..........[0m[91m .......... ......[0m[91m.... .......... ..[0m[91m........ 33% 72.7M 1s
 20600K .......[0m[91m... .......... ....[0m[91m...... ..........[0m[91m ........[0m[91m.. 33% 60.8M 1s
 20650K .......... ....[0m[91m...... .......... .......... ......[0m[91m.... 33%  103M 1s
 20700K ....[0m[91m...... ..........[0m[91m .......... ......[0m[91m.... .......... 34% 65.0M 1s
 20750K ..[0m[91m........ ........[0m[91m.. .......... ....[0m[91m...... .......... 34% 79.2M 1s[0m[91m
 20800K .......... .......... ....[0m[91m...... ..........[0m[91m ........[0m[91m.. 34% 66.5M 1s
 20850K .......... ....[0m[91m...... .......... .......... ......[0m[91m.... 34%  113M 1s
 20900K .......... ..[0m[91m........[0m[91m .......... ......[0m[91m.... .......... 34% 62.1M 1s
 20950K ..[0m[91m........ ........[0m[91m.. .......... .......... ......[0m[91m.... 34% 91.0M 1s
 21000K ........[0m[91m.. ......[0m[91m.... .......... ..[0m[91m........ .......... 34% 58.3M 1s
 21050K ......[0m[91m.... .......... ..[0m[91m........ ........[0m[91m.. ......[0m[91m.... 34% 70.4M 1s
 21100K .......... ..[0m[91m........ .......... ......[0m[91m.... .......... 34% 81.1M 1s
 21150K ..[0m[91m........[0m[91m .......... ......[0m[91m.... .......... .......... 34% 78.7M 1s[0m[91m
 21200K .......... ......[0m[91m.... ....[0m[91m...... .......... ........[0m[91m.. 34% 66.0M 1s
 21250K .......... ....[0m[91m...... ..........[0m[91m .......... ......[0m[91m.... 34% 72.7M 1s
 21300K ....[0m[91m...... ..........[0m[91m .......... ......[0m[91m.... .......... 35% 67.9M 1s
 21350K ..[0m[91m........ .......... ......[0m[91m.... ....[0m[91m...... ..[0m[91m........ 35% 71.3M 1s
 21400K ........[0m[91m.. .......... ......[0m[91m.... ..........[0m[91m .......... 35% 67.7M 1s
 21450K .......... ....[0m[91m...... .......... .......[0m[91m... ......[0m[91m.... 35% 82.3M 1s
 21500K .......... ..[0m[91m........ ........[0m[91m.. .......... ....[0m[91m...... 35% 78.0M 1s
 21550K ..........[0m[91m ........[0m[91m.. .......... .......... ..[0m[91m........ 35% 71.5M 1s[0m[91m
 21600K .......... ......[0m[91m.... .......... .......... ........[0m[91m.. 35% 71.8M 1s
 21650K ......[0m[91m.... .......... ..[0m[91m........[0m[91m .......... .......... 35% 67.7M 1s
 21700K ....[0m[91m...... ..........[0m[91m .......... ......[0m[91m.... .......... 35% 82.3M 1s
 21750K ..[0m[91m........ ........[0m[91m.. .......... ....[0m[91m...... ..[0m[91m........ 35% 68.6M 1s
 21800K ........[0m[91m.. .......... ....[0m[91m...... ..........[0m[91m .......... 35% 65.8M 1s
 21850K ......[0m[91m.... .......... ..[0m[91m........ ........[0m[91m.. .......... 35% 74.4M 1s
 21900K .......... ..[0m[91m........[0m[91m .......... ......[0m[91m.... ....[0m[91m...... 35% 67.7M 1s
 21950K ..........[0m[91m .......... .......... ....[0m[91m...... ..[0m[91m........ 36% 76.6M 1s
 22000K .......... ......[0m[91m.... .......[0m[91m... ..........[0m[91m .......... 36% 68.7M 1s
 22050K .......... ..[0m[91m........ ..[0m[91m........ .......... ......[0m[91m.... 36% 80.5M 1s
 22100K ........[0m[91m.. ..........[0m[91m .......... ......[0m[91m.... .......... 36% 65.6M 1s
 22150K ..........[0m[91m .......... ......[0m[91m.... ......[0m[91m.... ........[0m[91m.. 36% 67.9M 1s
 22200K .......... ......[0m[91m.... .......... ..[0m[91m........[0m[91m .......... 36% 68.2M 1s
 22250K ......[0m[91m.... .......... ..........[0m[91m .......... ......[0m[91m.... 36% 77.2M 1s
 22300K ....[0m[91m...... .......... ........[0m[91m.. .......... ....[0m[91m...... 36% 75.4M 1s
 22350K ..[0m[91m........ ........[0m[91m.. .......... ....[0m[91m...... .......... 36% 61.6M 1s[0m[91m
 22400K .......... ......[0m[91m.... .......... ..[0m[91m........ ........[0m[91m.. 36% 65.7M 1s
 22450K .......... .......... ..[0m[91m........[0m[91m .......... ......[0m[91m.... 36% 74.8M 1s
 22500K .......... ..[0m[91m........ .......... ......[0m[91m.... ....[0m[91m...... 36% 59.9M 1s
 22550K ..[0m[91m........ .......... ......[0m[91m.... .......... ..[0m[91m........ 37% 82.1M 1s
 22600K ........[0m[91m.. .......... .......[0m[91m... .......... ........[0m[91m.. 37% 62.8M 1s
 22650K .......... .......... ..[0m[91m........ ........[0m[91m.. .......... 37% 68.5M 1s
 22700K ....[0m[91m...... .......... .......... ......[0m[91m.... .......... 37% 96.0M 1s[0m[91m
 22750K ..........[0m[91m .......... ......[0m[91m.... .......... ..[0m[91m........ 37% 68.9M 1s
 22800K ........[0m[91m.. .......... ....[0m[91m...... ..........[0m[91m ........[0m[91m.. 37% 64.6M 1s
 22850K .......... .......... ..[0m[91m........ ........[0m[91m.. ......[0m[91m.... 37% 66.4M 1s
 22900K .......... ..........[0m[91m .......... ......[0m[91m.... .......... 37% 80.2M 1s
 22950K ..[0m[91m........ ........[0m[91m.. .......... ....[0m[91m...... .......... 37% 84.8M 1s[0m[91m
 23000K .......... ......[0m[91m.... .......... .....[0m[91m..... ........[0m[91m.. 37% 58.8M 1s
 23050K .......... ....[0m[91m...... ..........[0m[91m .......... .......... 37% 83.4M 1s
 23100K ....[0m[91m...... ..........[0m[91m .......... ......[0m[91m.... ....[0m[91m...... 37% 67.6M 1s
 23150K ..........[0m[91m .......... ......[0m[91m.... .......... .......... 38%[0m[91m 84.0M 1s
 23200K ........[0m[91m.. ......[0m[91m.... .......... ..........[0m[91m .......... 38% 64.0M 1s
 23250K ......[0m[91m.... ....[0m[91m...... ..........[0m[91m .......... .......... 38% 65.8M 1s
 23300K ....[0m[91m...... ..[0m[91m........ ........[0m[91m.. .......... .......... 38% 76.6M[0m[91m 1s
 23350K ..........[0m[91m .......... .......... .......... ..[0m[91m........ 38% 86.3M 1s
 23400K ........[0m[91m.. .......... ....[0m[91m...... ..........[0m[91m .......... 38% 61.5M 1s
 23450K ......[0m[91m.... .......... ..........[0m[91m .......... ......[0m[91m.... 38% 67.7M 1s
 23500K .......... ..[0m[91m........ ........[0m[91m.. .......... .......... 38% 76.8M 1s
 23550K ..[0m[91m........ ........[0m[91m.. .......... .......... ..[0m[91m........ 38% 76.0M 1s[0m[91m
 23600K .......... ......[0m[91m.... .......... .......... ..[0m[91m........ 38% 62.9M 1s
 23650K ......[0m[91m.... .......... ..........[0m[91m .......... ......[0m[91m.... 38% 70.8M 1s
 23700K .......... ..[0m[91m........ .......... ......[0m[91m.... .......... 38% 81.4M 1s
 23750K .....[0m[91m..... .......... ......[0m[91m.... .......... .......... 39% 74.0M 1s[0m[91m
 23800K .......... ......[0m[91m.... .......... ..[0m[91m........ .......... 39%[0m[91m 67.2M 1s
 23850K .......... ....[0m[91m...... ..........[0m[91m .......... .......... 39% 74.0M 1s
 23900K ....[0m[91m...... ..........[0m[91m .......... ......[0m[91m.... .......... 39% 69.3M 1s
 23950K ..........[0m[91m .......... ......[0m[91m.... .......... ..[0m[91m........ 39% 77.1M 1s
 24000K ........[0m[91m.. .......... .......... ..[0m[91m........ .......... 39% 78.7M 1s
 24050K ......[0m[91m.... ....[0m[91m...... ..........[0m[91m .......... ......[0m[91m.... 39% 59.9M 1s
 24100K .......... ..........[0m[91m .......... ......[0m[91m.... .......... 39% 77.4M 1s
 24150K ..[0m[91m........ .......... ......[0m[91m.... .......... ..[0m[91m........ 39% 73.1M 1s
 24200K ........[0m[91m.. .......... .......... ..[0m[91m........ ........[0m[91m.. 39% 68.2M 1s
 24250K .......... .......... ..[0m[91m........ ........[0m[91m.. .......... 39% 79.5M 1s
 24300K ....[0m[91m...... .......... ........[0m[91m.. .......... ....[0m[91m...... 39% 77.0M 1s
 24350K ..........[0m[91m .......... ......[0m[91m.... .......... ..[0m[91m........ 40% 66.2M 1s
 24400K .......... ......[0m[91m.... .......... ..[0m[91m........ ........[0m[91m.. 40% 71.2M 1s
 24450K .......... ....[0m[91m...... ..........[0m[91m .......... .......... 40% 76.4M 1s
 24500K .......... ..[0m[91m........ ........[0m[91m.. ......[0m[91m.... ....[0m[91m...... 40% 70.1M 1s
 24550K .......... ........[0m[91m.. .......... ....[0m[91m...... .......... 40% 82.5M 1s[0m[91m
 24600K .......... ......[0m[91m.... .......... ..[0m[91m........ .......... 40% 62.7M 1s
 24650K ......[0m[91m.... .......... ..[0m[91m........ ........[0m[91m.. .......... 40% 75.3M 1s
 24700K ....[0m[91m...... .......... ........[0m[91m.. .......... ....[0m[91m...... 40% 69.1M 1s
 24750K ..........[0m[91m .......... .......... ....[0m[91m...... ..........[0m[91m 40% 78.3M 1s
 24800K .......... ......[0m[91m.... .......... ..........[0m[91m ........[0m[91m.. 40% 63.3M 1s
 24850K .......... ....[0m[91m...... ..[0m[91m........[0m[91m .......... .......... 40% 68.6M 1s
 24900K ....[0m[91m...... ..[0m[91m........ .......... .......... ....[0m[91m...... 40% 78.7M 1s
 24950K ..[0m[91m........[0m[91m .......... .......... ....[0m[91m...... .......... 40% 62.5M 1s[0m[91m
 25000K .......... .......... ....[0m[91m...... ..[0m[91m........[0m[91m .......... 41% 62.1M 1s
 25050K ......[0m[91m.... .......... .......... ........[0m[91m.. .......... 41% 88.5M 1s
 25100K ....[0m[91m...... ..[0m[91m........ ........[0m[91m.. .......... .......... 41% 70.2M 1s
 25150K ..[0m[91m........ ........[0m[91m.. ......[0m[91m.... .......... .......... 41% 70.5M 1s
 25200K .......... ......[0m[91m.... .......... ..[0m[91m........[0m[91m .......... 41% 47.8M 1s
 25250K ......[0m[91m.... .......... ..........[0m[91m ........[0m[91m.. .......... 41% 70.0M 1s
 25300K ....[0m[91m...... .......... ........[0m[91m.. ......[0m[91m.... ....[0m[91m...... 41% 78.4M 1s
 25350K .......... .......... ......[0m[91m.... .......... .......... 41% 84.0M[0m[91m 1s
 25400K ........[0m[91m.. .......... ....[0m[91m...... ..[0m[91m........ .......... 41% 67.9M 1s
 25450K .......... ....[0m[91m...... .........[0m[91m. ........[0m[91m.. .......... 41% 71.0M 1s
 25500K ....[0m[91m...... ..[0m[91m........[0m[91m .......... .......... .......... 41% 77.0M 1s
 25550K ..[0m[91m........[0m[91m .......... .......... ....[0m[91m...... ..[0m[91m........ 41% 63.8M 1s
 25600K .......... ......[0m[91m.... ....[0m[91m...... ..........[0m[91m .......... 42% 67.3M 1s
 25650K ......[0m[91m.... .....[0m[91m..... .......... .......... .......... 42% 70.3M 1s
 25700K ....[0m[91m...... ..[0m[91m........ ........[0m[91m.. ......[0m[91m.... .......... 42% 75.9M 1s
 25750K .......... ........[0m[91m.. .......... ....[0m[91m...... .......... 42% 70.0M 1s[0m[91m
 25800K .......... ......[0m[91m.... .......... ..[0m[91m........ ........[0m[91m.. 42% 63.0M 1s
 25850K .......... ....[0m[91m...... ..[0m[91m........[0m[91m .......... .......... 42% 62.8M 1s
 25900K ....[0m[91m...... ..........[0m[91m .......... ......[0m[91m.... .......... 42% 80.7M 1s
 25950K ..[0m[91m........ ........[0m[91m.. ......[0m[91m.... .......... .......... 42% 77.3M 1s[0m[91m
 26000K .......... ......[0m[91m.... .......... ..[0m[91m........ .......... 42% 65.8M 1s
 26050K ......[0m[91m.... .......... ..[0m[91m........[0m[91m .......... .......... 42% 67.8M 1s
 26100K ....[0m[91m...... ..........[0m[91m .......... .......... ....[0m[91m...... 42% 81.3M 1s
 26150K .......... ...[0m[91m....... ......[0m[91m.... .......... .......... 42% 77.5M 1s
 26200K ........[0m[91m.. ......[0m[91m.... .......... ..[0m[91m........ ........[0m[91m.. 43% 58.6M 1s
 26250K .......... .......... .....[0m[91m..... ....[0m[91m....[0m[91m.. .......... 43% 75.8M 1s
 26300K .......... ..[0m[91m........ ........[0m[91m.. .......... .......... 43% 86.2M 1s
 26350K ..[0m[91m........ ........[0m[91m.. .......... ....[0m[91m...... .......... 43% 75.5M 1s[0m[91m
 26400K .......... .......... ....[0m[91m...... .......... ........[0m[91m.. 43% 65.6M 1s
 26450K .......... ....[0m[91m...... ..[0m[91m........ .......... ......[0m[91m.... 43% 70.6M 1s
 26500K .......... ..........[0m[91m .......... ......[0m[91m.... ....[0m[91m...... 43% 69.2M 1s
 26550K .......... .....[0m[91m..... ......[0m[91m.... .......... ..[0m[91m........ 43% 74.6M 1s
 26600K ........[0m[91m.. .......... .......... ........[0m[91m.. ........[0m[91m.. 43% 67.1M 1s
 26650K .......... ....[0m[91m...... ..........[0m[91m ........[0m[91m.. .......... 43% 65.1M 1s
 26700K .......... ..[0m[91m........ ........[0m[91m.. .......... ...[0m[91m....... 43% 77.6M 1s
 26750K ..........[0m[91m .......... .......... ....[0m[91m...... ..[0m[91m........ 43% 87.0M 1s
 26800K ........[0m[91m.. .......... ....[0m[91m...... ..........[0m[91m .......... 44% 57.3M 1s
 26850K ......[0m[91m.... .......... ..[0m[91m........ ........[0m[91m.. .......... 44% 69.8M 1s
 26900K ..........[0m[91m ..........[0m[91m .......... ......[0m[91m.... .......... 44% 70.7M 1s
 26950K ..........[0m[91m .......... ......[0m[91m.... ....[0m[91m...... ..........[0m[91m 44% 79.2M 1s
 27000K ........[0m[91m.. .......... .......... ..........[0m[91m .......... 44% 58.0M 1s
 27050K ......[0m[91m.... .......... ..[0m[91m........ ........[0m[91m.. .......... 44% 70.5M 1s
 27100K ....[0m[91m...... ..........[0m[91m ........[0m[91m.. .......... .......... 44% 73.7M 1s
 27150K ..[0m[91m........ .......... ......[0m[91m.... ....[0m[91m...... .......... 44% 65.5M 1s[0m[91m
 27200K .......... ......[0m[91m.... .......... ..[0m[91m........ .......... 44% 73.8M 1s
 27250K ......[0m[91m.... ....[0m[91m...... ..........[0m[91m .......... ......[0m[91m.... 44% 67.3M 1s
 27300K .......... ..[0m[91m........ ........[0m[91m.. .......... [0m[91m.......... 44% 70.3M 1s
 27350K ..........[0m[91m .......... ......[0m[91m.... .......... ..[0m[91m........ 44% 75.0M 1s
 27400K ........[0m[91m.. .......... ........[0m[91m.. ..[0m[91m........ .......... 45% 66.6M 1s
 27450K ......[0m[91m.... .......... ..[0m[91m........[0m[91m ........[0m[91m.. .......... 45% 68.4M 1s
 27500K .......... ..........[0m[91m .......... .....[0m[91m..... .......... 45% 73.3M 1s
 27550K ..[0m[91m........ .......... ......[0m[91m.... .......... ..[0m[91m........ 45% 80.5M 1s
 27600K .......... .......... ....[0m[91m...... .......... .......... 45%  105M 1s
 27650K ......[0m[91m.... .......... ..........[0m[91m ........[0m[91m.. .......... 45% 77.5M 1s
 27700K ....[0m[91m...... ..[0m[91m........ .......... ......[0m[91m.... ....[0m[91m...... 45% 54.5M 1s
 27750K ..........[0m[91m .......... ......[0m[91m.... .......... .......... 45% 64.2M 1s
 27800K .......... ......[0m[91m.... ....[0m[91m...... ..........[0m[91m ........[0m[91m.. 45% 55.6M 1s
 27850K .......... .......... ..[0m[91m......[0m[91m.. ........[0m[91m.. .......... 45% 52.5M 1s
 27900K ....[0m[91m...... ..........[0m[91m .......... ......[0m[91m.... ....[0m[91m...... 45% 73.3M 1s
 27950K ..........[0m[91m .......... ......[0m[91m.... .......... .......... 45% 68.9M 1s[0m[91m
 28000K .......... ......[0m[91m.... .......... ..[0m[91m........ .......... 45% 62.9M 1s
 28050K ....[0m[91m...... .......... ..[0m[91m........ ........[0m[91m.. .......... 46% 75.5M 1s
 28100K .......... ..[0m[91m........ ........[0m[91m.. .......... .......... 46% 84.3M 1s
 28150K ..[0m[91m........ .......... .......... ....[0m[91m...... ..[0m[91m........ 46% 62.1M 1s[0m[91m
 28200K .......... .......... ....[0m[91m...... ..........[0m[91m ........[0m[91m.. 46% 56.9M 1s
 28250K .......... ....[0m[91m...... .......... .......... ......[0m[91m.... 46% 84.4M 1s
 28300K .......... ..[0m[91m........ .......... ......[0m[91m.... .......... 46% 72.3M 1s
 28350K ..[0m[91m........ ........[0m[91m.. .......... ....[0m[91m...... .......... 46% 69.6M 1s[0m[91m
 28400K .......... .......... ....[0m[91m...... ..........[0m[91m .......... 46% 67.1M 1s
 28450K ......[0m[91m.... .......... ..........[0m[91m ........[0m[91m.. .......... 46% 67.2M 1s
 28500K ....[0m[91m...... .......... .......... ......[0m[91m.... .......... 46% 79.9M 1s
 28550K ..[0m[91m........ ........[0m[91m.. .......... ....[0m[91m...... .......... 46% 72.6M 1s[0m[91m
 28600K .......... ......[0m[91m.... .......... .......... ........[0m[91m.. 46% 69.2M 1s
 28650K ......[0m[91m.... .......... ..........[0m[91m .......... ......[0m[91m.... 47% 70.6M 1s
 28700K .......... ..[0m[91m........ .......... ......[0m[91m.... .......... 47% 90.9M 1s
 28750K ..[0m[91m........ ........[0m[91m.. .......... .......... ..[0m[91m........ 47% 72.0M 1s[0m[91m
 28800K ........[0m[91m.. .......... .......[0m[91m... .......... ........[0m[91m.. 47% 48.5M 1s
 28850K .......... ....[0m[91m...... ..........[0m[91m .......... ......[0m[91m.... 47% 67.2M 1s
 28900K .......... ..[0m[91m........ ........[0m[91m.. .......... .......... 47% 68.3M 1s
 28950K ..[0m[91m........ .......... ......[0m[91m.... .......... ..[0m[91m........ 47% 80.2M 1s
 29000K ........[0m[91m.. .......... .......... ..........[0m[91m .......... 47% 67.2M 1s
 29050K ......[0m[91m.... ....[0m[91m...... ..[0m[91m........ .......... ......[0m[91m.... 47% 78.7M 1s
 29100K .......... ..........[0m[91m .......... ......[0m[91m.... .......... 47% 65.5M[0m[91m 1s
 29150K ..........[0m[91m .......... .......... .......... ..[0m[91m........ 47% 69.5M 1s
 29200K ........[0m[91m.. .......... ....[0m[91m...... ..........[0m[91m .......... 47% 61.3M 1s
 29250K ......[0m[91m.... .......... ..[0m[91m........ .......... ......[0m[91m.... 48% 77.7M 1s
 29300K .......... ..[0m[91m........ ........[0m[91m.. ......[0m[91m.... .......... 48% 50.8M 1s
 29350K .......... ........[0m[91m.. ......[0m[91m.... ....[0m[91m...... .......... 48% 77.6M 1s
 29400K ........[0m[91m.. .......... .......... ..........[0m[91m ........[0m[91m.. 48% 57.6M 1s
 29450K .......... .......... ..[0m[91m........ ........[0m[91m.. .......... 48% 82.4M 1s
 29500K ....[0m[91m...... ..........[0m[91m ........[0m[91m.. .......... ....[0m[91m...... 48% 66.5M 1s
 29550K .......... ........[0m[91m.. .......... ....[0m[91m...... .......... 48% 71.9M 1s[0m[91m
 29600K ........[0m[91m.. .......... .......... ..[0m[91m........[0m[91m .......... 48% 55.5M 1s
 29650K .......... ....[0m[91m...... .......... ........[0m[91m.. .......... 48% 87.6M 1s
 29700K ....[0m[91m...... ..........[0m[91m .......... .......... ....[0m[91m...... 48% 79.7M 1s
 29750K ..........[0m[91m .......... ......[0m[91m.... .......... .......... 48% 67.2M 1s[0m[91m
 29800K .......... .......[0m[91m... .......... ..[0m[91m........ .......... 48% 64.7M 1s
 29850K ......[0m[91m.... .......... ..[0m[91m........ ........[0m[91m.. ..........[0m[91m 49% 66.4M 1s
 29900K .......... ..........[0m[91m .......... ......[0m[91m.... .......... 49% 79.2M 1s
 29950K ..........[0m[91m .......... .......... .......... ..[0m[91m........ 49%  129M 1s
 30000K ........[0m[91m.. .......... .......... .......... .......... 49%  121M 1s
 30050K ......[0m[91m.... .......... .......... ........[0m[91m.. .......... 49%  148M 1s
 30100K .......... ..........[0m[91m .......... .......... ....[0m[91m...... 49%  128M 0s
 30150K .......... .......... .......... ....[0m[91m...... .......... 49%  145M 0s
 30200K .......... .......... .......... .......... .......... 49%  109M 0s
 30250K .......... .......... .......... .......... .......... 49%  132M 0s
 30300K .......... ..........[0m[91m .......... .......... .......... 49%  110M 0s
 30350K .......... .......... .......... .......... .......... 49% 97.4M 0s
 30400K .......... .......... .......... ..[0m[91m........ .......... 49%  126M 0s
 30450K .......... .......... .......... .......... .......... 50%  150M 0s
 30500K .......... ..[0m[91m........ .......... .......... .......... 50%  161M 0s
 30550K .......... .......... .......... .......... .......... 50%  152M 0s
 30600K .......... ......[0m[91m.... .......... .......... .......... 50%  143M 0s
 30650K .......... .......... .......... .......... .......... 50%  149M 0s
 30700K ....[0m[91m...... .......... .......... .......... .......... 50%  169M 0s
 30750K .......... .......... .......... .......... .......... 50%  167M 0s
 30800K .......... .......... .......... ..[0m[91m........ .......... 50%  123M 0s
 30850K .......... .......... .......... .......... .......... 50%  145M 0s
 30900K .......... .......... .......... ......[0m[91m.... .......... 50%  158M 0s
 30950K .......... .......... .......... ....[0m[91m...... .......... 50%  140M 0s
 31000K .......... ......[0m[91m.... .......... .......... ........[0m[91m.. 50%  127M 0s
 31050K .......... .......... ..........[0m[91m .......... .......... 51%  154M 0s
 31100K ....[0m[91m...... .......... .......... ......[0m[91m.... .......... 51%  134M 0s
 31150K .......... ........[0m[91m.. .......... .......... .......... 51%  149M 0s[0m[91m
 31200K .......... .......... .......... ..[0m[91m........ .......... 51%  121M 0s
 31250K ......[0m[91m.... .......... ..[0m[91m........ .......... .......... 51%  142M 0s
 31300K .......... ..........[0m[91m .......... .......... .......... 51%  147M 0s
 31350K ..[0m[91m                                                     51% 3815G=0.5s

[0m[91m2020-04-16 01:39:10 (61.6 MB/s) - Read error at byte 32104448/62442704 (Connection reset by peer). [0mThe command '/bin/sh -c wget https://storage.googleapis.com/golang/go1.4.2.linux-amd64.tar.gz' returned a non-zero code: 1
