Sending build context to Docker daemon  2.048kB
Step 1/12 : FROM alpine:3.6
3.6: Pulling from library/alpine
5a3ea8efae5d: Pulling fs layer
5a3ea8efae5d: Verifying Checksum
5a3ea8efae5d: Download complete
5a3ea8efae5d: Pull complete
Digest: sha256:66790a2b79e1ea3e1dabac43990c54aca5d1ddf268d9a5a0285e4167c8b24475
Status: Downloaded newer image for alpine:3.6
 ---> 43773d1dba76
Step 2/12 : MAINTAINER qisy@goodrain.com
 ---> Running in 310e5679e3ee
Removing intermediate container 310e5679e3ee
 ---> 21943024e43c
Step 3/12 : RUN apk --no-cache add tzdata bash libstdc++
 ---> Running in 0d83b7916968
fetch http://dl-cdn.alpinelinux.org/alpine/v3.6/main/x86_64/APKINDEX.tar.gz
fetch http://dl-cdn.alpinelinux.org/alpine/v3.6/community/x86_64/APKINDEX.tar.gz
(1/8) Installing ncurses-terminfo-base (6.0_p20171125-r1)
(2/8) Installing ncurses-terminfo (6.0_p20171125-r1)
(3/8) Installing ncurses-libs (6.0_p20171125-r1)
(4/8) Installing readline (6.3.008-r5)
(5/8) Installing bash (4.3.48-r1)
Executing bash-4.3.48-r1.post-install
(6/8) Installing libgcc (6.3.0-r4)
(7/8) Installing libstdc++ (6.3.0-r4)
(8/8) Installing tzdata (2019a-r0)
Executing busybox-1.26.2-r11.trigger
OK: 17 MiB in 21 packages
Removing intermediate container 0d83b7916968
 ---> 426518e9051e
Step 4/12 : ENV TZ Asia/Shanghai
 ---> Running in e91dabafb8ec
Removing intermediate container e91dabafb8ec
 ---> 016e6e962f9b
Step 5/12 : RUN adduser -u 200 -D -S -s /bin/bash rain
 ---> Running in c14f0d95b0ab
Removing intermediate container c14f0d95b0ab
 ---> c53800a1d946
Step 6/12 : ENV PORT 7070
 ---> Running in 8902b14cd5c3
Removing intermediate container 8902b14cd5c3
 ---> a5413ec508f8
Step 7/12 : ENV REGION_TAG cloudbang
 ---> Running in a3329430843c
Removing intermediate container a3329430843c
 ---> cf1c894572fd
Step 8/12 : ADD entrypoint.sh /entrypoint.sh
ADD failed: stat /var/lib/docker/tmp/docker-builder700244331/entrypoint.sh: no such file or directory
