Sending build context to Docker daemon  2.048kB
Step 1/13 : FROM node:10
10: Pulling from library/node
56da78ce36e9: Pulling fs layer
fbfe0f13ac45: Pulling fs layer
6254ff6d0e60: Pulling fs layer
e0e1e13bd9f6: Pulling fs layer
b86b38b40a24: Pulling fs layer
e357e1a6c1b2: Pulling fs layer
b29c14855cdd: Pulling fs layer
2c54d9e941cc: Pulling fs layer
feb2f9eddea9: Pulling fs layer
e0e1e13bd9f6: Waiting
b86b38b40a24: Waiting
e357e1a6c1b2: Waiting
b29c14855cdd: Waiting
2c54d9e941cc: Waiting
feb2f9eddea9: Waiting
6254ff6d0e60: Verifying Checksum
6254ff6d0e60: Download complete
fbfe0f13ac45: Verifying Checksum
fbfe0f13ac45: Download complete
56da78ce36e9: Verifying Checksum
56da78ce36e9: Download complete
e357e1a6c1b2: Verifying Checksum
e357e1a6c1b2: Download complete
e0e1e13bd9f6: Verifying Checksum
e0e1e13bd9f6: Download complete
2c54d9e941cc: Verifying Checksum
2c54d9e941cc: Download complete
b29c14855cdd: Verifying Checksum
b29c14855cdd: Download complete
feb2f9eddea9: Verifying Checksum
feb2f9eddea9: Download complete
b86b38b40a24: Verifying Checksum
b86b38b40a24: Download complete
56da78ce36e9: Pull complete
fbfe0f13ac45: Pull complete
6254ff6d0e60: Pull complete
e0e1e13bd9f6: Pull complete
b86b38b40a24: Pull complete
e357e1a6c1b2: Pull complete
b29c14855cdd: Pull complete
2c54d9e941cc: Pull complete
feb2f9eddea9: Pull complete
Digest: sha256:d0a6c064abf04272a1b65fbd188f64dda53fb4d500ed8f87bf1b143f4924a67f
Status: Downloaded newer image for node:10
 ---> bd83fcefc19d
Step 2/13 : WORKDIR /centraldashboard
 ---> Running in 7be31b0108ac
Removing intermediate container 7be31b0108ac
 ---> d455169f7334
Step 3/13 : COPY app/ ./app
COPY failed: stat /var/lib/docker/tmp/docker-builder958552411/app: no such file or directory
