Sending build context to Docker daemon  2.048kB
Step 1/5 : FROM ubuntu:artful
artful: Pulling from library/ubuntu
4ccdce43d1e0: Pulling fs layer
c95f13c88d92: Pulling fs layer
82656eee95ad: Pulling fs layer
78ff727be57a: Pulling fs layer
448bb314afa5: Pulling fs layer
78ff727be57a: Waiting
448bb314afa5: Waiting
82656eee95ad: Verifying Checksum
82656eee95ad: Download complete
c95f13c88d92: Verifying Checksum
c95f13c88d92: Download complete
78ff727be57a: Verifying Checksum
78ff727be57a: Download complete
448bb314afa5: Verifying Checksum
448bb314afa5: Download complete
4ccdce43d1e0: Verifying Checksum
4ccdce43d1e0: Download complete
4ccdce43d1e0: Pull complete
c95f13c88d92: Pull complete
82656eee95ad: Pull complete
78ff727be57a: Pull complete
448bb314afa5: Pull complete
Digest: sha256:3b811ac794645dfaa47408f4333ac6e433858ff16908965c68f63d5d315acf94
Status: Downloaded newer image for ubuntu:artful
 ---> e211a66937c6
Step 2/5 : RUN apt-get -y update && apt-get -y install     clang     g++     libcap-ng-dev     libglib2.0-dev     libicecc-dev     liblzo2-dev     libncursesw5-dev     meson     ninja-build
 ---> Running in 7d62cfd74bc7
Ign:1 http://security.ubuntu.com/ubuntu artful-security InRelease
Err:2 http://security.ubuntu.com/ubuntu artful-security Release
  404  Not Found [IP: 91.189.91.39 80]
Ign:3 http://archive.ubuntu.com/ubuntu artful InRelease
Ign:4 http://archive.ubuntu.com/ubuntu artful-updates InRelease
Ign:5 http://archive.ubuntu.com/ubuntu artful-backports InRelease
Err:6 http://archive.ubuntu.com/ubuntu artful Release
  404  Not Found [IP: 91.189.88.142 80]
Err:7 http://archive.ubuntu.com/ubuntu artful-updates Release
  404  Not Found [IP: 91.189.88.142 80]
Err:8 http://archive.ubuntu.com/ubuntu artful-backports Release
  404  Not Found [IP: 91.189.88.142 80]
Reading package lists...
[91mE: The repository 'http://security.ubuntu.com/ubuntu artful-security Release' does not have a Release file.
E: The repository 'http://archive.ubuntu.com/ubuntu artful Release' does not have a Release file.
E: The repository 'http://archive.ubuntu.com/ubuntu artful-updates Release' does not have a Release file.
E: The repository 'http://archive.ubuntu.com/ubuntu artful-backports Release' does not have a Release file.
[0mThe command '/bin/sh -c apt-get -y update && apt-get -y install     clang     g++     libcap-ng-dev     libglib2.0-dev     libicecc-dev     liblzo2-dev     libncursesw5-dev     meson     ninja-build' returned a non-zero code: 100
