Sending build context to Docker daemon  2.048kB
Step 1/5 : FROM golang:latest
latest: Pulling from library/golang
376057ac6fa1: Pulling fs layer
5a63a0a859d8: Pulling fs layer
496548a8c952: Pulling fs layer
2adae3950d4d: Pulling fs layer
039b991354af: Pulling fs layer
0cca3cbecb14: Pulling fs layer
59c34b3f33f3: Pulling fs layer
2adae3950d4d: Waiting
039b991354af: Waiting
0cca3cbecb14: Waiting
59c34b3f33f3: Waiting
496548a8c952: Verifying Checksum
496548a8c952: Download complete
5a63a0a859d8: Verifying Checksum
5a63a0a859d8: Download complete
376057ac6fa1: Verifying Checksum
376057ac6fa1: Download complete
2adae3950d4d: Verifying Checksum
2adae3950d4d: Download complete
039b991354af: Verifying Checksum
039b991354af: Download complete
59c34b3f33f3: Verifying Checksum
59c34b3f33f3: Download complete
0cca3cbecb14: Verifying Checksum
0cca3cbecb14: Download complete
376057ac6fa1: Pull complete
5a63a0a859d8: Pull complete
496548a8c952: Pull complete
2adae3950d4d: Pull complete
039b991354af: Pull complete
0cca3cbecb14: Pull complete
59c34b3f33f3: Pull complete
Digest: sha256:1e36f8e9ac49d5ee6d72e969382a698614551a59f4533d5d61590e3deeb543a7
Status: Downloaded newer image for golang:latest
 ---> 7e5e8028e8ec
Step 2/5 : ADD server /usr/bin/
ADD failed: stat /var/lib/docker/tmp/docker-builder004942723/server: no such file or directory
