Sending build context to Docker daemon   2.56kB
Step 1/11 : FROM jpetazzo/dind
latest: Pulling from jpetazzo/dind
28bfaceaff9b: Pulling fs layer
ac540055f2f8: Pulling fs layer
2965585ef8b8: Pulling fs layer
2416bb9f3ad2: Pulling fs layer
93b55a6a6807: Pulling fs layer
1869af86af90: Pulling fs layer
fa90c21e948c: Pulling fs layer
4cc8c36bb9c7: Pulling fs layer
2416bb9f3ad2: Waiting
93b55a6a6807: Waiting
1869af86af90: Waiting
fa90c21e948c: Waiting
4cc8c36bb9c7: Waiting
ac540055f2f8: Download complete
2965585ef8b8: Download complete
93b55a6a6807: Verifying Checksum
93b55a6a6807: Download complete
2416bb9f3ad2: Verifying Checksum
2416bb9f3ad2: Download complete
28bfaceaff9b: Verifying Checksum
28bfaceaff9b: Download complete
1869af86af90: Verifying Checksum
1869af86af90: Download complete
4cc8c36bb9c7: Verifying Checksum
4cc8c36bb9c7: Download complete
fa90c21e948c: Verifying Checksum
fa90c21e948c: Download complete
28bfaceaff9b: Pull complete
ac540055f2f8: Pull complete
2965585ef8b8: Pull complete
2416bb9f3ad2: Pull complete
93b55a6a6807: Pull complete
1869af86af90: Pull complete
fa90c21e948c: Pull complete
4cc8c36bb9c7: Pull complete
Digest: sha256:f48a1bbf379afdb7a7685abd0130ccd2f214662b086eb7320c296ee83fc6448e
Status: Downloaded newer image for jpetazzo/dind:latest
 ---> a01520066cae
Step 2/11 : LABEL maintainer="Shanqing Cai <cais@google.com>"
 ---> Running in 975d8d728972
Removing intermediate container 975d8d728972
 ---> 91bb12a46de5
Step 3/11 : RUN apt-get update
 ---> Running in c4689d88098f
Get:1 http://security.ubuntu.com trusty-security InRelease [65.9 kB]
Ign http://archive.ubuntu.com trusty InRelease
Get:2 http://archive.ubuntu.com trusty-updates InRelease [65.9 kB]
Get:3 http://security.ubuntu.com trusty-security/universe Sources [126 kB]
Hit http://archive.ubuntu.com trusty-backports InRelease
Hit http://archive.ubuntu.com trusty Release.gpg
Get:4 http://security.ubuntu.com trusty-security/main amd64 Packages [1032 kB]
Get:5 http://archive.ubuntu.com trusty-updates/universe Sources [288 kB]
Get:6 http://archive.ubuntu.com trusty-updates/main amd64 Packages [1460 kB]
Get:7 http://security.ubuntu.com trusty-security/restricted amd64 Packages [18.1 kB]
Get:8 http://security.ubuntu.com trusty-security/universe amd64 Packages [377 kB]
Get:9 http://security.ubuntu.com trusty-security/multiverse amd64 Packages [4730 B]
Get:10 http://archive.ubuntu.com trusty-updates/restricted amd64 Packages [21.4 kB]
Get:11 http://archive.ubuntu.com trusty-updates/universe amd64 Packages [671 kB]
Get:12 http://archive.ubuntu.com trusty-updates/multiverse amd64 Packages [16.1 kB]
Hit http://archive.ubuntu.com trusty-backports/main amd64 Packages
Hit http://archive.ubuntu.com trusty-backports/restricted amd64 Packages
Hit http://archive.ubuntu.com trusty-backports/universe amd64 Packages
Hit http://archive.ubuntu.com trusty-backports/multiverse amd64 Packages
Hit http://archive.ubuntu.com trusty Release
Hit http://archive.ubuntu.com trusty/universe Sources
Hit http://archive.ubuntu.com trusty/main amd64 Packages
Hit http://archive.ubuntu.com trusty/restricted amd64 Packages
Hit http://archive.ubuntu.com trusty/universe amd64 Packages
Hit http://archive.ubuntu.com trusty/multiverse amd64 Packages
Fetched 4190 kB in 3s (1078 kB/s)
Reading package lists...
[91mW: Size of file /var/lib/apt/lists/archive.ubuntu.com_ubuntu_dists_trusty-updates_restricted_binary-amd64_Packages.gz is not what the server reported 21365 21381
[0mRemoving intermediate container c4689d88098f
 ---> 46a355520c82
Step 4/11 : RUN apt-get install -y --no-install-recommends     build-essential     git     software-properties-common
 ---> Running in 32a6d8e55d3a
Reading package lists...
Building dependency tree...
Reading state information...
The following extra packages will be installed:
  binutils cpp cpp-4.8 dpkg-dev g++ g++-4.8 gcc gcc-4.8 gir1.2-glib-2.0
  git-man iso-codes libasan0 libatomic1 libc-dev-bin libc6 libc6-dev
  libcloog-isl4 libdbus-glib-1-2 libdpkg-perl liberror-perl libgcc-4.8-dev
  libgirepository-1.0-1 libgmp10 libgomp1 libisl10 libitm1 libmpc3 libmpfr4
  libquadmath0 libstdc++-4.8-dev libtimedate-perl libtsan0 linux-libc-dev make
  patch python-apt-common python3-apt python3-dbus python3-gi python3-pycurl
  python3-software-properties unattended-upgrades
Suggested packages:
  binutils-doc cpp-doc gcc-4.8-locales debian-keyring g++-multilib
  g++-4.8-multilib gcc-4.8-doc libstdc++6-4.8-dbg gcc-multilib manpages-dev
  autoconf automake1.9 libtool flex bison gdb gcc-doc gcc-4.8-multilib
  libgcc1-dbg libgomp1-dbg libitm1-dbg libatomic1-dbg libasan0-dbg
  libtsan0-dbg libquadmath0-dbg gettext-base git-daemon-run
  git-daemon-sysvinit git-doc git-el git-email git-gui gitk gitweb git-arch
  git-bzr git-cvs git-mediawiki git-svn isoquery glibc-doc libstdc++-4.8-doc
  make-doc ed diffutils-doc python3-apt-dbg python-apt-doc python-dbus-doc
  python3-dbus-dbg libcurl4-gnutls-dev python3-pycurl-dbg bsd-mailx
  mail-transport-agent
Recommended packages:
  fakeroot libalgorithm-merge-perl ssh-client libfile-fcntllock-perl
The following NEW packages will be installed:
  binutils build-essential cpp cpp-4.8 dpkg-dev g++ g++-4.8 gcc gcc-4.8
  gir1.2-glib-2.0 git git-man iso-codes libasan0 libatomic1 libc-dev-bin
  libc6-dev libcloog-isl4 libdbus-glib-1-2 libdpkg-perl liberror-perl
  libgcc-4.8-dev libgirepository-1.0-1 libgmp10 libgomp1 libisl10 libitm1
  libmpc3 libmpfr4 libquadmath0 libstdc++-4.8-dev libtimedate-perl libtsan0
  linux-libc-dev make patch python-apt-common python3-apt python3-dbus
  python3-gi python3-pycurl python3-software-properties
  software-properties-common unattended-upgrades
The following packages will be upgraded:
  libc6
1 upgraded, 44 newly installed, 0 to remove and 71 not upgraded.
Need to get 48.6 MB of archives.
After this operation, 154 MB of additional disk space will be used.
Get:1 http://archive.ubuntu.com/ubuntu/ trusty-updates/main libc6 amd64 2.19-0ubuntu6.15 [4727 kB]
Get:2 http://archive.ubuntu.com/ubuntu/ trusty/main libdbus-glib-1-2 amd64 0.100.2-1 [74.1 kB]
Get:3 http://archive.ubuntu.com/ubuntu/ trusty-updates/main libasan0 amd64 4.8.4-2ubuntu1~14.04.4 [63.1 kB]
Get:4 http://archive.ubuntu.com/ubuntu/ trusty-updates/main libatomic1 amd64 4.8.4-2ubuntu1~14.04.4 [8630 B]
Get:5 http://archive.ubuntu.com/ubuntu/ trusty/main libgmp10 amd64 2:5.1.3+dfsg-1ubuntu1 [218 kB]
Get:6 http://archive.ubuntu.com/ubuntu/ trusty/main libisl10 amd64 0.12.2-1 [419 kB]
Get:7 http://archive.ubuntu.com/ubuntu/ trusty/main libcloog-isl4 amd64 0.18.2-1 [57.5 kB]
Get:8 http://archive.ubuntu.com/ubuntu/ trusty-updates/main libgomp1 amd64 4.8.4-2ubuntu1~14.04.4 [23.1 kB]
Get:9 http://archive.ubuntu.com/ubuntu/ trusty-updates/main libitm1 amd64 4.8.4-2ubuntu1~14.04.4 [28.6 kB]
Get:10 http://archive.ubuntu.com/ubuntu/ trusty/main libmpfr4 amd64 3.1.2-1 [203 kB]
Get:11 http://archive.ubuntu.com/ubuntu/ trusty-updates/main libquadmath0 amd64 4.8.4-2ubuntu1~14.04.4 [126 kB]
Get:12 http://archive.ubuntu.com/ubuntu/ trusty-updates/main libtsan0 amd64 4.8.4-2ubuntu1~14.04.4 [94.8 kB]
Get:13 http://archive.ubuntu.com/ubuntu/ trusty/main libmpc3 amd64 1.0.1-1ubuntu1 [38.4 kB]
Get:14 http://archive.ubuntu.com/ubuntu/ trusty-updates/main libgirepository-1.0-1 amd64 1.40.0-1ubuntu0.2 [85.6 kB]
Get:15 http://archive.ubuntu.com/ubuntu/ trusty-updates/main gir1.2-glib-2.0 amd64 1.40.0-1ubuntu0.2 [124 kB]
Get:16 http://archive.ubuntu.com/ubuntu/ trusty/main iso-codes all 3.52-1 [2073 kB]
Get:17 http://archive.ubuntu.com/ubuntu/ trusty-updates/main python-apt-common all 0.9.3.5ubuntu3 [15.0 kB]
Get:18 http://archive.ubuntu.com/ubuntu/ trusty-updates/main python3-apt amd64 0.9.3.5ubuntu3 [139 kB]
Get:19 http://archive.ubuntu.com/ubuntu/ trusty/main python3-dbus amd64 1.2.0-2build2 [82.1 kB]
Get:20 http://archive.ubuntu.com/ubuntu/ trusty-updates/main python3-gi amd64 3.12.0-1ubuntu1 [154 kB]
Get:21 http://archive.ubuntu.com/ubuntu/ trusty-updates/main binutils amd64 2.24-5ubuntu14.2 [2076 kB]
Get:22 http://archive.ubuntu.com/ubuntu/ trusty-updates/main libc-dev-bin amd64 2.19-0ubuntu6.15 [68.9 kB]
Get:23 http://archive.ubuntu.com/ubuntu/ trusty-updates/main linux-libc-dev amd64 3.13.0-170.220 [772 kB]
Get:24 http://archive.ubuntu.com/ubuntu/ trusty-updates/main libc6-dev amd64 2.19-0ubuntu6.15 [1913 kB]
Get:25 http://archive.ubuntu.com/ubuntu/ trusty-updates/main cpp-4.8 amd64 4.8.4-2ubuntu1~14.04.4 [4452 kB]
Get:26 http://archive.ubuntu.com/ubuntu/ trusty/main cpp amd64 4:4.8.2-1ubuntu6 [27.5 kB]
Get:27 http://archive.ubuntu.com/ubuntu/ trusty-updates/main libgcc-4.8-dev amd64 4.8.4-2ubuntu1~14.04.4 [1688 kB]
Get:28 http://archive.ubuntu.com/ubuntu/ trusty-updates/main gcc-4.8 amd64 4.8.4-2ubuntu1~14.04.4 [5040 kB]
Get:29 http://archive.ubuntu.com/ubuntu/ trusty/main gcc amd64 4:4.8.2-1ubuntu6 [5098 B]
Get:30 http://archive.ubuntu.com/ubuntu/ trusty-updates/main libstdc++-4.8-dev amd64 4.8.4-2ubuntu1~14.04.4 [1051 kB]
Get:31 http://archive.ubuntu.com/ubuntu/ trusty-updates/main g++-4.8 amd64 4.8.4-2ubuntu1~14.04.4 [18.0 MB]
Get:32 http://archive.ubuntu.com/ubuntu/ trusty/main g++ amd64 4:4.8.2-1ubuntu6 [1490 B]
Get:33 http://archive.ubuntu.com/ubuntu/ trusty/main make amd64 3.81-8.2ubuntu3 [119 kB]
Get:34 http://archive.ubuntu.com/ubuntu/ trusty/main libtimedate-perl all 2.3000-1 [37.2 kB]
Get:35 http://archive.ubuntu.com/ubuntu/ trusty-updates/main libdpkg-perl all 1.17.5ubuntu5.8 [179 kB]
Get:36 http://archive.ubuntu.com/ubuntu/ trusty-updates/main patch amd64 2.7.1-4ubuntu2.4 [86.9 kB]
Get:37 http://archive.ubuntu.com/ubuntu/ trusty-updates/main dpkg-dev all 1.17.5ubuntu5.8 [726 kB]
Get:38 http://archive.ubuntu.com/ubuntu/ trusty/main build-essential amd64 11.6ubuntu6 [4838 B]
Get:39 http://archive.ubuntu.com/ubuntu/ trusty/main liberror-perl all 0.17-1.1 [21.1 kB]
Get:40 http://archive.ubuntu.com/ubuntu/ trusty-updates/main git-man all 1:1.9.1-1ubuntu0.10 [700 kB]
Get:41 http://archive.ubuntu.com/ubuntu/ trusty-updates/main git amd64 1:1.9.1-1ubuntu0.10 [2737 kB]
Get:42 http://archive.ubuntu.com/ubuntu/ trusty/main python3-pycurl amd64 7.19.3-0ubuntu3 [47.5 kB]
Get:43 http://archive.ubuntu.com/ubuntu/ trusty-updates/main unattended-upgrades all 0.82.1ubuntu2.5 [25.6 kB]
Get:44 http://archive.ubuntu.com/ubuntu/ trusty-updates/main python3-software-properties all 0.92.37.8 [19.2 kB]
Get:45 http://archive.ubuntu.com/ubuntu/ trusty-updates/main software-properties-common all 0.92.37.8 [9384 B]
[91mdebconf: unable to initialize frontend: Dialog
debconf: (TERM is not set, so the dialog frontend is not usable.)
debconf: falling back to frontend: Readline
[0m[91mdebconf: unable to initialize frontend: Readline
debconf: (This frontend requires a controlling tty.)
debconf: falling back to frontend: Teletype
[0m[91mdpkg-preconfigure: unable to re-open stdin: 
[0mFetched 48.6 MB in 6s (7037 kB/s)
(Reading database ... 15183 files and directories currently installed.)
Preparing to unpack .../libc6_2.19-0ubuntu6.15_amd64.deb ...
[91mdebconf: unable to initialize frontend: Dialog
debconf: (TERM is not set, so the dialog frontend is not usable.)
debconf: falling back to frontend: Readline
[0m[91mdebconf: unable to initialize frontend: Readline
debconf: (This frontend requires a controlling tty.)
debconf: falling back to frontend: Teletype
[0mUnpacking libc6:amd64 (2.19-0ubuntu6.15) over (2.19-0ubuntu6.14) ...
Setting up libc6:amd64 (2.19-0ubuntu6.15) ...
[91mdebconf: unable to initialize frontend: Dialog
debconf: (TERM is not set, so the dialog frontend is not usable.)
debconf: falling back to frontend: Readline
[0m[91mdebconf: unable to initialize frontend: Readline
debconf: (This frontend requires a controlling tty.)
debconf: falling back to frontend: Teletype
[0mProcessing triggers for libc-bin (2.19-0ubuntu6.14) ...
Selecting previously unselected package libdbus-glib-1-2:amd64.
(Reading database ... 15183 files and directories currently installed.)
Preparing to unpack .../libdbus-glib-1-2_0.100.2-1_amd64.deb ...
Unpacking libdbus-glib-1-2:amd64 (0.100.2-1) ...
Selecting previously unselected package libasan0:amd64.
Preparing to unpack .../libasan0_4.8.4-2ubuntu1~14.04.4_amd64.deb ...
Unpacking libasan0:amd64 (4.8.4-2ubuntu1~14.04.4) ...
Selecting previously unselected package libatomic1:amd64.
Preparing to unpack .../libatomic1_4.8.4-2ubuntu1~14.04.4_amd64.deb ...
Unpacking libatomic1:amd64 (4.8.4-2ubuntu1~14.04.4) ...
Selecting previously unselected package libgmp10:amd64.
Preparing to unpack .../libgmp10_2%3a5.1.3+dfsg-1ubuntu1_amd64.deb ...
Unpacking libgmp10:amd64 (2:5.1.3+dfsg-1ubuntu1) ...
Selecting previously unselected package libisl10:amd64.
Preparing to unpack .../libisl10_0.12.2-1_amd64.deb ...
Unpacking libisl10:amd64 (0.12.2-1) ...
Selecting previously unselected package libcloog-isl4:amd64.
Preparing to unpack .../libcloog-isl4_0.18.2-1_amd64.deb ...
Unpacking libcloog-isl4:amd64 (0.18.2-1) ...
Selecting previously unselected package libgomp1:amd64.
Preparing to unpack .../libgomp1_4.8.4-2ubuntu1~14.04.4_amd64.deb ...
Unpacking libgomp1:amd64 (4.8.4-2ubuntu1~14.04.4) ...
Selecting previously unselected package libitm1:amd64.
Preparing to unpack .../libitm1_4.8.4-2ubuntu1~14.04.4_amd64.deb ...
Unpacking libitm1:amd64 (4.8.4-2ubuntu1~14.04.4) ...
Selecting previously unselected package libmpfr4:amd64.
Preparing to unpack .../libmpfr4_3.1.2-1_amd64.deb ...
Unpacking libmpfr4:amd64 (3.1.2-1) ...
Selecting previously unselected package libquadmath0:amd64.
Preparing to unpack .../libquadmath0_4.8.4-2ubuntu1~14.04.4_amd64.deb ...
Unpacking libquadmath0:amd64 (4.8.4-2ubuntu1~14.04.4) ...
Selecting previously unselected package libtsan0:amd64.
Preparing to unpack .../libtsan0_4.8.4-2ubuntu1~14.04.4_amd64.deb ...
Unpacking libtsan0:amd64 (4.8.4-2ubuntu1~14.04.4) ...
Selecting previously unselected package libmpc3:amd64.
Preparing to unpack .../libmpc3_1.0.1-1ubuntu1_amd64.deb ...
Unpacking libmpc3:amd64 (1.0.1-1ubuntu1) ...
Selecting previously unselected package libgirepository-1.0-1.
Preparing to unpack .../libgirepository-1.0-1_1.40.0-1ubuntu0.2_amd64.deb ...
Unpacking libgirepository-1.0-1 (1.40.0-1ubuntu0.2) ...
Selecting previously unselected package gir1.2-glib-2.0.
Preparing to unpack .../gir1.2-glib-2.0_1.40.0-1ubuntu0.2_amd64.deb ...
Unpacking gir1.2-glib-2.0 (1.40.0-1ubuntu0.2) ...
Selecting previously unselected package iso-codes.
Preparing to unpack .../iso-codes_3.52-1_all.deb ...
Unpacking iso-codes (3.52-1) ...
Selecting previously unselected package python-apt-common.
Preparing to unpack .../python-apt-common_0.9.3.5ubuntu3_all.deb ...
Unpacking python-apt-common (0.9.3.5ubuntu3) ...
Selecting previously unselected package python3-apt.
Preparing to unpack .../python3-apt_0.9.3.5ubuntu3_amd64.deb ...
Unpacking python3-apt (0.9.3.5ubuntu3) ...
Selecting previously unselected package python3-dbus.
Preparing to unpack .../python3-dbus_1.2.0-2build2_amd64.deb ...
Unpacking python3-dbus (1.2.0-2build2) ...
Selecting previously unselected package python3-gi.
Preparing to unpack .../python3-gi_3.12.0-1ubuntu1_amd64.deb ...
Unpacking python3-gi (3.12.0-1ubuntu1) ...
Selecting previously unselected package binutils.
Preparing to unpack .../binutils_2.24-5ubuntu14.2_amd64.deb ...
Unpacking binutils (2.24-5ubuntu14.2) ...
Selecting previously unselected package libc-dev-bin.
Preparing to unpack .../libc-dev-bin_2.19-0ubuntu6.15_amd64.deb ...
Unpacking libc-dev-bin (2.19-0ubuntu6.15) ...
Selecting previously unselected package linux-libc-dev:amd64.
Preparing to unpack .../linux-libc-dev_3.13.0-170.220_amd64.deb ...
Unpacking linux-libc-dev:amd64 (3.13.0-170.220) ...
Selecting previously unselected package libc6-dev:amd64.
Preparing to unpack .../libc6-dev_2.19-0ubuntu6.15_amd64.deb ...
Unpacking libc6-dev:amd64 (2.19-0ubuntu6.15) ...
Selecting previously unselected package cpp-4.8.
Preparing to unpack .../cpp-4.8_4.8.4-2ubuntu1~14.04.4_amd64.deb ...
Unpacking cpp-4.8 (4.8.4-2ubuntu1~14.04.4) ...
Selecting previously unselected package cpp.
Preparing to unpack .../cpp_4%3a4.8.2-1ubuntu6_amd64.deb ...
Unpacking cpp (4:4.8.2-1ubuntu6) ...
Selecting previously unselected package libgcc-4.8-dev:amd64.
Preparing to unpack .../libgcc-4.8-dev_4.8.4-2ubuntu1~14.04.4_amd64.deb ...
Unpacking libgcc-4.8-dev:amd64 (4.8.4-2ubuntu1~14.04.4) ...
Selecting previously unselected package gcc-4.8.
Preparing to unpack .../gcc-4.8_4.8.4-2ubuntu1~14.04.4_amd64.deb ...
Unpacking gcc-4.8 (4.8.4-2ubuntu1~14.04.4) ...
Selecting previously unselected package gcc.
Preparing to unpack .../gcc_4%3a4.8.2-1ubuntu6_amd64.deb ...
Unpacking gcc (4:4.8.2-1ubuntu6) ...
Selecting previously unselected package libstdc++-4.8-dev:amd64.
Preparing to unpack .../libstdc++-4.8-dev_4.8.4-2ubuntu1~14.04.4_amd64.deb ...
Unpacking libstdc++-4.8-dev:amd64 (4.8.4-2ubuntu1~14.04.4) ...
Selecting previously unselected package g++-4.8.
Preparing to unpack .../g++-4.8_4.8.4-2ubuntu1~14.04.4_amd64.deb ...
Unpacking g++-4.8 (4.8.4-2ubuntu1~14.04.4) ...
Selecting previously unselected package g++.
Preparing to unpack .../g++_4%3a4.8.2-1ubuntu6_amd64.deb ...
Unpacking g++ (4:4.8.2-1ubuntu6) ...
Selecting previously unselected package make.
Preparing to unpack .../make_3.81-8.2ubuntu3_amd64.deb ...
Unpacking make (3.81-8.2ubuntu3) ...
Selecting previously unselected package libtimedate-perl.
Preparing to unpack .../libtimedate-perl_2.3000-1_all.deb ...
Unpacking libtimedate-perl (2.3000-1) ...
Selecting previously unselected package libdpkg-perl.
Preparing to unpack .../libdpkg-perl_1.17.5ubuntu5.8_all.deb ...
Unpacking libdpkg-perl (1.17.5ubuntu5.8) ...
Selecting previously unselected package patch.
Preparing to unpack .../patch_2.7.1-4ubuntu2.4_amd64.deb ...
Unpacking patch (2.7.1-4ubuntu2.4) ...
Selecting previously unselected package dpkg-dev.
Preparing to unpack .../dpkg-dev_1.17.5ubuntu5.8_all.deb ...
Unpacking dpkg-dev (1.17.5ubuntu5.8) ...
Selecting previously unselected package build-essential.
Preparing to unpack .../build-essential_11.6ubuntu6_amd64.deb ...
Unpacking build-essential (11.6ubuntu6) ...
Selecting previously unselected package liberror-perl.
Preparing to unpack .../liberror-perl_0.17-1.1_all.deb ...
Unpacking liberror-perl (0.17-1.1) ...
Selecting previously unselected package git-man.
Preparing to unpack .../git-man_1%3a1.9.1-1ubuntu0.10_all.deb ...
Unpacking git-man (1:1.9.1-1ubuntu0.10) ...
Selecting previously unselected package git.
Preparing to unpack .../git_1%3a1.9.1-1ubuntu0.10_amd64.deb ...
Unpacking git (1:1.9.1-1ubuntu0.10) ...
Selecting previously unselected package python3-pycurl.
Preparing to unpack .../python3-pycurl_7.19.3-0ubuntu3_amd64.deb ...
Unpacking python3-pycurl (7.19.3-0ubuntu3) ...
Selecting previously unselected package unattended-upgrades.
Preparing to unpack .../unattended-upgrades_0.82.1ubuntu2.5_all.deb ...
Unpacking unattended-upgrades (0.82.1ubuntu2.5) ...
Selecting previously unselected package python3-software-properties.
Preparing to unpack .../python3-software-properties_0.92.37.8_all.deb ...
Unpacking python3-software-properties (0.92.37.8) ...
Selecting previously unselected package software-properties-common.
Preparing to unpack .../software-properties-common_0.92.37.8_all.deb ...
Unpacking software-properties-common (0.92.37.8) ...
Processing triggers for ureadahead (0.100.0-16) ...
Setting up libdbus-glib-1-2:amd64 (0.100.2-1) ...
Setting up libasan0:amd64 (4.8.4-2ubuntu1~14.04.4) ...
Setting up libatomic1:amd64 (4.8.4-2ubuntu1~14.04.4) ...
Setting up libgmp10:amd64 (2:5.1.3+dfsg-1ubuntu1) ...
Setting up libisl10:amd64 (0.12.2-1) ...
Setting up libcloog-isl4:amd64 (0.18.2-1) ...
Setting up libgomp1:amd64 (4.8.4-2ubuntu1~14.04.4) ...
Setting up libitm1:amd64 (4.8.4-2ubuntu1~14.04.4) ...
Setting up libmpfr4:amd64 (3.1.2-1) ...
Setting up libquadmath0:amd64 (4.8.4-2ubuntu1~14.04.4) ...
Setting up libtsan0:amd64 (4.8.4-2ubuntu1~14.04.4) ...
Setting up libmpc3:amd64 (1.0.1-1ubuntu1) ...
Setting up libgirepository-1.0-1 (1.40.0-1ubuntu0.2) ...
Setting up gir1.2-glib-2.0 (1.40.0-1ubuntu0.2) ...
Setting up iso-codes (3.52-1) ...
Setting up python-apt-common (0.9.3.5ubuntu3) ...
Setting up python3-apt (0.9.3.5ubuntu3) ...
Setting up python3-dbus (1.2.0-2build2) ...
Setting up python3-gi (3.12.0-1ubuntu1) ...
Setting up binutils (2.24-5ubuntu14.2) ...
Setting up libc-dev-bin (2.19-0ubuntu6.15) ...
Setting up linux-libc-dev:amd64 (3.13.0-170.220) ...
Setting up libc6-dev:amd64 (2.19-0ubuntu6.15) ...
Setting up cpp-4.8 (4.8.4-2ubuntu1~14.04.4) ...
Setting up cpp (4:4.8.2-1ubuntu6) ...
Setting up libgcc-4.8-dev:amd64 (4.8.4-2ubuntu1~14.04.4) ...
Setting up gcc-4.8 (4.8.4-2ubuntu1~14.04.4) ...
Setting up gcc (4:4.8.2-1ubuntu6) ...
Setting up libstdc++-4.8-dev:amd64 (4.8.4-2ubuntu1~14.04.4) ...
Setting up g++-4.8 (4.8.4-2ubuntu1~14.04.4) ...
Setting up g++ (4:4.8.2-1ubuntu6) ...
update-alternatives: using /usr/bin/g++ to provide /usr/bin/c++ (c++) in auto mode
Setting up make (3.81-8.2ubuntu3) ...
Setting up libtimedate-perl (2.3000-1) ...
Setting up libdpkg-perl (1.17.5ubuntu5.8) ...
Setting up patch (2.7.1-4ubuntu2.4) ...
Setting up dpkg-dev (1.17.5ubuntu5.8) ...
Setting up build-essential (11.6ubuntu6) ...
Setting up liberror-perl (0.17-1.1) ...
Setting up git-man (1:1.9.1-1ubuntu0.10) ...
Setting up git (1:1.9.1-1ubuntu0.10) ...
Setting up python3-pycurl (7.19.3-0ubuntu3) ...
Setting up unattended-upgrades (0.82.1ubuntu2.5) ...
[91mdebconf: unable to initialize frontend: Dialog
debconf: (TERM is not set, so the dialog frontend is not usable.)
debconf: falling back to frontend: Readline
[0m[91mdebconf: unable to initialize frontend: Readline
debconf: (This frontend requires a controlling tty.)
debconf: falling back to frontend: Teletype
[0mProcessing triggers for ureadahead (0.100.0-16) ...
Setting up python3-software-properties (0.92.37.8) ...
Setting up software-properties-common (0.92.37.8) ...
Processing triggers for libc-bin (2.19-0ubuntu6.14) ...
Removing intermediate container 32a6d8e55d3a
 ---> bf785e5f6733
Step 5/11 : RUN wget https://storage.googleapis.com/golang/go1.4.2.linux-amd64.tar.gz
 ---> Running in 3991d2a83f4a
[91m--2020-04-16 01:53:50--  https://storage.googleapis.com/golang/go1.4.2.linux-amd64.tar.gz
[0m[91mResolving storage.googleapis.com (storage.googleapis.com)... [0m[91m172.217.214.128, 2607:f8b0:4001:c02::80
Connecting to storage.googleapis.com (storage.googleapis.com)|172.217.214.128|:443... [0m[91mconnected.
[0m[91mHTTP request sent, awaiting response... [0m[91m200 OK
Length: 62442704 (60M) [application/x-gzip]
[0m[91mSaving to: 'go1.4.2.linux-amd64.tar.gz'

     0K .......... .......... .......... .......... ..........  0% 41.0M 1s
    50K .......... .......... .......... .[0m[91m......... ..........  0% 16.4M 3s
   100K .......... .......... .......... .......... ..........  0% 56.6M 2s
   150K .......... .......... .......... .......... ..........  0% 52.6M 2s
   200K .......... .......... .......... .......... ..........  0% 55.2M 2s
   250K .......... .......... .......... ........[0m[91m.. ..........  0% 56.7M 2s
   300K .......... .......... .......... .......... ..........  0% 53.8M 1s
   350K ......[0m[91m.... .[0m[91m...[0m[91m.....[0m[91m. ...[0m[91m....[0m[91m... .[0m[91m.....[0m[91m....[0m[91m ..........  0% 29.7M 2s
   400K ..[0m[91m........ ..[0m[91m......[0m[91m.. ..[0m[91m.......[0m[91m. .......[0m[91m...[0m[91m ..[0m[91m........  0% 32.9M 2s
   450K ....[0m[91m....[0m[91m.. ......[0m[91m...[0m[91m. .......... .......... ........[0m[91m..  0% 40.4M 2s
   500K ......[0m[91m....[0m[91m ....[0m[91m......[0m[91m ....[0m[91m...... ......[0m[91m.... ..[0m[91m..[0m[91m.....[0m[91m.  0% 30.6M 2s
   550K ...[0m[91m....[0m[91m... .....[0m[91m....[0m[91m. ....[0m[91m...... ..[0m[91m....[0m[91m...[0m[91m. ......[0m[91m....  0% 32.6M 2s[0m[91m
   600K ......[0m[91m.... ...[0m[91m....[0m[91m... ......[0m[91m.... ...[0m[91m....[0m[91m... ..[0m[91m......[0m[91m..  1% 31.8M 2s
   650K ....[0m[91m....[0m[91m.. ....[0m[91m.....[0m[91m. ....[0m[91m...... ....[0m[91m....[0m[91m.. ..[0m[91m......[0m[91m..  1% 32.9M 2s
   700K ..[0m[91m....[0m[91m.... ......[0m[91m..[0m[91m.. .........[0m[91m. .......[0m[91m... .....[0m[91m.....  1% 34.5M 2s
   750K ..[0m[91m......[0m[91m.. ......[0m[91m....[0m[91m .......[0m[91m... ......[0m[91m.... ......[0m[91m....  1% 39.2M 2s
   800K ....[0m[91m...... .......... .[0m[91m.......[0m[91m.. ....[0m[91m...... ......[0m[91m....  1% 36.1M 2s
   850K ....[0m[91m...... .....[0m[91m..... ......[0m[91m.... .....[0m[91m..... ...[0m[91m.......  1% 39.4M 2s
   900K ....[0m[91m...... ....[0m[91m...... ..[0m[91m........ ..[0m[91m........ ..[0m[91m........  1% 39.8M 2s[0m[91m
   950K ........[0m[91m.. ........[0m[91m.. ..........[0m[91m .........[0m[91m. ..........  1% 39.3M 2s[0m[91m
  1000K .........[0m[91m. ....[0m[91m...... ......[0m[91m.... ........[0m[91m.. ..........  1% 42.5M 2s
  1050K .......... ..[0m[91m........ ........[0m[91m.. .......... ....[0m[91m......  1% 86.2M 2s
  1100K .......... ........[0m[91m.. .......... ....[0m[91m...... ..........  1% 96.8M 2s
  1150K .......... ......[0m[91m.... .......... ..........[0m[91m ..........  1% 87.9M 1s
  1200K .......... ....[0m[91m...... ..........[0m[91m .......... ..........  2%  100M 1s
  1250K .......... ..........[0m[91m .......... .......... ....[0m[91m......  2% 84.0M 1s
  1300K .......... ........[0m[91m.. .......... ....[0m[91m...... ..........  2% 86.2M 1s
  1350K ........[0m[91m.. .......... .......... ..........[0m[91m ..........  2% 97.0M 1s
  1400K ......[0m[91m.... .......... ..........[0m[91m .......... ..........  2% 95.0M 1s
  1450K .......... ..[0m[91m........ .......... ......[0m[91m.... ..........  2% 96.3M 1s
  1500K ..[0m[91m........ .......... ......[0m[91m.... .......... ..........  2% 84.8M 1s[0m[91m
  1550K .......... .......... ....[0m[91m...... ..........[0m[91m ..........  2% 74.9M 1s
  1600K .......... ....[0m[91m...... .......... ........[0m[91m.. ..........  2%  113M 1s
  1650K ....[0m[91m...... .......... .......... .......... ....[0m[91m......  2% 95.0M 1s
  1700K .......... ........[0m[91m.. .......... .......... ..........  2% 90.4M 1s[0m[91m
  1750K .......... .......... ....[0m[91m...... .......... ........[0m[91m..  2% 86.9M 1s
  1800K .......... .......... ..[0m[91m........ .......... ......[0m[91m....  3% 93.0M 1s
  1850K .......... ..........[0m[91m .......... .......... ....[0m[91m......  3% 95.7M 1s
  1900K .......... ........[0m[91m.. .......... ....[0m[91m...... ..........  3% 84.4M 1s
  1950K ........[0m[91m.. .......... .......... ..[0m[91m........ ..........  3% 75.5M 1s
  2000K ......[0m[91m.... .......... ..........[0m[91m .......... ..........  3% 99.7M 1s
  2050K .......... ..[0m[91m........ .......... ......[0m[91m.... ..........  3% 97.7M 1s
  2100K ..........[0m[91m .......... .......... ....[0m[91m...... ..........  3% 95.7M 1s
  2150K ........[0m[91m.. .......... .......... ..[0m[91m........ ..........  3% 88.2M 1s
  2200K ......[0m[91m.... .......... ..[0m[91m........ .......... ..........  3% 93.5M 1s
  2250K .......... ..[0m[91m........ .......... ......[0m[91m.... ..........  3%  111M 1s
  2300K .......... ........[0m[91m.. .......... .......... ..[0m[91m........  3% 93.7M 1s
  2350K .......... ......[0m[91m.... .......... ..........[0m[91m ..........  3% 83.7M 1s
  2400K ......[0m[91m.... .......... ..........[0m[91m .......... ..........  4% 81.9M 1s
  2450K ....[0m[91m...... .......... .......... ......[0m[91m.... ..........  4% 94.3M 1s
  2500K ..[0m[91m........ .......... ......[0m[91m.... .......... ..........  4% 92.4M 1s[0m[91m
  2550K .......... .......... ....[0m[91m...... .......... ..........  4% 87.9M 1s
  2600K ......[0m[91m.... .......... ..........[0m[91m .......... ..........  4% 97.5M 1s
  2650K ....[0m[91m...... .......... ........[0m[91m.. .......... ..........  4% 88.5M 1s
  2700K ..[0m[91m........ .......... .......... .......... ..[0m[91m........  4%  108M 1s
  2750K ........[0m[91m.. .......... .......... ..[0m[91m........ ..........  4% 75.9M 1s
  2800K ......[0m[91m.... .......... ..........[0m[91m .......... ..........  4% 90.1M 1s
  2850K ....[0m[91m...... .......... .......... .......... ....[0m[91m......  4%  113M 1s
  2900K ..........[0m[91m .......... .......... .......... ..[0m[91m........  4% 91.8M 1s
  2950K .......... .......... ....[0m[91m...... ..........[0m[91m ..........  4% 86.4M 1s
  3000K .......... .......... ..[0m[91m........ .......... ......[0m[91m....  5% 99.7M 1s
  3050K .......... ..........[0m[91m .......... ......[0m[91m.... ..........  5% 95.5M 1s
  3100K ..........[0m[91m .......... ......[0m[91m.... .......... ..........  5% 91.6M 1s[0m[91m
  3150K .......... ......[0m[91m.... .......... .......... ........[0m[91m..  5% 79.6M 1s
  3200K .......... .......... .......... .......... ..........  5%  124M 1s
  3250K .......... ..........[0m[91m .......... .......... ..........  5%  153M 1s
  3300K ..........[0m[91m .......... .......... ....[0m[91m...... ..........  5% 85.8M 1s
  3350K ........[0m[91m.. .......... ....[0m[91m...... .......... ..........  5% 76.3M 1s
  3400K ......[0m[91m.... .......... ..........[0m[91m .......... ..........  5%  101M 1s
  3450K .......... ..[0m[91m........ ........[0m[91m.. .......... ..........  5% 96.5M 1s
  3500K ..[0m[91m........ .......... ......[0m[91m.... .......... ..[0m[91m........  5% 98.8M 1s
  3550K ........[0m[91m.. ......[0m[91m.... ....[0m[91m...... ..........[0m[91m ..........  5% 67.2M 1s
  3600K ......[0m[91m.... .......... ..........[0m[91m .......... ......[0m[91m....  5%  107M 1s
  3650K .......... .......... ........[0m[91m.. .......... ....[0m[91m......  6%  101M 1s
  3700K .......... ........[0m[91m.. .......... ....[0m[91m...... ..........  6%  110M 1s
  3750K ........[0m[91m.. .......... .......... ..[0m[91m........ ........[0m[91m..  6% 79.5M 1s
  3800K ......[0m[91m.... .......... ..[0m[91m........ .......... ......[0m[91m....  6% 93.7M 1s
  3850K ....[0m[91m...... ..[0m[91m........ ........[0m[91m.. .......... ..........  6% 98.5M 1s
  3900K ..[0m[91m........ .......... ......[0m[91m.... .......... ..........  6% 89.2M 1s[0m[91m
  3950K .......... .......... ....[0m[91m...... .......... ........[0m[91m..  6% 94.7M 1s
  4000K .......... .......... ..........[0m[91m ........[0m[91m.. ..........  6%  108M 1s
  4050K ....[0m[91m...... ..........[0m[91m .......... .......... ....[0m[91m..[0m[91m....  6%  686K 2s
  4100K .......... ..........[0m[91m .......... .......... ..........  6% 57.9M 2s
  4150K ..........[0m[91m .......... .......... .......... ..........  6% 99.7M 2s
  4200K[0m[91m .......... .......... .......... ..[0m[91m........ ..........  6% 76.2M 2s
  4250K .......... .....[0m[91m..... ..[0m[91m........ .......... ..........  7% 66.0M 2s
  4300K ....[0m[91m...... .......... .......... ......[0m[91m.... ..........  7%  114M 2s
  4350K .......... .......... .......... .......... ..[0m[91m........  7%  151M 2s
  4400K .......... .......... .......... ..........[0m[91m ..........  7%  129M 2s
  4450K .......... .......... ..........[0m[91m .......... ..........  7%  160M 2s
  4500K .......... ..........[0m[91m .......... .......... ..........  7%  141M 2s
  4550K .......... .......... ......[0m[91m.... .......... ..........  7%  157M 2s
  4600K .......... ......[0m[91m.... .......... .......... ..........  7%  126M 2s
  4650K .......... .......... ..........[0m[91m .......... ..........  7%  155M 2s
  4700K .......... ..[0m[91m........ .......... .......... ..........  7%  139M 2s
  4750K ..........[0m[91m .......... .......... .......... ..........  7%  138M 2s[0m[91m
  4800K .......... .......... .......... ..........[0m[91m ..........  7%  125M 2s
  4850K .......... .......... .......... .......... ..........  8%  155M 2s
  4900K .......... .......... .......... .......... ....[0m[91m......  8%  150M 2s
  4950K .......... .......... .......... .......... ..[0m[91m........  8%  140M 2s
  5000K .......... .......... ....[0m[91m...... .......... ..........  8%  128M 2s
  5050K .......... ....[0m[91m...... .......... .......... ..........  8%  145M 2s
  5100K .......... ..[0m[91m........ .......... .......... ..........  8%  134M 2s
  5150K ..........[0m[91m .......... .......... .......... ..........  8%  152M 2s
  5200K .......... ......[0m[91m.... .......... .......... ..........  8%  118M 2s
  5250K .......... .......... .......... .......... ..........  8%  141M 1s
  5300K ....[0m[91m...... ..........[0m[91m .......... .......... ..........  8%  132M 1s
  5350K .......... ........[0m[91m.. .......... .......... ..........  8%  131M 1s
  5400K .......... .......... ....[0m[91m...... .......... ..........  8%  134M 1s
  5450K ......[0m[91m.... .......... .......... .......... ..........  9%  152M 1s
  5500K ....[0m[91m...... .......... ........[0m[91m.. .......... ..........  9%  151M 1s
  5550K .......... .......... ......[0m[91m.... .......... ..........  9%  158M 1s
  5600K .......... .......... ....[0m[91m...... .......... ..........  9%  126M 1s
  5650K .......... ....[0m[91m...... .......... .......... ......[0m[91m....  9%  146M 1s
  5700K .......... .......... .......... ......[0m[91m.... ..........  9%  147M 1s
  5750K .......... .......... ......[0m[91m.... .......... ..........  9%  139M 1s
  5800K .......... ......[0m[91m.... .......... .......... ........[0m[91m..  9%  128M 1s
  5850K .......... .......... .......... ........[0m[91m.. ..........  9%  136M 1s
  5900K .......... ..........[0m[91m .......... .......... ..........  9%  149M 1s
  5950K .......... ........[0m[91m.. ......[0m[91m.... .......... ..........  9%  141M 1s
  6000K .......... .......... .......... .......... ..........  9%  143M 1s
  6050K .......... .......... ..........[0m[91m .......... .......... 10%  126M 1s
  6100K .......... ..[0m[91m........ .......... .......... .......... 10%  153M 1s
  6150K ..........[0m[91m .......... .......... .......... ..[0m[91m........ 10%  151M 1s
  6200K .......... .......... ....[0m[91m...... .......... .......... 10%  121M 1s
  6250K .......... .......... ..[0m[91m........ .......... .......... 10%  153M 1s
  6300K .......... .......... ........[0m[91m.. .......... .......... 10%  149M 1s
  6350K .......... ........[0m[91m.. .......... .......... .......... 10%  141M 1s[0m[91m
  6400K .......... .......... ....[0m[91m...... .......... .......... 10%  120M 1s
  6450K .......... ....[0m[91m...... .......... .......... .......... 10%  146M 1s
  6500K .......... ..[0m[91m........ .......... .......... .......... 10%  149M 1s
  6550K ..[0m[91m........ .......... .......... .......... ..[0m[91m........ 10%  150M 1s
  6600K .......... .......... .......... ..[0m[91m........ .......... 10%  126M 1s
  6650K .......... .......... ..[0m[91m........ ........[0m[91m.. .......... 10%  132M 1s
  6700K .......... .......... .......... ......[0m[91m.... .......... 11%  152M 1s
  6750K .......... .......... .......... ....[0m[91m...... .......... 11%  158M 1s
  6800K .......... .......... ....[0m[91m...... .......... .......... 11%  129M 1s
  6850K .......... ....[0m[91m...... .......... .......... .......... 11%  152M 1s
  6900K .......... ..[0m[91m........ .......... .......... .......... 11%  151M 1s
  6950K ..........[0m[91m .......... .......... .......... .......... 11%  137M 1s
  7000K ........[0m[91m.. .......... .......... .......... ........[0m[91m.. 11%  112M 1s
  7050K .......... .......... .......... ........[0m[91m.. .......... 11%  148M 1s
  7100K .......... .......... .......... ......[0m[91m.... .......... 11%  137M 1s
  7150K ..........[0m[91m .......... .......... .......... .......... 11%  138M 1s
  7200K .......... ......[0m[91m.... .......... .......... .......... 11%  115M 1s
  7250K ......[0m[91m.... .......... .......... .......... .......... 11%  154M 1s
  7300K ....[0m[91m...... .......... .......... .......... .......... 12%  152M 1s
  7350K ..........[0m[91m .......... .......... .......... .......... 12%  138M 1s[0m[91m
  7400K .......... .......... .......... ..[0m[91m........ .......... 12%  133M 1s
  7450K .......... .......... .......... .......... ......[0m[91m.... 12%  155M 1s
  7500K .......... .......... .......... .......... .......... 12%  155M 1s
  7550K .......... ........[0m[91m.. .......... .......... .......... 12%  139M 1s
  7600K .......... .......... ....[0m[91m...... .......... .......... 12%  127M 1s
  7650K ......[0m[91m.... .......... .......... ........[0m[91m.. .......... 12%  151M 1s
  7700K .......... ..[0m[91m........ .......... .......... ....[0m[91m...... 12%  167M 1s
  7750K .......... .......... ......[0m[91m.... .......... .......... 12%  166M 1s
  7800K ........[0m[91m.. .......... .......... ..........[0m[91m .......... 12%  140M 1s
  7850K .......... .......... ..[0m[91m........ .......... ......[0m[91m.... 12%  147M 1s
  7900K .......... .......... ........[0m[91m.. .......... .......... 13%  172M 1s
  7950K ..........[0m[91m .......... .......... .......... ..[0m[91m........ 13%  162M 1s
  8000K .......... .......... ....[0m[91m...... .......... .......... 13%  148M 1s
  8050K ......[0m[91m.... .......... .......... ........[0m[91m.. .......... 13%  170M 1s
  8100K .......... ..........[0m[91m .......... .......... ....[0m[91m...... 13%  157M 1s
  8150K .......... .......... ......[0m[91m.... .......... ..[0m[91m........ 13%  198K 3s
  8200K .......... .......... .......... ..[0m[91m........[0m[91m .......... 13% 51.4M 3s
  8250K ......[0m[91m.... ....[0m[91m...... .......... .......... .......... 13% 75.6M 3s
  8300K .......... ..........[0m[91m .......... .......... .......... 13% 86.2M 3s
  8350K ..[0m[91m........ ........[0m[91m.. .......... ....[0m[91m...... ..[0m[91m........ 13% 61.9M 3s
  8400K ........[0m[91m.. .......... .......... ..[0m[91m........ ........[0m[91m.. 13% 63.3M 3s
  8450K .......... .......... .......... .......... ......[0m[91m.... 13%  137M 3s
  8500K .......... .......... .......... .......... ....[0m[91m...... 14%  154M 3s
  8550K .......... .......... .......... .......... .......... 14%  151M 3s[0m[91m
  8600K .......... .......... .......... .......... .......... 14%  123M 3s
  8650K .......... .......... .......... .......... .......... 14%  180M 3s
  8700K ....[0m[91m...... .......... .......... .......... .......... 14%  149M 3s
  8750K ..........[0m[91m .......... .......... .......... .......... 14%  139M 2s
  8800K ........[0m[91m.. .......... .......... .......... .......... 14%  132M 2s
  8850K ......[0m[91m.... .......... .......... .......... .......... 14%  141M 2s
  8900K ....[0m[91m...... .......... .......... .......... ....[0m[91m...... 14%  136M 2s
  8950K .......... .......... .......... .......... .......... 14%  146M 2s[0m[91m
  9000K .......... .......... .......... .......... .......... 14%  127M 2s
  9050K ......[0m[91m.... .......... .......... .......... ......[0m[91m.... 14%  151M 2s
  9100K .......... .......... ........[0m[91m.. .......... .......... 15%  143M 2s
  9150K ..........[0m[91m .......... .......... .......... ..[0m[91m........ 15%  148M 2s
  9200K .......... .......... .......... ..[0m[91m........ .......... 15%  138M 2s
  9250K .......... ....[0m[91m...... .......... .......... .......... 15%  164M 2s
  9300K .......... ..........[0m[91m .......... .......... ....[0m[91m...... 15%  169M 2s
  9350K .......... .......... .......... .......... ..[0m[91m........ 15%  162M 2s
  9400K .......... .......... .......... .......... .......... 15%  129M 2s
  9450K .......... .......... ..[0m[91m........ .......... .......... 15%  155M 2s
  9500K .......... .......... .......... ......[0m[91m.... .......... 15%  151M 2s
  9550K .......... .......... .......... .......... .......... 15%  142M 2s
  9600K .......... .......... .......... ..........[0m[91m .......... 15%  112M 2s
  9650K .......... .......... .......... ........[0m[91m.. .......... 15%  130M 2s
  9700K ....[0m[91m...... .......... .......... .......... .......... 15%  157M 2s
  9750K ..........[0m[91m .......... .......... .......... .......... 16%  135M 2s
  9800K .......... .......... .......... .......... ........[0m[91m.. 16%  122M 2s
  9850K .......... .......... .......... ........[0m[91m.. .......... 16%  152M 2s
  9900K .......... .......... ........[0m[91m.. .......... .......... 16%  139M 2s
  9950K .......... .......... .......... ....[0m[91m...... .......... 16%  142M 2s
 10000K .......... .......... .......... ..[0m[91m........ .......... 16%  134M 2s
 10050K .......... .......... ..[0m[91m........ .......... .......... 16%  146M 2s
 10100K .......... ..........[0m[91m .......... .......... .......... 16%  147M 2s
 10150K ..[0m[91m........ .......... .......... .......... .......... 16%  156M 2s[0m[91m
 10200K .......... .......... .......... .......... ........[0m[91m.. 16%  125M 2s
 10250K .......... .......... .......... .......... ......[0m[91m.... 16%  140M 2s
 10300K .......... .......... ........[0m[91m.. .......... .......... 16%  157M 2s
 10350K .......... .......... .......... ....[0m[91m...... .......... 17%  141M 2s
 10400K .......... .......... .......... ..........[0m[91m .......... 17%  122M 2s
 10450K .......... .......... .......... .......... .......... 17%  149M 2s
 10500K ....[0m[91m...... .......... .......... .......... .......... 17%  141M 2s
 10550K ..[0m[91m........ .......... .......... .......... .......... 17%  148M 2s[0m[91m
 10600K .......... ......[0m[91m.... .......... .......... .......... 17%  119M 2s
 10650K .......... .......... .......... .......... .......... 17%  131M 2s
 10700K ....[0m[91m...... .......... .......... ......[0m[91m.... .......... 17%  104M 2s
 10750K ..........[0m[91m .......... .......... .......... .......... 17%  132M 2s[0m[91m
 10800K .......... .......... .......... .......... .......... 17%  122M 2s
 10850K ......[0m[91m.... .......... .......... ........[0m[91m.. .......... 17%  144M 2s
 10900K .......... .......... .......... ......[0m[91m.... .......... 17%  151M 2s
 10950K .......... ........[0m[91m.. .......... .......... .......... 18%  159M 2s
 11000K ........[0m[91m.. .......... .......... .......... .......... 18%  120M 2s
 11050K ......[0m[91m.... .......... .......... .......... .......... 18%  151M 2s
 11100K ....[0m[91m...... .......... .......... .......... ....[0m[91m...... 18%  139M 2s
 11150K .......... .......... .......... .......... .......... 18%  139M 2s[0m[91m
 11200K .......... .......... .......... ..[0m[91m........ .......... 18%  135M 2s
 11250K .......... .......... .......... .......... .......... 18%  145M 2s
 11300K ....[0m[91m...... .......... .......... .......... .......... 18%  150M 2s
 11350K ..[0m[91m........ .......... .......... .......... .......... 18%  128M 2s[0m[91m
 11400K .......... .......... .......... .......... .......... 18%  135M 2s
 11450K .......... .......... .......... .......... .......... 18%  151M 2s
 11500K .......... ..[0m[91m........ .......... .......... .......... 18%  149M 2s
 11550K .......... .......... .......... .......... .......... 19%  145M 2s[0m[91m
 11600K .......... .......... .......... ..[0m[91m........ .......... 19%  106M 2s
 11650K .......... ....[0m[91m...... .......... .......... .......... 19%  153M 2s
 11700K ....[0m[91m...... .......... .......... ......[0m[91m.... .......... 19%  139M 2s
 11750K .......... .......... .......... .......... .......... 19%  156M 2s[0m[91m
 11800K .......... .......... .......... .......... .......... 19%  127M 2s
 11850K .......... ....[0m[91m...... .......... .......... .......... 19%  139M 2s
 11900K .......... ..........[0m[91m .......... .......... .......... 19%  128M 2s
 11950K .......... .......... .......... ....[0m[91m...... .......... 19%  142M 2s
 12000K .......... .......... ....[0m[91m...... .......... .......... 19% 86.3M 2s
 12050K .......... .......... ..........[0m[91m .......... .......... 19% 93.0M 2s
 12100K .......... ..........[0m[91m .......... .......... .......... 19%  116M 2s
 12150K .......... .......... ......[0m[91m.... .......... .......... 20%  117M 2s
 12200K .......... ......[0m[91m.... .......... .......... .......... 20%  104M 2s
 12250K ......[0m[91m.... .......... .......... .......... .......... 20%  129M 2s
 12300K ....[0m[91m...... .......... .......... .......... ....[0m[91m...... 20%  114M 2s
 12350K .......... .......... ......[0m[91m.... .......... .......... 20%  140M 2s
 12400K .......... ......[0m[91m.... .......... .......... .......... 20% 90.7M 2s
 12450K .......... .......... ..[0m[91m........ .......... .......... 20% 89.0M 2s
 12500K .......... .......... .......... .......... ....[0m[91m...... 20%  129M 2s
 12550K .......... ........[0m[91m.. .......... .......... .......... 20%  112M 2s[0m[91m
 12600K .......... .......... .......... .......... ........[0m[91m.. 20%  109M 2s
 12650K .......... .......... .......... ........[0m[91m.. .......... 20%  122M 2s
 12700K .......... .......... ........[0m[91m.. .......... .......... 20%  149M 2s
 12750K .......... ........[0m[91m.. .......... .......... .......... 20%  147M 2s
 12800K .......... ......[0m[91m.... .......... .......... ........[0m[91m.. 21%  127M 2s
 12850K .......... .......... .......... .......... ......[0m[91m.... 21%  145M 2s
 12900K .......... ..[0m[91m........ .......... .......... .......... 21%  135M 2s
 12950K ..[0m[91m........ .......... .......... .......... .......... 21%  126M 2s
 13000K .......... .......... .......... ..[0m[91m........ .......... 21%  130M 2s
 13050K .......... .......... .......... .......... .......... 21%  143M 2s
 13100K ....[0m[91m...... .......... .......... .......... .......... 21%  133M 2s
 13150K ..[0m[91m........ .......... .......... .......... .......... 21%  146M 2s[0m[91m
 13200K .......... .......... .......... .......... ........[0m[91m.. 21%  119M 2s
 13250K .......... .......... .......... ........[0m[91m.. .......... 21%  144M 2s
 13300K .......... .......... .......... .......... ....[0m[91m...... 21%  156M 2s
 13350K .......... .......... .......... .......... .......... 21%  129M 2s[0m[91m
 13400K .......... .......... .......... .......... .......... 22%  114M 2s
 13450K .......... .......... .......... ........[0m[91m.. .......... 22%  152M 2s
 13500K .......... .......... .......... .......... ....[0m[91m...... 22%  141M 2s
 13550K .......... .......... .......... .......... .......... 22%  144M 2s[0m[91m
 13600K .......... .......... .......... .......... .......... 22%  131M 2s
 13650K ......[0m[91m.... .......... .......... .......... .......... 22%  140M 2s
 13700K ....[0m[91m...... .......... .......... .......... .......... 22%  124M 2s
 13750K .......... ........[0m[91m.. .......... .......... .......... 22%  121M 2s
 13800K .......... ......[0m[91m.... .......... .......... .......... 22%  126M 2s
 13850K .......... .......... .......... .......... ......[0m[91m.... 22%  137M 2s
 13900K .......... .......... .......... .......... .......... 22%  140M 2s
 13950K ..........[0m[91m .......... ......[0m[91m.... .......... .......... 22%  141M 2s
 14000K .......... .......... .......... ..........[0m[91m .......... 23%  113M 2s
 14050K .......... .......... .......... .......... ......[0m[91m.... 23%  143M 2s
 14100K .......... .......... .......... .......... .......... 23%  156M 2s
 14150K .......... .......... .......... .......... .......... 23%  145M 2s
 14200K .......... .......... .......... .......... .......... 23%  125M 2s
 14250K ......[0m[91m.... .......... .......... .......... .......... 23%  137M 2s
 14300K .......... .......... .......... .......... ....[0m[91m...... 23%  143M 1s
 14350K .......... .......... .......... .......... .......... 23%  151M 1s
 14400K .......... .......... .......... ..........[0m[91m .......... 23%  118M 1s
 14450K .......... .......... ..........[0m[91m .......... .......... 23%  142M 1s
 14500K .......... .......... ........[0m[91m.. .......... .......... 23%  146M 1s
 14550K .......... ........[0m[91m.. .......... .......... .......... 23%  136M 1s
 14600K ........[0m[91m.. .......... .......... .......... ........[0m[91m.. 24% 96.7M 1s
 14650K .......... .......... .......... .......... .......... 24%  115M 1s
 14700K .......... .......... .......... .......... .......... 24%  130M 1s
 14750K .......... .......... .......... .......... .......... 24% 86.1M 1s
 14800K .......... .......... .......... .......... .......... 24%  107M 1s
 14850K .......... .......... .......... .......... .......... 24% 81.2M 1s
 14900K .......... .......... .......... .......... .......... 24%  134M 1s
 14950K .......... .......... ......[0m[91m.... .......... .......... 24% 56.1M 1s
 15000K ........[0m[91m.. .......... .......... .......... .......... 24%  117M 1s
 15050K .......... .......... ..........[0m[91m .......... .......... 24% 99.6M 1s
 15100K ....[0m[91m...... .......... .......... .......... .......... 24%  127M 1s
 15150K .......... ........[0m[91m.. .......... .......... .......... 24%  130M 1s
 15200K .......... ......[0m[91m.... .......... .......... .......... 25%  107M 1s
 15250K ......[0m[91m.... .......... .......... ........[0m[91m.. .......... 25%  138M 1s
 15300K .......... .......... ........[0m[91m.. .......... .......... 25%  128M 1s
 15350K .......... .......... ......[0m[91m.... .......... .......... 25%  136M 1s
 15400K .......... .......... ....[0m[91m...... .......... .......... 25%  112M 1s
 15450K .......... ....[0m[91m...... .......... .......... .......... 25%  125M 1s
 15500K .......... .......... ........[0m[91m.. .......... .......... 25%  137M 1s
 15550K .......... .......... ......[0m[91m.... .......... .......... 25%  135M 1s
 15600K .......... .......... ....[0m[91m...... .......... .......... 25%  127M 1s
 15650K .......... ....[0m[91m...... .......... .......... .......... 25%  137M 1s
 15700K .......... ..........[0m[91m .......... .......... .......... 25%  120M 1s
 15750K ..[0m[91m........ .......... .......... .......... .......... 25%  151M 1s
 15800K ........[0m[91m.. .......... .......... .......... ........[0m[91m.. 25%  116M 1s
 15850K .......... .......... .......... .......... .......... 26%  144M 1s
 15900K .......... ..[0m[91m........ .......... .......... .......... 26%  146M 1s
 15950K .......... ........[0m[91m.. .......... .......... .......... 26%  140M 1s[0m[91m
 16000K .......... .......... .......... .......... ........[0m[91m.. 26%  115M 1s
 16050K .......... .......... .......... .......... .......... 26% 92.9M 1s
 16100K .......... ..........[0m[91m .......... .......... .......... 26%  127M 1s
 16150K .......... .......... .......... .......... .......... 26%  129M 1s
 16200K .......... .......... .......... ..........[0m[91m .......... 26%  101M 1s
 16250K .......... .......... .......... ........[0m[91m.. .......... 26%  124M 1s
 16300K .......... .......... .......... ......[0m[91m.... .......... 26%  128M 1s
 16350K .......... .......... .......... ....[0m[91m...... .......... 26%  154M 1s
 16400K .......... .......... .......... ..[0m[91m........ .......... 26%  123M 1s
 16450K .......... .......... [0m[91m.......... .......... .......... 27%  122M 1s
 16500K .......... ..[0m[91m........ .......... .......... .......... 27%  146M 1s
 16550K ..[0m[91m........ .......... .......... .......... .......... 27%  146M 1s[0m[91m
 16600K .......... .......... .......... .......... ........[0m[91m.. 27%  115M 1s
 16650K .......... .......... ..........[0m[91m .......... .......... 27%  148M 1s
 16700K .......... .......... ........[0m[91m.. .......... .......... 27%  146M 1s
 16750K .......... .......... ......[0m[91m.... .......... .......... 27%  139M 1s
 16800K ........[0m[91m.. .......... .......... .......... .......... 27%  126M 1s
 16850K ......[0m[91m.... .......... .......... .......... .......... 27%  139M 1s
 16900K ....[0m[91m...... .......... ........[0m[91m.. .......... .......... 27%  150M 1s
 16950K .......... .......... .......... .......... .......... 27%  160M 1s
 17000K .......... .......... .......... .......... ........[0m[91m.. 27%  128M 1s
 17050K .......... .......... .......... .......... .......... 28%  141M 1s
 17100K .......... ..[0m[91m........ .......... .......... .......... 28%  132M 1s
 17150K .......... ........[0m[91m.. .......... .......... .......... 28%  143M 1s[0m[91m
 17200K .......... .......... .......... ..........[0m[91m .......... 28%  124M 1s
 17250K .......... .......... .......... ........[0m[91m.. .......... 28%  146M 1s
 17300K .......... .......... ........[0m[91m.. .......... .......... 28%  130M 1s
 17350K .......... ........[0m[91m.. .......... .......... .......... 28%  136M 1s
 17400K ........[0m[91m.. .......... .......... ..[0m[91m........ .......... 28%  112M 1s
 17450K .......... .......... .......... ........[0m[91m.. .......... 28%  144M 1s
 17500K .......... .......... .......... ......[0m[91m.... .......... 28%  149M 1s
 17550K ..........[0m[91m .......... .......... ....[0m[91m...... .......... 28%  114M 1s
 17600K .......... .......... .......... ..........[0m[91m ........[0m[91m.. 28% 79.4M 1s
 17650K .......... .......... .......... ........[0m[91m.. .......... 29%  123M 1s
 17700K .......... .......... ........[0m[91m.. .......... .......... 29%  146M 1s
 17750K .......... ........[0m[91m.. .......... .......... .......... 29%  145M 1s
 17800K ........[0m[91m.. .......... .......... .......... ........[0m[91m.. 29%  121M 1s
 17850K .......... .......... .......... ........[0m[91m.. .......... 29%  144M 1s
 17900K .......... .......... .......... ......[0m[91m.... .......... 29%  147M 1s
 17950K .......... ........[0m[91m.. .......... .......... .......... 29%  149M 1s[0m[91m
 18000K .......... .......... .......... .......... .......... 29%  127M 1s
 18050K .......... ....[0m[91m...... .......... .......... .......... 29%  118M 1s
 18100K ....[0m[91m...... ..........[0m[91m .......... .......... .......... 29%  139M 1s
 18150K .......... .......... ......[0m[91m.... .......... .......... 29%  144M 1s
 18200K .......... ......[0m[91m.... .......... .......... .......... 29%  117M 1s
 18250K ......[0m[91m.... .......... .......... ........[0m[91m.. .......... 30%  155M 1s
 18300K .......... .......... ........[0m[91m.. .......... .......... 30%  144M 1s
 18350K .......... .......... ......[0m[91m.... .......... .......... 30%  143M 1s[0m[91m
 18400K .......... .......... .......... .......... ........[0m[91m.. 30%  132M 1s
 18450K .......... .......... ..[0m[91m........ .......... .......... 30%  152M 1s
 18500K ....[0m[91m...... .......... .......... .......... .......... 30%  153M 1s
 18550K ..[0m[91m........ .......... .......... ....[0m[91m...... .......... 30%  143M 1s
 18600K .......... .......... .......... .......... ........[0m[91m.. 30%  129M 1s
 18650K .......... .......... ..[0m[91m........ .......... .......... 30%  116M 1s
 18700K .......... ..[0m[91m........ .......... .......... .......... 30%  138M 1s
 18750K ..[0m[91m........ .......... .......... .......... .......... 30%  142M 1s[0m[91m
 18800K .......... .......... .......... ..[0m[91m........ .......... 30%  127M 1s
 18850K .......... .......... ..[0m[91m........ .......... .......... 30%  147M 1s
 18900K .......... ..........[0m[91m .......... .......... .......... 31%  146M 1s
 18950K ..........[0m[91m .......... .......... .......... ..[0m[91m........ 31%  135M 1s
 19000K .......... .......... .......... ..[0m[91m........ .......... 31%  137M 1s
 19050K .......... .......... ..[0m[91m........ .......... .......... 31%  145M 1s
 19100K .......... ..[0m[91m........ .......... .......... .......... 31%  149M 1s
 19150K .......... ........[0m[91m.. .......... .......... .......... 31%  163M 1s[0m[91m
 19200K .......... .......... .......... ..[0m[91m........ .......... 31%  106M 1s
 19250K .......... ....[0m[91m...... .......... .......... .......... 31%  152M 1s
 19300K .......... ..........[0m[91m .......... .......... .......... 31%  158M 1s
 19350K ..........[0m[91m .......... .......... .......... .......... 31%  137M 1s[0m[91m
 19400K .......... .......... .......... ..........[0m[91m .......... 31%  129M 1s
 19450K .......... .......... ..[0m[91m........ .......... .......... 31%  146M 1s
 19500K .......... ..........[0m[91m .......... .......... .......... 32%  149M 1s
 19550K .......... ........[0m[91m.. .......... .......... .......... 32%  147M 1s
 19600K .......... ......[0m[91m.... .......... .......... .......... 32%  130M 1s
 19650K .......... .......... .......... .......... .......... 32%  179M 1s
 19700K ....[0m[91m...... .......... .......... .......... .......... 32%  147M 1s
 19750K ..........[0m[91m .......... .......... .......... ..[0m[91m........ 32%  143M 1s
 19800K .......... .......... .......... ..[0m[91m........ .......... 32%  102M 1s
 19850K .......... .......... ..........[0m[91m .......... .......... 32%  149M 1s
 19900K .......... .......... ........[0m[91m.. .......... .......... 32%  135M 1s
 19950K ..[0m[91m........ .......... .......... .......... .......... 32%  151M 1s[0m[91m
 20000K .......... .......... .......... .......... ........[0m[91m.. 32%  133M 1s
 20050K .......... .......... ..........[0m[91m .......... .......... 32%  144M 1s
 20100K .......... .......... ........[0m[91m.. .......... .......... 33%  149M 1s
 20150K .......... .......... .......... ....[0m[91m...... .......... 33%  145M 1s
 20200K .......... .......... .......... ..........[0m[91m .......... 33% 87.7M 1s
 20250K .......... .......... ..[0m[91m........ .......... .......... 33%  116M 1s
 20300K .......... ..[0m[91m........ .......... .......... ....[0m[91m...... 33%  111M 1s
 20350K .......... .......... ......[0m[91m.... .......... .......... 33%  141M 1s
 20400K .......... ......[0m[91m.... .......... .......... ........[0m[91m.. 33%  124M 1s
 20450K .......... .......... .......... .......... .......... 33%  147M 1s
 20500K ....[0m[91m...... .......... .......... .......... .......... 33%  150M 1s
 20550K .......... ........[0m[91m.. .......... .......... .......... 33%  141M 1s
 20600K .......... .......... .......... ..[0m[91m........ .......... 33%  144M 1s
 20650K .......... .......... .......... .......... .......... 33%  140M 1s
 20700K ....[0m[91m...... .......... .......... ......[0m[91m.... .......... 34%  146M 1s
 20750K .......... .......... .......... .......... ..[0m[91m........ 34%  149M 1s
 20800K .......... .......... ....[0m[91m...... .......... .......... 34%  132M 1s
 20850K .......... .......... .......... .......... .......... 34%  144M 1s
 20900K ....[0m[91m...... ..[0m[91m........ .......... .......... .......... 34% 89.3M 1s
 20950K .......... .......... ......[0m[91m.... .......... .......... 34%  113M 1s
 21000K .......... .......... ....[0m[91m...... .......... .......... 34%  111M 1s
 21050K .......... .......... .......... .......... .......... 34%  130M 1s
 21100K .......... .......... ........[0m[91m.. .......... .......... 34%  146M 1s
 21150K .......... .......... ......[0m[91m.... .......... .......... 34%  146M 1s
 21200K .......... ......[0m[91m.... .......... ..[0m[91m........ .......... 34%  112M 1s
 21250K .......... .......... ..........[0m[91m .......... .......... 34%  148M 1s
 21300K .......... .......... ........[0m[91m.. .......... .......... 35%  139M 1s
 21350K .......... ........[0m[91m.. .......... .......... .......... 35%  142M 1s[0m[91m
 21400K .......... .......... .......... ..........[0m[91m .......... 35%  119M 1s
 21450K .......... .......... .......... ........[0m[91m.. .......... 35%  137M 1s
 21500K .......... .......... ........[0m[91m.. .......... .......... 35%  127M 1s
 21550K .......... .......... .......... .......... ..[0m[91m........ 35%  159M 1s
 21600K .......... .......... .......... ..[0m[91m........ .......... 35%  121M 1s
 21650K .......... ....[0m[91m...... .......... .......... .......... 35%  141M 1s
 21700K .......... ..[0m[91m........ .......... .......... .......... 35%  143M 1s
 21750K ..........[0m[91m .......... .......... ....[0m[91m...... .......... 35%  125M 1s
 21800K .......... .......... .......... .......... ........[0m[91m.. 35%  129M 1s
 21850K .......... .......... .......... .......... ......[0m[91m.... 35%  139M 1s
 21900K .......... .......... .......... ......[0m[91m.... .......... 35%  143M 1s
 21950K .......... ........[0m[91m.. .......... .......... .......... 36%  111M 1s
 22000K .......... .......... .......... .......... ........[0m[91m.. 36%  117M 1s
 22050K .......... .......... .......... .......... ......[0m[91m.... 36%  155M 1s
 22100K .......... .......... .......... ......[0m[91m.... .......... 36%  139M 1s
 22150K .......... ........[0m[91m.. .......... .......... .......... 36%  152M 1s
 22200K .......... .......... .......... ..[0m[91m........ .......... 36%  128M 1s
 22250K .......... .......... ..[0m[91m........ .......... .......... 36% 99.4M 1s
 22300K .......... ..[0m[91m........ .......... .......... ....[0m[91m...... 36%  120M 1s
 22350K .......... .......... .......... ....[0m[91m...... .......... 36%  134M 1s
 22400K .......... .......... ....[0m[91m...... .......... .......... 36%  118M 1s
 22450K .......... .......... .......... .......... .......... 36%  134M 1s
 22500K ....[0m[91m...... .......... .......... .......... .......... 36%  144M 1s
 22550K .......... .......... .......... .......... ..[0m[91m........ 37%  136M 1s
 22600K .......... .......... .......... .......... .......... 37%  117M 1s
 22650K .......... ....[0m[91m...... .......... .......... .......... 37% 77.0M 1s
 22700K .......... .......... .......... .......... .......... 37%  136M 1s
 22750K .......... .......... .......... .......... ..[0m[91m........ 37%  146M 1s[0m[91m
 22800K .......... .......... .......... .......... .......... 37%  102M 1s
 22850K .......... .......... .......... .......... ......[0m[91m.... 37%  125M 1s
 22900K .......... ..........[0m[91m .......... .......... .......... 37% 78.0M 1s
 22950K ..........[0m[91m .......... .......... .......... .......... 37%  130M 1s[0m[91m
 23000K .......... .......... .......... ..........[0m[91m .......... 37% 96.5M 1s
 23050K .......... .......... .......... .......... ......[0m[91m.... 37%  129M 1s
 23100K .......... .......... .......... ......[0m[91m.... ....[0m[91m...... 37%  139M 1s
 23150K .......... .......... .......... .......... ..[0m[91m........ 38%  156M 1s
 23200K .......... .......... .......... .......... .......... 38%  122M 1s
 23250K .......... ....[0m[91m...... .......... .......... .......... 38% 93.6M 1s
 23300K .......... .......... ........[0m[91m.. .......... .......... 38%  129M 1s
 23350K .......... .......... ......[0m[91m.... .......... .......... 38%  135M 1s
 23400K ........[0m[91m.. .......... .......... .......... .......... 38% 92.2M 1s
 23450K .......... .......... .......... .......... .......... 38%  129M 1s
 23500K .......... ..[0m[91m........ .......... .......... .......... 38%  148M 1s
 23550K ..........[0m[91m .......... .......... .......... .......... 38%  146M 1s
 23600K .......... .......... .......... ..[0m[91m........ .......... 38%  122M 1s
 23650K .......... .......... ..........[0m[91m .......... .......... 38%  122M 1s
 23700K .......... .......... .......... .......... .......... 38%  137M 1s
 23750K ..........[0m[91m .......... .......... .......... .......... 39%  132M 1s
 23800K .......... .......... .......... .......... .......... 39%  118M 1s
 23850K ......[0m[91m.... .......... .......... .......... .......... 39%  143M 1s
 23900K .......... ..[0m[91m........ .......... .......... .......... 39%  144M 1s
 23950K .......... ........[0m[91m.. .......... .......... .......... 39%  121M 1s
 24000K ........[0m[91m.. .......... .......... ..........[0m[91m .......... 39%  129M 1s
 24050K .......... .......... ..[0m[91m........ .......... .......... 39%  144M 1s
 24100K ....[0m[91m...... .......... .......... ......[0m[91m.... .......... 39%  159M 1s
 24150K .......... ........[0m[91m.. .......... .......... .......... 39%  143M 1s
 24200K .......... .......... .......... .......... .......... 39%  125M 1s
 24250K ......[0m[91m.... .......... .......... .......... .......... 39%  128M 1s
 24300K .......... .......... .......... .......... .......... 39%  132M 1s
 24350K .......... .......... ......[0m[91m.... .......... .......... 40%  134M 1s
 24400K .......... .......... ....[0m[91m...... .......... .......... 40%  122M 1s
 24450K ......[0m[91m.... .......... .......... .......... ......[0m[91m.... 40%  152M 1s
 24500K .......... .......... .......... ......[0m[91m.... .......... 40%  136M 1s
 24550K .......... ........[0m[91m.. .......... .......... .......... 40%  143M 1s
 24600K ........[0m[91m.. .......... .......... .......... ........[0m[91m.. 40%  133M 1s
 24650K .......... .......... .......... .......... ......[0m[91m.... 40%  149M 1s
 24700K .......... .......... ........[0m[91m.. .......... .......... 40%  148M 1s
 24750K .......... ........[0m[91m.. .......... .......... .......... 40%  145M 1s
 24800K .......... .......... ....[0m[91m...... .......... .......... 40%  123M 1s
 24850K ......[0m[91m.... .......... .......... .......... .......... 40%  142M 1s
 24900K .......... .......... .......... .......... .......... 40%  140M 1s
 24950K ..[0m[91m........ ........[0m[91m.. .......... .......... .......... 40%  146M 1s
 25000K .......... .......... .......... ..........[0m[91m .......... 41%  117M 1s
 25050K .......... .......... ..[0m[91m........ .......... .......... 41%  121M 1s
 25100K .......... ..........[0m[91m .......... .......... .......... 41%  140M 1s
 25150K ..[0m[91m........ .......... .......... .......... .......... 41%  155M 1s[0m[91m
 25200K .......... .......... .......... .......... .......... 41%  101M 1s
 25250K .......... .......... .......... .......... .......... 41%  122M 1s
 25300K ....[0m[91m...... .......... .......... .......... .......... 41%  137M 1s
 25350K ..[0m[91m........ .......... .......... .......... .......... 41%  117M 1s
 25400K ........[0m[91m.. .......... .......... .......... .......... 41%  113M 1s
 25450K .......... .......... .......... .......... .......... 41%  127M 1s
 25500K .......... ..[0m[91m........ .......... .......... .......... 41%  131M 1s
 25550K .......... .......... .......... .......... .......... 41%  112M 1s
 25600K .......... .......... .......... .......... .......... 42%  135M 1s
 25650K .......... ....[0m[91m...... .......... .......... .......... 42%  134M 1s
 25700K .......... .......... ........[0m[91m.. .......... .......... 42%  158M 1s
 25750K .......... .......... .......... ....[0m[91m...... .......... 42%  161M 1s
 25800K .......... ......[0m[91m.... .......... .......... .......... 42%  132M 1s
 25850K ......[0m[91m.... .......... .......... .......... ......[0m[91m.... 42%  163M 1s
 25900K .......... .......... ........[0m[91m.. .......... .......... 42%  167M 1s
 25950K ..........[0m[91m .......... .......... .......... ..[0m[91m........ 42%  158M 1s
 26000K .......... .......... ....[0m[91m...... .......... .......... 42%  140M 1s
 26050K ......[0m[91m.... .......... .......... ........[0m[91m.. .......... 42%  154M 1s
 26100K .......... ..[0m[91m........[0m[91m .......... .......... .......... 42%  154M 1s
 26150K .......... .......... .......... ....[0m[91m...... .......... 42%  147M 1s
 26200K .......... ......[0m[91m.... .......... .......... .......... 43%  139M 1s
 26250K .......... .......... ..[0m[91m........ .......... .......... 43%  153M 1s
 26300K ....[0m[91m...... .......... .......... ......                43%  162M=0.6s

[0m[91m2020-04-16 01:53:51 (46.7 MB/s) - Read error at byte 26968064/62442704 (Connection reset by peer). [0mThe command '/bin/sh -c wget https://storage.googleapis.com/golang/go1.4.2.linux-amd64.tar.gz' returned a non-zero code: 1
