Sending build context to Docker daemon  2.048kB
Step 1/3 : FROM couchbase:4.5.1
4.5.1: Pulling from library/couchbase
c60055a51d74: Pulling fs layer
755da0cdb7d2: Pulling fs layer
969d017f67e6: Pulling fs layer
37c9a9113595: Pulling fs layer
a3d9f8479786: Pulling fs layer
1e2d8c867794: Pulling fs layer
50d3150f056e: Pulling fs layer
664a6ba7ab19: Pulling fs layer
8f0403029d3b: Pulling fs layer
c835019e246f: Pulling fs layer
0269e8f3b8c4: Pulling fs layer
54a32c536fdd: Pulling fs layer
61d9deaea6bc: Pulling fs layer
37c9a9113595: Waiting
a3d9f8479786: Waiting
1e2d8c867794: Waiting
50d3150f056e: Waiting
664a6ba7ab19: Waiting
8f0403029d3b: Waiting
c835019e246f: Waiting
0269e8f3b8c4: Waiting
54a32c536fdd: Waiting
61d9deaea6bc: Waiting
969d017f67e6: Verifying Checksum
969d017f67e6: Download complete
755da0cdb7d2: Verifying Checksum
755da0cdb7d2: Download complete
37c9a9113595: Verifying Checksum
37c9a9113595: Download complete
a3d9f8479786: Verifying Checksum
a3d9f8479786: Download complete
c60055a51d74: Verifying Checksum
c60055a51d74: Download complete
50d3150f056e: Verifying Checksum
50d3150f056e: Download complete
1e2d8c867794: Verifying Checksum
1e2d8c867794: Download complete
8f0403029d3b: Verifying Checksum
8f0403029d3b: Download complete
c835019e246f: Verifying Checksum
c835019e246f: Download complete
0269e8f3b8c4: Verifying Checksum
0269e8f3b8c4: Download complete
54a32c536fdd: Verifying Checksum
54a32c536fdd: Download complete
664a6ba7ab19: Verifying Checksum
664a6ba7ab19: Download complete
61d9deaea6bc: Verifying Checksum
61d9deaea6bc: Download complete
c60055a51d74: Pull complete
755da0cdb7d2: Pull complete
969d017f67e6: Pull complete
37c9a9113595: Pull complete
a3d9f8479786: Pull complete
1e2d8c867794: Pull complete
50d3150f056e: Pull complete
664a6ba7ab19: Pull complete
8f0403029d3b: Pull complete
c835019e246f: Pull complete
0269e8f3b8c4: Pull complete
54a32c536fdd: Pull complete
61d9deaea6bc: Pull complete
Digest: sha256:fd2a215857f155ad63fafa895a0c1fe5621d361cbcb66d3d8810101a12cc501a
Status: Downloaded newer image for couchbase:4.5.1
 ---> 855e0c4b44a1
Step 2/3 : COPY configure-node.sh /opt/couchbase
COPY failed: stat /var/lib/docker/tmp/docker-builder747526828/configure-node.sh: no such file or directory
