Sending build context to Docker daemon   2.56kB
Step 1/13 : FROM heroku/heroku:16-build as base
16-build: Pulling from heroku/heroku
fe703b657a32: Pulling fs layer
f9df1fafd224: Pulling fs layer
a645a4b887f9: Pulling fs layer
57db7fe0b522: Pulling fs layer
4c7443a3636f: Pulling fs layer
91a5819013a7: Pulling fs layer
4be34607b568: Pulling fs layer
ca152a611743: Pulling fs layer
4c7443a3636f: Waiting
91a5819013a7: Waiting
4be34607b568: Waiting
ca152a611743: Waiting
57db7fe0b522: Waiting
a645a4b887f9: Verifying Checksum
a645a4b887f9: Download complete
f9df1fafd224: Verifying Checksum
f9df1fafd224: Download complete
57db7fe0b522: Verifying Checksum
57db7fe0b522: Download complete
4c7443a3636f: Verifying Checksum
4c7443a3636f: Download complete
4be34607b568: Verifying Checksum
4be34607b568: Download complete
fe703b657a32: Verifying Checksum
fe703b657a32: Download complete
91a5819013a7: Verifying Checksum
91a5819013a7: Download complete
ca152a611743: Verifying Checksum
ca152a611743: Download complete
fe703b657a32: Pull complete
f9df1fafd224: Pull complete
a645a4b887f9: Pull complete
57db7fe0b522: Pull complete
4c7443a3636f: Pull complete
91a5819013a7: Pull complete
4be34607b568: Pull complete
ca152a611743: Pull complete
Digest: sha256:774803a50d638c53ddfa6b7d67785a67debe61c46f06025ac1d48da164d9532e
Status: Downloaded newer image for heroku/heroku:16-build
 ---> 7ea223d318f1
Step 2/13 : ENV PHP_BUILDPACK_VERSION v148
 ---> Running in 98c2a504a99b
Removing intermediate container 98c2a504a99b
 ---> c6fc2117e4b5
Step 3/13 : ENV APP /app
 ---> Running in 517ab7dca9e4
Removing intermediate container 517ab7dca9e4
 ---> 5472ea64c923
Step 4/13 : ENV HOME $APP
 ---> Running in 2da6ce1f3f2c
Removing intermediate container 2da6ce1f3f2c
 ---> 78c789b0e6ab
Step 5/13 : ENV HEROKU_PHP_BIN $APP/.heroku/php/bin
 ---> Running in 101e6bb4b75a
Removing intermediate container 101e6bb4b75a
 ---> 57b4b1a093bc
Step 6/13 : ENV STACK heroku-16
 ---> Running in 3198fb256d8e
Removing intermediate container 3198fb256d8e
 ---> 709d26e317ac
Step 7/13 : ADD . $APP
 ---> 24ca77ae302c
Step 8/13 : WORKDIR $APP
 ---> Running in ca589e7843ae
Removing intermediate container ca589e7843ae
 ---> 8b0f079b675f
Step 9/13 : RUN mkdir -p /tmp/buildpack/php /tmp/build_cache /tmp/env
 ---> Running in 0028099f049f
Removing intermediate container 0028099f049f
 ---> 723ae0ae911f
Step 10/13 : ADD https://github.com/heroku/heroku-buildpack-php/archive/$PHP_BUILDPACK_VERSION.tar.gz ./

 ---> eff5e156877f
Step 11/13 : RUN tar -xzvf $PHP_BUILDPACK_VERSION.tar.gz -C /tmp/buildpack/php --strip-components 1 && rm $PHP_BUILDPACK_VERSION.tar.gz
 ---> Running in a1389c0428e9
heroku-buildpack-php-148/.github/
heroku-buildpack-php-148/.github/CODEOWNERS
heroku-buildpack-php-148/.gitignore
heroku-buildpack-php-148/.travis.yml
heroku-buildpack-php-148/CHANGELOG.md
heroku-buildpack-php-148/LICENSE
heroku-buildpack-php-148/README.md
heroku-buildpack-php-148/bin/
heroku-buildpack-php-148/bin/compile
heroku-buildpack-php-148/bin/detect
heroku-buildpack-php-148/bin/heroku-hhvm-apache2
heroku-buildpack-php-148/bin/heroku-hhvm-nginx
heroku-buildpack-php-148/bin/heroku-php-apache2
heroku-buildpack-php-148/bin/heroku-php-nginx
heroku-buildpack-php-148/bin/release
heroku-buildpack-php-148/bin/test-compile
heroku-buildpack-php-148/bin/util/
heroku-buildpack-php-148/bin/util/autotune.php
heroku-buildpack-php-148/bin/util/blackfire.sh
heroku-buildpack-php-148/bin/util/common.sh
heroku-buildpack-php-148/bin/util/eol.php
heroku-buildpack-php-148/bin/util/failures.sh
heroku-buildpack-php-148/bin/util/newrelic.sh
heroku-buildpack-php-148/bin/util/platform.php
heroku-buildpack-php-148/buildpack.toml
heroku-buildpack-php-148/composer.json
heroku-buildpack-php-148/conf/
heroku-buildpack-php-148/conf/apache2/
heroku-buildpack-php-148/conf/apache2/default_include.conf
heroku-buildpack-php-148/conf/apache2/heroku.conf
heroku-buildpack-php-148/conf/hhvm/
heroku-buildpack-php-148/conf/hhvm/php.ini.php
heroku-buildpack-php-148/conf/nginx/
heroku-buildpack-php-148/conf/nginx/default_include.conf.php
heroku-buildpack-php-148/conf/nginx/heroku.conf.php
heroku-buildpack-php-148/conf/php/
heroku-buildpack-php-148/conf/php/7/
heroku-buildpack-php-148/conf/php/7/3/
heroku-buildpack-php-148/conf/php/7/3/php-fpm.conf
heroku-buildpack-php-148/conf/php/php-fpm.conf
heroku-buildpack-php-148/requirements.txt
heroku-buildpack-php-148/support/
heroku-buildpack-php-148/support/build/
heroku-buildpack-php-148/support/build/README.md
heroku-buildpack-php-148/support/build/_conf/
heroku-buildpack-php-148/support/build/_conf/apache2/
heroku-buildpack-php-148/support/build/_conf/apache2/httpd.conf
heroku-buildpack-php-148/support/build/_conf/nginx/
heroku-buildpack-php-148/support/build/_conf/nginx/nginx.conf
heroku-buildpack-php-148/support/build/_conf/php/
heroku-buildpack-php-148/support/build/_conf/php/5/
heroku-buildpack-php-148/support/build/_conf/php/5/conf.d/
heroku-buildpack-php-148/support/build/_conf/php/5/conf.d/010-ext-zend_opcache.ini
heroku-buildpack-php-148/support/build/_conf/php/conf.d/
heroku-buildpack-php-148/support/build/_conf/php/conf.d/010-ext-zend_opcache.ini
heroku-buildpack-php-148/support/build/_conf/php/php.ini
heroku-buildpack-php-148/support/build/_docker/
heroku-buildpack-php-148/support/build/_docker/README.md
heroku-buildpack-php-148/support/build/_docker/cedar-14.Dockerfile
heroku-buildpack-php-148/support/build/_docker/env.default
heroku-buildpack-php-148/support/build/_docker/heroku-16.Dockerfile
heroku-buildpack-php-148/support/build/_docker/heroku-18.Dockerfile
heroku-buildpack-php-148/support/build/_util/
heroku-buildpack-php-148/support/build/_util/deploy.sh
heroku-buildpack-php-148/support/build/_util/include/
heroku-buildpack-php-148/support/build/_util/include/manifest.py
heroku-buildpack-php-148/support/build/_util/include/manifest.sh
heroku-buildpack-php-148/support/build/_util/mkrepo.sh
heroku-buildpack-php-148/support/build/_util/remove.sh
heroku-buildpack-php-148/support/build/_util/sync.sh
heroku-buildpack-php-148/support/build/apache
heroku-buildpack-php-148/support/build/apache-2.4.37
heroku-buildpack-php-148/support/build/composer
heroku-buildpack-php-148/support/build/composer-1.8.0
heroku-buildpack-php-148/support/build/extensions/
heroku-buildpack-php-148/support/build/extensions/no-debug-non-zts-20121212/
heroku-buildpack-php-148/support/build/extensions/no-debug-non-zts-20121212/apcu
heroku-buildpack-php-148/support/build/extensions/no-debug-non-zts-20121212/apcu-4.0.11
heroku-buildpack-php-148/support/build/extensions/no-debug-non-zts-20121212/blackfire
heroku-buildpack-php-148/support/build/extensions/no-debug-non-zts-20121212/blackfire-1.24.2
heroku-buildpack-php-148/support/build/extensions/no-debug-non-zts-20121212/cassandra
heroku-buildpack-php-148/support/build/extensions/no-debug-non-zts-20121212/cassandra-1.2.2
heroku-buildpack-php-148/support/build/extensions/no-debug-non-zts-20121212/ev
heroku-buildpack-php-148/support/build/extensions/no-debug-non-zts-20121212/ev-1.0.4
heroku-buildpack-php-148/support/build/extensions/no-debug-non-zts-20121212/event
heroku-buildpack-php-148/support/build/extensions/no-debug-non-zts-20121212/event-2.4.3
heroku-buildpack-php-148/support/build/extensions/no-debug-non-zts-20121212/imagick
heroku-buildpack-php-148/support/build/extensions/no-debug-non-zts-20121212/imagick-3.4.3
heroku-buildpack-php-148/support/build/extensions/no-debug-non-zts-20121212/memcached
heroku-buildpack-php-148/support/build/extensions/no-debug-non-zts-20121212/memcached-2.2.0
heroku-buildpack-php-148/support/build/extensions/no-debug-non-zts-20121212/mongo
heroku-buildpack-php-148/support/build/extensions/no-debug-non-zts-20121212/mongo-1.6.16
heroku-buildpack-php-148/support/build/extensions/no-debug-non-zts-20121212/mongodb
heroku-buildpack-php-148/support/build/extensions/no-debug-non-zts-20121212/mongodb-1.5.3
heroku-buildpack-php-148/support/build/extensions/no-debug-non-zts-20121212/newrelic
heroku-buildpack-php-148/support/build/extensions/no-debug-non-zts-20121212/newrelic-8.5.0.235
heroku-buildpack-php-148/support/build/extensions/no-debug-non-zts-20121212/oauth
heroku-buildpack-php-148/support/build/extensions/no-debug-non-zts-20121212/oauth-1.2.3
heroku-buildpack-php-148/support/build/extensions/no-debug-non-zts-20121212/phalcon
heroku-buildpack-php-148/support/build/extensions/no-debug-non-zts-20121212/phalcon-2.0.13
heroku-buildpack-php-148/support/build/extensions/no-debug-non-zts-20121212/phalcon-3.4.2
heroku-buildpack-php-148/support/build/extensions/no-debug-non-zts-20121212/pq
heroku-buildpack-php-148/support/build/extensions/no-debug-non-zts-20121212/pq-1.1.1
heroku-buildpack-php-148/support/build/extensions/no-debug-non-zts-20121212/raphf
heroku-buildpack-php-148/support/build/extensions/no-debug-non-zts-20121212/raphf-1.1.2
heroku-buildpack-php-148/support/build/extensions/no-debug-non-zts-20121212/rdkafka
heroku-buildpack-php-148/support/build/extensions/no-debug-non-zts-20121212/rdkafka-3.0.5
heroku-buildpack-php-148/support/build/extensions/no-debug-non-zts-20121212/redis
heroku-buildpack-php-148/support/build/extensions/no-debug-non-zts-20121212/redis-3.1.6
heroku-buildpack-php-148/support/build/extensions/no-debug-non-zts-20121212/redis-4.2.0
heroku-buildpack-php-148/support/build/extensions/no-debug-non-zts-20131226/
heroku-buildpack-php-148/support/build/extensions/no-debug-non-zts-20131226/amqp
heroku-buildpack-php-148/support/build/extensions/no-debug-non-zts-20131226/amqp-1.9.3
heroku-buildpack-php-148/support/build/extensions/no-debug-non-zts-20131226/apcu-4.0.11
heroku-buildpack-php-148/support/build/extensions/no-debug-non-zts-20131226/blackfire
heroku-buildpack-php-148/support/build/extensions/no-debug-non-zts-20131226/blackfire-1.24.2
heroku-buildpack-php-148/support/build/extensions/no-debug-non-zts-20131226/cassandra-1.3.2
heroku-buildpack-php-148/support/build/extensions/no-debug-non-zts-20131226/ev-1.0.4
heroku-buildpack-php-148/support/build/extensions/no-debug-non-zts-20131226/event-2.4.3
heroku-buildpack-php-148/support/build/extensions/no-debug-non-zts-20131226/imagick-3.4.3
heroku-buildpack-php-148/support/build/extensions/no-debug-non-zts-20131226/memcached-2.2.0
heroku-buildpack-php-148/support/build/extensions/no-debug-non-zts-20131226/mongo-1.6.16
heroku-buildpack-php-148/support/build/extensions/no-debug-non-zts-20131226/mongodb-1.5.3
heroku-buildpack-php-148/support/build/extensions/no-debug-non-zts-20131226/newrelic-8.5.0.235
heroku-buildpack-php-148/support/build/extensions/no-debug-non-zts-20131226/oauth-1.2.3
heroku-buildpack-php-148/support/build/extensions/no-debug-non-zts-20131226/phalcon-2.0.13
heroku-buildpack-php-148/support/build/extensions/no-debug-non-zts-20131226/phalcon-3.4.2
heroku-buildpack-php-148/support/build/extensions/no-debug-non-zts-20131226/pq-1.1.1
heroku-buildpack-php-148/support/build/extensions/no-debug-non-zts-20131226/raphf-1.1.2
heroku-buildpack-php-148/support/build/extensions/no-debug-non-zts-20131226/rdkafka-3.0.5
heroku-buildpack-php-148/support/build/extensions/no-debug-non-zts-20131226/redis-3.1.6
heroku-buildpack-php-148/support/build/extensions/no-debug-non-zts-20131226/redis-4.2.0
heroku-buildpack-php-148/support/build/extensions/no-debug-non-zts-20151012/
heroku-buildpack-php-148/support/build/extensions/no-debug-non-zts-20151012/amqp-1.9.3
heroku-buildpack-php-148/support/build/extensions/no-debug-non-zts-20151012/apcu
heroku-buildpack-php-148/support/build/extensions/no-debug-non-zts-20151012/apcu-5.1.16
heroku-buildpack-php-148/support/build/extensions/no-debug-non-zts-20151012/blackfire
heroku-buildpack-php-148/support/build/extensions/no-debug-non-zts-20151012/blackfire-1.24.2
heroku-buildpack-php-148/support/build/extensions/no-debug-non-zts-20151012/cassandra-1.3.2
heroku-buildpack-php-148/support/build/extensions/no-debug-non-zts-20151012/ev-1.0.4
heroku-buildpack-php-148/support/build/extensions/no-debug-non-zts-20151012/event-2.4.3
heroku-buildpack-php-148/support/build/extensions/no-debug-non-zts-20151012/imagick-3.4.3
heroku-buildpack-php-148/support/build/extensions/no-debug-non-zts-20151012/memcached-3.0.4
heroku-buildpack-php-148/support/build/extensions/no-debug-non-zts-20151012/mongodb-1.5.3
heroku-buildpack-php-148/support/build/extensions/no-debug-non-zts-20151012/newrelic-8.5.0.235
heroku-buildpack-php-148/support/build/extensions/no-debug-non-zts-20151012/oauth-2.0.3
heroku-buildpack-php-148/support/build/extensions/no-debug-non-zts-20151012/phalcon-3.4.2
heroku-buildpack-php-148/support/build/extensions/no-debug-non-zts-20151012/pq-2.1.4
heroku-buildpack-php-148/support/build/extensions/no-debug-non-zts-20151012/raphf-2.0.0
heroku-buildpack-php-148/support/build/extensions/no-debug-non-zts-20151012/rdkafka-3.0.5
heroku-buildpack-php-148/support/build/extensions/no-debug-non-zts-20151012/redis-3.1.6
heroku-buildpack-php-148/support/build/extensions/no-debug-non-zts-20151012/redis-4.2.0
heroku-buildpack-php-148/support/build/extensions/no-debug-non-zts-20160303/
heroku-buildpack-php-148/support/build/extensions/no-debug-non-zts-20160303/amqp-1.9.3
heroku-buildpack-php-148/support/build/extensions/no-debug-non-zts-20160303/apcu-5.1.16
heroku-buildpack-php-148/support/build/extensions/no-debug-non-zts-20160303/blackfire
heroku-buildpack-php-148/support/build/extensions/no-debug-non-zts-20160303/blackfire-1.24.2
heroku-buildpack-php-148/support/build/extensions/no-debug-non-zts-20160303/cassandra-1.3.2
heroku-buildpack-php-148/support/build/extensions/no-debug-non-zts-20160303/ev-1.0.4
heroku-buildpack-php-148/support/build/extensions/no-debug-non-zts-20160303/event-2.4.3
heroku-buildpack-php-148/support/build/extensions/no-debug-non-zts-20160303/imagick-3.4.3
heroku-buildpack-php-148/support/build/extensions/no-debug-non-zts-20160303/memcached-3.0.4
heroku-buildpack-php-148/support/build/extensions/no-debug-non-zts-20160303/mongodb-1.5.3
heroku-buildpack-php-148/support/build/extensions/no-debug-non-zts-20160303/newrelic-8.5.0.235
heroku-buildpack-php-148/support/build/extensions/no-debug-non-zts-20160303/oauth-2.0.3
heroku-buildpack-php-148/support/build/extensions/no-debug-non-zts-20160303/phalcon-3.4.2
heroku-buildpack-php-148/support/build/extensions/no-debug-non-zts-20160303/pq-2.1.4
heroku-buildpack-php-148/support/build/extensions/no-debug-non-zts-20160303/raphf-2.0.0
heroku-buildpack-php-148/support/build/extensions/no-debug-non-zts-20160303/rdkafka-3.0.5
heroku-buildpack-php-148/support/build/extensions/no-debug-non-zts-20160303/redis-3.1.6
heroku-buildpack-php-148/support/build/extensions/no-debug-non-zts-20160303/redis-4.2.0
heroku-buildpack-php-148/support/build/extensions/no-debug-non-zts-20170718/
heroku-buildpack-php-148/support/build/extensions/no-debug-non-zts-20170718/amqp-1.9.3
heroku-buildpack-php-148/support/build/extensions/no-debug-non-zts-20170718/apcu-5.1.16
heroku-buildpack-php-148/support/build/extensions/no-debug-non-zts-20170718/blackfire
heroku-buildpack-php-148/support/build/extensions/no-debug-non-zts-20170718/blackfire-1.24.2
heroku-buildpack-php-148/support/build/extensions/no-debug-non-zts-20170718/cassandra-1.3.2
heroku-buildpack-php-148/support/build/extensions/no-debug-non-zts-20170718/ev-1.0.4
heroku-buildpack-php-148/support/build/extensions/no-debug-non-zts-20170718/event-2.4.3
heroku-buildpack-php-148/support/build/extensions/no-debug-non-zts-20170718/imagick-3.4.3
heroku-buildpack-php-148/support/build/extensions/no-debug-non-zts-20170718/memcached-3.0.4
heroku-buildpack-php-148/support/build/extensions/no-debug-non-zts-20170718/mongodb-1.5.3
heroku-buildpack-php-148/support/build/extensions/no-debug-non-zts-20170718/newrelic-8.5.0.235
heroku-buildpack-php-148/support/build/extensions/no-debug-non-zts-20170718/oauth-2.0.3
heroku-buildpack-php-148/support/build/extensions/no-debug-non-zts-20170718/phalcon-3.4.2
heroku-buildpack-php-148/support/build/extensions/no-debug-non-zts-20170718/pq-2.1.4
heroku-buildpack-php-148/support/build/extensions/no-debug-non-zts-20170718/raphf-2.0.0
heroku-buildpack-php-148/support/build/extensions/no-debug-non-zts-20170718/rdkafka-3.0.5
heroku-buildpack-php-148/support/build/extensions/no-debug-non-zts-20170718/redis-3.1.6
heroku-buildpack-php-148/support/build/extensions/no-debug-non-zts-20170718/redis-4.2.0
heroku-buildpack-php-148/support/build/extensions/no-debug-non-zts-20180731/
heroku-buildpack-php-148/support/build/extensions/no-debug-non-zts-20180731/apcu-5.1.16
heroku-buildpack-php-148/support/build/extensions/no-debug-non-zts-20180731/blackfire
heroku-buildpack-php-148/support/build/extensions/no-debug-non-zts-20180731/blackfire-1.24.2
heroku-buildpack-php-148/support/build/extensions/no-debug-non-zts-20180731/cassandra-1.3.2
heroku-buildpack-php-148/support/build/extensions/no-debug-non-zts-20180731/ev-1.0.4
heroku-buildpack-php-148/support/build/extensions/no-debug-non-zts-20180731/event-2.4.3
heroku-buildpack-php-148/support/build/extensions/no-debug-non-zts-20180731/imagick-3.4.3
heroku-buildpack-php-148/support/build/extensions/no-debug-non-zts-20180731/mongodb-1.5.3
heroku-buildpack-php-148/support/build/extensions/no-debug-non-zts-20180731/newrelic-8.5.0.235
heroku-buildpack-php-148/support/build/extensions/no-debug-non-zts-20180731/oauth-2.0.3
heroku-buildpack-php-148/support/build/extensions/no-debug-non-zts-20180731/raphf-2.0.0
heroku-buildpack-php-148/support/build/extensions/no-debug-non-zts-20180731/rdkafka-3.0.5
heroku-buildpack-php-148/support/build/extensions/no-debug-non-zts-20180731/redis-4.2.0
heroku-buildpack-php-148/support/build/extensions/pecl
heroku-buildpack-php-148/support/build/hhvm
heroku-buildpack-php-148/support/build/hhvm-3.5.1
heroku-buildpack-php-148/support/build/libraries/
heroku-buildpack-php-148/support/build/libraries/libc-client
heroku-buildpack-php-148/support/build/libraries/libc-client-2007f
heroku-buildpack-php-148/support/build/libraries/libcassandra
heroku-buildpack-php-148/support/build/libraries/libcassandra-2.9.0
heroku-buildpack-php-148/support/build/libraries/libmcrypt
heroku-buildpack-php-148/support/build/libraries/libmcrypt-2.5.8
heroku-buildpack-php-148/support/build/libraries/libmemcached
heroku-buildpack-php-148/support/build/libraries/libmemcached-1.0.18
heroku-buildpack-php-148/support/build/libraries/librdkafka
heroku-buildpack-php-148/support/build/libraries/librdkafka-0.11.6
heroku-buildpack-php-148/support/build/nginx
heroku-buildpack-php-148/support/build/nginx-1.8.1
heroku-buildpack-php-148/support/build/php
heroku-buildpack-php-148/support/build/php-5.5.38
heroku-buildpack-php-148/support/build/php-5.6.39
heroku-buildpack-php-148/support/build/php-7.0.33
heroku-buildpack-php-148/support/build/php-7.1.25
heroku-buildpack-php-148/support/build/php-7.2.13
heroku-buildpack-php-148/support/build/php-7.3.0
heroku-buildpack-php-148/support/build/php-min
heroku-buildpack-php-148/support/build/php-min-7.0.33
heroku-buildpack-php-148/support/installer/
heroku-buildpack-php-148/support/installer/composer.json
heroku-buildpack-php-148/support/installer/src/
heroku-buildpack-php-148/support/installer/src/ComposerInstaller.php
heroku-buildpack-php-148/support/installer/src/ComposerInstallerPlugin.php
heroku-buildpack-php-148/support/installer/src/Downloader.php
Removing intermediate container a1389c0428e9
 ---> 96dcf9bcaf21
Step 12/13 : RUN /tmp/buildpack/php/bin/compile /app /tmp/build_cache /tmp/env
 ---> Running in 53dfb8450c00
[91m[1;33m
[0m[91m !     WARNING: [0m[91mNo 'composer.json' found!
 !     
[0m[91m !     Your project only contains an 'index.php', no 'composer.json'.
[0m[91m !     
[0m[91m !     Using 'index.php' to declare app type as PHP is deprecated and
[0m[91m !     may lead to unexpected behavior.
[0m[91m !     
[0m[91m !     Please consider updating your codebase to utilize Composer and
[0m[91m !     modern dependency management in order to benefit from the latest
[0m[91m !     PHP runtimes and improved application performance, as well as
[0m[91m !     control over the PHP versions and extensions available.
[0m[91m !     
[0m[91m !     For an introduction to dependency management with Composer and
[0m[91m !     how to get the most out of PHP on Heroku, refer to the docs at
[0m[91m !     https://getcomposer.org/doc/00-intro.md and
[0m[91m !     https://devcenter.heroku.com/articles/getting-started-with-php
[0m[91m[0m
[0m[91m-----> [0m[91mBootstrapping...
[0m[91m[1;31m
 !     ERROR: [0m[91mFailed to download minimal PHP for bootstrapping!
 !     
[0m[91m !     This is most likely a temporary internal error. If the problem
[0m[91m !     persists, make sure that you are not running a custom or forked
[0m[91m !     version of the Heroku PHP buildpack which may need updating.
[0m[91m !     
[0m[91m !     [1;33mREMINDER:[1;31m the following [1;33mwarnings[1;31m were emitted during the build;
[0m[91m !     check the details above, as they may be related to this error:
[0m[91m !     [1;33m-[1;31m No 'composer.json' found!
[0m[91m[0m
[0mThe command '/bin/sh -c /tmp/buildpack/php/bin/compile /app /tmp/build_cache /tmp/env' returned a non-zero code: 1
