Sending build context to Docker daemon  2.048kB
Step 1/5 : FROM redis:4
4: Pulling from library/redis
54fec2fa59d0: Pulling fs layer
9c94e11103d9: Pulling fs layer
04ab1bfc453f: Pulling fs layer
7988789e1fb7: Pulling fs layer
7988789e1fb7: Waiting
8ce1bab2086c: Pulling fs layer
40e134f79af1: Pulling fs layer
8ce1bab2086c: Waiting
40e134f79af1: Waiting
9c94e11103d9: Verifying Checksum
9c94e11103d9: Download complete
04ab1bfc453f: Verifying Checksum
04ab1bfc453f: Download complete
54fec2fa59d0: Verifying Checksum
54fec2fa59d0: Download complete
8ce1bab2086c: Verifying Checksum
8ce1bab2086c: Download complete
7988789e1fb7: Verifying Checksum
7988789e1fb7: Download complete
40e134f79af1: Verifying Checksum
40e134f79af1: Download complete
54fec2fa59d0: Pull complete
9c94e11103d9: Pull complete
04ab1bfc453f: Pull complete
7988789e1fb7: Pull complete
8ce1bab2086c: Pull complete
40e134f79af1: Pull complete
Digest: sha256:2e03fdd159f4a08d2165ca1c92adde438ae4e3e6b0f74322ce013a78ee81c88d
Status: Downloaded newer image for redis:4
 ---> 191c4017dcdd
Step 2/5 : RUN mkdir -p     /var/lib/redis     /var/run/redis &&     chown redis /var/lib/redis &&     chown redis /var/run/redis
 ---> Running in 131e3fab7abb
Removing intermediate container 131e3fab7abb
 ---> 4b4c876baf23
Step 3/5 : COPY redis.conf /usr/local/etc/redis/redis.conf
COPY failed: stat /var/lib/docker/tmp/docker-builder342357248/redis.conf: no such file or directory
