Sending build context to Docker daemon  4.608kB
Step 1/39 : ARG BASE_IMAGE=ubuntu:16.04
Step 2/39 : FROM golang:1.10.3 as builder
1.10.3: Pulling from library/golang
55cbf04beb70: Pulling fs layer
1607093a898c: Pulling fs layer
9a8ea045c926: Pulling fs layer
d4eee24d4dac: Pulling fs layer
9c35c9787a2f: Pulling fs layer
6a66653f6388: Pulling fs layer
102f6b19f797: Pulling fs layer
d4eee24d4dac: Waiting
9c35c9787a2f: Waiting
6a66653f6388: Waiting
102f6b19f797: Waiting
9a8ea045c926: Verifying Checksum
9a8ea045c926: Download complete
1607093a898c: Verifying Checksum
1607093a898c: Download complete
55cbf04beb70: Verifying Checksum
55cbf04beb70: Download complete
d4eee24d4dac: Verifying Checksum
d4eee24d4dac: Download complete
9c35c9787a2f: Verifying Checksum
9c35c9787a2f: Download complete
102f6b19f797: Verifying Checksum
102f6b19f797: Download complete
6a66653f6388: Verifying Checksum
6a66653f6388: Download complete
55cbf04beb70: Pull complete
1607093a898c: Pull complete
9a8ea045c926: Pull complete
d4eee24d4dac: Pull complete
9c35c9787a2f: Pull complete
6a66653f6388: Pull complete
102f6b19f797: Pull complete
Digest: sha256:3c54fa85d6262d2ef7695ee2f8793f1f4f9809ce4a08ca2e213235ef4cfdcb66
Status: Downloaded newer image for golang:1.10.3
 ---> d0e7a411e3da
Step 3/39 : WORKDIR /go/src/github.com/ot4i/ace-docker/
 ---> Running in 25071af56f01
Removing intermediate container 25071af56f01
 ---> baebaa42b7e4
Step 4/39 : ARG IMAGE_REVISION="Not specified"
 ---> Running in f3608568b8e5
Removing intermediate container f3608568b8e5
 ---> 5396216d0ef8
Step 5/39 : ARG IMAGE_SOURCE="Not specified"
 ---> Running in 142a13e792a8
Removing intermediate container 142a13e792a8
 ---> f7ce6ce817bc
Step 6/39 : COPY cmd/ ./cmd
COPY failed: stat /var/lib/docker/tmp/docker-builder229406098/cmd: no such file or directory
