Sending build context to Docker daemon  8.192kB
Step 1/31 : FROM buildpack-deps:jessie-scm
jessie-scm: Pulling from library/buildpack-deps
f27d6ed8cebc: Pulling fs layer
3b2886394fe0: Pulling fs layer
7c79486f9007: Pulling fs layer
3b2886394fe0: Verifying Checksum
3b2886394fe0: Download complete
f27d6ed8cebc: Verifying Checksum
f27d6ed8cebc: Download complete
7c79486f9007: Verifying Checksum
7c79486f9007: Download complete
f27d6ed8cebc: Pull complete
3b2886394fe0: Pull complete
7c79486f9007: Pull complete
Digest: sha256:94c1b2b92d0de833ad80dfedfd718f8ba258e6bc4b7d55555636a58d2c1d0bb2
Status: Downloaded newer image for buildpack-deps:jessie-scm
 ---> 0f0c799d23eb
Step 2/31 : MAINTAINER Apache Thrift <dev@thrift.apache.org>
 ---> Running in fc9d50bc89cf
Removing intermediate container fc9d50bc89cf
 ---> 29536798f9bd
Step 3/31 : ENV DEBIAN_FRONTEND noninteractive
 ---> Running in 0c9d76f3dc18
Removing intermediate container 0c9d76f3dc18
 ---> 73be750c1aa6
Step 4/31 : RUN echo "deb http://ftp.debian.org/debian jessie-backports main" > /etc/apt/sources.list.d/jessie-backports.list
 ---> Running in 750cdaac603b
Removing intermediate container 750cdaac603b
 ---> 6dc966561c0b
Step 5/31 : RUN curl https://dl-ssl.google.com/linux/linux_signing_key.pub | apt-key add - &&     curl https://storage.googleapis.com/download.dartlang.org/linux/debian/dart_stable.list > /etc/apt/sources.list.d/dart_stable.list &&     sed -i /etc/apt/sources.list.d/dart_stable.list -e 's/https:/http:/g'
 ---> Running in ebfcbaa32b37
[91m  % Total    % Received % Xferd[0m[91m  Average Speed   Time    Time     Time  Current
                                 Dload  Upload   Total   Spent    Left  Speed
  0     0    0     0    0     0      0  [0m[91m    0 --:--:-- --:--:-- --:--:--     0[0m[91m100 10218  100 10218    0     0  35298      0 --:--:-- --:--:-- --:--:-- 35356
[0mOK
[91m  % Total    % Received % Xferd  Average Speed   Time    Time     Time  Current
             [0m[91m                    D[0m[91mlo[0m[91mad  Upload   Total   Spent    Left  Speed
[0m[91m  0     0    0     0    0     0      0      0 --:--:-- --:--:-- --:--:--     0[0m[91m100    95  100    95    0     0    719      0 --:--:-- --:--:-- --:--:--   725
[0mRemoving intermediate container ebfcbaa32b37
 ---> 407ff8fa78bb
Step 6/31 : RUN apt-get update && apt-get install -y --no-install-recommends `# General dependencies`       bison       build-essential       clang       debhelper       flex       pkg-config &&     apt-get -t jessie-backports install -y --no-install-recommends cmake
 ---> Running in 7cb0fc202c95
Ign http://storage.googleapis.com stable InRelease
Ign http://deb.debian.org jessie InRelease
Get:1 http://security.debian.org jessie/updates InRelease [44.9 kB]
Get:2 http://storage.googleapis.com stable Release.gpg [819 B]
Get:3 http://deb.debian.org jessie-updates InRelease [16.3 kB]
Get:4 http://storage.googleapis.com stable Release [941 B]
Ign http://ftp.debian.org jessie-backports InRelease
Get:5 http://deb.debian.org jessie Release.gpg [1652 B]
Get:6 http://deb.debian.org jessie Release [77.3 kB]
Ign http://ftp.debian.org jessie-backports Release.gpg
Ign http://ftp.debian.org jessie-backports Release
Err http://ftp.debian.org jessie-backports/main amd64 Packages
  
Err http://ftp.debian.org jessie-backports/main amd64 Packages
  
Err http://ftp.debian.org jessie-backports/main amd64 Packages
  
Err http://ftp.debian.org jessie-backports/main amd64 Packages
  
Err http://ftp.debian.org jessie-backports/main amd64 Packages
  404  Not Found
Get:7 http://security.debian.org jessie/updates/main amd64 Packages [954 kB]
Get:8 http://deb.debian.org jessie-updates/main amd64 Packages [20 B]
Get:9 http://storage.googleapis.com stable/main amd64 Packages [2115 B]
Get:10 http://deb.debian.org jessie/main amd64 Packages [9098 kB]
Fetched 10.2 MB in 9s (1069 kB/s)
[91mW: Failed to fetch http://ftp.debian.org/debian/dists/jessie-backports/main/binary-amd64/Packages  404  Not Found

E: Some index files failed to download. They have been ignored, or old ones used instead.
[0mThe command '/bin/sh -c apt-get update && apt-get install -y --no-install-recommends `# General dependencies`       bison       build-essential       clang       debhelper       flex       pkg-config &&     apt-get -t jessie-backports install -y --no-install-recommends cmake' returned a non-zero code: 100
