Sending build context to Docker daemon  2.048kB
Step 1/6 : FROM mazzolino/armhf-debian:wheezy
wheezy: Pulling from mazzolino/armhf-debian
Image docker.io/mazzolino/armhf-debian:wheezy uses outdated schema1 manifest format. Please upgrade to a schema2 image for better future compatibility. More information at https://docs.docker.com/registry/spec/deprecated-schema-v1/
48653b450878: Pulling fs layer
a3ed95caeb02: Pulling fs layer
addeadf1bf44: Pulling fs layer
a3ed95caeb02: Verifying Checksum
a3ed95caeb02: Download complete
addeadf1bf44: Download complete
48653b450878: Verifying Checksum
48653b450878: Download complete
48653b450878: Pull complete
a3ed95caeb02: Pull complete
addeadf1bf44: Pull complete
Digest: sha256:7bc3eb4aff8a75d52f5625213d5e5cae5cf4792b0e815393346a9ea6711640e2
Status: Downloaded newer image for mazzolino/armhf-debian:wheezy
 ---> ea73f05635de
Step 2/6 : RUN apt-get update
 ---> Running in c6164da38bef
[91mstandard_init_linux.go:211: exec user process caused "exec format error"
[0mThe command '/bin/sh -c apt-get update' returned a non-zero code: 1
