Sending build context to Docker daemon  2.048kB
Step 1/9 : FROM fedora:20
20: Pulling from library/fedora
4abd98c7489c: Pulling fs layer
4abd98c7489c: Verifying Checksum
4abd98c7489c: Download complete
4abd98c7489c: Pull complete
Digest: sha256:5d5a02b873d298da9bca4b84440c5cd698b0832560c850d92cf389cef58bc549
Status: Downloaded newer image for fedora:20
 ---> ba74bddb630e
Step 2/9 : MAINTAINER http://fedoraproject.org/wiki/Cloud
 ---> Running in 4bc249349400
Removing intermediate container 4bc249349400
 ---> 563645aec4f5
Step 3/9 : RUN yum -y update && yum clean all
 ---> Running in a22f356c828e
No packages marked for update
Cleaning repos: fedora updates
Cleaning up everything
Removing intermediate container a22f356c828e
 ---> 53ea51baa0ed
Step 4/9 : RUN yum -y install httpd && yum clean all
 ---> Running in b5a7e1e036b5
Resolving Dependencies
--> Running transaction check
---> Package httpd.x86_64 0:2.4.10-2.fc20 will be installed
--> Processing Dependency: httpd-tools = 2.4.10-2.fc20 for package: httpd-2.4.10-2.fc20.x86_64
--> Processing Dependency: system-logos-httpd for package: httpd-2.4.10-2.fc20.x86_64
--> Processing Dependency: /etc/mime.types for package: httpd-2.4.10-2.fc20.x86_64
--> Processing Dependency: libaprutil-1.so.0()(64bit) for package: httpd-2.4.10-2.fc20.x86_64
--> Processing Dependency: libapr-1.so.0()(64bit) for package: httpd-2.4.10-2.fc20.x86_64
--> Running transaction check
---> Package apr.x86_64 0:1.5.1-1.fc20 will be installed
---> Package apr-util.x86_64 0:1.5.3-1.fc20 will be installed
---> Package fedora-logos-httpd.noarch 0:21.0.1-1.fc20 will be installed
---> Package httpd-tools.x86_64 0:2.4.10-2.fc20 will be installed
---> Package mailcap.noarch 0:2.1.42-1.fc20 will be installed
--> Finished Dependency Resolution

Dependencies Resolved

================================================================================
 Package                  Arch         Version              Repository     Size
================================================================================
Installing:
 httpd                    x86_64       2.4.10-2.fc20        updates       1.2 M
Installing for dependencies:
 apr                      x86_64       1.5.1-1.fc20         updates       107 k
 apr-util                 x86_64       1.5.3-1.fc20         updates        91 k
 fedora-logos-httpd       noarch       21.0.1-1.fc20        fedora         28 k
 httpd-tools              x86_64       2.4.10-2.fc20        updates        79 k
 mailcap                  noarch       2.1.42-1.fc20        fedora         31 k

Transaction Summary
================================================================================
Install  1 Package (+5 Dependent packages)

Total download size: 1.5 M
Installed size: 4.4 M
Downloading packages:
[91mwarning: /var/cache/yum/x86_64/20/fedora/packages/fedora-logos-httpd-21.0.1-1.fc20.noarch.rpm: Header V3 RSA/SHA256 Signature, key ID 246110c1: NOKEY
[0mPublic key for fedora-logos-httpd-21.0.1-1.fc20.noarch.rpm is not installed
Public key for apr-util-1.5.3-1.fc20.x86_64.rpm is not installed
--------------------------------------------------------------------------------
Total                                              1.8 MB/s | 1.5 MB  00:00     
Retrieving key from file:///etc/pki/rpm-gpg/RPM-GPG-KEY-fedora-20-x86_64
[91mImporting GPG key 0x246110C1:
 Userid     : "Fedora (20) <fedora@fedoraproject.org>"
 Fingerprint: c7c9 a9c8 9153 f201 83ce 7cba 2eb1 61fa 2461 10c1
 Package    : fedora-release-20-4.noarch (@fedora-updates/$releasever)
 From       : /etc/pki/rpm-gpg/RPM-GPG-KEY-fedora-20-x86_64
[0mRunning transaction check
Running transaction test
Transaction test succeeded
Running transaction
  Installing : apr-1.5.1-1.fc20.x86_64                                      1/6 
  Installing : apr-util-1.5.3-1.fc20.x86_64                                 2/6 
  Installing : httpd-tools-2.4.10-2.fc20.x86_64                             3/6 
  Installing : fedora-logos-httpd-21.0.1-1.fc20.noarch                      4/6 
  Installing : mailcap-2.1.42-1.fc20.noarch                                 5/6 
  Installing : httpd-2.4.10-2.fc20.x86_64                                   6/6 
  Verifying  : apr-1.5.1-1.fc20.x86_64                                      1/6 
  Verifying  : mailcap-2.1.42-1.fc20.noarch                                 2/6 
  Verifying  : apr-util-1.5.3-1.fc20.x86_64                                 3/6 
  Verifying  : httpd-2.4.10-2.fc20.x86_64                                   4/6 
  Verifying  : fedora-logos-httpd-21.0.1-1.fc20.noarch                      5/6 
  Verifying  : httpd-tools-2.4.10-2.fc20.x86_64                             6/6 

Installed:
  httpd.x86_64 0:2.4.10-2.fc20                                                  

Dependency Installed:
  apr.x86_64 0:1.5.1-1.fc20                  apr-util.x86_64 0:1.5.3-1.fc20     
  fedora-logos-httpd.noarch 0:21.0.1-1.fc20  httpd-tools.x86_64 0:2.4.10-2.fc20 
  mailcap.noarch 0:2.1.42-1.fc20            

Complete!
Cleaning repos: fedora updates
Cleaning up everything
Removing intermediate container b5a7e1e036b5
 ---> 12e006142d25
Step 5/9 : RUN echo "Apache" >> /var/www/html/index.html
 ---> Running in 4ac4eaf2c796
Removing intermediate container 4ac4eaf2c796
 ---> 125f346df206
Step 6/9 : EXPOSE 80
 ---> Running in 3ab623e8e06d
Removing intermediate container 3ab623e8e06d
 ---> 2855f2b92d50
Step 7/9 : ADD run-apache.sh /run-apache.sh
ADD failed: stat /var/lib/docker/tmp/docker-builder738093288/run-apache.sh: no such file or directory
