Sending build context to Docker daemon   2.56kB
Step 1/10 : FROM fedora
latest: Pulling from library/fedora
5c1b9e8d7bf7: Pulling fs layer
5c1b9e8d7bf7: Verifying Checksum
5c1b9e8d7bf7: Download complete
5c1b9e8d7bf7: Pull complete
Digest: sha256:c97879f8bebe49744307ea5c77ffc76c7cc97f3ddec72fb9a394bd4e4519b388
Status: Downloaded newer image for fedora:latest
 ---> 536f3995adeb
Step 2/10 : MAINTAINER http://fedoraproject.org/wiki/Cloud
 ---> Running in 167dd69da27a
Removing intermediate container 167dd69da27a
 ---> 5fd580841f28
Step 3/10 : RUN yum -y update; yum clean all;
 ---> Running in 477867aa0970
Fedora Modular 31 - x86_64                      5.4 MB/s | 5.2 MB     00:00    
Fedora Modular 31 - x86_64 - Updates            3.4 MB/s | 4.0 MB     00:01    
Fedora 31 - x86_64 - Updates                     17 MB/s |  23 MB     00:01    
Fedora 31 - x86_64                               20 MB/s |  71 MB     00:03    
Last metadata expiration check: 0:00:01 ago on Sat Apr  4 01:22:31 2020.
Dependencies resolved.
================================================================================
 Package                     Arch       Version               Repository   Size
================================================================================
Upgrading:
 coreutils                   x86_64     8.31-9.fc31           updates     1.1 M
 coreutils-common            x86_64     8.31-9.fc31           updates     1.9 M
 glib2                       x86_64     2.62.6-1.fc31         updates     2.6 M
 gnutls                      x86_64     3.6.12-2.fc31         updates     975 k
 libarchive                  x86_64     3.4.2-1.fc31          updates     384 k
 libdnf                      x86_64     0.43.1-5.fc31         updates     633 k
 libgcc                      x86_64     9.3.1-1.fc31          updates     101 k
 libgomp                     x86_64     9.3.1-1.fc31          updates     237 k
 libpcap                     x86_64     14:1.9.1-2.fc31       updates     168 k
 libsss_idmap                x86_64     2.2.3-13.fc31         updates      46 k
 libsss_nss_idmap            x86_64     2.2.3-13.fc31         updates      53 k
 libstdc++                   x86_64     9.3.1-1.fc31          updates     633 k
 libtirpc                    x86_64     1.2.5-1.rc2.fc31      updates      98 k
 libxcrypt                   x86_64     4.4.15-1.fc31         updates     126 k
 pcre                        x86_64     8.44-1.fc31           updates     192 k
 pcre2                       x86_64     10.34-8.fc31          updates     222 k
 python-setuptools-wheel     noarch     41.6.0-1.fc31         updates     281 k
 python3-hawkey              x86_64     0.43.1-5.fc31         updates     101 k
 python3-libdnf              x86_64     0.43.1-5.fc31         updates     702 k
 shadow-utils                x86_64     2:4.6-17.fc31         updates     1.2 M
 sssd-client                 x86_64     2.2.3-13.fc31         updates     110 k
 sudo                        x86_64     1.9.0-0.1.b1.fc31     updates     1.0 M
 systemd                     x86_64     243.8-1.fc31          updates     3.8 M
 systemd-libs                x86_64     243.8-1.fc31          updates     523 k
 systemd-pam                 x86_64     243.8-1.fc31          updates     165 k
 systemd-rpm-macros          noarch     243.8-1.fc31          updates      20 k
 vim-minimal                 x86_64     2:8.2.480-1.fc31      updates     647 k
Installing dependencies:
 pcre2-syntax                noarch     10.34-8.fc31          updates     140 k
 trousers-lib                x86_64     0.3.13-13.fc31        fedora      171 k
 whois-nls                   noarch     5.5.6-1.fc31          updates      34 k
 xkeyboard-config            noarch     2.28-1.fc31           updates     753 k
Installing weak dependencies:
 diffutils                   x86_64     3.7-3.fc31            fedora      401 k
 libxkbcommon                x86_64     0.9.1-3.fc31          updates     120 k
 mkpasswd                    x86_64     5.5.6-1.fc31          updates      41 k
 shared-mime-info            x86_64     1.15-1.fc31           updates     303 k
 trousers                    x86_64     0.3.13-13.fc31        fedora      150 k

Transaction Summary
================================================================================
Install   9 Packages
Upgrade  27 Packages

Total download size: 20 M
Downloading Packages:
(1/36): mkpasswd-5.5.6-1.fc31.x86_64.rpm        260 kB/s |  41 kB     00:00    
(2/36): pcre2-syntax-10.34-8.fc31.noarch.rpm    531 kB/s | 140 kB     00:00    
(3/36): libxkbcommon-0.9.1-3.fc31.x86_64.rpm    454 kB/s | 120 kB     00:00    
(4/36): whois-nls-5.5.6-1.fc31.noarch.rpm       626 kB/s |  34 kB     00:00    
(5/36): shared-mime-info-1.15-1.fc31.x86_64.rpm 1.8 MB/s | 303 kB     00:00    
(6/36): xkeyboard-config-2.28-1.fc31.noarch.rpm 4.4 MB/s | 753 kB     00:00    
(7/36): trousers-0.3.13-13.fc31.x86_64.rpm      437 kB/s | 150 kB     00:00    
(8/36): diffutils-3.7-3.fc31.x86_64.rpm         1.0 MB/s | 401 kB     00:00    
(9/36): trousers-lib-0.3.13-13.fc31.x86_64.rpm  536 kB/s | 171 kB     00:00    
(10/36): coreutils-8.31-9.fc31.x86_64.rpm       9.6 MB/s | 1.1 MB     00:00    
(11/36): gnutls-3.6.12-2.fc31.x86_64.rpm         14 MB/s | 975 kB     00:00    
(12/36): libarchive-3.4.2-1.fc31.x86_64.rpm     6.3 MB/s | 384 kB     00:00    
(13/36): coreutils-common-8.31-9.fc31.x86_64.rp 8.4 MB/s | 1.9 MB     00:00    
(14/36): libdnf-0.43.1-5.fc31.x86_64.rpm        9.8 MB/s | 633 kB     00:00    
(15/36): libgcc-9.3.1-1.fc31.x86_64.rpm         1.8 MB/s | 101 kB     00:00    
(16/36): libgomp-9.3.1-1.fc31.x86_64.rpm        4.0 MB/s | 237 kB     00:00    
(17/36): libpcap-1.9.1-2.fc31.x86_64.rpm        2.9 MB/s | 168 kB     00:00    
(18/36): glib2-2.62.6-1.fc31.x86_64.rpm         8.0 MB/s | 2.6 MB     00:00    
(19/36): libsss_idmap-2.2.3-13.fc31.x86_64.rpm  857 kB/s |  46 kB     00:00    
(20/36): libsss_nss_idmap-2.2.3-13.fc31.x86_64. 990 kB/s |  53 kB     00:00    
(21/36): libstdc++-9.3.1-1.fc31.x86_64.rpm      9.7 MB/s | 633 kB     00:00    
(22/36): libtirpc-1.2.5-1.rc2.fc31.x86_64.rpm   1.7 MB/s |  98 kB     00:00    
(23/36): libxcrypt-4.4.15-1.fc31.x86_64.rpm     2.2 MB/s | 126 kB     00:00    
(24/36): pcre-8.44-1.fc31.x86_64.rpm            3.3 MB/s | 192 kB     00:00    
(25/36): pcre2-10.34-8.fc31.x86_64.rpm          3.7 MB/s | 222 kB     00:00    
(26/36): python-setuptools-wheel-41.6.0-1.fc31. 4.8 MB/s | 281 kB     00:00    
(27/36): python3-hawkey-0.43.1-5.fc31.x86_64.rp 1.8 MB/s | 101 kB     00:00    
(28/36): python3-libdnf-0.43.1-5.fc31.x86_64.rp  11 MB/s | 702 kB     00:00    
(29/36): shadow-utils-4.6-17.fc31.x86_64.rpm     16 MB/s | 1.2 MB     00:00    
(30/36): sssd-client-2.2.3-13.fc31.x86_64.rpm   1.9 MB/s | 110 kB     00:00    
(31/36): sudo-1.9.0-0.1.b1.fc31.x86_64.rpm       14 MB/s | 1.0 MB     00:00    
(32/36): systemd-libs-243.8-1.fc31.x86_64.rpm   8.2 MB/s | 523 kB     00:00    
(33/36): systemd-pam-243.8-1.fc31.x86_64.rpm    2.9 MB/s | 165 kB     00:00    
(34/36): systemd-243.8-1.fc31.x86_64.rpm         28 MB/s | 3.8 MB     00:00    
(35/36): systemd-rpm-macros-243.8-1.fc31.noarch 373 kB/s |  20 kB     00:00    
[MIRROR] vim-minimal-8.2.480-1.fc31.x86_64.rpm: Status code: 404 for http://mirror.atl.genesisadaptive.com/fedora/linux/updates/31/Everything/x86_64/Packages/v/vim-minimal-8.2.480-1.fc31.x86_64.rpm (IP: 206.198.182.70)
[MIRROR] vim-minimal-8.2.480-1.fc31.x86_64.rpm: Status code: 404 for https://mirror.atl.genesisadaptive.com/fedora/linux/updates/31/Everything/x86_64/Packages/v/vim-minimal-8.2.480-1.fc31.x86_64.rpm (IP: 206.198.182.70)
(36/36): vim-minimal-8.2.480-1.fc31.x86_64.rpm  1.3 MB/s | 647 kB     00:00    
--------------------------------------------------------------------------------
Total                                           8.0 MB/s |  20 MB     00:02     
Running transaction check
Transaction check succeeded.
Running transaction test
Transaction test succeeded.
Running transaction
  Preparing        :                                                        1/1 
  Running scriptlet: libgcc-9.3.1-1.fc31.x86_64                             1/1 
  Upgrading        : libgcc-9.3.1-1.fc31.x86_64                            1/63 
  Running scriptlet: libgcc-9.3.1-1.fc31.x86_64                            1/63 
  Upgrading        : libstdc++-9.3.1-1.fc31.x86_64                         2/63 
  Upgrading        : vim-minimal-2:8.2.480-1.fc31.x86_64                   3/63 
  Upgrading        : systemd-rpm-macros-243.8-1.fc31.noarch                4/63 
  Upgrading        : pcre-8.44-1.fc31.x86_64                               5/63 
  Upgrading        : glib2-2.62.6-1.fc31.x86_64                            6/63 
  Installing       : shared-mime-info-1.15-1.fc31.x86_64                   7/63 
  Running scriptlet: shared-mime-info-1.15-1.fc31.x86_64                   7/63 
  Upgrading        : libdnf-0.43.1-5.fc31.x86_64                           8/63 
  Upgrading        : python3-libdnf-0.43.1-5.fc31.x86_64                   9/63 
  Upgrading        : libsss_nss_idmap-2.2.3-13.fc31.x86_64                10/63 
  Upgrading        : libsss_idmap-2.2.3-13.fc31.x86_64                    11/63 
  Upgrading        : coreutils-common-8.31-9.fc31.x86_64                  12/63 
  Upgrading        : coreutils-8.31-9.fc31.x86_64                         13/63 
  Upgrading        : systemd-libs-243.8-1.fc31.x86_64                     14/63 
  Running scriptlet: systemd-libs-243.8-1.fc31.x86_64                     14/63 
  Installing       : trousers-lib-0.3.13-13.fc31.x86_64                   15/63 
  Installing       : diffutils-3.7-3.fc31.x86_64                          16/63 
  Installing       : xkeyboard-config-2.28-1.fc31.noarch                  17/63 
  Installing       : libxkbcommon-0.9.1-3.fc31.x86_64                     18/63 
  Installing       : whois-nls-5.5.6-1.fc31.noarch                        19/63 
  Upgrading        : libxcrypt-4.4.15-1.fc31.x86_64                       20/63 
  Installing       : mkpasswd-5.5.6-1.fc31.x86_64                         21/63 
  Upgrading        : shadow-utils-2:4.6-17.fc31.x86_64                    22/63 
  Installing       : pcre2-syntax-10.34-8.fc31.noarch                     23/63 
  Upgrading        : pcre2-10.34-8.fc31.x86_64                            24/63 
  Upgrading        : gnutls-3.6.12-2.fc31.x86_64                          25/63 
  Upgrading        : systemd-pam-243.8-1.fc31.x86_64                      26/63 
  Running scriptlet: systemd-243.8-1.fc31.x86_64                          27/63 
  Upgrading        : systemd-243.8-1.fc31.x86_64                          27/63 
  Running scriptlet: systemd-243.8-1.fc31.x86_64                          27/63 
  Running scriptlet: trousers-0.3.13-13.fc31.x86_64                       28/63 
  Installing       : trousers-0.3.13-13.fc31.x86_64                       28/63 
  Running scriptlet: trousers-0.3.13-13.fc31.x86_64                       28/63 
  Upgrading        : sudo-1.9.0-0.1.b1.fc31.x86_64                        29/63 
  Running scriptlet: sudo-1.9.0-0.1.b1.fc31.x86_64                        29/63 
  Upgrading        : sssd-client-2.2.3-13.fc31.x86_64                     30/63 
  Running scriptlet: sssd-client-2.2.3-13.fc31.x86_64                     30/63 
  Upgrading        : python3-hawkey-0.43.1-5.fc31.x86_64                  31/63 
  Upgrading        : python-setuptools-wheel-41.6.0-1.fc31.noarch         32/63 
  Upgrading        : libtirpc-1.2.5-1.rc2.fc31.x86_64                     33/63 
  Upgrading        : libpcap-14:1.9.1-2.fc31.x86_64                       34/63 
  Upgrading        : libgomp-9.3.1-1.fc31.x86_64                          35/63 
  Upgrading        : libarchive-3.4.2-1.fc31.x86_64                       36/63 
  Cleanup          : python-setuptools-wheel-41.2.0-1.fc31.noarch         37/63 
  Running scriptlet: systemd-243.7-1.fc31.x86_64                          38/63 
  Cleanup          : systemd-243.7-1.fc31.x86_64                          38/63 
  Cleanup          : python3-hawkey-0.43.1-2.fc31.x86_64                  39/63 
  Cleanup          : python3-libdnf-0.43.1-2.fc31.x86_64                  40/63 
  Cleanup          : libdnf-0.43.1-2.fc31.x86_64                          41/63 
  Cleanup          : libstdc++-9.2.1-1.fc31.x86_64                        42/63 
  Running scriptlet: sssd-client-2.2.2-3.fc31.x86_64                      43/63 
  Cleanup          : sssd-client-2.2.2-3.fc31.x86_64                      43/63 
  Cleanup          : systemd-libs-243.7-1.fc31.x86_64                     44/63 
  Cleanup          : systemd-pam-243.7-1.fc31.x86_64                      45/63 
  Cleanup          : shadow-utils-2:4.6-16.fc31.x86_64                    46/63 
  Cleanup          : sudo-1.8.29-1.fc31.x86_64                            47/63 
  Cleanup          : systemd-rpm-macros-243.7-1.fc31.noarch               48/63 
  Cleanup          : coreutils-8.31-6.fc31.x86_64                         49/63 
  Cleanup          : glib2-2.62.4-2.fc31.x86_64                           50/63 
  Cleanup          : coreutils-common-8.31-6.fc31.x86_64                  51/63 
  Cleanup          : pcre-8.43-2.fc31.1.x86_64                            52/63 
  Cleanup          : vim-minimal-2:8.2.236-1.fc31.x86_64                  53/63 
  Cleanup          : libxcrypt-4.4.12-1.fc31.x86_64                       54/63 
  Cleanup          : libgcc-9.2.1-1.fc31.x86_64                           55/63 
  Running scriptlet: libgcc-9.2.1-1.fc31.x86_64                           55/63 
  Cleanup          : libsss_idmap-2.2.2-3.fc31.x86_64                     56/63 
  Cleanup          : libsss_nss_idmap-2.2.2-3.fc31.x86_64                 57/63 
  Cleanup          : gnutls-3.6.11-1.fc31.x86_64                          58/63 
  Cleanup          : pcre2-10.34-5.fc31.x86_64                            59/63 
  Cleanup          : libtirpc-1.2.5-0.fc31.x86_64                         60/63 
  Cleanup          : libpcap-14:1.9.1-1.fc31.x86_64                       61/63 
  Cleanup          : libgomp-9.2.1-1.fc31.x86_64                          62/63 
  Cleanup          : libarchive-3.4.0-1.fc31.x86_64                       63/63 
  Running scriptlet: libarchive-3.4.0-1.fc31.x86_64                       63/63 
  Verifying        : libxkbcommon-0.9.1-3.fc31.x86_64                      1/63 
  Verifying        : mkpasswd-5.5.6-1.fc31.x86_64                          2/63 
  Verifying        : pcre2-syntax-10.34-8.fc31.noarch                      3/63 
  Verifying        : shared-mime-info-1.15-1.fc31.x86_64                   4/63 
  Verifying        : whois-nls-5.5.6-1.fc31.noarch                         5/63 
  Verifying        : xkeyboard-config-2.28-1.fc31.noarch                   6/63 
  Verifying        : diffutils-3.7-3.fc31.x86_64                           7/63 
  Verifying        : trousers-0.3.13-13.fc31.x86_64                        8/63 
  Verifying        : trousers-lib-0.3.13-13.fc31.x86_64                    9/63 
  Verifying        : coreutils-8.31-9.fc31.x86_64                         10/63 
  Verifying        : coreutils-8.31-6.fc31.x86_64                         11/63 
  Verifying        : coreutils-common-8.31-9.fc31.x86_64                  12/63 
  Verifying        : coreutils-common-8.31-6.fc31.x86_64                  13/63 
  Verifying        : glib2-2.62.6-1.fc31.x86_64                           14/63 
  Verifying        : glib2-2.62.4-2.fc31.x86_64                           15/63 
  Verifying        : gnutls-3.6.12-2.fc31.x86_64                          16/63 
  Verifying        : gnutls-3.6.11-1.fc31.x86_64                          17/63 
  Verifying        : libarchive-3.4.2-1.fc31.x86_64                       18/63 
  Verifying        : libarchive-3.4.0-1.fc31.x86_64                       19/63 
  Verifying        : libdnf-0.43.1-5.fc31.x86_64                          20/63 
  Verifying        : libdnf-0.43.1-2.fc31.x86_64                          21/63 
  Verifying        : libgcc-9.3.1-1.fc31.x86_64                           22/63 
  Verifying        : libgcc-9.2.1-1.fc31.x86_64                           23/63 
  Verifying        : libgomp-9.3.1-1.fc31.x86_64                          24/63 
  Verifying        : libgomp-9.2.1-1.fc31.x86_64                          25/63 
  Verifying        : libpcap-14:1.9.1-2.fc31.x86_64                       26/63 
  Verifying        : libpcap-14:1.9.1-1.fc31.x86_64                       27/63 
  Verifying        : libsss_idmap-2.2.3-13.fc31.x86_64                    28/63 
  Verifying        : libsss_idmap-2.2.2-3.fc31.x86_64                     29/63 
  Verifying        : libsss_nss_idmap-2.2.3-13.fc31.x86_64                30/63 
  Verifying        : libsss_nss_idmap-2.2.2-3.fc31.x86_64                 31/63 
  Verifying        : libstdc++-9.3.1-1.fc31.x86_64                        32/63 
  Verifying        : libstdc++-9.2.1-1.fc31.x86_64                        33/63 
  Verifying        : libtirpc-1.2.5-1.rc2.fc31.x86_64                     34/63 
  Verifying        : libtirpc-1.2.5-0.fc31.x86_64                         35/63 
  Verifying        : libxcrypt-4.4.15-1.fc31.x86_64                       36/63 
  Verifying        : libxcrypt-4.4.12-1.fc31.x86_64                       37/63 
  Verifying        : pcre-8.44-1.fc31.x86_64                              38/63 
  Verifying        : pcre-8.43-2.fc31.1.x86_64                            39/63 
  Verifying        : pcre2-10.34-8.fc31.x86_64                            40/63 
  Verifying        : pcre2-10.34-5.fc31.x86_64                            41/63 
  Verifying        : python-setuptools-wheel-41.6.0-1.fc31.noarch         42/63 
  Verifying        : python-setuptools-wheel-41.2.0-1.fc31.noarch         43/63 
  Verifying        : python3-hawkey-0.43.1-5.fc31.x86_64                  44/63 
  Verifying        : python3-hawkey-0.43.1-2.fc31.x86_64                  45/63 
  Verifying        : python3-libdnf-0.43.1-5.fc31.x86_64                  46/63 
  Verifying        : python3-libdnf-0.43.1-2.fc31.x86_64                  47/63 
  Verifying        : shadow-utils-2:4.6-17.fc31.x86_64                    48/63 
  Verifying        : shadow-utils-2:4.6-16.fc31.x86_64                    49/63 
  Verifying        : sssd-client-2.2.3-13.fc31.x86_64                     50/63 
  Verifying        : sssd-client-2.2.2-3.fc31.x86_64                      51/63 
  Verifying        : sudo-1.9.0-0.1.b1.fc31.x86_64                        52/63 
  Verifying        : sudo-1.8.29-1.fc31.x86_64                            53/63 
  Verifying        : systemd-243.8-1.fc31.x86_64                          54/63 
  Verifying        : systemd-243.7-1.fc31.x86_64                          55/63 
  Verifying        : systemd-libs-243.8-1.fc31.x86_64                     56/63 
  Verifying        : systemd-libs-243.7-1.fc31.x86_64                     57/63 
  Verifying        : systemd-pam-243.8-1.fc31.x86_64                      58/63 
  Verifying        : systemd-pam-243.7-1.fc31.x86_64                      59/63 
  Verifying        : systemd-rpm-macros-243.8-1.fc31.noarch               60/63 
  Verifying        : systemd-rpm-macros-243.7-1.fc31.noarch               61/63 
  Verifying        : vim-minimal-2:8.2.480-1.fc31.x86_64                  62/63 
  Verifying        : vim-minimal-2:8.2.236-1.fc31.x86_64                  63/63 

Upgraded:
  coreutils-8.31-9.fc31.x86_64                                                  
  coreutils-common-8.31-9.fc31.x86_64                                           
  glib2-2.62.6-1.fc31.x86_64                                                    
  gnutls-3.6.12-2.fc31.x86_64                                                   
  libarchive-3.4.2-1.fc31.x86_64                                                
  libdnf-0.43.1-5.fc31.x86_64                                                   
  libgcc-9.3.1-1.fc31.x86_64                                                    
  libgomp-9.3.1-1.fc31.x86_64                                                   
  libpcap-14:1.9.1-2.fc31.x86_64                                                
  libsss_idmap-2.2.3-13.fc31.x86_64                                             
  libsss_nss_idmap-2.2.3-13.fc31.x86_64                                         
  libstdc++-9.3.1-1.fc31.x86_64                                                 
  libtirpc-1.2.5-1.rc2.fc31.x86_64                                              
  libxcrypt-4.4.15-1.fc31.x86_64                                                
  pcre-8.44-1.fc31.x86_64                                                       
  pcre2-10.34-8.fc31.x86_64                                                     
  python-setuptools-wheel-41.6.0-1.fc31.noarch                                  
  python3-hawkey-0.43.1-5.fc31.x86_64                                           
  python3-libdnf-0.43.1-5.fc31.x86_64                                           
  shadow-utils-2:4.6-17.fc31.x86_64                                             
  sssd-client-2.2.3-13.fc31.x86_64                                              
  sudo-1.9.0-0.1.b1.fc31.x86_64                                                 
  systemd-243.8-1.fc31.x86_64                                                   
  systemd-libs-243.8-1.fc31.x86_64                                              
  systemd-pam-243.8-1.fc31.x86_64                                               
  systemd-rpm-macros-243.8-1.fc31.noarch                                        
  vim-minimal-2:8.2.480-1.fc31.x86_64                                           

Installed:
  diffutils-3.7-3.fc31.x86_64              libxkbcommon-0.9.1-3.fc31.x86_64     
  mkpasswd-5.5.6-1.fc31.x86_64             pcre2-syntax-10.34-8.fc31.noarch     
  shared-mime-info-1.15-1.fc31.x86_64      trousers-0.3.13-13.fc31.x86_64       
  trousers-lib-0.3.13-13.fc31.x86_64       whois-nls-5.5.6-1.fc31.noarch        
  xkeyboard-config-2.28-1.fc31.noarch     

Complete!
33 files removed
Removing intermediate container 477867aa0970
 ---> 8b111395db55
Step 4/10 : RUN yum -y install squid; yum clean all;
 ---> Running in 04b130d0b85c
Fedora Modular 31 - x86_64                      5.5 MB/s | 5.2 MB     00:00    
Fedora Modular 31 - x86_64 - Updates            2.6 MB/s | 4.0 MB     00:01    
Fedora 31 - x86_64 - Updates                    7.5 MB/s |  23 MB     00:03    
Fedora 31 - x86_64                               17 MB/s |  71 MB     00:04    
Last metadata expiration check: 0:00:01 ago on Sat Apr  4 01:23:39 2020.
Dependencies resolved.
================================================================================
 Package                   Arch      Version                   Repository  Size
================================================================================
Installing:
 squid                     x86_64    7:4.9-2.fc31              updates    3.5 M
Installing dependencies:
 groff-base                x86_64    1.22.3-20.fc31            fedora     1.0 M
 httpd-filesystem          noarch    2.4.41-12.fc31            updates     15 k
 libecap                   x86_64    1.0.1-5.fc31              fedora      28 k
 libtool-ltdl              x86_64    2.4.6-31.fc31             fedora      37 k
 perl-Carp                 noarch    1.50-439.fc31             fedora      29 k
 perl-DBI                  x86_64    1.642-5.fc31              fedora     701 k
 perl-Data-Dumper          x86_64    2.174-440.fc31            fedora      57 k
 perl-Digest               noarch    1.17-439.fc31             fedora      24 k
 perl-Digest-MD5           x86_64    2.55-439.fc31             fedora      36 k
 perl-Digest-SHA           x86_64    1:6.02-440.fc31           fedora      64 k
 perl-Encode               x86_64    4:3.04-442.fc31           updates    1.8 M
 perl-Errno                x86_64    1.30-450.fc31             updates     24 k
 perl-Exporter             noarch    5.74-1.fc31               updates     32 k
 perl-File-Path            noarch    2.16-439.fc31             fedora      36 k
 perl-File-Temp            noarch    1:0.230.900-439.fc31      fedora      60 k
 perl-Getopt-Long          noarch    1:2.51-1.fc31             fedora      60 k
 perl-HTTP-Tiny            noarch    0.076-439.fc31            fedora      55 k
 perl-IO                   x86_64    1.40-450.fc31             updates     91 k
 perl-IO-Socket-IP         noarch    0.39-440.fc31             fedora      42 k
 perl-MIME-Base64          x86_64    3.15-439.fc31             fedora      30 k
 perl-Math-BigInt          noarch    1:1.9998.16-439.fc31      fedora     185 k
 perl-Math-Complex         noarch    1.59-450.fc31             updates     56 k
 perl-Net-SSLeay           x86_64    1.88-3.fc31               fedora     355 k
 perl-PathTools            x86_64    3.78-439.fc31             fedora      86 k
 perl-Pod-Escapes          noarch    1:1.07-439.fc31           fedora      20 k
 perl-Pod-Perldoc          noarch    3.28.01-442.fc31          fedora      85 k
 perl-Pod-Simple           noarch    1:3.39-2.fc31             fedora     214 k
 perl-Pod-Usage            noarch    4:1.70-1.fc31             updates     33 k
 perl-Scalar-List-Utils    x86_64    3:1.53-439.fc31           updates     66 k
 perl-Socket               x86_64    4:2.029-4.fc31            fedora      56 k
 perl-Storable             x86_64    1:3.15-442.fc31           updates     97 k
 perl-Term-ANSIColor       noarch    4.06-440.fc31             fedora      44 k
 perl-Term-Cap             noarch    1.17-439.fc31             fedora      22 k
 perl-Text-ParseWords      noarch    3.30-439.fc31             fedora      16 k
 perl-Text-Tabs+Wrap       noarch    2013.0523-439.fc31        fedora      23 k
 perl-Time-Local           noarch    2:1.300-1.fc31            updates     34 k
 perl-URI                  noarch    1.76-5.fc31               fedora     108 k
 perl-Unicode-Normalize    x86_64    1.26-439.fc31             fedora      97 k
 perl-constant             noarch    1.33-440.fc31             fedora      23 k
 perl-interpreter          x86_64    4:5.30.2-450.fc31         updates    6.0 M
 perl-libnet               noarch    3.11-440.fc31             fedora     117 k
 perl-libs                 x86_64    4:5.30.2-450.fc31         updates    1.7 M
 perl-macros               x86_64    4:5.30.2-450.fc31         updates     20 k
 perl-parent               noarch    1:0.237-439.fc31          fedora      14 k
 perl-podlators            noarch    1:4.12-2.fc31             fedora     113 k
 perl-threads              x86_64    1:2.22-439.fc31           fedora      58 k
 perl-threads-shared       x86_64    1.60-440.fc31             fedora      44 k
Installing weak dependencies:
 perl-IO-Socket-SSL        noarch    2.066-7.fc31              updates    238 k
 perl-Mozilla-CA           noarch    20180117-6.fc31           fedora      12 k

Transaction Summary
================================================================================
Install  50 Packages

Total download size: 18 M
Installed size: 59 M
Downloading Packages:
(1/50): httpd-filesystem-2.4.41-12.fc31.noarch. 109 kB/s |  15 kB     00:00    
(2/50): perl-Errno-1.30-450.fc31.x86_64.rpm     176 kB/s |  24 kB     00:00    
(3/50): perl-Exporter-5.74-1.fc31.noarch.rpm    363 kB/s |  32 kB     00:00    
(4/50): perl-IO-1.40-450.fc31.x86_64.rpm        522 kB/s |  91 kB     00:00    
(5/50): perl-Math-Complex-1.59-450.fc31.noarch. 642 kB/s |  56 kB     00:00    
(6/50): perl-Pod-Usage-1.70-1.fc31.noarch.rpm   742 kB/s |  33 kB     00:00    
(7/50): perl-IO-Socket-SSL-2.066-7.fc31.noarch. 788 kB/s | 238 kB     00:00    
(8/50): perl-Scalar-List-Utils-1.53-439.fc31.x8 756 kB/s |  66 kB     00:00    
(9/50): perl-Time-Local-1.300-1.fc31.noarch.rpm 768 kB/s |  34 kB     00:00    
(10/50): perl-Storable-3.15-442.fc31.x86_64.rpm 750 kB/s |  97 kB     00:00    
(11/50): perl-Encode-3.04-442.fc31.x86_64.rpm   1.0 MB/s | 1.8 MB     00:01    
(12/50): perl-macros-5.30.2-450.fc31.x86_64.rpm 447 kB/s |  20 kB     00:00    
(13/50): perl-libs-5.30.2-450.fc31.x86_64.rpm   1.1 MB/s | 1.7 MB     00:01    
(14/50): groff-base-1.22.3-20.fc31.x86_64.rpm   2.4 MB/s | 1.0 MB     00:00    
(15/50): libecap-1.0.1-5.fc31.x86_64.rpm        718 kB/s |  28 kB     00:00    
(16/50): libtool-ltdl-2.4.6-31.fc31.x86_64.rpm  970 kB/s |  37 kB     00:00    
(17/50): perl-Carp-1.50-439.fc31.noarch.rpm     770 kB/s |  29 kB     00:00    
(18/50): perl-DBI-1.642-5.fc31.x86_64.rpm        14 MB/s | 701 kB     00:00    
(19/50): perl-Data-Dumper-2.174-440.fc31.x86_64 1.4 MB/s |  57 kB     00:00    
(20/50): perl-Digest-1.17-439.fc31.noarch.rpm   645 kB/s |  24 kB     00:00    
(21/50): perl-Digest-MD5-2.55-439.fc31.x86_64.r 938 kB/s |  36 kB     00:00    
(22/50): perl-Digest-SHA-6.02-440.fc31.x86_64.r 1.6 MB/s |  64 kB     00:00    
(23/50): perl-File-Path-2.16-439.fc31.noarch.rp 939 kB/s |  36 kB     00:00    
(24/50): perl-File-Temp-0.230.900-439.fc31.noar 1.5 MB/s |  60 kB     00:00    
(25/50): perl-Getopt-Long-2.51-1.fc31.noarch.rp 1.5 MB/s |  60 kB     00:00    
(26/50): perl-HTTP-Tiny-0.076-439.fc31.noarch.r 1.4 MB/s |  55 kB     00:00    
(27/50): perl-IO-Socket-IP-0.39-440.fc31.noarch 1.1 MB/s |  42 kB     00:00    
(28/50): perl-MIME-Base64-3.15-439.fc31.x86_64. 798 kB/s |  30 kB     00:00    
(29/50): perl-Math-BigInt-1.9998.16-439.fc31.no 4.4 MB/s | 185 kB     00:00    
(30/50): perl-Mozilla-CA-20180117-6.fc31.noarch 322 kB/s |  12 kB     00:00    
(31/50): perl-Net-SSLeay-1.88-3.fc31.x86_64.rpm 8.3 MB/s | 355 kB     00:00    
(32/50): perl-PathTools-3.78-439.fc31.x86_64.rp 2.2 MB/s |  86 kB     00:00    
(33/50): perl-Pod-Escapes-1.07-439.fc31.noarch. 527 kB/s |  20 kB     00:00    
(34/50): perl-Pod-Perldoc-3.28.01-442.fc31.noar 2.1 MB/s |  85 kB     00:00    
(35/50): perl-Pod-Simple-3.39-2.fc31.noarch.rpm 5.2 MB/s | 214 kB     00:00    
(36/50): perl-Socket-2.029-4.fc31.x86_64.rpm    1.4 MB/s |  56 kB     00:00    
(37/50): perl-Term-ANSIColor-4.06-440.fc31.noar 1.1 MB/s |  44 kB     00:00    
(38/50): perl-Term-Cap-1.17-439.fc31.noarch.rpm 582 kB/s |  22 kB     00:00    
(39/50): perl-Text-ParseWords-3.30-439.fc31.noa 423 kB/s |  16 kB     00:00    
(40/50): perl-Text-Tabs+Wrap-2013.0523-439.fc31 605 kB/s |  23 kB     00:00    
(41/50): perl-URI-1.76-5.fc31.noarch.rpm        2.7 MB/s | 108 kB     00:00    
(42/50): perl-Unicode-Normalize-1.26-439.fc31.x 2.4 MB/s |  97 kB     00:00    
(43/50): perl-constant-1.33-440.fc31.noarch.rpm 607 kB/s |  23 kB     00:00    
(44/50): perl-libnet-3.11-440.fc31.noarch.rpm   2.9 MB/s | 117 kB     00:00    
(45/50): perl-parent-0.237-439.fc31.noarch.rpm  370 kB/s |  14 kB     00:00    
(46/50): perl-podlators-4.12-2.fc31.noarch.rpm  2.8 MB/s | 113 kB     00:00    
(47/50): perl-threads-2.22-439.fc31.x86_64.rpm  1.5 MB/s |  58 kB     00:00    
(48/50): perl-threads-shared-1.60-440.fc31.x86_ 1.1 MB/s |  44 kB     00:00    
(49/50): squid-4.9-2.fc31.x86_64.rpm            1.6 MB/s | 3.5 MB     00:02    
(50/50): perl-interpreter-5.30.2-450.fc31.x86_6 1.5 MB/s | 6.0 MB     00:03    
--------------------------------------------------------------------------------
Total                                           3.4 MB/s |  18 MB     00:05     
Running transaction check
Transaction check succeeded.
Running transaction test
Transaction test succeeded.
Running transaction
  Preparing        :                                                        1/1 
  Installing       : perl-libs-4:5.30.2-450.fc31.x86_64                    1/50 
  Installing       : perl-Carp-1.50-439.fc31.noarch                        2/50 
  Installing       : perl-Exporter-5.74-1.fc31.noarch                      3/50 
  Installing       : perl-Scalar-List-Utils-3:1.53-439.fc31.x86_64         4/50 
  Installing       : perl-parent-1:0.237-439.fc31.noarch                   5/50 
  Installing       : perl-Text-ParseWords-3.30-439.fc31.noarch             6/50 
  Installing       : perl-Term-ANSIColor-4.06-440.fc31.noarch              7/50 
  Installing       : perl-Unicode-Normalize-1.26-439.fc31.x86_64           8/50 
  Installing       : perl-Socket-4:2.029-4.fc31.x86_64                     9/50 
  Installing       : perl-Errno-1.30-450.fc31.x86_64                      10/50 
  Installing       : perl-macros-4:5.30.2-450.fc31.x86_64                 11/50 
  Installing       : perl-IO-1.40-450.fc31.x86_64                         12/50 
  Installing       : perl-Text-Tabs+Wrap-2013.0523-439.fc31.noarch        13/50 
  Installing       : perl-constant-1.33-440.fc31.noarch                   14/50 
  Installing       : perl-PathTools-3.78-439.fc31.x86_64                  15/50 
  Installing       : perl-threads-1:2.22-439.fc31.x86_64                  16/50 
  Installing       : perl-threads-shared-1.60-440.fc31.x86_64             17/50 
  Installing       : perl-File-Path-2.16-439.fc31.noarch                  18/50 
  Installing       : perl-interpreter-4:5.30.2-450.fc31.x86_64            19/50 
  Installing       : perl-MIME-Base64-3.15-439.fc31.x86_64                20/50 
  Installing       : perl-Data-Dumper-2.174-440.fc31.x86_64               21/50 
  Installing       : perl-IO-Socket-IP-0.39-440.fc31.noarch               22/50 
  Installing       : perl-Digest-1.17-439.fc31.noarch                     23/50 
  Installing       : perl-Digest-MD5-2.55-439.fc31.x86_64                 24/50 
  Installing       : perl-Storable-1:3.15-442.fc31.x86_64                 25/50 
  Installing       : perl-Time-Local-2:1.300-1.fc31.noarch                26/50 
  Installing       : perl-Net-SSLeay-1.88-3.fc31.x86_64                   27/50 
  Installing       : perl-Math-Complex-1.59-450.fc31.noarch               28/50 
  Installing       : perl-Math-BigInt-1:1.9998.16-439.fc31.noarch         29/50 
  Installing       : perl-File-Temp-1:0.230.900-439.fc31.noarch           30/50 
  Installing       : perl-Pod-Escapes-1:1.07-439.fc31.noarch              31/50 
  Installing       : perl-Term-Cap-1.17-439.fc31.noarch                   32/50 
  Installing       : perl-Mozilla-CA-20180117-6.fc31.noarch               33/50 
  Installing       : libtool-ltdl-2.4.6-31.fc31.x86_64                    34/50 
  Installing       : libecap-1.0.1-5.fc31.x86_64                          35/50 
  Installing       : groff-base-1.22.3-20.fc31.x86_64                     36/50 
  Installing       : perl-HTTP-Tiny-0.076-439.fc31.noarch                 37/50 
  Installing       : perl-libnet-3.11-440.fc31.noarch                     38/50 
  Installing       : perl-IO-Socket-SSL-2.066-7.fc31.noarch               39/50 
  Installing       : perl-URI-1.76-5.fc31.noarch                          40/50 
  Installing       : perl-Pod-Simple-1:3.39-2.fc31.noarch                 41/50 
  Installing       : perl-Getopt-Long-1:2.51-1.fc31.noarch                42/50 
  Installing       : perl-Encode-4:3.04-442.fc31.x86_64                   43/50 
  Installing       : perl-Pod-Usage-4:1.70-1.fc31.noarch                  44/50 
  Installing       : perl-podlators-1:4.12-2.fc31.noarch                  45/50 
  Installing       : perl-Pod-Perldoc-3.28.01-442.fc31.noarch             46/50 
  Installing       : perl-DBI-1.642-5.fc31.x86_64                         47/50 
  Installing       : perl-Digest-SHA-1:6.02-440.fc31.x86_64               48/50 
  Running scriptlet: httpd-filesystem-2.4.41-12.fc31.noarch               49/50 
  Installing       : httpd-filesystem-2.4.41-12.fc31.noarch               49/50 
  Running scriptlet: squid-7:4.9-2.fc31.x86_64                            50/50 
  Installing       : squid-7:4.9-2.fc31.x86_64                            50/50 
  Running scriptlet: squid-7:4.9-2.fc31.x86_64                            50/50 
  Verifying        : httpd-filesystem-2.4.41-12.fc31.noarch                1/50 
  Verifying        : perl-Encode-4:3.04-442.fc31.x86_64                    2/50 
  Verifying        : perl-Errno-1.30-450.fc31.x86_64                       3/50 
  Verifying        : perl-Exporter-5.74-1.fc31.noarch                      4/50 
  Verifying        : perl-IO-1.40-450.fc31.x86_64                          5/50 
  Verifying        : perl-IO-Socket-SSL-2.066-7.fc31.noarch                6/50 
  Verifying        : perl-Math-Complex-1.59-450.fc31.noarch                7/50 
  Verifying        : perl-Pod-Usage-4:1.70-1.fc31.noarch                   8/50 
  Verifying        : perl-Scalar-List-Utils-3:1.53-439.fc31.x86_64         9/50 
  Verifying        : perl-Storable-1:3.15-442.fc31.x86_64                 10/50 
  Verifying        : perl-Time-Local-2:1.300-1.fc31.noarch                11/50 
  Verifying        : perl-interpreter-4:5.30.2-450.fc31.x86_64            12/50 
  Verifying        : perl-libs-4:5.30.2-450.fc31.x86_64                   13/50 
  Verifying        : perl-macros-4:5.30.2-450.fc31.x86_64                 14/50 
  Verifying        : squid-7:4.9-2.fc31.x86_64                            15/50 
  Verifying        : groff-base-1.22.3-20.fc31.x86_64                     16/50 
  Verifying        : libecap-1.0.1-5.fc31.x86_64                          17/50 
  Verifying        : libtool-ltdl-2.4.6-31.fc31.x86_64                    18/50 
  Verifying        : perl-Carp-1.50-439.fc31.noarch                       19/50 
  Verifying        : perl-DBI-1.642-5.fc31.x86_64                         20/50 
  Verifying        : perl-Data-Dumper-2.174-440.fc31.x86_64               21/50 
  Verifying        : perl-Digest-1.17-439.fc31.noarch                     22/50 
  Verifying        : perl-Digest-MD5-2.55-439.fc31.x86_64                 23/50 
  Verifying        : perl-Digest-SHA-1:6.02-440.fc31.x86_64               24/50 
  Verifying        : perl-File-Path-2.16-439.fc31.noarch                  25/50 
  Verifying        : perl-File-Temp-1:0.230.900-439.fc31.noarch           26/50 
  Verifying        : perl-Getopt-Long-1:2.51-1.fc31.noarch                27/50 
  Verifying        : perl-HTTP-Tiny-0.076-439.fc31.noarch                 28/50 
  Verifying        : perl-IO-Socket-IP-0.39-440.fc31.noarch               29/50 
  Verifying        : perl-MIME-Base64-3.15-439.fc31.x86_64                30/50 
  Verifying        : perl-Math-BigInt-1:1.9998.16-439.fc31.noarch         31/50 
  Verifying        : perl-Mozilla-CA-20180117-6.fc31.noarch               32/50 
  Verifying        : perl-Net-SSLeay-1.88-3.fc31.x86_64                   33/50 
  Verifying        : perl-PathTools-3.78-439.fc31.x86_64                  34/50 
  Verifying        : perl-Pod-Escapes-1:1.07-439.fc31.noarch              35/50 
  Verifying        : perl-Pod-Perldoc-3.28.01-442.fc31.noarch             36/50 
  Verifying        : perl-Pod-Simple-1:3.39-2.fc31.noarch                 37/50 
  Verifying        : perl-Socket-4:2.029-4.fc31.x86_64                    38/50 
  Verifying        : perl-Term-ANSIColor-4.06-440.fc31.noarch             39/50 
  Verifying        : perl-Term-Cap-1.17-439.fc31.noarch                   40/50 
  Verifying        : perl-Text-ParseWords-3.30-439.fc31.noarch            41/50 
  Verifying        : perl-Text-Tabs+Wrap-2013.0523-439.fc31.noarch        42/50 
  Verifying        : perl-URI-1.76-5.fc31.noarch                          43/50 
  Verifying        : perl-Unicode-Normalize-1.26-439.fc31.x86_64          44/50 
  Verifying        : perl-constant-1.33-440.fc31.noarch                   45/50 
  Verifying        : perl-libnet-3.11-440.fc31.noarch                     46/50 
  Verifying        : perl-parent-1:0.237-439.fc31.noarch                  47/50 
  Verifying        : perl-podlators-1:4.12-2.fc31.noarch                  48/50 
  Verifying        : perl-threads-1:2.22-439.fc31.x86_64                  49/50 
  Verifying        : perl-threads-shared-1.60-440.fc31.x86_64             50/50 

Installed:
  groff-base-1.22.3-20.fc31.x86_64                                              
  httpd-filesystem-2.4.41-12.fc31.noarch                                        
  libecap-1.0.1-5.fc31.x86_64                                                   
  libtool-ltdl-2.4.6-31.fc31.x86_64                                             
  perl-Carp-1.50-439.fc31.noarch                                                
  perl-DBI-1.642-5.fc31.x86_64                                                  
  perl-Data-Dumper-2.174-440.fc31.x86_64                                        
  perl-Digest-1.17-439.fc31.noarch                                              
  perl-Digest-MD5-2.55-439.fc31.x86_64                                          
  perl-Digest-SHA-1:6.02-440.fc31.x86_64                                        
  perl-Encode-4:3.04-442.fc31.x86_64                                            
  perl-Errno-1.30-450.fc31.x86_64                                               
  perl-Exporter-5.74-1.fc31.noarch                                              
  perl-File-Path-2.16-439.fc31.noarch                                           
  perl-File-Temp-1:0.230.900-439.fc31.noarch                                    
  perl-Getopt-Long-1:2.51-1.fc31.noarch                                         
  perl-HTTP-Tiny-0.076-439.fc31.noarch                                          
  perl-IO-1.40-450.fc31.x86_64                                                  
  perl-IO-Socket-IP-0.39-440.fc31.noarch                                        
  perl-IO-Socket-SSL-2.066-7.fc31.noarch                                        
  perl-MIME-Base64-3.15-439.fc31.x86_64                                         
  perl-Math-BigInt-1:1.9998.16-439.fc31.noarch                                  
  perl-Math-Complex-1.59-450.fc31.noarch                                        
  perl-Mozilla-CA-20180117-6.fc31.noarch                                        
  perl-Net-SSLeay-1.88-3.fc31.x86_64                                            
  perl-PathTools-3.78-439.fc31.x86_64                                           
  perl-Pod-Escapes-1:1.07-439.fc31.noarch                                       
  perl-Pod-Perldoc-3.28.01-442.fc31.noarch                                      
  perl-Pod-Simple-1:3.39-2.fc31.noarch                                          
  perl-Pod-Usage-4:1.70-1.fc31.noarch                                           
  perl-Scalar-List-Utils-3:1.53-439.fc31.x86_64                                 
  perl-Socket-4:2.029-4.fc31.x86_64                                             
  perl-Storable-1:3.15-442.fc31.x86_64                                          
  perl-Term-ANSIColor-4.06-440.fc31.noarch                                      
  perl-Term-Cap-1.17-439.fc31.noarch                                            
  perl-Text-ParseWords-3.30-439.fc31.noarch                                     
  perl-Text-Tabs+Wrap-2013.0523-439.fc31.noarch                                 
  perl-Time-Local-2:1.300-1.fc31.noarch                                         
  perl-URI-1.76-5.fc31.noarch                                                   
  perl-Unicode-Normalize-1.26-439.fc31.x86_64                                   
  perl-constant-1.33-440.fc31.noarch                                            
  perl-interpreter-4:5.30.2-450.fc31.x86_64                                     
  perl-libnet-3.11-440.fc31.noarch                                              
  perl-libs-4:5.30.2-450.fc31.x86_64                                            
  perl-macros-4:5.30.2-450.fc31.x86_64                                          
  perl-parent-1:0.237-439.fc31.noarch                                           
  perl-podlators-1:4.12-2.fc31.noarch                                           
  perl-threads-1:2.22-439.fc31.x86_64                                           
  perl-threads-shared-1.60-440.fc31.x86_64                                      
  squid-7:4.9-2.fc31.x86_64                                                     

Complete!
33 files removed
Removing intermediate container 04b130d0b85c
 ---> 5233dcece33a
Step 5/10 : RUN yum -y install httpd-tools; yum clean all;
 ---> Running in 768d4cbb2d1f
Fedora Modular 31 - x86_64                      5.6 MB/s | 5.2 MB     00:00    
Fedora Modular 31 - x86_64 - Updates            3.0 MB/s | 4.0 MB     00:01    
Fedora 31 - x86_64 - Updates                    2.6 MB/s |  23 MB     00:08    
Fedora 31 - x86_64                              6.7 MB/s |  71 MB     00:10    
Last metadata expiration check: 0:00:01 ago on Sat Apr  4 01:24:54 2020.
Dependencies resolved.
================================================================================
 Package                Architecture Version                Repository     Size
================================================================================
Installing:
 httpd-tools            x86_64       2.4.41-12.fc31         updates        84 k
Installing dependencies:
 apr                    x86_64       1.7.0-2.fc31           fedora        124 k
 apr-util               x86_64       1.6.1-11.fc31          fedora         98 k
Installing weak dependencies:
 apr-util-bdb           x86_64       1.6.1-11.fc31          fedora         13 k
 apr-util-openssl       x86_64       1.6.1-11.fc31          fedora         16 k

Transaction Summary
================================================================================
Install  5 Packages

Total download size: 334 k
Installed size: 752 k
Downloading Packages:
(1/5): httpd-tools-2.4.41-12.fc31.x86_64.rpm    314 kB/s |  84 kB     00:00    
(2/5): apr-1.7.0-2.fc31.x86_64.rpm              378 kB/s | 124 kB     00:00    
(3/5): apr-util-1.6.1-11.fc31.x86_64.rpm        298 kB/s |  98 kB     00:00    
(4/5): apr-util-openssl-1.6.1-11.fc31.x86_64.rp 290 kB/s |  16 kB     00:00    
(5/5): apr-util-bdb-1.6.1-11.fc31.x86_64.rpm     60 kB/s |  13 kB     00:00    
--------------------------------------------------------------------------------
Total                                           338 kB/s | 334 kB     00:00     
Running transaction check
Transaction check succeeded.
Running transaction test
Transaction test succeeded.
Running transaction
  Preparing        :                                                        1/1 
  Installing       : apr-1.7.0-2.fc31.x86_64                                1/5 
  Installing       : apr-util-bdb-1.6.1-11.fc31.x86_64                      2/5 
  Installing       : apr-util-openssl-1.6.1-11.fc31.x86_64                  3/5 
  Installing       : apr-util-1.6.1-11.fc31.x86_64                          4/5 
  Installing       : httpd-tools-2.4.41-12.fc31.x86_64                      5/5 
  Running scriptlet: httpd-tools-2.4.41-12.fc31.x86_64                      5/5 
  Verifying        : httpd-tools-2.4.41-12.fc31.x86_64                      1/5 
  Verifying        : apr-1.7.0-2.fc31.x86_64                                2/5 
  Verifying        : apr-util-1.6.1-11.fc31.x86_64                          3/5 
  Verifying        : apr-util-bdb-1.6.1-11.fc31.x86_64                      4/5 
  Verifying        : apr-util-openssl-1.6.1-11.fc31.x86_64                  5/5 

Installed:
  apr-1.7.0-2.fc31.x86_64              apr-util-1.6.1-11.fc31.x86_64           
  apr-util-bdb-1.6.1-11.fc31.x86_64    apr-util-openssl-1.6.1-11.fc31.x86_64   
  httpd-tools-2.4.41-12.fc31.x86_64   

Complete!
33 files removed
Removing intermediate container 768d4cbb2d1f
 ---> 6b930aa38638
Step 6/10 : ADD squid.conf /etc/squid/squid.conf
ADD failed: stat /var/lib/docker/tmp/docker-builder558351790/squid.conf: no such file or directory
