Sending build context to Docker daemon  2.048kB
Step 1/7 : FROM fedora
latest: Pulling from library/fedora
5c1b9e8d7bf7: Pulling fs layer
5c1b9e8d7bf7: Verifying Checksum
5c1b9e8d7bf7: Download complete
5c1b9e8d7bf7: Pull complete
Digest: sha256:c97879f8bebe49744307ea5c77ffc76c7cc97f3ddec72fb9a394bd4e4519b388
Status: Downloaded newer image for fedora:latest
 ---> 536f3995adeb
Step 2/7 : MAINTAINER http://fedoraproject.org/wiki/Cloud
 ---> Running in 913ea44004b3
Removing intermediate container 913ea44004b3
 ---> 2047238d5d87
Step 3/7 : EXPOSE 22
 ---> Running in 3f512e94c906
Removing intermediate container 3f512e94c906
 ---> c0169e728c39
Step 4/7 : RUN yum -y install 	openssh-server 	passwd 	; yum clean all
 ---> Running in 6f8208b15b12
Fedora Modular 31 - x86_64                      3.5 MB/s | 5.2 MB     00:01    
Fedora Modular 31 - x86_64 - Updates            5.0 MB/s | 4.0 MB     00:00    
Fedora 31 - x86_64 - Updates                    7.0 MB/s |  23 MB     00:03    
Fedora 31 - x86_64                               21 MB/s |  71 MB     00:03    
Last metadata expiration check: 0:00:01 ago on Sat Apr  4 01:26:04 2020.
Dependencies resolved.
================================================================================
 Package               Architecture  Version               Repository      Size
================================================================================
Installing:
 openssh-server        x86_64        8.1p1-1.fc31          updates        429 k
 passwd                x86_64        0.80-7.fc31           updates        109 k
Installing dependencies:
 fipscheck             x86_64        1.5.0-7.fc31          fedora          26 k
 fipscheck-lib         x86_64        1.5.0-7.fc31          fedora          14 k
 libuser               x86_64        0.62-21.fc31          fedora         384 k
 openssh               x86_64        8.1p1-1.fc31          updates        440 k

Transaction Summary
================================================================================
Install  6 Packages

Total download size: 1.4 M
Installed size: 5.4 M
Downloading Packages:
(1/6): passwd-0.80-7.fc31.x86_64.rpm            396 kB/s | 109 kB     00:00    
(2/6): openssh-server-8.1p1-1.fc31.x86_64.rpm   1.1 MB/s | 429 kB     00:00    
(3/6): openssh-8.1p1-1.fc31.x86_64.rpm          1.1 MB/s | 440 kB     00:00    
(4/6): fipscheck-1.5.0-7.fc31.x86_64.rpm        211 kB/s |  26 kB     00:00    
(5/6): fipscheck-lib-1.5.0-7.fc31.x86_64.rpm    223 kB/s |  14 kB     00:00    
(6/6): libuser-0.62-21.fc31.x86_64.rpm          1.8 MB/s | 384 kB     00:00    
--------------------------------------------------------------------------------
Total                                           816 kB/s | 1.4 MB     00:01     
Running transaction check
Transaction check succeeded.
Running transaction test
Transaction test succeeded.
Running transaction
  Preparing        :                                                        1/1 
  Installing       : fipscheck-lib-1.5.0-7.fc31.x86_64                      1/6 
  Installing       : fipscheck-1.5.0-7.fc31.x86_64                          2/6 
  Running scriptlet: openssh-8.1p1-1.fc31.x86_64                            3/6 
  Installing       : openssh-8.1p1-1.fc31.x86_64                            3/6 
  Installing       : libuser-0.62-21.fc31.x86_64                            4/6 
  Installing       : passwd-0.80-7.fc31.x86_64                              5/6 
  Running scriptlet: openssh-server-8.1p1-1.fc31.x86_64                     6/6 
  Installing       : openssh-server-8.1p1-1.fc31.x86_64                     6/6 
  Running scriptlet: openssh-server-8.1p1-1.fc31.x86_64                     6/6 
Created symlink /etc/systemd/system/multi-user.target.wants/sshd.service → /usr/lib/systemd/system/sshd.service.

  Verifying        : openssh-8.1p1-1.fc31.x86_64                            1/6 
  Verifying        : openssh-server-8.1p1-1.fc31.x86_64                     2/6 
  Verifying        : passwd-0.80-7.fc31.x86_64                              3/6 
  Verifying        : fipscheck-1.5.0-7.fc31.x86_64                          4/6 
  Verifying        : fipscheck-lib-1.5.0-7.fc31.x86_64                      5/6 
  Verifying        : libuser-0.62-21.fc31.x86_64                            6/6 

Installed:
  fipscheck-1.5.0-7.fc31.x86_64           fipscheck-lib-1.5.0-7.fc31.x86_64     
  libuser-0.62-21.fc31.x86_64             openssh-8.1p1-1.fc31.x86_64           
  openssh-server-8.1p1-1.fc31.x86_64      passwd-0.80-7.fc31.x86_64             

Complete!
33 files removed
Removing intermediate container 6f8208b15b12
 ---> 1ed785b038c7
Step 5/7 : COPY entrypoint.sh /entrypoint.sh
COPY failed: stat /var/lib/docker/tmp/docker-builder069911042/entrypoint.sh: no such file or directory
