Sending build context to Docker daemon  2.048kB
Step 1/10 : FROM alpine:latest as builder
latest: Pulling from library/alpine
aad63a933944: Pulling fs layer
aad63a933944: Verifying Checksum
aad63a933944: Download complete
aad63a933944: Pull complete
Digest: sha256:b276d875eeed9c7d3f1cfa7edb06b22ed22b14219a7d67c52c56612330348239
Status: Downloaded newer image for alpine:latest
 ---> a187dde48cd2
Step 2/10 : RUN apk add --no-cache     build-base     linux-headers     lua5.3-dev     python3
 ---> Running in 86b2ceab522e
fetch http://dl-cdn.alpinelinux.org/alpine/v3.11/main/x86_64/APKINDEX.tar.gz
fetch http://dl-cdn.alpinelinux.org/alpine/v3.11/community/x86_64/APKINDEX.tar.gz
(1/34) Installing libgcc (9.2.0-r4)
(2/34) Installing libstdc++ (9.2.0-r4)
(3/34) Installing binutils (2.33.1-r0)
(4/34) Installing libmagic (5.37-r1)
(5/34) Installing file (5.37-r1)
(6/34) Installing gmp (6.1.2-r1)
(7/34) Installing isl (0.18-r0)
(8/34) Installing libgomp (9.2.0-r4)
(9/34) Installing libatomic (9.2.0-r4)
(10/34) Installing mpfr4 (4.0.2-r1)
(11/34) Installing mpc1 (1.1.0-r1)
(12/34) Installing gcc (9.2.0-r4)
(13/34) Installing musl-dev (1.1.24-r2)
(14/34) Installing libc-dev (0.7.2-r0)
(15/34) Installing g++ (9.2.0-r4)
(16/34) Installing make (4.2.1-r2)
(17/34) Installing fortify-headers (1.1-r0)
(18/34) Installing build-base (0.5-r1)
(19/34) Installing linux-headers (4.19.36-r0)
(20/34) Installing linenoise (1.0-r1)
(21/34) Installing lua5.3-libs (5.3.5-r2)
(22/34) Installing lua5.3 (5.3.5-r2)
(23/34) Installing pkgconf (1.6.3-r0)
(24/34) Installing lua5.3-dev (5.3.5-r2)
(25/34) Installing libbz2 (1.0.8-r1)
(26/34) Installing expat (2.2.9-r1)
(27/34) Installing libffi (3.2.1-r6)
(28/34) Installing gdbm (1.13-r1)
(29/34) Installing xz-libs (5.2.4-r0)
(30/34) Installing ncurses-terminfo-base (6.1_p20200118-r2)
(31/34) Installing ncurses-libs (6.1_p20200118-r2)
(32/34) Installing readline (8.0.1-r0)
(33/34) Installing sqlite-libs (3.30.1-r1)
(34/34) Installing python3 (3.8.2-r0)
Executing busybox-1.31.1-r9.trigger
OK: 243 MiB in 48 packages
Removing intermediate container 86b2ceab522e
 ---> cd17e9c4e489
Step 3/10 : WORKDIR /root
 ---> Running in bc93697484b4
Removing intermediate container bc93697484b4
 ---> 900600619f5d
Step 4/10 : COPY scripts scripts
COPY failed: stat /var/lib/docker/tmp/docker-builder584576972/scripts: no such file or directory
