Sending build context to Docker daemon  2.048kB
Step 1/4 : FROM ubuntu:14.04
14.04: Pulling from library/ubuntu
2e6e20c8e2e6: Pulling fs layer
30bb187ac3fc: Pulling fs layer
b7a5bcc4a58a: Pulling fs layer
30bb187ac3fc: Download complete
b7a5bcc4a58a: Verifying Checksum
b7a5bcc4a58a: Download complete
2e6e20c8e2e6: Verifying Checksum
2e6e20c8e2e6: Download complete
2e6e20c8e2e6: Pull complete
30bb187ac3fc: Pull complete
b7a5bcc4a58a: Pull complete
Digest: sha256:ffc76f71dd8be8c9e222d420dc96901a07b61616689a44c7b3ef6a10b7213de4
Status: Downloaded newer image for ubuntu:14.04
 ---> 6e4f1fe62ff1
Step 2/4 : RUN apt-get update && apt-get install libcap2-bin mumble-server -y
 ---> Running in 1ecc1db3f4dd
Ign http://archive.ubuntu.com trusty InRelease
Get:1 http://security.ubuntu.com trusty-security InRelease [65.9 kB]
Get:2 http://archive.ubuntu.com trusty-updates InRelease [65.9 kB]
Get:3 https://esm.ubuntu.com trusty-infra-security InRelease
Get:4 https://esm.ubuntu.com trusty-infra-updates InRelease
Get:5 https://esm.ubuntu.com trusty-infra-security/main amd64 Packages
Get:6 http://security.ubuntu.com trusty-security/main amd64 Packages [1032 kB]
Get:7 http://archive.ubuntu.com trusty-backports InRelease [65.9 kB]
Get:8 https://esm.ubuntu.com trusty-infra-updates/main amd64 Packages
Hit http://archive.ubuntu.com trusty Release.gpg
Get:9 http://archive.ubuntu.com trusty-updates/main amd64 Packages [1460 kB]
Get:10 http://security.ubuntu.com trusty-security/restricted amd64 Packages [18.1 kB]
Get:11 http://security.ubuntu.com trusty-security/universe amd64 Packages [377 kB]
Get:12 http://security.ubuntu.com trusty-security/multiverse amd64 Packages [4730 B]
Get:13 http://archive.ubuntu.com trusty-updates/restricted amd64 Packages [21.4 kB]
Get:14 http://archive.ubuntu.com trusty-updates/universe amd64 Packages [671 kB]
Get:15 http://archive.ubuntu.com trusty-updates/multiverse amd64 Packages [16.1 kB]
Get:16 http://archive.ubuntu.com trusty-backports/main amd64 Packages [14.7 kB]
Get:17 http://archive.ubuntu.com trusty-backports/restricted amd64 Packages [40 B]
Get:18 http://archive.ubuntu.com trusty-backports/universe amd64 Packages [52.5 kB]
Get:19 http://archive.ubuntu.com trusty-backports/multiverse amd64 Packages [1392 B]
Hit http://archive.ubuntu.com trusty Release
Get:20 http://archive.ubuntu.com trusty/main amd64 Packages [1743 kB]
Get:21 http://archive.ubuntu.com trusty/restricted amd64 Packages [16.0 kB]
Get:22 http://archive.ubuntu.com trusty/universe amd64 Packages [7589 kB]
Get:23 http://archive.ubuntu.com trusty/multiverse amd64 Packages [169 kB]
Fetched 13.7 MB in 3s (3542 kB/s)
Reading package lists...
Reading package lists...
Building dependency tree...
Reading state information...
libcap2-bin is already the newest version.
The following extra packages will be installed:
  avahi-daemon bind9-host dbus geoip-database libapparmor1 libavahi-client3
  libavahi-common-data libavahi-common3 libavahi-compat-libdnssd1
  libavahi-core7 libbind9-90 libdaemon0 libdns100 libgeoip1 libglib2.0-0
  libglib2.0-data libiceutil35 libisc95 libisccc90 libisccfg90 liblwres90
  libmysqlclient18 libnss-mdns libpam-systemd libprotobuf8 libqt4-dbus
  libqt4-network libqt4-sql libqt4-sql-mysql libqt4-sql-sqlite libqt4-xml
  libqtcore4 libqtdbus4 libsystemd-daemon0 libsystemd-login0 libxml2
  libzeroc-ice35 mysql-common qdbus qtchooser qtcore4-l10n sgml-base
  shared-mime-info systemd-services systemd-shim xml-core
Suggested packages:
  avahi-autoipd dbus-x11 geoip-bin libqt4-dev libicu48 libthai0
  mumble-server-web mumble-django qt4-default qt5-default sgml-base-doc
  cgmanager pm-utils debhelper
The following NEW packages will be installed:
  avahi-daemon bind9-host dbus geoip-database libapparmor1 libavahi-client3
  libavahi-common-data libavahi-common3 libavahi-compat-libdnssd1
  libavahi-core7 libbind9-90 libdaemon0 libdns100 libgeoip1 libglib2.0-0
  libglib2.0-data libiceutil35 libisc95 libisccc90 libisccfg90 liblwres90
  libmysqlclient18 libnss-mdns libpam-systemd libprotobuf8 libqt4-dbus
  libqt4-network libqt4-sql libqt4-sql-mysql libqt4-sql-sqlite libqt4-xml
  libqtcore4 libqtdbus4 libsystemd-daemon0 libsystemd-login0 libxml2
  libzeroc-ice35 mumble-server mysql-common qdbus qtchooser qtcore4-l10n
  sgml-base shared-mime-info systemd-services systemd-shim xml-core
0 upgraded, 47 newly installed, 0 to remove and 1 not upgraded.
Need to get 10.8 MB of archives.
After this operation, 48.7 MB of additional disk space will be used.
Get:1 http://archive.ubuntu.com/ubuntu/ trusty/main libgeoip1 amd64 1.6.0-1 [71.0 kB]
Get:2 http://archive.ubuntu.com/ubuntu/ trusty-updates/main libglib2.0-0 amd64 2.40.2-0ubuntu1.1 [1059 kB]
Get:3 http://archive.ubuntu.com/ubuntu/ trusty-updates/main libsystemd-daemon0 amd64 204-5ubuntu20.31 [10.7 kB]
Get:4 http://archive.ubuntu.com/ubuntu/ trusty-updates/main libapparmor1 amd64 2.10.95-0ubuntu2.6~14.04.4 [31.2 kB]
Get:5 http://archive.ubuntu.com/ubuntu/ trusty-updates/main libsystemd-login0 amd64 204-5ubuntu20.31 [27.7 kB]
Get:6 http://archive.ubuntu.com/ubuntu/ trusty-updates/main dbus amd64 1.6.18-0ubuntu4.5 [232 kB]
Get:7 http://archive.ubuntu.com/ubuntu/ trusty/main systemd-shim amd64 6-2bzr1 [11.4 kB]
Get:8 http://archive.ubuntu.com/ubuntu/ trusty-updates/main systemd-services amd64 204-5ubuntu20.31 [197 kB]
Get:9 http://archive.ubuntu.com/ubuntu/ trusty-updates/main libpam-systemd amd64 204-5ubuntu20.31 [25.5 kB]
Get:10 http://archive.ubuntu.com/ubuntu/ trusty-updates/main libxml2 amd64 2.9.1+dfsg1-3ubuntu4.13 [573 kB]
Get:11 http://archive.ubuntu.com/ubuntu/ trusty/main sgml-base all 1.26+nmu4ubuntu1 [12.5 kB]
Get:12 http://archive.ubuntu.com/ubuntu/ trusty-updates/main libavahi-common-data amd64 0.6.31-4ubuntu1.3 [21.1 kB]
Get:13 http://archive.ubuntu.com/ubuntu/ trusty-updates/main libavahi-common3 amd64 0.6.31-4ubuntu1.3 [21.7 kB]
Get:14 http://archive.ubuntu.com/ubuntu/ trusty-updates/main libavahi-client3 amd64 0.6.31-4ubuntu1.3 [25.2 kB]
Get:15 http://archive.ubuntu.com/ubuntu/ trusty-updates/main libavahi-compat-libdnssd1 amd64 0.6.31-4ubuntu1.3 [16.4 kB]
Get:16 http://archive.ubuntu.com/ubuntu/ trusty-updates/main libavahi-core7 amd64 0.6.31-4ubuntu1.3 [81.0 kB]
Get:17 http://archive.ubuntu.com/ubuntu/ trusty/universe libiceutil35 amd64 3.5.1-5.2 [79.4 kB]
Get:18 http://archive.ubuntu.com/ubuntu/ trusty-updates/main mysql-common all 5.5.62-0ubuntu0.14.04.1 [12.6 kB]
Get:19 http://archive.ubuntu.com/ubuntu/ trusty-updates/main libmysqlclient18 amd64 5.5.62-0ubuntu0.14.04.1 [598 kB]
Get:20 http://archive.ubuntu.com/ubuntu/ trusty/main libdaemon0 amd64 0.14-2ubuntu1 [16.4 kB]
Get:21 http://archive.ubuntu.com/ubuntu/ trusty-updates/main libisc95 amd64 1:9.9.5.dfsg-3ubuntu0.19 [148 kB]
Get:22 http://archive.ubuntu.com/ubuntu/ trusty-updates/main libdns100 amd64 1:9.9.5.dfsg-3ubuntu0.19 [645 kB]
Get:23 http://archive.ubuntu.com/ubuntu/ trusty-updates/main libisccc90 amd64 1:9.9.5.dfsg-3ubuntu0.19 [15.7 kB]
Get:24 http://archive.ubuntu.com/ubuntu/ trusty-updates/main libisccfg90 amd64 1:9.9.5.dfsg-3ubuntu0.19 [36.0 kB]
Get:25 http://archive.ubuntu.com/ubuntu/ trusty-updates/main libbind9-90 amd64 1:9.9.5.dfsg-3ubuntu0.19 [22.0 kB]
Get:26 http://archive.ubuntu.com/ubuntu/ trusty-updates/main liblwres90 amd64 1:9.9.5.dfsg-3ubuntu0.19 [33.4 kB]
Get:27 http://archive.ubuntu.com/ubuntu/ trusty-updates/main bind9-host amd64 1:9.9.5.dfsg-3ubuntu0.19 [46.4 kB]
Get:28 http://archive.ubuntu.com/ubuntu/ trusty-updates/main avahi-daemon amd64 0.6.31-4ubuntu1.3 [59.0 kB]
Get:29 http://archive.ubuntu.com/ubuntu/ trusty/main libnss-mdns amd64 0.10-6 [21.4 kB]
Get:30 http://archive.ubuntu.com/ubuntu/ trusty-updates/main qtcore4-l10n all 4:4.8.5+git192-g085f851+dfsg-2ubuntu4.1 [587 kB]
Get:31 http://archive.ubuntu.com/ubuntu/ trusty-updates/main libqtcore4 amd64 4:4.8.5+git192-g085f851+dfsg-2ubuntu4.1 [1555 kB]
Get:32 http://archive.ubuntu.com/ubuntu/ trusty-updates/main libqt4-xml amd64 4:4.8.5+git192-g085f851+dfsg-2ubuntu4.1 [95.0 kB]
Get:33 http://archive.ubuntu.com/ubuntu/ trusty-updates/main libqtdbus4 amd64 4:4.8.5+git192-g085f851+dfsg-2ubuntu4.1 [180 kB]
Get:34 http://archive.ubuntu.com/ubuntu/ trusty-updates/main libqt4-network amd64 4:4.8.5+git192-g085f851+dfsg-2ubuntu4.1 [543 kB]
Get:35 http://archive.ubuntu.com/ubuntu/ trusty-updates/main libqt4-sql amd64 4:4.8.5+git192-g085f851+dfsg-2ubuntu4.1 [97.4 kB]
Get:36 http://archive.ubuntu.com/ubuntu/ trusty-updates/main libqt4-sql-mysql amd64 4:4.8.5+git192-g085f851+dfsg-2ubuntu4.1 [30.3 kB]
Get:37 http://archive.ubuntu.com/ubuntu/ trusty-updates/main libqt4-sql-sqlite amd64 4:4.8.5+git192-g085f851+dfsg-2ubuntu4.1 [23.4 kB]
Get:38 http://archive.ubuntu.com/ubuntu/ trusty/universe libzeroc-ice35 amd64 3.5.1-5.2 [858 kB]
Get:39 http://archive.ubuntu.com/ubuntu/ trusty/main geoip-database all 20140313-1 [1196 kB]
Get:40 http://archive.ubuntu.com/ubuntu/ trusty-updates/main libglib2.0-data all 2.40.2-0ubuntu1.1 [116 kB]
Get:41 http://archive.ubuntu.com/ubuntu/ trusty/main shared-mime-info amd64 1.2-0ubuntu3 [415 kB]
Get:42 http://archive.ubuntu.com/ubuntu/ trusty/main xml-core all 0.13+nmu2 [23.3 kB]
Get:43 http://archive.ubuntu.com/ubuntu/ trusty/main libprotobuf8 amd64 2.5.0-9ubuntu1 [296 kB]
Get:44 http://archive.ubuntu.com/ubuntu/ trusty/main qtchooser amd64 39-g4717841-3 [18.8 kB]
Get:45 http://archive.ubuntu.com/ubuntu/ trusty-updates/main qdbus amd64 4:4.8.5+git192-g085f851+dfsg-2ubuntu4.1 [28.8 kB]
Get:46 http://archive.ubuntu.com/ubuntu/ trusty-updates/main libqt4-dbus amd64 4:4.8.5+git192-g085f851+dfsg-2ubuntu4.1 [6438 B]
Get:47 http://archive.ubuntu.com/ubuntu/ trusty-updates/universe mumble-server amd64 1.2.4-0.2ubuntu1.1 [609 kB]
[91mdebconf: unable to initialize frontend: Dialog
debconf: (TERM is not set, so the dialog frontend is not usable.)
debconf: falling back to frontend: Readline
[0m[91mdebconf: unable to initialize frontend: Readline
debconf: (This frontend requires a controlling tty.)
debconf: falling back to frontend: Teletype
[0m[91mdpkg-preconfigure: unable to re-open stdin: 
[0mFetched 10.8 MB in 6s (1736 kB/s)
Selecting previously unselected package libgeoip1:amd64.
(Reading database ... 12097 files and directories currently installed.)
Preparing to unpack .../libgeoip1_1.6.0-1_amd64.deb ...
Unpacking libgeoip1:amd64 (1.6.0-1) ...
Selecting previously unselected package libglib2.0-0:amd64.
Preparing to unpack .../libglib2.0-0_2.40.2-0ubuntu1.1_amd64.deb ...
Unpacking libglib2.0-0:amd64 (2.40.2-0ubuntu1.1) ...
Selecting previously unselected package libsystemd-daemon0:amd64.
Preparing to unpack .../libsystemd-daemon0_204-5ubuntu20.31_amd64.deb ...
Unpacking libsystemd-daemon0:amd64 (204-5ubuntu20.31) ...
Selecting previously unselected package libapparmor1:amd64.
Preparing to unpack .../libapparmor1_2.10.95-0ubuntu2.6~14.04.4_amd64.deb ...
Unpacking libapparmor1:amd64 (2.10.95-0ubuntu2.6~14.04.4) ...
Selecting previously unselected package libsystemd-login0:amd64.
Preparing to unpack .../libsystemd-login0_204-5ubuntu20.31_amd64.deb ...
Unpacking libsystemd-login0:amd64 (204-5ubuntu20.31) ...
Selecting previously unselected package dbus.
Preparing to unpack .../dbus_1.6.18-0ubuntu4.5_amd64.deb ...
Unpacking dbus (1.6.18-0ubuntu4.5) ...
Selecting previously unselected package systemd-shim.
Preparing to unpack .../systemd-shim_6-2bzr1_amd64.deb ...
Adding 'diversion of /usr/share/dbus-1/system-services/org.freedesktop.systemd1.service to /usr/share/dbus-1/system-services/org.freedesktop.systemd1.service.systemd by systemd-shim'
Unpacking systemd-shim (6-2bzr1) ...
Selecting previously unselected package systemd-services.
Preparing to unpack .../systemd-services_204-5ubuntu20.31_amd64.deb ...
Unpacking systemd-services (204-5ubuntu20.31) ...
Selecting previously unselected package libpam-systemd:amd64.
Preparing to unpack .../libpam-systemd_204-5ubuntu20.31_amd64.deb ...
Unpacking libpam-systemd:amd64 (204-5ubuntu20.31) ...
Selecting previously unselected package libxml2:amd64.
Preparing to unpack .../libxml2_2.9.1+dfsg1-3ubuntu4.13_amd64.deb ...
Unpacking libxml2:amd64 (2.9.1+dfsg1-3ubuntu4.13) ...
Selecting previously unselected package sgml-base.
Preparing to unpack .../sgml-base_1.26+nmu4ubuntu1_all.deb ...
Unpacking sgml-base (1.26+nmu4ubuntu1) ...
Selecting previously unselected package libavahi-common-data:amd64.
Preparing to unpack .../libavahi-common-data_0.6.31-4ubuntu1.3_amd64.deb ...
Unpacking libavahi-common-data:amd64 (0.6.31-4ubuntu1.3) ...
Selecting previously unselected package libavahi-common3:amd64.
Preparing to unpack .../libavahi-common3_0.6.31-4ubuntu1.3_amd64.deb ...
Unpacking libavahi-common3:amd64 (0.6.31-4ubuntu1.3) ...
Selecting previously unselected package libavahi-client3:amd64.
Preparing to unpack .../libavahi-client3_0.6.31-4ubuntu1.3_amd64.deb ...
Unpacking libavahi-client3:amd64 (0.6.31-4ubuntu1.3) ...
Selecting previously unselected package libavahi-compat-libdnssd1:amd64.
Preparing to unpack .../libavahi-compat-libdnssd1_0.6.31-4ubuntu1.3_amd64.deb ...
Unpacking libavahi-compat-libdnssd1:amd64 (0.6.31-4ubuntu1.3) ...
Selecting previously unselected package libavahi-core7:amd64.
Preparing to unpack .../libavahi-core7_0.6.31-4ubuntu1.3_amd64.deb ...
Unpacking libavahi-core7:amd64 (0.6.31-4ubuntu1.3) ...
Selecting previously unselected package libiceutil35:amd64.
Preparing to unpack .../libiceutil35_3.5.1-5.2_amd64.deb ...
Unpacking libiceutil35:amd64 (3.5.1-5.2) ...
Selecting previously unselected package mysql-common.
Preparing to unpack .../mysql-common_5.5.62-0ubuntu0.14.04.1_all.deb ...
Unpacking mysql-common (5.5.62-0ubuntu0.14.04.1) ...
Selecting previously unselected package libmysqlclient18:amd64.
Preparing to unpack .../libmysqlclient18_5.5.62-0ubuntu0.14.04.1_amd64.deb ...
Unpacking libmysqlclient18:amd64 (5.5.62-0ubuntu0.14.04.1) ...
Selecting previously unselected package libdaemon0.
Preparing to unpack .../libdaemon0_0.14-2ubuntu1_amd64.deb ...
Unpacking libdaemon0 (0.14-2ubuntu1) ...
Selecting previously unselected package libisc95.
Preparing to unpack .../libisc95_1%3a9.9.5.dfsg-3ubuntu0.19_amd64.deb ...
Unpacking libisc95 (1:9.9.5.dfsg-3ubuntu0.19) ...
Selecting previously unselected package libdns100.
Preparing to unpack .../libdns100_1%3a9.9.5.dfsg-3ubuntu0.19_amd64.deb ...
Unpacking libdns100 (1:9.9.5.dfsg-3ubuntu0.19) ...
Selecting previously unselected package libisccc90.
Preparing to unpack .../libisccc90_1%3a9.9.5.dfsg-3ubuntu0.19_amd64.deb ...
Unpacking libisccc90 (1:9.9.5.dfsg-3ubuntu0.19) ...
Selecting previously unselected package libisccfg90.
Preparing to unpack .../libisccfg90_1%3a9.9.5.dfsg-3ubuntu0.19_amd64.deb ...
Unpacking libisccfg90 (1:9.9.5.dfsg-3ubuntu0.19) ...
Selecting previously unselected package libbind9-90.
Preparing to unpack .../libbind9-90_1%3a9.9.5.dfsg-3ubuntu0.19_amd64.deb ...
Unpacking libbind9-90 (1:9.9.5.dfsg-3ubuntu0.19) ...
Selecting previously unselected package liblwres90.
Preparing to unpack .../liblwres90_1%3a9.9.5.dfsg-3ubuntu0.19_amd64.deb ...
Unpacking liblwres90 (1:9.9.5.dfsg-3ubuntu0.19) ...
Selecting previously unselected package bind9-host.
Preparing to unpack .../bind9-host_1%3a9.9.5.dfsg-3ubuntu0.19_amd64.deb ...
Unpacking bind9-host (1:9.9.5.dfsg-3ubuntu0.19) ...
Selecting previously unselected package avahi-daemon.
Preparing to unpack .../avahi-daemon_0.6.31-4ubuntu1.3_amd64.deb ...
Unpacking avahi-daemon (0.6.31-4ubuntu1.3) ...
Selecting previously unselected package libnss-mdns:amd64.
Preparing to unpack .../libnss-mdns_0.10-6_amd64.deb ...
Unpacking libnss-mdns:amd64 (0.10-6) ...
Selecting previously unselected package qtcore4-l10n.
Preparing to unpack .../qtcore4-l10n_4%3a4.8.5+git192-g085f851+dfsg-2ubuntu4.1_all.deb ...
Unpacking qtcore4-l10n (4:4.8.5+git192-g085f851+dfsg-2ubuntu4.1) ...
Selecting previously unselected package libqtcore4:amd64.
Preparing to unpack .../libqtcore4_4%3a4.8.5+git192-g085f851+dfsg-2ubuntu4.1_amd64.deb ...
Unpacking libqtcore4:amd64 (4:4.8.5+git192-g085f851+dfsg-2ubuntu4.1) ...
Selecting previously unselected package libqt4-xml:amd64.
Preparing to unpack .../libqt4-xml_4%3a4.8.5+git192-g085f851+dfsg-2ubuntu4.1_amd64.deb ...
Unpacking libqt4-xml:amd64 (4:4.8.5+git192-g085f851+dfsg-2ubuntu4.1) ...
Selecting previously unselected package libqtdbus4:amd64.
Preparing to unpack .../libqtdbus4_4%3a4.8.5+git192-g085f851+dfsg-2ubuntu4.1_amd64.deb ...
Unpacking libqtdbus4:amd64 (4:4.8.5+git192-g085f851+dfsg-2ubuntu4.1) ...
Selecting previously unselected package libqt4-network:amd64.
Preparing to unpack .../libqt4-network_4%3a4.8.5+git192-g085f851+dfsg-2ubuntu4.1_amd64.deb ...
Unpacking libqt4-network:amd64 (4:4.8.5+git192-g085f851+dfsg-2ubuntu4.1) ...
Selecting previously unselected package libqt4-sql:amd64.
Preparing to unpack .../libqt4-sql_4%3a4.8.5+git192-g085f851+dfsg-2ubuntu4.1_amd64.deb ...
Unpacking libqt4-sql:amd64 (4:4.8.5+git192-g085f851+dfsg-2ubuntu4.1) ...
Selecting previously unselected package libqt4-sql-mysql:amd64.
Preparing to unpack .../libqt4-sql-mysql_4%3a4.8.5+git192-g085f851+dfsg-2ubuntu4.1_amd64.deb ...
Unpacking libqt4-sql-mysql:amd64 (4:4.8.5+git192-g085f851+dfsg-2ubuntu4.1) ...
Selecting previously unselected package libqt4-sql-sqlite:amd64.
Preparing to unpack .../libqt4-sql-sqlite_4%3a4.8.5+git192-g085f851+dfsg-2ubuntu4.1_amd64.deb ...
Unpacking libqt4-sql-sqlite:amd64 (4:4.8.5+git192-g085f851+dfsg-2ubuntu4.1) ...
Selecting previously unselected package libzeroc-ice35:amd64.
Preparing to unpack .../libzeroc-ice35_3.5.1-5.2_amd64.deb ...
Unpacking libzeroc-ice35:amd64 (3.5.1-5.2) ...
Selecting previously unselected package geoip-database.
Preparing to unpack .../geoip-database_20140313-1_all.deb ...
Unpacking geoip-database (20140313-1) ...
Selecting previously unselected package libglib2.0-data.
Preparing to unpack .../libglib2.0-data_2.40.2-0ubuntu1.1_all.deb ...
Unpacking libglib2.0-data (2.40.2-0ubuntu1.1) ...
Selecting previously unselected package shared-mime-info.
Preparing to unpack .../shared-mime-info_1.2-0ubuntu3_amd64.deb ...
Unpacking shared-mime-info (1.2-0ubuntu3) ...
Selecting previously unselected package xml-core.
Preparing to unpack .../xml-core_0.13+nmu2_all.deb ...
Unpacking xml-core (0.13+nmu2) ...
Selecting previously unselected package libprotobuf8:amd64.
Preparing to unpack .../libprotobuf8_2.5.0-9ubuntu1_amd64.deb ...
Unpacking libprotobuf8:amd64 (2.5.0-9ubuntu1) ...
Selecting previously unselected package qtchooser.
Preparing to unpack .../qtchooser_39-g4717841-3_amd64.deb ...
Unpacking qtchooser (39-g4717841-3) ...
Selecting previously unselected package qdbus.
Preparing to unpack .../qdbus_4%3a4.8.5+git192-g085f851+dfsg-2ubuntu4.1_amd64.deb ...
Unpacking qdbus (4:4.8.5+git192-g085f851+dfsg-2ubuntu4.1) ...
Selecting previously unselected package libqt4-dbus:amd64.
Preparing to unpack .../libqt4-dbus_4%3a4.8.5+git192-g085f851+dfsg-2ubuntu4.1_amd64.deb ...
Unpacking libqt4-dbus:amd64 (4:4.8.5+git192-g085f851+dfsg-2ubuntu4.1) ...
Selecting previously unselected package mumble-server.
Preparing to unpack .../mumble-server_1.2.4-0.2ubuntu1.1_amd64.deb ...
Unpacking mumble-server (1.2.4-0.2ubuntu1.1) ...
Processing triggers for ureadahead (0.100.0-16) ...
Setting up libgeoip1:amd64 (1.6.0-1) ...
Setting up libglib2.0-0:amd64 (2.40.2-0ubuntu1.1) ...
No schema files found: doing nothing.
Setting up libsystemd-daemon0:amd64 (204-5ubuntu20.31) ...
Setting up libapparmor1:amd64 (2.10.95-0ubuntu2.6~14.04.4) ...
Setting up libsystemd-login0:amd64 (204-5ubuntu20.31) ...
Setting up dbus (1.6.18-0ubuntu4.5) ...
[91minvoke-rc.d: policy-rc.d denied execution of start.
[0mSetting up systemd-shim (6-2bzr1) ...
Setting up libxml2:amd64 (2.9.1+dfsg1-3ubuntu4.13) ...
Setting up sgml-base (1.26+nmu4ubuntu1) ...
Setting up libavahi-common-data:amd64 (0.6.31-4ubuntu1.3) ...
Setting up libavahi-common3:amd64 (0.6.31-4ubuntu1.3) ...
Setting up libavahi-client3:amd64 (0.6.31-4ubuntu1.3) ...
Setting up libavahi-compat-libdnssd1:amd64 (0.6.31-4ubuntu1.3) ...
Setting up libavahi-core7:amd64 (0.6.31-4ubuntu1.3) ...
Setting up libiceutil35:amd64 (3.5.1-5.2) ...
Setting up mysql-common (5.5.62-0ubuntu0.14.04.1) ...
Setting up libmysqlclient18:amd64 (5.5.62-0ubuntu0.14.04.1) ...
Setting up libdaemon0 (0.14-2ubuntu1) ...
Setting up libisc95 (1:9.9.5.dfsg-3ubuntu0.19) ...
Setting up libdns100 (1:9.9.5.dfsg-3ubuntu0.19) ...
Setting up libisccc90 (1:9.9.5.dfsg-3ubuntu0.19) ...
Setting up libisccfg90 (1:9.9.5.dfsg-3ubuntu0.19) ...
Setting up libbind9-90 (1:9.9.5.dfsg-3ubuntu0.19) ...
Setting up liblwres90 (1:9.9.5.dfsg-3ubuntu0.19) ...
Setting up bind9-host (1:9.9.5.dfsg-3ubuntu0.19) ...
Setting up qtcore4-l10n (4:4.8.5+git192-g085f851+dfsg-2ubuntu4.1) ...
Setting up libqtcore4:amd64 (4:4.8.5+git192-g085f851+dfsg-2ubuntu4.1) ...
Setting up libqt4-xml:amd64 (4:4.8.5+git192-g085f851+dfsg-2ubuntu4.1) ...
Setting up libqtdbus4:amd64 (4:4.8.5+git192-g085f851+dfsg-2ubuntu4.1) ...
Setting up libqt4-network:amd64 (4:4.8.5+git192-g085f851+dfsg-2ubuntu4.1) ...
Setting up libqt4-sql:amd64 (4:4.8.5+git192-g085f851+dfsg-2ubuntu4.1) ...
Setting up libqt4-sql-mysql:amd64 (4:4.8.5+git192-g085f851+dfsg-2ubuntu4.1) ...
Setting up libqt4-sql-sqlite:amd64 (4:4.8.5+git192-g085f851+dfsg-2ubuntu4.1) ...
Setting up libzeroc-ice35:amd64 (3.5.1-5.2) ...
Setting up geoip-database (20140313-1) ...
Setting up libglib2.0-data (2.40.2-0ubuntu1.1) ...
Setting up shared-mime-info (1.2-0ubuntu3) ...
Setting up xml-core (0.13+nmu2) ...
Setting up libprotobuf8:amd64 (2.5.0-9ubuntu1) ...
Setting up qtchooser (39-g4717841-3) ...
Setting up qdbus (4:4.8.5+git192-g085f851+dfsg-2ubuntu4.1) ...
Setting up libqt4-dbus:amd64 (4:4.8.5+git192-g085f851+dfsg-2ubuntu4.1) ...
Processing triggers for ureadahead (0.100.0-16) ...
Setting up avahi-daemon (0.6.31-4ubuntu1.3) ...
[91minvoke-rc.d: policy-rc.d denied execution of force-reload.
[0m[91minvoke-rc.d: policy-rc.d denied execution of start.
[0mSetting up mumble-server (1.2.4-0.2ubuntu1.1) ...
[91mdebconf: unable to initialize frontend: Dialog
debconf: (TERM is not set, so the dialog frontend is not usable.)
debconf: falling back to frontend: Readline
[0m[91mdebconf: unable to initialize frontend: Readline
debconf: (This frontend requires a controlling tty.)
debconf: falling back to frontend: Teletype
[0m[91minvoke-rc.d: policy-rc.d denied execution of start.
[0mSetting up systemd-services (204-5ubuntu20.31) ...
Setting up libpam-systemd:amd64 (204-5ubuntu20.31) ...
[91mdebconf: unable to initialize frontend: Dialog
debconf: (TERM is not set, so the dialog frontend is not usable.)
debconf: falling back to frontend: Readline
[0m[91mdebconf: unable to initialize frontend: Readline
debconf: (This frontend requires a controlling tty.)
debconf: falling back to frontend: Teletype
[0m[91minvoke-rc.d: unknown initscript, /etc/init.d/systemd-logind not found.
[0m[91minvoke-rc.d: policy-rc.d denied execution of start.
[0mProcessing triggers for ureadahead (0.100.0-16) ...
Setting up libnss-mdns:amd64 (0.10-6) ...
First installation detected...
Checking NSS setup...
Processing triggers for libc-bin (2.19-0ubuntu6.15) ...
Processing triggers for sgml-base (1.26+nmu4ubuntu1) ...
Removing intermediate container 1ecc1db3f4dd
 ---> d652949ec4e0
Step 3/4 : ADD ./mumble-server.ini /etc/mumble-server.ini
ADD failed: stat /var/lib/docker/tmp/docker-builder013859991/mumble-server.ini: no such file or directory
