Sending build context to Docker daemon   2.56kB
Step 1/11 : FROM resin/rpi-raspbian:jessie
jessie: Pulling from resin/rpi-raspbian
6bddb275e70b: Pulling fs layer
ef16d706debb: Pulling fs layer
2734b4597042: Pulling fs layer
873755612f30: Pulling fs layer
67a3f53689ff: Pulling fs layer
5fb2b6f7daac: Pulling fs layer
a04aef7b1e2f: Pulling fs layer
9d5b46a00008: Pulling fs layer
b98db37cf252: Pulling fs layer
78ba3f046631: Pulling fs layer
6b6c68e7ac85: Pulling fs layer
3eae71a21b9d: Pulling fs layer
67a3f53689ff: Waiting
5fb2b6f7daac: Waiting
a04aef7b1e2f: Waiting
9d5b46a00008: Waiting
b98db37cf252: Waiting
873755612f30: Waiting
78ba3f046631: Waiting
6b6c68e7ac85: Waiting
3eae71a21b9d: Waiting
2734b4597042: Verifying Checksum
2734b4597042: Download complete
ef16d706debb: Download complete
873755612f30: Verifying Checksum
873755612f30: Download complete
67a3f53689ff: Verifying Checksum
67a3f53689ff: Download complete
6bddb275e70b: Verifying Checksum
6bddb275e70b: Download complete
5fb2b6f7daac: Download complete
a04aef7b1e2f: Verifying Checksum
a04aef7b1e2f: Download complete
9d5b46a00008: Verifying Checksum
9d5b46a00008: Download complete
b98db37cf252: Verifying Checksum
b98db37cf252: Download complete
78ba3f046631: Verifying Checksum
78ba3f046631: Download complete
6b6c68e7ac85: Verifying Checksum
6b6c68e7ac85: Download complete
3eae71a21b9d: Verifying Checksum
3eae71a21b9d: Download complete
6bddb275e70b: Pull complete
ef16d706debb: Pull complete
2734b4597042: Pull complete
873755612f30: Pull complete
67a3f53689ff: Pull complete
5fb2b6f7daac: Pull complete
a04aef7b1e2f: Pull complete
9d5b46a00008: Pull complete
b98db37cf252: Pull complete
78ba3f046631: Pull complete
6b6c68e7ac85: Pull complete
3eae71a21b9d: Pull complete
Digest: sha256:18be79e066099cce5c676f7733a6ccb4733ed5962a996424ba8a15d5f88d055b
Status: Downloaded newer image for resin/rpi-raspbian:jessie
# Executing 1 build trigger
 ---> Running in c1deedc0a317
[91mstandard_init_linux.go:211: exec user process caused "exec format error"
[0mThe command '/bin/sh -c cat /.resin/deprecation-warning' returned a non-zero code: 1
