Sending build context to Docker daemon  2.048kB
Step 1/11 : FROM ubuntu:14.04
14.04: Pulling from library/ubuntu
2e6e20c8e2e6: Pulling fs layer
30bb187ac3fc: Pulling fs layer
b7a5bcc4a58a: Pulling fs layer
30bb187ac3fc: Verifying Checksum
30bb187ac3fc: Download complete
b7a5bcc4a58a: Verifying Checksum
b7a5bcc4a58a: Download complete
2e6e20c8e2e6: Verifying Checksum
2e6e20c8e2e6: Download complete
2e6e20c8e2e6: Pull complete
30bb187ac3fc: Pull complete
b7a5bcc4a58a: Pull complete
Digest: sha256:ffc76f71dd8be8c9e222d420dc96901a07b61616689a44c7b3ef6a10b7213de4
Status: Downloaded newer image for ubuntu:14.04
 ---> 6e4f1fe62ff1
Step 2/11 : MAINTAINER Erik Hollensbe <erik@hollensbe.org>
 ---> Running in 700aef065e28
Removing intermediate container 700aef065e28
 ---> 8aea334074a4
Step 3/11 : RUN apt-get update && apt-get install nginx-full -y
 ---> Running in a4f9c5f424da
Ign http://archive.ubuntu.com trusty InRelease
Get:1 http://security.ubuntu.com trusty-security InRelease [65.9 kB]
Get:2 http://archive.ubuntu.com trusty-updates InRelease [65.9 kB]
Get:3 https://esm.ubuntu.com trusty-infra-security InRelease
Get:4 https://esm.ubuntu.com trusty-infra-updates InRelease
Get:5 https://esm.ubuntu.com trusty-infra-security/main amd64 Packages
Get:6 http://security.ubuntu.com trusty-security/main amd64 Packages [1032 kB]
Get:7 http://archive.ubuntu.com trusty-backports InRelease [65.9 kB]
Get:8 https://esm.ubuntu.com trusty-infra-updates/main amd64 Packages
Hit http://archive.ubuntu.com trusty Release.gpg
Get:9 http://archive.ubuntu.com trusty-updates/main amd64 Packages [1460 kB]
Get:10 http://security.ubuntu.com trusty-security/restricted amd64 Packages [18.1 kB]
Get:11 http://security.ubuntu.com trusty-security/universe amd64 Packages [377 kB]
Get:12 http://security.ubuntu.com trusty-security/multiverse amd64 Packages [4730 B]
Get:13 http://archive.ubuntu.com trusty-updates/restricted amd64 Packages [21.4 kB]
Get:14 http://archive.ubuntu.com trusty-updates/universe amd64 Packages [671 kB]
Get:15 http://archive.ubuntu.com trusty-updates/multiverse amd64 Packages [16.1 kB]
Get:16 http://archive.ubuntu.com trusty-backports/main amd64 Packages [14.7 kB]
Get:17 http://archive.ubuntu.com trusty-backports/restricted amd64 Packages [40 B]
Get:18 http://archive.ubuntu.com trusty-backports/universe amd64 Packages [52.5 kB]
Get:19 http://archive.ubuntu.com trusty-backports/multiverse amd64 Packages [1392 B]
Hit http://archive.ubuntu.com trusty Release
Get:20 http://archive.ubuntu.com trusty/main amd64 Packages [1743 kB]
Get:21 http://archive.ubuntu.com trusty/restricted amd64 Packages [16.0 kB]
Get:22 http://archive.ubuntu.com trusty/universe amd64 Packages [7589 kB]
Get:23 http://archive.ubuntu.com trusty/multiverse amd64 Packages [169 kB]
Fetched 13.7 MB in 3s (3536 kB/s)
Reading package lists...
Reading package lists...
Building dependency tree...
Reading state information...
The following extra packages will be installed:
  fontconfig-config fonts-dejavu-core geoip-database libfontconfig1
  libfreetype6 libgd3 libgeoip1 libjbig0 libjpeg-turbo8 libjpeg8 libtiff5
  libvpx1 libx11-6 libx11-data libxau6 libxcb1 libxdmcp6 libxml2 libxpm4
  libxslt1.1 nginx-common sgml-base xml-core
Suggested packages:
  libgd-tools geoip-bin fcgiwrap nginx-doc sgml-base-doc debhelper
The following NEW packages will be installed:
  fontconfig-config fonts-dejavu-core geoip-database libfontconfig1
  libfreetype6 libgd3 libgeoip1 libjbig0 libjpeg-turbo8 libjpeg8 libtiff5
  libvpx1 libx11-6 libx11-data libxau6 libxcb1 libxdmcp6 libxml2 libxpm4
  libxslt1.1 nginx-common nginx-full sgml-base xml-core
0 upgraded, 24 newly installed, 0 to remove and 1 not upgraded.
Need to get 5607 kB of archives.
After this operation, 19.8 MB of additional disk space will be used.
Get:1 http://archive.ubuntu.com/ubuntu/ trusty/main libgeoip1 amd64 1.6.0-1 [71.0 kB]
Get:2 http://archive.ubuntu.com/ubuntu/ trusty/main libxau6 amd64 1:1.0.8-1 [8376 B]
Get:3 http://archive.ubuntu.com/ubuntu/ trusty/main libxdmcp6 amd64 1:1.1.1-1 [12.8 kB]
Get:4 http://archive.ubuntu.com/ubuntu/ trusty/main libxcb1 amd64 1.10-2ubuntu1 [38.0 kB]
Get:5 http://archive.ubuntu.com/ubuntu/ trusty-updates/main libx11-data all 2:1.6.2-1ubuntu2.1 [111 kB]
Get:6 http://archive.ubuntu.com/ubuntu/ trusty-updates/main libx11-6 amd64 2:1.6.2-1ubuntu2.1 [561 kB]
Get:7 http://archive.ubuntu.com/ubuntu/ trusty-updates/main libxml2 amd64 2.9.1+dfsg1-3ubuntu4.13 [573 kB]
Get:8 http://archive.ubuntu.com/ubuntu/ trusty/main sgml-base all 1.26+nmu4ubuntu1 [12.5 kB]
Get:9 http://archive.ubuntu.com/ubuntu/ trusty/main fonts-dejavu-core all 2.34-1ubuntu1 [1024 kB]
Get:10 http://archive.ubuntu.com/ubuntu/ trusty-updates/main fontconfig-config all 2.11.0-0ubuntu4.2 [47.4 kB]
Get:11 http://archive.ubuntu.com/ubuntu/ trusty-updates/main libfreetype6 amd64 2.5.2-1ubuntu2.8 [304 kB]
Get:12 http://archive.ubuntu.com/ubuntu/ trusty-updates/main libfontconfig1 amd64 2.11.0-0ubuntu4.2 [123 kB]
Get:13 http://archive.ubuntu.com/ubuntu/ trusty-updates/main libjpeg-turbo8 amd64 1.3.0-0ubuntu2.1 [104 kB]
Get:14 http://archive.ubuntu.com/ubuntu/ trusty/main libjpeg8 amd64 8c-2ubuntu8 [2194 B]
Get:15 http://archive.ubuntu.com/ubuntu/ trusty-updates/main libjbig0 amd64 2.0-2ubuntu4.1 [26.1 kB]
Get:16 http://archive.ubuntu.com/ubuntu/ trusty-updates/main libtiff5 amd64 4.0.3-7ubuntu0.11 [147 kB]
Get:17 http://archive.ubuntu.com/ubuntu/ trusty/main libvpx1 amd64 1.3.0-2 [556 kB]
Get:18 http://archive.ubuntu.com/ubuntu/ trusty-updates/main libxpm4 amd64 1:3.5.10-1ubuntu0.1 [33.2 kB]
Get:19 http://archive.ubuntu.com/ubuntu/ trusty-updates/main libgd3 amd64 2.1.0-3ubuntu0.11 [123 kB]
Get:20 http://archive.ubuntu.com/ubuntu/ trusty-updates/main libxslt1.1 amd64 1.1.28-2ubuntu0.2 [146 kB]
Get:21 http://archive.ubuntu.com/ubuntu/ trusty/main geoip-database all 20140313-1 [1196 kB]
Get:22 http://archive.ubuntu.com/ubuntu/ trusty/main xml-core all 0.13+nmu2 [23.3 kB]
Get:23 http://archive.ubuntu.com/ubuntu/ trusty-updates/main nginx-common all 1.4.6-1ubuntu3.9 [18.9 kB]
Get:24 http://archive.ubuntu.com/ubuntu/ trusty-updates/universe nginx-full amd64 1.4.6-1ubuntu3.9 [343 kB]
[91mdebconf: unable to initialize frontend: Dialog
debconf: (TERM is not set, so the dialog frontend is not usable.)
debconf: falling back to frontend: Readline
[0m[91mdebconf: unable to initialize frontend: Readline
debconf: (This frontend requires a controlling tty.)
debconf: falling back to frontend: Teletype
[0m[91mdpkg-preconfigure: unable to re-open stdin: 
[0mFetched 5607 kB in 3s (1483 kB/s)
Selecting previously unselected package libgeoip1:amd64.
(Reading database ... 12097 files and directories currently installed.)
Preparing to unpack .../libgeoip1_1.6.0-1_amd64.deb ...
Unpacking libgeoip1:amd64 (1.6.0-1) ...
Selecting previously unselected package libxau6:amd64.
Preparing to unpack .../libxau6_1%3a1.0.8-1_amd64.deb ...
Unpacking libxau6:amd64 (1:1.0.8-1) ...
Selecting previously unselected package libxdmcp6:amd64.
Preparing to unpack .../libxdmcp6_1%3a1.1.1-1_amd64.deb ...
Unpacking libxdmcp6:amd64 (1:1.1.1-1) ...
Selecting previously unselected package libxcb1:amd64.
Preparing to unpack .../libxcb1_1.10-2ubuntu1_amd64.deb ...
Unpacking libxcb1:amd64 (1.10-2ubuntu1) ...
Selecting previously unselected package libx11-data.
Preparing to unpack .../libx11-data_2%3a1.6.2-1ubuntu2.1_all.deb ...
Unpacking libx11-data (2:1.6.2-1ubuntu2.1) ...
Selecting previously unselected package libx11-6:amd64.
Preparing to unpack .../libx11-6_2%3a1.6.2-1ubuntu2.1_amd64.deb ...
Unpacking libx11-6:amd64 (2:1.6.2-1ubuntu2.1) ...
Selecting previously unselected package libxml2:amd64.
Preparing to unpack .../libxml2_2.9.1+dfsg1-3ubuntu4.13_amd64.deb ...
Unpacking libxml2:amd64 (2.9.1+dfsg1-3ubuntu4.13) ...
Selecting previously unselected package sgml-base.
Preparing to unpack .../sgml-base_1.26+nmu4ubuntu1_all.deb ...
Unpacking sgml-base (1.26+nmu4ubuntu1) ...
Selecting previously unselected package fonts-dejavu-core.
Preparing to unpack .../fonts-dejavu-core_2.34-1ubuntu1_all.deb ...
Unpacking fonts-dejavu-core (2.34-1ubuntu1) ...
Selecting previously unselected package fontconfig-config.
Preparing to unpack .../fontconfig-config_2.11.0-0ubuntu4.2_all.deb ...
Unpacking fontconfig-config (2.11.0-0ubuntu4.2) ...
Selecting previously unselected package libfreetype6:amd64.
Preparing to unpack .../libfreetype6_2.5.2-1ubuntu2.8_amd64.deb ...
Unpacking libfreetype6:amd64 (2.5.2-1ubuntu2.8) ...
Selecting previously unselected package libfontconfig1:amd64.
Preparing to unpack .../libfontconfig1_2.11.0-0ubuntu4.2_amd64.deb ...
Unpacking libfontconfig1:amd64 (2.11.0-0ubuntu4.2) ...
Selecting previously unselected package libjpeg-turbo8:amd64.
Preparing to unpack .../libjpeg-turbo8_1.3.0-0ubuntu2.1_amd64.deb ...
Unpacking libjpeg-turbo8:amd64 (1.3.0-0ubuntu2.1) ...
Selecting previously unselected package libjpeg8:amd64.
Preparing to unpack .../libjpeg8_8c-2ubuntu8_amd64.deb ...
Unpacking libjpeg8:amd64 (8c-2ubuntu8) ...
Selecting previously unselected package libjbig0:amd64.
Preparing to unpack .../libjbig0_2.0-2ubuntu4.1_amd64.deb ...
Unpacking libjbig0:amd64 (2.0-2ubuntu4.1) ...
Selecting previously unselected package libtiff5:amd64.
Preparing to unpack .../libtiff5_4.0.3-7ubuntu0.11_amd64.deb ...
Unpacking libtiff5:amd64 (4.0.3-7ubuntu0.11) ...
Selecting previously unselected package libvpx1:amd64.
Preparing to unpack .../libvpx1_1.3.0-2_amd64.deb ...
Unpacking libvpx1:amd64 (1.3.0-2) ...
Selecting previously unselected package libxpm4:amd64.
Preparing to unpack .../libxpm4_1%3a3.5.10-1ubuntu0.1_amd64.deb ...
Unpacking libxpm4:amd64 (1:3.5.10-1ubuntu0.1) ...
Selecting previously unselected package libgd3:amd64.
Preparing to unpack .../libgd3_2.1.0-3ubuntu0.11_amd64.deb ...
Unpacking libgd3:amd64 (2.1.0-3ubuntu0.11) ...
Selecting previously unselected package libxslt1.1:amd64.
Preparing to unpack .../libxslt1.1_1.1.28-2ubuntu0.2_amd64.deb ...
Unpacking libxslt1.1:amd64 (1.1.28-2ubuntu0.2) ...
Selecting previously unselected package geoip-database.
Preparing to unpack .../geoip-database_20140313-1_all.deb ...
Unpacking geoip-database (20140313-1) ...
Selecting previously unselected package xml-core.
Preparing to unpack .../xml-core_0.13+nmu2_all.deb ...
Unpacking xml-core (0.13+nmu2) ...
Selecting previously unselected package nginx-common.
Preparing to unpack .../nginx-common_1.4.6-1ubuntu3.9_all.deb ...
Unpacking nginx-common (1.4.6-1ubuntu3.9) ...
Selecting previously unselected package nginx-full.
Preparing to unpack .../nginx-full_1.4.6-1ubuntu3.9_amd64.deb ...
Unpacking nginx-full (1.4.6-1ubuntu3.9) ...
Processing triggers for ureadahead (0.100.0-16) ...
Setting up libgeoip1:amd64 (1.6.0-1) ...
Setting up libxau6:amd64 (1:1.0.8-1) ...
Setting up libxdmcp6:amd64 (1:1.1.1-1) ...
Setting up libxcb1:amd64 (1.10-2ubuntu1) ...
Setting up libx11-data (2:1.6.2-1ubuntu2.1) ...
Setting up libx11-6:amd64 (2:1.6.2-1ubuntu2.1) ...
Setting up libxml2:amd64 (2.9.1+dfsg1-3ubuntu4.13) ...
Setting up sgml-base (1.26+nmu4ubuntu1) ...
Setting up fonts-dejavu-core (2.34-1ubuntu1) ...
Setting up fontconfig-config (2.11.0-0ubuntu4.2) ...
Setting up libfreetype6:amd64 (2.5.2-1ubuntu2.8) ...
Setting up libfontconfig1:amd64 (2.11.0-0ubuntu4.2) ...
Setting up libjpeg-turbo8:amd64 (1.3.0-0ubuntu2.1) ...
Setting up libjpeg8:amd64 (8c-2ubuntu8) ...
Setting up libjbig0:amd64 (2.0-2ubuntu4.1) ...
Setting up libtiff5:amd64 (4.0.3-7ubuntu0.11) ...
Setting up libvpx1:amd64 (1.3.0-2) ...
Setting up libxpm4:amd64 (1:3.5.10-1ubuntu0.1) ...
Setting up libgd3:amd64 (2.1.0-3ubuntu0.11) ...
Setting up libxslt1.1:amd64 (1.1.28-2ubuntu0.2) ...
Setting up geoip-database (20140313-1) ...
Setting up xml-core (0.13+nmu2) ...
Setting up nginx-common (1.4.6-1ubuntu3.9) ...
[91mdebconf: unable to initialize frontend: Dialog
debconf: (TERM is not set, so the dialog frontend is not usable.)
debconf: falling back to frontend: Readline
[0m[91mdebconf: unable to initialize frontend: Readline
debconf: (This frontend requires a controlling tty.)
debconf: falling back to frontend: Teletype
[0mProcessing triggers for ureadahead (0.100.0-16) ...
Setting up nginx-full (1.4.6-1ubuntu3.9) ...
[91minvoke-rc.d: policy-rc.d denied execution of start.
[0mProcessing triggers for libc-bin (2.19-0ubuntu6.15) ...
Processing triggers for sgml-base (1.26+nmu4ubuntu1) ...
Removing intermediate container a4f9c5f424da
 ---> 3b134041c7cb
Step 4/11 : RUN rm -rf /etc/nginx
 ---> Running in aaf63ccbff54
Removing intermediate container aaf63ccbff54
 ---> f7017e06d93a
Step 5/11 : ADD etc /etc/nginx
ADD failed: stat /var/lib/docker/tmp/docker-builder172837889/etc: no such file or directory
