Sending build context to Docker daemon  2.048kB
Step 1/10 : FROM jnewland/git-and-stuff
latest: Pulling from jnewland/git-and-stuff
8d602e635a70: Pulling fs layer
63d31b9846a2: Pulling fs layer
8d602e635a70: Download complete
63d31b9846a2: Verifying Checksum
63d31b9846a2: Download complete
8d602e635a70: Pull complete
63d31b9846a2: Pull complete
Digest: sha256:c0d346c4fa48d0674478cae8cf359fb2b334dd9562c858e5680326b625520b29
Status: Downloaded newer image for jnewland/git-and-stuff:latest
 ---> b7c76650888e
Step 2/10 : LABEL "version"="1.0.0"
 ---> Running in 4f8dc8be107f
Removing intermediate container 4f8dc8be107f
 ---> b85554cd86b3
Step 3/10 : LABEL "repository"="https://github.com/maddox/actions"
 ---> Running in 5cf7c4e4ba9f
Removing intermediate container 5cf7c4e4ba9f
 ---> c34ddce54ebb
Step 4/10 : LABEL "maintainer"="maddox <jon@jonmaddox.com>"
 ---> Running in 40ad8ad691fa
Removing intermediate container 40ad8ad691fa
 ---> 7a8fd7b792e8
Step 5/10 : LABEL "com.github.actions.name"="Pushover Notification"
 ---> Running in 153a10607047
Removing intermediate container 153a10607047
 ---> 72bac14ae194
Step 6/10 : LABEL "com.github.actions.description"="Send a push notification."
 ---> Running in c3aa7a6ad441
Removing intermediate container c3aa7a6ad441
 ---> 1050f973fd0b
Step 7/10 : LABEL "com.github.actions.icon"="send"
 ---> Running in 657c4f681b48
Removing intermediate container 657c4f681b48
 ---> 10c3be7020e5
Step 8/10 : LABEL "com.github.actions.color"="blue"
 ---> Running in 29b84bc62895
Removing intermediate container 29b84bc62895
 ---> a6e74b1894a3
Step 9/10 : ADD entrypoint.sh /entrypoint.sh
ADD failed: stat /var/lib/docker/tmp/docker-builder729315259/entrypoint.sh: no such file or directory
