Sending build context to Docker daemon  2.048kB
Step 1/10 : FROM jnewland/git-and-stuff
latest: Pulling from jnewland/git-and-stuff
8d602e635a70: Pulling fs layer
63d31b9846a2: Pulling fs layer
8d602e635a70: Verifying Checksum
8d602e635a70: Download complete
8d602e635a70: Pull complete
63d31b9846a2: Verifying Checksum
63d31b9846a2: Download complete
63d31b9846a2: Pull complete
Digest: sha256:c0d346c4fa48d0674478cae8cf359fb2b334dd9562c858e5680326b625520b29
Status: Downloaded newer image for jnewland/git-and-stuff:latest
 ---> b7c76650888e
Step 2/10 : LABEL "version"="1.0.1"
 ---> Running in b0cc48e23fdb
Removing intermediate container b0cc48e23fdb
 ---> 8d32e9c73255
Step 3/10 : LABEL "repository"="https://github.com/maddox/actions"
 ---> Running in f32340142762
Removing intermediate container f32340142762
 ---> df897ae691a1
Step 4/10 : LABEL "maintainer"="maddox <jon@jonmaddox.com>"
 ---> Running in ce8cdd8a56f0
Removing intermediate container ce8cdd8a56f0
 ---> 31556234fe43
Step 5/10 : LABEL "com.github.actions.name"="Home Assistant Command"
 ---> Running in 4f8eb507fe8f
Removing intermediate container 4f8eb507fe8f
 ---> 1197df1565ed
Step 6/10 : LABEL "com.github.actions.description"="Control your home via Home Assistant."
 ---> Running in 53fba72bb2a5
Removing intermediate container 53fba72bb2a5
 ---> 3b4c3c984221
Step 7/10 : LABEL "com.github.actions.icon"="house"
 ---> Running in 5d69b26be1dd
Removing intermediate container 5d69b26be1dd
 ---> ccfac5089ad4
Step 8/10 : LABEL "com.github.actions.color"="blue"
 ---> Running in d60f63b67696
Removing intermediate container d60f63b67696
 ---> 57597d8ba6a1
Step 9/10 : ADD entrypoint.sh /entrypoint.sh
ADD failed: stat /var/lib/docker/tmp/docker-builder146175047/entrypoint.sh: no such file or directory
