Sending build context to Docker daemon   2.56kB
Step 1/8 : FROM armhf/ubuntu:xenial
xenial: Pulling from armhf/ubuntu
b57d9cecb6ed: Pulling fs layer
3d422fc7822e: Pulling fs layer
dda9760af881: Pulling fs layer
e6ced933ea26: Pulling fs layer
fb3cedc97e2d: Pulling fs layer
e6ced933ea26: Waiting
fb3cedc97e2d: Waiting
3d422fc7822e: Download complete
dda9760af881: Verifying Checksum
dda9760af881: Download complete
e6ced933ea26: Verifying Checksum
e6ced933ea26: Download complete
fb3cedc97e2d: Verifying Checksum
fb3cedc97e2d: Download complete
b57d9cecb6ed: Verifying Checksum
b57d9cecb6ed: Download complete
b57d9cecb6ed: Pull complete
3d422fc7822e: Pull complete
dda9760af881: Pull complete
e6ced933ea26: Pull complete
fb3cedc97e2d: Pull complete
Digest: sha256:bc9347928571b854755c0b09505a6b2b95136047b98ae88e558f50b81dcc13d3
Status: Downloaded newer image for armhf/ubuntu:xenial
 ---> ad056c6db9e2
Step 2/8 : RUN apt-get update && apt-get install -y apparmor bash-completion btrfs-tools build-essential cmake curl ca-certificates debhelper dh-apparmor dh-systemd git libapparmor-dev libdevmapper-dev libltdl-dev libseccomp-dev pkg-config vim-common libsystemd-dev --no-install-recommends && rm -rf /var/lib/apt/lists/*
 ---> Running in 446a037d7a03
[91mstandard_init_linux.go:211: exec user process caused "exec format error"
[0mThe command '/bin/sh -c apt-get update && apt-get install -y apparmor bash-completion btrfs-tools build-essential cmake curl ca-certificates debhelper dh-apparmor dh-systemd git libapparmor-dev libdevmapper-dev libltdl-dev libseccomp-dev pkg-config vim-common libsystemd-dev --no-install-recommends && rm -rf /var/lib/apt/lists/*' returned a non-zero code: 1
