Sending build context to Docker daemon  2.048kB
Step 1/11 : FROM ubuntu:14.04
14.04: Pulling from library/ubuntu
2e6e20c8e2e6: Pulling fs layer
30bb187ac3fc: Pulling fs layer
b7a5bcc4a58a: Pulling fs layer
30bb187ac3fc: Download complete
b7a5bcc4a58a: Verifying Checksum
b7a5bcc4a58a: Download complete
2e6e20c8e2e6: Verifying Checksum
2e6e20c8e2e6: Download complete
2e6e20c8e2e6: Pull complete
30bb187ac3fc: Pull complete
b7a5bcc4a58a: Pull complete
Digest: sha256:ffc76f71dd8be8c9e222d420dc96901a07b61616689a44c7b3ef6a10b7213de4
Status: Downloaded newer image for ubuntu:14.04
 ---> 6e4f1fe62ff1
Step 2/11 : RUN apt-get update && apt-get install wget -y
 ---> Running in 7c584105785a
Get:1 http://security.ubuntu.com trusty-security InRelease [65.9 kB]
Get:2 http://security.ubuntu.com trusty-security/main amd64 Packages [1032 kB]
Ign http://archive.ubuntu.com trusty InRelease
Get:3 http://security.ubuntu.com trusty-security/restricted amd64 Packages [18.1 kB]
Get:4 http://security.ubuntu.com trusty-security/universe amd64 Packages [377 kB]
Get:5 http://archive.ubuntu.com trusty-updates InRelease [65.9 kB]
Get:6 http://security.ubuntu.com trusty-security/multiverse amd64 Packages [4730 B]
Get:7 https://esm.ubuntu.com trusty-infra-security InRelease
Get:8 https://esm.ubuntu.com trusty-infra-updates InRelease
Get:9 https://esm.ubuntu.com trusty-infra-security/main amd64 Packages
Get:10 https://esm.ubuntu.com trusty-infra-updates/main amd64 Packages
Get:11 http://archive.ubuntu.com trusty-backports InRelease [65.9 kB]
Hit http://archive.ubuntu.com trusty Release.gpg
Get:12 http://archive.ubuntu.com trusty-updates/main amd64 Packages [1460 kB]
Get:13 http://archive.ubuntu.com trusty-updates/restricted amd64 Packages [21.4 kB]
Get:14 http://archive.ubuntu.com trusty-updates/universe amd64 Packages [671 kB]
Get:15 http://archive.ubuntu.com trusty-updates/multiverse amd64 Packages [16.1 kB]
Get:16 http://archive.ubuntu.com trusty-backports/main amd64 Packages [14.7 kB]
Get:17 http://archive.ubuntu.com trusty-backports/restricted amd64 Packages [40 B]
Get:18 http://archive.ubuntu.com trusty-backports/universe amd64 Packages [52.5 kB]
Get:19 http://archive.ubuntu.com trusty-backports/multiverse amd64 Packages [1392 B]
Hit http://archive.ubuntu.com trusty Release
Get:20 http://archive.ubuntu.com trusty/main amd64 Packages [1743 kB]
Get:21 http://archive.ubuntu.com trusty/restricted amd64 Packages [16.0 kB]
Get:22 http://archive.ubuntu.com trusty/universe amd64 Packages [7589 kB]
Get:23 http://archive.ubuntu.com trusty/multiverse amd64 Packages [169 kB]
Fetched 13.7 MB in 3s (3832 kB/s)
Reading package lists...
Reading package lists...
Building dependency tree...
Reading state information...
The following NEW packages will be installed:
  wget
0 upgraded, 1 newly installed, 0 to remove and 1 not upgraded.
Need to get 270 kB of archives.
After this operation, 651 kB of additional disk space will be used.
Get:1 http://archive.ubuntu.com/ubuntu/ trusty-updates/main wget amd64 1.15-1ubuntu1.14.04.5 [270 kB]
[91mdebconf: unable to initialize frontend: Dialog
debconf: (TERM is not set, so the dialog frontend is not usable.)
debconf: falling back to frontend: Readline
[0m[91mdebconf: unable to initialize frontend: Readline
debconf: (This frontend requires a controlling tty.)
debconf: falling back to frontend: Teletype
[0m[91mdpkg-preconfigure: unable to re-open stdin: 
[0mFetched 270 kB in 0s (403 kB/s)
Selecting previously unselected package wget.
(Reading database ... 12097 files and directories currently installed.)
Preparing to unpack .../wget_1.15-1ubuntu1.14.04.5_amd64.deb ...
Unpacking wget (1.15-1ubuntu1.14.04.5) ...
Setting up wget (1.15-1ubuntu1.14.04.5) ...
Removing intermediate container 7c584105785a
 ---> 73b9217b0631
Step 3/11 : RUN wget http://s3.amazonaws.com/influxdb/influxdb_latest_amd64.deb
 ---> Running in 3860247d433b
[91m--2020-04-02 15:25:34--  http://s3.amazonaws.com/influxdb/influxdb_latest_amd64.deb
Resolving s3.amazonaws.com (s3.amazonaws.com)... [0m[91m52.216.138.229
Connecting to s3.amazonaws.com (s3.amazonaws.com)|52.216.138.229|:80... [0m[91mconnected.
HTTP request sent, awaiting response... [0m[91m403 Forbidden
2020-04-02 15:25:34 ERROR 403: Forbidden.

[0mThe command '/bin/sh -c wget http://s3.amazonaws.com/influxdb/influxdb_latest_amd64.deb' returned a non-zero code: 8
