Sending build context to Docker daemon  3.584kB
[91m[WARNING]: Empty continuation line found in:
    RUN apt-get update 	&& dpkg -l | awk '/^ii/ {print $2}' > /tmp/dpkg.clean     && apt-get install -y --no-install-recommends unzip wget     && apt-get clean     && rm -rf /var/lib/apt/lists     && cd /tmp     && wget https://dl.bintray.com/mitchellh/consul/0.3.1_web_ui.zip        -O web_ui.zip     && unzip web_ui.zip     && mv dist /webui     && rm web_ui.zip 	&& dpkg -l | awk '/^ii/ {print $2}' > /tmp/dpkg.dirty 	&& apt-get remove --purge -y $(diff /tmp/dpkg.clean /tmp/dpkg.dirty | awk '/^>/ {print $2}') 	&& rm /tmp/dpkg.*
[WARNING]: Empty continuation line found in:
    RUN apt-get update 	&& dpkg -l | awk '/^ii/ {print $2}' > /tmp/dpkg.clean     && apt-get install -y --no-install-recommends git golang ca-certificates build-essential     && apt-get clean     && rm -rf /var/lib/apt/lists 	&& go get -v github.com/hashicorp/consul 	&& mv $GOPATH/bin/consul /usr/bin/consul 	&& dpkg -l | awk '/^ii/ {print $2}' > /tmp/dpkg.dirty 	&& apt-get remove --purge -y $(diff /tmp/dpkg.clean /tmp/dpkg.dirty | awk '/^>/ {print $2}') 	&& rm /tmp/dpkg.* 	&& rm -rf $GOPATH
[WARNING]: Empty continuation lines will become errors in a future release.
[0mStep 1/9 : FROM brimstone/ubuntu:14.04
14.04: Pulling from brimstone/ubuntu
Image docker.io/brimstone/ubuntu:14.04 uses outdated schema1 manifest format. Please upgrade to a schema2 image for better future compatibility. More information at https://docs.docker.com/registry/spec/deprecated-schema-v1/
fca1f7738e19: Pulling fs layer
5f70bf18a086: Pulling fs layer
5f70bf18a086: Verifying Checksum
5f70bf18a086: Download complete
fca1f7738e19: Verifying Checksum
fca1f7738e19: Download complete
fca1f7738e19: Pull complete
5f70bf18a086: Pull complete
Digest: sha256:f58e9b93e0cbbcb22ca4f995a14447732cce2aa6ff4d66d6112374272790f4e1
Status: Downloaded newer image for brimstone/ubuntu:14.04
 ---> 310cf94efb52
Step 2/9 : CMD []
 ---> Running in e6adabe4dcde
Removing intermediate container e6adabe4dcde
 ---> a0ec469f7345
Step 3/9 : ENTRYPOINT ["/usr/bin/consul", "agent", "-server", "-data-dir=/consul", "-client=0.0.0.0", "-ui-dir=/webui"]
 ---> Running in 159672f6c7fb
Removing intermediate container 159672f6c7fb
 ---> 85e62f8993a0
Step 4/9 : EXPOSE 8500 8600 8400 8301 8302
 ---> Running in d1b4bb566338
Removing intermediate container d1b4bb566338
 ---> e79643282223
Step 5/9 : RUN apt-get update     && apt-get install -y unzip wget 	&& apt-get clean 	&& rm -rf /var/lib/apt/lists
 ---> Running in 64134003fdc4
Get:1 http://security.ubuntu.com trusty-security InRelease [65.9 kB]
Get:2 http://us.archive.ubuntu.com trusty-backports InRelease [65.9 kB]
Ign http://us.archive.ubuntu.com trusty InRelease
Get:3 http://us.archive.ubuntu.com trusty-updates InRelease [65.9 kB]
Get:4 http://us.archive.ubuntu.com trusty Release.gpg [933 B]
Get:5 http://us.archive.ubuntu.com trusty Release [58.5 kB]
Get:6 http://security.ubuntu.com trusty-security/main Sources [172 kB]
Get:7 http://us.archive.ubuntu.com trusty-backports/main Sources [9709 B]
Get:8 http://security.ubuntu.com trusty-security/restricted Sources [4931 B]
Get:9 http://security.ubuntu.com trusty-security/multiverse Sources [3263 B]
Get:10 http://us.archive.ubuntu.com trusty-backports/restricted Sources [28 B]
Get:11 http://security.ubuntu.com trusty-security/universe Sources [102 kB]
Get:12 http://us.archive.ubuntu.com trusty-backports/multiverse Sources [1896 B]
Get:13 http://us.archive.ubuntu.com trusty-backports/universe Sources [35.4 kB]
Get:14 http://security.ubuntu.com trusty-security/main amd64 Packages [835 kB]
Get:15 http://us.archive.ubuntu.com trusty-backports/main amd64 Packages [13.3 kB]
Get:16 http://us.archive.ubuntu.com trusty-backports/restricted amd64 Packages [28 B]
Get:17 http://us.archive.ubuntu.com trusty-backports/multiverse amd64 Packages [1567 B]
Get:18 http://security.ubuntu.com trusty-security/restricted amd64 Packages [14.2 kB]
Get:19 http://us.archive.ubuntu.com trusty-backports/universe amd64 Packages [43.1 kB]
Get:20 http://security.ubuntu.com trusty-security/multiverse amd64 Packages [4806 B]
Get:21 http://us.archive.ubuntu.com trusty-backports/main Translation-en [7503 B]
Get:22 http://security.ubuntu.com trusty-security/universe amd64 Packages [294 kB]
Get:23 http://us.archive.ubuntu.com trusty-backports/multiverse Translation-en [1215 B]
Get:24 http://security.ubuntu.com trusty-security/main Translation-en [448 kB]
Get:25 http://us.archive.ubuntu.com trusty-backports/restricted Translation-en [28 B]
Get:26 http://security.ubuntu.com trusty-security/multiverse Translation-en [2564 B]
Get:27 http://us.archive.ubuntu.com trusty-backports/universe Translation-en [36.8 kB]
Get:28 http://security.ubuntu.com trusty-security/restricted Translation-en [3556 B]
Get:29 http://security.ubuntu.com trusty-security/universe Translation-en [162 kB]
Get:30 http://us.archive.ubuntu.com trusty-updates/main Sources [431 kB]
Get:31 http://us.archive.ubuntu.com trusty-updates/restricted Sources [6313 B]
Get:32 http://us.archive.ubuntu.com trusty-updates/multiverse Sources [7535 B]
Get:33 http://us.archive.ubuntu.com trusty-updates/universe Sources [231 kB]
Get:34 http://us.archive.ubuntu.com trusty-updates/main amd64 Packages [1177 kB]
Get:35 http://us.archive.ubuntu.com trusty-updates/restricted amd64 Packages [17.2 kB]
Get:36 http://us.archive.ubuntu.com trusty-updates/multiverse amd64 Packages [14.6 kB]
Get:37 http://us.archive.ubuntu.com trusty-updates/universe amd64 Packages [525 kB]
Get:38 http://us.archive.ubuntu.com trusty-updates/main Translation-en [582 kB]
Get:39 http://us.archive.ubuntu.com trusty-updates/multiverse Translation-en [7616 B]
Get:40 http://us.archive.ubuntu.com trusty-updates/restricted Translation-en [4028 B]
Get:41 http://us.archive.ubuntu.com trusty-updates/universe Translation-en [281 kB]
Get:42 http://us.archive.ubuntu.com trusty/main Sources [1064 kB]
Get:43 http://us.archive.ubuntu.com trusty/restricted Sources [5433 B]
Get:44 http://us.archive.ubuntu.com trusty/multiverse Sources [174 kB]
Get:45 http://us.archive.ubuntu.com trusty/universe Sources [6399 kB]
Get:46 http://us.archive.ubuntu.com trusty/main amd64 Packages [1350 kB]
Get:47 http://us.archive.ubuntu.com trusty/restricted amd64 Packages [13.0 kB]
Get:48 http://us.archive.ubuntu.com trusty/multiverse amd64 Packages [132 kB]
Get:49 http://us.archive.ubuntu.com trusty/universe amd64 Packages [5859 kB]
Get:50 http://us.archive.ubuntu.com trusty/main Translation-en [762 kB]
Get:51 http://us.archive.ubuntu.com trusty/multiverse Translation-en [102 kB]
Get:52 http://us.archive.ubuntu.com trusty/restricted Translation-en [3457 B]
Get:53 http://us.archive.ubuntu.com trusty/universe Translation-en [4089 kB]
Fetched 25.7 MB in 14s (1787 kB/s)
Reading package lists...
Reading package lists...
Building dependency tree...
Reading state information...
The following extra packages will be installed:
  ca-certificates libidn11 libssl1.0.0 openssl
Suggested packages:
  zip
The following NEW packages will be installed:
  ca-certificates libidn11 libssl1.0.0 openssl unzip wget
0 upgraded, 6 newly installed, 0 to remove and 66 not upgraded.
Need to get 2008 kB of archives.
After this operation, 5787 kB of additional disk space will be used.
Get:1 http://us.archive.ubuntu.com/ubuntu/ trusty-updates/main ca-certificates all 20170717~14.04.2 [166 kB]
Get:2 http://security.ubuntu.com/ubuntu/ trusty-security/main libssl1.0.0 amd64 1.0.1f-1ubuntu2.27 [831 kB]
Get:3 http://security.ubuntu.com/ubuntu/ trusty-security/main libidn11 amd64 1.28-1ubuntu2.2 [94.6 kB]
Get:4 http://security.ubuntu.com/ubuntu/ trusty-security/main openssl amd64 1.0.1f-1ubuntu2.27 [489 kB]
Get:5 http://security.ubuntu.com/ubuntu/ trusty-security/main wget amd64 1.15-1ubuntu1.14.04.5 [270 kB]
Get:6 http://security.ubuntu.com/ubuntu/ trusty-security/main unzip amd64 6.0-9ubuntu1.5 [157 kB]
[91mdebconf: delaying package configuration, since apt-utils is not installed
[0mFetched 2008 kB in 1s (1552 kB/s)
Selecting previously unselected package libssl1.0.0:amd64.
(Reading database ... 7414 files and directories currently installed.)
Preparing to unpack .../libssl1.0.0_1.0.1f-1ubuntu2.27_amd64.deb ...
Unpacking libssl1.0.0:amd64 (1.0.1f-1ubuntu2.27) ...
Selecting previously unselected package libidn11:amd64.
Preparing to unpack .../libidn11_1.28-1ubuntu2.2_amd64.deb ...
Unpacking libidn11:amd64 (1.28-1ubuntu2.2) ...
Selecting previously unselected package openssl.
Preparing to unpack .../openssl_1.0.1f-1ubuntu2.27_amd64.deb ...
Unpacking openssl (1.0.1f-1ubuntu2.27) ...
Selecting previously unselected package ca-certificates.
Preparing to unpack .../ca-certificates_20170717~14.04.2_all.deb ...
Unpacking ca-certificates (20170717~14.04.2) ...
Selecting previously unselected package wget.
Preparing to unpack .../wget_1.15-1ubuntu1.14.04.5_amd64.deb ...
Unpacking wget (1.15-1ubuntu1.14.04.5) ...
Selecting previously unselected package unzip.
Preparing to unpack .../unzip_6.0-9ubuntu1.5_amd64.deb ...
Unpacking unzip (6.0-9ubuntu1.5) ...
Setting up libssl1.0.0:amd64 (1.0.1f-1ubuntu2.27) ...
[91mdebconf: unable to initialize frontend: Dialog
debconf: (TERM is not set, so the dialog frontend is not usable.)
debconf: falling back to frontend: Readline
[0m[91mdebconf: unable to initialize frontend: Readline
debconf: (Can't locate Term/ReadLine.pm in @INC (you may need to install the Term::ReadLine module) (@INC contains: /etc/perl /usr/local/lib/perl/5.18.2 /usr/local/share/perl/5.18.2 /usr/lib/perl5 /usr/share/perl5 /usr/lib/perl/5.18 /usr/share/perl/5.18 /usr/local/lib/site_perl .) at /usr/share/perl5/Debconf/FrontEnd/Readline.pm line 7.)
[0m[91mdebconf: falling back to frontend: Teletype
[0mSetting up libidn11:amd64 (1.28-1ubuntu2.2) ...
Setting up openssl (1.0.1f-1ubuntu2.27) ...
Setting up ca-certificates (20170717~14.04.2) ...
[91mdebconf: unable to initialize frontend: Dialog
debconf: (TERM is not set, so the dialog frontend is not usable.)
debconf: falling back to frontend: Readline
[0m[91mdebconf: unable to initialize frontend: Readline
debconf: (Can't locate Term/ReadLine.pm in @INC (you may need to install the Term::ReadLine module) (@INC contains: /etc/perl /usr/local/lib/perl/5.18.2 /usr/local/share/perl/5.18.2 /usr/lib/perl5 /usr/share/perl5 /usr/lib/perl/5.18 /usr/share/perl/5.18 /usr/local/lib/site_perl .) at /usr/share/perl5/Debconf/FrontEnd/Readline.pm line 7.)
debconf: falling back to frontend: Teletype
[0mSetting up wget (1.15-1ubuntu1.14.04.5) ...
Setting up unzip (6.0-9ubuntu1.5) ...
Processing triggers for libc-bin (2.19-0ubuntu6.6) ...
Processing triggers for ca-certificates (20170717~14.04.2) ...
Updating certificates in /etc/ssl/certs... 148 added, 0 removed; done.
Running hooks in /etc/ca-certificates/update.d....done.
Removing intermediate container 64134003fdc4
 ---> 02d92d4ec4aa
Step 6/9 : RUN cd /tmp     && wget https://dl.bintray.com/mitchellh/consul/0.3.1_web_ui.zip        -O web_ui.zip     && unzip web_ui.zip     && mv dist /webui     && rm web_ui.zip
 ---> Running in 6a2246f32fb0
[91m--2020-04-02 14:23:04--  https://dl.bintray.com/mitchellh/consul/0.3.1_web_ui.zip
[0m[91mResolving dl.bintray.com (dl.bintray.com)... [0m[91m52.26.174.181, 54.201.250.55
Connecting to dl.bintray.com (dl.bintray.com)|52.26.174.181|:443... [0m[91mconnected.
[0m[91mHTTP request sent, awaiting response... [0m[91m404 Not Found
2020-04-02 14:23:04 ERROR 404: Not Found.

[0mThe command '/bin/sh -c cd /tmp     && wget https://dl.bintray.com/mitchellh/consul/0.3.1_web_ui.zip        -O web_ui.zip     && unzip web_ui.zip     && mv dist /webui     && rm web_ui.zip' returned a non-zero code: 8
