Sending build context to Docker daemon  2.048kB
Step 1/9 : FROM  golang:1.8
1.8: Pulling from library/golang
4176fe04cefe: Pulling fs layer
851356ecf618: Pulling fs layer
6115379c7b49: Pulling fs layer
69914558965c: Pulling fs layer
b108f9aa98db: Pulling fs layer
df7abcd2981e: Pulling fs layer
3e60cb3f592b: Pulling fs layer
b108f9aa98db: Waiting
df7abcd2981e: Waiting
3e60cb3f592b: Waiting
69914558965c: Waiting
851356ecf618: Verifying Checksum
851356ecf618: Download complete
4176fe04cefe: Verifying Checksum
4176fe04cefe: Download complete
6115379c7b49: Verifying Checksum
6115379c7b49: Download complete
df7abcd2981e: Verifying Checksum
df7abcd2981e: Download complete
3e60cb3f592b: Verifying Checksum
3e60cb3f592b: Download complete
69914558965c: Verifying Checksum
69914558965c: Download complete
b108f9aa98db: Verifying Checksum
b108f9aa98db: Download complete
4176fe04cefe: Pull complete
851356ecf618: Pull complete
6115379c7b49: Pull complete
69914558965c: Pull complete
b108f9aa98db: Pull complete
df7abcd2981e: Pull complete
3e60cb3f592b: Pull complete
Digest: sha256:f0b5dab7581eddb49dabd1d1b9aa505ca3edcdf79a66395b5bfa4f3c036b49ef
Status: Downloaded newer image for golang:1.8
 ---> 0d283eb41a92
Step 2/9 : COPY . /go/src/github.com/MickayG/moby-kafka-logdriver
 ---> 22458e6b9b08
Step 3/9 : WORKDIR /go/src/github.com/MickayG/moby-kafka-logdriver
 ---> Running in ba5d9bee3009
Removing intermediate container ba5d9bee3009
 ---> 2b3c25089576
Step 4/9 : RUN go build --ldflags '-extldflags "-static"' -o kafka-logdriver
 ---> Running in 3c0355dd7308
[91mcan't load package: package github.com/MickayG/moby-kafka-logdriver: no buildable Go source files in /go/src/github.com/MickayG/moby-kafka-logdriver
[0mThe command '/bin/sh -c go build --ldflags '-extldflags "-static"' -o kafka-logdriver' returned a non-zero code: 1
