Sending build context to Docker daemon   5.12kB
Step 1/24 : FROM	ubuntu:14.04
14.04: Pulling from library/ubuntu
2e6e20c8e2e6: Pulling fs layer
30bb187ac3fc: Pulling fs layer
b7a5bcc4a58a: Pulling fs layer
b7a5bcc4a58a: Verifying Checksum
b7a5bcc4a58a: Download complete
30bb187ac3fc: Verifying Checksum
30bb187ac3fc: Download complete
2e6e20c8e2e6: Verifying Checksum
2e6e20c8e2e6: Download complete
2e6e20c8e2e6: Pull complete
30bb187ac3fc: Pull complete
b7a5bcc4a58a: Pull complete
Digest: sha256:ffc76f71dd8be8c9e222d420dc96901a07b61616689a44c7b3ef6a10b7213de4
Status: Downloaded newer image for ubuntu:14.04
 ---> 6e4f1fe62ff1
Step 2/24 : MAINTAINER	Tianon Gravi <admwiggin@gmail.com> (@tianon)
 ---> Running in 7af36c8b3e61
Removing intermediate container 7af36c8b3e61
 ---> 6f54181a20ac
Step 3/24 : RUN	apt-get update && DEBIAN_FRONTEND=noninteractive apt-get install -yq 	apt-utils 	aufs-tools 	automake 	btrfs-tools 	build-essential 	curl 	dpkg-sig 	git 	iptables 	libapparmor-dev 	libcap-dev 	mercurial 	pandoc 	parallel 	reprepro 	ruby1.9.1 	ruby1.9.1-dev 	s3cmd=1.1.0* 	--no-install-recommends
 ---> Running in 5a0e644c5301
Get:1 http://security.ubuntu.com trusty-security InRelease [65.9 kB]
Get:2 http://security.ubuntu.com trusty-security/main amd64 Packages [1032 kB]
Ign http://archive.ubuntu.com trusty InRelease
Get:3 http://archive.ubuntu.com trusty-updates InRelease [65.9 kB]
Get:4 http://security.ubuntu.com trusty-security/restricted amd64 Packages [18.1 kB]
Get:5 http://security.ubuntu.com trusty-security/universe amd64 Packages [377 kB]
Get:6 http://security.ubuntu.com trusty-security/multiverse amd64 Packages [4730 B]
Get:7 https://esm.ubuntu.com trusty-infra-security InRelease
Get:8 https://esm.ubuntu.com trusty-infra-updates InRelease
Get:9 https://esm.ubuntu.com trusty-infra-security/main amd64 Packages
Get:10 http://archive.ubuntu.com trusty-backports InRelease [65.9 kB]
Get:11 https://esm.ubuntu.com trusty-infra-updates/main amd64 Packages
Hit http://archive.ubuntu.com trusty Release.gpg
Get:12 http://archive.ubuntu.com trusty-updates/main amd64 Packages [1460 kB]
Get:13 http://archive.ubuntu.com trusty-updates/restricted amd64 Packages [21.4 kB]
Get:14 http://archive.ubuntu.com trusty-updates/universe amd64 Packages [671 kB]
Get:15 http://archive.ubuntu.com trusty-updates/multiverse amd64 Packages [16.1 kB]
Get:16 http://archive.ubuntu.com trusty-backports/main amd64 Packages [14.7 kB]
Get:17 http://archive.ubuntu.com trusty-backports/restricted amd64 Packages [40 B]
Get:18 http://archive.ubuntu.com trusty-backports/universe amd64 Packages [52.5 kB]
Get:19 http://archive.ubuntu.com trusty-backports/multiverse amd64 Packages [1392 B]
Hit http://archive.ubuntu.com trusty Release
Get:20 http://archive.ubuntu.com trusty/main amd64 Packages [1743 kB]
Get:21 http://archive.ubuntu.com trusty/restricted amd64 Packages [16.0 kB]
Get:22 http://archive.ubuntu.com trusty/universe amd64 Packages [7589 kB]
Get:23 http://archive.ubuntu.com trusty/multiverse amd64 Packages [169 kB]
Fetched 13.7 MB in 3s (3967 kB/s)
Reading package lists...
Reading package lists...
Building dependency tree...
Reading state information...
apt-utils is already the newest version.
The following extra packages will be installed:
  autoconf autotools-dev binutils cpp cpp-4.8 dpkg-dev g++ g++-4.8 gcc gcc-4.8
  git-man libapparmor1 libarchive13 libasan0 libassuan0 libatomic1
  libc-dev-bin libc6-dev libcloog-isl4 libconfig-file-perl libcurl3
  libdpkg-perl liberror-perl libgcc-4.8-dev libgmp10 libgomp1 libgpgme11
  libicu52 libisl10 libitm1 liblua5.1-0 liblzo2-2 libmpc3 libmpfr4 libnettle4
  libnfnetlink0 libpython-stdlib libpython2.7-minimal libpython2.7-stdlib
  libquadmath0 libruby1.9.1 libsensors4 libsigsegv2 libstdc++-4.8-dev
  libtimedate-perl libtsan0 libxml2 libxtables10 linux-libc-dev m4 make
  mercurial-common pandoc-data patch python python-minimal python2.7
  python2.7-minimal ruby sysstat xz-utils
Suggested packages:
  autoconf2.13 autoconf-archive gnu-standards autoconf-doc libtool gettext
  binutils-doc cpp-doc gcc-4.8-locales debian-keyring ssh libterm-readkey-perl
  g++-multilib g++-4.8-multilib gcc-4.8-doc libstdc++6-4.8-dbg gcc-multilib
  manpages-dev automake1.9 flex bison gdb gcc-doc gcc-4.8-multilib libgcc1-dbg
  libgomp1-dbg libitm1-dbg libatomic1-dbg libasan0-dbg libtsan0-dbg
  libquadmath0-dbg gettext-base git-daemon-run git-daemon-sysvinit git-doc
  git-el git-email git-gui gitk gitweb git-arch git-bzr git-cvs git-mediawiki
  git-svn lrzip glibc-doc gpgsm lm-sensors libstdc++-4.8-doc make-doc qct vim
  emacs kdiff3 kdiff3-qt kompare meld tkcvs mgdiff python-mysqldb
  python-pygments python-openssl texlive-latex-recommended texlive-xetex
  texlive-luatex pandoc-citeproc diffutils-doc python-doc python-tk
  python2.7-doc binfmt-support gnupg-agent inoticoming lzip ri ruby-dev
  ruby1.9.1-examples ri1.9.1 graphviz ruby-switch isag
Recommended packages:
  fakeroot libalgorithm-merge-perl rsync ssh-client libfile-fcntllock-perl
  xml-core openssh-client wish
The following NEW packages will be installed:
  aufs-tools autoconf automake autotools-dev binutils btrfs-tools
  build-essential cpp cpp-4.8 curl dpkg-dev dpkg-sig g++ g++-4.8 gcc gcc-4.8
  git git-man iptables libapparmor-dev libapparmor1 libarchive13 libasan0
  libassuan0 libatomic1 libc-dev-bin libc6-dev libcap-dev libcloog-isl4
  libconfig-file-perl libcurl3 libdpkg-perl liberror-perl libgcc-4.8-dev
  libgmp10 libgomp1 libgpgme11 libicu52 libisl10 libitm1 liblua5.1-0 liblzo2-2
  libmpc3 libmpfr4 libnettle4 libnfnetlink0 libpython-stdlib
  libpython2.7-minimal libpython2.7-stdlib libquadmath0 libruby1.9.1
  libsensors4 libsigsegv2 libstdc++-4.8-dev libtimedate-perl libtsan0 libxml2
  libxtables10 linux-libc-dev m4 make mercurial mercurial-common pandoc
  pandoc-data parallel patch python python-minimal python2.7 python2.7-minimal
  reprepro ruby ruby1.9.1 ruby1.9.1-dev s3cmd sysstat xz-utils
0 upgraded, 78 newly installed, 0 to remove and 1 not upgraded.
Need to get 65.5 MB of archives.
After this operation, 259 MB of additional disk space will be used.
Get:1 http://archive.ubuntu.com/ubuntu/ trusty/main libnfnetlink0 amd64 1.0.1-2 [15.0 kB]
Get:2 http://archive.ubuntu.com/ubuntu/ trusty-updates/main libxml2 amd64 2.9.1+dfsg1-3ubuntu4.13 [573 kB]
Get:3 http://archive.ubuntu.com/ubuntu/ trusty-updates/main liblzo2-2 amd64 2.06-1.2ubuntu1.1 [46.1 kB]
Get:4 http://archive.ubuntu.com/ubuntu/ trusty-updates/main libnettle4 amd64 2.7.1-1ubuntu0.2 [102 kB]
Get:5 http://archive.ubuntu.com/ubuntu/ trusty-updates/main libarchive13 amd64 3.1.2-7ubuntu2.8 [262 kB]
Get:6 http://archive.ubuntu.com/ubuntu/ trusty-updates/main libasan0 amd64 4.8.4-2ubuntu1~14.04.4 [63.1 kB]
Get:7 http://archive.ubuntu.com/ubuntu/ trusty/main libassuan0 amd64 2.1.1-1ubuntu1 [29.7 kB]
Get:8 http://archive.ubuntu.com/ubuntu/ trusty-updates/main libatomic1 amd64 4.8.4-2ubuntu1~14.04.4 [8630 B]
Get:9 http://archive.ubuntu.com/ubuntu/ trusty/main libgmp10 amd64 2:5.1.3+dfsg-1ubuntu1 [218 kB]
Get:10 http://archive.ubuntu.com/ubuntu/ trusty/main libisl10 amd64 0.12.2-1 [419 kB]
Get:11 http://archive.ubuntu.com/ubuntu/ trusty/main libcloog-isl4 amd64 0.18.2-1 [57.5 kB]
Get:12 http://archive.ubuntu.com/ubuntu/ trusty-updates/main libcurl3 amd64 7.35.0-1ubuntu2.20 [173 kB]
Get:13 http://archive.ubuntu.com/ubuntu/ trusty-updates/main libgomp1 amd64 4.8.4-2ubuntu1~14.04.4 [23.1 kB]
Get:14 http://archive.ubuntu.com/ubuntu/ trusty-updates/main libgpgme11 amd64 1.4.3-0.1ubuntu5.1 [96.2 kB]
Get:15 http://archive.ubuntu.com/ubuntu/ trusty-updates/main libicu52 amd64 52.1-3ubuntu0.8 [6751 kB]
Get:16 http://archive.ubuntu.com/ubuntu/ trusty-updates/main libitm1 amd64 4.8.4-2ubuntu1~14.04.4 [28.6 kB]
Get:17 http://archive.ubuntu.com/ubuntu/ trusty-updates/main liblua5.1-0 amd64 5.1.5-5ubuntu0.1 [99.9 kB]
Get:18 http://archive.ubuntu.com/ubuntu/ trusty/main libmpfr4 amd64 3.1.2-1 [203 kB]
Get:19 http://archive.ubuntu.com/ubuntu/ trusty-updates/main libquadmath0 amd64 4.8.4-2ubuntu1~14.04.4 [126 kB]
Get:20 http://archive.ubuntu.com/ubuntu/ trusty/main libsensors4 amd64 1:3.3.4-2ubuntu1 [27.2 kB]
Get:21 http://archive.ubuntu.com/ubuntu/ trusty/main libsigsegv2 amd64 2.10-2 [15.0 kB]
Get:22 http://archive.ubuntu.com/ubuntu/ trusty-updates/main libtsan0 amd64 4.8.4-2ubuntu1~14.04.4 [94.8 kB]
Get:23 http://archive.ubuntu.com/ubuntu/ trusty-updates/main libpython2.7-minimal amd64 2.7.6-8ubuntu0.5 [308 kB]
Get:24 http://archive.ubuntu.com/ubuntu/ trusty-updates/main python2.7-minimal amd64 2.7.6-8ubuntu0.5 [1186 kB]
Get:25 http://archive.ubuntu.com/ubuntu/ trusty/main libmpc3 amd64 1.0.1-1ubuntu1 [38.4 kB]
Get:26 http://archive.ubuntu.com/ubuntu/ trusty/main libxtables10 amd64 1.4.21-1ubuntu1 [25.9 kB]
Get:27 http://archive.ubuntu.com/ubuntu/ trusty/main iptables amd64 1.4.21-1ubuntu1 [261 kB]
Get:28 http://archive.ubuntu.com/ubuntu/ trusty-updates/main libapparmor1 amd64 2.10.95-0ubuntu2.6~14.04.4 [31.2 kB]
Get:29 http://archive.ubuntu.com/ubuntu/ trusty/universe aufs-tools amd64 1:3.2+20130722-1.1 [92.3 kB]
Get:30 http://archive.ubuntu.com/ubuntu/ trusty/main m4 amd64 1.4.17-2ubuntu1 [195 kB]
Get:31 http://archive.ubuntu.com/ubuntu/ trusty/main autoconf all 2.69-6 [322 kB]
Get:32 http://archive.ubuntu.com/ubuntu/ trusty/main autotools-dev all 20130810.1 [44.3 kB]
Get:33 http://archive.ubuntu.com/ubuntu/ trusty/main automake all 1:1.14.1-2ubuntu1 [510 kB]
Get:34 http://archive.ubuntu.com/ubuntu/ trusty-updates/main binutils amd64 2.24-5ubuntu14.2 [2076 kB]
Get:35 http://archive.ubuntu.com/ubuntu/ trusty-updates/main btrfs-tools amd64 3.12-1ubuntu0.2 [332 kB]
Get:36 http://archive.ubuntu.com/ubuntu/ trusty-updates/main libc-dev-bin amd64 2.19-0ubuntu6.15 [68.9 kB]
Get:37 http://archive.ubuntu.com/ubuntu/ trusty-updates/main linux-libc-dev amd64 3.13.0-170.220 [772 kB]
Get:38 http://archive.ubuntu.com/ubuntu/ trusty-updates/main libc6-dev amd64 2.19-0ubuntu6.15 [1913 kB]
Get:39 http://archive.ubuntu.com/ubuntu/ trusty-updates/main cpp-4.8 amd64 4.8.4-2ubuntu1~14.04.4 [4452 kB]
Get:40 http://archive.ubuntu.com/ubuntu/ trusty/main cpp amd64 4:4.8.2-1ubuntu6 [27.5 kB]
Get:41 http://archive.ubuntu.com/ubuntu/ trusty-updates/main libgcc-4.8-dev amd64 4.8.4-2ubuntu1~14.04.4 [1688 kB]
Get:42 http://archive.ubuntu.com/ubuntu/ trusty-updates/main gcc-4.8 amd64 4.8.4-2ubuntu1~14.04.4 [5040 kB]
Get:43 http://archive.ubuntu.com/ubuntu/ trusty/main gcc amd64 4:4.8.2-1ubuntu6 [5098 B]
Get:44 http://archive.ubuntu.com/ubuntu/ trusty-updates/main libstdc++-4.8-dev amd64 4.8.4-2ubuntu1~14.04.4 [1051 kB]
Get:45 http://archive.ubuntu.com/ubuntu/ trusty-updates/main g++-4.8 amd64 4.8.4-2ubuntu1~14.04.4 [18.0 MB]
Get:46 http://archive.ubuntu.com/ubuntu/ trusty/main g++ amd64 4:4.8.2-1ubuntu6 [1490 B]
Get:47 http://archive.ubuntu.com/ubuntu/ trusty/main make amd64 3.81-8.2ubuntu3 [119 kB]
Get:48 http://archive.ubuntu.com/ubuntu/ trusty/main libtimedate-perl all 2.3000-1 [37.2 kB]
Get:49 http://archive.ubuntu.com/ubuntu/ trusty-updates/main libdpkg-perl all 1.17.5ubuntu5.8 [179 kB]
Get:50 http://archive.ubuntu.com/ubuntu/ trusty/main xz-utils amd64 5.1.1alpha+20120614-2ubuntu2 [78.8 kB]
Get:51 http://archive.ubuntu.com/ubuntu/ trusty-updates/main patch amd64 2.7.1-4ubuntu2.4 [86.9 kB]
Get:52 http://archive.ubuntu.com/ubuntu/ trusty-updates/main dpkg-dev all 1.17.5ubuntu5.8 [726 kB]
Get:53 http://archive.ubuntu.com/ubuntu/ trusty/main build-essential amd64 11.6ubuntu6 [4838 B]
Get:54 http://archive.ubuntu.com/ubuntu/ trusty-updates/main curl amd64 7.35.0-1ubuntu2.20 [123 kB]
Get:55 http://archive.ubuntu.com/ubuntu/ trusty/universe libconfig-file-perl all 1.50-2 [10.1 kB]
Get:56 http://archive.ubuntu.com/ubuntu/ trusty/universe dpkg-sig all 0.13.1+nmu1 [37.1 kB]
Get:57 http://archive.ubuntu.com/ubuntu/ trusty/main liberror-perl all 0.17-1.1 [21.1 kB]
Get:58 http://archive.ubuntu.com/ubuntu/ trusty-updates/main git-man all 1:1.9.1-1ubuntu0.10 [700 kB]
Get:59 http://archive.ubuntu.com/ubuntu/ trusty-updates/main git amd64 1:1.9.1-1ubuntu0.10 [2737 kB]
Get:60 http://archive.ubuntu.com/ubuntu/ trusty/main libcap-dev amd64 1:2.24-0ubuntu2 [21.6 kB]
Get:61 http://archive.ubuntu.com/ubuntu/ trusty-updates/main libpython2.7-stdlib amd64 2.7.6-8ubuntu0.5 [1872 kB]
Get:62 http://archive.ubuntu.com/ubuntu/ trusty/main libpython-stdlib amd64 2.7.5-5ubuntu3 [7012 B]
Get:63 http://archive.ubuntu.com/ubuntu/ trusty/main ruby all 1:1.9.3.4 [5334 B]
Get:64 http://archive.ubuntu.com/ubuntu/ trusty-updates/main ruby1.9.1 amd64 1.9.3.484-2ubuntu1.14 [35.6 kB]
Get:65 http://archive.ubuntu.com/ubuntu/ trusty-updates/main libruby1.9.1 amd64 1.9.3.484-2ubuntu1.14 [2648 kB]
Get:66 http://archive.ubuntu.com/ubuntu/ trusty-updates/main python2.7 amd64 2.7.6-8ubuntu0.5 [197 kB]
Get:67 http://archive.ubuntu.com/ubuntu/ trusty/main python-minimal amd64 2.7.5-5ubuntu3 [27.5 kB]
Get:68 http://archive.ubuntu.com/ubuntu/ trusty/main python amd64 2.7.5-5ubuntu3 [134 kB]
Get:69 http://archive.ubuntu.com/ubuntu/ trusty-updates/universe mercurial-common all 2.8.2-1ubuntu1.4 [1521 kB]
Get:70 http://archive.ubuntu.com/ubuntu/ trusty-updates/universe mercurial amd64 2.8.2-1ubuntu1.4 [42.7 kB]
Get:71 http://archive.ubuntu.com/ubuntu/ trusty/universe pandoc-data all 1.12.2.1-1build2 [74.1 kB]
Get:72 http://archive.ubuntu.com/ubuntu/ trusty/universe pandoc amd64 1.12.2.1-1build2 [4101 kB]
Get:73 http://archive.ubuntu.com/ubuntu/ trusty-updates/main ruby1.9.1-dev amd64 1.9.3.484-2ubuntu1.14 [872 kB]
Get:74 http://archive.ubuntu.com/ubuntu/ trusty/universe s3cmd all 1.1.0~beta3-2 [67.6 kB]
Get:75 http://archive.ubuntu.com/ubuntu/ trusty/main sysstat amd64 10.2.0-1 [283 kB]
Get:76 http://archive.ubuntu.com/ubuntu/ trusty-updates/main libapparmor-dev amd64 2.10.95-0ubuntu2.6~14.04.4 [67.4 kB]
Get:77 http://archive.ubuntu.com/ubuntu/ trusty-updates/universe parallel all 20161222-1~ubuntu0.14.04.2 [260 kB]
Get:78 http://archive.ubuntu.com/ubuntu/ trusty/universe reprepro amd64 4.13.1-1build1 [480 kB]
[91mExtracting templates from packages: 38%[0m[91mExtracting templates from packages: 76%[0m[91mExtracting templates from packages: 100%
[0mPreconfiguring packages ...
Fetched 65.5 MB in 11s (5928 kB/s)
Selecting previously unselected package libnfnetlink0:amd64.
(Reading database ... 12097 files and directories currently installed.)
Preparing to unpack .../libnfnetlink0_1.0.1-2_amd64.deb ...
Unpacking libnfnetlink0:amd64 (1.0.1-2) ...
Selecting previously unselected package libxml2:amd64.
Preparing to unpack .../libxml2_2.9.1+dfsg1-3ubuntu4.13_amd64.deb ...
Unpacking libxml2:amd64 (2.9.1+dfsg1-3ubuntu4.13) ...
Selecting previously unselected package liblzo2-2:amd64.
Preparing to unpack .../liblzo2-2_2.06-1.2ubuntu1.1_amd64.deb ...
Unpacking liblzo2-2:amd64 (2.06-1.2ubuntu1.1) ...
Selecting previously unselected package libnettle4:amd64.
Preparing to unpack .../libnettle4_2.7.1-1ubuntu0.2_amd64.deb ...
Unpacking libnettle4:amd64 (2.7.1-1ubuntu0.2) ...
Selecting previously unselected package libarchive13:amd64.
Preparing to unpack .../libarchive13_3.1.2-7ubuntu2.8_amd64.deb ...
Unpacking libarchive13:amd64 (3.1.2-7ubuntu2.8) ...
Selecting previously unselected package libasan0:amd64.
Preparing to unpack .../libasan0_4.8.4-2ubuntu1~14.04.4_amd64.deb ...
Unpacking libasan0:amd64 (4.8.4-2ubuntu1~14.04.4) ...
Selecting previously unselected package libassuan0:amd64.
Preparing to unpack .../libassuan0_2.1.1-1ubuntu1_amd64.deb ...
Unpacking libassuan0:amd64 (2.1.1-1ubuntu1) ...
Selecting previously unselected package libatomic1:amd64.
Preparing to unpack .../libatomic1_4.8.4-2ubuntu1~14.04.4_amd64.deb ...
Unpacking libatomic1:amd64 (4.8.4-2ubuntu1~14.04.4) ...
Selecting previously unselected package libgmp10:amd64.
Preparing to unpack .../libgmp10_2%3a5.1.3+dfsg-1ubuntu1_amd64.deb ...
Unpacking libgmp10:amd64 (2:5.1.3+dfsg-1ubuntu1) ...
Selecting previously unselected package libisl10:amd64.
Preparing to unpack .../libisl10_0.12.2-1_amd64.deb ...
Unpacking libisl10:amd64 (0.12.2-1) ...
Selecting previously unselected package libcloog-isl4:amd64.
Preparing to unpack .../libcloog-isl4_0.18.2-1_amd64.deb ...
Unpacking libcloog-isl4:amd64 (0.18.2-1) ...
Selecting previously unselected package libcurl3:amd64.
Preparing to unpack .../libcurl3_7.35.0-1ubuntu2.20_amd64.deb ...
Unpacking libcurl3:amd64 (7.35.0-1ubuntu2.20) ...
Selecting previously unselected package libgomp1:amd64.
Preparing to unpack .../libgomp1_4.8.4-2ubuntu1~14.04.4_amd64.deb ...
Unpacking libgomp1:amd64 (4.8.4-2ubuntu1~14.04.4) ...
Selecting previously unselected package libgpgme11:amd64.
Preparing to unpack .../libgpgme11_1.4.3-0.1ubuntu5.1_amd64.deb ...
Unpacking libgpgme11:amd64 (1.4.3-0.1ubuntu5.1) ...
Selecting previously unselected package libicu52:amd64.
Preparing to unpack .../libicu52_52.1-3ubuntu0.8_amd64.deb ...
Unpacking libicu52:amd64 (52.1-3ubuntu0.8) ...
Selecting previously unselected package libitm1:amd64.
Preparing to unpack .../libitm1_4.8.4-2ubuntu1~14.04.4_amd64.deb ...
Unpacking libitm1:amd64 (4.8.4-2ubuntu1~14.04.4) ...
Selecting previously unselected package liblua5.1-0:amd64.
Preparing to unpack .../liblua5.1-0_5.1.5-5ubuntu0.1_amd64.deb ...
Unpacking liblua5.1-0:amd64 (5.1.5-5ubuntu0.1) ...
Selecting previously unselected package libmpfr4:amd64.
Preparing to unpack .../libmpfr4_3.1.2-1_amd64.deb ...
Unpacking libmpfr4:amd64 (3.1.2-1) ...
Selecting previously unselected package libquadmath0:amd64.
Preparing to unpack .../libquadmath0_4.8.4-2ubuntu1~14.04.4_amd64.deb ...
Unpacking libquadmath0:amd64 (4.8.4-2ubuntu1~14.04.4) ...
Selecting previously unselected package libsensors4:amd64.
Preparing to unpack .../libsensors4_1%3a3.3.4-2ubuntu1_amd64.deb ...
Unpacking libsensors4:amd64 (1:3.3.4-2ubuntu1) ...
Selecting previously unselected package libsigsegv2:amd64.
Preparing to unpack .../libsigsegv2_2.10-2_amd64.deb ...
Unpacking libsigsegv2:amd64 (2.10-2) ...
Selecting previously unselected package libtsan0:amd64.
Preparing to unpack .../libtsan0_4.8.4-2ubuntu1~14.04.4_amd64.deb ...
Unpacking libtsan0:amd64 (4.8.4-2ubuntu1~14.04.4) ...
Selecting previously unselected package libpython2.7-minimal:amd64.
Preparing to unpack .../libpython2.7-minimal_2.7.6-8ubuntu0.5_amd64.deb ...
Unpacking libpython2.7-minimal:amd64 (2.7.6-8ubuntu0.5) ...
Selecting previously unselected package python2.7-minimal.
Preparing to unpack .../python2.7-minimal_2.7.6-8ubuntu0.5_amd64.deb ...
Unpacking python2.7-minimal (2.7.6-8ubuntu0.5) ...
Selecting previously unselected package libmpc3:amd64.
Preparing to unpack .../libmpc3_1.0.1-1ubuntu1_amd64.deb ...
Unpacking libmpc3:amd64 (1.0.1-1ubuntu1) ...
Selecting previously unselected package libxtables10.
Preparing to unpack .../libxtables10_1.4.21-1ubuntu1_amd64.deb ...
Unpacking libxtables10 (1.4.21-1ubuntu1) ...
Selecting previously unselected package iptables.
Preparing to unpack .../iptables_1.4.21-1ubuntu1_amd64.deb ...
Unpacking iptables (1.4.21-1ubuntu1) ...
Selecting previously unselected package libapparmor1:amd64.
Preparing to unpack .../libapparmor1_2.10.95-0ubuntu2.6~14.04.4_amd64.deb ...
Unpacking libapparmor1:amd64 (2.10.95-0ubuntu2.6~14.04.4) ...
Selecting previously unselected package aufs-tools.
Preparing to unpack .../aufs-tools_1%3a3.2+20130722-1.1_amd64.deb ...
Unpacking aufs-tools (1:3.2+20130722-1.1) ...
Selecting previously unselected package m4.
Preparing to unpack .../m4_1.4.17-2ubuntu1_amd64.deb ...
Unpacking m4 (1.4.17-2ubuntu1) ...
Selecting previously unselected package autoconf.
Preparing to unpack .../autoconf_2.69-6_all.deb ...
Unpacking autoconf (2.69-6) ...
Selecting previously unselected package autotools-dev.
Preparing to unpack .../autotools-dev_20130810.1_all.deb ...
Unpacking autotools-dev (20130810.1) ...
Selecting previously unselected package automake.
Preparing to unpack .../automake_1%3a1.14.1-2ubuntu1_all.deb ...
Unpacking automake (1:1.14.1-2ubuntu1) ...
Selecting previously unselected package binutils.
Preparing to unpack .../binutils_2.24-5ubuntu14.2_amd64.deb ...
Unpacking binutils (2.24-5ubuntu14.2) ...
Selecting previously unselected package btrfs-tools.
Preparing to unpack .../btrfs-tools_3.12-1ubuntu0.2_amd64.deb ...
Unpacking btrfs-tools (3.12-1ubuntu0.2) ...
Selecting previously unselected package libc-dev-bin.
Preparing to unpack .../libc-dev-bin_2.19-0ubuntu6.15_amd64.deb ...
Unpacking libc-dev-bin (2.19-0ubuntu6.15) ...
Selecting previously unselected package linux-libc-dev:amd64.
Preparing to unpack .../linux-libc-dev_3.13.0-170.220_amd64.deb ...
Unpacking linux-libc-dev:amd64 (3.13.0-170.220) ...
Selecting previously unselected package libc6-dev:amd64.
Preparing to unpack .../libc6-dev_2.19-0ubuntu6.15_amd64.deb ...
Unpacking libc6-dev:amd64 (2.19-0ubuntu6.15) ...
Selecting previously unselected package cpp-4.8.
Preparing to unpack .../cpp-4.8_4.8.4-2ubuntu1~14.04.4_amd64.deb ...
Unpacking cpp-4.8 (4.8.4-2ubuntu1~14.04.4) ...
Selecting previously unselected package cpp.
Preparing to unpack .../cpp_4%3a4.8.2-1ubuntu6_amd64.deb ...
Unpacking cpp (4:4.8.2-1ubuntu6) ...
Selecting previously unselected package libgcc-4.8-dev:amd64.
Preparing to unpack .../libgcc-4.8-dev_4.8.4-2ubuntu1~14.04.4_amd64.deb ...
Unpacking libgcc-4.8-dev:amd64 (4.8.4-2ubuntu1~14.04.4) ...
Selecting previously unselected package gcc-4.8.
Preparing to unpack .../gcc-4.8_4.8.4-2ubuntu1~14.04.4_amd64.deb ...
Unpacking gcc-4.8 (4.8.4-2ubuntu1~14.04.4) ...
Selecting previously unselected package gcc.
Preparing to unpack .../gcc_4%3a4.8.2-1ubuntu6_amd64.deb ...
Unpacking gcc (4:4.8.2-1ubuntu6) ...
Selecting previously unselected package libstdc++-4.8-dev:amd64.
Preparing to unpack .../libstdc++-4.8-dev_4.8.4-2ubuntu1~14.04.4_amd64.deb ...
Unpacking libstdc++-4.8-dev:amd64 (4.8.4-2ubuntu1~14.04.4) ...
Selecting previously unselected package g++-4.8.
Preparing to unpack .../g++-4.8_4.8.4-2ubuntu1~14.04.4_amd64.deb ...
Unpacking g++-4.8 (4.8.4-2ubuntu1~14.04.4) ...
Selecting previously unselected package g++.
Preparing to unpack .../g++_4%3a4.8.2-1ubuntu6_amd64.deb ...
Unpacking g++ (4:4.8.2-1ubuntu6) ...
Selecting previously unselected package make.
Preparing to unpack .../make_3.81-8.2ubuntu3_amd64.deb ...
Unpacking make (3.81-8.2ubuntu3) ...
Selecting previously unselected package libtimedate-perl.
Preparing to unpack .../libtimedate-perl_2.3000-1_all.deb ...
Unpacking libtimedate-perl (2.3000-1) ...
Selecting previously unselected package libdpkg-perl.
Preparing to unpack .../libdpkg-perl_1.17.5ubuntu5.8_all.deb ...
Unpacking libdpkg-perl (1.17.5ubuntu5.8) ...
Selecting previously unselected package xz-utils.
Preparing to unpack .../xz-utils_5.1.1alpha+20120614-2ubuntu2_amd64.deb ...
Unpacking xz-utils (5.1.1alpha+20120614-2ubuntu2) ...
Selecting previously unselected package patch.
Preparing to unpack .../patch_2.7.1-4ubuntu2.4_amd64.deb ...
Unpacking patch (2.7.1-4ubuntu2.4) ...
Selecting previously unselected package dpkg-dev.
Preparing to unpack .../dpkg-dev_1.17.5ubuntu5.8_all.deb ...
Unpacking dpkg-dev (1.17.5ubuntu5.8) ...
Selecting previously unselected package build-essential.
Preparing to unpack .../build-essential_11.6ubuntu6_amd64.deb ...
Unpacking build-essential (11.6ubuntu6) ...
Selecting previously unselected package curl.
Preparing to unpack .../curl_7.35.0-1ubuntu2.20_amd64.deb ...
Unpacking curl (7.35.0-1ubuntu2.20) ...
Selecting previously unselected package libconfig-file-perl.
Preparing to unpack .../libconfig-file-perl_1.50-2_all.deb ...
Unpacking libconfig-file-perl (1.50-2) ...
Selecting previously unselected package dpkg-sig.
Preparing to unpack .../dpkg-sig_0.13.1+nmu1_all.deb ...
Unpacking dpkg-sig (0.13.1+nmu1) ...
Selecting previously unselected package liberror-perl.
Preparing to unpack .../liberror-perl_0.17-1.1_all.deb ...
Unpacking liberror-perl (0.17-1.1) ...
Selecting previously unselected package git-man.
Preparing to unpack .../git-man_1%3a1.9.1-1ubuntu0.10_all.deb ...
Unpacking git-man (1:1.9.1-1ubuntu0.10) ...
Selecting previously unselected package git.
Preparing to unpack .../git_1%3a1.9.1-1ubuntu0.10_amd64.deb ...
Unpacking git (1:1.9.1-1ubuntu0.10) ...
Selecting previously unselected package libcap-dev:amd64.
Preparing to unpack .../libcap-dev_1%3a2.24-0ubuntu2_amd64.deb ...
Unpacking libcap-dev:amd64 (1:2.24-0ubuntu2) ...
Selecting previously unselected package libpython2.7-stdlib:amd64.
Preparing to unpack .../libpython2.7-stdlib_2.7.6-8ubuntu0.5_amd64.deb ...
Unpacking libpython2.7-stdlib:amd64 (2.7.6-8ubuntu0.5) ...
Selecting previously unselected package libpython-stdlib:amd64.
Preparing to unpack .../libpython-stdlib_2.7.5-5ubuntu3_amd64.deb ...
Unpacking libpython-stdlib:amd64 (2.7.5-5ubuntu3) ...
Selecting previously unselected package ruby.
Preparing to unpack .../ruby_1%3a1.9.3.4_all.deb ...
Unpacking ruby (1:1.9.3.4) ...
Selecting previously unselected package ruby1.9.1.
Preparing to unpack .../ruby1.9.1_1.9.3.484-2ubuntu1.14_amd64.deb ...
Unpacking ruby1.9.1 (1.9.3.484-2ubuntu1.14) ...
Selecting previously unselected package libruby1.9.1.
Preparing to unpack .../libruby1.9.1_1.9.3.484-2ubuntu1.14_amd64.deb ...
Unpacking libruby1.9.1 (1.9.3.484-2ubuntu1.14) ...
Selecting previously unselected package python2.7.
Preparing to unpack .../python2.7_2.7.6-8ubuntu0.5_amd64.deb ...
Unpacking python2.7 (2.7.6-8ubuntu0.5) ...
Selecting previously unselected package python-minimal.
Preparing to unpack .../python-minimal_2.7.5-5ubuntu3_amd64.deb ...
Unpacking python-minimal (2.7.5-5ubuntu3) ...
Selecting previously unselected package python.
Preparing to unpack .../python_2.7.5-5ubuntu3_amd64.deb ...
Unpacking python (2.7.5-5ubuntu3) ...
Selecting previously unselected package mercurial-common.
Preparing to unpack .../mercurial-common_2.8.2-1ubuntu1.4_all.deb ...
Unpacking mercurial-common (2.8.2-1ubuntu1.4) ...
Selecting previously unselected package mercurial.
Preparing to unpack .../mercurial_2.8.2-1ubuntu1.4_amd64.deb ...
Unpacking mercurial (2.8.2-1ubuntu1.4) ...
Selecting previously unselected package pandoc-data.
Preparing to unpack .../pandoc-data_1.12.2.1-1build2_all.deb ...
Unpacking pandoc-data (1.12.2.1-1build2) ...
Selecting previously unselected package pandoc.
Preparing to unpack .../pandoc_1.12.2.1-1build2_amd64.deb ...
Unpacking pandoc (1.12.2.1-1build2) ...
Selecting previously unselected package ruby1.9.1-dev.
Preparing to unpack .../ruby1.9.1-dev_1.9.3.484-2ubuntu1.14_amd64.deb ...
Unpacking ruby1.9.1-dev (1.9.3.484-2ubuntu1.14) ...
Selecting previously unselected package s3cmd.
Preparing to unpack .../s3cmd_1.1.0~beta3-2_all.deb ...
Unpacking s3cmd (1.1.0~beta3-2) ...
Selecting previously unselected package sysstat.
Preparing to unpack .../sysstat_10.2.0-1_amd64.deb ...
Unpacking sysstat (10.2.0-1) ...
Selecting previously unselected package libapparmor-dev:amd64.
Preparing to unpack .../libapparmor-dev_2.10.95-0ubuntu2.6~14.04.4_amd64.deb ...
Unpacking libapparmor-dev:amd64 (2.10.95-0ubuntu2.6~14.04.4) ...
Selecting previously unselected package parallel.
Preparing to unpack .../parallel_20161222-1~ubuntu0.14.04.2_all.deb ...
Adding 'diversion of /usr/bin/parallel to /usr/bin/parallel.moreutils by parallel'
Adding 'diversion of /usr/share/man/man1/parallel.1.gz to /usr/share/man/man1/parallel.moreutils.1.gz by parallel'
Unpacking parallel (20161222-1~ubuntu0.14.04.2) ...
Selecting previously unselected package reprepro.
Preparing to unpack .../reprepro_4.13.1-1build1_amd64.deb ...
Unpacking reprepro (4.13.1-1build1) ...
Processing triggers for mime-support (3.54ubuntu1.1) ...
Processing triggers for ureadahead (0.100.0-16) ...
Setting up libnfnetlink0:amd64 (1.0.1-2) ...
Setting up libxml2:amd64 (2.9.1+dfsg1-3ubuntu4.13) ...
Setting up liblzo2-2:amd64 (2.06-1.2ubuntu1.1) ...
Setting up libnettle4:amd64 (2.7.1-1ubuntu0.2) ...
Setting up libarchive13:amd64 (3.1.2-7ubuntu2.8) ...
Setting up libasan0:amd64 (4.8.4-2ubuntu1~14.04.4) ...
Setting up libassuan0:amd64 (2.1.1-1ubuntu1) ...
Setting up libatomic1:amd64 (4.8.4-2ubuntu1~14.04.4) ...
Setting up libgmp10:amd64 (2:5.1.3+dfsg-1ubuntu1) ...
Setting up libisl10:amd64 (0.12.2-1) ...
Setting up libcloog-isl4:amd64 (0.18.2-1) ...
Setting up libcurl3:amd64 (7.35.0-1ubuntu2.20) ...
Setting up libgomp1:amd64 (4.8.4-2ubuntu1~14.04.4) ...
Setting up libgpgme11:amd64 (1.4.3-0.1ubuntu5.1) ...
Setting up libicu52:amd64 (52.1-3ubuntu0.8) ...
Setting up libitm1:amd64 (4.8.4-2ubuntu1~14.04.4) ...
Setting up liblua5.1-0:amd64 (5.1.5-5ubuntu0.1) ...
Setting up libmpfr4:amd64 (3.1.2-1) ...
Setting up libquadmath0:amd64 (4.8.4-2ubuntu1~14.04.4) ...
Setting up libsensors4:amd64 (1:3.3.4-2ubuntu1) ...
Setting up libsigsegv2:amd64 (2.10-2) ...
Setting up libtsan0:amd64 (4.8.4-2ubuntu1~14.04.4) ...
Setting up libpython2.7-minimal:amd64 (2.7.6-8ubuntu0.5) ...
Setting up python2.7-minimal (2.7.6-8ubuntu0.5) ...
Setting up libmpc3:amd64 (1.0.1-1ubuntu1) ...
Setting up libxtables10 (1.4.21-1ubuntu1) ...
Setting up iptables (1.4.21-1ubuntu1) ...
Setting up libapparmor1:amd64 (2.10.95-0ubuntu2.6~14.04.4) ...
Setting up aufs-tools (1:3.2+20130722-1.1) ...
Setting up m4 (1.4.17-2ubuntu1) ...
Setting up autoconf (2.69-6) ...
Setting up autotools-dev (20130810.1) ...
Setting up automake (1:1.14.1-2ubuntu1) ...
update-alternatives: using /usr/bin/automake-1.14 to provide /usr/bin/automake (automake) in auto mode
Setting up binutils (2.24-5ubuntu14.2) ...
Setting up btrfs-tools (3.12-1ubuntu0.2) ...
update-initramfs: deferring update (trigger activated)
Setting up libc-dev-bin (2.19-0ubuntu6.15) ...
Setting up linux-libc-dev:amd64 (3.13.0-170.220) ...
Setting up libc6-dev:amd64 (2.19-0ubuntu6.15) ...
Setting up cpp-4.8 (4.8.4-2ubuntu1~14.04.4) ...
Setting up cpp (4:4.8.2-1ubuntu6) ...
Setting up libgcc-4.8-dev:amd64 (4.8.4-2ubuntu1~14.04.4) ...
Setting up gcc-4.8 (4.8.4-2ubuntu1~14.04.4) ...
Setting up gcc (4:4.8.2-1ubuntu6) ...
Setting up libstdc++-4.8-dev:amd64 (4.8.4-2ubuntu1~14.04.4) ...
Setting up g++-4.8 (4.8.4-2ubuntu1~14.04.4) ...
Setting up g++ (4:4.8.2-1ubuntu6) ...
update-alternatives: using /usr/bin/g++ to provide /usr/bin/c++ (c++) in auto mode
Setting up make (3.81-8.2ubuntu3) ...
Setting up libtimedate-perl (2.3000-1) ...
Setting up libdpkg-perl (1.17.5ubuntu5.8) ...
Setting up xz-utils (5.1.1alpha+20120614-2ubuntu2) ...
update-alternatives: using /usr/bin/xz to provide /usr/bin/lzma (lzma) in auto mode
Setting up patch (2.7.1-4ubuntu2.4) ...
Setting up dpkg-dev (1.17.5ubuntu5.8) ...
Setting up build-essential (11.6ubuntu6) ...
Setting up curl (7.35.0-1ubuntu2.20) ...
Setting up libconfig-file-perl (1.50-2) ...
Setting up dpkg-sig (0.13.1+nmu1) ...
Setting up liberror-perl (0.17-1.1) ...
Setting up git-man (1:1.9.1-1ubuntu0.10) ...
Setting up git (1:1.9.1-1ubuntu0.10) ...
Setting up libcap-dev:amd64 (1:2.24-0ubuntu2) ...
Setting up libpython2.7-stdlib:amd64 (2.7.6-8ubuntu0.5) ...
Setting up libpython-stdlib:amd64 (2.7.5-5ubuntu3) ...
Setting up python2.7 (2.7.6-8ubuntu0.5) ...
Setting up python-minimal (2.7.5-5ubuntu3) ...
Setting up python (2.7.5-5ubuntu3) ...
Setting up mercurial-common (2.8.2-1ubuntu1.4) ...
Setting up mercurial (2.8.2-1ubuntu1.4) ...
[91m
Creating config file /etc/mercurial/hgrc.d/hgext.rc with new version
[0mSetting up pandoc-data (1.12.2.1-1build2) ...
Setting up pandoc (1.12.2.1-1build2) ...
Setting up s3cmd (1.1.0~beta3-2) ...
Setting up sysstat (10.2.0-1) ...
[91m
Creating config file /etc/default/sysstat with new version
[0m[91mupdate-alternatives: using /usr/bin/sar.sysstat to provide /usr/bin/sar (sar) in auto mode
[0mSetting up libapparmor-dev:amd64 (2.10.95-0ubuntu2.6~14.04.4) ...
Setting up reprepro (4.13.1-1build1) ...
Processing triggers for ureadahead (0.100.0-16) ...
Setting up parallel (20161222-1~ubuntu0.14.04.2) ...
Setting up ruby (1:1.9.3.4) ...
Setting up ruby1.9.1 (1.9.3.484-2ubuntu1.14) ...
Setting up libruby1.9.1 (1.9.3.484-2ubuntu1.14) ...
Setting up ruby1.9.1-dev (1.9.3.484-2ubuntu1.14) ...
Processing triggers for libc-bin (2.19-0ubuntu6.15) ...
Processing triggers for initramfs-tools (0.103ubuntu4.11) ...
Removing intermediate container 5a0e644c5301
 ---> 921244501a22
Step 4/24 : RUN	git clone --no-checkout https://git.fedorahosted.org/git/lvm2.git /usr/local/lvm2 && cd /usr/local/lvm2 && git checkout -q v2_02_103
 ---> Running in 52a3c72896fc
[91mCloning into '/usr/local/lvm2'...
[0m[91mfatal: https://git.fedorahosted.org/git/lvm2.git/info/refs not valid: is this a git repository?
[0mThe command '/bin/sh -c git clone --no-checkout https://git.fedorahosted.org/git/lvm2.git /usr/local/lvm2 && cd /usr/local/lvm2 && git checkout -q v2_02_103' returned a non-zero code: 128
