Sending build context to Docker daemon  3.072kB
Step 1/20 : FROM ubuntu:12.04
12.04: Pulling from library/ubuntu
d8868e50ac4c: Pulling fs layer
83251ac64627: Pulling fs layer
589bba2f1b36: Pulling fs layer
d62ecaceda39: Pulling fs layer
6d93b41cfc6b: Pulling fs layer
d62ecaceda39: Waiting
6d93b41cfc6b: Waiting
589bba2f1b36: Verifying Checksum
589bba2f1b36: Download complete
83251ac64627: Verifying Checksum
83251ac64627: Download complete
6d93b41cfc6b: Verifying Checksum
6d93b41cfc6b: Download complete
d62ecaceda39: Verifying Checksum
d62ecaceda39: Download complete
d8868e50ac4c: Verifying Checksum
d8868e50ac4c: Download complete
d8868e50ac4c: Pull complete
83251ac64627: Pull complete
589bba2f1b36: Pull complete
d62ecaceda39: Pull complete
6d93b41cfc6b: Pull complete
Digest: sha256:18305429afa14ea462f810146ba44d4363ae76e4c8dfc38288cf73aa07485005
Status: Downloaded newer image for ubuntu:12.04
 ---> 5b117edd0b76
Step 2/20 : EXPOSE 27015
 ---> Running in fc3df44a502b
Removing intermediate container fc3df44a502b
 ---> 21905da2849c
Step 3/20 : EXPOSE 27005
 ---> Running in 0e4bc68833b2
Removing intermediate container 0e4bc68833b2
 ---> 8ee74f259367
Step 4/20 : EXPOSE 26901
 ---> Running in 2485b3758ab6
Removing intermediate container 2485b3758ab6
 ---> 030a5c868bb4
Step 5/20 : EXPOSE 27020
 ---> Running in 3c7cc4228ff1
Removing intermediate container 3c7cc4228ff1
 ---> 0ba801962eb8
Step 6/20 : RUN apt-get update && apt-get install libc6-dev-i386 curl unzip -y
 ---> Running in ab0df94be41d
Get:1 http://archive.ubuntu.com precise Release.gpg [198 B]
Get:2 http://archive.ubuntu.com precise-updates Release.gpg [198 B]
Get:3 http://archive.ubuntu.com precise-security Release.gpg [181 B]
Get:4 http://archive.ubuntu.com precise Release [49.6 kB]
Get:5 http://archive.ubuntu.com precise-updates Release [55.4 kB]
Get:6 http://archive.ubuntu.com precise-security Release [55.5 kB]
Get:7 http://archive.ubuntu.com precise/main Sources [1175 kB]
Get:8 http://archive.ubuntu.com precise/restricted Sources [5306 B]
Get:9 http://archive.ubuntu.com precise/universe Sources [6239 kB]
Get:10 http://archive.ubuntu.com precise/main amd64 Packages [1640 kB]
Get:11 http://archive.ubuntu.com precise/restricted amd64 Packages [9098 B]
Get:12 http://archive.ubuntu.com precise/universe amd64 Packages [6167 kB]
Get:13 http://archive.ubuntu.com precise/main i386 Packages [1641 kB]
Get:14 http://archive.ubuntu.com precise/restricted i386 Packages [9108 B]
Get:15 http://archive.ubuntu.com precise/universe i386 Packages [6180 kB]
Get:16 http://archive.ubuntu.com precise-updates/main Sources [618 kB]
Get:17 http://archive.ubuntu.com precise-updates/restricted Sources [9232 B]
Get:18 http://archive.ubuntu.com precise-updates/universe Sources [169 kB]
Get:19 http://archive.ubuntu.com precise-updates/main amd64 Packages [960 kB]
Get:20 http://archive.ubuntu.com precise-updates/restricted amd64 Packages [19.6 kB]
Get:21 http://archive.ubuntu.com precise-updates/universe amd64 Packages [372 kB]
Get:22 http://archive.ubuntu.com precise-updates/main i386 Packages [964 kB]
Get:23 http://archive.ubuntu.com precise-updates/restricted i386 Packages [19.5 kB]
Get:24 http://archive.ubuntu.com precise-updates/universe i386 Packages [382 kB]
Get:25 http://archive.ubuntu.com precise-security/main Sources [190 kB]
Get:26 http://archive.ubuntu.com precise-security/restricted Sources [4579 B]
Get:27 http://archive.ubuntu.com precise-security/universe Sources [68.4 kB]
Get:28 http://archive.ubuntu.com precise-security/main amd64 Packages [481 kB]
Get:29 http://archive.ubuntu.com precise-security/restricted amd64 Packages [13.8 kB]
Get:30 http://archive.ubuntu.com precise-security/universe amd64 Packages [187 kB]
Get:31 http://archive.ubuntu.com precise-security/main i386 Packages [483 kB]
Get:32 http://archive.ubuntu.com precise-security/restricted i386 Packages [13.8 kB]
Get:33 http://archive.ubuntu.com precise-security/universe i386 Packages [197 kB]
Fetched 28.4 MB in 3s (7557 kB/s)
Reading package lists...
Reading package lists...
Building dependency tree...
Reading state information...
The following extra packages will be installed:
  binutils ca-certificates cpp cpp-4.6 gcc gcc-4.6 gcc-4.6-multilib
  gcc-multilib krb5-locales lib32gcc1 lib32gomp1 lib32quadmath0
  libasn1-8-heimdal libc-dev-bin libc6-dev libc6-i386 libcurl3 libgcrypt11
  libgmp10 libgnutls26 libgomp1 libgpg-error0 libgssapi-krb5-2
  libgssapi3-heimdal libhcrypto4-heimdal libheimbase1-heimdal
  libheimntlm0-heimdal libhx509-5-heimdal libidn11 libk5crypto3 libkeyutils1
  libkrb5-26-heimdal libkrb5-3 libkrb5support0 libldap-2.4-2 libmpc2 libmpfr4
  libp11-kit0 libquadmath0 libroken18-heimdal librtmp0 libsasl2-2
  libsasl2-modules libsqlite3-0 libtasn1-3 libwind0-heimdal linux-libc-dev
  manpages manpages-dev openssl
Suggested packages:
  binutils-doc cpp-doc gcc-4.6-locales make autoconf automake1.9 libtool flex
  bison gdb gcc-doc libmudflap0-4.6-dev gcc-4.6-doc libgcc1-dbg libgomp1-dbg
  libquadmath0-dbg libmudflap0-dbg binutils-gold lib32mudflap0 glibc-doc
  rng-tools gnutls-bin krb5-doc krb5-user libsasl2-modules-otp
  libsasl2-modules-ldap libsasl2-modules-sql libsasl2-modules-gssapi-mit
  libsasl2-modules-gssapi-heimdal man-browser zip
The following NEW packages will be installed:
  binutils ca-certificates cpp cpp-4.6 curl gcc gcc-4.6 gcc-4.6-multilib
  gcc-multilib krb5-locales lib32gcc1 lib32gomp1 lib32quadmath0
  libasn1-8-heimdal libc-dev-bin libc6-dev libc6-dev-i386 libc6-i386 libcurl3
  libgcrypt11 libgmp10 libgnutls26 libgomp1 libgpg-error0 libgssapi-krb5-2
  libgssapi3-heimdal libhcrypto4-heimdal libheimbase1-heimdal
  libheimntlm0-heimdal libhx509-5-heimdal libidn11 libk5crypto3 libkeyutils1
  libkrb5-26-heimdal libkrb5-3 libkrb5support0 libldap-2.4-2 libmpc2 libmpfr4
  libp11-kit0 libquadmath0 libroken18-heimdal librtmp0 libsasl2-2
  libsasl2-modules libsqlite3-0 libtasn1-3 libwind0-heimdal linux-libc-dev
  manpages manpages-dev openssl unzip
0 upgraded, 53 newly installed, 0 to remove and 0 not upgraded.
Need to get 34.7 MB of archives.
After this operation, 90.3 MB of additional disk space will be used.
Get:1 http://archive.ubuntu.com/ubuntu/ precise-updates/main libsqlite3-0 amd64 3.7.9-2ubuntu1.2 [349 kB]
Get:2 http://archive.ubuntu.com/ubuntu/ precise-updates/main libroken18-heimdal amd64 1.6~git20120311.dfsg.1-2ubuntu0.1 [46.0 kB]
Get:3 http://archive.ubuntu.com/ubuntu/ precise-updates/main libasn1-8-heimdal amd64 1.6~git20120311.dfsg.1-2ubuntu0.1 [220 kB]
Get:4 http://archive.ubuntu.com/ubuntu/ precise/main libgpg-error0 amd64 1.10-2ubuntu1 [14.5 kB]
Get:5 http://archive.ubuntu.com/ubuntu/ precise-updates/main libgcrypt11 amd64 1.5.0-3ubuntu0.6 [282 kB]
Get:6 http://archive.ubuntu.com/ubuntu/ precise/main libp11-kit0 amd64 0.12-2ubuntu1 [34.3 kB]
Get:7 http://archive.ubuntu.com/ubuntu/ precise-updates/main libtasn1-3 amd64 2.10-1ubuntu1.5 [43.6 kB]
Get:8 http://archive.ubuntu.com/ubuntu/ precise-updates/main libgnutls26 amd64 2.12.14-5ubuntu3.14 [461 kB]
Get:9 http://archive.ubuntu.com/ubuntu/ precise-updates/main libkrb5support0 amd64 1.10+dfsg~beta1-2ubuntu0.7 [24.9 kB]
Get:10 http://archive.ubuntu.com/ubuntu/ precise-updates/main libk5crypto3 amd64 1.10+dfsg~beta1-2ubuntu0.7 [80.1 kB]
Get:11 http://archive.ubuntu.com/ubuntu/ precise/main libkeyutils1 amd64 1.5.2-2 [7862 B]
Get:12 http://archive.ubuntu.com/ubuntu/ precise-updates/main libkrb5-3 amd64 1.10+dfsg~beta1-2ubuntu0.7 [355 kB]
Get:13 http://archive.ubuntu.com/ubuntu/ precise-updates/main libgssapi-krb5-2 amd64 1.10+dfsg~beta1-2ubuntu0.7 [119 kB]
Get:14 http://archive.ubuntu.com/ubuntu/ precise-updates/main libhcrypto4-heimdal amd64 1.6~git20120311.dfsg.1-2ubuntu0.1 [103 kB]
Get:15 http://archive.ubuntu.com/ubuntu/ precise-updates/main libheimbase1-heimdal amd64 1.6~git20120311.dfsg.1-2ubuntu0.1 [33.1 kB]
Get:16 http://archive.ubuntu.com/ubuntu/ precise-updates/main libwind0-heimdal amd64 1.6~git20120311.dfsg.1-2ubuntu0.1 [77.8 kB]
Get:17 http://archive.ubuntu.com/ubuntu/ precise-updates/main libhx509-5-heimdal amd64 1.6~git20120311.dfsg.1-2ubuntu0.1 [125 kB]
Get:18 http://archive.ubuntu.com/ubuntu/ precise-updates/main libkrb5-26-heimdal amd64 1.6~git20120311.dfsg.1-2ubuntu0.1 [234 kB]
Get:19 http://archive.ubuntu.com/ubuntu/ precise-updates/main libheimntlm0-heimdal amd64 1.6~git20120311.dfsg.1-2ubuntu0.1 [16.0 kB]
Get:20 http://archive.ubuntu.com/ubuntu/ precise-updates/main libgssapi3-heimdal amd64 1.6~git20120311.dfsg.1-2ubuntu0.1 [108 kB]
Get:21 http://archive.ubuntu.com/ubuntu/ precise-updates/main libidn11 amd64 1.23-2ubuntu0.1 [112 kB]
Get:22 http://archive.ubuntu.com/ubuntu/ precise-updates/main libsasl2-2 amd64 2.1.25.dfsg1-3ubuntu0.1 [69.1 kB]
Get:23 http://archive.ubuntu.com/ubuntu/ precise-updates/main libldap-2.4-2 amd64 2.4.28-1.1ubuntu4.6 [185 kB]
Get:24 http://archive.ubuntu.com/ubuntu/ precise/main librtmp0 amd64 2.4~20110711.gitc28f1bab-1 [57.1 kB]
Get:25 http://archive.ubuntu.com/ubuntu/ precise-updates/main linux-libc-dev amd64 3.2.0-126.169 [848 kB]
Get:26 http://archive.ubuntu.com/ubuntu/ precise/main libgmp10 amd64 2:5.0.2+dfsg-2ubuntu1 [238 kB]
Get:27 http://archive.ubuntu.com/ubuntu/ precise/main libmpfr4 amd64 3.1.0-3ubuntu2 [201 kB]
Get:28 http://archive.ubuntu.com/ubuntu/ precise/main libmpc2 amd64 0.9-4 [39.5 kB]
Get:29 http://archive.ubuntu.com/ubuntu/ precise/main cpp-4.6 amd64 4.6.3-1ubuntu5 [4836 kB]
Get:30 http://archive.ubuntu.com/ubuntu/ precise/main cpp amd64 4:4.6.3-1ubuntu5 [27.6 kB]
Get:31 http://archive.ubuntu.com/ubuntu/ precise-updates/main binutils amd64 2.22-6ubuntu1.4 [2653 kB]
Get:32 http://archive.ubuntu.com/ubuntu/ precise/main libgomp1 amd64 4.6.3-1ubuntu5 [25.5 kB]
Get:33 http://archive.ubuntu.com/ubuntu/ precise/main libquadmath0 amd64 4.6.3-1ubuntu5 [126 kB]
Get:34 http://archive.ubuntu.com/ubuntu/ precise/main gcc-4.6 amd64 4.6.3-1ubuntu5 [7572 kB]
Get:35 http://archive.ubuntu.com/ubuntu/ precise/main gcc amd64 4:4.6.3-1ubuntu5 [5114 B]
Get:36 http://archive.ubuntu.com/ubuntu/ precise-updates/main libc6-i386 amd64 2.15-0ubuntu10.18 [3989 kB]
Get:37 http://archive.ubuntu.com/ubuntu/ precise-updates/main libc-dev-bin amd64 2.15-0ubuntu10.18 [84.5 kB]
Get:38 http://archive.ubuntu.com/ubuntu/ precise-updates/main libc6-dev amd64 2.15-0ubuntu10.18 [2948 kB]
Get:39 http://archive.ubuntu.com/ubuntu/ precise-updates/main libc6-dev-i386 amd64 2.15-0ubuntu10.18 [1513 kB]
Get:40 http://archive.ubuntu.com/ubuntu/ precise/main lib32gcc1 amd64 1:4.6.3-1ubuntu5 [54.1 kB]
Get:41 http://archive.ubuntu.com/ubuntu/ precise/main lib32gomp1 amd64 4.6.3-1ubuntu5 [28.2 kB]
Get:42 http://archive.ubuntu.com/ubuntu/ precise/main lib32quadmath0 amd64 4.6.3-1ubuntu5 [195 kB]
Get:43 http://archive.ubuntu.com/ubuntu/ precise/main gcc-4.6-multilib amd64 4.6.3-1ubuntu5 [2534 kB]
Get:44 http://archive.ubuntu.com/ubuntu/ precise/main gcc-multilib amd64 4:4.6.3-1ubuntu5 [1154 B]
Get:45 http://archive.ubuntu.com/ubuntu/ precise-updates/main openssl amd64 1.0.1-4ubuntu5.39 [524 kB]
Get:46 http://archive.ubuntu.com/ubuntu/ precise-updates/main ca-certificates all 20160104ubuntu0.12.04.1 [208 kB]
Get:47 http://archive.ubuntu.com/ubuntu/ precise-updates/main libcurl3 amd64 7.22.0-3ubuntu4.17 [237 kB]
Get:48 http://archive.ubuntu.com/ubuntu/ precise-updates/main krb5-locales all 1.10+dfsg~beta1-2ubuntu0.7 [10.3 kB]
Get:49 http://archive.ubuntu.com/ubuntu/ precise-updates/main libsasl2-modules amd64 2.1.25.dfsg1-3ubuntu0.1 [63.2 kB]
Get:50 http://archive.ubuntu.com/ubuntu/ precise/main manpages all 3.35-0.1ubuntu1 [584 kB]
Get:51 http://archive.ubuntu.com/ubuntu/ precise-updates/main curl amd64 7.22.0-3ubuntu4.17 [138 kB]
Get:52 http://archive.ubuntu.com/ubuntu/ precise/main manpages-dev all 3.35-0.1ubuntu1 [1671 kB]
Get:53 http://archive.ubuntu.com/ubuntu/ precise-updates/main unzip amd64 6.0-4ubuntu2.5 [193 kB]
[91mdebconf: delaying package configuration, since apt-utils is not installed
[0mFetched 34.7 MB in 2s (15.5 MB/s)
Selecting previously unselected package libsqlite3-0.
(Reading database ... 7590 files and directories currently installed.)
Unpacking libsqlite3-0 (from .../libsqlite3-0_3.7.9-2ubuntu1.2_amd64.deb) ...
Selecting previously unselected package libroken18-heimdal.
Unpacking libroken18-heimdal (from .../libroken18-heimdal_1.6~git20120311.dfsg.1-2ubuntu0.1_amd64.deb) ...
Selecting previously unselected package libasn1-8-heimdal.
Unpacking libasn1-8-heimdal (from .../libasn1-8-heimdal_1.6~git20120311.dfsg.1-2ubuntu0.1_amd64.deb) ...
Selecting previously unselected package libgpg-error0.
Unpacking libgpg-error0 (from .../libgpg-error0_1.10-2ubuntu1_amd64.deb) ...
Selecting previously unselected package libgcrypt11.
Unpacking libgcrypt11 (from .../libgcrypt11_1.5.0-3ubuntu0.6_amd64.deb) ...
Selecting previously unselected package libp11-kit0.
Unpacking libp11-kit0 (from .../libp11-kit0_0.12-2ubuntu1_amd64.deb) ...
Selecting previously unselected package libtasn1-3.
Unpacking libtasn1-3 (from .../libtasn1-3_2.10-1ubuntu1.5_amd64.deb) ...
Selecting previously unselected package libgnutls26.
Unpacking libgnutls26 (from .../libgnutls26_2.12.14-5ubuntu3.14_amd64.deb) ...
Selecting previously unselected package libkrb5support0.
Unpacking libkrb5support0 (from .../libkrb5support0_1.10+dfsg~beta1-2ubuntu0.7_amd64.deb) ...
Selecting previously unselected package libk5crypto3.
Unpacking libk5crypto3 (from .../libk5crypto3_1.10+dfsg~beta1-2ubuntu0.7_amd64.deb) ...
Selecting previously unselected package libkeyutils1.
Unpacking libkeyutils1 (from .../libkeyutils1_1.5.2-2_amd64.deb) ...
Selecting previously unselected package libkrb5-3.
Unpacking libkrb5-3 (from .../libkrb5-3_1.10+dfsg~beta1-2ubuntu0.7_amd64.deb) ...
Selecting previously unselected package libgssapi-krb5-2.
Unpacking libgssapi-krb5-2 (from .../libgssapi-krb5-2_1.10+dfsg~beta1-2ubuntu0.7_amd64.deb) ...
Selecting previously unselected package libhcrypto4-heimdal.
Unpacking libhcrypto4-heimdal (from .../libhcrypto4-heimdal_1.6~git20120311.dfsg.1-2ubuntu0.1_amd64.deb) ...
Selecting previously unselected package libheimbase1-heimdal.
Unpacking libheimbase1-heimdal (from .../libheimbase1-heimdal_1.6~git20120311.dfsg.1-2ubuntu0.1_amd64.deb) ...
Selecting previously unselected package libwind0-heimdal.
Unpacking libwind0-heimdal (from .../libwind0-heimdal_1.6~git20120311.dfsg.1-2ubuntu0.1_amd64.deb) ...
Selecting previously unselected package libhx509-5-heimdal.
Unpacking libhx509-5-heimdal (from .../libhx509-5-heimdal_1.6~git20120311.dfsg.1-2ubuntu0.1_amd64.deb) ...
Selecting previously unselected package libkrb5-26-heimdal.
Unpacking libkrb5-26-heimdal (from .../libkrb5-26-heimdal_1.6~git20120311.dfsg.1-2ubuntu0.1_amd64.deb) ...
Selecting previously unselected package libheimntlm0-heimdal.
Unpacking libheimntlm0-heimdal (from .../libheimntlm0-heimdal_1.6~git20120311.dfsg.1-2ubuntu0.1_amd64.deb) ...
Selecting previously unselected package libgssapi3-heimdal.
Unpacking libgssapi3-heimdal (from .../libgssapi3-heimdal_1.6~git20120311.dfsg.1-2ubuntu0.1_amd64.deb) ...
Selecting previously unselected package libidn11.
Unpacking libidn11 (from .../libidn11_1.23-2ubuntu0.1_amd64.deb) ...
Selecting previously unselected package libsasl2-2.
Unpacking libsasl2-2 (from .../libsasl2-2_2.1.25.dfsg1-3ubuntu0.1_amd64.deb) ...
Selecting previously unselected package libldap-2.4-2.
Unpacking libldap-2.4-2 (from .../libldap-2.4-2_2.4.28-1.1ubuntu4.6_amd64.deb) ...
Selecting previously unselected package librtmp0.
Unpacking librtmp0 (from .../librtmp0_2.4~20110711.gitc28f1bab-1_amd64.deb) ...
Selecting previously unselected package linux-libc-dev.
Unpacking linux-libc-dev (from .../linux-libc-dev_3.2.0-126.169_amd64.deb) ...
Selecting previously unselected package libgmp10.
Unpacking libgmp10 (from .../libgmp10_2%3a5.0.2+dfsg-2ubuntu1_amd64.deb) ...
Selecting previously unselected package libmpfr4.
Unpacking libmpfr4 (from .../libmpfr4_3.1.0-3ubuntu2_amd64.deb) ...
Selecting previously unselected package libmpc2.
Unpacking libmpc2 (from .../libmpc2_0.9-4_amd64.deb) ...
Selecting previously unselected package cpp-4.6.
Unpacking cpp-4.6 (from .../cpp-4.6_4.6.3-1ubuntu5_amd64.deb) ...
Selecting previously unselected package cpp.
Unpacking cpp (from .../cpp_4%3a4.6.3-1ubuntu5_amd64.deb) ...
Selecting previously unselected package binutils.
Unpacking binutils (from .../binutils_2.22-6ubuntu1.4_amd64.deb) ...
Selecting previously unselected package libgomp1.
Unpacking libgomp1 (from .../libgomp1_4.6.3-1ubuntu5_amd64.deb) ...
Selecting previously unselected package libquadmath0.
Unpacking libquadmath0 (from .../libquadmath0_4.6.3-1ubuntu5_amd64.deb) ...
Selecting previously unselected package gcc-4.6.
Unpacking gcc-4.6 (from .../gcc-4.6_4.6.3-1ubuntu5_amd64.deb) ...
Selecting previously unselected package gcc.
Unpacking gcc (from .../gcc_4%3a4.6.3-1ubuntu5_amd64.deb) ...
Selecting previously unselected package libc6-i386.
Unpacking libc6-i386 (from .../libc6-i386_2.15-0ubuntu10.18_amd64.deb) ...
Selecting previously unselected package libc-dev-bin.
Unpacking libc-dev-bin (from .../libc-dev-bin_2.15-0ubuntu10.18_amd64.deb) ...
Selecting previously unselected package libc6-dev.
Unpacking libc6-dev (from .../libc6-dev_2.15-0ubuntu10.18_amd64.deb) ...
Selecting previously unselected package libc6-dev-i386.
Unpacking libc6-dev-i386 (from .../libc6-dev-i386_2.15-0ubuntu10.18_amd64.deb) ...
Selecting previously unselected package lib32gcc1.
Unpacking lib32gcc1 (from .../lib32gcc1_1%3a4.6.3-1ubuntu5_amd64.deb) ...
Selecting previously unselected package lib32gomp1.
Unpacking lib32gomp1 (from .../lib32gomp1_4.6.3-1ubuntu5_amd64.deb) ...
Selecting previously unselected package lib32quadmath0.
Unpacking lib32quadmath0 (from .../lib32quadmath0_4.6.3-1ubuntu5_amd64.deb) ...
Selecting previously unselected package gcc-4.6-multilib.
Unpacking gcc-4.6-multilib (from .../gcc-4.6-multilib_4.6.3-1ubuntu5_amd64.deb) ...
Setting up linux-libc-dev (3.2.0-126.169) ...
Selecting previously unselected package gcc-multilib.
(Reading database ... 9720 files and directories currently installed.)
Unpacking gcc-multilib (from .../gcc-multilib_4%3a4.6.3-1ubuntu5_amd64.deb) ...
Selecting previously unselected package openssl.
Unpacking openssl (from .../openssl_1.0.1-4ubuntu5.39_amd64.deb) ...
Selecting previously unselected package ca-certificates.
Unpacking ca-certificates (from .../ca-certificates_20160104ubuntu0.12.04.1_all.deb) ...
Selecting previously unselected package libcurl3.
Unpacking libcurl3 (from .../libcurl3_7.22.0-3ubuntu4.17_amd64.deb) ...
Selecting previously unselected package krb5-locales.
Unpacking krb5-locales (from .../krb5-locales_1.10+dfsg~beta1-2ubuntu0.7_all.deb) ...
Selecting previously unselected package libsasl2-modules.
Unpacking libsasl2-modules (from .../libsasl2-modules_2.1.25.dfsg1-3ubuntu0.1_amd64.deb) ...
Selecting previously unselected package manpages.
Unpacking manpages (from .../manpages_3.35-0.1ubuntu1_all.deb) ...
Selecting previously unselected package curl.
Unpacking curl (from .../curl_7.22.0-3ubuntu4.17_amd64.deb) ...
Selecting previously unselected package manpages-dev.
Unpacking manpages-dev (from .../manpages-dev_3.35-0.1ubuntu1_all.deb) ...
Selecting previously unselected package unzip.
Unpacking unzip (from .../unzip_6.0-4ubuntu2.5_amd64.deb) ...
Setting up libsqlite3-0 (3.7.9-2ubuntu1.2) ...
Setting up libroken18-heimdal (1.6~git20120311.dfsg.1-2ubuntu0.1) ...
Setting up libasn1-8-heimdal (1.6~git20120311.dfsg.1-2ubuntu0.1) ...
Setting up libgpg-error0 (1.10-2ubuntu1) ...
Setting up libgcrypt11 (1.5.0-3ubuntu0.6) ...
Setting up libp11-kit0 (0.12-2ubuntu1) ...
Setting up libtasn1-3 (2.10-1ubuntu1.5) ...
Setting up libgnutls26 (2.12.14-5ubuntu3.14) ...
Setting up libkrb5support0 (1.10+dfsg~beta1-2ubuntu0.7) ...
Setting up libk5crypto3 (1.10+dfsg~beta1-2ubuntu0.7) ...
Setting up libkeyutils1 (1.5.2-2) ...
Setting up libkrb5-3 (1.10+dfsg~beta1-2ubuntu0.7) ...
Setting up libgssapi-krb5-2 (1.10+dfsg~beta1-2ubuntu0.7) ...
Setting up libhcrypto4-heimdal (1.6~git20120311.dfsg.1-2ubuntu0.1) ...
Setting up libheimbase1-heimdal (1.6~git20120311.dfsg.1-2ubuntu0.1) ...
Setting up libwind0-heimdal (1.6~git20120311.dfsg.1-2ubuntu0.1) ...
Setting up libhx509-5-heimdal (1.6~git20120311.dfsg.1-2ubuntu0.1) ...
Setting up libkrb5-26-heimdal (1.6~git20120311.dfsg.1-2ubuntu0.1) ...
Setting up libheimntlm0-heimdal (1.6~git20120311.dfsg.1-2ubuntu0.1) ...
Setting up libgssapi3-heimdal (1.6~git20120311.dfsg.1-2ubuntu0.1) ...
Setting up libidn11 (1.23-2ubuntu0.1) ...
Setting up libsasl2-2 (2.1.25.dfsg1-3ubuntu0.1) ...
Setting up libldap-2.4-2 (2.4.28-1.1ubuntu4.6) ...
Setting up librtmp0 (2.4~20110711.gitc28f1bab-1) ...
Setting up libgmp10 (2:5.0.2+dfsg-2ubuntu1) ...
Setting up libmpfr4 (3.1.0-3ubuntu2) ...
Setting up libmpc2 (0.9-4) ...
Setting up cpp-4.6 (4.6.3-1ubuntu5) ...
Setting up cpp (4:4.6.3-1ubuntu5) ...
Setting up binutils (2.22-6ubuntu1.4) ...
Setting up libgomp1 (4.6.3-1ubuntu5) ...
Setting up libquadmath0 (4.6.3-1ubuntu5) ...
Setting up gcc-4.6 (4.6.3-1ubuntu5) ...
Setting up gcc (4:4.6.3-1ubuntu5) ...
Setting up libc6-i386 (2.15-0ubuntu10.18) ...
Setting up libc-dev-bin (2.15-0ubuntu10.18) ...
Setting up libc6-dev (2.15-0ubuntu10.18) ...
Setting up libc6-dev-i386 (2.15-0ubuntu10.18) ...
Setting up lib32gcc1 (1:4.6.3-1ubuntu5) ...
Setting up lib32gomp1 (4.6.3-1ubuntu5) ...
Setting up lib32quadmath0 (4.6.3-1ubuntu5) ...
Setting up gcc-4.6-multilib (4.6.3-1ubuntu5) ...
Setting up gcc-multilib (4:4.6.3-1ubuntu5) ...
Setting up openssl (1.0.1-4ubuntu5.39) ...
Setting up ca-certificates (20160104ubuntu0.12.04.1) ...
[91mdebconf: unable to initialize frontend: Dialog
debconf: (TERM is not set, so the dialog frontend is not usable.)
debconf: falling back to frontend: Readline
[0m[91mdebconf: unable to initialize frontend: Readline
debconf: (Can't locate Term/ReadLine.pm in @INC (@INC contains: /etc/perl /usr/local/lib/perl/5.14.2 /usr/local/share/perl/5.14.2 /usr/lib/perl5 /usr/share/perl5 /usr/lib/perl/5.14 /usr/share/perl/5.14 /usr/local/lib/site_perl .) at /usr/share/perl5/Debconf/FrontEnd/Readline.pm line 7.)
debconf: falling back to frontend: Teletype
[0m[91mUpdating certificates in /etc/ssl/certs... [0m[91m173 added, 0 removed; done.
Running hooks in /etc/ca-certificates/update.d....[0m[91mdone.
[0mSetting up libcurl3 (7.22.0-3ubuntu4.17) ...
Setting up krb5-locales (1.10+dfsg~beta1-2ubuntu0.7) ...
Setting up libsasl2-modules (2.1.25.dfsg1-3ubuntu0.1) ...
Setting up manpages (3.35-0.1ubuntu1) ...
Setting up curl (7.22.0-3ubuntu4.17) ...
Setting up manpages-dev (3.35-0.1ubuntu1) ...
Setting up unzip (6.0-4ubuntu2.5) ...
Processing triggers for libc-bin ...
ldconfig deferred processing now taking place
Removing intermediate container ab0df94be41d
 ---> c28f4bb56990
Step 7/20 : RUN mkdir -p /steam
 ---> Running in fb6a4030c0a0
Removing intermediate container fb6a4030c0a0
 ---> fba2ebb767d9
Step 8/20 : RUN curl http://media.steampowered.com/client/steamcmd_linux.tar.gz | tar vxz -C /steam
 ---> Running in 3e4f59d9f001
[91m  % Total    % Received % Xferd  Average Speed   Time    Time     Time  Current
                           [0m[91m      Dload  Upload   Total   Spent    Left  Speed
  0     0    0     0    0     0      0      0 --:--:-- --:--:-- --:--:--     0[0msteamcmd.sh
linux32/steamcmd
linux32/steamerrorreporter
linux32/libstdc++.so.6
[91m100 2371k  100 2371k    0     [0m[91m0  9265k      0 --:--:-- --:--:-- --:--:-- 22.4M
[0mlinux32/crashhandler.so
Removing intermediate container 3e4f59d9f001
 ---> 821aa91b4c08
Step 9/20 : ADD ./script /steam/script
ADD failed: stat /var/lib/docker/tmp/docker-builder224980413/script: no such file or directory
