Sending build context to Docker daemon   2.56kB
Step 1/8 : FROM ubuntu:zesty
zesty: Pulling from library/ubuntu
c2ca09a1934b: Pulling fs layer
d6c3619d2153: Pulling fs layer
0efe07335a04: Pulling fs layer
6b1bb01b3a3b: Pulling fs layer
43a98c187399: Pulling fs layer
6b1bb01b3a3b: Waiting
43a98c187399: Waiting
0efe07335a04: Verifying Checksum
0efe07335a04: Download complete
d6c3619d2153: Verifying Checksum
d6c3619d2153: Download complete
43a98c187399: Verifying Checksum
43a98c187399: Download complete
6b1bb01b3a3b: Verifying Checksum
6b1bb01b3a3b: Download complete
c2ca09a1934b: Verifying Checksum
c2ca09a1934b: Download complete
c2ca09a1934b: Pull complete
d6c3619d2153: Pull complete
0efe07335a04: Pull complete
6b1bb01b3a3b: Pull complete
43a98c187399: Pull complete
Digest: sha256:5d41c289942008211c2964bca72800f5c9d5ea5aa4057528da617fb36463d4ab
Status: Downloaded newer image for ubuntu:zesty
 ---> fe1cc5b91830
Step 2/8 : RUN apt-get update && apt-get install -y apparmor bash-completion btrfs-tools build-essential cmake curl ca-certificates debhelper dh-apparmor dh-systemd git libapparmor-dev libdevmapper-dev libltdl-dev libseccomp-dev pkg-config vim-common libsystemd-dev --no-install-recommends && rm -rf /var/lib/apt/lists/*
 ---> Running in 546c2e6ba45d
Ign:1 http://security.ubuntu.com/ubuntu zesty-security InRelease
Ign:2 http://security.ubuntu.com/ubuntu zesty-security Release
Ign:3 http://security.ubuntu.com/ubuntu zesty-security/universe Sources
Ign:4 http://security.ubuntu.com/ubuntu zesty-security/universe amd64 Packages
Ign:5 http://security.ubuntu.com/ubuntu zesty-security/multiverse all Packages
Ign:6 http://archive.ubuntu.com/ubuntu zesty InRelease
Ign:7 http://security.ubuntu.com/ubuntu zesty-security/main amd64 Packages
Ign:8 http://security.ubuntu.com/ubuntu zesty-security/multiverse amd64 Packages
Ign:9 http://security.ubuntu.com/ubuntu zesty-security/restricted amd64 Packages
Ign:10 http://archive.ubuntu.com/ubuntu zesty-updates InRelease
Ign:11 http://security.ubuntu.com/ubuntu zesty-security/universe all Packages
Ign:12 http://security.ubuntu.com/ubuntu zesty-security/restricted all Packages
Ign:13 http://security.ubuntu.com/ubuntu zesty-security/main all Packages
Ign:14 http://archive.ubuntu.com/ubuntu zesty-backports InRelease
Ign:3 http://security.ubuntu.com/ubuntu zesty-security/universe Sources
Ign:4 http://security.ubuntu.com/ubuntu zesty-security/universe amd64 Packages
Ign:5 http://security.ubuntu.com/ubuntu zesty-security/multiverse all Packages
Ign:15 http://archive.ubuntu.com/ubuntu zesty Release
Ign:7 http://security.ubuntu.com/ubuntu zesty-security/main amd64 Packages
Ign:8 http://security.ubuntu.com/ubuntu zesty-security/multiverse amd64 Packages
Ign:9 http://security.ubuntu.com/ubuntu zesty-security/restricted amd64 Packages
Ign:16 http://archive.ubuntu.com/ubuntu zesty-updates Release
Ign:11 http://security.ubuntu.com/ubuntu zesty-security/universe all Packages
Ign:12 http://security.ubuntu.com/ubuntu zesty-security/restricted all Packages
Ign:13 http://security.ubuntu.com/ubuntu zesty-security/main all Packages
Ign:17 http://archive.ubuntu.com/ubuntu zesty-backports Release
Ign:3 http://security.ubuntu.com/ubuntu zesty-security/universe Sources
Ign:4 http://security.ubuntu.com/ubuntu zesty-security/universe amd64 Packages
Ign:5 http://security.ubuntu.com/ubuntu zesty-security/multiverse all Packages
Ign:18 http://archive.ubuntu.com/ubuntu zesty/universe Sources
Ign:7 http://security.ubuntu.com/ubuntu zesty-security/main amd64 Packages
Ign:19 http://archive.ubuntu.com/ubuntu zesty/main amd64 Packages
Ign:8 http://security.ubuntu.com/ubuntu zesty-security/multiverse amd64 Packages
Ign:9 http://security.ubuntu.com/ubuntu zesty-security/restricted amd64 Packages
Ign:11 http://security.ubuntu.com/ubuntu zesty-security/universe all Packages
Ign:12 http://security.ubuntu.com/ubuntu zesty-security/restricted all Packages
Ign:20 http://archive.ubuntu.com/ubuntu zesty/restricted all Packages
Ign:13 http://security.ubuntu.com/ubuntu zesty-security/main all Packages
Ign:3 http://security.ubuntu.com/ubuntu zesty-security/universe Sources
Ign:4 http://security.ubuntu.com/ubuntu zesty-security/universe amd64 Packages
Ign:21 http://archive.ubuntu.com/ubuntu zesty/multiverse all Packages
Ign:5 http://security.ubuntu.com/ubuntu zesty-security/multiverse all Packages
Ign:7 http://security.ubuntu.com/ubuntu zesty-security/main amd64 Packages
Ign:8 http://security.ubuntu.com/ubuntu zesty-security/multiverse amd64 Packages
Ign:22 http://archive.ubuntu.com/ubuntu zesty/universe all Packages
Ign:9 http://security.ubuntu.com/ubuntu zesty-security/restricted amd64 Packages
Ign:11 http://security.ubuntu.com/ubuntu zesty-security/universe all Packages
Ign:12 http://security.ubuntu.com/ubuntu zesty-security/restricted all Packages
Ign:23 http://archive.ubuntu.com/ubuntu zesty/universe amd64 Packages
Ign:13 http://security.ubuntu.com/ubuntu zesty-security/main all Packages
Ign:3 http://security.ubuntu.com/ubuntu zesty-security/universe Sources
Ign:4 http://security.ubuntu.com/ubuntu zesty-security/universe amd64 Packages
Ign:24 http://archive.ubuntu.com/ubuntu zesty/main all Packages
Ign:5 http://security.ubuntu.com/ubuntu zesty-security/multiverse all Packages
Ign:7 http://security.ubuntu.com/ubuntu zesty-security/main amd64 Packages
Ign:8 http://security.ubuntu.com/ubuntu zesty-security/multiverse amd64 Packages
Ign:25 http://archive.ubuntu.com/ubuntu zesty/multiverse amd64 Packages
Ign:9 http://security.ubuntu.com/ubuntu zesty-security/restricted amd64 Packages
Ign:11 http://security.ubuntu.com/ubuntu zesty-security/universe all Packages
Ign:12 http://security.ubuntu.com/ubuntu zesty-security/restricted all Packages
Ign:26 http://archive.ubuntu.com/ubuntu zesty/restricted amd64 Packages
Ign:13 http://security.ubuntu.com/ubuntu zesty-security/main all Packages
Ign:27 http://archive.ubuntu.com/ubuntu zesty-updates/universe Sources
Err:3 http://security.ubuntu.com/ubuntu zesty-security/universe Sources
  404  Not Found [IP: 91.189.91.38 80]
Ign:4 http://security.ubuntu.com/ubuntu zesty-security/universe amd64 Packages
Ign:5 http://security.ubuntu.com/ubuntu zesty-security/multiverse all Packages
Ign:28 http://archive.ubuntu.com/ubuntu zesty-updates/restricted amd64 Packages
Ign:7 http://security.ubuntu.com/ubuntu zesty-security/main amd64 Packages
Ign:8 http://security.ubuntu.com/ubuntu zesty-security/multiverse amd64 Packages
Ign:9 http://security.ubuntu.com/ubuntu zesty-security/restricted amd64 Packages
Ign:11 http://security.ubuntu.com/ubuntu zesty-security/universe all Packages
Ign:29 http://archive.ubuntu.com/ubuntu zesty-updates/restricted all Packages
Ign:12 http://security.ubuntu.com/ubuntu zesty-security/restricted all Packages
Ign:13 http://security.ubuntu.com/ubuntu zesty-security/main all Packages
Ign:30 http://archive.ubuntu.com/ubuntu zesty-updates/multiverse amd64 Packages
Ign:31 http://archive.ubuntu.com/ubuntu zesty-updates/multiverse all Packages
Ign:32 http://archive.ubuntu.com/ubuntu zesty-updates/main amd64 Packages
Ign:33 http://archive.ubuntu.com/ubuntu zesty-updates/universe all Packages
Ign:34 http://archive.ubuntu.com/ubuntu zesty-updates/universe amd64 Packages
Ign:35 http://archive.ubuntu.com/ubuntu zesty-updates/main all Packages
Ign:36 http://archive.ubuntu.com/ubuntu zesty-backports/restricted all Packages
Ign:37 http://archive.ubuntu.com/ubuntu zesty-backports/universe all Packages
Ign:38 http://archive.ubuntu.com/ubuntu zesty-backports/main amd64 Packages
Ign:39 http://archive.ubuntu.com/ubuntu zesty-backports/restricted amd64 Packages
Ign:40 http://archive.ubuntu.com/ubuntu zesty-backports/multiverse all Packages
Ign:41 http://archive.ubuntu.com/ubuntu zesty-backports/main all Packages
Ign:42 http://archive.ubuntu.com/ubuntu zesty-backports/universe amd64 Packages
Ign:43 http://archive.ubuntu.com/ubuntu zesty-backports/multiverse amd64 Packages
Ign:18 http://archive.ubuntu.com/ubuntu zesty/universe Sources
Ign:19 http://archive.ubuntu.com/ubuntu zesty/main amd64 Packages
Ign:20 http://archive.ubuntu.com/ubuntu zesty/restricted all Packages
Ign:21 http://archive.ubuntu.com/ubuntu zesty/multiverse all Packages
Ign:22 http://archive.ubuntu.com/ubuntu zesty/universe all Packages
Ign:23 http://archive.ubuntu.com/ubuntu zesty/universe amd64 Packages
Ign:24 http://archive.ubuntu.com/ubuntu zesty/main all Packages
Ign:25 http://archive.ubuntu.com/ubuntu zesty/multiverse amd64 Packages
Ign:26 http://archive.ubuntu.com/ubuntu zesty/restricted amd64 Packages
Ign:27 http://archive.ubuntu.com/ubuntu zesty-updates/universe Sources
Ign:28 http://archive.ubuntu.com/ubuntu zesty-updates/restricted amd64 Packages
Ign:29 http://archive.ubuntu.com/ubuntu zesty-updates/restricted all Packages
Ign:30 http://archive.ubuntu.com/ubuntu zesty-updates/multiverse amd64 Packages
Ign:31 http://archive.ubuntu.com/ubuntu zesty-updates/multiverse all Packages
Ign:32 http://archive.ubuntu.com/ubuntu zesty-updates/main amd64 Packages
Ign:33 http://archive.ubuntu.com/ubuntu zesty-updates/universe all Packages
Ign:34 http://archive.ubuntu.com/ubuntu zesty-updates/universe amd64 Packages
Ign:35 http://archive.ubuntu.com/ubuntu zesty-updates/main all Packages
Ign:36 http://archive.ubuntu.com/ubuntu zesty-backports/restricted all Packages
Ign:37 http://archive.ubuntu.com/ubuntu zesty-backports/universe all Packages
Ign:38 http://archive.ubuntu.com/ubuntu zesty-backports/main amd64 Packages
Ign:39 http://archive.ubuntu.com/ubuntu zesty-backports/restricted amd64 Packages
Ign:40 http://archive.ubuntu.com/ubuntu zesty-backports/multiverse all Packages
Ign:41 http://archive.ubuntu.com/ubuntu zesty-backports/main all Packages
Ign:42 http://archive.ubuntu.com/ubuntu zesty-backports/universe amd64 Packages
Ign:43 http://archive.ubuntu.com/ubuntu zesty-backports/multiverse amd64 Packages
Ign:18 http://archive.ubuntu.com/ubuntu zesty/universe Sources
Ign:19 http://archive.ubuntu.com/ubuntu zesty/main amd64 Packages
Ign:20 http://archive.ubuntu.com/ubuntu zesty/restricted all Packages
Ign:21 http://archive.ubuntu.com/ubuntu zesty/multiverse all Packages
Ign:22 http://archive.ubuntu.com/ubuntu zesty/universe all Packages
Ign:23 http://archive.ubuntu.com/ubuntu zesty/universe amd64 Packages
Ign:24 http://archive.ubuntu.com/ubuntu zesty/main all Packages
Ign:25 http://archive.ubuntu.com/ubuntu zesty/multiverse amd64 Packages
Ign:26 http://archive.ubuntu.com/ubuntu zesty/restricted amd64 Packages
Ign:27 http://archive.ubuntu.com/ubuntu zesty-updates/universe Sources
Ign:28 http://archive.ubuntu.com/ubuntu zesty-updates/restricted amd64 Packages
Ign:29 http://archive.ubuntu.com/ubuntu zesty-updates/restricted all Packages
Ign:30 http://archive.ubuntu.com/ubuntu zesty-updates/multiverse amd64 Packages
Ign:31 http://archive.ubuntu.com/ubuntu zesty-updates/multiverse all Packages
Ign:32 http://archive.ubuntu.com/ubuntu zesty-updates/main amd64 Packages
Ign:33 http://archive.ubuntu.com/ubuntu zesty-updates/universe all Packages
Ign:34 http://archive.ubuntu.com/ubuntu zesty-updates/universe amd64 Packages
Ign:35 http://archive.ubuntu.com/ubuntu zesty-updates/main all Packages
Ign:36 http://archive.ubuntu.com/ubuntu zesty-backports/restricted all Packages
Ign:37 http://archive.ubuntu.com/ubuntu zesty-backports/universe all Packages
Ign:38 http://archive.ubuntu.com/ubuntu zesty-backports/main amd64 Packages
Ign:39 http://archive.ubuntu.com/ubuntu zesty-backports/restricted amd64 Packages
Ign:40 http://archive.ubuntu.com/ubuntu zesty-backports/multiverse all Packages
Ign:41 http://archive.ubuntu.com/ubuntu zesty-backports/main all Packages
Ign:42 http://archive.ubuntu.com/ubuntu zesty-backports/universe amd64 Packages
Ign:43 http://archive.ubuntu.com/ubuntu zesty-backports/multiverse amd64 Packages
Ign:18 http://archive.ubuntu.com/ubuntu zesty/universe Sources
Ign:19 http://archive.ubuntu.com/ubuntu zesty/main amd64 Packages
Ign:20 http://archive.ubuntu.com/ubuntu zesty/restricted all Packages
Ign:21 http://archive.ubuntu.com/ubuntu zesty/multiverse all Packages
Ign:22 http://archive.ubuntu.com/ubuntu zesty/universe all Packages
Ign:23 http://archive.ubuntu.com/ubuntu zesty/universe amd64 Packages
Ign:24 http://archive.ubuntu.com/ubuntu zesty/main all Packages
Ign:25 http://archive.ubuntu.com/ubuntu zesty/multiverse amd64 Packages
Ign:26 http://archive.ubuntu.com/ubuntu zesty/restricted amd64 Packages
Ign:27 http://archive.ubuntu.com/ubuntu zesty-updates/universe Sources
Ign:28 http://archive.ubuntu.com/ubuntu zesty-updates/restricted amd64 Packages
Ign:29 http://archive.ubuntu.com/ubuntu zesty-updates/restricted all Packages
Ign:30 http://archive.ubuntu.com/ubuntu zesty-updates/multiverse amd64 Packages
Ign:31 http://archive.ubuntu.com/ubuntu zesty-updates/multiverse all Packages
Ign:32 http://archive.ubuntu.com/ubuntu zesty-updates/main amd64 Packages
Ign:33 http://archive.ubuntu.com/ubuntu zesty-updates/universe all Packages
Ign:34 http://archive.ubuntu.com/ubuntu zesty-updates/universe amd64 Packages
Ign:35 http://archive.ubuntu.com/ubuntu zesty-updates/main all Packages
Ign:36 http://archive.ubuntu.com/ubuntu zesty-backports/restricted all Packages
Ign:37 http://archive.ubuntu.com/ubuntu zesty-backports/universe all Packages
Ign:38 http://archive.ubuntu.com/ubuntu zesty-backports/main amd64 Packages
Ign:39 http://archive.ubuntu.com/ubuntu zesty-backports/restricted amd64 Packages
Ign:40 http://archive.ubuntu.com/ubuntu zesty-backports/multiverse all Packages
Ign:41 http://archive.ubuntu.com/ubuntu zesty-backports/main all Packages
Ign:42 http://archive.ubuntu.com/ubuntu zesty-backports/universe amd64 Packages
Ign:43 http://archive.ubuntu.com/ubuntu zesty-backports/multiverse amd64 Packages
Ign:18 http://archive.ubuntu.com/ubuntu zesty/universe Sources
Ign:19 http://archive.ubuntu.com/ubuntu zesty/main amd64 Packages
Ign:20 http://archive.ubuntu.com/ubuntu zesty/restricted all Packages
Ign:21 http://archive.ubuntu.com/ubuntu zesty/multiverse all Packages
Ign:22 http://archive.ubuntu.com/ubuntu zesty/universe all Packages
Ign:23 http://archive.ubuntu.com/ubuntu zesty/universe amd64 Packages
Ign:24 http://archive.ubuntu.com/ubuntu zesty/main all Packages
Ign:25 http://archive.ubuntu.com/ubuntu zesty/multiverse amd64 Packages
Ign:26 http://archive.ubuntu.com/ubuntu zesty/restricted amd64 Packages
Ign:27 http://archive.ubuntu.com/ubuntu zesty-updates/universe Sources
Ign:28 http://archive.ubuntu.com/ubuntu zesty-updates/restricted amd64 Packages
Ign:29 http://archive.ubuntu.com/ubuntu zesty-updates/restricted all Packages
Ign:30 http://archive.ubuntu.com/ubuntu zesty-updates/multiverse amd64 Packages
Ign:31 http://archive.ubuntu.com/ubuntu zesty-updates/multiverse all Packages
Ign:32 http://archive.ubuntu.com/ubuntu zesty-updates/main amd64 Packages
Ign:33 http://archive.ubuntu.com/ubuntu zesty-updates/universe all Packages
Ign:34 http://archive.ubuntu.com/ubuntu zesty-updates/universe amd64 Packages
Ign:35 http://archive.ubuntu.com/ubuntu zesty-updates/main all Packages
Ign:36 http://archive.ubuntu.com/ubuntu zesty-backports/restricted all Packages
Ign:37 http://archive.ubuntu.com/ubuntu zesty-backports/universe all Packages
Ign:38 http://archive.ubuntu.com/ubuntu zesty-backports/main amd64 Packages
Ign:39 http://archive.ubuntu.com/ubuntu zesty-backports/restricted amd64 Packages
Ign:40 http://archive.ubuntu.com/ubuntu zesty-backports/multiverse all Packages
Ign:41 http://archive.ubuntu.com/ubuntu zesty-backports/main all Packages
Ign:42 http://archive.ubuntu.com/ubuntu zesty-backports/universe amd64 Packages
Ign:43 http://archive.ubuntu.com/ubuntu zesty-backports/multiverse amd64 Packages
Err:18 http://archive.ubuntu.com/ubuntu zesty/universe Sources
  404  Not Found [IP: 91.189.88.142 80]
Ign:19 http://archive.ubuntu.com/ubuntu zesty/main amd64 Packages
Ign:20 http://archive.ubuntu.com/ubuntu zesty/restricted all Packages
Ign:21 http://archive.ubuntu.com/ubuntu zesty/multiverse all Packages
Ign:22 http://archive.ubuntu.com/ubuntu zesty/universe all Packages
Ign:23 http://archive.ubuntu.com/ubuntu zesty/universe amd64 Packages
Ign:24 http://archive.ubuntu.com/ubuntu zesty/main all Packages
Ign:25 http://archive.ubuntu.com/ubuntu zesty/multiverse amd64 Packages
Ign:26 http://archive.ubuntu.com/ubuntu zesty/restricted amd64 Packages
Err:27 http://archive.ubuntu.com/ubuntu zesty-updates/universe Sources
  404  Not Found [IP: 91.189.88.142 80]
Ign:28 http://archive.ubuntu.com/ubuntu zesty-updates/restricted amd64 Packages
Ign:29 http://archive.ubuntu.com/ubuntu zesty-updates/restricted all Packages
Ign:30 http://archive.ubuntu.com/ubuntu zesty-updates/multiverse amd64 Packages
Ign:31 http://archive.ubuntu.com/ubuntu zesty-updates/multiverse all Packages
Ign:32 http://archive.ubuntu.com/ubuntu zesty-updates/main amd64 Packages
Ign:33 http://archive.ubuntu.com/ubuntu zesty-updates/universe all Packages
Ign:34 http://archive.ubuntu.com/ubuntu zesty-updates/universe amd64 Packages
Ign:35 http://archive.ubuntu.com/ubuntu zesty-updates/main all Packages
Ign:36 http://archive.ubuntu.com/ubuntu zesty-backports/restricted all Packages
Ign:37 http://archive.ubuntu.com/ubuntu zesty-backports/universe all Packages
Err:38 http://archive.ubuntu.com/ubuntu zesty-backports/main amd64 Packages
  404  Not Found [IP: 91.189.88.142 80]
Ign:39 http://archive.ubuntu.com/ubuntu zesty-backports/restricted amd64 Packages
Ign:40 http://archive.ubuntu.com/ubuntu zesty-backports/multiverse all Packages
Ign:41 http://archive.ubuntu.com/ubuntu zesty-backports/main all Packages
Ign:42 http://archive.ubuntu.com/ubuntu zesty-backports/universe amd64 Packages
Ign:43 http://archive.ubuntu.com/ubuntu zesty-backports/multiverse amd64 Packages
Reading package lists...
[91mW: The repository 'http://security.ubuntu.com/ubuntu zesty-security Release' does not have a Release file.
W: The repository 'http://archive.ubuntu.com/ubuntu zesty Release' does not have a Release file.
W: The repository 'http://archive.ubuntu.com/ubuntu zesty-updates Release' does not have a Release file.
W: The repository 'http://archive.ubuntu.com/ubuntu zesty-backports Release' does not have a Release file.
E: Failed to fetch http://security.ubuntu.com/ubuntu/dists/zesty-security/universe/source/Sources  404  Not Found [IP: 91.189.91.38 80]
E: Failed to fetch http://archive.ubuntu.com/ubuntu/dists/zesty/universe/source/Sources  404  Not Found [IP: 91.189.88.142 80]
E: Failed to fetch http://archive.ubuntu.com/ubuntu/dists/zesty-updates/universe/source/Sources  404  Not Found [IP: 91.189.88.142 80]
E: Failed to fetch http://archive.ubuntu.com/ubuntu/dists/zesty-backports/main/binary-amd64/Packages  404  Not Found [IP: 91.189.88.142 80]
E: Some index files failed to download. They have been ignored, or old ones used instead.
[0mThe command '/bin/sh -c apt-get update && apt-get install -y apparmor bash-completion btrfs-tools build-essential cmake curl ca-certificates debhelper dh-apparmor dh-systemd git libapparmor-dev libdevmapper-dev libltdl-dev libseccomp-dev pkg-config vim-common libsystemd-dev --no-install-recommends && rm -rf /var/lib/apt/lists/*' returned a non-zero code: 100
