Sending build context to Docker daemon  2.048kB
Step 1/3 : FROM dockercloud/haproxy:latest
latest: Pulling from dockercloud/haproxy
1160f4abea84: Pulling fs layer
b0df9c632afc: Pulling fs layer
a49b18c7cd3a: Pulling fs layer
1160f4abea84: Download complete
a49b18c7cd3a: Verifying Checksum
a49b18c7cd3a: Download complete
b0df9c632afc: Download complete
1160f4abea84: Pull complete
b0df9c632afc: Pull complete
a49b18c7cd3a: Pull complete
Digest: sha256:040d1b321437afd9f8c9ba40e8340200d2b0ae6cf280a929a1e8549698c87d30
Status: Downloaded newer image for dockercloud/haproxy:latest
 ---> 4d6ae6c16c4d
Step 2/3 : MAINTAINER ZeroC0D3 Team<zeroc0d3.team@gmail.com>
 ---> Running in b2c6761e2c2f
Removing intermediate container b2c6761e2c2f
 ---> 8f229634ec31
Step 3/3 : EXPOSE 80
 ---> Running in 5aca99996816
Removing intermediate container 5aca99996816
 ---> ad9c81a6443f
Successfully built ad9c81a6443f
Successfully tagged binacle:244196754
