Sending build context to Docker daemon  2.048kB
Step 1/4 : FROM node:latest
latest: Pulling from library/node
1c6172af85ee: Pulling fs layer
b194b0e3c928: Pulling fs layer
1f5ec00f35d5: Pulling fs layer
93b1353672b6: Pulling fs layer
3d7f38db3cca: Pulling fs layer
21e102f9fe89: Pulling fs layer
eb42b5be8f7b: Pulling fs layer
ef9fa9a60689: Pulling fs layer
7f64df445cfc: Pulling fs layer
93b1353672b6: Waiting
3d7f38db3cca: Waiting
21e102f9fe89: Waiting
eb42b5be8f7b: Waiting
ef9fa9a60689: Waiting
7f64df445cfc: Waiting
1f5ec00f35d5: Verifying Checksum
1f5ec00f35d5: Download complete
b194b0e3c928: Verifying Checksum
b194b0e3c928: Download complete
1c6172af85ee: Verifying Checksum
1c6172af85ee: Download complete
21e102f9fe89: Verifying Checksum
21e102f9fe89: Download complete
93b1353672b6: Verifying Checksum
93b1353672b6: Download complete
eb42b5be8f7b: Verifying Checksum
eb42b5be8f7b: Download complete
ef9fa9a60689: Verifying Checksum
ef9fa9a60689: Download complete
7f64df445cfc: Verifying Checksum
7f64df445cfc: Download complete
3d7f38db3cca: Verifying Checksum
3d7f38db3cca: Download complete
1c6172af85ee: Pull complete
b194b0e3c928: Pull complete
1f5ec00f35d5: Pull complete
93b1353672b6: Pull complete
3d7f38db3cca: Pull complete
21e102f9fe89: Pull complete
eb42b5be8f7b: Pull complete
ef9fa9a60689: Pull complete
7f64df445cfc: Pull complete
Digest: sha256:3caf3c763f517cb3208b6022ef517a5357002613a1ff07f1efbdb806945ce25e
Status: Downloaded newer image for node:latest
 ---> 91a3cf793116
Step 2/4 : ADD . /app
 ---> 00c3e20fa4af
Step 3/4 : WORKDIR /app
 ---> Running in 6109649a279c
Removing intermediate container 6109649a279c
 ---> 675daf04ce08
Step 4/4 : RUN npm install
 ---> Running in f2f06aa73cd6
[91mnpm[0m[91m [0m[91mWARN[0m[91m [0m[91msaveError[0m[91m ENOENT: no such file or directory, open '/app/package.json'
[0m[91mnpm[0m[91m [0m[91mnotice[0m[91m created a lockfile as package-lock.json. You should commit this file.
[0m[91mnpm[0m[91m [0m[91mWARN[0m[91m [0m[91menoent[0m[91m ENOENT: no such file or directory, open '/app/package.json'
[0m[91mnpm[0m[91m [0m[91mWARN[0m[91m app No description
[0m[91mnpm[0m[91m [0m[91mWARN[0m[91m app No repository field.
[0m[91mnpm[0m[91m [0m[91mWARN[0m[91m app No README data
[0m[91mnpm[0m[91m [0m[91mWARN[0m[91m app No license field.
[0m[91m
[0mup to date in 0.254s
found 0 vulnerabilities

Removing intermediate container f2f06aa73cd6
 ---> b103bfc5f80b
Successfully built b103bfc5f80b
Successfully tagged binacle:252778997
