Sending build context to Docker daemon  2.048kB
Step 1/1 : FROM gcr.io/google-containers/nginx-ingress-controller:0.9.0-beta.15
0.9.0-beta.15: Pulling from google-containers/nginx-ingress-controller
1c4816548d6a: Pulling fs layer
aab975ef0db8: Pulling fs layer
f9b639d65502: Pulling fs layer
c7e53eedb47a: Pulling fs layer
06171d3db4b6: Pulling fs layer
9855c8be96eb: Pulling fs layer
abf34eea8132: Pulling fs layer
74b409fc1135: Pulling fs layer
c7e53eedb47a: Waiting
06171d3db4b6: Waiting
9855c8be96eb: Waiting
abf34eea8132: Waiting
74b409fc1135: Waiting
aab975ef0db8: Verifying Checksum
aab975ef0db8: Download complete
c7e53eedb47a: Verifying Checksum
c7e53eedb47a: Download complete
06171d3db4b6: Verifying Checksum
06171d3db4b6: Download complete
1c4816548d6a: Verifying Checksum
1c4816548d6a: Download complete
9855c8be96eb: Verifying Checksum
9855c8be96eb: Download complete
abf34eea8132: Verifying Checksum
abf34eea8132: Download complete
f9b639d65502: Verifying Checksum
f9b639d65502: Download complete
74b409fc1135: Verifying Checksum
74b409fc1135: Download complete
1c4816548d6a: Pull complete
aab975ef0db8: Pull complete
f9b639d65502: Pull complete
c7e53eedb47a: Pull complete
06171d3db4b6: Pull complete
9855c8be96eb: Pull complete
abf34eea8132: Pull complete
74b409fc1135: Pull complete
Digest: sha256:1c64bc6dfb7ddbe4a0a9fce7f5c521aa13e7836c3b90601897b763add8494a41
Status: Downloaded newer image for gcr.io/google-containers/nginx-ingress-controller:0.9.0-beta.15
 ---> 6a918bb54e6d
Successfully built 6a918bb54e6d
Successfully tagged binacle:252778417
