Sending build context to Docker daemon  2.048kB
Step 1/2 : FROM gcr.io/google_containers/exechealthz:1.0
1.0: Pulling from google_containers/exechealthz
f810322bba2c: Pulling fs layer
a3ed95caeb02: Pulling fs layer
6eaefd672766: Pulling fs layer
e9196a2d25d0: Pulling fs layer
e9196a2d25d0: Waiting
a3ed95caeb02: Verifying Checksum
a3ed95caeb02: Download complete
e9196a2d25d0: Verifying Checksum
e9196a2d25d0: Download complete
6eaefd672766: Verifying Checksum
6eaefd672766: Download complete
f810322bba2c: Verifying Checksum
f810322bba2c: Download complete
f810322bba2c: Pull complete
a3ed95caeb02: Pull complete
6eaefd672766: Pull complete
e9196a2d25d0: Pull complete
Digest: sha256:ad5b6a74cc08db2b9ac0dffd3d49001e8ebd792797141165fbe939d9fededa9e
Status: Downloaded newer image for gcr.io/google_containers/exechealthz:1.0
 ---> 82a141f5d06d
Step 2/2 : MAINTAINER fushouhai
 ---> Running in ff79352499cf
Removing intermediate container ff79352499cf
 ---> 8415f0f8b646
Successfully built 8415f0f8b646
Successfully tagged binacle:252799770
