Sending build context to Docker daemon  2.048kB
Step 1/1 : FROM gcr.io/istio-release/proxy_init:master-20190101-09-15
master-20190101-09-15: Pulling from istio-release/proxy_init
b849b56b69e7: Pulling fs layer
42986ef25bcd: Pulling fs layer
d927c1b717ec: Pulling fs layer
15b86ea20233: Pulling fs layer
cf68cb91fca1: Pulling fs layer
0b09151b7c12: Pulling fs layer
89e555e481f4: Pulling fs layer
15b86ea20233: Waiting
cf68cb91fca1: Waiting
0b09151b7c12: Waiting
89e555e481f4: Waiting
d927c1b717ec: Verifying Checksum
d927c1b717ec: Download complete
42986ef25bcd: Verifying Checksum
42986ef25bcd: Download complete
15b86ea20233: Verifying Checksum
15b86ea20233: Download complete
cf68cb91fca1: Verifying Checksum
cf68cb91fca1: Download complete
0b09151b7c12: Verifying Checksum
0b09151b7c12: Download complete
b849b56b69e7: Verifying Checksum
b849b56b69e7: Download complete
89e555e481f4: Verifying Checksum
89e555e481f4: Download complete
b849b56b69e7: Pull complete
42986ef25bcd: Pull complete
d927c1b717ec: Pull complete
15b86ea20233: Pull complete
cf68cb91fca1: Pull complete
0b09151b7c12: Pull complete
89e555e481f4: Pull complete
Digest: sha256:66196406715a2e2685f102bac3f9d35639a5f5e9c65c0411e0d7b00af1f819f1
Status: Downloaded newer image for gcr.io/istio-release/proxy_init:master-20190101-09-15
 ---> 4ceecdf31914
Successfully built 4ceecdf31914
Successfully tagged binacle:300456077
