Sending build context to Docker daemon  2.048kB
Step 1/1 : FROM gcr.io/istio-release/proxy_init:master-20190112-09-15
master-20190112-09-15: Pulling from istio-release/proxy_init
b849b56b69e7: Pulling fs layer
42986ef25bcd: Pulling fs layer
d927c1b717ec: Pulling fs layer
15b86ea20233: Pulling fs layer
226d289176ac: Pulling fs layer
730c71d84c2c: Pulling fs layer
4620e734a4d5: Pulling fs layer
15b86ea20233: Waiting
226d289176ac: Waiting
730c71d84c2c: Waiting
4620e734a4d5: Waiting
d927c1b717ec: Verifying Checksum
d927c1b717ec: Download complete
15b86ea20233: Verifying Checksum
15b86ea20233: Download complete
42986ef25bcd: Verifying Checksum
42986ef25bcd: Download complete
730c71d84c2c: Verifying Checksum
730c71d84c2c: Download complete
b849b56b69e7: Verifying Checksum
b849b56b69e7: Download complete
226d289176ac: Verifying Checksum
226d289176ac: Download complete
4620e734a4d5: Verifying Checksum
4620e734a4d5: Download complete
b849b56b69e7: Pull complete
42986ef25bcd: Pull complete
d927c1b717ec: Pull complete
15b86ea20233: Pull complete
226d289176ac: Pull complete
730c71d84c2c: Pull complete
4620e734a4d5: Pull complete
Digest: sha256:3aa898beb32e22e0b49ce97006895038173c6f88ba0c053e8877c918a11676a3
Status: Downloaded newer image for gcr.io/istio-release/proxy_init:master-20190112-09-15
 ---> dba0830583e3
Successfully built dba0830583e3
Successfully tagged binacle:300456088
