Sending build context to Docker daemon  2.048kB
Step 1/1 : FROM gcr.io/istio-release/proxy_init:master-20190102-09-15
master-20190102-09-15: Pulling from istio-release/proxy_init
b849b56b69e7: Pulling fs layer
42986ef25bcd: Pulling fs layer
d927c1b717ec: Pulling fs layer
15b86ea20233: Pulling fs layer
1978dfe33fe7: Pulling fs layer
1108faf290b1: Pulling fs layer
dbfc4b5aae9f: Pulling fs layer
15b86ea20233: Waiting
1978dfe33fe7: Waiting
1108faf290b1: Waiting
dbfc4b5aae9f: Waiting
d927c1b717ec: Verifying Checksum
d927c1b717ec: Download complete
42986ef25bcd: Verifying Checksum
42986ef25bcd: Download complete
15b86ea20233: Verifying Checksum
15b86ea20233: Download complete
1978dfe33fe7: Verifying Checksum
1978dfe33fe7: Download complete
1108faf290b1: Verifying Checksum
1108faf290b1: Download complete
b849b56b69e7: Verifying Checksum
b849b56b69e7: Download complete
dbfc4b5aae9f: Verifying Checksum
dbfc4b5aae9f: Download complete
b849b56b69e7: Pull complete
42986ef25bcd: Pull complete
d927c1b717ec: Pull complete
15b86ea20233: Pull complete
1978dfe33fe7: Pull complete
1108faf290b1: Pull complete
dbfc4b5aae9f: Pull complete
Digest: sha256:e70fb2bc2e54af3f186a9c68e9d02fb5efee5a301c2bb785f136ab6a99cf0efb
Status: Downloaded newer image for gcr.io/istio-release/proxy_init:master-20190102-09-15
 ---> 2b3ef047d12f
Successfully built 2b3ef047d12f
Successfully tagged binacle:300456078
