Sending build context to Docker daemon  2.048kB
Step 1/1 : FROM gcr.io/istio-release/proxy_init:master-20181230-09-15
master-20181230-09-15: Pulling from istio-release/proxy_init
b849b56b69e7: Pulling fs layer
42986ef25bcd: Pulling fs layer
d927c1b717ec: Pulling fs layer
15b86ea20233: Pulling fs layer
060d1d7a029e: Pulling fs layer
dc3bb532dc2f: Pulling fs layer
2c70b1618aec: Pulling fs layer
15b86ea20233: Waiting
060d1d7a029e: Waiting
dc3bb532dc2f: Waiting
2c70b1618aec: Waiting
42986ef25bcd: Verifying Checksum
42986ef25bcd: Download complete
d927c1b717ec: Verifying Checksum
d927c1b717ec: Download complete
15b86ea20233: Verifying Checksum
15b86ea20233: Download complete
060d1d7a029e: Verifying Checksum
060d1d7a029e: Download complete
dc3bb532dc2f: Verifying Checksum
dc3bb532dc2f: Download complete
2c70b1618aec: Verifying Checksum
2c70b1618aec: Download complete
b849b56b69e7: Verifying Checksum
b849b56b69e7: Download complete
b849b56b69e7: Pull complete
42986ef25bcd: Pull complete
d927c1b717ec: Pull complete
15b86ea20233: Pull complete
060d1d7a029e: Pull complete
dc3bb532dc2f: Pull complete
2c70b1618aec: Pull complete
Digest: sha256:056b8a9941e818acf79dd9332722353c0270e78366fc1e272e47d5d9b5a449d4
Status: Downloaded newer image for gcr.io/istio-release/proxy_init:master-20181230-09-15
 ---> 1bb16044d200
Successfully built 1bb16044d200
Successfully tagged binacle:300456075
