Sending build context to Docker daemon   2.56kB
Step 1/10 : FROM openjdk:8-jdk-alpine
8-jdk-alpine: Pulling from library/openjdk
e7c96db7181b: Pulling fs layer
f910a506b6cb: Pulling fs layer
c2274a1a0e27: Pulling fs layer
f910a506b6cb: Verifying Checksum
f910a506b6cb: Download complete
e7c96db7181b: Verifying Checksum
e7c96db7181b: Download complete
e7c96db7181b: Pull complete
c2274a1a0e27: Verifying Checksum
c2274a1a0e27: Download complete
f910a506b6cb: Pull complete
c2274a1a0e27: Pull complete
Digest: sha256:94792824df2df33402f201713f932b58cb9de94a0cd524164a0f2283343547b3
Status: Downloaded newer image for openjdk:8-jdk-alpine
 ---> a3562aa0b991
Step 2/10 : MAINTAINER autometer.npm@gmail.com
 ---> Running in b6b01e01869f
Removing intermediate container b6b01e01869f
 ---> 2765eef353a8
Step 3/10 : ENV JMETER_VERSION 3.1
 ---> Running in d5b07baf32f4
Removing intermediate container d5b07baf32f4
 ---> 2d944bb6ae2b
Step 4/10 : ENV JMETER_PLUGINS_VERSION=1.4.0
 ---> Running in 50b35751d741
Removing intermediate container 50b35751d741
 ---> e62169d087b1
Step 5/10 : ENV JMETER_HOME=/usr/local/apache-jmeter-${JMETER_VERSION}
 ---> Running in fbeed9573216
Removing intermediate container fbeed9573216
 ---> 98781fc955bc
Step 6/10 : ENV PATH=${JMETER_HOME}/bin:${PATH}
 ---> Running in d618be6ec429
Removing intermediate container d618be6ec429
 ---> 6292cfcf10a0
Step 7/10 : RUN wget  http://archive.apache.org/dist/jmeter/binaries/apache-jmeter-${JMETER_VERSION}.tgz &&   tar xf apache-jmeter-${JMETER_VERSION}.tgz -C /usr/local
 ---> Running in 517e62f41184
[91mConnecting to archive.apache.org (163.172.17.199:80)
[0m[91mapache-jmeter-3.1.tg   1% |                                |  890k  0:00:50 ETA
[0m[91mapache-jmeter-3.1.tg  40% |************                    | 18.2M  0:00:02 ETA
[0m[91mapache-jmeter-3.1.tg  97% |******************************* | 43.6M  0:00:00 ETA
[0m[91mapache-jmeter-3.1.tg 100% |********************************| 44.8M  0:00:00 ETA

[0mRemoving intermediate container 517e62f41184
 ---> 2fd7b54040e6
Step 8/10 : RUN wget http://jmeter-plugins.org/downloads/file/JMeterPlugins-Standard-${JMETER_PLUGINS_VERSION}.zip &&   unzip -o JMeterPlugins-Standard-${JMETER_PLUGINS_VERSION}.zip -d ${JMETER_HOME}
 ---> Running in fd952fb6ac18
[91mConnecting to jmeter-plugins.org (104.251.213.72:80)
[0m[91mJMeterPlugins-Standa   3% |*                               | 43186  0:00:28 ETA
[0m[91mJMeterPlugins-Standa 100% |********************************| 1236k  0:00:00 ETA

[0mArchive:  JMeterPlugins-Standard-1.4.0.zip
  inflating: lib/ext/JMeterPluginsCMD.sh
  inflating: lib/ext/TestPlanCheck.sh
  inflating: lib/ext/FilterResults.bat
  inflating: lib/ext/TestPlanCheck.bat
  inflating: lib/ext/JMeterPluginsCMD.bat
  inflating: lib/ext/FilterResults.sh
  inflating: lib/ext/JMeterPlugins-Standard.jar
  inflating: lib/ext/CMDRunner.jar
  inflating: LICENSE
  inflating: README
Removing intermediate container fd952fb6ac18
 ---> 74ef700a0895
Step 9/10 : EXPOSE 2099-2999
 ---> Running in 06127395f78f
Removing intermediate container 06127395f78f
 ---> 4f298751292d
Step 10/10 : ENTRYPOINT ["jmeter.sh"]
 ---> Running in b9f01afee591
Removing intermediate container b9f01afee591
 ---> bfe61f50a2ac
Successfully built bfe61f50a2ac
Successfully tagged binacle:333329997
