Sending build context to Docker daemon  2.048kB
Step 1/2 : FROM iron/base
latest: Pulling from iron/base
ff3a5c916c92: Pulling fs layer
43f18fea29ad: Pulling fs layer
43f18fea29ad: Verifying Checksum
43f18fea29ad: Download complete
ff3a5c916c92: Verifying Checksum
ff3a5c916c92: Download complete
ff3a5c916c92: Pull complete
43f18fea29ad: Pull complete
Digest: sha256:1489e9c1536af14937ac7f975b8529cbe335672b7b87dae36c6b385d3e4020c0
Status: Downloaded newer image for iron/base:latest
 ---> b438fe7f76e9
Step 2/2 : RUN apk update && apk upgrade   && apk add libstdc++   && rm -rf /var/cache/apk/*
 ---> Running in 63b1cbf7fb12
fetch http://dl-cdn.alpinelinux.org/alpine/v3.7/main/x86_64/APKINDEX.tar.gz
fetch http://dl-cdn.alpinelinux.org/alpine/v3.7/community/x86_64/APKINDEX.tar.gz
v3.7.3-180-g5372bc29f3 [http://dl-cdn.alpinelinux.org/alpine/v3.7/main]
v3.7.3-183-gcc9ad2b48d [http://dl-cdn.alpinelinux.org/alpine/v3.7/community]
OK: 9059 distinct packages available
Upgrading critical system libraries and apk-tools:
(1/1) Upgrading apk-tools (2.8.2-r0 -> 2.10.1-r0)
Executing busybox-1.27.2-r7.trigger
Continuing the upgrade transaction with new apk-tools:
fetch http://dl-cdn.alpinelinux.org/alpine/v3.7/main/x86_64/APKINDEX.tar.gz
fetch http://dl-cdn.alpinelinux.org/alpine/v3.7/community/x86_64/APKINDEX.tar.gz
(1/8) Upgrading musl (1.1.18-r2 -> 1.1.18-r4)
(2/8) Upgrading busybox (1.27.2-r7 -> 1.27.2-r11)
Executing busybox-1.27.2-r11.post-upgrade
(3/8) Upgrading libressl2.6-libcrypto (2.6.3-r0 -> 2.6.5-r0)
(4/8) Upgrading libressl2.6-libssl (2.6.3-r0 -> 2.6.5-r0)
(5/8) Installing libressl2.6-libtls (2.6.5-r0)
(6/8) Installing ssl_client (1.27.2-r11)
(7/8) Upgrading ca-certificates (20171114-r0 -> 20190108-r0)
(8/8) Upgrading musl-utils (1.1.18-r2 -> 1.1.18-r4)
Executing busybox-1.27.2-r11.trigger
Executing ca-certificates-20190108-r0.trigger
OK: 5 MiB in 14 packages
(1/2) Installing libgcc (6.4.0-r5)
(2/2) Installing libstdc++ (6.4.0-r5)
OK: 6 MiB in 16 packages
Removing intermediate container 63b1cbf7fb12
 ---> 1a1028886084
Successfully built 1a1028886084
Successfully tagged binacle:354029251
