Sending build context to Docker daemon  2.048kB
Step 1/4 : FROM node:slim
slim: Pulling from library/node
e62d08fa1eb1: Pulling fs layer
faf966cc3d43: Pulling fs layer
a470f7e54c1d: Pulling fs layer
b9c675044353: Pulling fs layer
ee0f4fba66a9: Pulling fs layer
b9c675044353: Waiting
ee0f4fba66a9: Waiting
faf966cc3d43: Verifying Checksum
faf966cc3d43: Download complete
e62d08fa1eb1: Verifying Checksum
e62d08fa1eb1: Download complete
b9c675044353: Verifying Checksum
b9c675044353: Download complete
a470f7e54c1d: Verifying Checksum
a470f7e54c1d: Download complete
ee0f4fba66a9: Verifying Checksum
ee0f4fba66a9: Download complete
e62d08fa1eb1: Pull complete
faf966cc3d43: Pull complete
a470f7e54c1d: Pull complete
b9c675044353: Pull complete
ee0f4fba66a9: Pull complete
Digest: sha256:7d9fb6e6fe3a1e6c318954dffb8e8dfd7fca3e85c63519724c2437afed4bf47f
Status: Downloaded newer image for node:slim
 ---> 8ec3841e41bb
Step 2/4 : COPY . /node
 ---> 86178c725dc1
Step 3/4 : RUN cd /node && 	npm install
 ---> Running in 6c6daf673a74
[91mnpm[0m[91m [0m[91mWARN[0m[91m [0m[91msaveError[0m[91m ENOENT: no such file or directory, open '/node/package.json'
[0m[91mnpm[0m[91m [0m[91mnotice[0m[91m created a lockfile as package-lock.json. You should commit this file.
[0m[91mnpm[0m[91m [0m[91mWARN[0m[91m [0m[91menoent[0m[91m ENOENT: no such file or directory, open '/node/package.json'
[0m[91mnpm[0m[91m [0m[91mWARN[0m[91m node No description
[0m[91mnpm[0m[91m [0m[91mWARN[0m[91m node No repository field.
[0m[91mnpm[0m[91m [0m[91mWARN[0m[91m node No README data
[0m[91mnpm[0m[91m [0m[91mWARN[0m[91m node No license field.
[0m[91m
[0mup to date in 0.51s
found 0 vulnerabilities

Removing intermediate container 6c6daf673a74
 ---> 925be7a788fb
Step 4/4 : ENTRYPOINT [ "node", "/node/index.js" ]
 ---> Running in 68d9bbb2cfea
Removing intermediate container 68d9bbb2cfea
 ---> 92b9f6c9a516
Successfully built 92b9f6c9a516
Successfully tagged binacle:356900267
