Sending build context to Docker daemon  2.048kB
Step 1/12 : FROM ubuntu:14.04
14.04: Pulling from library/ubuntu
2e6e20c8e2e6: Pulling fs layer
30bb187ac3fc: Pulling fs layer
b7a5bcc4a58a: Pulling fs layer
b7a5bcc4a58a: Download complete
30bb187ac3fc: Download complete
2e6e20c8e2e6: Verifying Checksum
2e6e20c8e2e6: Download complete
2e6e20c8e2e6: Pull complete
30bb187ac3fc: Pull complete
b7a5bcc4a58a: Pull complete
Digest: sha256:ffc76f71dd8be8c9e222d420dc96901a07b61616689a44c7b3ef6a10b7213de4
Status: Downloaded newer image for ubuntu:14.04
 ---> 6e4f1fe62ff1
Step 2/12 : RUN DEBIAN_FRONTEND=noninteractive apt-get update && apt-get -y dist-upgrade
 ---> Running in daccb1f1639d
Get:1 http://security.ubuntu.com trusty-security InRelease [65.9 kB]
Get:2 http://security.ubuntu.com trusty-security/main amd64 Packages [1032 kB]
Ign http://archive.ubuntu.com trusty InRelease
Get:3 http://archive.ubuntu.com trusty-updates InRelease [65.9 kB]
Get:4 http://security.ubuntu.com trusty-security/restricted amd64 Packages [18.1 kB]
Get:5 http://security.ubuntu.com trusty-security/universe amd64 Packages [377 kB]
Get:6 https://esm.ubuntu.com trusty-infra-security InRelease
Get:7 http://security.ubuntu.com trusty-security/multiverse amd64 Packages [4730 B]
Get:8 https://esm.ubuntu.com trusty-infra-updates InRelease
Get:9 https://esm.ubuntu.com trusty-infra-security/main amd64 Packages
Get:10 http://archive.ubuntu.com trusty-backports InRelease [65.9 kB]
Get:11 https://esm.ubuntu.com trusty-infra-updates/main amd64 Packages
Hit http://archive.ubuntu.com trusty Release.gpg
Get:12 http://archive.ubuntu.com trusty-updates/main amd64 Packages [1460 kB]
Get:13 http://archive.ubuntu.com trusty-updates/restricted amd64 Packages [21.4 kB]
Get:14 http://archive.ubuntu.com trusty-updates/universe amd64 Packages [671 kB]
Get:15 http://archive.ubuntu.com trusty-updates/multiverse amd64 Packages [16.1 kB]
Get:16 http://archive.ubuntu.com trusty-backports/main amd64 Packages [14.7 kB]
Get:17 http://archive.ubuntu.com trusty-backports/restricted amd64 Packages [40 B]
Get:18 http://archive.ubuntu.com trusty-backports/universe amd64 Packages [52.5 kB]
Get:19 http://archive.ubuntu.com trusty-backports/multiverse amd64 Packages [1392 B]
Hit http://archive.ubuntu.com trusty Release
Get:20 http://archive.ubuntu.com trusty/main amd64 Packages [1743 kB]
Get:21 http://archive.ubuntu.com trusty/restricted amd64 Packages [16.0 kB]
Get:22 http://archive.ubuntu.com trusty/universe amd64 Packages [7589 kB]
Get:23 http://archive.ubuntu.com trusty/multiverse amd64 Packages [169 kB]
Fetched 13.7 MB in 3s (3915 kB/s)
Reading package lists...
Reading package lists...
Building dependency tree...
Reading state information...
The following packages will be upgraded:
  ubuntu-advantage-tools
1 upgraded, 0 newly installed, 0 to remove and 0 not upgraded.
Need to get 47.3 kB of archives.
After this operation, 1024 B of additional disk space will be used.
Get:1 http://archive.ubuntu.com/ubuntu/ trusty-updates/main ubuntu-advantage-tools amd64 19.6~ubuntu14.04.4 [47.3 kB]
[91mdebconf: unable to initialize frontend: Dialog
debconf: (TERM is not set, so the dialog frontend is not usable.)
debconf: falling back to frontend: Readline
[0m[91mdebconf: unable to initialize frontend: Readline
debconf: (This frontend requires a controlling tty.)
debconf: falling back to frontend: Teletype
[0m[91mdpkg-preconfigure: unable to re-open stdin: 
[0mFetched 47.3 kB in 0s (109 kB/s)
(Reading database ... 12097 files and directories currently installed.)
Preparing to unpack .../ubuntu-advantage-tools_19.6~ubuntu14.04.4_amd64.deb ...
Unpacking ubuntu-advantage-tools (19.6~ubuntu14.04.4) over (19.6~ubuntu14.04.3) ...
Setting up ubuntu-advantage-tools (19.6~ubuntu14.04.4) ...
Removing intermediate container daccb1f1639d
 ---> 2a53d229b619
Step 3/12 : RUN DEBIAN_FRONTEND=noninteractive apt-get -y install apache2 libapache2-mod-php5 curl
 ---> Running in 936cc3f856ea
Reading package lists...
Building dependency tree...
Reading state information...
The following extra packages will be installed:
  apache2-bin apache2-data libapr1 libaprutil1 libaprutil1-dbd-sqlite3
  libaprutil1-ldap libcurl3 libedit2 libxml2 lsof php5-cli php5-common
  php5-json php5-readline psmisc sgml-base ssl-cert xml-core
Suggested packages:
  www-browser apache2-doc apache2-suexec-pristine apache2-suexec-custom ufw
  apache2-utils php-pear php5-user-cache sgml-base-doc openssl-blacklist
  debhelper
The following NEW packages will be installed:
  apache2 apache2-bin apache2-data curl libapache2-mod-php5 libapr1
  libaprutil1 libaprutil1-dbd-sqlite3 libaprutil1-ldap libcurl3 libedit2
  libxml2 lsof php5-cli php5-common php5-json php5-readline psmisc sgml-base
  ssl-cert xml-core
0 upgraded, 21 newly installed, 0 to remove and 0 not upgraded.
Need to get 7445 kB of archives.
After this operation, 29.9 MB of additional disk space will be used.
Get:1 http://archive.ubuntu.com/ubuntu/ trusty/main libedit2 amd64 3.1-20130712-2 [86.7 kB]
Get:2 http://archive.ubuntu.com/ubuntu/ trusty-updates/main libxml2 amd64 2.9.1+dfsg1-3ubuntu4.13 [573 kB]
Get:3 http://archive.ubuntu.com/ubuntu/ trusty/main sgml-base all 1.26+nmu4ubuntu1 [12.5 kB]
Get:4 http://archive.ubuntu.com/ubuntu/ trusty/main libapr1 amd64 1.5.0-1 [85.1 kB]
Get:5 http://archive.ubuntu.com/ubuntu/ trusty/main libaprutil1 amd64 1.5.3-1 [76.4 kB]
Get:6 http://archive.ubuntu.com/ubuntu/ trusty-updates/main libcurl3 amd64 7.35.0-1ubuntu2.20 [173 kB]
Get:7 http://archive.ubuntu.com/ubuntu/ trusty/main psmisc amd64 22.20-1ubuntu2 [53.2 kB]
Get:8 http://archive.ubuntu.com/ubuntu/ trusty/main lsof amd64 4.86+dfsg-1ubuntu2 [257 kB]
Get:9 http://archive.ubuntu.com/ubuntu/ trusty/main php5-json amd64 1.3.2-2build1 [34.4 kB]
Get:10 http://archive.ubuntu.com/ubuntu/ trusty-updates/main php5-common amd64 5.5.9+dfsg-1ubuntu4.29 [452 kB]
Get:11 http://archive.ubuntu.com/ubuntu/ trusty-updates/main php5-cli amd64 5.5.9+dfsg-1ubuntu4.29 [2155 kB]
Get:12 http://archive.ubuntu.com/ubuntu/ trusty-updates/main php5-readline amd64 5.5.9+dfsg-1ubuntu4.29 [12.1 kB]
Get:13 http://archive.ubuntu.com/ubuntu/ trusty/main xml-core all 0.13+nmu2 [23.3 kB]
Get:14 http://archive.ubuntu.com/ubuntu/ trusty/main libaprutil1-dbd-sqlite3 amd64 1.5.3-1 [10.5 kB]
Get:15 http://archive.ubuntu.com/ubuntu/ trusty/main libaprutil1-ldap amd64 1.5.3-1 [8634 B]
Get:16 http://archive.ubuntu.com/ubuntu/ trusty-updates/main apache2-bin amd64 2.4.7-1ubuntu4.22 [845 kB]
Get:17 http://archive.ubuntu.com/ubuntu/ trusty-updates/main apache2-data all 2.4.7-1ubuntu4.22 [160 kB]
Get:18 http://archive.ubuntu.com/ubuntu/ trusty-updates/main apache2 amd64 2.4.7-1ubuntu4.22 [87.4 kB]
Get:19 http://archive.ubuntu.com/ubuntu/ trusty-updates/main curl amd64 7.35.0-1ubuntu2.20 [123 kB]
Get:20 http://archive.ubuntu.com/ubuntu/ trusty-updates/main libapache2-mod-php5 amd64 5.5.9+dfsg-1ubuntu4.29 [2200 kB]
Get:21 http://archive.ubuntu.com/ubuntu/ trusty/main ssl-cert all 1.0.33 [16.6 kB]
Preconfiguring packages ...
Fetched 7445 kB in 3s (2350 kB/s)
Selecting previously unselected package libedit2:amd64.
(Reading database ... 12097 files and directories currently installed.)
Preparing to unpack .../libedit2_3.1-20130712-2_amd64.deb ...
Unpacking libedit2:amd64 (3.1-20130712-2) ...
Selecting previously unselected package libxml2:amd64.
Preparing to unpack .../libxml2_2.9.1+dfsg1-3ubuntu4.13_amd64.deb ...
Unpacking libxml2:amd64 (2.9.1+dfsg1-3ubuntu4.13) ...
Selecting previously unselected package sgml-base.
Preparing to unpack .../sgml-base_1.26+nmu4ubuntu1_all.deb ...
Unpacking sgml-base (1.26+nmu4ubuntu1) ...
Selecting previously unselected package libapr1:amd64.
Preparing to unpack .../libapr1_1.5.0-1_amd64.deb ...
Unpacking libapr1:amd64 (1.5.0-1) ...
Selecting previously unselected package libaprutil1:amd64.
Preparing to unpack .../libaprutil1_1.5.3-1_amd64.deb ...
Unpacking libaprutil1:amd64 (1.5.3-1) ...
Selecting previously unselected package libcurl3:amd64.
Preparing to unpack .../libcurl3_7.35.0-1ubuntu2.20_amd64.deb ...
Unpacking libcurl3:amd64 (7.35.0-1ubuntu2.20) ...
Selecting previously unselected package psmisc.
Preparing to unpack .../psmisc_22.20-1ubuntu2_amd64.deb ...
Unpacking psmisc (22.20-1ubuntu2) ...
Selecting previously unselected package lsof.
Preparing to unpack .../lsof_4.86+dfsg-1ubuntu2_amd64.deb ...
Unpacking lsof (4.86+dfsg-1ubuntu2) ...
Selecting previously unselected package php5-json.
Preparing to unpack .../php5-json_1.3.2-2build1_amd64.deb ...
Unpacking php5-json (1.3.2-2build1) ...
Selecting previously unselected package php5-common.
Preparing to unpack .../php5-common_5.5.9+dfsg-1ubuntu4.29_amd64.deb ...
Unpacking php5-common (5.5.9+dfsg-1ubuntu4.29) ...
Selecting previously unselected package php5-cli.
Preparing to unpack .../php5-cli_5.5.9+dfsg-1ubuntu4.29_amd64.deb ...
Unpacking php5-cli (5.5.9+dfsg-1ubuntu4.29) ...
Selecting previously unselected package php5-readline.
Preparing to unpack .../php5-readline_5.5.9+dfsg-1ubuntu4.29_amd64.deb ...
Unpacking php5-readline (5.5.9+dfsg-1ubuntu4.29) ...
Selecting previously unselected package xml-core.
Preparing to unpack .../xml-core_0.13+nmu2_all.deb ...
Unpacking xml-core (0.13+nmu2) ...
Selecting previously unselected package libaprutil1-dbd-sqlite3:amd64.
Preparing to unpack .../libaprutil1-dbd-sqlite3_1.5.3-1_amd64.deb ...
Unpacking libaprutil1-dbd-sqlite3:amd64 (1.5.3-1) ...
Selecting previously unselected package libaprutil1-ldap:amd64.
Preparing to unpack .../libaprutil1-ldap_1.5.3-1_amd64.deb ...
Unpacking libaprutil1-ldap:amd64 (1.5.3-1) ...
Selecting previously unselected package apache2-bin.
Preparing to unpack .../apache2-bin_2.4.7-1ubuntu4.22_amd64.deb ...
Unpacking apache2-bin (2.4.7-1ubuntu4.22) ...
Selecting previously unselected package apache2-data.
Preparing to unpack .../apache2-data_2.4.7-1ubuntu4.22_all.deb ...
Unpacking apache2-data (2.4.7-1ubuntu4.22) ...
Selecting previously unselected package apache2.
Preparing to unpack .../apache2_2.4.7-1ubuntu4.22_amd64.deb ...
Unpacking apache2 (2.4.7-1ubuntu4.22) ...
Selecting previously unselected package curl.
Preparing to unpack .../curl_7.35.0-1ubuntu2.20_amd64.deb ...
Unpacking curl (7.35.0-1ubuntu2.20) ...
Selecting previously unselected package libapache2-mod-php5.
Preparing to unpack .../libapache2-mod-php5_5.5.9+dfsg-1ubuntu4.29_amd64.deb ...
Unpacking libapache2-mod-php5 (5.5.9+dfsg-1ubuntu4.29) ...
Selecting previously unselected package ssl-cert.
Preparing to unpack .../ssl-cert_1.0.33_all.deb ...
Unpacking ssl-cert (1.0.33) ...
Processing triggers for ureadahead (0.100.0-16) ...
Setting up libedit2:amd64 (3.1-20130712-2) ...
Setting up libxml2:amd64 (2.9.1+dfsg1-3ubuntu4.13) ...
Setting up sgml-base (1.26+nmu4ubuntu1) ...
Setting up libapr1:amd64 (1.5.0-1) ...
Setting up libaprutil1:amd64 (1.5.3-1) ...
Setting up libcurl3:amd64 (7.35.0-1ubuntu2.20) ...
Setting up psmisc (22.20-1ubuntu2) ...
Setting up lsof (4.86+dfsg-1ubuntu2) ...
Setting up xml-core (0.13+nmu2) ...
Setting up libaprutil1-dbd-sqlite3:amd64 (1.5.3-1) ...
Setting up libaprutil1-ldap:amd64 (1.5.3-1) ...
Setting up apache2-bin (2.4.7-1ubuntu4.22) ...
Setting up apache2-data (2.4.7-1ubuntu4.22) ...
Setting up apache2 (2.4.7-1ubuntu4.22) ...
Enabling module mpm_event.
Enabling module authz_core.
Enabling module authz_host.
Enabling module authn_core.
Enabling module auth_basic.
Enabling module access_compat.
Enabling module authn_file.
Enabling module authz_user.
Enabling module alias.
Enabling module dir.
Enabling module autoindex.
Enabling module env.
Enabling module mime.
Enabling module negotiation.
Enabling module setenvif.
Enabling module filter.
Enabling module deflate.
Enabling module status.
Enabling conf charset.
Enabling conf localized-error-pages.
Enabling conf other-vhosts-access-log.
Enabling conf security.
Enabling conf serve-cgi-bin.
Enabling site 000-default.
[91minvoke-rc.d: policy-rc.d denied execution of start.
[0mSetting up curl (7.35.0-1ubuntu2.20) ...
Setting up ssl-cert (1.0.33) ...
Setting up php5-json (1.3.2-2build1) ...
[91mphp5_invoke: Enable module json for cli SAPI
[0m[91mphp5_invoke: Enable module json for apache2 SAPI
[0mSetting up php5-common (5.5.9+dfsg-1ubuntu4.29) ...
[91m
Creating config file /etc/php5/mods-available/pdo.ini with new version
[0m[91mphp5_invoke: Enable module pdo for cli SAPI
[0m[91mphp5_invoke: Enable module pdo for apache2 SAPI
[0m[91m
Creating config file /etc/php5/mods-available/opcache.ini with new version
[0m[91mphp5_invoke: Enable module opcache for cli SAPI
[0m[91mphp5_invoke: Enable module opcache for apache2 SAPI
[0mSetting up php5-cli (5.5.9+dfsg-1ubuntu4.29) ...
update-alternatives: using /usr/bin/php5 to provide /usr/bin/php (php) in auto mode
[91m
Creating config file /etc/php5/cli/php.ini with new version
[0m[91mphp5_invoke opcache: already enabled for cli SAPI
[0m[91mphp5_invoke pdo: already enabled for cli SAPI
[0m[91mphp5_invoke json: already enabled for cli SAPI
[0mSetting up php5-readline (5.5.9+dfsg-1ubuntu4.29) ...
[91m
Creating config file /etc/php5/mods-available/readline.ini with new version
[0m[91mphp5_invoke: Enable module readline for cli SAPI
[0m[91mphp5_invoke: Enable module readline for apache2 SAPI
[0mProcessing triggers for ureadahead (0.100.0-16) ...
Setting up libapache2-mod-php5 (5.5.9+dfsg-1ubuntu4.29) ...
[91m
Creating config file /etc/php5/apache2/php.ini with new version
[0m[91mphp5_invoke opcache: already enabled for apache2 SAPI
[0m[91mphp5_invoke readline: already enabled for apache2 SAPI
[0m[91mphp5_invoke pdo: already enabled for apache2 SAPI
[0m[91mphp5_invoke json: already enabled for apache2 SAPI
[0mModule mpm_event disabled.
Enabling module mpm_prefork.
[91mapache2_switch_mpm Switch to prefork
[0m[91minvoke-rc.d: policy-rc.d denied execution of restart.
[0m[91mapache2_invoke: Enable module php5
[0m[91minvoke-rc.d: policy-rc.d denied execution of restart.
[0mProcessing triggers for libc-bin (2.19-0ubuntu6.15) ...
Processing triggers for sgml-base (1.26+nmu4ubuntu1) ...
Removing intermediate container 936cc3f856ea
 ---> 21f4b4652606
Step 4/12 : RUN rm /var/www/html/index.html
 ---> Running in 751fb90bb81b
Removing intermediate container 751fb90bb81b
 ---> 65d7b90601f0
Step 5/12 : ENV APACHE_RUN_USER www-data
 ---> Running in ce5222b3fc0e
Removing intermediate container ce5222b3fc0e
 ---> d66a5b345050
Step 6/12 : ENV APACHE_RUN_GROUP www-data
 ---> Running in bd53dff2d55b
Removing intermediate container bd53dff2d55b
 ---> 1ff60a3a6b03
Step 7/12 : ENV APACHE_LOG_DIR /var/log/apache2
 ---> Running in 37c78df3ddab
Removing intermediate container 37c78df3ddab
 ---> 47e5ce531c87
Step 8/12 : ENV APACHE_LOCK_DIR /var/lock/apache2
 ---> Running in 80f450c95a1c
Removing intermediate container 80f450c95a1c
 ---> 524d71cabd8a
Step 9/12 : ENV APACHE_PID_FILE /var/run/apache2/apache2.pid
 ---> Running in 21825006220e
Removing intermediate container 21825006220e
 ---> 08aa8b9fb57f
Step 10/12 : CMD ["/usr/sbin/apache2", "-D", "FOREGROUND"]
 ---> Running in c233125180fd
Removing intermediate container c233125180fd
 ---> 41ec567f4dd9
Step 11/12 : ADD . /var/www/html/
 ---> 3fc9a7b6ee79
Step 12/12 : EXPOSE 80
 ---> Running in 6013751d6538
Removing intermediate container 6013751d6538
 ---> eb62313ed24e
Successfully built eb62313ed24e
Successfully tagged binacle:483645213
