Sending build context to Docker daemon  2.048kB
Step 1/7 : FROM fedora:latest
latest: Pulling from library/fedora
5c1b9e8d7bf7: Pulling fs layer
5c1b9e8d7bf7: Verifying Checksum
5c1b9e8d7bf7: Download complete
5c1b9e8d7bf7: Pull complete
Digest: sha256:c97879f8bebe49744307ea5c77ffc76c7cc97f3ddec72fb9a394bd4e4519b388
Status: Downloaded newer image for fedora:latest
 ---> 536f3995adeb
Step 2/7 : MAINTAINER http://fedoraproject.org/wiki/Cloud
 ---> Running in 02996d82bbd1
Removing intermediate container 02996d82bbd1
 ---> 985592ffff0a
Step 3/7 : RUN yum -y update && yum clean all
 ---> Running in ac614176117f
Fedora Modular 31 - x86_64                      6.2 MB/s | 5.2 MB     00:00    
Fedora Modular 31 - x86_64 - Updates            3.6 MB/s | 4.0 MB     00:01    
Fedora 31 - x86_64 - Updates                     16 MB/s |  23 MB     00:01    
Fedora 31 - x86_64                               11 MB/s |  71 MB     00:06    
Dependencies resolved.
================================================================================
 Package                     Arch       Version               Repository   Size
================================================================================
Upgrading:
 coreutils                   x86_64     8.31-9.fc31           updates     1.1 M
 coreutils-common            x86_64     8.31-9.fc31           updates     1.9 M
 glib2                       x86_64     2.62.6-1.fc31         updates     2.6 M
 gnutls                      x86_64     3.6.12-2.fc31         updates     975 k
 libarchive                  x86_64     3.4.2-1.fc31          updates     384 k
 libdnf                      x86_64     0.43.1-5.fc31         updates     633 k
 libgcc                      x86_64     9.3.1-1.fc31          updates     101 k
 libgomp                     x86_64     9.3.1-1.fc31          updates     237 k
 libpcap                     x86_64     14:1.9.1-2.fc31       updates     168 k
 libsss_idmap                x86_64     2.2.3-13.fc31         updates      46 k
 libsss_nss_idmap            x86_64     2.2.3-13.fc31         updates      53 k
 libstdc++                   x86_64     9.3.1-1.fc31          updates     633 k
 libtirpc                    x86_64     1.2.5-1.rc2.fc31      updates      98 k
 libxcrypt                   x86_64     4.4.15-1.fc31         updates     126 k
 pcre                        x86_64     8.44-1.fc31           updates     192 k
 pcre2                       x86_64     10.34-8.fc31          updates     222 k
 python-setuptools-wheel     noarch     41.6.0-1.fc31         updates     281 k
 python3-hawkey              x86_64     0.43.1-5.fc31         updates     101 k
 python3-libdnf              x86_64     0.43.1-5.fc31         updates     702 k
 shadow-utils                x86_64     2:4.6-17.fc31         updates     1.2 M
 sssd-client                 x86_64     2.2.3-13.fc31         updates     110 k
 sudo                        x86_64     1.9.0-0.1.b1.fc31     updates     1.0 M
 systemd                     x86_64     243.8-1.fc31          updates     3.8 M
 systemd-libs                x86_64     243.8-1.fc31          updates     523 k
 systemd-pam                 x86_64     243.8-1.fc31          updates     165 k
 systemd-rpm-macros          noarch     243.8-1.fc31          updates      20 k
 vim-minimal                 x86_64     2:8.2.480-1.fc31      updates     647 k
Installing dependencies:
 pcre2-syntax                noarch     10.34-8.fc31          updates     140 k
 trousers-lib                x86_64     0.3.13-13.fc31        fedora      171 k
 whois-nls                   noarch     5.5.6-1.fc31          updates      34 k
 xkeyboard-config            noarch     2.28-1.fc31           updates     753 k
Installing weak dependencies:
 diffutils                   x86_64     3.7-3.fc31            fedora      401 k
 libxkbcommon                x86_64     0.9.1-3.fc31          updates     120 k
 mkpasswd                    x86_64     5.5.6-1.fc31          updates      41 k
 shared-mime-info            x86_64     1.15-1.fc31           updates     303 k
 trousers                    x86_64     0.3.13-13.fc31        fedora      150 k

Transaction Summary
================================================================================
Install   9 Packages
Upgrade  27 Packages

Total download size: 20 M
Downloading Packages:
(1/36): pcre2-syntax-10.34-8.fc31.noarch.rpm    614 kB/s | 140 kB     00:00    
(2/36): mkpasswd-5.5.6-1.fc31.x86_64.rpm        176 kB/s |  41 kB     00:00    
(3/36): libxkbcommon-0.9.1-3.fc31.x86_64.rpm    488 kB/s | 120 kB     00:00    
(4/36): whois-nls-5.5.6-1.fc31.noarch.rpm       972 kB/s |  34 kB     00:00    
(5/36): shared-mime-info-1.15-1.fc31.x86_64.rpm 2.1 MB/s | 303 kB     00:00    
(6/36): xkeyboard-config-2.28-1.fc31.noarch.rpm 4.4 MB/s | 753 kB     00:00    
(7/36): diffutils-3.7-3.fc31.x86_64.rpm         1.4 MB/s | 401 kB     00:00    
(8/36): trousers-0.3.13-13.fc31.x86_64.rpm      742 kB/s | 150 kB     00:00    
(9/36): trousers-lib-0.3.13-13.fc31.x86_64.rpm  845 kB/s | 171 kB     00:00    
(10/36): coreutils-8.31-9.fc31.x86_64.rpm       9.7 MB/s | 1.1 MB     00:00    
(11/36): glib2-2.62.6-1.fc31.x86_64.rpm          12 MB/s | 2.6 MB     00:00    
(12/36): gnutls-3.6.12-2.fc31.x86_64.rpm        3.7 MB/s | 975 kB     00:00    
(13/36): libarchive-3.4.2-1.fc31.x86_64.rpm     1.3 MB/s | 384 kB     00:00    
(14/36): libdnf-0.43.1-5.fc31.x86_64.rpm        3.1 MB/s | 633 kB     00:00    
(15/36): coreutils-common-8.31-9.fc31.x86_64.rp 3.4 MB/s | 1.9 MB     00:00    
(16/36): libgcc-9.3.1-1.fc31.x86_64.rpm         2.8 MB/s | 101 kB     00:00    
(17/36): libgomp-9.3.1-1.fc31.x86_64.rpm        5.2 MB/s | 237 kB     00:00    
(18/36): libpcap-1.9.1-2.fc31.x86_64.rpm        3.7 MB/s | 168 kB     00:00    
(19/36): libsss_idmap-2.2.3-13.fc31.x86_64.rpm  983 kB/s |  46 kB     00:00    
(20/36): libstdc++-9.3.1-1.fc31.x86_64.rpm       15 MB/s | 633 kB     00:00    
(21/36): libsss_nss_idmap-2.2.3-13.fc31.x86_64. 1.0 MB/s |  53 kB     00:00    
(22/36): libtirpc-1.2.5-1.rc2.fc31.x86_64.rpm   2.7 MB/s |  98 kB     00:00    
(23/36): libxcrypt-4.4.15-1.fc31.x86_64.rpm     3.5 MB/s | 126 kB     00:00    
(24/36): pcre2-10.34-8.fc31.x86_64.rpm          3.8 MB/s | 222 kB     00:00    
(25/36): pcre-8.44-1.fc31.x86_64.rpm            2.1 MB/s | 192 kB     00:00    
(26/36): python-setuptools-wheel-41.6.0-1.fc31. 4.1 MB/s | 281 kB     00:00    
(27/36): python3-hawkey-0.43.1-5.fc31.x86_64.rp 2.0 MB/s | 101 kB     00:00    
(28/36): shadow-utils-4.6-17.fc31.x86_64.rpm     16 MB/s | 1.2 MB     00:00    
(29/36): python3-libdnf-0.43.1-5.fc31.x86_64.rp 7.2 MB/s | 702 kB     00:00    
(30/36): sssd-client-2.2.3-13.fc31.x86_64.rpm   1.7 MB/s | 110 kB     00:00    
(31/36): systemd-libs-243.8-1.fc31.x86_64.rpm    11 MB/s | 523 kB     00:00    
(32/36): sudo-1.9.0-0.1.b1.fc31.x86_64.rpm       13 MB/s | 1.0 MB     00:00    
(33/36): systemd-pam-243.8-1.fc31.x86_64.rpm    4.4 MB/s | 165 kB     00:00    
(34/36): systemd-rpm-macros-243.8-1.fc31.noarch 590 kB/s |  20 kB     00:00    
(35/36): vim-minimal-8.2.480-1.fc31.x86_64.rpm   16 MB/s | 647 kB     00:00    
(36/36): systemd-243.8-1.fc31.x86_64.rpm         12 MB/s | 3.8 MB     00:00    
--------------------------------------------------------------------------------
Total                                           9.3 MB/s |  20 MB     00:02     
Running transaction check
Transaction check succeeded.
Running transaction test
Transaction test succeeded.
Running transaction
  Preparing        :                                                        1/1 
  Running scriptlet: libgcc-9.3.1-1.fc31.x86_64                             1/1 
  Upgrading        : libgcc-9.3.1-1.fc31.x86_64                            1/63 
  Running scriptlet: libgcc-9.3.1-1.fc31.x86_64                            1/63 
  Upgrading        : libstdc++-9.3.1-1.fc31.x86_64                         2/63 
  Upgrading        : vim-minimal-2:8.2.480-1.fc31.x86_64                   3/63 
  Upgrading        : systemd-rpm-macros-243.8-1.fc31.noarch                4/63 
  Upgrading        : pcre-8.44-1.fc31.x86_64                               5/63 
  Upgrading        : glib2-2.62.6-1.fc31.x86_64                            6/63 
  Installing       : shared-mime-info-1.15-1.fc31.x86_64                   7/63 
  Running scriptlet: shared-mime-info-1.15-1.fc31.x86_64                   7/63 
  Upgrading        : libdnf-0.43.1-5.fc31.x86_64                           8/63 
  Upgrading        : python3-libdnf-0.43.1-5.fc31.x86_64                   9/63 
  Upgrading        : libsss_nss_idmap-2.2.3-13.fc31.x86_64                10/63 
  Upgrading        : libsss_idmap-2.2.3-13.fc31.x86_64                    11/63 
  Upgrading        : coreutils-common-8.31-9.fc31.x86_64                  12/63 
  Upgrading        : coreutils-8.31-9.fc31.x86_64                         13/63 
  Upgrading        : systemd-libs-243.8-1.fc31.x86_64                     14/63 
  Running scriptlet: systemd-libs-243.8-1.fc31.x86_64                     14/63 
  Installing       : trousers-lib-0.3.13-13.fc31.x86_64                   15/63 
  Installing       : diffutils-3.7-3.fc31.x86_64                          16/63 
  Installing       : xkeyboard-config-2.28-1.fc31.noarch                  17/63 
  Installing       : libxkbcommon-0.9.1-3.fc31.x86_64                     18/63 
  Installing       : whois-nls-5.5.6-1.fc31.noarch                        19/63 
  Upgrading        : libxcrypt-4.4.15-1.fc31.x86_64                       20/63 
  Installing       : mkpasswd-5.5.6-1.fc31.x86_64                         21/63 
  Upgrading        : shadow-utils-2:4.6-17.fc31.x86_64                    22/63 
  Installing       : pcre2-syntax-10.34-8.fc31.noarch                     23/63 
  Upgrading        : pcre2-10.34-8.fc31.x86_64                            24/63 
  Upgrading        : gnutls-3.6.12-2.fc31.x86_64                          25/63 
  Upgrading        : systemd-pam-243.8-1.fc31.x86_64                      26/63 
  Running scriptlet: systemd-243.8-1.fc31.x86_64                          27/63 
  Upgrading        : systemd-243.8-1.fc31.x86_64                          27/63 
  Running scriptlet: systemd-243.8-1.fc31.x86_64                          27/63 
  Running scriptlet: trousers-0.3.13-13.fc31.x86_64                       28/63 
  Installing       : trousers-0.3.13-13.fc31.x86_64                       28/63 
  Running scriptlet: trousers-0.3.13-13.fc31.x86_64                       28/63 
  Upgrading        : sudo-1.9.0-0.1.b1.fc31.x86_64                        29/63 
  Running scriptlet: sudo-1.9.0-0.1.b1.fc31.x86_64                        29/63 
  Upgrading        : sssd-client-2.2.3-13.fc31.x86_64                     30/63 
  Running scriptlet: sssd-client-2.2.3-13.fc31.x86_64                     30/63 
  Upgrading        : python3-hawkey-0.43.1-5.fc31.x86_64                  31/63 
  Upgrading        : python-setuptools-wheel-41.6.0-1.fc31.noarch         32/63 
  Upgrading        : libtirpc-1.2.5-1.rc2.fc31.x86_64                     33/63 
  Upgrading        : libpcap-14:1.9.1-2.fc31.x86_64                       34/63 
  Upgrading        : libgomp-9.3.1-1.fc31.x86_64                          35/63 
  Upgrading        : libarchive-3.4.2-1.fc31.x86_64                       36/63 
  Cleanup          : python-setuptools-wheel-41.2.0-1.fc31.noarch         37/63 
  Running scriptlet: systemd-243.7-1.fc31.x86_64                          38/63 
  Cleanup          : systemd-243.7-1.fc31.x86_64                          38/63 
  Cleanup          : python3-hawkey-0.43.1-2.fc31.x86_64                  39/63 
  Cleanup          : python3-libdnf-0.43.1-2.fc31.x86_64                  40/63 
  Cleanup          : libdnf-0.43.1-2.fc31.x86_64                          41/63 
  Cleanup          : libstdc++-9.2.1-1.fc31.x86_64                        42/63 
  Running scriptlet: sssd-client-2.2.2-3.fc31.x86_64                      43/63 
  Cleanup          : sssd-client-2.2.2-3.fc31.x86_64                      43/63 
  Cleanup          : systemd-libs-243.7-1.fc31.x86_64                     44/63 
  Cleanup          : systemd-pam-243.7-1.fc31.x86_64                      45/63 
  Cleanup          : shadow-utils-2:4.6-16.fc31.x86_64                    46/63 
  Cleanup          : sudo-1.8.29-1.fc31.x86_64                            47/63 
  Cleanup          : systemd-rpm-macros-243.7-1.fc31.noarch               48/63 
  Cleanup          : coreutils-8.31-6.fc31.x86_64                         49/63 
  Cleanup          : glib2-2.62.4-2.fc31.x86_64                           50/63 
  Cleanup          : coreutils-common-8.31-6.fc31.x86_64                  51/63 
  Cleanup          : pcre-8.43-2.fc31.1.x86_64                            52/63 
  Cleanup          : vim-minimal-2:8.2.236-1.fc31.x86_64                  53/63 
  Cleanup          : libxcrypt-4.4.12-1.fc31.x86_64                       54/63 
  Cleanup          : libgcc-9.2.1-1.fc31.x86_64                           55/63 
  Running scriptlet: libgcc-9.2.1-1.fc31.x86_64                           55/63 
  Cleanup          : libsss_idmap-2.2.2-3.fc31.x86_64                     56/63 
  Cleanup          : libsss_nss_idmap-2.2.2-3.fc31.x86_64                 57/63 
  Cleanup          : gnutls-3.6.11-1.fc31.x86_64                          58/63 
  Cleanup          : pcre2-10.34-5.fc31.x86_64                            59/63 
  Cleanup          : libtirpc-1.2.5-0.fc31.x86_64                         60/63 
  Cleanup          : libpcap-14:1.9.1-1.fc31.x86_64                       61/63 
  Cleanup          : libgomp-9.2.1-1.fc31.x86_64                          62/63 
  Cleanup          : libarchive-3.4.0-1.fc31.x86_64                       63/63 
  Running scriptlet: libarchive-3.4.0-1.fc31.x86_64                       63/63 
  Verifying        : libxkbcommon-0.9.1-3.fc31.x86_64                      1/63 
  Verifying        : mkpasswd-5.5.6-1.fc31.x86_64                          2/63 
  Verifying        : pcre2-syntax-10.34-8.fc31.noarch                      3/63 
  Verifying        : shared-mime-info-1.15-1.fc31.x86_64                   4/63 
  Verifying        : whois-nls-5.5.6-1.fc31.noarch                         5/63 
  Verifying        : xkeyboard-config-2.28-1.fc31.noarch                   6/63 
  Verifying        : diffutils-3.7-3.fc31.x86_64                           7/63 
  Verifying        : trousers-0.3.13-13.fc31.x86_64                        8/63 
  Verifying        : trousers-lib-0.3.13-13.fc31.x86_64                    9/63 
  Verifying        : coreutils-8.31-9.fc31.x86_64                         10/63 
  Verifying        : coreutils-8.31-6.fc31.x86_64                         11/63 
  Verifying        : coreutils-common-8.31-9.fc31.x86_64                  12/63 
  Verifying        : coreutils-common-8.31-6.fc31.x86_64                  13/63 
  Verifying        : glib2-2.62.6-1.fc31.x86_64                           14/63 
  Verifying        : glib2-2.62.4-2.fc31.x86_64                           15/63 
  Verifying        : gnutls-3.6.12-2.fc31.x86_64                          16/63 
  Verifying        : gnutls-3.6.11-1.fc31.x86_64                          17/63 
  Verifying        : libarchive-3.4.2-1.fc31.x86_64                       18/63 
  Verifying        : libarchive-3.4.0-1.fc31.x86_64                       19/63 
  Verifying        : libdnf-0.43.1-5.fc31.x86_64                          20/63 
  Verifying        : libdnf-0.43.1-2.fc31.x86_64                          21/63 
  Verifying        : libgcc-9.3.1-1.fc31.x86_64                           22/63 
  Verifying        : libgcc-9.2.1-1.fc31.x86_64                           23/63 
  Verifying        : libgomp-9.3.1-1.fc31.x86_64                          24/63 
  Verifying        : libgomp-9.2.1-1.fc31.x86_64                          25/63 
  Verifying        : libpcap-14:1.9.1-2.fc31.x86_64                       26/63 
  Verifying        : libpcap-14:1.9.1-1.fc31.x86_64                       27/63 
  Verifying        : libsss_idmap-2.2.3-13.fc31.x86_64                    28/63 
  Verifying        : libsss_idmap-2.2.2-3.fc31.x86_64                     29/63 
  Verifying        : libsss_nss_idmap-2.2.3-13.fc31.x86_64                30/63 
  Verifying        : libsss_nss_idmap-2.2.2-3.fc31.x86_64                 31/63 
  Verifying        : libstdc++-9.3.1-1.fc31.x86_64                        32/63 
  Verifying        : libstdc++-9.2.1-1.fc31.x86_64                        33/63 
  Verifying        : libtirpc-1.2.5-1.rc2.fc31.x86_64                     34/63 
  Verifying        : libtirpc-1.2.5-0.fc31.x86_64                         35/63 
  Verifying        : libxcrypt-4.4.15-1.fc31.x86_64                       36/63 
  Verifying        : libxcrypt-4.4.12-1.fc31.x86_64                       37/63 
  Verifying        : pcre-8.44-1.fc31.x86_64                              38/63 
  Verifying        : pcre-8.43-2.fc31.1.x86_64                            39/63 
  Verifying        : pcre2-10.34-8.fc31.x86_64                            40/63 
  Verifying        : pcre2-10.34-5.fc31.x86_64                            41/63 
  Verifying        : python-setuptools-wheel-41.6.0-1.fc31.noarch         42/63 
  Verifying        : python-setuptools-wheel-41.2.0-1.fc31.noarch         43/63 
  Verifying        : python3-hawkey-0.43.1-5.fc31.x86_64                  44/63 
  Verifying        : python3-hawkey-0.43.1-2.fc31.x86_64                  45/63 
  Verifying        : python3-libdnf-0.43.1-5.fc31.x86_64                  46/63 
  Verifying        : python3-libdnf-0.43.1-2.fc31.x86_64                  47/63 
  Verifying        : shadow-utils-2:4.6-17.fc31.x86_64                    48/63 
  Verifying        : shadow-utils-2:4.6-16.fc31.x86_64                    49/63 
  Verifying        : sssd-client-2.2.3-13.fc31.x86_64                     50/63 
  Verifying        : sssd-client-2.2.2-3.fc31.x86_64                      51/63 
  Verifying        : sudo-1.9.0-0.1.b1.fc31.x86_64                        52/63 
  Verifying        : sudo-1.8.29-1.fc31.x86_64                            53/63 
  Verifying        : systemd-243.8-1.fc31.x86_64                          54/63 
  Verifying        : systemd-243.7-1.fc31.x86_64                          55/63 
  Verifying        : systemd-libs-243.8-1.fc31.x86_64                     56/63 
  Verifying        : systemd-libs-243.7-1.fc31.x86_64                     57/63 
  Verifying        : systemd-pam-243.8-1.fc31.x86_64                      58/63 
  Verifying        : systemd-pam-243.7-1.fc31.x86_64                      59/63 
  Verifying        : systemd-rpm-macros-243.8-1.fc31.noarch               60/63 
  Verifying        : systemd-rpm-macros-243.7-1.fc31.noarch               61/63 
  Verifying        : vim-minimal-2:8.2.480-1.fc31.x86_64                  62/63 
  Verifying        : vim-minimal-2:8.2.236-1.fc31.x86_64                  63/63 

Upgraded:
  coreutils-8.31-9.fc31.x86_64                                                  
  coreutils-common-8.31-9.fc31.x86_64                                           
  glib2-2.62.6-1.fc31.x86_64                                                    
  gnutls-3.6.12-2.fc31.x86_64                                                   
  libarchive-3.4.2-1.fc31.x86_64                                                
  libdnf-0.43.1-5.fc31.x86_64                                                   
  libgcc-9.3.1-1.fc31.x86_64                                                    
  libgomp-9.3.1-1.fc31.x86_64                                                   
  libpcap-14:1.9.1-2.fc31.x86_64                                                
  libsss_idmap-2.2.3-13.fc31.x86_64                                             
  libsss_nss_idmap-2.2.3-13.fc31.x86_64                                         
  libstdc++-9.3.1-1.fc31.x86_64                                                 
  libtirpc-1.2.5-1.rc2.fc31.x86_64                                              
  libxcrypt-4.4.15-1.fc31.x86_64                                                
  pcre-8.44-1.fc31.x86_64                                                       
  pcre2-10.34-8.fc31.x86_64                                                     
  python-setuptools-wheel-41.6.0-1.fc31.noarch                                  
  python3-hawkey-0.43.1-5.fc31.x86_64                                           
  python3-libdnf-0.43.1-5.fc31.x86_64                                           
  shadow-utils-2:4.6-17.fc31.x86_64                                             
  sssd-client-2.2.3-13.fc31.x86_64                                              
  sudo-1.9.0-0.1.b1.fc31.x86_64                                                 
  systemd-243.8-1.fc31.x86_64                                                   
  systemd-libs-243.8-1.fc31.x86_64                                              
  systemd-pam-243.8-1.fc31.x86_64                                               
  systemd-rpm-macros-243.8-1.fc31.noarch                                        
  vim-minimal-2:8.2.480-1.fc31.x86_64                                           

Installed:
  diffutils-3.7-3.fc31.x86_64              libxkbcommon-0.9.1-3.fc31.x86_64     
  mkpasswd-5.5.6-1.fc31.x86_64             pcre2-syntax-10.34-8.fc31.noarch     
  shared-mime-info-1.15-1.fc31.x86_64      trousers-0.3.13-13.fc31.x86_64       
  trousers-lib-0.3.13-13.fc31.x86_64       whois-nls-5.5.6-1.fc31.noarch        
  xkeyboard-config-2.28-1.fc31.noarch     

Complete!
33 files removed
Removing intermediate container ac614176117f
 ---> d240e898fb1e
Step 4/7 : RUN yum -y install ansible && yum clean all
 ---> Running in ad1d94b1e93a
Fedora Modular 31 - x86_64                      3.1 MB/s | 5.2 MB     00:01    
Fedora Modular 31 - x86_64 - Updates            3.2 MB/s | 4.0 MB     00:01    
Fedora 31 - x86_64 - Updates                     13 MB/s |  23 MB     00:01    
Fedora 31 - x86_64                              6.3 MB/s |  71 MB     00:11    
Last metadata expiration check: 0:00:01 ago on Fri Apr  3 23:30:18 2020.
Dependencies resolved.
================================================================================
 Package                    Arch        Version              Repository    Size
================================================================================
Installing:
 ansible                    noarch      2.9.6-1.fc31         updates       15 M
Installing dependencies:
 libsodium                  x86_64      1.0.18-2.fc31        fedora       168 k
 python3-asn1crypto         noarch      0.24.0-7.fc31        fedora       171 k
 python3-babel              noarch      2.7.0-2.fc31         fedora       5.5 M
 python3-bcrypt             x86_64      3.1.6-3.fc31         fedora        44 k
 python3-cffi               x86_64      1.12.3-1.fc31        fedora       238 k
 python3-chardet            noarch      3.0.4-10.fc31        fedora       194 k
 python3-cryptography       x86_64      2.6.1-3.fc31         updates      533 k
 python3-idna               noarch      2.8-2.fc31           fedora        96 k
 python3-jinja2             noarch      2.10.1-2.fc31        fedora       476 k
 python3-jmespath           noarch      0.9.4-2.fc31         fedora        45 k
 python3-markupsafe         x86_64      1.1.1-2.fc31         fedora        32 k
 python3-ntlm-auth          noarch      1.1.0-6.fc31         fedora        50 k
 python3-ply                noarch      3.11-3.fc31          fedora       104 k
 python3-pycparser          noarch      2.14-20.fc31         fedora       148 k
 python3-pynacl             x86_64      1.3.0-2.fc31         fedora       101 k
 python3-pysocks            noarch      1.7.0-2.fc31         fedora        34 k
 python3-pytz               noarch      2019.2-1.fc31        fedora        48 k
 python3-pyyaml             x86_64      5.3.1-1.fc31         updates      208 k
 python3-requests           noarch      2.22.0-3.fc31        fedora       111 k
 python3-requests_ntlm      noarch      1.1.0-7.fc31         fedora        18 k
 python3-setuptools         noarch      41.6.0-1.fc31        updates      585 k
 python3-six                noarch      1.12.0-2.fc31        fedora        35 k
 python3-urllib3            noarch      1.25.7-1.fc31        updates      172 k
 python3-xmltodict          noarch      0.12.0-3.fc31        fedora        22 k
 sshpass                    x86_64      1.06-8.fc31          fedora        26 k
Installing weak dependencies:
 python3-paramiko           noarch      2.6.0-2.fc31         fedora       275 k
 python3-winrm              noarch      0.3.0-6.fc31         fedora        59 k

Transaction Summary
================================================================================
Install  28 Packages

Total download size: 25 M
Installed size: 140 M
Downloading Packages:
(1/28): python3-pyyaml-5.3.1-1.fc31.x86_64.rpm  1.0 MB/s | 208 kB     00:00    
(2/28): python3-cryptography-2.6.1-3.fc31.x86_6 2.2 MB/s | 533 kB     00:00    
(3/28): python3-urllib3-1.25.7-1.fc31.noarch.rp 5.0 MB/s | 172 kB     00:00    
(4/28): python3-setuptools-41.6.0-1.fc31.noarch 6.3 MB/s | 585 kB     00:00    
(5/28): ansible-2.9.6-1.fc31.noarch.rpm          30 MB/s |  15 MB     00:00    
(6/28): libsodium-1.0.18-2.fc31.x86_64.rpm      709 kB/s | 168 kB     00:00    
(7/28): python3-asn1crypto-0.24.0-7.fc31.noarch 782 kB/s | 171 kB     00:00    
(8/28): python3-bcrypt-3.1.6-3.fc31.x86_64.rpm  399 kB/s |  44 kB     00:00    
(9/28): python3-cffi-1.12.3-1.fc31.x86_64.rpm   1.6 MB/s | 238 kB     00:00    
(10/28): python3-chardet-3.0.4-10.fc31.noarch.r 1.3 MB/s | 194 kB     00:00    
(11/28): python3-idna-2.8-2.fc31.noarch.rpm     611 kB/s |  96 kB     00:00    
(12/28): python3-jinja2-2.10.1-2.fc31.noarch.rp 2.7 MB/s | 476 kB     00:00    
(13/28): python3-jmespath-0.9.4-2.fc31.noarch.r 293 kB/s |  45 kB     00:00    
(14/28): python3-babel-2.7.0-2.fc31.noarch.rpm  9.9 MB/s | 5.5 MB     00:00    
(15/28): python3-markupsafe-1.1.1-2.fc31.x86_64 252 kB/s |  32 kB     00:00    
(16/28): python3-ntlm-auth-1.1.0-6.fc31.noarch. 507 kB/s |  50 kB     00:00    
(17/28): python3-paramiko-2.6.0-2.fc31.noarch.r 7.1 MB/s | 275 kB     00:00    
(18/28): python3-ply-3.11-3.fc31.noarch.rpm     2.6 MB/s | 104 kB     00:00    
(19/28): python3-pycparser-2.14-20.fc31.noarch. 3.4 MB/s | 148 kB     00:00    
(20/28): python3-pynacl-1.3.0-2.fc31.x86_64.rpm 3.1 MB/s | 101 kB     00:00    
(21/28): python3-pysocks-1.7.0-2.fc31.noarch.rp 1.1 MB/s |  34 kB     00:00    
(22/28): python3-pytz-2019.2-1.fc31.noarch.rpm  1.6 MB/s |  48 kB     00:00    
(23/28): python3-requests-2.22.0-3.fc31.noarch. 3.5 MB/s | 111 kB     00:00    
(24/28): python3-requests_ntlm-1.1.0-7.fc31.noa 572 kB/s |  18 kB     00:00    
(25/28): python3-six-1.12.0-2.fc31.noarch.rpm   1.1 MB/s |  35 kB     00:00    
(26/28): python3-winrm-0.3.0-6.fc31.noarch.rpm  1.8 MB/s |  59 kB     00:00    
(27/28): python3-xmltodict-0.12.0-3.fc31.noarch 702 kB/s |  22 kB     00:00    
(28/28): sshpass-1.06-8.fc31.x86_64.rpm         828 kB/s |  26 kB     00:00    
--------------------------------------------------------------------------------
Total                                            16 MB/s |  25 MB     00:01     
Running transaction check
Transaction check succeeded.
Running transaction test
Transaction test succeeded.
Running transaction
  Preparing        :                                                        1/1 
  Installing       : python3-six-1.12.0-2.fc31.noarch                      1/28 
  Installing       : python3-setuptools-41.6.0-1.fc31.noarch               2/28 
  Installing       : python3-idna-2.8-2.fc31.noarch                        3/28 
  Installing       : python3-chardet-3.0.4-10.fc31.noarch                  4/28 
  Installing       : sshpass-1.06-8.fc31.x86_64                            5/28 
  Installing       : python3-xmltodict-0.12.0-3.fc31.noarch                6/28 
  Installing       : python3-pytz-2019.2-1.fc31.noarch                     7/28 
  Installing       : python3-babel-2.7.0-2.fc31.noarch                     8/28 
  Installing       : python3-pysocks-1.7.0-2.fc31.noarch                   9/28 
  Installing       : python3-urllib3-1.25.7-1.fc31.noarch                 10/28 
  Installing       : python3-requests-2.22.0-3.fc31.noarch                11/28 
  Installing       : python3-ply-3.11-3.fc31.noarch                       12/28 
  Installing       : python3-pycparser-2.14-20.fc31.noarch                13/28 
  Installing       : python3-cffi-1.12.3-1.fc31.x86_64                    14/28 
  Installing       : python3-bcrypt-3.1.6-3.fc31.x86_64                   15/28 
  Installing       : python3-ntlm-auth-1.1.0-6.fc31.noarch                16/28 
  Installing       : python3-markupsafe-1.1.1-2.fc31.x86_64               17/28 
  Installing       : python3-jinja2-2.10.1-2.fc31.noarch                  18/28 
  Installing       : python3-jmespath-0.9.4-2.fc31.noarch                 19/28 
  Installing       : python3-asn1crypto-0.24.0-7.fc31.noarch              20/28 
  Installing       : python3-cryptography-2.6.1-3.fc31.x86_64             21/28 
  Installing       : python3-requests_ntlm-1.1.0-7.fc31.noarch            22/28 
  Installing       : python3-winrm-0.3.0-6.fc31.noarch                    23/28 
  Installing       : libsodium-1.0.18-2.fc31.x86_64                       24/28 
  Installing       : python3-pynacl-1.3.0-2.fc31.x86_64                   25/28 
  Installing       : python3-paramiko-2.6.0-2.fc31.noarch                 26/28 
  Installing       : python3-pyyaml-5.3.1-1.fc31.x86_64                   27/28 
  Installing       : ansible-2.9.6-1.fc31.noarch                          28/28 
  Running scriptlet: ansible-2.9.6-1.fc31.noarch                          28/28 
  Verifying        : ansible-2.9.6-1.fc31.noarch                           1/28 
  Verifying        : python3-cryptography-2.6.1-3.fc31.x86_64              2/28 
  Verifying        : python3-pyyaml-5.3.1-1.fc31.x86_64                    3/28 
  Verifying        : python3-setuptools-41.6.0-1.fc31.noarch               4/28 
  Verifying        : python3-urllib3-1.25.7-1.fc31.noarch                  5/28 
  Verifying        : libsodium-1.0.18-2.fc31.x86_64                        6/28 
  Verifying        : python3-asn1crypto-0.24.0-7.fc31.noarch               7/28 
  Verifying        : python3-babel-2.7.0-2.fc31.noarch                     8/28 
  Verifying        : python3-bcrypt-3.1.6-3.fc31.x86_64                    9/28 
  Verifying        : python3-cffi-1.12.3-1.fc31.x86_64                    10/28 
  Verifying        : python3-chardet-3.0.4-10.fc31.noarch                 11/28 
  Verifying        : python3-idna-2.8-2.fc31.noarch                       12/28 
  Verifying        : python3-jinja2-2.10.1-2.fc31.noarch                  13/28 
  Verifying        : python3-jmespath-0.9.4-2.fc31.noarch                 14/28 
  Verifying        : python3-markupsafe-1.1.1-2.fc31.x86_64               15/28 
  Verifying        : python3-ntlm-auth-1.1.0-6.fc31.noarch                16/28 
  Verifying        : python3-paramiko-2.6.0-2.fc31.noarch                 17/28 
  Verifying        : python3-ply-3.11-3.fc31.noarch                       18/28 
  Verifying        : python3-pycparser-2.14-20.fc31.noarch                19/28 
  Verifying        : python3-pynacl-1.3.0-2.fc31.x86_64                   20/28 
  Verifying        : python3-pysocks-1.7.0-2.fc31.noarch                  21/28 
  Verifying        : python3-pytz-2019.2-1.fc31.noarch                    22/28 
  Verifying        : python3-requests-2.22.0-3.fc31.noarch                23/28 
  Verifying        : python3-requests_ntlm-1.1.0-7.fc31.noarch            24/28 
  Verifying        : python3-six-1.12.0-2.fc31.noarch                     25/28 
  Verifying        : python3-winrm-0.3.0-6.fc31.noarch                    26/28 
  Verifying        : python3-xmltodict-0.12.0-3.fc31.noarch               27/28 
  Verifying        : sshpass-1.06-8.fc31.x86_64                           28/28 

Installed:
  ansible-2.9.6-1.fc31.noarch                                                   
  libsodium-1.0.18-2.fc31.x86_64                                                
  python3-asn1crypto-0.24.0-7.fc31.noarch                                       
  python3-babel-2.7.0-2.fc31.noarch                                             
  python3-bcrypt-3.1.6-3.fc31.x86_64                                            
  python3-cffi-1.12.3-1.fc31.x86_64                                             
  python3-chardet-3.0.4-10.fc31.noarch                                          
  python3-cryptography-2.6.1-3.fc31.x86_64                                      
  python3-idna-2.8-2.fc31.noarch                                                
  python3-jinja2-2.10.1-2.fc31.noarch                                           
  python3-jmespath-0.9.4-2.fc31.noarch                                          
  python3-markupsafe-1.1.1-2.fc31.x86_64                                        
  python3-ntlm-auth-1.1.0-6.fc31.noarch                                         
  python3-paramiko-2.6.0-2.fc31.noarch                                          
  python3-ply-3.11-3.fc31.noarch                                                
  python3-pycparser-2.14-20.fc31.noarch                                         
  python3-pynacl-1.3.0-2.fc31.x86_64                                            
  python3-pysocks-1.7.0-2.fc31.noarch                                           
  python3-pytz-2019.2-1.fc31.noarch                                             
  python3-pyyaml-5.3.1-1.fc31.x86_64                                            
  python3-requests-2.22.0-3.fc31.noarch                                         
  python3-requests_ntlm-1.1.0-7.fc31.noarch                                     
  python3-setuptools-41.6.0-1.fc31.noarch                                       
  python3-six-1.12.0-2.fc31.noarch                                              
  python3-urllib3-1.25.7-1.fc31.noarch                                          
  python3-winrm-0.3.0-6.fc31.noarch                                             
  python3-xmltodict-0.12.0-3.fc31.noarch                                        
  sshpass-1.06-8.fc31.x86_64                                                    

Complete!
33 files removed
Removing intermediate container ad1d94b1e93a
 ---> 3ee14ff4f8bf
Step 5/7 : RUN mkdir -p /etc/ansible/roles         && echo '[local]\nlocalhost\n' > /etc/ansible/hosts
 ---> Running in 1f0f4ada2949
Removing intermediate container 1f0f4ada2949
 ---> 6ee507fd038a
Step 6/7 : ENV ANSIBLE_NOCOWS 1
 ---> Running in 6ec3a3333e4a
Removing intermediate container 6ec3a3333e4a
 ---> 16c2f75c4f81
Step 7/7 : CMD ansible localhost -m setup
 ---> Running in 08eb2cc046f8
Removing intermediate container 08eb2cc046f8
 ---> cfc4e46be032
Successfully built cfc4e46be032
Successfully tagged binacle:483733086
