Sending build context to Docker daemon  2.048kB
Step 1/3 : FROM vertx/vertx3-alpine
latest: Pulling from vertx/vertx3-alpine
4fe2ade4980c: Pulling fs layer
6fc58a8d4ae4: Pulling fs layer
d3e6d7e9702a: Pulling fs layer
f33ff14ec631: Pulling fs layer
bda6d8396138: Pulling fs layer
fe96f06d93b5: Pulling fs layer
f33ff14ec631: Waiting
bda6d8396138: Waiting
fe96f06d93b5: Waiting
6fc58a8d4ae4: Verifying Checksum
6fc58a8d4ae4: Download complete
4fe2ade4980c: Verifying Checksum
4fe2ade4980c: Download complete
4fe2ade4980c: Pull complete
d3e6d7e9702a: Verifying Checksum
d3e6d7e9702a: Download complete
bda6d8396138: Verifying Checksum
bda6d8396138: Download complete
fe96f06d93b5: Verifying Checksum
fe96f06d93b5: Download complete
6fc58a8d4ae4: Pull complete
f33ff14ec631: Verifying Checksum
f33ff14ec631: Download complete
d3e6d7e9702a: Pull complete
f33ff14ec631: Pull complete
bda6d8396138: Pull complete
fe96f06d93b5: Pull complete
Digest: sha256:ec6fd6e2566899a8b65dd3b6959644bab55ce44fbbf06e37c92ab4ed8f8f63b4
Status: Downloaded newer image for vertx/vertx3-alpine:latest
 ---> c963a551d4aa
Step 2/3 : ENTRYPOINT ["vertx"]
 ---> Running in d83b0bac680a
Removing intermediate container d83b0bac680a
 ---> b07cee582285
Step 3/3 : CMD ["--help"]
 ---> Running in c97404087f49
Removing intermediate container c97404087f49
 ---> b2caa7cf972e
Successfully built b2caa7cf972e
Successfully tagged binacle:483704140
