Sending build context to Docker daemon  2.048kB
Step 1/3 : FROM alpine:latest
latest: Pulling from library/alpine
aad63a933944: Pulling fs layer
aad63a933944: Verifying Checksum
aad63a933944: Download complete
aad63a933944: Pull complete
Digest: sha256:b276d875eeed9c7d3f1cfa7edb06b22ed22b14219a7d67c52c56612330348239
Status: Downloaded newer image for alpine:latest
 ---> a187dde48cd2
Step 2/3 : RUN apk --update --no-cache add figlet
 ---> Running in c2f2cbd416bb
fetch http://dl-cdn.alpinelinux.org/alpine/v3.11/main/x86_64/APKINDEX.tar.gz
fetch http://dl-cdn.alpinelinux.org/alpine/v3.11/community/x86_64/APKINDEX.tar.gz
(1/1) Installing figlet (2.2.5-r0)
Executing busybox-1.31.1-r9.trigger
OK: 6 MiB in 15 packages
Removing intermediate container c2f2cbd416bb
 ---> a137c1914bcd
Step 3/3 : ENTRYPOINT ["figlet"]
 ---> Running in daac43e55295
Removing intermediate container daac43e55295
 ---> 3ab0ce66c74b
Successfully built 3ab0ce66c74b
Successfully tagged binacle:483733056
