Sending build context to Docker daemon  2.048kB
Step 1/4 : FROM fedora
latest: Pulling from library/fedora
5c1b9e8d7bf7: Pulling fs layer
5c1b9e8d7bf7: Verifying Checksum
5c1b9e8d7bf7: Download complete
5c1b9e8d7bf7: Pull complete
Digest: sha256:c97879f8bebe49744307ea5c77ffc76c7cc97f3ddec72fb9a394bd4e4519b388
Status: Downloaded newer image for fedora:latest
 ---> 536f3995adeb
Step 2/4 : MAINTAINER http://fedoraproject.org/wiki/Cloud
 ---> Running in a8af752cebf9
Removing intermediate container a8af752cebf9
 ---> 0bb93b55a867
Step 3/4 : RUN yum -y update && yum clean all
 ---> Running in 44b8298cc53e
Fedora Modular 31 - x86_64                      3.0 MB/s | 5.2 MB     00:01    
Fedora Modular 31 - x86_64 - Updates            4.0 MB/s | 4.0 MB     00:01    
Fedora 31 - x86_64 - Updates                     16 MB/s |  23 MB     00:01    
Fedora 31 - x86_64                               16 MB/s |  71 MB     00:04    
Last metadata expiration check: 0:00:01 ago on Sat Apr  4 01:20:20 2020.
Dependencies resolved.
================================================================================
 Package                     Arch       Version               Repository   Size
================================================================================
Upgrading:
 coreutils                   x86_64     8.31-9.fc31           updates     1.1 M
 coreutils-common            x86_64     8.31-9.fc31           updates     1.9 M
 glib2                       x86_64     2.62.6-1.fc31         updates     2.6 M
 gnutls                      x86_64     3.6.12-2.fc31         updates     975 k
 libarchive                  x86_64     3.4.2-1.fc31          updates     384 k
 libdnf                      x86_64     0.43.1-5.fc31         updates     633 k
 libgcc                      x86_64     9.3.1-1.fc31          updates     101 k
 libgomp                     x86_64     9.3.1-1.fc31          updates     237 k
 libpcap                     x86_64     14:1.9.1-2.fc31       updates     168 k
 libsss_idmap                x86_64     2.2.3-13.fc31         updates      46 k
 libsss_nss_idmap            x86_64     2.2.3-13.fc31         updates      53 k
 libstdc++                   x86_64     9.3.1-1.fc31          updates     633 k
 libtirpc                    x86_64     1.2.5-1.rc2.fc31      updates      98 k
 libxcrypt                   x86_64     4.4.15-1.fc31         updates     126 k
 pcre                        x86_64     8.44-1.fc31           updates     192 k
 pcre2                       x86_64     10.34-8.fc31          updates     222 k
 python-setuptools-wheel     noarch     41.6.0-1.fc31         updates     281 k
 python3-hawkey              x86_64     0.43.1-5.fc31         updates     101 k
 python3-libdnf              x86_64     0.43.1-5.fc31         updates     702 k
 shadow-utils                x86_64     2:4.6-17.fc31         updates     1.2 M
 sssd-client                 x86_64     2.2.3-13.fc31         updates     110 k
 sudo                        x86_64     1.9.0-0.1.b1.fc31     updates     1.0 M
 systemd                     x86_64     243.8-1.fc31          updates     3.8 M
 systemd-libs                x86_64     243.8-1.fc31          updates     523 k
 systemd-pam                 x86_64     243.8-1.fc31          updates     165 k
 systemd-rpm-macros          noarch     243.8-1.fc31          updates      20 k
 vim-minimal                 x86_64     2:8.2.348-1.fc31      updates     645 k
Installing dependencies:
 pcre2-syntax                noarch     10.34-8.fc31          updates     140 k
 trousers-lib                x86_64     0.3.13-13.fc31        fedora      171 k
 whois-nls                   noarch     5.5.6-1.fc31          updates      34 k
 xkeyboard-config            noarch     2.28-1.fc31           updates     753 k
Installing weak dependencies:
 diffutils                   x86_64     3.7-3.fc31            fedora      401 k
 libxkbcommon                x86_64     0.9.1-3.fc31          updates     120 k
 mkpasswd                    x86_64     5.5.6-1.fc31          updates      41 k
 shared-mime-info            x86_64     1.15-1.fc31           updates     303 k
 trousers                    x86_64     0.3.13-13.fc31        fedora      150 k

Transaction Summary
================================================================================
Install   9 Packages
Upgrade  27 Packages

Total download size: 20 M
Downloading Packages:
(1/36): mkpasswd-5.5.6-1.fc31.x86_64.rpm        239 kB/s |  41 kB     00:00    
(2/36): libxkbcommon-0.9.1-3.fc31.x86_64.rpm    435 kB/s | 120 kB     00:00    
(3/36): pcre2-syntax-10.34-8.fc31.noarch.rpm    503 kB/s | 140 kB     00:00    
(4/36): whois-nls-5.5.6-1.fc31.noarch.rpm       623 kB/s |  34 kB     00:00    
(5/36): shared-mime-info-1.15-1.fc31.x86_64.rpm 1.9 MB/s | 303 kB     00:00    
(6/36): xkeyboard-config-2.28-1.fc31.noarch.rpm 4.5 MB/s | 753 kB     00:00    
(7/36): trousers-0.3.13-13.fc31.x86_64.rpm      604 kB/s | 150 kB     00:00    
(8/36): diffutils-3.7-3.fc31.x86_64.rpm         1.4 MB/s | 401 kB     00:00    
(9/36): trousers-lib-0.3.13-13.fc31.x86_64.rpm  828 kB/s | 171 kB     00:00    
(10/36): glib2-2.62.6-1.fc31.x86_64.rpm          14 MB/s | 2.6 MB     00:00    
(11/36): coreutils-common-8.31-9.fc31.x86_64.rp 8.2 MB/s | 1.9 MB     00:00    
(12/36): coreutils-8.31-9.fc31.x86_64.rpm       4.2 MB/s | 1.1 MB     00:00    
(13/36): gnutls-3.6.12-2.fc31.x86_64.rpm         14 MB/s | 975 kB     00:00    
(14/36): libarchive-3.4.2-1.fc31.x86_64.rpm     5.8 MB/s | 384 kB     00:00    
(15/36): libdnf-0.43.1-5.fc31.x86_64.rpm        9.6 MB/s | 633 kB     00:00    
(16/36): libgcc-9.3.1-1.fc31.x86_64.rpm         1.8 MB/s | 101 kB     00:00    
(17/36): libgomp-9.3.1-1.fc31.x86_64.rpm        4.1 MB/s | 237 kB     00:00    
(18/36): libpcap-1.9.1-2.fc31.x86_64.rpm        2.9 MB/s | 168 kB     00:00    
(19/36): libsss_idmap-2.2.3-13.fc31.x86_64.rpm  852 kB/s |  46 kB     00:00    
(20/36): libsss_nss_idmap-2.2.3-13.fc31.x86_64. 990 kB/s |  53 kB     00:00    
(21/36): libstdc++-9.3.1-1.fc31.x86_64.rpm      9.7 MB/s | 633 kB     00:00    
(22/36): libtirpc-1.2.5-1.rc2.fc31.x86_64.rpm   1.7 MB/s |  98 kB     00:00    
(23/36): libxcrypt-4.4.15-1.fc31.x86_64.rpm     2.2 MB/s | 126 kB     00:00    
(24/36): pcre-8.44-1.fc31.x86_64.rpm            3.3 MB/s | 192 kB     00:00    
(25/36): pcre2-10.34-8.fc31.x86_64.rpm          3.8 MB/s | 222 kB     00:00    
(26/36): python-setuptools-wheel-41.6.0-1.fc31. 4.7 MB/s | 281 kB     00:00    
(27/36): python3-hawkey-0.43.1-5.fc31.x86_64.rp 1.8 MB/s | 101 kB     00:00    
(28/36): python3-libdnf-0.43.1-5.fc31.x86_64.rp  10 MB/s | 702 kB     00:00    
(29/36): shadow-utils-4.6-17.fc31.x86_64.rpm     14 MB/s | 1.2 MB     00:00    
(30/36): sssd-client-2.2.3-13.fc31.x86_64.rpm   1.5 MB/s | 110 kB     00:00    
(31/36): sudo-1.9.0-0.1.b1.fc31.x86_64.rpm       14 MB/s | 1.0 MB     00:00    
(32/36): systemd-libs-243.8-1.fc31.x86_64.rpm   8.2 MB/s | 523 kB     00:00    
(33/36): systemd-pam-243.8-1.fc31.x86_64.rpm    2.8 MB/s | 165 kB     00:00    
(34/36): systemd-rpm-macros-243.8-1.fc31.noarch 382 kB/s |  20 kB     00:00    
(35/36): systemd-243.8-1.fc31.x86_64.rpm         26 MB/s | 3.8 MB     00:00    
(36/36): vim-minimal-8.2.348-1.fc31.x86_64.rpm  9.9 MB/s | 645 kB     00:00    
--------------------------------------------------------------------------------
Total                                            12 MB/s |  20 MB     00:01     
Running transaction check
Transaction check succeeded.
Running transaction test
Transaction test succeeded.
Running transaction
  Preparing        :                                                        1/1 
  Running scriptlet: libgcc-9.3.1-1.fc31.x86_64                             1/1 
  Upgrading        : libgcc-9.3.1-1.fc31.x86_64                            1/63 
  Running scriptlet: libgcc-9.3.1-1.fc31.x86_64                            1/63 
  Upgrading        : libstdc++-9.3.1-1.fc31.x86_64                         2/63 
  Upgrading        : vim-minimal-2:8.2.348-1.fc31.x86_64                   3/63 
  Upgrading        : systemd-rpm-macros-243.8-1.fc31.noarch                4/63 
  Upgrading        : pcre-8.44-1.fc31.x86_64                               5/63 
  Upgrading        : glib2-2.62.6-1.fc31.x86_64                            6/63 
  Installing       : shared-mime-info-1.15-1.fc31.x86_64                   7/63 
  Running scriptlet: shared-mime-info-1.15-1.fc31.x86_64                   7/63 
  Upgrading        : libdnf-0.43.1-5.fc31.x86_64                           8/63 
  Upgrading        : python3-libdnf-0.43.1-5.fc31.x86_64                   9/63 
  Upgrading        : libsss_nss_idmap-2.2.3-13.fc31.x86_64                10/63 
  Upgrading        : libsss_idmap-2.2.3-13.fc31.x86_64                    11/63 
  Upgrading        : coreutils-common-8.31-9.fc31.x86_64                  12/63 
  Upgrading        : coreutils-8.31-9.fc31.x86_64                         13/63 
  Upgrading        : systemd-libs-243.8-1.fc31.x86_64                     14/63 
  Running scriptlet: systemd-libs-243.8-1.fc31.x86_64                     14/63 
  Installing       : trousers-lib-0.3.13-13.fc31.x86_64                   15/63 
  Installing       : diffutils-3.7-3.fc31.x86_64                          16/63 
  Installing       : xkeyboard-config-2.28-1.fc31.noarch                  17/63 
  Installing       : libxkbcommon-0.9.1-3.fc31.x86_64                     18/63 
  Installing       : whois-nls-5.5.6-1.fc31.noarch                        19/63 
  Upgrading        : libxcrypt-4.4.15-1.fc31.x86_64                       20/63 
  Installing       : mkpasswd-5.5.6-1.fc31.x86_64                         21/63 
  Upgrading        : shadow-utils-2:4.6-17.fc31.x86_64                    22/63 
  Installing       : pcre2-syntax-10.34-8.fc31.noarch                     23/63 
  Upgrading        : pcre2-10.34-8.fc31.x86_64                            24/63 
  Upgrading        : gnutls-3.6.12-2.fc31.x86_64                          25/63 
  Upgrading        : systemd-pam-243.8-1.fc31.x86_64                      26/63 
  Running scriptlet: systemd-243.8-1.fc31.x86_64                          27/63 
  Upgrading        : systemd-243.8-1.fc31.x86_64                          27/63 
  Running scriptlet: systemd-243.8-1.fc31.x86_64                          27/63 
  Running scriptlet: trousers-0.3.13-13.fc31.x86_64                       28/63 
  Installing       : trousers-0.3.13-13.fc31.x86_64                       28/63 
  Running scriptlet: trousers-0.3.13-13.fc31.x86_64                       28/63 
  Upgrading        : sudo-1.9.0-0.1.b1.fc31.x86_64                        29/63 
  Running scriptlet: sudo-1.9.0-0.1.b1.fc31.x86_64                        29/63 
  Upgrading        : sssd-client-2.2.3-13.fc31.x86_64                     30/63 
  Running scriptlet: sssd-client-2.2.3-13.fc31.x86_64                     30/63 
  Upgrading        : python3-hawkey-0.43.1-5.fc31.x86_64                  31/63 
  Upgrading        : python-setuptools-wheel-41.6.0-1.fc31.noarch         32/63 
  Upgrading        : libtirpc-1.2.5-1.rc2.fc31.x86_64                     33/63 
  Upgrading        : libpcap-14:1.9.1-2.fc31.x86_64                       34/63 
  Upgrading        : libgomp-9.3.1-1.fc31.x86_64                          35/63 
  Upgrading        : libarchive-3.4.2-1.fc31.x86_64                       36/63 
  Cleanup          : python-setuptools-wheel-41.2.0-1.fc31.noarch         37/63 
  Running scriptlet: systemd-243.7-1.fc31.x86_64                          38/63 
  Cleanup          : systemd-243.7-1.fc31.x86_64                          38/63 
  Cleanup          : python3-hawkey-0.43.1-2.fc31.x86_64                  39/63 
  Cleanup          : python3-libdnf-0.43.1-2.fc31.x86_64                  40/63 
  Cleanup          : libdnf-0.43.1-2.fc31.x86_64                          41/63 
  Cleanup          : libstdc++-9.2.1-1.fc31.x86_64                        42/63 
  Running scriptlet: sssd-client-2.2.2-3.fc31.x86_64                      43/63 
  Cleanup          : sssd-client-2.2.2-3.fc31.x86_64                      43/63 
  Cleanup          : systemd-libs-243.7-1.fc31.x86_64                     44/63 
  Cleanup          : systemd-pam-243.7-1.fc31.x86_64                      45/63 
  Cleanup          : shadow-utils-2:4.6-16.fc31.x86_64                    46/63 
  Cleanup          : sudo-1.8.29-1.fc31.x86_64                            47/63 
  Cleanup          : systemd-rpm-macros-243.7-1.fc31.noarch               48/63 
  Cleanup          : coreutils-8.31-6.fc31.x86_64                         49/63 
  Cleanup          : glib2-2.62.4-2.fc31.x86_64                           50/63 
  Cleanup          : coreutils-common-8.31-6.fc31.x86_64                  51/63 
  Cleanup          : pcre-8.43-2.fc31.1.x86_64                            52/63 
  Cleanup          : vim-minimal-2:8.2.236-1.fc31.x86_64                  53/63 
  Cleanup          : libxcrypt-4.4.12-1.fc31.x86_64                       54/63 
  Cleanup          : libgcc-9.2.1-1.fc31.x86_64                           55/63 
  Running scriptlet: libgcc-9.2.1-1.fc31.x86_64                           55/63 
  Cleanup          : libsss_idmap-2.2.2-3.fc31.x86_64                     56/63 
  Cleanup          : libsss_nss_idmap-2.2.2-3.fc31.x86_64                 57/63 
  Cleanup          : gnutls-3.6.11-1.fc31.x86_64                          58/63 
  Cleanup          : pcre2-10.34-5.fc31.x86_64                            59/63 
  Cleanup          : libtirpc-1.2.5-0.fc31.x86_64                         60/63 
  Cleanup          : libpcap-14:1.9.1-1.fc31.x86_64                       61/63 
  Cleanup          : libgomp-9.2.1-1.fc31.x86_64                          62/63 
  Cleanup          : libarchive-3.4.0-1.fc31.x86_64                       63/63 
  Running scriptlet: libarchive-3.4.0-1.fc31.x86_64                       63/63 
  Verifying        : libxkbcommon-0.9.1-3.fc31.x86_64                      1/63 
  Verifying        : mkpasswd-5.5.6-1.fc31.x86_64                          2/63 
  Verifying        : pcre2-syntax-10.34-8.fc31.noarch                      3/63 
  Verifying        : shared-mime-info-1.15-1.fc31.x86_64                   4/63 
  Verifying        : whois-nls-5.5.6-1.fc31.noarch                         5/63 
  Verifying        : xkeyboard-config-2.28-1.fc31.noarch                   6/63 
  Verifying        : diffutils-3.7-3.fc31.x86_64                           7/63 
  Verifying        : trousers-0.3.13-13.fc31.x86_64                        8/63 
  Verifying        : trousers-lib-0.3.13-13.fc31.x86_64                    9/63 
  Verifying        : coreutils-8.31-9.fc31.x86_64                         10/63 
  Verifying        : coreutils-8.31-6.fc31.x86_64                         11/63 
  Verifying        : coreutils-common-8.31-9.fc31.x86_64                  12/63 
  Verifying        : coreutils-common-8.31-6.fc31.x86_64                  13/63 
  Verifying        : glib2-2.62.6-1.fc31.x86_64                           14/63 
  Verifying        : glib2-2.62.4-2.fc31.x86_64                           15/63 
  Verifying        : gnutls-3.6.12-2.fc31.x86_64                          16/63 
  Verifying        : gnutls-3.6.11-1.fc31.x86_64                          17/63 
  Verifying        : libarchive-3.4.2-1.fc31.x86_64                       18/63 
  Verifying        : libarchive-3.4.0-1.fc31.x86_64                       19/63 
  Verifying        : libdnf-0.43.1-5.fc31.x86_64                          20/63 
  Verifying        : libdnf-0.43.1-2.fc31.x86_64                          21/63 
  Verifying        : libgcc-9.3.1-1.fc31.x86_64                           22/63 
  Verifying        : libgcc-9.2.1-1.fc31.x86_64                           23/63 
  Verifying        : libgomp-9.3.1-1.fc31.x86_64                          24/63 
  Verifying        : libgomp-9.2.1-1.fc31.x86_64                          25/63 
  Verifying        : libpcap-14:1.9.1-2.fc31.x86_64                       26/63 
  Verifying        : libpcap-14:1.9.1-1.fc31.x86_64                       27/63 
  Verifying        : libsss_idmap-2.2.3-13.fc31.x86_64                    28/63 
  Verifying        : libsss_idmap-2.2.2-3.fc31.x86_64                     29/63 
  Verifying        : libsss_nss_idmap-2.2.3-13.fc31.x86_64                30/63 
  Verifying        : libsss_nss_idmap-2.2.2-3.fc31.x86_64                 31/63 
  Verifying        : libstdc++-9.3.1-1.fc31.x86_64                        32/63 
  Verifying        : libstdc++-9.2.1-1.fc31.x86_64                        33/63 
  Verifying        : libtirpc-1.2.5-1.rc2.fc31.x86_64                     34/63 
  Verifying        : libtirpc-1.2.5-0.fc31.x86_64                         35/63 
  Verifying        : libxcrypt-4.4.15-1.fc31.x86_64                       36/63 
  Verifying        : libxcrypt-4.4.12-1.fc31.x86_64                       37/63 
  Verifying        : pcre-8.44-1.fc31.x86_64                              38/63 
  Verifying        : pcre-8.43-2.fc31.1.x86_64                            39/63 
  Verifying        : pcre2-10.34-8.fc31.x86_64                            40/63 
  Verifying        : pcre2-10.34-5.fc31.x86_64                            41/63 
  Verifying        : python-setuptools-wheel-41.6.0-1.fc31.noarch         42/63 
  Verifying        : python-setuptools-wheel-41.2.0-1.fc31.noarch         43/63 
  Verifying        : python3-hawkey-0.43.1-5.fc31.x86_64                  44/63 
  Verifying        : python3-hawkey-0.43.1-2.fc31.x86_64                  45/63 
  Verifying        : python3-libdnf-0.43.1-5.fc31.x86_64                  46/63 
  Verifying        : python3-libdnf-0.43.1-2.fc31.x86_64                  47/63 
  Verifying        : shadow-utils-2:4.6-17.fc31.x86_64                    48/63 
  Verifying        : shadow-utils-2:4.6-16.fc31.x86_64                    49/63 
  Verifying        : sssd-client-2.2.3-13.fc31.x86_64                     50/63 
  Verifying        : sssd-client-2.2.2-3.fc31.x86_64                      51/63 
  Verifying        : sudo-1.9.0-0.1.b1.fc31.x86_64                        52/63 
  Verifying        : sudo-1.8.29-1.fc31.x86_64                            53/63 
  Verifying        : systemd-243.8-1.fc31.x86_64                          54/63 
  Verifying        : systemd-243.7-1.fc31.x86_64                          55/63 
  Verifying        : systemd-libs-243.8-1.fc31.x86_64                     56/63 
  Verifying        : systemd-libs-243.7-1.fc31.x86_64                     57/63 
  Verifying        : systemd-pam-243.8-1.fc31.x86_64                      58/63 
  Verifying        : systemd-pam-243.7-1.fc31.x86_64                      59/63 
  Verifying        : systemd-rpm-macros-243.8-1.fc31.noarch               60/63 
  Verifying        : systemd-rpm-macros-243.7-1.fc31.noarch               61/63 
  Verifying        : vim-minimal-2:8.2.348-1.fc31.x86_64                  62/63 
  Verifying        : vim-minimal-2:8.2.236-1.fc31.x86_64                  63/63 

Upgraded:
  coreutils-8.31-9.fc31.x86_64                                                  
  coreutils-common-8.31-9.fc31.x86_64                                           
  glib2-2.62.6-1.fc31.x86_64                                                    
  gnutls-3.6.12-2.fc31.x86_64                                                   
  libarchive-3.4.2-1.fc31.x86_64                                                
  libdnf-0.43.1-5.fc31.x86_64                                                   
  libgcc-9.3.1-1.fc31.x86_64                                                    
  libgomp-9.3.1-1.fc31.x86_64                                                   
  libpcap-14:1.9.1-2.fc31.x86_64                                                
  libsss_idmap-2.2.3-13.fc31.x86_64                                             
  libsss_nss_idmap-2.2.3-13.fc31.x86_64                                         
  libstdc++-9.3.1-1.fc31.x86_64                                                 
  libtirpc-1.2.5-1.rc2.fc31.x86_64                                              
  libxcrypt-4.4.15-1.fc31.x86_64                                                
  pcre-8.44-1.fc31.x86_64                                                       
  pcre2-10.34-8.fc31.x86_64                                                     
  python-setuptools-wheel-41.6.0-1.fc31.noarch                                  
  python3-hawkey-0.43.1-5.fc31.x86_64                                           
  python3-libdnf-0.43.1-5.fc31.x86_64                                           
  shadow-utils-2:4.6-17.fc31.x86_64                                             
  sssd-client-2.2.3-13.fc31.x86_64                                              
  sudo-1.9.0-0.1.b1.fc31.x86_64                                                 
  systemd-243.8-1.fc31.x86_64                                                   
  systemd-libs-243.8-1.fc31.x86_64                                              
  systemd-pam-243.8-1.fc31.x86_64                                               
  systemd-rpm-macros-243.8-1.fc31.noarch                                        
  vim-minimal-2:8.2.348-1.fc31.x86_64                                           

Installed:
  diffutils-3.7-3.fc31.x86_64              libxkbcommon-0.9.1-3.fc31.x86_64     
  mkpasswd-5.5.6-1.fc31.x86_64             pcre2-syntax-10.34-8.fc31.noarch     
  shared-mime-info-1.15-1.fc31.x86_64      trousers-0.3.13-13.fc31.x86_64       
  trousers-lib-0.3.13-13.fc31.x86_64       whois-nls-5.5.6-1.fc31.noarch        
  xkeyboard-config-2.28-1.fc31.noarch     

Complete!
33 files removed
Removing intermediate container 44b8298cc53e
 ---> f098558b97cf
Step 4/4 : RUN yum -y install ruby-devel git && yum clean all
 ---> Running in b5c50a7db11d
Fedora Modular 31 - x86_64                      5.0 MB/s | 5.2 MB     00:01    
Fedora Modular 31 - x86_64 - Updates            3.7 MB/s | 4.0 MB     00:01    
Fedora 31 - x86_64 - Updates                     14 MB/s |  23 MB     00:01    
Fedora 31 - x86_64                               17 MB/s |  71 MB     00:04    
Last metadata expiration check: 0:00:01 ago on Sat Apr  4 01:21:23 2020.
Dependencies resolved.
================================================================================
 Package                  Arch     Version                      Repo       Size
================================================================================
Installing:
 git                      x86_64   2.25.1-2.fc31                updates   126 k
 ruby-devel               x86_64   2.6.5-124.fc31               updates   184 k
Installing dependencies:
 emacs-filesystem         noarch   1:26.3-1.fc31                updates   8.5 k
 fipscheck                x86_64   1.5.0-7.fc31                 fedora     26 k
 fipscheck-lib            x86_64   1.5.0-7.fc31                 fedora     14 k
 git-core                 x86_64   2.25.1-2.fc31                updates   4.7 M
 git-core-doc             noarch   2.25.1-2.fc31                updates   2.2 M
 groff-base               x86_64   1.22.3-20.fc31               fedora    1.0 M
 less                     x86_64   551-2.fc31                   fedora    154 k
 libedit                  x86_64   3.1-30.20191211cvs.fc31      updates   105 k
 libpkgconf               x86_64   1.6.3-2.fc31                 fedora     37 k
 openssh                  x86_64   8.1p1-1.fc31                 updates   440 k
 openssh-clients          x86_64   8.1p1-1.fc31                 updates   601 k
 perl-Carp                noarch   1.50-439.fc31                fedora     29 k
 perl-Data-Dumper         x86_64   2.174-440.fc31               fedora     57 k
 perl-Digest              noarch   1.17-439.fc31                fedora     24 k
 perl-Digest-MD5          x86_64   2.55-439.fc31                fedora     36 k
 perl-Encode              x86_64   4:3.04-442.fc31              updates   1.8 M
 perl-Errno               x86_64   1.30-450.fc31                updates    24 k
 perl-Error               noarch   1:0.17028-1.fc31             fedora     42 k
 perl-Exporter            noarch   5.74-1.fc31                  updates    32 k
 perl-File-Path           noarch   2.16-439.fc31                fedora     36 k
 perl-File-Temp           noarch   1:0.230.900-439.fc31         fedora     60 k
 perl-Getopt-Long         noarch   1:2.51-1.fc31                fedora     60 k
 perl-Git                 noarch   2.25.1-2.fc31                updates    45 k
 perl-HTTP-Tiny           noarch   0.076-439.fc31               fedora     55 k
 perl-IO                  x86_64   1.40-450.fc31                updates    91 k
 perl-MIME-Base64         x86_64   3.15-439.fc31                fedora     30 k
 perl-Net-SSLeay          x86_64   1.88-3.fc31                  fedora    355 k
 perl-PathTools           x86_64   3.78-439.fc31                fedora     86 k
 perl-Pod-Escapes         noarch   1:1.07-439.fc31              fedora     20 k
 perl-Pod-Perldoc         noarch   3.28.01-442.fc31             fedora     85 k
 perl-Pod-Simple          noarch   1:3.39-2.fc31                fedora    214 k
 perl-Pod-Usage           noarch   4:1.70-1.fc31                updates    33 k
 perl-Scalar-List-Utils   x86_64   3:1.53-439.fc31              updates    66 k
 perl-Socket              x86_64   4:2.029-4.fc31               fedora     56 k
 perl-Storable            x86_64   1:3.15-442.fc31              updates    97 k
 perl-Term-ANSIColor      noarch   4.06-440.fc31                fedora     44 k
 perl-Term-Cap            noarch   1.17-439.fc31                fedora     22 k
 perl-TermReadKey         x86_64   2.38-4.fc31                  fedora     36 k
 perl-Text-ParseWords     noarch   3.30-439.fc31                fedora     16 k
 perl-Text-Tabs+Wrap      noarch   2013.0523-439.fc31           fedora     23 k
 perl-Time-Local          noarch   2:1.300-1.fc31               updates    34 k
 perl-URI                 noarch   1.76-5.fc31                  fedora    108 k
 perl-Unicode-Normalize   x86_64   1.26-439.fc31                fedora     97 k
 perl-constant            noarch   1.33-440.fc31                fedora     23 k
 perl-interpreter         x86_64   4:5.30.2-450.fc31            updates   6.0 M
 perl-libnet              noarch   3.11-440.fc31                fedora    117 k
 perl-libs                x86_64   4:5.30.2-450.fc31            updates   1.7 M
 perl-macros              x86_64   4:5.30.2-450.fc31            updates    20 k
 perl-parent              noarch   1:0.237-439.fc31             fedora     14 k
 perl-podlators           noarch   1:4.12-2.fc31                fedora    113 k
 perl-threads             x86_64   1:2.22-439.fc31              fedora     58 k
 perl-threads-shared      x86_64   1.60-440.fc31                fedora     44 k
 pkgconf                  x86_64   1.6.3-2.fc31                 fedora     41 k
 pkgconf-m4               noarch   1.6.3-2.fc31                 fedora     15 k
 pkgconf-pkg-config       x86_64   1.6.3-2.fc31                 fedora     11 k
 ruby                     x86_64   2.6.5-124.fc31               updates    42 k
 ruby-libs                x86_64   2.6.5-124.fc31               updates   3.0 M
 rubygem-irb              noarch   1.0.0-124.fc31               updates    64 k
 rubygem-json             x86_64   2.2.0-201.fc31               fedora     57 k
 rubygem-openssl          x86_64   2.1.2-124.fc31               updates   154 k
 rubygem-psych            x86_64   3.1.0-124.fc31               updates    51 k
 rubygems                 noarch   3.0.3-124.fc31               updates   247 k
 rubypick                 noarch   1.1.1-11.fc31                fedora    9.8 k
Installing weak dependencies:
 perl-IO-Socket-IP        noarch   0.39-440.fc31                fedora     42 k
 perl-IO-Socket-SSL       noarch   2.066-7.fc31                 updates   238 k
 perl-Mozilla-CA          noarch   20180117-6.fc31              fedora     12 k
 rubygem-bigdecimal       x86_64   1.4.1-124.fc31               updates    57 k
 rubygem-did_you_mean     noarch   1.3.0-124.fc31               updates    37 k
 rubygem-io-console       x86_64   0.4.7-124.fc31               updates    22 k
 rubygem-rdoc             noarch   6.1.2-124.fc31               updates   408 k

Transaction Summary
================================================================================
Install  72 Packages

Total download size: 26 M
Installed size: 105 M
Downloading Packages:
(1/72): emacs-filesystem-26.3-1.fc31.noarch.rpm 146 kB/s | 8.5 kB     00:00    
(2/72): git-2.25.1-2.fc31.x86_64.rpm            845 kB/s | 126 kB     00:00    
(3/72): libedit-3.1-30.20191211cvs.fc31.x86_64. 2.4 MB/s | 105 kB     00:00    
(4/72): git-core-doc-2.25.1-2.fc31.noarch.rpm   9.6 MB/s | 2.2 MB     00:00    
(5/72): openssh-8.1p1-1.fc31.x86_64.rpm         4.6 MB/s | 440 kB     00:00    
(6/72): git-core-2.25.1-2.fc31.x86_64.rpm        15 MB/s | 4.7 MB     00:00    
(7/72): openssh-clients-8.1p1-1.fc31.x86_64.rpm  15 MB/s | 601 kB     00:00    
(8/72): perl-Errno-1.30-450.fc31.x86_64.rpm     865 kB/s |  24 kB     00:00    
(9/72): perl-Exporter-5.74-1.fc31.noarch.rpm    1.1 MB/s |  32 kB     00:00    
(10/72): perl-Git-2.25.1-2.fc31.noarch.rpm      1.5 MB/s |  45 kB     00:00    
(11/72): perl-IO-1.40-450.fc31.x86_64.rpm       3.1 MB/s |  91 kB     00:00    
(12/72): perl-Encode-3.04-442.fc31.x86_64.rpm    15 MB/s | 1.8 MB     00:00    
(13/72): perl-IO-Socket-SSL-2.066-7.fc31.noarch 6.9 MB/s | 238 kB     00:00    
(14/72): perl-Pod-Usage-1.70-1.fc31.noarch.rpm  1.1 MB/s |  33 kB     00:00    
(15/72): perl-Scalar-List-Utils-1.53-439.fc31.x 2.2 MB/s |  66 kB     00:00    
(16/72): perl-Storable-3.15-442.fc31.x86_64.rpm 3.3 MB/s |  97 kB     00:00    
(17/72): perl-Time-Local-1.300-1.fc31.noarch.rp 1.2 MB/s |  34 kB     00:00    
(18/72): perl-macros-5.30.2-450.fc31.x86_64.rpm 708 kB/s |  20 kB     00:00    
(19/72): perl-libs-5.30.2-450.fc31.x86_64.rpm    33 MB/s | 1.7 MB     00:00    
(20/72): ruby-2.6.5-124.fc31.x86_64.rpm         1.4 MB/s |  42 kB     00:00    
(21/72): ruby-devel-2.6.5-124.fc31.x86_64.rpm   5.7 MB/s | 184 kB     00:00    
(22/72): perl-interpreter-5.30.2-450.fc31.x86_6  49 MB/s | 6.0 MB     00:00    
(23/72): rubygem-bigdecimal-1.4.1-124.fc31.x86_ 510 kB/s |  57 kB     00:00    
(24/72): ruby-libs-2.6.5-124.fc31.x86_64.rpm     19 MB/s | 3.0 MB     00:00    
(25/72): rubygem-did_you_mean-1.3.0-124.fc31.no 390 kB/s |  37 kB     00:00    
(26/72): rubygem-openssl-2.1.2-124.fc31.x86_64. 4.9 MB/s | 154 kB     00:00    
(27/72): rubygem-psych-3.1.0-124.fc31.x86_64.rp 1.7 MB/s |  51 kB     00:00    
(28/72): rubygem-io-console-0.4.7-124.fc31.x86_ 269 kB/s |  22 kB     00:00    
(29/72): rubygem-irb-1.0.0-124.fc31.noarch.rpm  944 kB/s |  64 kB     00:00    
(30/72): rubygems-3.0.3-124.fc31.noarch.rpm     7.6 MB/s | 247 kB     00:00    
(31/72): rubygem-rdoc-6.1.2-124.fc31.noarch.rpm 7.3 MB/s | 408 kB     00:00    
(32/72): fipscheck-lib-1.5.0-7.fc31.x86_64.rpm  212 kB/s |  14 kB     00:00    
(33/72): fipscheck-1.5.0-7.fc31.x86_64.rpm      231 kB/s |  26 kB     00:00    
(34/72): libpkgconf-1.6.3-2.fc31.x86_64.rpm     665 kB/s |  37 kB     00:00    
(35/72): perl-Carp-1.50-439.fc31.noarch.rpm     1.0 MB/s |  29 kB     00:00    
(36/72): less-551-2.fc31.x86_64.rpm             1.1 MB/s | 154 kB     00:00    
(37/72): perl-Data-Dumper-2.174-440.fc31.x86_64 921 kB/s |  57 kB     00:00    
(38/72): perl-Digest-1.17-439.fc31.noarch.rpm   501 kB/s |  24 kB     00:00    
(39/72): perl-Digest-MD5-2.55-439.fc31.x86_64.r 1.1 MB/s |  36 kB     00:00    
(40/72): perl-Error-0.17028-1.fc31.noarch.rpm   1.3 MB/s |  42 kB     00:00    
(41/72): perl-File-Path-2.16-439.fc31.noarch.rp 1.0 MB/s |  36 kB     00:00    
(42/72): perl-File-Temp-0.230.900-439.fc31.noar 1.7 MB/s |  60 kB     00:00    
(43/72): perl-HTTP-Tiny-0.076-439.fc31.noarch.r 1.9 MB/s |  55 kB     00:00    
(44/72): perl-Getopt-Long-2.51-1.fc31.noarch.rp 955 kB/s |  60 kB     00:00    
(45/72): groff-base-1.22.3-20.fc31.x86_64.rpm   2.9 MB/s | 1.0 MB     00:00    
(46/72): perl-IO-Socket-IP-0.39-440.fc31.noarch 1.2 MB/s |  42 kB     00:00    
(47/72): perl-MIME-Base64-3.15-439.fc31.x86_64. 976 kB/s |  30 kB     00:00    
(48/72): perl-Mozilla-CA-20180117-6.fc31.noarch 427 kB/s |  12 kB     00:00    
(49/72): perl-Pod-Escapes-1.07-439.fc31.noarch. 492 kB/s |  20 kB     00:00    
(50/72): perl-PathTools-3.78-439.fc31.x86_64.rp 1.4 MB/s |  86 kB     00:00    
(51/72): perl-Pod-Perldoc-3.28.01-442.fc31.noar 2.4 MB/s |  85 kB     00:00    
(52/72): perl-Net-SSLeay-1.88-3.fc31.x86_64.rpm 2.9 MB/s | 355 kB     00:00    
(53/72): perl-Socket-2.029-4.fc31.x86_64.rpm    1.9 MB/s |  56 kB     00:00    
(54/72): perl-Term-ANSIColor-4.06-440.fc31.noar 1.3 MB/s |  44 kB     00:00    
(55/72): perl-Term-Cap-1.17-439.fc31.noarch.rpm 767 kB/s |  22 kB     00:00    
(56/72): perl-TermReadKey-2.38-4.fc31.x86_64.rp 1.1 MB/s |  36 kB     00:00    
(57/72): perl-Pod-Simple-3.39-2.fc31.noarch.rpm 1.8 MB/s | 214 kB     00:00    
(58/72): perl-Text-ParseWords-3.30-439.fc31.noa 463 kB/s |  16 kB     00:00    
(59/72): perl-Text-Tabs+Wrap-2013.0523-439.fc31 813 kB/s |  23 kB     00:00    
(60/72): perl-Unicode-Normalize-1.26-439.fc31.x 2.9 MB/s |  97 kB     00:00    
(61/72): perl-URI-1.76-5.fc31.noarch.rpm        1.9 MB/s | 108 kB     00:00    
(62/72): perl-constant-1.33-440.fc31.noarch.rpm 747 kB/s |  23 kB     00:00    
(63/72): perl-libnet-3.11-440.fc31.noarch.rpm   3.3 MB/s | 117 kB     00:00    
(64/72): perl-podlators-4.12-2.fc31.noarch.rpm  3.5 MB/s | 113 kB     00:00    
(65/72): perl-parent-0.237-439.fc31.noarch.rpm  410 kB/s |  14 kB     00:00    
(66/72): perl-threads-2.22-439.fc31.x86_64.rpm  1.7 MB/s |  58 kB     00:00    
(67/72): perl-threads-shared-1.60-440.fc31.x86_ 1.5 MB/s |  44 kB     00:00    
(68/72): pkgconf-1.6.3-2.fc31.x86_64.rpm        1.4 MB/s |  41 kB     00:00    
(69/72): pkgconf-m4-1.6.3-2.fc31.noarch.rpm     531 kB/s |  15 kB     00:00    
(70/72): pkgconf-pkg-config-1.6.3-2.fc31.x86_64 371 kB/s |  11 kB     00:00    
(71/72): rubygem-json-2.2.0-201.fc31.x86_64.rpm 1.6 MB/s |  57 kB     00:00    
(72/72): rubypick-1.1.1-11.fc31.noarch.rpm      284 kB/s | 9.8 kB     00:00    
--------------------------------------------------------------------------------
Total                                            14 MB/s |  26 MB     00:01     
Running transaction check
Transaction check succeeded.
Running transaction test
Transaction test succeeded.
Running transaction
  Preparing        :                                                        1/1 
  Installing       : perl-libs-4:5.30.2-450.fc31.x86_64                    1/72 
  Installing       : perl-Carp-1.50-439.fc31.noarch                        2/72 
  Installing       : perl-Exporter-5.74-1.fc31.noarch                      3/72 
  Installing       : ruby-libs-2.6.5-124.fc31.x86_64                       4/72 
  Installing       : perl-Scalar-List-Utils-3:1.53-439.fc31.x86_64         5/72 
  Installing       : perl-parent-1:0.237-439.fc31.noarch                   6/72 
  Installing       : rubygem-bigdecimal-1.4.1-124.fc31.x86_64              7/72 
  Installing       : rubygem-did_you_mean-1.3.0-124.fc31.noarch            8/72 
  Installing       : rubygem-io-console-0.4.7-124.fc31.x86_64              9/72 
  Installing       : rubygem-irb-1.0.0-124.fc31.noarch                    10/72 
  Installing       : rubygem-openssl-2.1.2-124.fc31.x86_64                11/72 
  Installing       : rubygem-psych-3.1.0-124.fc31.x86_64                  12/72 
  Installing       : rubygem-rdoc-6.1.2-124.fc31.noarch                   13/72 
  Installing       : rubygem-json-2.2.0-201.fc31.x86_64                   14/72 
  Installing       : rubygems-3.0.3-124.fc31.noarch                       15/72 
  Installing       : rubypick-1.1.1-11.fc31.noarch                        16/72 
  Installing       : ruby-2.6.5-124.fc31.x86_64                           17/72 
  Installing       : perl-Text-ParseWords-3.30-439.fc31.noarch            18/72 
  Installing       : perl-Term-ANSIColor-4.06-440.fc31.noarch             19/72 
  Installing       : perl-Unicode-Normalize-1.26-439.fc31.x86_64          20/72 
  Installing       : perl-Socket-4:2.029-4.fc31.x86_64                    21/72 
  Installing       : perl-Errno-1.30-450.fc31.x86_64                      22/72 
  Installing       : perl-macros-4:5.30.2-450.fc31.x86_64                 23/72 
  Installing       : perl-IO-1.40-450.fc31.x86_64                         24/72 
  Installing       : perl-Text-Tabs+Wrap-2013.0523-439.fc31.noarch        25/72 
  Installing       : perl-constant-1.33-440.fc31.noarch                   26/72 
  Installing       : perl-PathTools-3.78-439.fc31.x86_64                  27/72 
  Installing       : perl-threads-1:2.22-439.fc31.x86_64                  28/72 
  Installing       : perl-threads-shared-1.60-440.fc31.x86_64             29/72 
  Installing       : perl-File-Path-2.16-439.fc31.noarch                  30/72 
  Installing       : perl-interpreter-4:5.30.2-450.fc31.x86_64            31/72 
  Installing       : perl-MIME-Base64-3.15-439.fc31.x86_64                32/72 
  Installing       : perl-IO-Socket-IP-0.39-440.fc31.noarch               33/72 
  Installing       : perl-Time-Local-2:1.300-1.fc31.noarch                34/72 
  Installing       : perl-File-Temp-1:0.230.900-439.fc31.noarch           35/72 
  Installing       : perl-Digest-1.17-439.fc31.noarch                     36/72 
  Installing       : perl-Digest-MD5-2.55-439.fc31.x86_64                 37/72 
  Installing       : perl-Net-SSLeay-1.88-3.fc31.x86_64                   38/72 
  Installing       : perl-Storable-1:3.15-442.fc31.x86_64                 39/72 
  Installing       : perl-Data-Dumper-2.174-440.fc31.x86_64               40/72 
  Installing       : perl-Error-1:0.17028-1.fc31.noarch                   41/72 
  Installing       : perl-Pod-Escapes-1:1.07-439.fc31.noarch              42/72 
  Installing       : perl-Term-Cap-1.17-439.fc31.noarch                   43/72 
  Installing       : perl-TermReadKey-2.38-4.fc31.x86_64                  44/72 
  Installing       : perl-Mozilla-CA-20180117-6.fc31.noarch               45/72 
  Installing       : fipscheck-lib-1.5.0-7.fc31.x86_64                    46/72 
  Installing       : fipscheck-1.5.0-7.fc31.x86_64                        47/72 
  Running scriptlet: openssh-8.1p1-1.fc31.x86_64                          48/72 
  Installing       : openssh-8.1p1-1.fc31.x86_64                          48/72 
  Installing       : pkgconf-m4-1.6.3-2.fc31.noarch                       49/72 
  Installing       : libpkgconf-1.6.3-2.fc31.x86_64                       50/72 
  Installing       : pkgconf-1.6.3-2.fc31.x86_64                          51/72 
  Installing       : pkgconf-pkg-config-1.6.3-2.fc31.x86_64               52/72 
  Installing       : less-551-2.fc31.x86_64                               53/72 
  Installing       : groff-base-1.22.3-20.fc31.x86_64                     54/72 
  Installing       : perl-HTTP-Tiny-0.076-439.fc31.noarch                 55/72 
  Installing       : perl-libnet-3.11-440.fc31.noarch                     56/72 
  Installing       : perl-IO-Socket-SSL-2.066-7.fc31.noarch               57/72 
  Installing       : perl-URI-1.76-5.fc31.noarch                          58/72 
  Installing       : perl-Pod-Simple-1:3.39-2.fc31.noarch                 59/72 
  Installing       : perl-Getopt-Long-1:2.51-1.fc31.noarch                60/72 
  Installing       : perl-Encode-4:3.04-442.fc31.x86_64                   61/72 
  Installing       : perl-Pod-Usage-4:1.70-1.fc31.noarch                  62/72 
  Installing       : perl-podlators-1:4.12-2.fc31.noarch                  63/72 
  Installing       : perl-Pod-Perldoc-3.28.01-442.fc31.noarch             64/72 
  Installing       : libedit-3.1-30.20191211cvs.fc31.x86_64               65/72 
  Installing       : openssh-clients-8.1p1-1.fc31.x86_64                  66/72 
  Installing       : git-core-2.25.1-2.fc31.x86_64                        67/72 
  Installing       : git-core-doc-2.25.1-2.fc31.noarch                    68/72 
  Installing       : emacs-filesystem-1:26.3-1.fc31.noarch                69/72 
  Installing       : perl-Git-2.25.1-2.fc31.noarch                        70/72 
  Installing       : git-2.25.1-2.fc31.x86_64                             71/72 
  Installing       : ruby-devel-2.6.5-124.fc31.x86_64                     72/72 
  Running scriptlet: ruby-devel-2.6.5-124.fc31.x86_64                     72/72 
  Verifying        : emacs-filesystem-1:26.3-1.fc31.noarch                 1/72 
  Verifying        : git-2.25.1-2.fc31.x86_64                              2/72 
  Verifying        : git-core-2.25.1-2.fc31.x86_64                         3/72 
  Verifying        : git-core-doc-2.25.1-2.fc31.noarch                     4/72 
  Verifying        : libedit-3.1-30.20191211cvs.fc31.x86_64                5/72 
  Verifying        : openssh-8.1p1-1.fc31.x86_64                           6/72 
  Verifying        : openssh-clients-8.1p1-1.fc31.x86_64                   7/72 
  Verifying        : perl-Encode-4:3.04-442.fc31.x86_64                    8/72 
  Verifying        : perl-Errno-1.30-450.fc31.x86_64                       9/72 
  Verifying        : perl-Exporter-5.74-1.fc31.noarch                     10/72 
  Verifying        : perl-Git-2.25.1-2.fc31.noarch                        11/72 
  Verifying        : perl-IO-1.40-450.fc31.x86_64                         12/72 
  Verifying        : perl-IO-Socket-SSL-2.066-7.fc31.noarch               13/72 
  Verifying        : perl-Pod-Usage-4:1.70-1.fc31.noarch                  14/72 
  Verifying        : perl-Scalar-List-Utils-3:1.53-439.fc31.x86_64        15/72 
  Verifying        : perl-Storable-1:3.15-442.fc31.x86_64                 16/72 
  Verifying        : perl-Time-Local-2:1.300-1.fc31.noarch                17/72 
  Verifying        : perl-interpreter-4:5.30.2-450.fc31.x86_64            18/72 
  Verifying        : perl-libs-4:5.30.2-450.fc31.x86_64                   19/72 
  Verifying        : perl-macros-4:5.30.2-450.fc31.x86_64                 20/72 
  Verifying        : ruby-2.6.5-124.fc31.x86_64                           21/72 
  Verifying        : ruby-devel-2.6.5-124.fc31.x86_64                     22/72 
  Verifying        : ruby-libs-2.6.5-124.fc31.x86_64                      23/72 
  Verifying        : rubygem-bigdecimal-1.4.1-124.fc31.x86_64             24/72 
  Verifying        : rubygem-did_you_mean-1.3.0-124.fc31.noarch           25/72 
  Verifying        : rubygem-io-console-0.4.7-124.fc31.x86_64             26/72 
  Verifying        : rubygem-irb-1.0.0-124.fc31.noarch                    27/72 
  Verifying        : rubygem-openssl-2.1.2-124.fc31.x86_64                28/72 
  Verifying        : rubygem-psych-3.1.0-124.fc31.x86_64                  29/72 
  Verifying        : rubygem-rdoc-6.1.2-124.fc31.noarch                   30/72 
  Verifying        : rubygems-3.0.3-124.fc31.noarch                       31/72 
  Verifying        : fipscheck-1.5.0-7.fc31.x86_64                        32/72 
  Verifying        : fipscheck-lib-1.5.0-7.fc31.x86_64                    33/72 
  Verifying        : groff-base-1.22.3-20.fc31.x86_64                     34/72 
  Verifying        : less-551-2.fc31.x86_64                               35/72 
  Verifying        : libpkgconf-1.6.3-2.fc31.x86_64                       36/72 
  Verifying        : perl-Carp-1.50-439.fc31.noarch                       37/72 
  Verifying        : perl-Data-Dumper-2.174-440.fc31.x86_64               38/72 
  Verifying        : perl-Digest-1.17-439.fc31.noarch                     39/72 
  Verifying        : perl-Digest-MD5-2.55-439.fc31.x86_64                 40/72 
  Verifying        : perl-Error-1:0.17028-1.fc31.noarch                   41/72 
  Verifying        : perl-File-Path-2.16-439.fc31.noarch                  42/72 
  Verifying        : perl-File-Temp-1:0.230.900-439.fc31.noarch           43/72 
  Verifying        : perl-Getopt-Long-1:2.51-1.fc31.noarch                44/72 
  Verifying        : perl-HTTP-Tiny-0.076-439.fc31.noarch                 45/72 
  Verifying        : perl-IO-Socket-IP-0.39-440.fc31.noarch               46/72 
  Verifying        : perl-MIME-Base64-3.15-439.fc31.x86_64                47/72 
  Verifying        : perl-Mozilla-CA-20180117-6.fc31.noarch               48/72 
  Verifying        : perl-Net-SSLeay-1.88-3.fc31.x86_64                   49/72 
  Verifying        : perl-PathTools-3.78-439.fc31.x86_64                  50/72 
  Verifying        : perl-Pod-Escapes-1:1.07-439.fc31.noarch              51/72 
  Verifying        : perl-Pod-Perldoc-3.28.01-442.fc31.noarch             52/72 
  Verifying        : perl-Pod-Simple-1:3.39-2.fc31.noarch                 53/72 
  Verifying        : perl-Socket-4:2.029-4.fc31.x86_64                    54/72 
  Verifying        : perl-Term-ANSIColor-4.06-440.fc31.noarch             55/72 
  Verifying        : perl-Term-Cap-1.17-439.fc31.noarch                   56/72 
  Verifying        : perl-TermReadKey-2.38-4.fc31.x86_64                  57/72 
  Verifying        : perl-Text-ParseWords-3.30-439.fc31.noarch            58/72 
  Verifying        : perl-Text-Tabs+Wrap-2013.0523-439.fc31.noarch        59/72 
  Verifying        : perl-URI-1.76-5.fc31.noarch                          60/72 
  Verifying        : perl-Unicode-Normalize-1.26-439.fc31.x86_64          61/72 
  Verifying        : perl-constant-1.33-440.fc31.noarch                   62/72 
  Verifying        : perl-libnet-3.11-440.fc31.noarch                     63/72 
  Verifying        : perl-parent-1:0.237-439.fc31.noarch                  64/72 
  Verifying        : perl-podlators-1:4.12-2.fc31.noarch                  65/72 
  Verifying        : perl-threads-1:2.22-439.fc31.x86_64                  66/72 
  Verifying        : perl-threads-shared-1.60-440.fc31.x86_64             67/72 
  Verifying        : pkgconf-1.6.3-2.fc31.x86_64                          68/72 
  Verifying        : pkgconf-m4-1.6.3-2.fc31.noarch                       69/72 
  Verifying        : pkgconf-pkg-config-1.6.3-2.fc31.x86_64               70/72 
  Verifying        : rubygem-json-2.2.0-201.fc31.x86_64                   71/72 
  Verifying        : rubypick-1.1.1-11.fc31.noarch                        72/72 

Installed:
  emacs-filesystem-1:26.3-1.fc31.noarch                                         
  fipscheck-1.5.0-7.fc31.x86_64                                                 
  fipscheck-lib-1.5.0-7.fc31.x86_64                                             
  git-2.25.1-2.fc31.x86_64                                                      
  git-core-2.25.1-2.fc31.x86_64                                                 
  git-core-doc-2.25.1-2.fc31.noarch                                             
  groff-base-1.22.3-20.fc31.x86_64                                              
  less-551-2.fc31.x86_64                                                        
  libedit-3.1-30.20191211cvs.fc31.x86_64                                        
  libpkgconf-1.6.3-2.fc31.x86_64                                                
  openssh-8.1p1-1.fc31.x86_64                                                   
  openssh-clients-8.1p1-1.fc31.x86_64                                           
  perl-Carp-1.50-439.fc31.noarch                                                
  perl-Data-Dumper-2.174-440.fc31.x86_64                                        
  perl-Digest-1.17-439.fc31.noarch                                              
  perl-Digest-MD5-2.55-439.fc31.x86_64                                          
  perl-Encode-4:3.04-442.fc31.x86_64                                            
  perl-Errno-1.30-450.fc31.x86_64                                               
  perl-Error-1:0.17028-1.fc31.noarch                                            
  perl-Exporter-5.74-1.fc31.noarch                                              
  perl-File-Path-2.16-439.fc31.noarch                                           
  perl-File-Temp-1:0.230.900-439.fc31.noarch                                    
  perl-Getopt-Long-1:2.51-1.fc31.noarch                                         
  perl-Git-2.25.1-2.fc31.noarch                                                 
  perl-HTTP-Tiny-0.076-439.fc31.noarch                                          
  perl-IO-1.40-450.fc31.x86_64                                                  
  perl-IO-Socket-IP-0.39-440.fc31.noarch                                        
  perl-IO-Socket-SSL-2.066-7.fc31.noarch                                        
  perl-MIME-Base64-3.15-439.fc31.x86_64                                         
  perl-Mozilla-CA-20180117-6.fc31.noarch                                        
  perl-Net-SSLeay-1.88-3.fc31.x86_64                                            
  perl-PathTools-3.78-439.fc31.x86_64                                           
  perl-Pod-Escapes-1:1.07-439.fc31.noarch                                       
  perl-Pod-Perldoc-3.28.01-442.fc31.noarch                                      
  perl-Pod-Simple-1:3.39-2.fc31.noarch                                          
  perl-Pod-Usage-4:1.70-1.fc31.noarch                                           
  perl-Scalar-List-Utils-3:1.53-439.fc31.x86_64                                 
  perl-Socket-4:2.029-4.fc31.x86_64                                             
  perl-Storable-1:3.15-442.fc31.x86_64                                          
  perl-Term-ANSIColor-4.06-440.fc31.noarch                                      
  perl-Term-Cap-1.17-439.fc31.noarch                                            
  perl-TermReadKey-2.38-4.fc31.x86_64                                           
  perl-Text-ParseWords-3.30-439.fc31.noarch                                     
  perl-Text-Tabs+Wrap-2013.0523-439.fc31.noarch                                 
  perl-Time-Local-2:1.300-1.fc31.noarch                                         
  perl-URI-1.76-5.fc31.noarch                                                   
  perl-Unicode-Normalize-1.26-439.fc31.x86_64                                   
  perl-constant-1.33-440.fc31.noarch                                            
  perl-interpreter-4:5.30.2-450.fc31.x86_64                                     
  perl-libnet-3.11-440.fc31.noarch                                              
  perl-libs-4:5.30.2-450.fc31.x86_64                                            
  perl-macros-4:5.30.2-450.fc31.x86_64                                          
  perl-parent-1:0.237-439.fc31.noarch                                           
  perl-podlators-1:4.12-2.fc31.noarch                                           
  perl-threads-1:2.22-439.fc31.x86_64                                           
  perl-threads-shared-1.60-440.fc31.x86_64                                      
  pkgconf-1.6.3-2.fc31.x86_64                                                   
  pkgconf-m4-1.6.3-2.fc31.noarch                                                
  pkgconf-pkg-config-1.6.3-2.fc31.x86_64                                        
  ruby-2.6.5-124.fc31.x86_64                                                    
  ruby-devel-2.6.5-124.fc31.x86_64                                              
  ruby-libs-2.6.5-124.fc31.x86_64                                               
  rubygem-bigdecimal-1.4.1-124.fc31.x86_64                                      
  rubygem-did_you_mean-1.3.0-124.fc31.noarch                                    
  rubygem-io-console-0.4.7-124.fc31.x86_64                                      
  rubygem-irb-1.0.0-124.fc31.noarch                                             
  rubygem-json-2.2.0-201.fc31.x86_64                                            
  rubygem-openssl-2.1.2-124.fc31.x86_64                                         
  rubygem-psych-3.1.0-124.fc31.x86_64                                           
  rubygem-rdoc-6.1.2-124.fc31.noarch                                            
  rubygems-3.0.3-124.fc31.noarch                                                
  rubypick-1.1.1-11.fc31.noarch                                                 

Complete!
33 files removed
Removing intermediate container b5c50a7db11d
 ---> 85e3c53432d6
Successfully built 85e3c53432d6
Successfully tagged binacle:483733296
