Sending build context to Docker daemon  2.048kB
Step 1/6 : FROM fedora:20
20: Pulling from library/fedora
4abd98c7489c: Pulling fs layer
4abd98c7489c: Verifying Checksum
4abd98c7489c: Download complete
4abd98c7489c: Pull complete
Digest: sha256:5d5a02b873d298da9bca4b84440c5cd698b0832560c850d92cf389cef58bc549
Status: Downloaded newer image for fedora:20
 ---> ba74bddb630e
Step 2/6 : MAINTAINER http://fedoraproject.org/wiki/Cloud
 ---> Running in 063ab5e1ad61
Removing intermediate container 063ab5e1ad61
 ---> f724ec664a0c
Step 3/6 : RUN yum -y update && yum clean all
 ---> Running in a64ce216065e
No packages marked for update
Cleaning repos: fedora updates
Cleaning up everything
Removing intermediate container a64ce216065e
 ---> 2e0a62a54b23
Step 4/6 : RUN yum -y install python-pip python-django git sqlite && yum clean all
 ---> Running in 7b0d9f4dc90a
Package sqlite-3.8.10.1-1.fc20.x86_64 already installed and latest version
Resolving Dependencies
--> Running transaction check
---> Package git.x86_64 0:1.9.3-2.fc20 will be installed
--> Processing Dependency: perl-Git = 1.9.3-2.fc20 for package: git-1.9.3-2.fc20.x86_64
--> Processing Dependency: perl >= 5.008 for package: git-1.9.3-2.fc20.x86_64
--> Processing Dependency: perl(warnings) for package: git-1.9.3-2.fc20.x86_64
--> Processing Dependency: perl(strict) for package: git-1.9.3-2.fc20.x86_64
--> Processing Dependency: perl(lib) for package: git-1.9.3-2.fc20.x86_64
--> Processing Dependency: perl(Term::ReadKey) for package: git-1.9.3-2.fc20.x86_64
--> Processing Dependency: perl(Git) for package: git-1.9.3-2.fc20.x86_64
--> Processing Dependency: perl(Getopt::Long) for package: git-1.9.3-2.fc20.x86_64
--> Processing Dependency: perl(File::stat) for package: git-1.9.3-2.fc20.x86_64
--> Processing Dependency: perl(File::Temp) for package: git-1.9.3-2.fc20.x86_64
--> Processing Dependency: perl(File::Spec) for package: git-1.9.3-2.fc20.x86_64
--> Processing Dependency: perl(File::Path) for package: git-1.9.3-2.fc20.x86_64
--> Processing Dependency: perl(File::Find) for package: git-1.9.3-2.fc20.x86_64
--> Processing Dependency: perl(File::Copy) for package: git-1.9.3-2.fc20.x86_64
--> Processing Dependency: perl(File::Basename) for package: git-1.9.3-2.fc20.x86_64
--> Processing Dependency: perl(Error) for package: git-1.9.3-2.fc20.x86_64
--> Processing Dependency: /usr/bin/perl for package: git-1.9.3-2.fc20.x86_64
--> Processing Dependency: libgnome-keyring.so.0()(64bit) for package: git-1.9.3-2.fc20.x86_64
---> Package python-django.noarch 0:1.6.10-1.fc20 will be installed
--> Processing Dependency: python-django-bash-completion = 1.6.10-1.fc20 for package: python-django-1.6.10-1.fc20.noarch
---> Package python-pip.noarch 0:1.4.1-1.fc20 will be installed
--> Processing Dependency: python-setuptools for package: python-pip-1.4.1-1.fc20.noarch
--> Running transaction check
---> Package libgnome-keyring.x86_64 0:3.10.1-1.fc20 will be installed
---> Package perl.x86_64 4:5.18.4-293.fc20 will be installed
--> Processing Dependency: perl-libs = 4:5.18.4-293.fc20 for package: 4:perl-5.18.4-293.fc20.x86_64
--> Processing Dependency: perl(Socket) >= 1.3 for package: 4:perl-5.18.4-293.fc20.x86_64
--> Processing Dependency: perl(Scalar::Util) >= 1.10 for package: 4:perl-5.18.4-293.fc20.x86_64
--> Processing Dependency: perl-macros for package: 4:perl-5.18.4-293.fc20.x86_64
--> Processing Dependency: perl-libs for package: 4:perl-5.18.4-293.fc20.x86_64
--> Processing Dependency: perl(threads::shared) for package: 4:perl-5.18.4-293.fc20.x86_64
--> Processing Dependency: perl(threads) for package: 4:perl-5.18.4-293.fc20.x86_64
--> Processing Dependency: perl(constant) for package: 4:perl-5.18.4-293.fc20.x86_64
--> Processing Dependency: perl(Time::Local) for package: 4:perl-5.18.4-293.fc20.x86_64
--> Processing Dependency: perl(Time::HiRes) for package: 4:perl-5.18.4-293.fc20.x86_64
--> Processing Dependency: perl(Storable) for package: 4:perl-5.18.4-293.fc20.x86_64
--> Processing Dependency: perl(Socket) for package: 4:perl-5.18.4-293.fc20.x86_64
--> Processing Dependency: perl(Scalar::Util) for package: 4:perl-5.18.4-293.fc20.x86_64
--> Processing Dependency: perl(Pod::Simple::XHTML) for package: 4:perl-5.18.4-293.fc20.x86_64
--> Processing Dependency: perl(Pod::Simple::Search) for package: 4:perl-5.18.4-293.fc20.x86_64
--> Processing Dependency: perl(Module::CoreList) for package: 4:perl-5.18.4-293.fc20.x86_64
--> Processing Dependency: perl(Filter::Util::Call) for package: 4:perl-5.18.4-293.fc20.x86_64
--> Processing Dependency: perl(Exporter) for package: 4:perl-5.18.4-293.fc20.x86_64
--> Processing Dependency: perl(Carp) for package: 4:perl-5.18.4-293.fc20.x86_64
--> Processing Dependency: libperl.so.5.18()(64bit) for package: 4:perl-5.18.4-293.fc20.x86_64
---> Package perl-Error.noarch 1:0.17021-1.fc20 will be installed
---> Package perl-File-Path.noarch 0:2.09-292.fc20 will be installed
---> Package perl-File-Temp.noarch 0:0.23.01-4.fc20 will be installed
---> Package perl-Getopt-Long.noarch 0:2.45-1.fc20 will be installed
--> Processing Dependency: perl(Pod::Usage) >= 1.14 for package: perl-Getopt-Long-2.45-1.fc20.noarch
--> Processing Dependency: perl(Text::ParseWords) for package: perl-Getopt-Long-2.45-1.fc20.noarch
---> Package perl-Git.noarch 0:1.9.3-2.fc20 will be installed
---> Package perl-PathTools.x86_64 0:3.40-291.fc20 will be installed
---> Package perl-TermReadKey.x86_64 0:2.30-20.fc20 will be installed
---> Package python-django-bash-completion.noarch 0:1.6.10-1.fc20 will be installed
---> Package python-setuptools.noarch 0:1.4.2-1.fc20 will be installed
--> Processing Dependency: python-backports-ssl_match_hostname for package: python-setuptools-1.4.2-1.fc20.noarch
--> Running transaction check
---> Package perl-Carp.noarch 0:1.26-245.fc20 will be installed
---> Package perl-Exporter.noarch 0:5.70-1.fc20 will be installed
---> Package perl-Filter.x86_64 1:1.54-1.fc20 will be installed
---> Package perl-Module-CoreList.noarch 1:3.13-293.fc20 will be installed
--> Processing Dependency: perl(version) for package: 1:perl-Module-CoreList-3.13-293.fc20.noarch
---> Package perl-Pod-Simple.noarch 1:3.29-1.fc20 will be installed
--> Processing Dependency: perl(Pod::Escapes) >= 1.04 for package: 1:perl-Pod-Simple-3.29-1.fc20.noarch
--> Processing Dependency: perl(Encode) for package: 1:perl-Pod-Simple-3.29-1.fc20.noarch
---> Package perl-Pod-Usage.noarch 4:1.66-1.fc20 will be installed
--> Processing Dependency: perl(Pod::Text) >= 3.15 for package: 4:perl-Pod-Usage-1.66-1.fc20.noarch
--> Processing Dependency: perl-Pod-Perldoc for package: 4:perl-Pod-Usage-1.66-1.fc20.noarch
---> Package perl-Scalar-List-Utils.x86_64 0:1.31-293.fc20 will be installed
---> Package perl-Socket.x86_64 1:2.019-1.fc20 will be installed
---> Package perl-Storable.x86_64 0:2.51-1.fc20 will be installed
---> Package perl-Text-ParseWords.noarch 0:3.30-1.fc20 will be installed
---> Package perl-Time-HiRes.x86_64 0:1.9726-1.fc20 will be installed
---> Package perl-Time-Local.noarch 0:1.2300-291.fc20 will be installed
---> Package perl-constant.noarch 0:1.27-292.fc20 will be installed
---> Package perl-libs.x86_64 4:5.18.4-293.fc20 will be installed
---> Package perl-macros.x86_64 4:5.18.4-293.fc20 will be installed
---> Package perl-threads.x86_64 1:1.92-1.fc20 will be installed
---> Package perl-threads-shared.x86_64 0:1.46-1.fc20 will be installed
---> Package python-backports-ssl_match_hostname.noarch 0:3.4.0.2-4.fc20 will be installed
--> Processing Dependency: python-backports for package: python-backports-ssl_match_hostname-3.4.0.2-4.fc20.noarch
--> Running transaction check
---> Package perl-Encode.x86_64 1:2.54-4.fc20 will be installed
---> Package perl-Pod-Escapes.noarch 1:1.04-293.fc20 will be installed
---> Package perl-Pod-Perldoc.noarch 0:3.20-7.fc20 will be installed
--> Processing Dependency: perl(parent) for package: perl-Pod-Perldoc-3.20-7.fc20.noarch
--> Processing Dependency: perl(HTTP::Tiny) for package: perl-Pod-Perldoc-3.20-7.fc20.noarch
---> Package perl-podlators.noarch 0:2.5.1-291.fc20 will be installed
---> Package perl-version.x86_64 3:0.99.07-1.fc20 will be installed
---> Package python-backports.x86_64 0:1.0-3.fc20 will be installed
--> Running transaction check
---> Package perl-HTTP-Tiny.noarch 0:0.034-4.fc20 will be installed
---> Package perl-parent.noarch 1:0.228-1.fc20 will be installed
--> Finished Dependency Resolution

Dependencies Resolved

================================================================================
 Package                              Arch    Version            Repository
                                                                           Size
================================================================================
Installing:
 git                                  x86_64  1.9.3-2.fc20       updates  4.7 M
 python-django                        noarch  1.6.10-1.fc20      updates  4.0 M
 python-pip                           noarch  1.4.1-1.fc20       fedora   762 k
Installing for dependencies:
 libgnome-keyring                     x86_64  3.10.1-1.fc20      fedora   110 k
 perl                                 x86_64  4:5.18.4-293.fc20  updates  8.2 M
 perl-Carp                            noarch  1.26-245.fc20      fedora    19 k
 perl-Encode                          x86_64  1:2.54-4.fc20      updates  1.5 M
 perl-Error                           noarch  1:0.17021-1.fc20   fedora    32 k
 perl-Exporter                        noarch  5.70-1.fc20        updates   29 k
 perl-File-Path                       noarch  2.09-292.fc20      fedora    27 k
 perl-File-Temp                       noarch  0.23.01-4.fc20     fedora    57 k
 perl-Filter                          x86_64  1:1.54-1.fc20      updates   79 k
 perl-Getopt-Long                     noarch  2.45-1.fc20        updates   57 k
 perl-Git                             noarch  1.9.3-2.fc20       updates   54 k
 perl-HTTP-Tiny                       noarch  0.034-4.fc20       updates   39 k
 perl-Module-CoreList                 noarch  1:3.13-293.fc20    updates   98 k
 perl-PathTools                       x86_64  3.40-291.fc20      fedora    83 k
 perl-Pod-Escapes                     noarch  1:1.04-293.fc20    updates   52 k
 perl-Pod-Perldoc                     noarch  3.20-7.fc20        fedora    87 k
 perl-Pod-Simple                      noarch  1:3.29-1.fc20      updates  217 k
 perl-Pod-Usage                       noarch  4:1.66-1.fc20      updates   29 k
 perl-Scalar-List-Utils               x86_64  1.31-293.fc20      fedora    43 k
 perl-Socket                          x86_64  1:2.019-1.fc20     updates   51 k
 perl-Storable                        x86_64  2.51-1.fc20        updates   78 k
 perl-TermReadKey                     x86_64  2.30-20.fc20       fedora    31 k
 perl-Text-ParseWords                 noarch  3.30-1.fc20        updates   13 k
 perl-Time-HiRes                      x86_64  1.9726-1.fc20      fedora    46 k
 perl-Time-Local                      noarch  1.2300-291.fc20    fedora    25 k
 perl-constant                        noarch  1.27-292.fc20      fedora    19 k
 perl-libs                            x86_64  4:5.18.4-293.fc20  updates  694 k
 perl-macros                          x86_64  4:5.18.4-293.fc20  updates   44 k
 perl-parent                          noarch  1:0.228-1.fc20     fedora    13 k
 perl-podlators                       noarch  2.5.1-291.fc20     fedora   112 k
 perl-threads                         x86_64  1:1.92-1.fc20      updates   50 k
 perl-threads-shared                  x86_64  1.46-1.fc20        updates   39 k
 perl-version                         x86_64  3:0.99.07-1.fc20   updates   84 k
 python-backports                     x86_64  1.0-3.fc20         fedora   5.4 k
 python-backports-ssl_match_hostname  noarch  3.4.0.2-4.fc20     updates   13 k
 python-django-bash-completion        noarch  1.6.10-1.fc20      updates   15 k
 python-setuptools                    noarch  1.4.2-1.fc20       updates  413 k

Transaction Summary
================================================================================
Install  3 Packages (+37 Dependent packages)

Total download size: 22 M
Installed size: 82 M
Downloading packages:
[91mwarning: /var/cache/yum/x86_64/20/fedora/packages/perl-Carp-1.26-245.fc20.noarch.rpm: Header V3 RSA/SHA256 Signature, key ID 246110c1: NOKEY
[0mPublic key for perl-Carp-1.26-245.fc20.noarch.rpm is not installed
Public key for git-1.9.3-2.fc20.x86_64.rpm is not installed
--------------------------------------------------------------------------------
Total                                              7.0 MB/s |  22 MB  00:03     
Retrieving key from file:///etc/pki/rpm-gpg/RPM-GPG-KEY-fedora-20-x86_64
[91mImporting GPG key 0x246110C1:
 Userid     : "Fedora (20) <fedora@fedoraproject.org>"
 Fingerprint: c7c9 a9c8 9153 f201 83ce 7cba 2eb1 61fa 2461 10c1
 Package    : fedora-release-20-4.noarch (@fedora-updates/$releasever)
 From       : /etc/pki/rpm-gpg/RPM-GPG-KEY-fedora-20-x86_64
[0mRunning transaction check
Running transaction test
Transaction test succeeded
Running transaction
  Installing : 1:perl-parent-0.228-1.fc20.noarch                           1/40 
  Installing : perl-HTTP-Tiny-0.034-4.fc20.noarch                          2/40 
  Installing : perl-podlators-2.5.1-291.fc20.noarch                        3/40 
  Installing : perl-Pod-Perldoc-3.20-7.fc20.noarch                         4/40 
  Installing : 1:perl-Pod-Escapes-1.04-293.fc20.noarch                     5/40 
  Installing : 3:perl-version-0.99.07-1.fc20.x86_64                        6/40 
  Installing : perl-Text-ParseWords-3.30-1.fc20.noarch                     7/40 
  Installing : 1:perl-Encode-2.54-4.fc20.x86_64                            8/40 
  Installing : 4:perl-Pod-Usage-1.66-1.fc20.noarch                         9/40 
  Installing : 4:perl-libs-5.18.4-293.fc20.x86_64                         10/40 
  Installing : 4:perl-macros-5.18.4-293.fc20.x86_64                       11/40 
  Installing : perl-Exporter-5.70-1.fc20.noarch                           12/40 
  Installing : perl-Time-Local-1.2300-291.fc20.noarch                     13/40 
  Installing : perl-constant-1.27-292.fc20.noarch                         14/40 
  Installing : 1:perl-Socket-2.019-1.fc20.x86_64                          15/40 
  Installing : perl-Scalar-List-Utils-1.31-293.fc20.x86_64                16/40 
  Installing : 1:perl-Filter-1.54-1.fc20.x86_64                           17/40 
  Installing : perl-Storable-2.51-1.fc20.x86_64                           18/40 
  Installing : perl-File-Path-2.09-292.fc20.noarch                        19/40 
  Installing : perl-PathTools-3.40-291.fc20.x86_64                        20/40 
  Installing : 1:perl-Module-CoreList-3.13-293.fc20.noarch                21/40 
  Installing : 1:perl-Pod-Simple-3.29-1.fc20.noarch                       22/40 
  Installing : perl-Getopt-Long-2.45-1.fc20.noarch                        23/40 
  Installing : perl-File-Temp-0.23.01-4.fc20.noarch                       24/40 
  Installing : perl-threads-shared-1.46-1.fc20.x86_64                     25/40 
  Installing : 1:perl-threads-1.92-1.fc20.x86_64                          26/40 
  Installing : perl-Carp-1.26-245.fc20.noarch                             27/40 
  Installing : perl-Time-HiRes-1.9726-1.fc20.x86_64                       28/40 
  Installing : 4:perl-5.18.4-293.fc20.x86_64                              29/40 
  Installing : 1:perl-Error-0.17021-1.fc20.noarch                         30/40 
  Installing : perl-TermReadKey-2.30-20.fc20.x86_64                       31/40 
  Installing : python-backports-1.0-3.fc20.x86_64                         32/40 
  Installing : python-backports-ssl_match_hostname-3.4.0.2-4.fc20.noarc   33/40 
  Installing : python-setuptools-1.4.2-1.fc20.noarch                      34/40 
  Installing : libgnome-keyring-3.10.1-1.fc20.x86_64                      35/40 
  Installing : perl-Git-1.9.3-2.fc20.noarch                               36/40 
  Installing : git-1.9.3-2.fc20.x86_64                                    37/40 
  Installing : python-django-bash-completion-1.6.10-1.fc20.noarch         38/40 
  Installing : python-django-1.6.10-1.fc20.noarch                         39/40 
  Installing : python-pip-1.4.1-1.fc20.noarch                             40/40 
  Verifying  : perl-Time-HiRes-1.9726-1.fc20.x86_64                        1/40 
  Verifying  : perl-Exporter-5.70-1.fc20.noarch                            2/40 
  Verifying  : perl-Time-Local-1.2300-291.fc20.noarch                      3/40 
  Verifying  : 1:perl-Encode-2.54-4.fc20.x86_64                            4/40 
  Verifying  : git-1.9.3-2.fc20.x86_64                                     5/40 
  Verifying  : perl-constant-1.27-292.fc20.noarch                          6/40 
  Verifying  : python-backports-ssl_match_hostname-3.4.0.2-4.fc20.noarc    7/40 
  Verifying  : python-django-1.6.10-1.fc20.noarch                          8/40 
  Verifying  : 1:perl-Module-CoreList-3.13-293.fc20.noarch                 9/40 
  Verifying  : 4:perl-Pod-Usage-1.66-1.fc20.noarch                        10/40 
  Verifying  : 1:perl-Socket-2.019-1.fc20.x86_64                          11/40 
  Verifying  : 1:perl-Error-0.17021-1.fc20.noarch                         12/40 
  Verifying  : perl-Scalar-List-Utils-1.31-293.fc20.x86_64                13/40 
  Verifying  : 1:perl-Pod-Simple-3.29-1.fc20.noarch                       14/40 
  Verifying  : python-django-bash-completion-1.6.10-1.fc20.noarch         15/40 
  Verifying  : python-setuptools-1.4.2-1.fc20.noarch                      16/40 
  Verifying  : perl-HTTP-Tiny-0.034-4.fc20.noarch                         17/40 
  Verifying  : 1:perl-Pod-Escapes-1.04-293.fc20.noarch                    18/40 
  Verifying  : 1:perl-Filter-1.54-1.fc20.x86_64                           19/40 
  Verifying  : perl-Git-1.9.3-2.fc20.noarch                               20/40 
  Verifying  : perl-TermReadKey-2.30-20.fc20.x86_64                       21/40 
  Verifying  : perl-threads-shared-1.46-1.fc20.x86_64                     22/40 
  Verifying  : perl-Storable-2.51-1.fc20.x86_64                           23/40 
  Verifying  : perl-File-Path-2.09-292.fc20.noarch                        24/40 
  Verifying  : libgnome-keyring-3.10.1-1.fc20.x86_64                      25/40 
  Verifying  : perl-Pod-Perldoc-3.20-7.fc20.noarch                        26/40 
  Verifying  : perl-podlators-2.5.1-291.fc20.noarch                       27/40 
  Verifying  : 1:perl-parent-0.228-1.fc20.noarch                          28/40 
  Verifying  : 3:perl-version-0.99.07-1.fc20.x86_64                       29/40 
  Verifying  : 4:perl-libs-5.18.4-293.fc20.x86_64                         30/40 
  Verifying  : python-backports-1.0-3.fc20.x86_64                         31/40 
  Verifying  : perl-PathTools-3.40-291.fc20.x86_64                        32/40 
  Verifying  : 4:perl-macros-5.18.4-293.fc20.x86_64                       33/40 
  Verifying  : perl-Text-ParseWords-3.30-1.fc20.noarch                    34/40 
  Verifying  : 4:perl-5.18.4-293.fc20.x86_64                              35/40 
  Verifying  : perl-File-Temp-0.23.01-4.fc20.noarch                       36/40 
  Verifying  : python-pip-1.4.1-1.fc20.noarch                             37/40 
  Verifying  : perl-Getopt-Long-2.45-1.fc20.noarch                        38/40 
  Verifying  : 1:perl-threads-1.92-1.fc20.x86_64                          39/40 
  Verifying  : perl-Carp-1.26-245.fc20.noarch                             40/40 

Installed:
  git.x86_64 0:1.9.3-2.fc20            python-django.noarch 0:1.6.10-1.fc20    
  python-pip.noarch 0:1.4.1-1.fc20    

Dependency Installed:
  libgnome-keyring.x86_64 0:3.10.1-1.fc20                                       
  perl.x86_64 4:5.18.4-293.fc20                                                 
  perl-Carp.noarch 0:1.26-245.fc20                                              
  perl-Encode.x86_64 1:2.54-4.fc20                                              
  perl-Error.noarch 1:0.17021-1.fc20                                            
  perl-Exporter.noarch 0:5.70-1.fc20                                            
  perl-File-Path.noarch 0:2.09-292.fc20                                         
  perl-File-Temp.noarch 0:0.23.01-4.fc20                                        
  perl-Filter.x86_64 1:1.54-1.fc20                                              
  perl-Getopt-Long.noarch 0:2.45-1.fc20                                         
  perl-Git.noarch 0:1.9.3-2.fc20                                                
  perl-HTTP-Tiny.noarch 0:0.034-4.fc20                                          
  perl-Module-CoreList.noarch 1:3.13-293.fc20                                   
  perl-PathTools.x86_64 0:3.40-291.fc20                                         
  perl-Pod-Escapes.noarch 1:1.04-293.fc20                                       
  perl-Pod-Perldoc.noarch 0:3.20-7.fc20                                         
  perl-Pod-Simple.noarch 1:3.29-1.fc20                                          
  perl-Pod-Usage.noarch 4:1.66-1.fc20                                           
  perl-Scalar-List-Utils.x86_64 0:1.31-293.fc20                                 
  perl-Socket.x86_64 1:2.019-1.fc20                                             
  perl-Storable.x86_64 0:2.51-1.fc20                                            
  perl-TermReadKey.x86_64 0:2.30-20.fc20                                        
  perl-Text-ParseWords.noarch 0:3.30-1.fc20                                     
  perl-Time-HiRes.x86_64 0:1.9726-1.fc20                                        
  perl-Time-Local.noarch 0:1.2300-291.fc20                                      
  perl-constant.noarch 0:1.27-292.fc20                                          
  perl-libs.x86_64 4:5.18.4-293.fc20                                            
  perl-macros.x86_64 4:5.18.4-293.fc20                                          
  perl-parent.noarch 1:0.228-1.fc20                                             
  perl-podlators.noarch 0:2.5.1-291.fc20                                        
  perl-threads.x86_64 1:1.92-1.fc20                                             
  perl-threads-shared.x86_64 0:1.46-1.fc20                                      
  perl-version.x86_64 3:0.99.07-1.fc20                                          
  python-backports.x86_64 0:1.0-3.fc20                                          
  python-backports-ssl_match_hostname.noarch 0:3.4.0.2-4.fc20                   
  python-django-bash-completion.noarch 0:1.6.10-1.fc20                          
  python-setuptools.noarch 0:1.4.2-1.fc20                                       

Complete!
Cleaning repos: fedora updates
Cleaning up everything
Removing intermediate container 7b0d9f4dc90a
 ---> 21226fed7037
Step 5/6 : EXPOSE 8000
 ---> Running in 5ee8c430006f
Removing intermediate container 5ee8c430006f
 ---> daa5efd4e422
Step 6/6 : CMD [ "/bin/bash" ]
 ---> Running in 713a7e928bcd
Removing intermediate container 713a7e928bcd
 ---> 2726f488a068
Successfully built 2726f488a068
Successfully tagged binacle:483733080
