Sending build context to Docker daemon   2.56kB
Step 1/8 : FROM ubuntu:trusty
trusty: Pulling from library/ubuntu
2e6e20c8e2e6: Pulling fs layer
30bb187ac3fc: Pulling fs layer
b7a5bcc4a58a: Pulling fs layer
30bb187ac3fc: Download complete
b7a5bcc4a58a: Verifying Checksum
b7a5bcc4a58a: Download complete
2e6e20c8e2e6: Verifying Checksum
2e6e20c8e2e6: Download complete
2e6e20c8e2e6: Pull complete
30bb187ac3fc: Pull complete
b7a5bcc4a58a: Pull complete
Digest: sha256:ffc76f71dd8be8c9e222d420dc96901a07b61616689a44c7b3ef6a10b7213de4
Status: Downloaded newer image for ubuntu:trusty
 ---> 6e4f1fe62ff1
Step 2/8 : RUN apt-get update && apt-get install -y apparmor bash-completion btrfs-tools build-essential cmake curl ca-certificates debhelper dh-apparmor dh-systemd git libapparmor-dev libdevmapper-dev libltdl-dev  pkg-config vim-common libsystemd-journal-dev --no-install-recommends && rm -rf /var/lib/apt/lists/*
 ---> Running in de6a0c2a7254
Get:1 http://security.ubuntu.com trusty-security InRelease [65.9 kB]
Ign http://archive.ubuntu.com trusty InRelease
Get:2 http://archive.ubuntu.com trusty-updates InRelease [65.9 kB]
Get:3 http://security.ubuntu.com trusty-security/main amd64 Packages [1032 kB]
Get:4 http://archive.ubuntu.com trusty-backports InRelease [65.9 kB]
Get:5 https://esm.ubuntu.com trusty-infra-security InRelease
Hit http://archive.ubuntu.com trusty Release.gpg
Get:6 https://esm.ubuntu.com trusty-infra-updates InRelease
Get:7 http://archive.ubuntu.com trusty-updates/main amd64 Packages [1460 kB]
Get:8 https://esm.ubuntu.com trusty-infra-security/main amd64 Packages
Get:9 http://security.ubuntu.com trusty-security/restricted amd64 Packages [18.1 kB]
Get:10 http://security.ubuntu.com trusty-security/universe amd64 Packages [377 kB]
Get:11 http://security.ubuntu.com trusty-security/multiverse amd64 Packages [4730 B]
Get:12 http://archive.ubuntu.com trusty-updates/restricted amd64 Packages [21.4 kB]
Get:13 https://esm.ubuntu.com trusty-infra-updates/main amd64 Packages
Get:14 http://archive.ubuntu.com trusty-updates/universe amd64 Packages [671 kB]
Get:15 http://archive.ubuntu.com trusty-updates/multiverse amd64 Packages [16.1 kB]
Get:16 http://archive.ubuntu.com trusty-backports/main amd64 Packages [14.7 kB]
Get:17 http://archive.ubuntu.com trusty-backports/restricted amd64 Packages [40 B]
Get:18 http://archive.ubuntu.com trusty-backports/universe amd64 Packages [52.5 kB]
Get:19 http://archive.ubuntu.com trusty-backports/multiverse amd64 Packages [1392 B]
Hit http://archive.ubuntu.com trusty Release
Get:20 http://archive.ubuntu.com trusty/main amd64 Packages [1743 kB]
Get:21 http://archive.ubuntu.com trusty/restricted amd64 Packages [16.0 kB]
Get:22 http://archive.ubuntu.com trusty/universe amd64 Packages [7589 kB]
Get:23 http://archive.ubuntu.com trusty/multiverse amd64 Packages [169 kB]
Fetched 13.7 MB in 3s (3874 kB/s)
Reading package lists...
Reading package lists...
Building dependency tree...
Reading state information...
ca-certificates is already the newest version.
ca-certificates set to manually installed.
vim-common is already the newest version.
The following extra packages will be installed:
  binutils bsdmainutils cmake-data cpp cpp-4.8 dpkg-dev g++ g++-4.8 gcc
  gcc-4.8 gettext gettext-base git-man groff-base intltool-debian
  libapparmor-perl libapparmor1 libarchive13 libasan0 libasprintf0c2
  libatomic1 libc-dev-bin libc6-dev libcloog-isl4 libcroco3 libcurl3
  libdevmapper-event1.02.1 libdpkg-perl liberror-perl libgcc-4.8-dev
  libglib2.0-0 libgmp10 libgomp1 libisl10 libitm1 libltdl7 liblzo2-2 libmpc3
  libmpfr4 libnettle4 libpcre3-dev libpcrecpp0 libpipeline1 libquadmath0
  libselinux1-dev libsepol1-dev libstdc++-4.8-dev libsystemd-id128-0
  libsystemd-id128-dev libsystemd-journal0 libtimedate-perl libtsan0
  libudev-dev libunistring0 libxml2 linux-libc-dev make man-db patch
  po-debconf xz-utils
Suggested packages:
  apparmor-profiles apparmor-profiles-extra apparmor-docs apparmor-utils
  binutils-doc wamerican wordlist whois vacation codeblocks eclipse cpp-doc
  gcc-4.8-locales dh-make apparmor-easyprof debian-keyring g++-multilib
  g++-4.8-multilib gcc-4.8-doc libstdc++6-4.8-dbg gcc-multilib manpages-dev
  autoconf automake1.9 libtool flex bison gdb gcc-doc gcc-4.8-multilib
  libgcc1-dbg libgomp1-dbg libitm1-dbg libatomic1-dbg libasan0-dbg
  libtsan0-dbg libquadmath0-dbg gettext-doc git-daemon-run git-daemon-sysvinit
  git-doc git-el git-email git-gui gitk gitweb git-arch git-bzr git-cvs
  git-mediawiki git-svn groff lrzip glibc-doc libtool-doc libstdc++-4.8-doc
  make-doc www-browser ed diffutils-doc libmail-box-perl
Recommended packages:
  fakeroot libalgorithm-merge-perl libasprintf-dev libgettextpo-dev rsync
  ssh-client libfile-fcntllock-perl libglib2.0-data shared-mime-info xml-core
  libmail-sendmail-perl
The following NEW packages will be installed:
  apparmor bash-completion binutils bsdmainutils btrfs-tools build-essential
  cmake cmake-data cpp cpp-4.8 curl debhelper dh-apparmor dh-systemd dpkg-dev
  g++ g++-4.8 gcc gcc-4.8 gettext gettext-base git git-man groff-base
  intltool-debian libapparmor-dev libapparmor-perl libapparmor1 libarchive13
  libasan0 libasprintf0c2 libatomic1 libc-dev-bin libc6-dev libcloog-isl4
  libcroco3 libcurl3 libdevmapper-dev libdevmapper-event1.02.1 libdpkg-perl
  liberror-perl libgcc-4.8-dev libglib2.0-0 libgmp10 libgomp1 libisl10 libitm1
  libltdl-dev libltdl7 liblzo2-2 libmpc3 libmpfr4 libnettle4 libpcre3-dev
  libpcrecpp0 libpipeline1 libquadmath0 libselinux1-dev libsepol1-dev
  libstdc++-4.8-dev libsystemd-id128-0 libsystemd-id128-dev
  libsystemd-journal-dev libsystemd-journal0 libtimedate-perl libtsan0
  libudev-dev libunistring0 libxml2 linux-libc-dev make man-db patch
  pkg-config po-debconf xz-utils
0 upgraded, 76 newly installed, 0 to remove and 1 not upgraded.
Need to get 52.8 MB of archives.
After this operation, 184 MB of additional disk space will be used.
Get:1 http://archive.ubuntu.com/ubuntu/ trusty-updates/main bash-completion all 1:2.1-4ubuntu0.2 [153 kB]
Get:2 http://archive.ubuntu.com/ubuntu/ trusty-updates/main libasprintf0c2 amd64 0.18.3.1-1ubuntu3.1 [6466 B]
Get:3 http://archive.ubuntu.com/ubuntu/ trusty-updates/main libglib2.0-0 amd64 2.40.2-0ubuntu1.1 [1059 kB]
Get:4 http://archive.ubuntu.com/ubuntu/ trusty/main libpipeline1 amd64 1.3.0-1 [24.0 kB]
Get:5 http://archive.ubuntu.com/ubuntu/ trusty-updates/main libxml2 amd64 2.9.1+dfsg1-3ubuntu4.13 [573 kB]
Get:6 http://archive.ubuntu.com/ubuntu/ trusty/main groff-base amd64 1.22.2-5 [1053 kB]
Get:7 http://archive.ubuntu.com/ubuntu/ trusty/main bsdmainutils amd64 9.0.5ubuntu1 [203 kB]
Get:8 http://archive.ubuntu.com/ubuntu/ trusty-updates/main man-db amd64 2.6.7.1-1ubuntu1 [857 kB]
Get:9 http://archive.ubuntu.com/ubuntu/ trusty-updates/main liblzo2-2 amd64 2.06-1.2ubuntu1.1 [46.1 kB]
Get:10 http://archive.ubuntu.com/ubuntu/ trusty-updates/main libnettle4 amd64 2.7.1-1ubuntu0.2 [102 kB]
Get:11 http://archive.ubuntu.com/ubuntu/ trusty-updates/main libarchive13 amd64 3.1.2-7ubuntu2.8 [262 kB]
Get:12 http://archive.ubuntu.com/ubuntu/ trusty-updates/main libasan0 amd64 4.8.4-2ubuntu1~14.04.4 [63.1 kB]
Get:13 http://archive.ubuntu.com/ubuntu/ trusty-updates/main libatomic1 amd64 4.8.4-2ubuntu1~14.04.4 [8630 B]
Get:14 http://archive.ubuntu.com/ubuntu/ trusty/main libgmp10 amd64 2:5.1.3+dfsg-1ubuntu1 [218 kB]
Get:15 http://archive.ubuntu.com/ubuntu/ trusty/main libisl10 amd64 0.12.2-1 [419 kB]
Get:16 http://archive.ubuntu.com/ubuntu/ trusty/main libcloog-isl4 amd64 0.18.2-1 [57.5 kB]
Get:17 http://archive.ubuntu.com/ubuntu/ trusty/main libcroco3 amd64 0.6.8-2ubuntu1 [82.4 kB]
Get:18 http://archive.ubuntu.com/ubuntu/ trusty-updates/main libcurl3 amd64 7.35.0-1ubuntu2.20 [173 kB]
Get:19 http://archive.ubuntu.com/ubuntu/ trusty/main libdevmapper-event1.02.1 amd64 2:1.02.77-6ubuntu2 [10.8 kB]
Get:20 http://archive.ubuntu.com/ubuntu/ trusty-updates/main libgomp1 amd64 4.8.4-2ubuntu1~14.04.4 [23.1 kB]
Get:21 http://archive.ubuntu.com/ubuntu/ trusty-updates/main libitm1 amd64 4.8.4-2ubuntu1~14.04.4 [28.6 kB]
Get:22 http://archive.ubuntu.com/ubuntu/ trusty/main libltdl7 amd64 2.4.2-1.7ubuntu1 [35.0 kB]
Get:23 http://archive.ubuntu.com/ubuntu/ trusty/main libmpfr4 amd64 3.1.2-1 [203 kB]
Get:24 http://archive.ubuntu.com/ubuntu/ trusty-updates/main libpcrecpp0 amd64 1:8.31-2ubuntu2.3 [14.5 kB]
Get:25 http://archive.ubuntu.com/ubuntu/ trusty-updates/main libquadmath0 amd64 4.8.4-2ubuntu1~14.04.4 [126 kB]
Get:26 http://archive.ubuntu.com/ubuntu/ trusty-updates/main libtsan0 amd64 4.8.4-2ubuntu1~14.04.4 [94.8 kB]
Get:27 http://archive.ubuntu.com/ubuntu/ trusty/main libunistring0 amd64 0.9.3-5ubuntu3 [271 kB]
Get:28 http://archive.ubuntu.com/ubuntu/ trusty/main libmpc3 amd64 1.0.1-1ubuntu1 [38.4 kB]
Get:29 http://archive.ubuntu.com/ubuntu/ trusty-updates/main libsystemd-id128-0 amd64 204-5ubuntu20.31 [14.5 kB]
Get:30 http://archive.ubuntu.com/ubuntu/ trusty-updates/main libsystemd-journal0 amd64 204-5ubuntu20.31 [50.5 kB]
Get:31 http://archive.ubuntu.com/ubuntu/ trusty-updates/main libapparmor1 amd64 2.10.95-0ubuntu2.6~14.04.4 [31.2 kB]
Get:32 http://archive.ubuntu.com/ubuntu/ trusty-updates/main libapparmor-perl amd64 2.10.95-0ubuntu2.6~14.04.4 [31.2 kB]
Get:33 http://archive.ubuntu.com/ubuntu/ trusty-updates/main apparmor amd64 2.10.95-0ubuntu2.6~14.04.4 [362 kB]
Get:34 http://archive.ubuntu.com/ubuntu/ trusty-updates/main gettext-base amd64 0.18.3.1-1ubuntu3.1 [48.6 kB]
Get:35 http://archive.ubuntu.com/ubuntu/ trusty-updates/main binutils amd64 2.24-5ubuntu14.2 [2076 kB]
Get:36 http://archive.ubuntu.com/ubuntu/ trusty-updates/main btrfs-tools amd64 3.12-1ubuntu0.2 [332 kB]
Get:37 http://archive.ubuntu.com/ubuntu/ trusty-updates/main libc-dev-bin amd64 2.19-0ubuntu6.15 [68.9 kB]
Get:38 http://archive.ubuntu.com/ubuntu/ trusty-updates/main linux-libc-dev amd64 3.13.0-170.220 [772 kB]
Get:39 http://archive.ubuntu.com/ubuntu/ trusty-updates/main libc6-dev amd64 2.19-0ubuntu6.15 [1913 kB]
Get:40 http://archive.ubuntu.com/ubuntu/ trusty-updates/main cpp-4.8 amd64 4.8.4-2ubuntu1~14.04.4 [4452 kB]
Get:41 http://archive.ubuntu.com/ubuntu/ trusty/main cpp amd64 4:4.8.2-1ubuntu6 [27.5 kB]
Get:42 http://archive.ubuntu.com/ubuntu/ trusty-updates/main libgcc-4.8-dev amd64 4.8.4-2ubuntu1~14.04.4 [1688 kB]
Get:43 http://archive.ubuntu.com/ubuntu/ trusty-updates/main gcc-4.8 amd64 4.8.4-2ubuntu1~14.04.4 [5040 kB]
Get:44 http://archive.ubuntu.com/ubuntu/ trusty/main gcc amd64 4:4.8.2-1ubuntu6 [5098 B]
Get:45 http://archive.ubuntu.com/ubuntu/ trusty-updates/main libstdc++-4.8-dev amd64 4.8.4-2ubuntu1~14.04.4 [1051 kB]
Get:46 http://archive.ubuntu.com/ubuntu/ trusty-updates/main g++-4.8 amd64 4.8.4-2ubuntu1~14.04.4 [18.0 MB]
Get:47 http://archive.ubuntu.com/ubuntu/ trusty/main g++ amd64 4:4.8.2-1ubuntu6 [1490 B]
Get:48 http://archive.ubuntu.com/ubuntu/ trusty/main make amd64 3.81-8.2ubuntu3 [119 kB]
Get:49 http://archive.ubuntu.com/ubuntu/ trusty/main libtimedate-perl all 2.3000-1 [37.2 kB]
Get:50 http://archive.ubuntu.com/ubuntu/ trusty-updates/main libdpkg-perl all 1.17.5ubuntu5.8 [179 kB]
Get:51 http://archive.ubuntu.com/ubuntu/ trusty/main xz-utils amd64 5.1.1alpha+20120614-2ubuntu2 [78.8 kB]
Get:52 http://archive.ubuntu.com/ubuntu/ trusty-updates/main patch amd64 2.7.1-4ubuntu2.4 [86.9 kB]
Get:53 http://archive.ubuntu.com/ubuntu/ trusty-updates/main dpkg-dev all 1.17.5ubuntu5.8 [726 kB]
Get:54 http://archive.ubuntu.com/ubuntu/ trusty/main build-essential amd64 11.6ubuntu6 [4838 B]
Get:55 http://archive.ubuntu.com/ubuntu/ trusty/main cmake-data all 2.8.12.2-0ubuntu3 [676 kB]
Get:56 http://archive.ubuntu.com/ubuntu/ trusty/main cmake amd64 2.8.12.2-0ubuntu3 [2618 kB]
Get:57 http://archive.ubuntu.com/ubuntu/ trusty-updates/main curl amd64 7.35.0-1ubuntu2.20 [123 kB]
Get:58 http://archive.ubuntu.com/ubuntu/ trusty-updates/main gettext amd64 0.18.3.1-1ubuntu3.1 [829 kB]
Get:59 http://archive.ubuntu.com/ubuntu/ trusty/main intltool-debian all 0.35.0+20060710.1 [31.6 kB]
Get:60 http://archive.ubuntu.com/ubuntu/ trusty/main po-debconf all 1.0.16+nmu2ubuntu1 [210 kB]
Get:61 http://archive.ubuntu.com/ubuntu/ trusty-updates/main dh-apparmor all 2.10.95-0ubuntu2.6~14.04.4 [11.3 kB]
Get:62 http://archive.ubuntu.com/ubuntu/ trusty/main debhelper all 9.20131227ubuntu1 [604 kB]
Get:63 http://archive.ubuntu.com/ubuntu/ trusty/main liberror-perl all 0.17-1.1 [21.1 kB]
Get:64 http://archive.ubuntu.com/ubuntu/ trusty-updates/main git-man all 1:1.9.1-1ubuntu0.10 [700 kB]
Get:65 http://archive.ubuntu.com/ubuntu/ trusty-updates/main git amd64 1:1.9.1-1ubuntu0.10 [2737 kB]
Get:66 http://archive.ubuntu.com/ubuntu/ trusty-updates/main libsepol1-dev amd64 2.2-1ubuntu0.1 [144 kB]
Get:67 http://archive.ubuntu.com/ubuntu/ trusty-updates/main libpcre3-dev amd64 1:8.31-2ubuntu2.3 [237 kB]
Get:68 http://archive.ubuntu.com/ubuntu/ trusty-updates/main libselinux1-dev amd64 2.2.2-1ubuntu0.1 [124 kB]
Get:69 http://archive.ubuntu.com/ubuntu/ trusty-updates/main libudev-dev amd64 204-5ubuntu20.31 [25.3 kB]
Get:70 http://archive.ubuntu.com/ubuntu/ trusty/main libdevmapper-dev amd64 2:1.02.77-6ubuntu2 [17.2 kB]
Get:71 http://archive.ubuntu.com/ubuntu/ trusty/main libltdl-dev amd64 2.4.2-1.7ubuntu1 [157 kB]
Get:72 http://archive.ubuntu.com/ubuntu/ trusty/main pkg-config amd64 0.26-1ubuntu4 [40.9 kB]
Get:73 http://archive.ubuntu.com/ubuntu/ trusty-updates/main dh-systemd all 1.14ubuntu1 [13.0 kB]
Get:74 http://archive.ubuntu.com/ubuntu/ trusty-updates/main libapparmor-dev amd64 2.10.95-0ubuntu2.6~14.04.4 [67.4 kB]
Get:75 http://archive.ubuntu.com/ubuntu/ trusty-updates/main libsystemd-id128-dev amd64 204-5ubuntu20.31 [5102 B]
Get:76 http://archive.ubuntu.com/ubuntu/ trusty-updates/main libsystemd-journal-dev amd64 204-5ubuntu20.31 [6742 B]
[91mdebconf: unable to initialize frontend: Dialog
debconf: (TERM is not set, so the dialog frontend is not usable.)
debconf: falling back to frontend: Readline
[0m[91mdebconf: unable to initialize frontend: Readline
debconf: (This frontend requires a controlling tty.)
debconf: falling back to frontend: Teletype
[0m[91mdpkg-preconfigure: unable to re-open stdin: 
[0mFetched 52.8 MB in 10s (5169 kB/s)
Selecting previously unselected package bash-completion.
(Reading database ... 12097 files and directories currently installed.)
Preparing to unpack .../bash-completion_1%3a2.1-4ubuntu0.2_all.deb ...
Unpacking bash-completion (1:2.1-4ubuntu0.2) ...
Selecting previously unselected package libasprintf0c2:amd64.
Preparing to unpack .../libasprintf0c2_0.18.3.1-1ubuntu3.1_amd64.deb ...
Unpacking libasprintf0c2:amd64 (0.18.3.1-1ubuntu3.1) ...
Selecting previously unselected package libglib2.0-0:amd64.
Preparing to unpack .../libglib2.0-0_2.40.2-0ubuntu1.1_amd64.deb ...
Unpacking libglib2.0-0:amd64 (2.40.2-0ubuntu1.1) ...
Selecting previously unselected package libpipeline1:amd64.
Preparing to unpack .../libpipeline1_1.3.0-1_amd64.deb ...
Unpacking libpipeline1:amd64 (1.3.0-1) ...
Selecting previously unselected package libxml2:amd64.
Preparing to unpack .../libxml2_2.9.1+dfsg1-3ubuntu4.13_amd64.deb ...
Unpacking libxml2:amd64 (2.9.1+dfsg1-3ubuntu4.13) ...
Selecting previously unselected package groff-base.
Preparing to unpack .../groff-base_1.22.2-5_amd64.deb ...
Unpacking groff-base (1.22.2-5) ...
Selecting previously unselected package bsdmainutils.
Preparing to unpack .../bsdmainutils_9.0.5ubuntu1_amd64.deb ...
Unpacking bsdmainutils (9.0.5ubuntu1) ...
Selecting previously unselected package man-db.
Preparing to unpack .../man-db_2.6.7.1-1ubuntu1_amd64.deb ...
Unpacking man-db (2.6.7.1-1ubuntu1) ...
Selecting previously unselected package liblzo2-2:amd64.
Preparing to unpack .../liblzo2-2_2.06-1.2ubuntu1.1_amd64.deb ...
Unpacking liblzo2-2:amd64 (2.06-1.2ubuntu1.1) ...
Selecting previously unselected package libnettle4:amd64.
Preparing to unpack .../libnettle4_2.7.1-1ubuntu0.2_amd64.deb ...
Unpacking libnettle4:amd64 (2.7.1-1ubuntu0.2) ...
Selecting previously unselected package libarchive13:amd64.
Preparing to unpack .../libarchive13_3.1.2-7ubuntu2.8_amd64.deb ...
Unpacking libarchive13:amd64 (3.1.2-7ubuntu2.8) ...
Selecting previously unselected package libasan0:amd64.
Preparing to unpack .../libasan0_4.8.4-2ubuntu1~14.04.4_amd64.deb ...
Unpacking libasan0:amd64 (4.8.4-2ubuntu1~14.04.4) ...
Selecting previously unselected package libatomic1:amd64.
Preparing to unpack .../libatomic1_4.8.4-2ubuntu1~14.04.4_amd64.deb ...
Unpacking libatomic1:amd64 (4.8.4-2ubuntu1~14.04.4) ...
Selecting previously unselected package libgmp10:amd64.
Preparing to unpack .../libgmp10_2%3a5.1.3+dfsg-1ubuntu1_amd64.deb ...
Unpacking libgmp10:amd64 (2:5.1.3+dfsg-1ubuntu1) ...
Selecting previously unselected package libisl10:amd64.
Preparing to unpack .../libisl10_0.12.2-1_amd64.deb ...
Unpacking libisl10:amd64 (0.12.2-1) ...
Selecting previously unselected package libcloog-isl4:amd64.
Preparing to unpack .../libcloog-isl4_0.18.2-1_amd64.deb ...
Unpacking libcloog-isl4:amd64 (0.18.2-1) ...
Selecting previously unselected package libcroco3:amd64.
Preparing to unpack .../libcroco3_0.6.8-2ubuntu1_amd64.deb ...
Unpacking libcroco3:amd64 (0.6.8-2ubuntu1) ...
Selecting previously unselected package libcurl3:amd64.
Preparing to unpack .../libcurl3_7.35.0-1ubuntu2.20_amd64.deb ...
Unpacking libcurl3:amd64 (7.35.0-1ubuntu2.20) ...
Selecting previously unselected package libdevmapper-event1.02.1:amd64.
Preparing to unpack .../libdevmapper-event1.02.1_2%3a1.02.77-6ubuntu2_amd64.deb ...
Unpacking libdevmapper-event1.02.1:amd64 (2:1.02.77-6ubuntu2) ...
Selecting previously unselected package libgomp1:amd64.
Preparing to unpack .../libgomp1_4.8.4-2ubuntu1~14.04.4_amd64.deb ...
Unpacking libgomp1:amd64 (4.8.4-2ubuntu1~14.04.4) ...
Selecting previously unselected package libitm1:amd64.
Preparing to unpack .../libitm1_4.8.4-2ubuntu1~14.04.4_amd64.deb ...
Unpacking libitm1:amd64 (4.8.4-2ubuntu1~14.04.4) ...
Selecting previously unselected package libltdl7:amd64.
Preparing to unpack .../libltdl7_2.4.2-1.7ubuntu1_amd64.deb ...
Unpacking libltdl7:amd64 (2.4.2-1.7ubuntu1) ...
Selecting previously unselected package libmpfr4:amd64.
Preparing to unpack .../libmpfr4_3.1.2-1_amd64.deb ...
Unpacking libmpfr4:amd64 (3.1.2-1) ...
Selecting previously unselected package libpcrecpp0:amd64.
Preparing to unpack .../libpcrecpp0_1%3a8.31-2ubuntu2.3_amd64.deb ...
Unpacking libpcrecpp0:amd64 (1:8.31-2ubuntu2.3) ...
Selecting previously unselected package libquadmath0:amd64.
Preparing to unpack .../libquadmath0_4.8.4-2ubuntu1~14.04.4_amd64.deb ...
Unpacking libquadmath0:amd64 (4.8.4-2ubuntu1~14.04.4) ...
Selecting previously unselected package libtsan0:amd64.
Preparing to unpack .../libtsan0_4.8.4-2ubuntu1~14.04.4_amd64.deb ...
Unpacking libtsan0:amd64 (4.8.4-2ubuntu1~14.04.4) ...
Selecting previously unselected package libunistring0:amd64.
Preparing to unpack .../libunistring0_0.9.3-5ubuntu3_amd64.deb ...
Unpacking libunistring0:amd64 (0.9.3-5ubuntu3) ...
Selecting previously unselected package libmpc3:amd64.
Preparing to unpack .../libmpc3_1.0.1-1ubuntu1_amd64.deb ...
Unpacking libmpc3:amd64 (1.0.1-1ubuntu1) ...
Selecting previously unselected package libsystemd-id128-0:amd64.
Preparing to unpack .../libsystemd-id128-0_204-5ubuntu20.31_amd64.deb ...
Unpacking libsystemd-id128-0:amd64 (204-5ubuntu20.31) ...
Selecting previously unselected package libsystemd-journal0:amd64.
Preparing to unpack .../libsystemd-journal0_204-5ubuntu20.31_amd64.deb ...
Unpacking libsystemd-journal0:amd64 (204-5ubuntu20.31) ...
Selecting previously unselected package libapparmor1:amd64.
Preparing to unpack .../libapparmor1_2.10.95-0ubuntu2.6~14.04.4_amd64.deb ...
Unpacking libapparmor1:amd64 (2.10.95-0ubuntu2.6~14.04.4) ...
Selecting previously unselected package libapparmor-perl.
Preparing to unpack .../libapparmor-perl_2.10.95-0ubuntu2.6~14.04.4_amd64.deb ...
Unpacking libapparmor-perl (2.10.95-0ubuntu2.6~14.04.4) ...
Selecting previously unselected package apparmor.
Preparing to unpack .../apparmor_2.10.95-0ubuntu2.6~14.04.4_amd64.deb ...
Unpacking apparmor (2.10.95-0ubuntu2.6~14.04.4) ...
Selecting previously unselected package gettext-base.
Preparing to unpack .../gettext-base_0.18.3.1-1ubuntu3.1_amd64.deb ...
Unpacking gettext-base (0.18.3.1-1ubuntu3.1) ...
Selecting previously unselected package binutils.
Preparing to unpack .../binutils_2.24-5ubuntu14.2_amd64.deb ...
Unpacking binutils (2.24-5ubuntu14.2) ...
Selecting previously unselected package btrfs-tools.
Preparing to unpack .../btrfs-tools_3.12-1ubuntu0.2_amd64.deb ...
Unpacking btrfs-tools (3.12-1ubuntu0.2) ...
Selecting previously unselected package libc-dev-bin.
Preparing to unpack .../libc-dev-bin_2.19-0ubuntu6.15_amd64.deb ...
Unpacking libc-dev-bin (2.19-0ubuntu6.15) ...
Selecting previously unselected package linux-libc-dev:amd64.
Preparing to unpack .../linux-libc-dev_3.13.0-170.220_amd64.deb ...
Unpacking linux-libc-dev:amd64 (3.13.0-170.220) ...
Selecting previously unselected package libc6-dev:amd64.
Preparing to unpack .../libc6-dev_2.19-0ubuntu6.15_amd64.deb ...
Unpacking libc6-dev:amd64 (2.19-0ubuntu6.15) ...
Selecting previously unselected package cpp-4.8.
Preparing to unpack .../cpp-4.8_4.8.4-2ubuntu1~14.04.4_amd64.deb ...
Unpacking cpp-4.8 (4.8.4-2ubuntu1~14.04.4) ...
Selecting previously unselected package cpp.
Preparing to unpack .../cpp_4%3a4.8.2-1ubuntu6_amd64.deb ...
Unpacking cpp (4:4.8.2-1ubuntu6) ...
Selecting previously unselected package libgcc-4.8-dev:amd64.
Preparing to unpack .../libgcc-4.8-dev_4.8.4-2ubuntu1~14.04.4_amd64.deb ...
Unpacking libgcc-4.8-dev:amd64 (4.8.4-2ubuntu1~14.04.4) ...
Selecting previously unselected package gcc-4.8.
Preparing to unpack .../gcc-4.8_4.8.4-2ubuntu1~14.04.4_amd64.deb ...
Unpacking gcc-4.8 (4.8.4-2ubuntu1~14.04.4) ...
Selecting previously unselected package gcc.
Preparing to unpack .../gcc_4%3a4.8.2-1ubuntu6_amd64.deb ...
Unpacking gcc (4:4.8.2-1ubuntu6) ...
Selecting previously unselected package libstdc++-4.8-dev:amd64.
Preparing to unpack .../libstdc++-4.8-dev_4.8.4-2ubuntu1~14.04.4_amd64.deb ...
Unpacking libstdc++-4.8-dev:amd64 (4.8.4-2ubuntu1~14.04.4) ...
Selecting previously unselected package g++-4.8.
Preparing to unpack .../g++-4.8_4.8.4-2ubuntu1~14.04.4_amd64.deb ...
Unpacking g++-4.8 (4.8.4-2ubuntu1~14.04.4) ...
Selecting previously unselected package g++.
Preparing to unpack .../g++_4%3a4.8.2-1ubuntu6_amd64.deb ...
Unpacking g++ (4:4.8.2-1ubuntu6) ...
Selecting previously unselected package make.
Preparing to unpack .../make_3.81-8.2ubuntu3_amd64.deb ...
Unpacking make (3.81-8.2ubuntu3) ...
Selecting previously unselected package libtimedate-perl.
Preparing to unpack .../libtimedate-perl_2.3000-1_all.deb ...
Unpacking libtimedate-perl (2.3000-1) ...
Selecting previously unselected package libdpkg-perl.
Preparing to unpack .../libdpkg-perl_1.17.5ubuntu5.8_all.deb ...
Unpacking libdpkg-perl (1.17.5ubuntu5.8) ...
Selecting previously unselected package xz-utils.
Preparing to unpack .../xz-utils_5.1.1alpha+20120614-2ubuntu2_amd64.deb ...
Unpacking xz-utils (5.1.1alpha+20120614-2ubuntu2) ...
Selecting previously unselected package patch.
Preparing to unpack .../patch_2.7.1-4ubuntu2.4_amd64.deb ...
Unpacking patch (2.7.1-4ubuntu2.4) ...
Selecting previously unselected package dpkg-dev.
Preparing to unpack .../dpkg-dev_1.17.5ubuntu5.8_all.deb ...
Unpacking dpkg-dev (1.17.5ubuntu5.8) ...
Selecting previously unselected package build-essential.
Preparing to unpack .../build-essential_11.6ubuntu6_amd64.deb ...
Unpacking build-essential (11.6ubuntu6) ...
Selecting previously unselected package cmake-data.
Preparing to unpack .../cmake-data_2.8.12.2-0ubuntu3_all.deb ...
Unpacking cmake-data (2.8.12.2-0ubuntu3) ...
Selecting previously unselected package cmake.
Preparing to unpack .../cmake_2.8.12.2-0ubuntu3_amd64.deb ...
Unpacking cmake (2.8.12.2-0ubuntu3) ...
Selecting previously unselected package curl.
Preparing to unpack .../curl_7.35.0-1ubuntu2.20_amd64.deb ...
Unpacking curl (7.35.0-1ubuntu2.20) ...
Selecting previously unselected package gettext.
Preparing to unpack .../gettext_0.18.3.1-1ubuntu3.1_amd64.deb ...
Unpacking gettext (0.18.3.1-1ubuntu3.1) ...
Selecting previously unselected package intltool-debian.
Preparing to unpack .../intltool-debian_0.35.0+20060710.1_all.deb ...
Unpacking intltool-debian (0.35.0+20060710.1) ...
Selecting previously unselected package po-debconf.
Preparing to unpack .../po-debconf_1.0.16+nmu2ubuntu1_all.deb ...
Unpacking po-debconf (1.0.16+nmu2ubuntu1) ...
Selecting previously unselected package dh-apparmor.
Preparing to unpack .../dh-apparmor_2.10.95-0ubuntu2.6~14.04.4_all.deb ...
Unpacking dh-apparmor (2.10.95-0ubuntu2.6~14.04.4) ...
Selecting previously unselected package debhelper.
Preparing to unpack .../debhelper_9.20131227ubuntu1_all.deb ...
Unpacking debhelper (9.20131227ubuntu1) ...
Selecting previously unselected package liberror-perl.
Preparing to unpack .../liberror-perl_0.17-1.1_all.deb ...
Unpacking liberror-perl (0.17-1.1) ...
Selecting previously unselected package git-man.
Preparing to unpack .../git-man_1%3a1.9.1-1ubuntu0.10_all.deb ...
Unpacking git-man (1:1.9.1-1ubuntu0.10) ...
Selecting previously unselected package git.
Preparing to unpack .../git_1%3a1.9.1-1ubuntu0.10_amd64.deb ...
Unpacking git (1:1.9.1-1ubuntu0.10) ...
Selecting previously unselected package libsepol1-dev.
Preparing to unpack .../libsepol1-dev_2.2-1ubuntu0.1_amd64.deb ...
Unpacking libsepol1-dev (2.2-1ubuntu0.1) ...
Selecting previously unselected package libpcre3-dev:amd64.
Preparing to unpack .../libpcre3-dev_1%3a8.31-2ubuntu2.3_amd64.deb ...
Unpacking libpcre3-dev:amd64 (1:8.31-2ubuntu2.3) ...
Selecting previously unselected package libselinux1-dev:amd64.
Preparing to unpack .../libselinux1-dev_2.2.2-1ubuntu0.1_amd64.deb ...
Unpacking libselinux1-dev:amd64 (2.2.2-1ubuntu0.1) ...
Selecting previously unselected package libudev-dev.
Preparing to unpack .../libudev-dev_204-5ubuntu20.31_amd64.deb ...
Unpacking libudev-dev (204-5ubuntu20.31) ...
Selecting previously unselected package libdevmapper-dev:amd64.
Preparing to unpack .../libdevmapper-dev_2%3a1.02.77-6ubuntu2_amd64.deb ...
Unpacking libdevmapper-dev:amd64 (2:1.02.77-6ubuntu2) ...
Selecting previously unselected package libltdl-dev:amd64.
Preparing to unpack .../libltdl-dev_2.4.2-1.7ubuntu1_amd64.deb ...
Unpacking libltdl-dev:amd64 (2.4.2-1.7ubuntu1) ...
Selecting previously unselected package pkg-config.
Preparing to unpack .../pkg-config_0.26-1ubuntu4_amd64.deb ...
Unpacking pkg-config (0.26-1ubuntu4) ...
Selecting previously unselected package dh-systemd.
Preparing to unpack .../dh-systemd_1.14ubuntu1_all.deb ...
Unpacking dh-systemd (1.14ubuntu1) ...
Selecting previously unselected package libapparmor-dev:amd64.
Preparing to unpack .../libapparmor-dev_2.10.95-0ubuntu2.6~14.04.4_amd64.deb ...
Unpacking libapparmor-dev:amd64 (2.10.95-0ubuntu2.6~14.04.4) ...
Selecting previously unselected package libsystemd-id128-dev.
Preparing to unpack .../libsystemd-id128-dev_204-5ubuntu20.31_amd64.deb ...
Unpacking libsystemd-id128-dev (204-5ubuntu20.31) ...
Selecting previously unselected package libsystemd-journal-dev.
Preparing to unpack .../libsystemd-journal-dev_204-5ubuntu20.31_amd64.deb ...
Unpacking libsystemd-journal-dev (204-5ubuntu20.31) ...
Processing triggers for mime-support (3.54ubuntu1.1) ...
Processing triggers for ureadahead (0.100.0-16) ...
Setting up bash-completion (1:2.1-4ubuntu0.2) ...
Setting up libasprintf0c2:amd64 (0.18.3.1-1ubuntu3.1) ...
Setting up libglib2.0-0:amd64 (2.40.2-0ubuntu1.1) ...
No schema files found: doing nothing.
Setting up libpipeline1:amd64 (1.3.0-1) ...
Setting up libxml2:amd64 (2.9.1+dfsg1-3ubuntu4.13) ...
Setting up groff-base (1.22.2-5) ...
Setting up bsdmainutils (9.0.5ubuntu1) ...
update-alternatives: using /usr/bin/bsd-write to provide /usr/bin/write (write) in auto mode
update-alternatives: using /usr/bin/bsd-from to provide /usr/bin/from (from) in auto mode
Setting up man-db (2.6.7.1-1ubuntu1) ...
[91mdebconf: unable to initialize frontend: Dialog
debconf: (TERM is not set, so the dialog frontend is not usable.)
debconf: falling back to frontend: Readline
[0m[91mdebconf: unable to initialize frontend: Readline
debconf: (This frontend requires a controlling tty.)
debconf: falling back to frontend: Teletype
[0m[91mBuilding database of manual pages ...
[0mSetting up liblzo2-2:amd64 (2.06-1.2ubuntu1.1) ...
Setting up libnettle4:amd64 (2.7.1-1ubuntu0.2) ...
Setting up libarchive13:amd64 (3.1.2-7ubuntu2.8) ...
Setting up libasan0:amd64 (4.8.4-2ubuntu1~14.04.4) ...
Setting up libatomic1:amd64 (4.8.4-2ubuntu1~14.04.4) ...
Setting up libgmp10:amd64 (2:5.1.3+dfsg-1ubuntu1) ...
Setting up libisl10:amd64 (0.12.2-1) ...
Setting up libcloog-isl4:amd64 (0.18.2-1) ...
Setting up libcroco3:amd64 (0.6.8-2ubuntu1) ...
Setting up libcurl3:amd64 (7.35.0-1ubuntu2.20) ...
Setting up libdevmapper-event1.02.1:amd64 (2:1.02.77-6ubuntu2) ...
Setting up libgomp1:amd64 (4.8.4-2ubuntu1~14.04.4) ...
Setting up libitm1:amd64 (4.8.4-2ubuntu1~14.04.4) ...
Setting up libltdl7:amd64 (2.4.2-1.7ubuntu1) ...
Setting up libmpfr4:amd64 (3.1.2-1) ...
Setting up libpcrecpp0:amd64 (1:8.31-2ubuntu2.3) ...
Setting up libquadmath0:amd64 (4.8.4-2ubuntu1~14.04.4) ...
Setting up libtsan0:amd64 (4.8.4-2ubuntu1~14.04.4) ...
Setting up libunistring0:amd64 (0.9.3-5ubuntu3) ...
Setting up libmpc3:amd64 (1.0.1-1ubuntu1) ...
Setting up libsystemd-id128-0:amd64 (204-5ubuntu20.31) ...
Setting up libsystemd-journal0:amd64 (204-5ubuntu20.31) ...
Setting up libapparmor1:amd64 (2.10.95-0ubuntu2.6~14.04.4) ...
Setting up libapparmor-perl (2.10.95-0ubuntu2.6~14.04.4) ...
Setting up apparmor (2.10.95-0ubuntu2.6~14.04.4) ...
[91mdebconf: unable to initialize frontend: Dialog
debconf: (TERM is not set, so the dialog frontend is not usable.)
debconf: falling back to frontend: Readline
[0m[91mdebconf: unable to initialize frontend: Readline
debconf: (This frontend requires a controlling tty.)
debconf: falling back to frontend: Teletype
[0m[91minvoke-rc.d: policy-rc.d denied execution of start.
[0m[91minvoke-rc.d: policy-rc.d denied execution of reload.
[0mSetting up gettext-base (0.18.3.1-1ubuntu3.1) ...
Setting up binutils (2.24-5ubuntu14.2) ...
Setting up btrfs-tools (3.12-1ubuntu0.2) ...
update-initramfs: deferring update (trigger activated)
Setting up libc-dev-bin (2.19-0ubuntu6.15) ...
Setting up linux-libc-dev:amd64 (3.13.0-170.220) ...
Setting up libc6-dev:amd64 (2.19-0ubuntu6.15) ...
Setting up cpp-4.8 (4.8.4-2ubuntu1~14.04.4) ...
Setting up cpp (4:4.8.2-1ubuntu6) ...
Setting up libgcc-4.8-dev:amd64 (4.8.4-2ubuntu1~14.04.4) ...
Setting up gcc-4.8 (4.8.4-2ubuntu1~14.04.4) ...
Setting up gcc (4:4.8.2-1ubuntu6) ...
Setting up libstdc++-4.8-dev:amd64 (4.8.4-2ubuntu1~14.04.4) ...
Setting up g++-4.8 (4.8.4-2ubuntu1~14.04.4) ...
Setting up g++ (4:4.8.2-1ubuntu6) ...
update-alternatives: using /usr/bin/g++ to provide /usr/bin/c++ (c++) in auto mode
Setting up make (3.81-8.2ubuntu3) ...
Setting up libtimedate-perl (2.3000-1) ...
Setting up libdpkg-perl (1.17.5ubuntu5.8) ...
Setting up xz-utils (5.1.1alpha+20120614-2ubuntu2) ...
update-alternatives: using /usr/bin/xz to provide /usr/bin/lzma (lzma) in auto mode
Setting up patch (2.7.1-4ubuntu2.4) ...
Setting up dpkg-dev (1.17.5ubuntu5.8) ...
Setting up build-essential (11.6ubuntu6) ...
Setting up cmake-data (2.8.12.2-0ubuntu3) ...
Setting up cmake (2.8.12.2-0ubuntu3) ...
Setting up curl (7.35.0-1ubuntu2.20) ...
Setting up gettext (0.18.3.1-1ubuntu3.1) ...
Setting up intltool-debian (0.35.0+20060710.1) ...
Setting up po-debconf (1.0.16+nmu2ubuntu1) ...
Setting up dh-apparmor (2.10.95-0ubuntu2.6~14.04.4) ...
Setting up debhelper (9.20131227ubuntu1) ...
Setting up liberror-perl (0.17-1.1) ...
Setting up git-man (1:1.9.1-1ubuntu0.10) ...
Setting up git (1:1.9.1-1ubuntu0.10) ...
Setting up libsepol1-dev (2.2-1ubuntu0.1) ...
Setting up libpcre3-dev:amd64 (1:8.31-2ubuntu2.3) ...
Setting up libselinux1-dev:amd64 (2.2.2-1ubuntu0.1) ...
Setting up libudev-dev (204-5ubuntu20.31) ...
Setting up libdevmapper-dev:amd64 (2:1.02.77-6ubuntu2) ...
Setting up libltdl-dev:amd64 (2.4.2-1.7ubuntu1) ...
Setting up pkg-config (0.26-1ubuntu4) ...
Setting up dh-systemd (1.14ubuntu1) ...
Setting up libapparmor-dev:amd64 (2.10.95-0ubuntu2.6~14.04.4) ...
Setting up libsystemd-id128-dev (204-5ubuntu20.31) ...
Setting up libsystemd-journal-dev (204-5ubuntu20.31) ...
Processing triggers for libc-bin (2.19-0ubuntu6.15) ...
Processing triggers for ureadahead (0.100.0-16) ...
Processing triggers for initramfs-tools (0.103ubuntu4.11) ...
Removing intermediate container de6a0c2a7254
 ---> 03a639a790ca
Step 3/8 : ENV GO_VERSION 1.7.5
 ---> Running in 689d671eeeb0
Removing intermediate container 689d671eeeb0
 ---> 55b84abb8ce5
Step 4/8 : RUN curl -fSL "https://golang.org/dl/go${GO_VERSION}.linux-amd64.tar.gz" | tar xzC /usr/local
 ---> Running in 0e230c5b3045
[91m  % Total    % Received % Xferd  Average [0m[91mSpeed   Time    Time     Time  Current
                                 Dload  Upload   Total   Spent    Left  Speed
  0     0    0     0    0     0      0      0 --:--:-- --:--:-- --:--:--     0[0m[91m100    74  100    74    0     0   3271      0 --:--:-- --:--:-- --:--:--  3363
[0m[91m  0     0    0     0    0     0      0      0 --:--:-- --:--:-- --:--:--     0[0m[91m 40 80.2M   40 32.7M    0     0  29.8M      0  0:00:02  0:00:01  0:00:01 36.9M[0m[91m 81 80.2M   81 65.0M    0     0  30.9M      0  0:00:02  [0m[91m0:00:02 --:--:-- 34.4M[0m[91m100 80.2M  100 80.2M    0     0  30.1M      0  0:00:02  0:00:02 --:--:-- 32.8M
[0mRemoving intermediate container 0e230c5b3045
 ---> aa33f20fa035
Step 5/8 : ENV PATH $PATH:/usr/local/go/bin
 ---> Running in c1b45f679438
Removing intermediate container c1b45f679438
 ---> bc9869d5a77a
Step 6/8 : ENV AUTO_GOPATH 1
 ---> Running in bd734fbe3488
Removing intermediate container bd734fbe3488
 ---> b6146cdf3cc6
Step 7/8 : ENV DOCKER_BUILDTAGS apparmor pkcs11 selinux
 ---> Running in c56dadf38ac7
Removing intermediate container c56dadf38ac7
 ---> 41fab950e9d2
Step 8/8 : ENV RUNC_BUILDTAGS apparmor selinux
 ---> Running in d1f85e0931db
Removing intermediate container d1f85e0931db
 ---> aab5e897b232
Successfully built aab5e897b232
Successfully tagged binacle:484097247
