Sending build context to Docker daemon  2.048kB
Step 1/3 : FROM ubuntu
latest: Pulling from library/ubuntu
d51af753c3d3: Pulling fs layer
fc878cd0a91c: Pulling fs layer
6154df8ff988: Pulling fs layer
fee5db0ff82f: Pulling fs layer
fee5db0ff82f: Waiting
6154df8ff988: Verifying Checksum
6154df8ff988: Download complete
fc878cd0a91c: Verifying Checksum
fc878cd0a91c: Download complete
d51af753c3d3: Verifying Checksum
d51af753c3d3: Download complete
fee5db0ff82f: Verifying Checksum
fee5db0ff82f: Download complete
d51af753c3d3: Pull complete
fc878cd0a91c: Pull complete
6154df8ff988: Pull complete
fee5db0ff82f: Pull complete
Digest: sha256:747d2dbbaaee995098c9792d99bd333c6783ce56150d1b11e333bbceed5c54d7
Status: Downloaded newer image for ubuntu:latest
 ---> 1d622ef86b13
Step 2/3 : MAINTAINER Andi Miller
 ---> Running in ac0dd857f08c
Removing intermediate container ac0dd857f08c
 ---> fc498d0b62d9
Step 3/3 : COPY . /esi-swagger-specs/
 ---> ff48d634ff4f
Successfully built ff48d634ff4f
Successfully tagged binacle:252768691
