Sending build context to Docker daemon  2.048kB
Step 1/2 : FROM gcr.io/google-containers/kube-ui:v3
v3: Pulling from google-containers/kube-ui
a3ed95caeb02: Pulling fs layer
79ff1367b467: Pulling fs layer
a3ed95caeb02: Verifying Checksum
a3ed95caeb02: Download complete
a3ed95caeb02: Pull complete
79ff1367b467: Verifying Checksum
79ff1367b467: Download complete
79ff1367b467: Pull complete
Digest: sha256:3596cf6ab099573d95304baa126328929f1ad009fd0ac4e7bd6787d582152980
Status: Downloaded newer image for gcr.io/google-containers/kube-ui:v3
 ---> 19e56de9d864
Step 2/2 : MAINTAINER 3vil <3vil.cc>
 ---> Running in 1d57cb79e56e
Removing intermediate container 1d57cb79e56e
 ---> e7fdaf6f814b
Successfully built e7fdaf6f814b
Successfully tagged binacle:252767780
