Sending build context to Docker daemon  2.048kB
Step 1/1 : FROM gcr.io/google_containers/kubernetes-dashboard-init-amd64:v1.0.1
v1.0.1: Pulling from google_containers/kubernetes-dashboard-init-amd64
9fb6c798fa41: Pulling fs layer
51899d335aae: Pulling fs layer
6ff2b7de3c13: Pulling fs layer
50366c31f7fd: Pulling fs layer
f441b9a68d13: Pulling fs layer
1c3eb5efc971: Pulling fs layer
baddc8a15e47: Pulling fs layer
af415c400fa4: Pulling fs layer
7334e996767e: Pulling fs layer
18b7f52f3eea: Pulling fs layer
f38aaf250241: Pulling fs layer
50366c31f7fd: Waiting
f441b9a68d13: Waiting
1c3eb5efc971: Waiting
baddc8a15e47: Waiting
af415c400fa4: Waiting
7334e996767e: Waiting
18b7f52f3eea: Waiting
f38aaf250241: Waiting
6ff2b7de3c13: Verifying Checksum
6ff2b7de3c13: Download complete
51899d335aae: Verifying Checksum
51899d335aae: Download complete
f441b9a68d13: Verifying Checksum
f441b9a68d13: Download complete
50366c31f7fd: Verifying Checksum
50366c31f7fd: Download complete
baddc8a15e47: Verifying Checksum
baddc8a15e47: Download complete
af415c400fa4: Verifying Checksum
af415c400fa4: Download complete
7334e996767e: Verifying Checksum
7334e996767e: Download complete
9fb6c798fa41: Verifying Checksum
9fb6c798fa41: Download complete
18b7f52f3eea: Verifying Checksum
18b7f52f3eea: Download complete
1c3eb5efc971: Verifying Checksum
1c3eb5efc971: Download complete
f38aaf250241: Verifying Checksum
f38aaf250241: Download complete
9fb6c798fa41: Pull complete
51899d335aae: Pull complete
6ff2b7de3c13: Pull complete
50366c31f7fd: Pull complete
f441b9a68d13: Pull complete
1c3eb5efc971: Pull complete
baddc8a15e47: Pull complete
af415c400fa4: Pull complete
7334e996767e: Pull complete
18b7f52f3eea: Pull complete
f38aaf250241: Pull complete
Digest: sha256:7e0356253d780007a39820b24676676dd40902cc1ee02ba28d77697149b090a8
Status: Downloaded newer image for gcr.io/google_containers/kubernetes-dashboard-init-amd64:v1.0.1
 ---> 95bfc2b3e5a3
Successfully built 95bfc2b3e5a3
Successfully tagged binacle:252801514
