Sending build context to Docker daemon  2.048kB
Step 1/1 : FROM gcr.io/istio-release/proxy_init:master-20190104-09-15
master-20190104-09-15: Pulling from istio-release/proxy_init
b849b56b69e7: Pulling fs layer
42986ef25bcd: Pulling fs layer
d927c1b717ec: Pulling fs layer
15b86ea20233: Pulling fs layer
4a46ebbf71ab: Pulling fs layer
54ab3839a134: Pulling fs layer
fae204971bd3: Pulling fs layer
15b86ea20233: Waiting
4a46ebbf71ab: Waiting
54ab3839a134: Waiting
fae204971bd3: Waiting
d927c1b717ec: Verifying Checksum
d927c1b717ec: Download complete
42986ef25bcd: Verifying Checksum
42986ef25bcd: Download complete
15b86ea20233: Verifying Checksum
15b86ea20233: Download complete
4a46ebbf71ab: Verifying Checksum
4a46ebbf71ab: Download complete
54ab3839a134: Verifying Checksum
54ab3839a134: Download complete
fae204971bd3: Verifying Checksum
fae204971bd3: Download complete
b849b56b69e7: Verifying Checksum
b849b56b69e7: Download complete
b849b56b69e7: Pull complete
42986ef25bcd: Pull complete
d927c1b717ec: Pull complete
15b86ea20233: Pull complete
4a46ebbf71ab: Pull complete
54ab3839a134: Pull complete
fae204971bd3: Pull complete
Digest: sha256:77ffe830044ec484d7525f18564a004df1e277fa15c4b78c3c880727c025d1bc
Status: Downloaded newer image for gcr.io/istio-release/proxy_init:master-20190104-09-15
 ---> fd8ebb0a82c3
Successfully built fd8ebb0a82c3
Successfully tagged binacle:300456080
