Sending build context to Docker daemon  2.048kB
Step 1/1 : FROM gcr.io/istio-release/proxy_init:master-20190107-09-15
master-20190107-09-15: Pulling from istio-release/proxy_init
b849b56b69e7: Pulling fs layer
42986ef25bcd: Pulling fs layer
d927c1b717ec: Pulling fs layer
15b86ea20233: Pulling fs layer
5b68e1d2a3a6: Pulling fs layer
5d9f4361ea3a: Pulling fs layer
16174e0549b0: Pulling fs layer
15b86ea20233: Waiting
5b68e1d2a3a6: Waiting
5d9f4361ea3a: Waiting
16174e0549b0: Waiting
d927c1b717ec: Verifying Checksum
d927c1b717ec: Download complete
42986ef25bcd: Verifying Checksum
42986ef25bcd: Download complete
15b86ea20233: Verifying Checksum
15b86ea20233: Download complete
5b68e1d2a3a6: Verifying Checksum
5b68e1d2a3a6: Download complete
5d9f4361ea3a: Verifying Checksum
5d9f4361ea3a: Download complete
b849b56b69e7: Verifying Checksum
b849b56b69e7: Download complete
16174e0549b0: Verifying Checksum
16174e0549b0: Download complete
b849b56b69e7: Pull complete
42986ef25bcd: Pull complete
d927c1b717ec: Pull complete
15b86ea20233: Pull complete
5b68e1d2a3a6: Pull complete
5d9f4361ea3a: Pull complete
16174e0549b0: Pull complete
Digest: sha256:6130da31d9bc0f1bbf6c88e083462708b730df5f4524f7840fb46bdddbc13a77
Status: Downloaded newer image for gcr.io/istio-release/proxy_init:master-20190107-09-15
 ---> 8a01f400d990
Successfully built 8a01f400d990
Successfully tagged binacle:300456083
