Sending build context to Docker daemon  2.048kB
Step 1/1 : FROM gcr.io/istio-release/proxy_init:master-20181222-09-15
master-20181222-09-15: Pulling from istio-release/proxy_init
7b8b6451c85f: Pulling fs layer
ab4d1096d9ba: Pulling fs layer
e6797d1788ac: Pulling fs layer
e25c5c290bde: Pulling fs layer
10499da2e69a: Pulling fs layer
e3658fd68c20: Pulling fs layer
eb836e7e73c7: Pulling fs layer
e25c5c290bde: Waiting
10499da2e69a: Waiting
e3658fd68c20: Waiting
eb836e7e73c7: Waiting
e6797d1788ac: Verifying Checksum
e6797d1788ac: Download complete
ab4d1096d9ba: Verifying Checksum
ab4d1096d9ba: Download complete
e25c5c290bde: Verifying Checksum
e25c5c290bde: Download complete
e3658fd68c20: Verifying Checksum
e3658fd68c20: Download complete
10499da2e69a: Verifying Checksum
10499da2e69a: Download complete
7b8b6451c85f: Verifying Checksum
7b8b6451c85f: Download complete
eb836e7e73c7: Verifying Checksum
eb836e7e73c7: Download complete
7b8b6451c85f: Pull complete
ab4d1096d9ba: Pull complete
e6797d1788ac: Pull complete
e25c5c290bde: Pull complete
10499da2e69a: Pull complete
e3658fd68c20: Pull complete
eb836e7e73c7: Pull complete
Digest: sha256:fd3b77efbd28ee5937fb1968cc8ccb784b7f3fb6a30001a20da407607868459d
Status: Downloaded newer image for gcr.io/istio-release/proxy_init:master-20181222-09-15
 ---> f15cb10112c3
Successfully built f15cb10112c3
Successfully tagged binacle:300456067
