Sending build context to Docker daemon  2.048kB
Step 1/1 : FROM gcr.io/istio-release/proxy_init:master-20181231-09-15
master-20181231-09-15: Pulling from istio-release/proxy_init
b849b56b69e7: Pulling fs layer
42986ef25bcd: Pulling fs layer
d927c1b717ec: Pulling fs layer
15b86ea20233: Pulling fs layer
23502940699b: Pulling fs layer
3ade576266a2: Pulling fs layer
3cc6a518ca5a: Pulling fs layer
15b86ea20233: Waiting
23502940699b: Waiting
3ade576266a2: Waiting
3cc6a518ca5a: Waiting
d927c1b717ec: Verifying Checksum
d927c1b717ec: Download complete
42986ef25bcd: Verifying Checksum
42986ef25bcd: Download complete
15b86ea20233: Verifying Checksum
15b86ea20233: Download complete
23502940699b: Verifying Checksum
23502940699b: Download complete
3ade576266a2: Verifying Checksum
3ade576266a2: Download complete
b849b56b69e7: Verifying Checksum
b849b56b69e7: Download complete
3cc6a518ca5a: Verifying Checksum
3cc6a518ca5a: Download complete
b849b56b69e7: Pull complete
42986ef25bcd: Pull complete
d927c1b717ec: Pull complete
15b86ea20233: Pull complete
23502940699b: Pull complete
3ade576266a2: Pull complete
3cc6a518ca5a: Pull complete
Digest: sha256:5a9b55f0da866936b6aa1d43dec8b6598bcfb4e50c6ec6d0cff1e3c99696374f
Status: Downloaded newer image for gcr.io/istio-release/proxy_init:master-20181231-09-15
 ---> d78d74e786f5
Successfully built d78d74e786f5
Successfully tagged binacle:300456076
