Sending build context to Docker daemon  2.048kB
Step 1/1 : FROM gcr.io/istio-release/proxy_init:master-20190106-09-15
master-20190106-09-15: Pulling from istio-release/proxy_init
b849b56b69e7: Pulling fs layer
42986ef25bcd: Pulling fs layer
d927c1b717ec: Pulling fs layer
15b86ea20233: Pulling fs layer
4b11841c9f8c: Pulling fs layer
950052ce69c4: Pulling fs layer
39949928a6cb: Pulling fs layer
15b86ea20233: Waiting
4b11841c9f8c: Waiting
950052ce69c4: Waiting
39949928a6cb: Waiting
42986ef25bcd: Verifying Checksum
42986ef25bcd: Download complete
d927c1b717ec: Verifying Checksum
d927c1b717ec: Download complete
15b86ea20233: Verifying Checksum
15b86ea20233: Download complete
950052ce69c4: Verifying Checksum
950052ce69c4: Download complete
4b11841c9f8c: Verifying Checksum
4b11841c9f8c: Download complete
b849b56b69e7: Verifying Checksum
b849b56b69e7: Download complete
39949928a6cb: Verifying Checksum
39949928a6cb: Download complete
b849b56b69e7: Pull complete
42986ef25bcd: Pull complete
d927c1b717ec: Pull complete
15b86ea20233: Pull complete
4b11841c9f8c: Pull complete
950052ce69c4: Pull complete
39949928a6cb: Pull complete
Digest: sha256:811712e7f8420df64df99304f9aa5ca03b60b1d8550423b3ad37648c6cf9cf0c
Status: Downloaded newer image for gcr.io/istio-release/proxy_init:master-20190106-09-15
 ---> ae3d20dc16f9
Successfully built ae3d20dc16f9
Successfully tagged binacle:300456082
