Sending build context to Docker daemon  2.048kB
Step 1/1 : FROM gcr.io/istio-release/proxy_init:master-20190110-09-15
master-20190110-09-15: Pulling from istio-release/proxy_init
b849b56b69e7: Pulling fs layer
42986ef25bcd: Pulling fs layer
d927c1b717ec: Pulling fs layer
15b86ea20233: Pulling fs layer
941dc1fbd75a: Pulling fs layer
e9498acc9dfd: Pulling fs layer
d9e46864dda0: Pulling fs layer
15b86ea20233: Waiting
941dc1fbd75a: Waiting
e9498acc9dfd: Waiting
d9e46864dda0: Waiting
42986ef25bcd: Verifying Checksum
42986ef25bcd: Download complete
d927c1b717ec: Verifying Checksum
d927c1b717ec: Download complete
15b86ea20233: Verifying Checksum
15b86ea20233: Download complete
e9498acc9dfd: Verifying Checksum
e9498acc9dfd: Download complete
941dc1fbd75a: Verifying Checksum
941dc1fbd75a: Download complete
b849b56b69e7: Verifying Checksum
b849b56b69e7: Download complete
d9e46864dda0: Verifying Checksum
d9e46864dda0: Download complete
b849b56b69e7: Pull complete
42986ef25bcd: Pull complete
d927c1b717ec: Pull complete
15b86ea20233: Pull complete
941dc1fbd75a: Pull complete
e9498acc9dfd: Pull complete
d9e46864dda0: Pull complete
Digest: sha256:3c9db6c7bcb08cc37e8c1fa4146eb2e4a35855ab86a1913a68f3c3339464376c
Status: Downloaded newer image for gcr.io/istio-release/proxy_init:master-20190110-09-15
 ---> 7135768f2b51
Successfully built 7135768f2b51
Successfully tagged binacle:300456086
