Sending build context to Docker daemon  2.048kB
Step 1/1 : FROM gcr.io/istio-release/proxy_init:master-20181229-09-15
master-20181229-09-15: Pulling from istio-release/proxy_init
b849b56b69e7: Pulling fs layer
42986ef25bcd: Pulling fs layer
d927c1b717ec: Pulling fs layer
15b86ea20233: Pulling fs layer
5d026f81323d: Pulling fs layer
b8e4e5f303a9: Pulling fs layer
2d44c69ed7c8: Pulling fs layer
15b86ea20233: Waiting
5d026f81323d: Waiting
b8e4e5f303a9: Waiting
2d44c69ed7c8: Waiting
d927c1b717ec: Verifying Checksum
d927c1b717ec: Download complete
42986ef25bcd: Verifying Checksum
42986ef25bcd: Download complete
15b86ea20233: Verifying Checksum
15b86ea20233: Download complete
5d026f81323d: Verifying Checksum
5d026f81323d: Download complete
b8e4e5f303a9: Verifying Checksum
b8e4e5f303a9: Download complete
2d44c69ed7c8: Verifying Checksum
2d44c69ed7c8: Download complete
b849b56b69e7: Verifying Checksum
b849b56b69e7: Download complete
b849b56b69e7: Pull complete
42986ef25bcd: Pull complete
d927c1b717ec: Pull complete
15b86ea20233: Pull complete
5d026f81323d: Pull complete
b8e4e5f303a9: Pull complete
2d44c69ed7c8: Pull complete
Digest: sha256:dc1007db0dfe69c134d0d9ac31fddcaabf7e550d94d5484589e061e3368ebba1
Status: Downloaded newer image for gcr.io/istio-release/proxy_init:master-20181229-09-15
 ---> bdf66165ada4
Successfully built bdf66165ada4
Successfully tagged binacle:300456074
