Sending build context to Docker daemon  2.048kB
Step 1/1 : FROM gcr.io/istio-release/proxy_init:master-20181225-09-15
master-20181225-09-15: Pulling from istio-release/proxy_init
7b8b6451c85f: Pulling fs layer
ab4d1096d9ba: Pulling fs layer
e6797d1788ac: Pulling fs layer
e25c5c290bde: Pulling fs layer
45f2bfdf55a7: Pulling fs layer
41f86b7a223e: Pulling fs layer
691891cf8657: Pulling fs layer
e25c5c290bde: Waiting
45f2bfdf55a7: Waiting
41f86b7a223e: Waiting
691891cf8657: Waiting
e6797d1788ac: Verifying Checksum
e6797d1788ac: Download complete
ab4d1096d9ba: Verifying Checksum
ab4d1096d9ba: Download complete
e25c5c290bde: Verifying Checksum
e25c5c290bde: Download complete
41f86b7a223e: Verifying Checksum
41f86b7a223e: Download complete
7b8b6451c85f: Verifying Checksum
7b8b6451c85f: Download complete
45f2bfdf55a7: Verifying Checksum
45f2bfdf55a7: Download complete
691891cf8657: Verifying Checksum
691891cf8657: Download complete
7b8b6451c85f: Pull complete
ab4d1096d9ba: Pull complete
e6797d1788ac: Pull complete
e25c5c290bde: Pull complete
45f2bfdf55a7: Pull complete
41f86b7a223e: Pull complete
691891cf8657: Pull complete
Digest: sha256:e749e132c232b2f028d5821359e42b7b541c14564eb1fee0e72f4490a7fbaf7e
Status: Downloaded newer image for gcr.io/istio-release/proxy_init:master-20181225-09-15
 ---> c5647ebca1ac
Successfully built c5647ebca1ac
Successfully tagged binacle:300456070
