Sending build context to Docker daemon  2.048kB
Step 1/1 : FROM gcr.io/istio-release/proxy_init:master-20190115-09-15
master-20190115-09-15: Pulling from istio-release/proxy_init
b849b56b69e7: Pulling fs layer
42986ef25bcd: Pulling fs layer
d927c1b717ec: Pulling fs layer
15b86ea20233: Pulling fs layer
e7ceb5225120: Pulling fs layer
0a6fa33795c0: Pulling fs layer
157a529dddc8: Pulling fs layer
15b86ea20233: Waiting
e7ceb5225120: Waiting
0a6fa33795c0: Waiting
157a529dddc8: Waiting
d927c1b717ec: Verifying Checksum
d927c1b717ec: Download complete
42986ef25bcd: Verifying Checksum
42986ef25bcd: Download complete
15b86ea20233: Verifying Checksum
15b86ea20233: Download complete
b849b56b69e7: Verifying Checksum
b849b56b69e7: Download complete
e7ceb5225120: Verifying Checksum
e7ceb5225120: Download complete
0a6fa33795c0: Verifying Checksum
0a6fa33795c0: Download complete
157a529dddc8: Verifying Checksum
157a529dddc8: Download complete
b849b56b69e7: Pull complete
42986ef25bcd: Pull complete
d927c1b717ec: Pull complete
15b86ea20233: Pull complete
e7ceb5225120: Pull complete
0a6fa33795c0: Pull complete
157a529dddc8: Pull complete
Digest: sha256:712c729dc3902fd0b0174f8fe7c648fa22eabab1112491918f9179c29617c36a
Status: Downloaded newer image for gcr.io/istio-release/proxy_init:master-20190115-09-15
 ---> 2f911fac0f47
Successfully built 2f911fac0f47
Successfully tagged binacle:300456091
