Sending build context to Docker daemon  2.048kB
Step 1/1 : FROM gcr.io/istio-release/proxy_init:master-20190113-09-15
master-20190113-09-15: Pulling from istio-release/proxy_init
b849b56b69e7: Pulling fs layer
42986ef25bcd: Pulling fs layer
d927c1b717ec: Pulling fs layer
15b86ea20233: Pulling fs layer
8cc504f4589d: Pulling fs layer
c279b5c5495b: Pulling fs layer
f841a62776cd: Pulling fs layer
15b86ea20233: Waiting
8cc504f4589d: Waiting
c279b5c5495b: Waiting
f841a62776cd: Waiting
42986ef25bcd: Verifying Checksum
42986ef25bcd: Download complete
d927c1b717ec: Verifying Checksum
d927c1b717ec: Download complete
15b86ea20233: Verifying Checksum
15b86ea20233: Download complete
c279b5c5495b: Verifying Checksum
c279b5c5495b: Download complete
b849b56b69e7: Verifying Checksum
b849b56b69e7: Download complete
f841a62776cd: Verifying Checksum
f841a62776cd: Download complete
8cc504f4589d: Verifying Checksum
8cc504f4589d: Download complete
b849b56b69e7: Pull complete
42986ef25bcd: Pull complete
d927c1b717ec: Pull complete
15b86ea20233: Pull complete
8cc504f4589d: Pull complete
c279b5c5495b: Pull complete
f841a62776cd: Pull complete
Digest: sha256:d48fa6eb2c2ae31e2212b9eac2b7789ea8e3ed06bbef144f3ad234e0b200cf62
Status: Downloaded newer image for gcr.io/istio-release/proxy_init:master-20190113-09-15
 ---> 07523ba7bfe0
Successfully built 07523ba7bfe0
Successfully tagged binacle:300456089
