Sending build context to Docker daemon  2.048kB
Step 1/9 : FROM golang:1.12-alpine
1.12-alpine: Pulling from library/golang
c9b1b535fdd9: Pulling fs layer
cbb0d8da1b30: Pulling fs layer
d909eff28200: Pulling fs layer
665fbbf998e4: Pulling fs layer
4985b1919860: Pulling fs layer
665fbbf998e4: Waiting
4985b1919860: Waiting
d909eff28200: Verifying Checksum
d909eff28200: Download complete
cbb0d8da1b30: Verifying Checksum
cbb0d8da1b30: Download complete
c9b1b535fdd9: Verifying Checksum
c9b1b535fdd9: Download complete
4985b1919860: Verifying Checksum
4985b1919860: Download complete
c9b1b535fdd9: Pull complete
cbb0d8da1b30: Pull complete
d909eff28200: Pull complete
665fbbf998e4: Verifying Checksum
665fbbf998e4: Download complete
665fbbf998e4: Pull complete
4985b1919860: Pull complete
Digest: sha256:3f8e3ad3e7c128d29ac3004ac8314967c5ddbfa5bfa7caa59b0de493fc01686a
Status: Downloaded newer image for golang:1.12-alpine
 ---> 76bddfb5e55e
Step 2/9 : RUN apk add --update git py2-pip upx
 ---> Running in b234e7335076
fetch http://dl-cdn.alpinelinux.org/alpine/v3.11/main/x86_64/APKINDEX.tar.gz
fetch http://dl-cdn.alpinelinux.org/alpine/v3.11/community/x86_64/APKINDEX.tar.gz
(1/19) Installing nghttp2-libs (1.40.0-r0)
(2/19) Installing libcurl (7.67.0-r0)
(3/19) Installing expat (2.2.9-r1)
(4/19) Installing pcre2 (10.34-r1)
(5/19) Installing git (2.24.2-r0)
(6/19) Installing libbz2 (1.0.8-r1)
(7/19) Installing libffi (3.2.1-r6)
(8/19) Installing gdbm (1.13-r1)
(9/19) Installing ncurses-terminfo-base (6.1_p20200118-r3)
(10/19) Installing ncurses-libs (6.1_p20200118-r3)
(11/19) Installing readline (8.0.1-r0)
(12/19) Installing sqlite-libs (3.30.1-r1)
(13/19) Installing python2 (2.7.16-r3)
(14/19) Installing py-setuptools (42.0.2-r0)
(15/19) Installing py2-pip (18.1-r0)
(16/19) Installing libgcc (9.2.0-r4)
(17/19) Installing libstdc++ (9.2.0-r4)
(18/19) Installing ucl (1.03-r1)
(19/19) Installing upx (3.95-r2)
Executing busybox-1.31.1-r9.trigger
OK: 78 MiB in 34 packages
Removing intermediate container b234e7335076
 ---> 17eb8c134b92
Step 3/9 : RUN pip install awscli
 ---> Running in 4703e92f3056
Collecting awscli
  Downloading https://files.pythonhosted.org/packages/21/0d/8ad4ea046fc16719f49243bbd1058f0528e26d0037ac69626e1a181ec52a/awscli-1.18.39-py2.py3-none-any.whl (3.0MB)
Collecting s3transfer<0.4.0,>=0.3.0 (from awscli)
  Downloading https://files.pythonhosted.org/packages/69/79/e6afb3d8b0b4e96cefbdc690f741d7dd24547ff1f94240c997a26fa908d3/s3transfer-0.3.3-py2.py3-none-any.whl (69kB)
Collecting docutils<0.16,>=0.10 (from awscli)
  Downloading https://files.pythonhosted.org/packages/3a/dc/bf2b15d1fa15a6f7a9e77a61b74ecbbae7258558fcda8ffc9a6638a6b327/docutils-0.15.2-py2-none-any.whl (548kB)
Collecting rsa<=3.5.0,>=3.1.2 (from awscli)
  Downloading https://files.pythonhosted.org/packages/e1/ae/baedc9cb175552e95f3395c43055a6a5e125ae4d48a1d7a924baca83e92e/rsa-3.4.2-py2.py3-none-any.whl (46kB)
Collecting botocore==1.15.39 (from awscli)
  Downloading https://files.pythonhosted.org/packages/dc/fb/f78a0e09965c156fea9160713705af688ec4f18af4249b3095949c930f77/botocore-1.15.39-py2.py3-none-any.whl (6.1MB)
Collecting PyYAML<5.4,>=3.10; python_version != "3.4" (from awscli)
  Downloading https://files.pythonhosted.org/packages/64/c2/b80047c7ac2478f9501676c988a5411ed5572f35d1beff9cae07d321512c/PyYAML-5.3.1.tar.gz (269kB)
Collecting colorama<0.4.4,>=0.2.5; python_version != "3.4" (from awscli)
  Downloading https://files.pythonhosted.org/packages/c9/dc/45cdef1b4d119eb96316b3117e6d5708a08029992b2fee2c143c7a0a5cc5/colorama-0.4.3-py2.py3-none-any.whl
Collecting futures<4.0.0,>=2.2.0; python_version == "2.7" (from s3transfer<0.4.0,>=0.3.0->awscli)
  Downloading https://files.pythonhosted.org/packages/d8/a6/f46ae3f1da0cd4361c344888f59ec2f5785e69c872e175a748ef6071cdb5/futures-3.3.0-py2-none-any.whl
Collecting pyasn1>=0.1.3 (from rsa<=3.5.0,>=3.1.2->awscli)
  Downloading https://files.pythonhosted.org/packages/62/1e/a94a8d635fa3ce4cfc7f506003548d0a2447ae76fd5ca53932970fe3053f/pyasn1-0.4.8-py2.py3-none-any.whl (77kB)
Collecting urllib3<1.26,>=1.20; python_version != "3.4" (from botocore==1.15.39->awscli)
  Downloading https://files.pythonhosted.org/packages/e8/74/6e4f91745020f967d09332bb2b8b9b10090957334692eb88ea4afe91b77f/urllib3-1.25.8-py2.py3-none-any.whl (125kB)
Collecting python-dateutil<3.0.0,>=2.1 (from botocore==1.15.39->awscli)
  Downloading https://files.pythonhosted.org/packages/d4/70/d60450c3dd48ef87586924207ae8907090de0b306af2bce5d134d78615cb/python_dateutil-2.8.1-py2.py3-none-any.whl (227kB)
Collecting jmespath<1.0.0,>=0.7.1 (from botocore==1.15.39->awscli)
  Downloading https://files.pythonhosted.org/packages/a3/43/1e939e1fcd87b827fe192d0c9fc25b48c5b3368902bfb913de7754b0dc03/jmespath-0.9.5-py2.py3-none-any.whl
Collecting six>=1.5 (from python-dateutil<3.0.0,>=2.1->botocore==1.15.39->awscli)
  Downloading https://files.pythonhosted.org/packages/65/eb/1f97cb97bfc2390a276969c6fae16075da282f5058082d4cb10c6c5c1dba/six-1.14.0-py2.py3-none-any.whl
Installing collected packages: futures, docutils, urllib3, six, python-dateutil, jmespath, botocore, s3transfer, pyasn1, rsa, PyYAML, colorama, awscli
  Running setup.py install for PyYAML: started
    Running setup.py install for PyYAML: finished with status 'done'
Successfully installed PyYAML-5.3.1 awscli-1.18.39 botocore-1.15.39 colorama-0.4.3 docutils-0.15.2 futures-3.3.0 jmespath-0.9.5 pyasn1-0.4.8 python-dateutil-2.8.1 rsa-3.4.2 s3transfer-0.3.3 six-1.14.0 urllib3-1.25.8
Removing intermediate container 4703e92f3056
 ---> 57b98f99d4c1
Step 4/9 : ADD https://github.com/goreleaser/goreleaser/releases/download/v0.106.0/goreleaser_Linux_x86_64.tar.gz .

 ---> 27540052b29c
Step 5/9 : RUN tar -xvf goreleaser_Linux_x86_64.tar.gz && mv goreleaser /usr/bin
 ---> Running in b000c4127864
LICENSE.md
README.md
goreleaser
Removing intermediate container b000c4127864
 ---> 9747159eb702
Step 6/9 : WORKDIR /wd
 ---> Running in 826017bf6a46
Removing intermediate container 826017bf6a46
 ---> 936f90f01efc
Step 7/9 : COPY go.mod go.sum ./
COPY failed: stat /var/lib/docker/tmp/docker-builder855464651/go.mod: no such file or directory
