Sending build context to Docker daemon  2.048kB
Step 1/4 : FROM truthhun/dochub:env
env: Pulling from truthhun/dochub
8ee29e426c26: Pulling fs layer
6e83b260b73b: Pulling fs layer
e26b65fd1143: Pulling fs layer
40dca07f8222: Pulling fs layer
b420ae9e10b3: Pulling fs layer
9578db1dd5af: Pulling fs layer
8d80237a7476: Pulling fs layer
9b6a0c0aae21: Pulling fs layer
b7f800e7e108: Pulling fs layer
40dca07f8222: Waiting
b420ae9e10b3: Waiting
9578db1dd5af: Waiting
8d80237a7476: Waiting
9b6a0c0aae21: Waiting
b7f800e7e108: Waiting
e26b65fd1143: Verifying Checksum
e26b65fd1143: Download complete
6e83b260b73b: Download complete
40dca07f8222: Verifying Checksum
40dca07f8222: Download complete
b420ae9e10b3: Verifying Checksum
b420ae9e10b3: Download complete
8ee29e426c26: Verifying Checksum
8ee29e426c26: Download complete
9578db1dd5af: Verifying Checksum
9578db1dd5af: Download complete
8d80237a7476: Verifying Checksum
8d80237a7476: Download complete
b7f800e7e108: Verifying Checksum
b7f800e7e108: Download complete
8ee29e426c26: Pull complete
6e83b260b73b: Pull complete
e26b65fd1143: Pull complete
40dca07f8222: Pull complete
b420ae9e10b3: Pull complete
9578db1dd5af: Pull complete
8d80237a7476: Pull complete
9b6a0c0aae21: Verifying Checksum
9b6a0c0aae21: Download complete
9b6a0c0aae21: Pull complete
b7f800e7e108: Pull complete
Digest: sha256:c39242351e5794ad06cde72825d921c5ac9254fe55c9a48aa9d8369ba768588c
Status: Downloaded newer image for truthhun/dochub:env
 ---> d742d48e6b47
Step 2/4 : WORKDIR /www/dochub
 ---> Running in 048337954de1
Removing intermediate container 048337954de1
 ---> 232bdaf1f895
Step 3/4 : RUN  wget https://github.com/TruthHun/DocHub/releases/download/v2.0/DocHub.V2.0_linux_amd64.zip     && apt install unzip -y     && unzip DocHub.V2.0_linux_amd64.zip -d /www/dochub/     && rm -rf /www/dochub/__MACOSX     && chmod 0777 -R /www/dochub
 ---> Running in a8addcd7d2da
[91m--2020-04-15 05:00:13--  https://github.com/TruthHun/DocHub/releases/download/v2.0/DocHub.V2.0_linux_amd64.zip
Resolving github.com (github.com)... [0m[91m140.82.113.4
Connecting to github.com (github.com)|140.82.113.4|:443... [0m[91mconnected.
[0m[91mHTTP request sent, awaiting response... [0m[91m302 Found
Location: https://github-production-release-asset-2e65be.s3.amazonaws.com/132346890/c6c3ad00-a394-11e8-8291-d922d54c8754?X-Amz-Algorithm=AWS4-HMAC-SHA256&X-Amz-Credential=AKIAIWNJYAX4CSVEH53A%2F20200415%2Fus-east-1%2Fs3%2Faws4_request&X-Amz-Date=20200415T050013Z&X-Amz-Expires=300&X-Amz-Signature=55be48865145e7e4a4559d38c42542a135a22ae24f5bd53663457a15e4d47944&X-Amz-SignedHeaders=host&actor_id=0&repo_id=132346890&response-content-disposition=attachment%3B%20filename%3DDocHub.V2.0_linux_amd64.zip&response-content-type=application%2Foctet-stream [following]
[0m[91m--2020-04-15 05:00:13--  https://github-production-release-asset-2e65be.s3.amazonaws.com/132346890/c6c3ad00-a394-11e8-8291-d922d54c8754?X-Amz-Algorithm=AWS4-HMAC-SHA256&X-Amz-Credential=AKIAIWNJYAX4CSVEH53A%2F20200415%2Fus-east-1%2Fs3%2Faws4_request&X-Amz-Date=20200415T050013Z&X-Amz-Expires=300&X-Amz-Signature=55be48865145e7e4a4559d38c42542a135a22ae24f5bd53663457a15e4d47944&X-Amz-SignedHeaders=host&actor_id=0&repo_id=132346890&response-content-disposition=attachment%3B%20filename%3DDocHub.V2.0_linux_amd64.zip&response-content-type=application%2Foctet-stream
Resolving github-production-release-asset-2e65be.s3.amazonaws.com (github-production-release-asset-2e65be.s3.amazonaws.com)... [0m[91m52.217.36.252
Connecting to github-production-release-asset-2e65be.s3.amazonaws.com (github-production-release-asset-2e65be.s3.amazonaws.com)|52.217.36.252|:443... [0m[91mconnected.
[0m[91mHTTP request sent, awaiting response... [0m[91m200 OK
[0m[91mLength: 17428088 (17M) [application/octet-stream]
[0m[91mSaving to: ‘DocHub.V2.0_linux_amd64.zip’
[0m[91m
     0K .......... ......[0m[91m.... .......... ...[0m[91m....... ..........  0%  880K 19s
    50K .......... ......[0m[91m.... .......... ....[0m[91m...... ..........  0% 1.69M 15s
   100K .......... ........[0m[91m.. .....[0m[91m..... .....[0m[91m..... ..........  0% 71.9M 10s
   150K .[0m[91m......... .......... .......... .......... ..........  1% 1.71M 10s
   200K .......... .......... ........[0m[91m.. .......... ..........  1% 94.5M 8s
   250K .....[0m[91m..... .......... .........[0m[91m. ........[0m[91m.. ..........  1% 69.7M 6s
   300K .....[0m[91m..... .......... .......... .......... ..........  2% 1.76M 7s
   350K .......... .......... .......... .......... ..........  2% 89.6M 6s
   400K .......... .......... .......... .......... ..........  2%  133M 5s
   450K .......... .......... .......... .......... ..........  2%  158M 5s
   500K .......... .......... ......[0m[91m.... .......... ..[0m[91m........  3% 53.7M 4s
   550K .[0m[91m.........[0m[91m ........[0m[91m.. .......[0m[91m... .......... ....[0m[91m......  3% 46.0M 4s
   600K .......... .[0m[91m......... .......... .......... ..........  3% 1.88M 4s
   650K .......... .......... .......... .......... ..........  4% 58.1M 4s
   700K .......... .......... .......... .......... ..........  4% 73.5M 4s
   750K .......... .......... .......... .......... ..........  4% 73.6M 4s
   800K .......... .......... .......... .......... ..........  4% 66.6M 3s
   850K .......... ......[0m[91m.... .......... ..[0m[91m.[0m[91m....... .[0m[91m.........  5% 50.9M 3s[0m[91m
   900K ........[0m[91m.. ......[0m[91m.[0m[91m... .....[0m[91m..... ....[0m[91m...... ..[0m[91m........  5% 43.3M 3s
   950K .[0m[91m........[0m[91m. ........[0m[91m.. ......[0m[91m.... .....[0m[91m..... ...[0m[91m.......  5% 43.3M 3s
  1000K .[0m[91m.[0m[91m........ .........[0m[91m. .......... .....[0m[91m..... ....[0m[91m......  6% 42.4M 3s
  1050K ..[0m[91m........ .........[0m[91m. ........[0m[91m.. ......[0m[91m.... ..........  6% 42.1M 3s
  1100K ....[0m[91m...... .......... .[0m[91m......... ........[0m[91m.. ..........  6% 48.1M 3s
  1150K ....[0m[91m...... ..[0m[91m........ .......... ......[0m[91m.... ..........  7% 78.4M 2s
  1200K ..[0m[91m........ ........[0m[91m.. .......... ....[0m[91m...... ..........  7% 94.3M 2s[0m[91m
  1250K .......... .......... .......... .......... ..........  7% 2.67M 2s
  1300K .......... ....[0m[91m...... .......... .......... ..........  7% 58.9M 2s
  1350K .......... .......... .......... .......... ..........  8%  154M 2s
  1400K .......... .......... .......... .......... ..........  8%  138M 2s
  1450K .......... .......... .......... .......... ..........  8%  138M 2s
  1500K .......... .......... .......... .......... ..........  9%  147M 2s
  1550K .......... .......... .......... .......... ..........  9%  148M 2s
  1600K .......... .......... .......... .......... ..........  9%  184M 2s
  1650K .......... .......... .......... .......... ..........  9%  147M 2s
  1700K .......... .......... .......... .......... .......... 10%  154M 2s
  1750K .......... .......... .......... .......... .......... 10%  153M 2s
  1800K .......... .......... .......... .......... .......... 10%  164M 2s
  1850K .......... .......... .......... .......... .......... 11%  154M 2s
  1900K .......... .......... .......... .......... .......... 11%  171M 2s
  1950K .......... .......... .......... .......... .......... 11%  172M 2s
  2000K .......... .......... .......... .......... .......... 12%  168M 2s
  2050K .......... .......... .......... ..........[0m[91m ........[0m[91m.. 12% 66.2M 1s
  2100K ......[0m[91m.... ....[0m[91m....[0m[91m.. ..........[0m[91m ....[0m[91m....[0m[91m.. ......[0m[91m....[0m[91m 12% 40.6M 1s
  2150K ....[0m[91m...... ..[0m[91m........[0m[91m ........[0m[91m.. .......... ....[0m[91m...... 12% 51.3M 1s
  2200K ..........[0m[91m .......... ......[0m[91m.... ....[0m[91m...... .......... 13% 69.0M 1s[0m[91m
  2250K .......... ......[0m[91m.... ....[0m[91m...... ..........[0m[91m .......... 13% 62.0M 1s
  2300K ......[0m[91m.... ....[0m[91m...... ....[0m[91m...... ........[0m[91m.. .......... 13% 62.2M 1s
  2350K ....[0m[91m...... ..........[0m[91m ........[0m[91m.. ......[0m[91m.... ....[0m[91m...... 14% 73.4M 1s
  2400K .......... .....[0m[91m...[0m[91m.. .......... ....[0m[91m...... .......... 14% 58.7M 1s[0m[91m
  2450K ..........[0m[91m ......[0m[91m.... .......... ..........[0m[91m ........[0m[91m.. 14% 53.4M 1s
  2500K .......... ....[0m[91m...... .......... .......... .......... 14% 3.05M 1s
  2550K .......... ..[0m[91m.[0m[91m.[0m[91m.[0m[91m.[0m[91m.[0m[91m.[0m[91m.[0m[91m.[0m[91m [0m[91m.[0m[91m.[0m[91m.[0m[91m.[0m[91m.[0m[91m.[0m[91m.[0m[91m.[0m[91m.[0m[91m.[0m[91m [0m[91m.[0m[91m.[0m[91m.[0m[91m.[0m[91m.[0m[91m.[0m[91m.[0m[91m.[0m[91m.[0m[91m.[0m[91m [0m[91m.[0m[91m.[0m[91m.[0m[91m.[0m[91m.[0m[91m.[0m[91m.[0m[91m.[0m[91m.[0m[91m.[0m[91m 15%[0m[91m 13.0M[0m[91m 1s[0m[91m
  2600K[0m[91m [0m[91m.[0m[91m......... .......... ........[0m[91m.. ....[0m[91m...... ..[0m[91m.[0m[91m....... 15% 21.3M 1s
  2650K[0m[91m .......... .......... .......... .......... .......... 15% 66.9M 1s
  2700K .......... .......... .......... .......... .......... 16%  162M 1s
  2750K .......... .......... .......... .......... .......... 16%  176M 1s
  2800K .......... .......... .......... .......... .......... 16%  170M 1s
  2850K .......... .......... .......... .......... .......... 17%  131M 1s
  2900K .......... .......... .......... .......... .......... 17%  156M 1s
  2950K .......... .......... .......... .......... .......... 17%  153M 1s
  3000K .......... .......... .......... .......... .......... 17%  144M 1s
  3050K .......... .......... .......... .......... .......... 18%  144M 1s
  3100K .......... .......... .......... .......... .......... 18%  152M 1s
  3150K .......... .......... .......... .......... .......... 18%  145M 1s
  3200K .......... .......... .......... .......... .......... 19%  190M 1s
  3250K .......... .......... .......... .......... .......... 19%  145M 1s
  3300K .......... .......... .......... .......... .......... 19%  156M 1s
  3350K .......... .......... .......... .......... .......... 19%  169M 1s
  3400K .......... .......... .......... .......... .......... 20%  159M 1s
  3450K .......... .......... .......... ..[0m[91m........ ........[0m[91m.. 20% 87.2M 1s
  3500K ......[0m[91m.... ....[0m[91m...... ..[0m[91m........[0m[91m ........[0m[91m.. ..........[0m[91m 20% 61.1M 1s
  3550K ....[0m[91m...... ..........[0m[91m .......... ......[0m[91m.... ....[0m[91m...... 21% 61.5M 1s[0m[91m
  3600K ..[0m[91m........ [0m[91m.........[0m[91m. .......... ....[0m[91m...... ..[0m[91m........ 21% 59.9M 1s
  3650K ......[0m[91m.... ......[0m[91m.... ....[0m[91m...... ..[0m[91m........ [0m[91m........[0m[91m.. 21% 48.7M 1s
  3700K ......[0m[91m.... ....[0m[91m...... ..[0m[91m........[0m[91m .......... ......[0m[91m.... 22% 58.2M 1s
  3750K ...[0m[91m....... ..[0m[91m........ ........[0m[91m.[0m[91m. .......... ....[0m[91m...... 22% 58.1M[0m[91m 1s
  3800K ..........[0m[91m ......[0m[91m.... ......[0m[91m.... ....[0m[91m...... ..[0m[91m........ 22% 54.6M 1s[0m[91m
  3850K ........[0m[91m.. ......[0m[91m.... .......... ..[0m[91m........[0m[91m ........[0m[91m.. 22% 58.7M 1s
  3900K ......[0m[91m.... ....[0m[91m...... ..[0m[91m........[0m[91m ........[0m[91m.. ......[0m[91m.... 23% 60.0M 1s
  3950K ....[0m[91m...... ..[0m[91m........[0m[91m ........[0m[91m.. ......[0m[91m.... ....[0m[91m...... 23% 55.7M 1s
  4000K ..[0m[91m........[0m[91m ........[0m[91m.. .....[0m[91m..... ....[0m[91m...... .[0m[91m......... 23%[0m[91m 51.2M 1s[0m[91m
  4050K ........[0m[91m.. ......[0m[91m.... ....[0m[91m...... ..[0m[91m........[0m[91m ........[0m[91m.. 24% 44.6M 1s
  4100K[0m[91m .......... ....[0m[91m...... ..[0m[91m........[0m[91m ........[0m[91m.. ......[0m[91m.... 24% 50.9M 1s
  4150K .......... ..[0m[91m........[0m[91m ........[0m[91m.. ......[0m[91m.... ....[0m[91m...... 24% 66.2M 1s
  4200K ..[0m[91m........[0m[91m ........[0m[91m.[0m[91m. .......... .......... ..[0m[91m........ 24% 59.9M 1s[0m[91m
  4250K .......... .......... .......... ..........[0m[91m .......... 25% 70.7M 1s
  4300K ......[0m[91m.... ....[0m[91m...... ..[0m[91m........ ........[0m[91m.. .......... 25% 67.4M 1s
  4350K ....[0m[91m...... ..[0m[91m........ ........[0m[91m.. ......[0m[91m.... .......... 25% 63.2M 1s
  4400K ..[0m[91m........ ........[0m[91m.. .......... ....[0m[91m...... ..[0m[91m........ 26% 70.6M 1s[0m[91m
  4450K .......... ......[0m[91m.... ....[0m[91m...... .......... .......... 26% 64.2M 1s
  4500K .......... .......... .......... .......... .......... 26% 88.5M 1s
  4550K .......... .......... .......... .......... .......... 27% 90.4M 1s
  4600K .......... .......... ......[0m[91m.... .......... ..[0m[91m........ 27% 89.7M 1s
  4650K ........[0m[91m.. ......[0m[91m.... .......... .......... .......... 27% 71.7M 1s
  4700K .......... .......... .......... .......... .......... 27%  155M 1s
  4750K .......... .......... .......... .......... .......... 28%  176M 1s
  4800K .......... .......... .......... .......... .......... 28%  158M 1s
  4850K .......... .......... .......... .......... .......... 28%  139M 1s
  4900K .......... .......... ..[0m[91m........ .......... .......... 29%  113M 1s
  4950K .......... .......... .......... .......... .......... 29%  127M[0m[91m 1s
  5000K .......... [0m[91m.......... ......[0m[91m.... .......... ..[0m[91m........ 29% 75.5M 1s
  5050K .......... .......... ....[0m[91m...... ..........[0m[91m .......... 29%[0m[91m 69.8M 1s
  5100K .......[0m[91m... .......... ..[0m[91m........ [0m[91m.......... ....[0m[91m...... 30% 66.8M 1s
  5150K ....[0m[91m...... .......... .......... .......... .......... 30%  113M 1s
  5200K .......... .......... .......... .......... .......... 30%  153M 1s
  5250K .......... .......... .......... .......... .......... 31%  113M 1s
  5300K .......... .......... .......... .......... .......... 31% 87.9M 1s
  5350K ....[0m[91m...... .......... .......... .......... .......... 31%  104M 1s
  5400K .......... .......... ........[0m[91m.. .......... .......... 32% 86.8M 1s
  5450K .......... .......... .......... .......... .......... 32%  133M 1s
  5500K .......... .......... .......... ........[0m[91m.. .......[0m[91m... 32% 82.8M 1s
  5550K ....[0m[91m...... .......... .......... .......... .......... 32%  102M 1s
  5600K .......... .......... .......... .......... .......... 33%  159M 1s
  5650K .......... .......... ....[0m[91m...... ..........[0m[91m .......... 33% 78.9M 1s
  5700K .......... .......... .......... .......... ......[0m[91m.... 33%  103M 1s
  5750K .......... ..........[0m[91m .......... .......... .......... 34%  101M 1s
  5800K .......... .......... ......[0m[91m.... .......... ..[0m[91m........ 34% 92.0M 1s[0m[91m
  5850K ........[0m[91m.. ......[0m[91m.... ....[0m[91m...... ..[0m[91m........[0m[91m ........[0m[91m.. 34% 50.4M 1s
  5900K ...[0m[91m...[0m[91m.... ....[0m[91m...... ..[0m[91m........[0m[91m ........[0m[91m.. ......[0m[91m.... 34% 54.2M 1s
  5950K ....[0m[91m...... ..[0m[91m........[0m[91m ........[0m[91m.. ......[0m[91m.... ....[0m[91m......[0m[91m 35% 55.2M 1s
  6000K ..[0m[91m........[0m[91m ........[0m[91m.. ......[0m[91m.... ....[0m[91m...... ..[0m[91m........ 35% 54.7M[0m[91m 1s[0m[91m
  6050K ........[0m[91m.. ......[0m[91m.... ..[0m[91m...[0m[91m..... ..[0m[91m........[0m[91m ........[0m[91m.. 35% 41.7M 0s
  6100K ....[0m[91m...... ....[0m[91m.[0m[91m..... ..........[0m[91m ......[0m[91m...[0m[91m. ......[0m[91m.... 36% 57.5M 0s
  6150K ....[0m[91m...... ..[0m[91m........[0m[91m ........[0m[91m.. ......[0m[91m.... ....[0m[91m...... 36% 52.8M 0s
  6200K ..[0m[91m........[0m[91m ........[0m[91m.. ......[0m[91m.... ....[0m[91m...... ..[0m[91m........ 36% 53.7M 0s[0m[91m
  6250K ........[0m[91m.. ......[0m[91m.... .......... ..[0m[91m........ .......... 37%[0m[91m 66.2M 0s
  6300K .......... ....[0m[91m...... ..........[0m[91m .......... .......... 37% 96.1M 0s
  6350K ....[0m[91m...... ..........[0m[91m .......... ......[0m[91m.... ..........[0m[91m 37% 98.0M 0s
  6400K ..[0m[91m........ .......... .......... ....[0m[91m...... .......... 37% 93.3M 0s[0m[91m
  6450K .......... ......[0m[91m.... .......... ...[0m[91m....... .......... 38% 83.5M 0s
  6500K ......[0m[91m.... .......... ..[0m[91m........[0m[91m .......... .......... 38% 91.3M 0s
  6550K ....[0m[91m...... .....[0m[91m..... .......... .......... ....[0m[91m...... 38%  101M 0s
  6600K ..[0m[91m........ ........[0m[91m.. .......... .......... ..[0m[91m........ 39%[0m[91m 91.7M 0s
  6650K .......... ......[0m[91m.... .......... ..........[0m[91m .......... 39% 92.2M 0s
  6700K ......[0m[91m.... .......... ..[0m[91m........ .........[0m[91m. .......... 39% 86.1M 0s
  6750K ....[0m[91m...... ..[0m[91m........ .......... ......[0m[91m.... .......... 39% 97.5M[0m[91m 0s
  6800K .......... .......... ......[0m[91m.... .......... .......... 40%  123M 0s[0m[91m
  6850K ........[0m[91m.. .......... .......... ..........[0m[91m .......... 40%  131M 0s
  6900K ......[0m[91m.... ....[0m[91m...... .......... .......... .......... 40% 25.9M 0s
  6950K .......... .......... .......... .......... .......... 41%  164M 0s
  7000K .......... .......... .......... .......... .......... 41%  160M 0s
  7050K .......... .......... .......... .......... .......... 41%  120M 0s
  7100K .......... .......... .......... .......... .......... 42%  177M 0s
  7150K .......... .......... .......... .......... .......... 42%  177M 0s
  7200K .......... .......... .......... .......... .......... 42%  171M 0s
  7250K .......... .......... .......... .......... .......... 42%  132M 0s
  7300K .......... .......... .......... .......... .......... 43%  187M 0s
  7350K .......... .......... .......... .......... .......... 43%  153M 0s
  7400K .......... .......... .......... .......... .......... 43%  165M 0s
  7450K .......... .......... .......... .......... .......... 44%  149M 0s
  7500K .......... .......... .......... .......... .......... 44%  169M 0s
  7550K .......... .......... .......... .......... .......... 44%  159M 0s
  7600K .......... .......... .......... .......... .......... 44%  165M 0s
  7650K .......... .......... .......... .......... .......... 45%  133M 0s
  7700K .......... .......... .......... .......... .......... 45%  133M 0s
  7750K .......... .......... ........[0m[91m.. .......... .........[0m[91m. 45%  152M 0s
  7800K ..[0m[91m........ ........[0m[91m.. ......[0m[91m.... .......... .......... 46% 56.0M 0s
  7850K .......... .......... .......... .......... .......... 46%  141M 0s
  7900K .......... .......... .......... .......... .......... 46%  137M 0s
  7950K .......... ..........[0m[91m .......... ......[0m[91m.... .......... 47%  109M 0s
  8000K .......... .......... .......... ....[0m[91m...... .......... 47%  125M 0s
  8050K .......... .......... .......... ..[0m[91m........[0m[91m .......... 47% 79.9M 0s
  8100K .......... .......... .......... .......... .......... 47%  173M 0s
  8150K .......... .......... .......... .......... .......... 48%  160M 0s
  8200K .......... .......... .......... .......... ..[0m[91m........ 48%  122M 0s
  8250K .......... .......... ....[0m[91m...... .......... .......... 48% 94.4M 0s
  8300K .......... .......... ..[0m[91m........ ........[0m[91m.. .......... 49%  103M 0s
  8350K .......... .......... .......... .......... .......... 49%  162M 0s
  8400K .......... .......... .......... .......... .......... 49%  110M 0s[0m[91m
  8450K .......... .......... .......... ..[0m[91m........ .......... 49% 90.9M 0s
  8500K .......... ....[0m[91m...... .......... .......... .......... 50% 86.9M 0s
  8550K .......... .......... ........[0m[91m.. .......... ....[0m[91m...... 50% 89.6M 0s
  8600K ..........[0m[91m .......... ......[0m[91m.... .......... ..[0m[91m........ 50% 94.6M 0s
  8650K ........[0m[91m.. .......... .......... ..[0m[91m........[0m[91m ........[0m[91m.. 51% 80.7M 0s
  8700K ......[0m[91m.... .......... ..[0m[91m........[0m[91m .......... .......... 51% 74.2M 0s
  8750K ....[0m[91m...... ..........[0m[91m .......... ......[0m[91m.... .......... 51% 70.1M 0s
  8800K ..[0m[91m........ ........[0m[91m.. .......... ....[0m[91m...... .......... 51% 67.0M 0s[0m[91m
  8850K .......... ......[0m[91m.... .......... ..........[0m[91m ........[0m[91m.. 52% 84.9M 0s
  8900K ......[0m[91m.... ....[0m[91m...... .......... ........[0m[91m.. ......[0m[91m.... 52% 78.4M 0s
  8950K ....[0m[91m...... ..[0m[91m........ ........[0m[91m.. .......... ....[0m[91m...... 52% 63.4M 0s
  9000K ..........[0m[91m .......... ......[0m[91m.... .......... .......... 53% 81.6M 0s[0m[91m
  9050K ........[0m[91m.. .......... ....[0m[91m...... .......... ........[0m[91m.. 53% 83.0M 0s
  9100K ......[0m[91m.... .......... ..[0m[91m........[0m[91m .......... .......... 53% 82.6M 0s
  9150K .......... ..[0m[91m........ .......... ......[0m[91m.... .......... 54% 5.33M 0s
  9200K .......... .......... .......... .......... .......... 54%  126M 0s
  9250K .......... .......... .......... .......... .......... 54%  138M 0s
  9300K .......... .......... .......... .......... .......... 54%  157M 0s
  9350K .......... .......... .......... .......... .......... 55%  161M 0s
  9400K .......... .......... .......... .......... .......... 55%  105M 0s
  9450K .......... .......... .......... .......... .......... 55%  100M 0s
  9500K .......... .......... .......... .......... .......... 56%  159M 0s
  9550K .......... .......... .......... .......... .......... 56%  143M 0s
  9600K .......... .......... .......... .......... .......... 56%  161M 0s
  9650K .......... .......... .......... .......... .......... 56%  137M 0s
  9700K .......... .......... .......... .......... .......... 57%  172M 0s
  9750K .......... .......... .......... .......... .......... 57%  135M 0s
  9800K .......... .......... .......... .......... .......... 57%  145M 0s
  9850K .......... .......... .......... .......... .......... 58%  165M 0s
  9900K .......... .......... .......... .......... .......... 58%  163M 0s
  9950K .......... .......... .......... .......... .......... 58%  162M 0s
 10000K .......... .......... .......... .......... .......... 59%  161M 0s
 10050K .......... .......... .......... .......... .......... 59%  116M 0s
 10100K .......... .......... .......... .......... .......... 59%  166M 0s
 10150K .......... .......... .......... .......... .......... 59%  153M 0s
 10200K .......... .......... .......... .......... .......... 60%  155M 0s
 10250K .......... .......... .......... .......... .......... 60%  135M 0s
 10300K .......... .......... .......... ........[0m[91m.. .......... 60% 80.8M 0s
 10350K ....[0m[91m...... .......... .......... .......... .......... 61%  111M 0s
 10400K .......... .......... .......... .......... .......... 61%  162M 0s
 10450K .......... .......... .......... .......... .......... 61% 85.8M 0s
 10500K .......... .......... .......... .......... .......... 61% 92.1M 0s
 10550K .......... ..[0m[91m........ .......... .......... .......... 62%  126M 0s
 10600K .......... .......... .......... .......... ..[0m[91m........ 62%  115M 0s
 10650K .......... .......... .......... .......... .......... 62% 85.3M 0s
 10700K .......... .......... .......... .......... .......... 63% 99.0M 0s
 10750K ....[0m[91m...... .......... .......... .......... .......... 63%  113M 0s
 10800K ..........[0m[91m .......... ......[0m[91m.... .......... ..[0m[91m........ 63%  110M 0s[0m[91m
 10850K ........[0m[91m.. ......[0m[91m.... .......... ..[0m[91m........ ........[0m[91m.. 64% 57.7M 0s
 10900K .......... ....[0m[91m...... ..........[0m[91m ........[0m[91m.. ......[0m[91m.... 64% 64.3M 0s
 10950K ....[0m[91m...... ..[0m[91m........ ........[0m[91m.. .......... ....[0m[91m...... 64% 75.9M 0s
 11000K .......... .......... ......[0m[91m.... .......... ..[0m[91m........ 64% 92.1M 0s[0m[91m
 11050K ........[0m[91m.. .......... ....[0m[91m...... ..[0m[91m........ .......... 65% 63.9M 0s
 11100K ......[0m[91m.... .......... ..[0m[91m........[0m[91m .......... ......[0m[91m.... 65% 71.3M 0s
 11150K ....[0m[91m...... ..........[0m[91m .......... ......[0m[91m.... .......... 65% 77.0M 0s
 11200K ..[0m[91m........ ........[0m[91m.. .......... ....[0m[91m...... .......... 66% 82.3M 0s[0m[91m
 11250K .......... .......[0m[91m... .......... ..[0m[91m........ ........[0m[91m.. 66% 73.8M 0s
 11300K .......... ....[0m[91m...... ..........[0m[91m .......... ......[0m[91m.... 66% 89.7M 0s
 11350K ....[0m[91m...... ..........[0m[91m .......... .[0m[91m......... ....[0m[91m...... 66% 74.8M 0s
 11400K ...[0m[91m.......[0m[91m .......... ......[0m[91m.... .......... ..[0m[91m........ 67% 77.9M 0s
 11450K ........[0m[91m.. .......... ....[0m[91m...... ..........[0m[91m ..........[0m[91m 67% 50.6M 0s
 11500K ......[0m[91m.... .......... ..[0m[91m........ ........[0m[91m.. ......[0m[91m.... 67% 65.5M 0s
 11550K .......... .......... .......... ......[0m[91m.... .......... 68% 88.2M 0s
 11600K .......... .......... ......[0m[91m.... .......... ..[0m[91m........ 68% 64.0M 0s[0m[91m
 11650K .......... ......[0m[91m.... .......... ..[0m[91m........ .......... 68% 45.4M 0s[0m[91m
 11700K .......... ....[0m[91m...... ..[0m[91m........[0m[91m ........[0m[91m.. ......[0m[91m.... 69% 45.6M 0s
 11750K ....[0m[91m...... ..........[0m[91m .......... ......[0m[91m.... ....[0m[91m...... 69% 55.7M 0s
 11800K ..[0m[91m........[0m[91m .......... .......... .......... .......... 69% 19.6M 0s
 11850K .......... .......... .......... .......... .......... 69%  106M 0s
 11900K .......... .......... .......... .......... .......... 70% 83.8M 0s
 11950K .......... .......... .......... .......... .......... 70% 91.1M 0s
 12000K .......... .......... .......... .......... .......... 70% 98.6M 0s
 12050K .......... .......... .......... .......... .......... 71% 58.3M 0s
 12100K .......... .......... .......... .......... .......... 71% 98.8M 0s
 12150K .......... .......... .......... .......... .......... 71% 90.3M 0s
 12200K .......... .......... .......... .......... .......... 71% 95.1M 0s
 12250K .......... .......... .......... ..........[0m[91m .......... 72% 79.6M 0s
 12300K .......... .......... .......... .......... .......... 72%  143M 0s
 12350K .......... .......... .......... .......... .......... 72%  158M 0s
 12400K .......... .......... .......... .......... .......... 73%  149M 0s
 12450K .......... .......... .......... .......... .......... 73% 93.7M 0s
 12500K .......... .......... .......... .......... .......... 73%  179M 0s
 12550K .......... .......... .......... .......... .......... 74%  162M 0s
 12600K .......... .......... .......... .......... .......... 74%  143M 0s[0m[91m
 12650K .......... ...[0m[91m....... ....[0m[91m...... ..........[0m[91m .......... 74% 38.7M 0s
 12700K ......[0m[91m.... .......... ..[0m[91m........ .......... .......... 74% 67.2M 0s
 12750K .......... .......... .......... .......... .......... 75%  162M 0s
 12800K .......... .......... .......... .......... ..[0m[91m........ 75%  157M 0s
 12850K .......... .......... .......... .......... .......... 75% 93.2M 0s
 12900K .......... ....[0m[91m...... .......... ........[0m[91m.. ......[0m[91m.... 76% 50.1M 0s
 12950K .......... ..........[0m[91m ........[0m[91m.. ......[0m[91m.... ....[0m[91m...... 76% 52.9M 0s
 13000K ..[0m[91m........[0m[91m .......... ......[0m[91m.... .......... ..[0m[91m........ 76% 68.0M 0s
 13050K .......... .......... ....[0m[91m...... .......... .......... 76%  114M 0s
 13100K .......... .......... ..[0m[91m........ ........[0m[91m.. .......... 77%  115M 0s
 13150K ....[0m[91m...... ..........[0m[91m .......... ......[0m[91m.... .......... 77%  109M 0s
 13200K .......... .......... .......... ....[0m[91m...... .......... 77%  129M 0s
 13250K .......... .......... .......... ..[0m[91m........ .......... 78%  111M 0s
 13300K .......... ....[0m[91m...... .......... .......... .......... 78%  129M 0s
 13350K .......... ..[0m[91m........ .......... .......... ....[0m[91m...... 78%  115M 0s
 13400K .......... .......... ......[0m[91m.... .......... ..[0m[91m........ 79%  107M 0s
 13450K ........[0m[91m.. .......... ....[0m[91m...... ..........[0m[91m .......... 79% 93.6M 0s
 13500K .......... .......... .......... ........[0m[91m.. .......... 79%  133M 0s
 13550K .......... ..........[0m[91m .......... ......[0m[91m.... .......... 79% 99.7M 0s
 13600K ..........[0m[91m .......... ......[0m[91m.... .......... .......... 80%  127M 0s
 13650K ........[0m[91m.. .......... .......... ..[0m[91m........ .......... 80%  101M 0s
 13700K ......[0m[91m.... .......... ..[0m[91m........ .......... .......... 80%  104M 0s
 13750K .......... ..........[0m[91m .......... .......... ....[0m[91m...... 81%  133M 0s
 13800K ..........[0m[91m .......... ......[0m[91m.... .......... .......... 81%  126M 0s
 13850K ........[0m[91m.. .......... .......... ..........[0m[91m .......... 81%  115M 0s
 13900K ......[0m[91m.... .......... ..[0m[91m........ ........[0m[91m.. ......[0m[91m.... 81% 91.7M 0s
 13950K .......... ..........[0m[91m .......... ......[0m[91m.... .......... 82%  119M 0s
 14000K ..........[0m[91m ........[0m[91m.. .......... .......... ..[0m[91m........ 82%  113M 0s
 14050K .......... .......... ....[0m[91m...... .......... .......... 82% 98.4M 0s
 14100K ......[0m[91m.... .......... ..........[0m[91m .......... .......... 83% 6.82M 0s
 14150K .......... .......... .......... .......... .......... 83%  151M 0s
 14200K .......... .......... .......... .......... .......... 83%  144M 0s
 14250K .......... .......... .......... .......... .......... 84%  151M 0s
 14300K .......... .......... .......... .......... .......... 84%  157M 0s
 14350K .......... .......... .......... .......... .......... 84%  155M 0s
 14400K .......... .......... .......... .......... .......... 84%  163M 0s
 14450K .......... .......... .......... .......... .......... 85%  123M 0s
 14500K .......... .......... .......... .......... .......... 85%  154M 0s
 14550K .......... .......... .......... .......... .......... 85%  156M 0s
 14600K .......... .......... .......... .......... .......... 86%  136M 0s
 14650K .......... .......... .......... .......... .......... 86%  139M 0s
 14700K .......... .......... .......... .......... .......... 86%  157M 0s
 14750K .......... .......... .......... .......... .......... 86%  157M 0s
 14800K .......... .......... .......... .......... .......... 87%  154M 0s
 14850K .......... .......... .......... .......... .......... 87%  133M 0s
 14900K .......... .......... .......... .......... .......... 87%  168M 0s
 14950K .......... .......... ........[0m[91m.. .......... .......... 88% 74.6M 0s
 15000K .......... .......... ......[0m[91m.... .......... .......... 88% 88.1M 0s
 15050K .......... .......... .......... .......... .......... 88%  151M 0s
 15100K ......[0m[91m.... .......... .......... ........[0m[91m.. .......... 89% 67.7M 0s
 15150K ....[0m[91m...... ..[0m[91m........[0m[91m .......... .....[0m[91m.[0m[91m.... .......... 89% 53.1M 0s
 15200K ..[0m[91m........[0m[91m .......... .......... .......... ..[0m[91m........ 89% 70.9M 0s[0m[91m
 15250K .......... .......... .......... .......... .......... 89% 68.4M 0s
 15300K .......... .......... ..........[0m[91m .......... .......... 90%  101M 0s
 15350K ....[0m[91m...... ..[0m[91m........ .......... .......... .[0m[91m......... 90% 71.7M 0s
 15400K .......... .......... .......... .......... ..[0m[91m........ 90% 95.8M 0s[0m[91m
 15450K ........[0m[91m.. .......... ....[0m[91m...... ..[0m[91m........[0m[91m ........[0m[91m.. 91% 48.1M 0s
 15500K ......[0m[91m.... ...[0m[91m....... ..[0m[91m........[0m[91m ........[0m[91m.. ......[0m[91m.... 91% 60.7M 0s[0m[91m
 15550K ....[0m[91m...... ..[0m[91m........[0m[91m .....[0m[91m..... ......[0m[91m.... ....[0m[91m...... 91% 49.5M 0s
 15600K ..[0m[91m........[0m[91m ........[0m[91m.. .......... ....[0m[91m...... .......... 91% 59.3M 0s[0m[91m
 15650K .......... ......[0m[91m.... .......... ..[0m[91m........ ........[0m[91m.. 92% 61.7M 0s
 15700K .......... ....[0m[91m...... ..........[0m[91m .......... ......[0m[91m.... 92% 65.0M 0s
 15750K .......... ..[0m[91m........ ........[0m[91m.. .......... ....[0m[91m...... 92% 64.4M 0s
 15800K ..........[0m[91m .......... ......[0m[91m.... .......... ..[0m[91m........ 93% 61.2M 0s
 15850K ........[0m[91m.. .......... ....[0m[91m...... ..........[0m[91m .......... 93% 61.2M 0s
 15900K ......[0m[91m.... .......... ..[0m[91m........ ........[0m[91m.. .......... 93% 67.5M 0s
 15950K ....[0m[91m...... ..........[0m[91m .......... ......[0m[91m.... .......... 94% 69.2M 0s
 16000K ..[0m[91m........ ........[0m[91m.. .......... ....[0m[91m...... .......... 94% 73.5M 0s[0m[91m
 16050K .......... ......[0m[91m.... .......... ..[0m[91m........ ........[0m[91m.. 94% 58.5M 0s
 16100K .......... ..[0m[91m..[0m[91m...... .........[0m[91m.[0m[91m .......... ....[0m[91m..[0m[91m.... 94% 50.4M 0s
 16150K .......... ..[0m[91m........ ........[0m[91m.. .......... ....[0m[91m...... 95% 54.5M 0s
 16200K ..........[0m[91m .......... ......[0m[91m.... .......... ..[0m[91m........ 95% 60.4M 0s
 16250K ........[0m[91m.. .......... ....[0m[91m...... ..........[0m[91m .......... 95% 60.3M 0s
 16300K ......[0m[91m.... .......... ..[0m[91m........ ........[0m[91m.. .......... 96% 14.3M 0s
 16350K .......... .......... .......... .......... .......... 96%  149M 0s
 16400K .......... .......... .......... .......... .......... 96%  144M 0s
 16450K .......... .......... .......... .......... .......... 96%  134M 0s
 16500K .......... .......... .......... .......... .......... 97%  156M 0s
 16550K .......... .......... .......... .......... .......... 97%  162M 0s
 16600K .......... .......... .......... .......... .......... 97%  166M 0s
 16650K .......... .......... .......... ..[0m[91m........ .......... 98% 87.8M[0m[91m 0s
 16700K ......[0m[91m.... .......... ..[0m[91m........ ........[0m[91m.. .......... 98% 48.2M 0s
 16750K ....[0m[91m...... ..........[0m[91m ........[0m[91m.. ......[0m[91m.... .......... 98%[0m[91m 49.1M 0s
 16800K ..........[0m[91m ........[0m[91m.. .......... ....[0m[91m...... .......... 99% 63.8M 0s[0m[91m
 16850K .......... ......[0m[91m.... .......... ..[0m[91m........ ........[0m[91m.[0m[91m. 99% 43.8M 0s
 16900K ......[0m[91m.... .......[0m[91m... ..........[0m[91m .......... [0m[91m......[0m[91m.[0m[91m... 99% 43.9M 0s
 16950K ....[0m[91m...... ..[0m[91m........ ........[0m[91m.. .......... ....[0m[91m...... 99% 47.2M 0s
 17000K ..........[0m[91m .........                                  100% 42.0M=0.4s

[0m[91m2020-04-15 05:00:13 (40.1 MB/s) - ‘DocHub.V2.0_linux_amd64.zip’ saved [17428088/17428088]

[0m[91m
WARNING: apt does not have a stable CLI interface. Use with caution in scripts.

[0mReading package lists...
Building dependency tree...
Reading state information...
unzip is already the newest version (6.0-20ubuntu1).
0 upgraded, 0 newly installed, 0 to remove and 4 not upgraded.
Archive:  DocHub.V2.0_linux_amd64.zip
  inflating: /www/dochub/DocHub      
   creating: /www/dochub/dictionary/
  inflating: /www/dochub/dictionary/dictionary.txt  
   creating: /www/dochub/static/
   creating: /www/dochub/static/Home/
  inflating: /www/dochub/static/Home/.DS_Store  
   creating: /www/dochub/static/Home/default/
  inflating: /www/dochub/static/Home/default/.DS_Store  
   creating: /www/dochub/static/Home/default/css/
  inflating: /www/dochub/static/Home/default/css/bootstrap.min.css  
  inflating: /www/dochub/static/Home/default/css/flat-ui.min.css  
  inflating: /www/dochub/static/Home/default/css/bootstrap.css  
  inflating: /www/dochub/static/Home/default/css/flat-ui.css  
  inflating: /www/dochub/static/Home/default/css/flat-ui.css.map  
  inflating: /www/dochub/static/Home/default/css/bootstrap.css.map  
  inflating: /www/dochub/static/Home/default/css/bootstrap-theme.css.map  
  inflating: /www/dochub/static/Home/default/css/dochub.css  
  inflating: /www/dochub/static/Home/default/css/font-awesome.css  
  inflating: /www/dochub/static/Home/default/css/font-awesome.min.css  
  inflating: /www/dochub/static/Home/default/css/font-awesome.css.map  
  inflating: /www/dochub/static/Home/default/css/bootstrap-theme.css  
   creating: /www/dochub/static/Home/default/css/vendor/
   creating: /www/dochub/static/Home/default/css/vendor/bootstrap/
   creating: /www/dochub/static/Home/default/css/vendor/bootstrap/css/
  inflating: /www/dochub/static/Home/default/css/vendor/bootstrap/css/bootstrap.min.css  
   creating: /www/dochub/static/Home/default/css/vendor/bootstrap/fonts/
  inflating: /www/dochub/static/Home/default/css/vendor/bootstrap/fonts/glyphicons-halflings-regular.woff  
  inflating: /www/dochub/static/Home/default/css/vendor/bootstrap/fonts/glyphicons-halflings-regular.eot  
  inflating: /www/dochub/static/Home/default/css/vendor/bootstrap/fonts/glyphicons-halflings-regular.woff2  
  inflating: /www/dochub/static/Home/default/css/vendor/bootstrap/fonts/glyphicons-halflings-regular.ttf  
  inflating: /www/dochub/static/Home/default/css/vendor/bootstrap/fonts/glyphicons-halflings-regular.svg  
  inflating: /www/dochub/static/Home/default/css/bootstrap-theme.min.css  
   creating: /www/dochub/static/Home/default/js/
  inflating: /www/dochub/static/Home/default/js/npm.js  
  inflating: /www/dochub/static/Home/default/js/bootstrap.js  
  inflating: /www/dochub/static/Home/default/js/webuploader.css  
  inflating: /www/dochub/static/Home/default/js/flat-ui.js  
  inflating: /www/dochub/static/Home/default/js/webuploader.min.js  
  inflating: /www/dochub/static/Home/default/js/dochub.js  
  inflating: /www/dochub/static/Home/default/js/bootstrap.min.js  
  inflating: /www/dochub/static/Home/default/js/Uploader.swf  
  inflating: /www/dochub/static/Home/default/js/jquery.lazyload.min.js  
   creating: /www/dochub/static/Home/default/js/vendor/
  inflating: /www/dochub/static/Home/default/js/vendor/html5shiv.js  
  inflating: /www/dochub/static/Home/default/js/vendor/respond.min.js  
  inflating: /www/dochub/static/Home/default/js/vendor/jquery.min.js  
  inflating: /www/dochub/static/Home/default/js/vendor/video.js  
  inflating: /www/dochub/static/Home/default/js/vendor/jquery.min.map  
  inflating: /www/dochub/static/Home/default/js/vendor/video-js.swf  
  inflating: /www/dochub/static/Home/default/js/flat-ui.min.js  
   creating: /www/dochub/static/Home/default/img/
  inflating: /www/dochub/static/Home/default/img/cover-develop.png  
  inflating: /www/dochub/static/Home/default/img/cover-pro.png  
  inflating: /www/dochub/static/Home/default/img/all_icon.png  
  inflating: /www/dochub/static/Home/default/img/run.gif  
  inflating: /www/dochub/static/Home/default/img/excel_54.png  
  inflating: /www/dochub/static/Home/default/img/ppt_54.png  
  inflating: /www/dochub/static/Home/default/img/chm_54.png  
  inflating: /www/dochub/static/Home/default/img/word_54.png  
  inflating: /www/dochub/static/Home/default/img/pdf_24.png  
  inflating: /www/dochub/static/Home/default/img/favicon.ico  
  inflating: /www/dochub/static/Home/default/img/sprite_star.png  
  inflating: /www/dochub/static/Home/default/img/cover-coding.png  
  inflating: /www/dochub/static/Home/default/img/cover-news.png  
  inflating: /www/dochub/static/Home/default/img/cover-team.png  
  inflating: /www/dochub/static/Home/default/img/banner2.jpg  
  inflating: /www/dochub/static/Home/default/img/cover-opera.png  
  inflating: /www/dochub/static/Home/default/img/banner3.jpg  
  inflating: /www/dochub/static/Home/default/img/banner1.jpg  
  inflating: /www/dochub/static/Home/default/img/banner4.jpg  
  inflating: /www/dochub/static/Home/default/img/excel_24.png  
  inflating: /www/dochub/static/Home/default/img/cover-develop2.png  
  inflating: /www/dochub/static/Home/default/img/cover-life.png  
   creating: /www/dochub/static/Home/default/img/tile/
  inflating: /www/dochub/static/Home/default/img/tile/ribbon-2x.png  
  inflating: /www/dochub/static/Home/default/img/tile/ribbon.png  
  inflating: /www/dochub/static/Home/default/img/cover-develop1.png  
  inflating: /www/dochub/static/Home/default/img/pdf_54.png  
  inflating: /www/dochub/static/Home/default/img/word_24.png  
  inflating: /www/dochub/static/Home/default/img/ppt_24.png  
  inflating: /www/dochub/static/Home/default/img/chm_24.png  
  inflating: /www/dochub/static/Home/default/img/text_24.png  
  inflating: /www/dochub/static/Home/default/img/umd_54.png  
  inflating: /www/dochub/static/Home/default/img/mobi_24.png  
  inflating: /www/dochub/static/Home/default/img/epub_54.png  
  inflating: /www/dochub/static/Home/default/img/avatar.jpg  
  inflating: /www/dochub/static/Home/default/img/logo1.png  
  inflating: /www/dochub/static/Home/default/img/cover-product.png  
  inflating: /www/dochub/static/Home/default/img/code_54.png  
  inflating: /www/dochub/static/Home/default/img/icons.png  
  inflating: /www/dochub/static/Home/default/img/error.png  
  inflating: /www/dochub/static/Home/default/img/logo.png  
  inflating: /www/dochub/static/Home/default/img/logo2.png  
  inflating: /www/dochub/static/Home/default/img/cover-soft.png  
  inflating: /www/dochub/static/Home/default/img/文库之家logo.png  
   creating: /www/dochub/static/Home/default/img/icons/
   creating: /www/dochub/static/Home/default/img/icons/svg/
  inflating: /www/dochub/static/Home/default/img/icons/svg/map.svg  
  inflating: /www/dochub/static/Home/default/img/icons/svg/clipboard.svg  
  inflating: /www/dochub/static/Home/default/img/icons/svg/mail.svg  
  inflating: /www/dochub/static/Home/default/img/icons/svg/book.svg  
  inflating: /www/dochub/static/Home/default/img/icons/svg/clocks.svg  
  inflating: /www/dochub/static/Home/default/img/icons/svg/retina.svg  
  inflating: /www/dochub/static/Home/default/img/icons/svg/paper-bag.svg  
  inflating: /www/dochub/static/Home/default/img/icons/svg/chat.svg  
  inflating: /www/dochub/static/Home/default/img/icons/svg/compas.svg  
  inflating: /www/dochub/static/Home/default/img/icons/svg/pencils.svg  
  inflating: /www/dochub/static/Home/default/img/icons/svg/loop.svg  
  inflating: /www/dochub/static/Home/default/img/icons/svg/toilet-paper.svg  
  inflating: /www/dochub/static/Home/default/img/icons/svg/gift-box.svg  
  inflating: /www/dochub/static/Home/default/img/icons/svg/calendar.svg  
  inflating: /www/dochub/static/Home/default/img/icons/svg/ribbon.svg  
   creating: /www/dochub/static/Home/default/img/icons/png/
  inflating: /www/dochub/static/Home/default/img/icons/png/Watches.png  
  inflating: /www/dochub/static/Home/default/img/icons/png/Book.png  
  inflating: /www/dochub/static/Home/default/img/icons/png/Mail.png  
  inflating: /www/dochub/static/Home/default/img/icons/png/Pocket.png  
  inflating: /www/dochub/static/Home/default/img/icons/png/Clipboard.png  
  inflating: /www/dochub/static/Home/default/img/icons/png/Infinity-Loop.png  
  inflating: /www/dochub/static/Home/default/img/icons/png/Map.png  
  inflating: /www/dochub/static/Home/default/img/icons/png/Pensils.png  
  inflating: /www/dochub/static/Home/default/img/icons/png/Calendar.png  
  inflating: /www/dochub/static/Home/default/img/icons/png/Retina-Ready.png  
  inflating: /www/dochub/static/Home/default/img/icons/png/Toilet-Paper.png  
  inflating: /www/dochub/static/Home/default/img/icons/png/Gift-Box.png  
  inflating: /www/dochub/static/Home/default/img/icons/png/Compas.png  
  inflating: /www/dochub/static/Home/default/img/icons/png/Chat.png  
  inflating: /www/dochub/static/Home/default/img/cover.png  
  inflating: /www/dochub/static/Home/default/img/cover-compute.png  
  inflating: /www/dochub/static/Home/default/img/success.png  
  inflating: /www/dochub/static/Home/default/img/ppt.jpg  
  inflating: /www/dochub/static/Home/default/img/album1.jpg  
  inflating: /www/dochub/static/Home/default/img/IT文库LOGO.png  
  inflating: /www/dochub/static/Home/default/img/album3.jpeg  
  inflating: /www/dochub/static/Home/default/img/cover-design.png  
  inflating: /www/dochub/static/Home/default/img/epub_24.png  
  inflating: /www/dochub/static/Home/default/img/mobi_54.png  
  inflating: /www/dochub/static/Home/default/img/cover-edu.png  
  inflating: /www/dochub/static/Home/default/img/cover-exam.png  
  inflating: /www/dochub/static/Home/default/img/umd_24.png  
  inflating: /www/dochub/static/Home/default/img/text_54.png  
  inflating: /www/dochub/static/Home/default/img/cover-pra.png  
   creating: /www/dochub/static/Home/default/img/login/
  inflating: /www/dochub/static/Home/default/img/login/icon.png  
  inflating: /www/dochub/static/Home/default/img/login/imac.png  
  inflating: /www/dochub/static/Home/default/img/login/imac-2x.png  
  inflating: /www/dochub/static/Home/default/img/album2.jpeg  
  inflating: /www/dochub/static/Home/default/img/cover-design_new.png  
  inflating: /www/dochub/static/Home/default/img/album4.jpg  
  inflating: /www/dochub/static/Home/default/img/code_24.png  
   creating: /www/dochub/static/Home/default/fonts/
  inflating: /www/dochub/static/Home/default/fonts/fontawesome-webfont.svg  
  inflating: /www/dochub/static/Home/default/fonts/FontAwesome.otf  
  inflating: /www/dochub/static/Home/default/fonts/glyphicons-halflings-regular.woff  
  inflating: /www/dochub/static/Home/default/fonts/glyphicons-halflings-regular.eot  
   creating: /www/dochub/static/Home/default/fonts/lato/
  inflating: /www/dochub/static/Home/default/fonts/lato/lato-bolditalic.woff  
  inflating: /www/dochub/static/Home/default/fonts/lato/lato-italic.ttf  
  inflating: /www/dochub/static/Home/default/fonts/lato/lato-regular.eot  
  inflating: /www/dochub/static/Home/default/fonts/lato/lato-bold.ttf  
  inflating: /www/dochub/static/Home/default/fonts/lato/lato-black.ttf  
  inflating: /www/dochub/static/Home/default/fonts/lato/lato-italic.woff  
  inflating: /www/dochub/static/Home/default/fonts/lato/lato-black.woff  
  inflating: /www/dochub/static/Home/default/fonts/lato/lato-italic.eot  
  inflating: /www/dochub/static/Home/default/fonts/lato/lato-regular.ttf  
  inflating: /www/dochub/static/Home/default/fonts/lato/lato-bolditalic.svg  
  inflating: /www/dochub/static/Home/default/fonts/lato/lato-bold.eot  
  inflating: /www/dochub/static/Home/default/fonts/lato/lato-light.svg  
  inflating: /www/dochub/static/Home/default/fonts/lato/lato-black.eot  
  inflating: /www/dochub/static/Home/default/fonts/lato/lato-bold.woff  
  inflating: /www/dochub/static/Home/default/fonts/lato/lato-bolditalic.eot  
  inflating: /www/dochub/static/Home/default/fonts/lato/lato-black.svg  
  inflating: /www/dochub/static/Home/default/fonts/lato/lato-light.eot  
  inflating: /www/dochub/static/Home/default/fonts/lato/lato-bold.svg  
  inflating: /www/dochub/static/Home/default/fonts/lato/lato-italic.svg  
  inflating: /www/dochub/static/Home/default/fonts/lato/lato-regular.woff  
  inflating: /www/dochub/static/Home/default/fonts/lato/lato-bolditalic.ttf  
  inflating: /www/dochub/static/Home/default/fonts/lato/lato-light.ttf  
  inflating: /www/dochub/static/Home/default/fonts/lato/lato-light.woff  
  inflating: /www/dochub/static/Home/default/fonts/lato/lato-regular.svg  
  inflating: /www/dochub/static/Home/default/fonts/glyphicons-halflings-regular.ttf  
  inflating: /www/dochub/static/Home/default/fonts/fontawesome-webfont.woff2  
   creating: /www/dochub/static/Home/default/fonts/glyphicons/
  inflating: /www/dochub/static/Home/default/fonts/glyphicons/flat-ui-icons-regular.ttf  
  inflating: /www/dochub/static/Home/default/fonts/glyphicons/flat-ui-icons-regular.eot  
  inflating: /www/dochub/static/Home/default/fonts/glyphicons/flat-ui-icons-regular.woff  
  inflating: /www/dochub/static/Home/default/fonts/glyphicons/flat-ui-icons-regular.svg  
  inflating: /www/dochub/static/Home/default/fonts/glyphicons/selection.json  
  inflating: /www/dochub/static/Home/default/fonts/fontawesome-webfont.ttf  
  inflating: /www/dochub/static/Home/default/fonts/fontawesome-webfont.woff  
  inflating: /www/dochub/static/Home/default/fonts/glyphicons-halflings-regular.svg  
  inflating: /www/dochub/static/Home/default/fonts/fontawesome-webfont.eot  
   creating: /www/dochub/static/tutorial/
  inflating: /www/dochub/static/tutorial/ucenter.png  
  inflating: /www/dochub/static/tutorial/preview.png  
   creating: /www/dochub/__MACOSX/
   creating: /www/dochub/__MACOSX/static/
   creating: /www/dochub/__MACOSX/static/tutorial/
  inflating: /www/dochub/__MACOSX/static/tutorial/._preview.png  
  inflating: /www/dochub/static/tutorial/index.png  
  inflating: /www/dochub/__MACOSX/static/tutorial/._index.png  
  inflating: /www/dochub/static/tutorial/search1.png  
  inflating: /www/dochub/static/tutorial/wxpay.jpg  
  inflating: /www/dochub/static/tutorial/list.png  
  inflating: /www/dochub/__MACOSX/static/tutorial/._list.png  
  inflating: /www/dochub/static/tutorial/search.png  
  inflating: /www/dochub/static/tutorial/alipay.jpg  
  inflating: /www/dochub/static/tutorial/admin.png  
  inflating: /www/dochub/__MACOSX/static/tutorial/._admin.png  
  inflating: /www/dochub/static/.DS_Store  
   creating: /www/dochub/static/Admin/
   creating: /www/dochub/static/Admin/default/
   creating: /www/dochub/static/Admin/default/css/
  inflating: /www/dochub/static/Admin/default/css/bootstrap.css  
  inflating: /www/dochub/static/Admin/default/css/admin.css  
  inflating: /www/dochub/static/Admin/default/css/dochub.css  
  inflating: /www/dochub/static/Admin/default/css/font-awesome.css  
  inflating: /www/dochub/static/Admin/default/css/pintuer.css  
  inflating: /www/dochub/static/Admin/default/css/custom-styles.css  
  inflating: /www/dochub/static/Admin/default/css/bootstrap-theme.min.css  
   creating: /www/dochub/static/Admin/default/images/
  inflating: /www/dochub/static/Admin/default/images/y.jpg  
  inflating: /www/dochub/static/Admin/default/images/passcode.jpg  
  inflating: /www/dochub/static/Admin/default/images/11.jpg  
  inflating: /www/dochub/static/Admin/default/images/tmbg-white.png  
  inflating: /www/dochub/static/Admin/default/images/logo.png  
  inflating: /www/dochub/static/Admin/default/images/white.png  
  inflating: /www/dochub/static/Admin/default/images/example.jpg  
  inflating: /www/dochub/static/Admin/default/images/bg.jpg  
   creating: /www/dochub/static/Admin/default/js/
  inflating: /www/dochub/static/Admin/default/js/chart.min.js  
   creating: /www/dochub/static/Admin/default/js/dataTables/
  inflating: /www/dochub/static/Admin/default/js/dataTables/dataTables.bootstrap.js  
  inflating: /www/dochub/static/Admin/default/js/dataTables/jquery.dataTables.js  
  inflating: /www/dochub/static/Admin/default/js/dataTables/dataTables.bootstrap.css  
   creating: /www/dochub/static/Admin/default/js/morris/
  inflating: /www/dochub/static/Admin/default/js/morris/morris-0.4.3.min.css  
  inflating: /www/dochub/static/Admin/default/js/morris/morris.js  
  inflating: /www/dochub/static/Admin/default/js/morris/raphael-2.1.0.min.js  
  inflating: /www/dochub/static/Admin/default/js/easypiechart-data.js  
  inflating: /www/dochub/static/Admin/default/js/dochub.js  
  inflating: /www/dochub/static/Admin/default/js/custom.js  
  inflating: /www/dochub/static/Admin/default/js/custom-scripts.js  
  inflating: /www/dochub/static/Admin/default/js/bootstrap.min.js  
  inflating: /www/dochub/static/Admin/default/js/jquery.metisMenu.js  
  inflating: /www/dochub/static/Admin/default/js/chart-data.js  
  inflating: /www/dochub/static/Admin/default/js/jquery-1.10.2.js  
  inflating: /www/dochub/static/Admin/default/js/easypiechart.js  
  inflating: /www/dochub/static/Admin/default/js/pintuer.js  
  inflating: /www/dochub/static/Admin/default/js/jquery.js  
   creating: /www/dochub/static/Admin/default/fonts/
  inflating: /www/dochub/static/Admin/default/fonts/glyphicons-halflings-regular.woff  
  inflating: /www/dochub/static/Admin/default/fonts/glyphicons-halflings-regular.eot  
  inflating: /www/dochub/static/Admin/default/fonts/glyphicons-halflings-regulard41d.eot  
  inflating: /www/dochub/static/Admin/default/fonts/glyphicons-halflings-regular.ttf  
  inflating: /www/dochub/static/Admin/default/fonts/glyphicons-halflings-regular.svg  
   creating: /www/dochub/static/Admin/default/font-awesome/
   creating: /www/dochub/static/Admin/default/font-awesome/fonts/
  inflating: /www/dochub/static/Admin/default/font-awesome/fonts/fontawesome-webfontd41d.eot  
  inflating: /www/dochub/static/Admin/default/font-awesome/fonts/fontawesome-webfontba72.svg  
  inflating: /www/dochub/static/Admin/default/font-awesome/fonts/fontawesome-webfontba72.eot  
  inflating: /www/dochub/static/Admin/default/font-awesome/fonts/fontawesome-webfontba72.woff  
  inflating: /www/dochub/static/Admin/default/font-awesome/fonts/fontawesome-webfontba72.ttf  
   creating: /www/dochub/static/Common/
  inflating: /www/dochub/static/Common/.DS_Store  
   creating: /www/dochub/static/Common/css/
  inflating: /www/dochub/static/Common/css/jquery.toast.min.css  
   creating: /www/dochub/static/Common/js/
  inflating: /www/dochub/static/Common/js/webuploader.min.js  
  inflating: /www/dochub/static/Common/js/webuploader.withoutimage.min.js  
  inflating: /www/dochub/static/Common/js/spark-md5.min.js  
  inflating: /www/dochub/static/Common/js/jquery.lazyload.min.js  
  inflating: /www/dochub/static/Common/js/jquery.toast.min.js  
   creating: /www/dochub/static/Common/img/
  inflating: /www/dochub/static/Common/img/plus.png  
  inflating: /www/dochub/static/Common/img/loading.gif  
  inflating: /www/dochub/static/Common/img/avatar.png  
  inflating: /www/dochub/static/Common/img/logo.png  
  inflating: /www/dochub/static/Common/img/cover.jpg  
   creating: /www/dochub/static/api/
   creating: /www/dochub/static/api/css/
  inflating: /www/dochub/static/api/css/slide_share.css  
  inflating: /www/dochub/static/api/css/share_style1_32.css  
  inflating: /www/dochub/static/api/css/share_style1_24.css  
  inflating: /www/dochub/static/api/css/like.css  
  inflating: /www/dochub/static/api/css/select_share.css  
  inflating: /www/dochub/static/api/css/share_style0_16.css  
  inflating: /www/dochub/static/api/css/share_popup.css  
  inflating: /www/dochub/static/api/css/share_style2_16.css  
  inflating: /www/dochub/static/api/css/share_style2_32.css  
  inflating: /www/dochub/static/api/css/share_style2_24.css  
  inflating: /www/dochub/static/api/css/share_style0_24.css  
  inflating: /www/dochub/static/api/css/share_style0_32.css  
  inflating: /www/dochub/static/api/css/share_style1_16.css  
  inflating: /www/dochub/static/api/css/share_style2.css  
  inflating: /www/dochub/static/api/css/weixin_popup.css  
  inflating: /www/dochub/static/api/css/imgshare.css  
  inflating: /www/dochub/static/api/css/share_style4.css  
   creating: /www/dochub/static/api/js/
   creating: /www/dochub/static/api/js/start/
  inflating: /www/dochub/static/api/js/start/router.js  
   creating: /www/dochub/static/api/js/component/
  inflating: /www/dochub/static/api/js/component/qrcode.js  
  inflating: /www/dochub/static/api/js/component/pop_popup.js  
  inflating: /www/dochub/static/api/js/component/comm_tools.js  
  inflating: /www/dochub/static/api/js/component/partners.js  
  inflating: /www/dochub/static/api/js/component/animate.js  
  inflating: /www/dochub/static/api/js/component/pop_base.js  
  inflating: /www/dochub/static/api/js/component/pop_popup_slide.js  
  inflating: /www/dochub/static/api/js/component/pop_dialog.js  
  inflating: /www/dochub/static/api/js/component/anticheat.js  
   creating: /www/dochub/static/api/js/view/
  inflating: /www/dochub/static/api/js/view/share_view.js  
  inflating: /www/dochub/static/api/js/view/image_view.js  
  inflating: /www/dochub/static/api/js/view/view_base.js  
  inflating: /www/dochub/static/api/js/view/select_view.js  
  inflating: /www/dochub/static/api/js/view/like_view.js  
  inflating: /www/dochub/static/api/js/view/slide_view.js  
   creating: /www/dochub/static/api/js/trans/
 extracting: /www/dochub/static/api/js/trans/logger.js  
  inflating: /www/dochub/static/api/js/trans/trans_bdysc.js  
  inflating: /www/dochub/static/api/js/trans/trans_weixin.js  
  inflating: /www/dochub/static/api/js/trans/trans_bdxc.js  
 extracting: /www/dochub/static/api/js/trans/data.js  
  inflating: /www/dochub/static/api/js/trans/trans.js  
   creating: /www/dochub/static/api/js/conf/
  inflating: /www/dochub/static/api/js/conf/define.js  
  inflating: /www/dochub/static/api/js/conf/const.js  
   creating: /www/dochub/static/api/js/base/
  inflating: /www/dochub/static/api/js/base/tangram.js  
  inflating: /www/dochub/static/api/js/base/class.js  
  inflating: /www/dochub/static/api/js/share.js  
   creating: /www/dochub/static/api/js/share/
  inflating: /www/dochub/static/api/js/share/api_base.js  
  inflating: /www/dochub/static/api/js/share/likeshare.js  
  inflating: /www/dochub/static/api/js/share/select_api.js  
  inflating: /www/dochub/static/api/js/share/combine_api.js  
  inflating: /www/dochub/static/api/js/share/image_api.js  
  inflating: /www/dochub/static/api/js/share/slide_api.js  
  inflating: /www/dochub/static/api/js/share/like_api.js  
  inflating: /www/dochub/static/api/js/share/share_api.js  
   creating: /www/dochub/static/api/img/
   creating: /www/dochub/static/api/img/share/
  inflating: /www/dochub/static/api/img/share/r8.gif  
  inflating: /www/dochub/static/api/img/share/icons_1_24.png  
  inflating: /www/dochub/static/api/img/share/icons_1_32.png  
  inflating: /www/dochub/static/api/img/share/sc.png  
  inflating: /www/dochub/static/api/img/share/icons_0_16.png  
  inflating: /www/dochub/static/api/img/share/icons_2_16.png  
  inflating: /www/dochub/static/api/img/share/l8.gif  
  inflating: /www/dochub/static/api/img/share/l7.gif  
  inflating: /www/dochub/static/api/img/share/l6.gif  
  inflating: /www/dochub/static/api/img/share/icons_2_24.png  
  inflating: /www/dochub/static/api/img/share/icons_2_32.png  
  inflating: /www/dochub/static/api/img/share/l4.gif  
  inflating: /www/dochub/static/api/img/share/pop_c.gif  
  inflating: /www/dochub/static/api/img/share/l5.gif  
  inflating: /www/dochub/static/api/img/share/selectshare_close.png  
  inflating: /www/dochub/static/api/img/share/l1.gif  
  inflating: /www/dochub/static/api/img/share/icons_0_32.png  
  inflating: /www/dochub/static/api/img/share/l0.gif  
  inflating: /www/dochub/static/api/img/share/l2.gif  
  inflating: /www/dochub/static/api/img/share/icons_0_24.png  
  inflating: /www/dochub/static/api/img/share/l3.gif  
  inflating: /www/dochub/static/api/img/share/r2.gif  
  inflating: /www/dochub/static/api/img/share/icons_1_16.png  
  inflating: /www/dochub/static/api/img/share/r3.gif  
  inflating: /www/dochub/static/api/img/share/share-search-icon.png  
  inflating: /www/dochub/static/api/img/share/r1.gif  
  inflating: /www/dochub/static/api/img/share/r0.gif  
  inflating: /www/dochub/static/api/img/share/r4.gif  
  inflating: /www/dochub/static/api/img/share/r5.gif  
  inflating: /www/dochub/static/api/img/share/r7.gif  
  inflating: /www/dochub/static/api/img/share/r6.gif  
   creating: /www/dochub/static/Editor/
   creating: /www/dochub/static/Editor/kindeditor/
   creating: /www/dochub/static/Editor/kindeditor/plugins/
   creating: /www/dochub/static/Editor/kindeditor/plugins/plainpaste/
  inflating: /www/dochub/static/Editor/kindeditor/plugins/plainpaste/plainpaste.js  
   creating: /www/dochub/static/Editor/kindeditor/plugins/autoheight/
  inflating: /www/dochub/static/Editor/kindeditor/plugins/autoheight/autoheight.js  
   creating: /www/dochub/static/Editor/kindeditor/plugins/fixtoolbar/
  inflating: /www/dochub/static/Editor/kindeditor/plugins/fixtoolbar/fixtoolbar.js  
   creating: /www/dochub/static/Editor/kindeditor/plugins/multiimage/
   creating: /www/dochub/static/Editor/kindeditor/plugins/multiimage/images/
  inflating: /www/dochub/static/Editor/kindeditor/plugins/multiimage/images/swfupload.swf  
  inflating: /www/dochub/static/Editor/kindeditor/plugins/multiimage/images/select-files-en.png  
  inflating: /www/dochub/static/Editor/kindeditor/plugins/multiimage/images/image.png  
  inflating: /www/dochub/static/Editor/kindeditor/plugins/multiimage/images/select-files-zh-CN.png  
  inflating: /www/dochub/static/Editor/kindeditor/plugins/multiimage/multiimage.js  
   creating: /www/dochub/static/Editor/kindeditor/plugins/baidumap/
  inflating: /www/dochub/static/Editor/kindeditor/plugins/baidumap/map.html  
  inflating: /www/dochub/static/Editor/kindeditor/plugins/baidumap/index.html  
  inflating: /www/dochub/static/Editor/kindeditor/plugins/baidumap/baidumap.js  
   creating: /www/dochub/static/Editor/kindeditor/plugins/quickformat/
  inflating: /www/dochub/static/Editor/kindeditor/plugins/quickformat/quickformat.js  
   creating: /www/dochub/static/Editor/kindeditor/plugins/template/
   creating: /www/dochub/static/Editor/kindeditor/plugins/template/html/
  inflating: /www/dochub/static/Editor/kindeditor/plugins/template/html/3.html  
  inflating: /www/dochub/static/Editor/kindeditor/plugins/template/html/2.html  
  inflating: /www/dochub/static/Editor/kindeditor/plugins/template/html/1.html  
  inflating: /www/dochub/static/Editor/kindeditor/plugins/template/template.js  
   creating: /www/dochub/static/Editor/kindeditor/plugins/code/
  inflating: /www/dochub/static/Editor/kindeditor/plugins/code/code.js  
  inflating: /www/dochub/static/Editor/kindeditor/plugins/code/prettify.js  
  inflating: /www/dochub/static/Editor/kindeditor/plugins/code/prettify.css  
   creating: /www/dochub/static/Editor/kindeditor/plugins/insertfile/
  inflating: /www/dochub/static/Editor/kindeditor/plugins/insertfile/insertfile.js  
   creating: /www/dochub/static/Editor/kindeditor/plugins/clearhtml/
  inflating: /www/dochub/static/Editor/kindeditor/plugins/clearhtml/clearhtml.js  
   creating: /www/dochub/static/Editor/kindeditor/plugins/image/
   creating: /www/dochub/static/Editor/kindeditor/plugins/image/images/
  inflating: /www/dochub/static/Editor/kindeditor/plugins/image/images/align_right.gif  
  inflating: /www/dochub/static/Editor/kindeditor/plugins/image/images/align_top.gif  
  inflating: /www/dochub/static/Editor/kindeditor/plugins/image/images/align_left.gif  
  inflating: /www/dochub/static/Editor/kindeditor/plugins/image/images/refresh.png  
  inflating: /www/dochub/static/Editor/kindeditor/plugins/image/image.js  
   creating: /www/dochub/static/Editor/kindeditor/plugins/flash/
  inflating: /www/dochub/static/Editor/kindeditor/plugins/flash/flash.js  
   creating: /www/dochub/static/Editor/kindeditor/plugins/lineheight/
  inflating: /www/dochub/static/Editor/kindeditor/plugins/lineheight/lineheight.js  
   creating: /www/dochub/static/Editor/kindeditor/plugins/map/
  inflating: /www/dochub/static/Editor/kindeditor/plugins/map/map.html  
  inflating: /www/dochub/static/Editor/kindeditor/plugins/map/map.js  
   creating: /www/dochub/static/Editor/kindeditor/plugins/wordpaste/
  inflating: /www/dochub/static/Editor/kindeditor/plugins/wordpaste/wordpaste.js  
   creating: /www/dochub/static/Editor/kindeditor/plugins/link/
  inflating: /www/dochub/static/Editor/kindeditor/plugins/link/link.js  
   creating: /www/dochub/static/Editor/kindeditor/plugins/table/
  inflating: /www/dochub/static/Editor/kindeditor/plugins/table/table.js  
   creating: /www/dochub/static/Editor/kindeditor/plugins/filemanager/
   creating: /www/dochub/static/Editor/kindeditor/plugins/filemanager/images/
  inflating: /www/dochub/static/Editor/kindeditor/plugins/filemanager/images/folder-16.gif  
  inflating: /www/dochub/static/Editor/kindeditor/plugins/filemanager/images/folder-64.gif  
  inflating: /www/dochub/static/Editor/kindeditor/plugins/filemanager/images/go-up.gif  
  inflating: /www/dochub/static/Editor/kindeditor/plugins/filemanager/images/file-16.gif  
  inflating: /www/dochub/static/Editor/kindeditor/plugins/filemanager/images/file-64.gif  
  inflating: /www/dochub/static/Editor/kindeditor/plugins/filemanager/filemanager.js  
   creating: /www/dochub/static/Editor/kindeditor/plugins/preview/
  inflating: /www/dochub/static/Editor/kindeditor/plugins/preview/preview.js  
   creating: /www/dochub/static/Editor/kindeditor/plugins/anchor/
  inflating: /www/dochub/static/Editor/kindeditor/plugins/anchor/anchor.js  
   creating: /www/dochub/static/Editor/kindeditor/plugins/pagebreak/
  inflating: /www/dochub/static/Editor/kindeditor/plugins/pagebreak/pagebreak.js  
   creating: /www/dochub/static/Editor/kindeditor/plugins/emoticons/
   creating: /www/dochub/static/Editor/kindeditor/plugins/emoticons/images/
  inflating: /www/dochub/static/Editor/kindeditor/plugins/emoticons/images/21.gif  
  inflating: /www/dochub/static/Editor/kindeditor/plugins/emoticons/images/35.gif  
  inflating: /www/dochub/static/Editor/kindeditor/plugins/emoticons/images/108.gif  
  inflating: /www/dochub/static/Editor/kindeditor/plugins/emoticons/images/120.gif  
  inflating: /www/dochub/static/Editor/kindeditor/plugins/emoticons/images/134.gif  
  inflating: /www/dochub/static/Editor/kindeditor/plugins/emoticons/images/121.gif  
  inflating: /www/dochub/static/Editor/kindeditor/plugins/emoticons/images/109.gif  
  inflating: /www/dochub/static/Editor/kindeditor/plugins/emoticons/images/34.gif  
  inflating: /www/dochub/static/Editor/kindeditor/plugins/emoticons/images/20.gif  
  inflating: /www/dochub/static/Editor/kindeditor/plugins/emoticons/images/36.gif  
  inflating: /www/dochub/static/Editor/kindeditor/plugins/emoticons/images/22.gif  
  inflating: /www/dochub/static/Editor/kindeditor/plugins/emoticons/images/123.gif  
  inflating: /www/dochub/static/Editor/kindeditor/plugins/emoticons/images/122.gif  
  inflating: /www/dochub/static/Editor/kindeditor/plugins/emoticons/images/23.gif  
  inflating: /www/dochub/static/Editor/kindeditor/plugins/emoticons/images/37.gif  
  inflating: /www/dochub/static/Editor/kindeditor/plugins/emoticons/images/33.gif  
  inflating: /www/dochub/static/Editor/kindeditor/plugins/emoticons/images/27.gif  
  inflating: /www/dochub/static/Editor/kindeditor/plugins/emoticons/images/132.gif  
  inflating: /www/dochub/static/Editor/kindeditor/plugins/emoticons/images/126.gif  
  inflating: /www/dochub/static/Editor/kindeditor/plugins/emoticons/images/127.gif  
  inflating: /www/dochub/static/Editor/kindeditor/plugins/emoticons/images/133.gif  
  inflating: /www/dochub/static/Editor/kindeditor/plugins/emoticons/images/26.gif  
  inflating: /www/dochub/static/Editor/kindeditor/plugins/emoticons/images/32.gif  
  inflating: /www/dochub/static/Editor/kindeditor/plugins/emoticons/images/18.gif  
  inflating: /www/dochub/static/Editor/kindeditor/plugins/emoticons/images/24.gif  
  inflating: /www/dochub/static/Editor/kindeditor/plugins/emoticons/images/30.gif  
  inflating: /www/dochub/static/Editor/kindeditor/plugins/emoticons/images/125.gif  
  inflating: /www/dochub/static/Editor/kindeditor/plugins/emoticons/images/131.gif  
  inflating: /www/dochub/static/Editor/kindeditor/plugins/emoticons/images/119.gif  
  inflating: /www/dochub/static/Editor/kindeditor/plugins/emoticons/images/118.gif  
  inflating: /www/dochub/static/Editor/kindeditor/plugins/emoticons/images/130.gif  
  inflating: /www/dochub/static/Editor/kindeditor/plugins/emoticons/images/124.gif  
  inflating: /www/dochub/static/Editor/kindeditor/plugins/emoticons/images/31.gif  
  inflating: /www/dochub/static/Editor/kindeditor/plugins/emoticons/images/25.gif  
  inflating: /www/dochub/static/Editor/kindeditor/plugins/emoticons/images/19.gif  
  inflating: /www/dochub/static/Editor/kindeditor/plugins/emoticons/images/42.gif  
  inflating: /www/dochub/static/Editor/kindeditor/plugins/emoticons/images/56.gif  
  inflating: /www/dochub/static/Editor/kindeditor/plugins/emoticons/images/4.gif  
  inflating: /www/dochub/static/Editor/kindeditor/plugins/emoticons/images/81.gif  
  inflating: /www/dochub/static/Editor/kindeditor/plugins/emoticons/images/95.gif  
  inflating: /www/dochub/static/Editor/kindeditor/plugins/emoticons/images/94.gif  
  inflating: /www/dochub/static/Editor/kindeditor/plugins/emoticons/images/80.gif  
  inflating: /www/dochub/static/Editor/kindeditor/plugins/emoticons/images/57.gif  
  inflating: /www/dochub/static/Editor/kindeditor/plugins/emoticons/images/5.gif  
  inflating: /www/dochub/static/Editor/kindeditor/plugins/emoticons/images/43.gif  
  inflating: /www/dochub/static/Editor/kindeditor/plugins/emoticons/images/7.gif  
  inflating: /www/dochub/static/Editor/kindeditor/plugins/emoticons/images/55.gif  
  inflating: /www/dochub/static/Editor/kindeditor/plugins/emoticons/images/41.gif  
  inflating: /www/dochub/static/Editor/kindeditor/plugins/emoticons/images/69.gif  
  inflating: /www/dochub/static/Editor/kindeditor/plugins/emoticons/images/96.gif  
  inflating: /www/dochub/static/Editor/kindeditor/plugins/emoticons/images/82.gif  
  inflating: /www/dochub/static/Editor/kindeditor/plugins/emoticons/images/83.gif  
  inflating: /www/dochub/static/Editor/kindeditor/plugins/emoticons/images/97.gif  
  inflating: /www/dochub/static/Editor/kindeditor/plugins/emoticons/images/68.gif  
  inflating: /www/dochub/static/Editor/kindeditor/plugins/emoticons/images/40.gif  
  inflating: /www/dochub/static/Editor/kindeditor/plugins/emoticons/images/6.gif  
  inflating: /www/dochub/static/Editor/kindeditor/plugins/emoticons/images/54.gif  
  inflating: /www/dochub/static/Editor/kindeditor/plugins/emoticons/images/78.gif  
  inflating: /www/dochub/static/Editor/kindeditor/plugins/emoticons/images/50.gif  
  inflating: /www/dochub/static/Editor/kindeditor/plugins/emoticons/images/2.gif  
  inflating: /www/dochub/static/Editor/kindeditor/plugins/emoticons/images/44.gif  
  inflating: /www/dochub/static/Editor/kindeditor/plugins/emoticons/images/93.gif  
  inflating: /www/dochub/static/Editor/kindeditor/plugins/emoticons/images/87.gif  
  inflating: /www/dochub/static/Editor/kindeditor/plugins/emoticons/images/86.gif  
  inflating: /www/dochub/static/Editor/kindeditor/plugins/emoticons/images/92.gif  
  inflating: /www/dochub/static/Editor/kindeditor/plugins/emoticons/images/45.gif  
  inflating: /www/dochub/static/Editor/kindeditor/plugins/emoticons/images/51.gif  
  inflating: /www/dochub/static/Editor/kindeditor/plugins/emoticons/images/3.gif  
  inflating: /www/dochub/static/Editor/kindeditor/plugins/emoticons/images/79.gif  
  inflating: /www/dochub/static/Editor/kindeditor/plugins/emoticons/images/47.gif  
  inflating: /www/dochub/static/Editor/kindeditor/plugins/emoticons/images/1.gif  
  inflating: /www/dochub/static/Editor/kindeditor/plugins/emoticons/images/53.gif  
  inflating: /www/dochub/static/Editor/kindeditor/plugins/emoticons/images/84.gif  
  inflating: /www/dochub/static/Editor/kindeditor/plugins/emoticons/images/90.gif  
  inflating: /www/dochub/static/Editor/kindeditor/plugins/emoticons/images/91.gif  
  inflating: /www/dochub/static/Editor/kindeditor/plugins/emoticons/images/85.gif  
  inflating: /www/dochub/static/Editor/kindeditor/plugins/emoticons/images/0.gif  
  inflating: /www/dochub/static/Editor/kindeditor/plugins/emoticons/images/52.gif  
  inflating: /www/dochub/static/Editor/kindeditor/plugins/emoticons/images/46.gif  
  inflating: /www/dochub/static/Editor/kindeditor/plugins/emoticons/images/63.gif  
  inflating: /www/dochub/static/Editor/kindeditor/plugins/emoticons/images/77.gif  
  inflating: /www/dochub/static/Editor/kindeditor/plugins/emoticons/images/88.gif  
  inflating: /www/dochub/static/Editor/kindeditor/plugins/emoticons/images/static.gif  
  inflating: /www/dochub/static/Editor/kindeditor/plugins/emoticons/images/89.gif  
  inflating: /www/dochub/static/Editor/kindeditor/plugins/emoticons/images/76.gif  
  inflating: /www/dochub/static/Editor/kindeditor/plugins/emoticons/images/62.gif  
  inflating: /www/dochub/static/Editor/kindeditor/plugins/emoticons/images/74.gif  
  inflating: /www/dochub/static/Editor/kindeditor/plugins/emoticons/images/60.gif  
  inflating: /www/dochub/static/Editor/kindeditor/plugins/emoticons/images/48.gif  
  inflating: /www/dochub/static/Editor/kindeditor/plugins/emoticons/images/49.gif  
  inflating: /www/dochub/static/Editor/kindeditor/plugins/emoticons/images/61.gif  
  inflating: /www/dochub/static/Editor/kindeditor/plugins/emoticons/images/75.gif  
  inflating: /www/dochub/static/Editor/kindeditor/plugins/emoticons/images/59.gif  
  inflating: /www/dochub/static/Editor/kindeditor/plugins/emoticons/images/71.gif  
  inflating: /www/dochub/static/Editor/kindeditor/plugins/emoticons/images/65.gif  
  inflating: /www/dochub/static/Editor/kindeditor/plugins/emoticons/images/64.gif  
  inflating: /www/dochub/static/Editor/kindeditor/plugins/emoticons/images/70.gif  
  inflating: /www/dochub/static/Editor/kindeditor/plugins/emoticons/images/58.gif  
  inflating: /www/dochub/static/Editor/kindeditor/plugins/emoticons/images/8.gif  
  inflating: /www/dochub/static/Editor/kindeditor/plugins/emoticons/images/66.gif  
  inflating: /www/dochub/static/Editor/kindeditor/plugins/emoticons/images/72.gif  
  inflating: /www/dochub/static/Editor/kindeditor/plugins/emoticons/images/99.gif  
  inflating: /www/dochub/static/Editor/kindeditor/plugins/emoticons/images/98.gif  
  inflating: /www/dochub/static/Editor/kindeditor/plugins/emoticons/images/73.gif  
  inflating: /www/dochub/static/Editor/kindeditor/plugins/emoticons/images/67.gif  
  inflating: /www/dochub/static/Editor/kindeditor/plugins/emoticons/images/9.gif  
  inflating: /www/dochub/static/Editor/kindeditor/plugins/emoticons/images/14.gif  
  inflating: /www/dochub/static/Editor/kindeditor/plugins/emoticons/images/28.gif  
  inflating: /www/dochub/static/Editor/kindeditor/plugins/emoticons/images/129.gif  
  inflating: /www/dochub/static/Editor/kindeditor/plugins/emoticons/images/101.gif  
  inflating: /www/dochub/static/Editor/kindeditor/plugins/emoticons/images/115.gif  
  inflating: /www/dochub/static/Editor/kindeditor/plugins/emoticons/images/114.gif  
  inflating: /www/dochub/static/Editor/kindeditor/plugins/emoticons/images/100.gif  
  inflating: /www/dochub/static/Editor/kindeditor/plugins/emoticons/images/128.gif  
  inflating: /www/dochub/static/Editor/kindeditor/plugins/emoticons/images/29.gif  
  inflating: /www/dochub/static/Editor/kindeditor/plugins/emoticons/images/15.gif  
  inflating: /www/dochub/static/Editor/kindeditor/plugins/emoticons/images/17.gif  
  inflating: /www/dochub/static/Editor/kindeditor/plugins/emoticons/images/116.gif  
  inflating: /www/dochub/static/Editor/kindeditor/plugins/emoticons/images/102.gif  
  inflating: /www/dochub/static/Editor/kindeditor/plugins/emoticons/images/103.gif  
  inflating: /www/dochub/static/Editor/kindeditor/plugins/emoticons/images/117.gif  
  inflating: /www/dochub/static/Editor/kindeditor/plugins/emoticons/images/16.gif  
  inflating: /www/dochub/static/Editor/kindeditor/plugins/emoticons/images/12.gif  
  inflating: /www/dochub/static/Editor/kindeditor/plugins/emoticons/images/113.gif  
  inflating: /www/dochub/static/Editor/kindeditor/plugins/emoticons/images/107.gif  
  inflating: /www/dochub/static/Editor/kindeditor/plugins/emoticons/images/106.gif  
  inflating: /www/dochub/static/Editor/kindeditor/plugins/emoticons/images/112.gif  
  inflating: /www/dochub/static/Editor/kindeditor/plugins/emoticons/images/13.gif  
  inflating: /www/dochub/static/Editor/kindeditor/plugins/emoticons/images/39.gif  
  inflating: /www/dochub/static/Editor/kindeditor/plugins/emoticons/images/11.gif  
  inflating: /www/dochub/static/Editor/kindeditor/plugins/emoticons/images/104.gif  
  inflating: /www/dochub/static/Editor/kindeditor/plugins/emoticons/images/110.gif  
  inflating: /www/dochub/static/Editor/kindeditor/plugins/emoticons/images/111.gif  
  inflating: /www/dochub/static/Editor/kindeditor/plugins/emoticons/images/105.gif  
  inflating: /www/dochub/static/Editor/kindeditor/plugins/emoticons/images/10.gif  
  inflating: /www/dochub/static/Editor/kindeditor/plugins/emoticons/images/38.gif  
  inflating: /www/dochub/static/Editor/kindeditor/plugins/emoticons/emoticons.js  
   creating: /www/dochub/static/Editor/kindeditor/plugins/media/
  inflating: /www/dochub/static/Editor/kindeditor/plugins/media/media.js  
  inflating: /www/dochub/static/Editor/kindeditor/kindeditor-all.js  
  inflating: /www/dochub/static/Editor/kindeditor/kindeditor-all-min.js  
   creating: /www/dochub/static/Editor/kindeditor/lang/
  inflating: /www/dochub/static/Editor/kindeditor/lang/ko.js  
  inflating: /www/dochub/static/Editor/kindeditor/lang/ru.js  
  inflating: /www/dochub/static/Editor/kindeditor/lang/zh-CN.js  
  inflating: /www/dochub/static/Editor/kindeditor/lang/zh-TW.js  
  inflating: /www/dochub/static/Editor/kindeditor/lang/en.js  
  inflating: /www/dochub/static/Editor/kindeditor/lang/ar.js  
  inflating: /www/dochub/static/Editor/kindeditor/license.txt  
   creating: /www/dochub/static/Editor/kindeditor/themes/
   creating: /www/dochub/static/Editor/kindeditor/themes/default/
  inflating: /www/dochub/static/Editor/kindeditor/themes/default/background.png  
  inflating: /www/dochub/static/Editor/kindeditor/themes/default/default.css  
  inflating: /www/dochub/static/Editor/kindeditor/themes/default/default.png  
   creating: /www/dochub/static/Editor/kindeditor/themes/simple/
  inflating: /www/dochub/static/Editor/kindeditor/themes/simple/simple.css  
   creating: /www/dochub/static/Editor/kindeditor/themes/common/
  inflating: /www/dochub/static/Editor/kindeditor/themes/common/rm.gif  
  inflating: /www/dochub/static/Editor/kindeditor/themes/common/anchor.gif  
  inflating: /www/dochub/static/Editor/kindeditor/themes/common/media.gif  
  inflating: /www/dochub/static/Editor/kindeditor/themes/common/loading.gif  
  inflating: /www/dochub/static/Editor/kindeditor/themes/common/flash.gif  
  inflating: /www/dochub/static/Editor/kindeditor/themes/common/blank.gif  
   creating: /www/dochub/static/Editor/kindeditor/themes/qq/
  inflating: /www/dochub/static/Editor/kindeditor/themes/qq/qq.css  
  inflating: /www/dochub/static/Editor/kindeditor/themes/qq/editor.gif  
   creating: /www/dochub/views/
   creating: /www/dochub/views/Home/
  inflating: /www/dochub/views/Home/.DS_Store  
   creating: /www/dochub/__MACOSX/views/
   creating: /www/dochub/__MACOSX/views/Home/
  inflating: /www/dochub/__MACOSX/views/Home/._.DS_Store  
   creating: /www/dochub/views/Home/default/
  inflating: /www/dochub/views/Home/default/layout.html  
   creating: /www/dochub/views/Home/default/User/
  inflating: /www/dochub/views/Home/default/User/coin.html  
  inflating: /www/dochub/views/Home/default/User/index.html  
  inflating: /www/dochub/views/Home/default/User/reg.html  
  inflating: /www/dochub/views/Home/default/User/findpwd.html  
  inflating: /www/dochub/views/Home/default/User/collect.html  
  inflating: /www/dochub/views/Home/default/User/public.html  
  inflating: /www/dochub/views/Home/default/User/login.html  
  inflating: /www/dochub/views/Home/default/User/edit.html  
  inflating: /www/dochub/views/Home/default/User/regclose.html  
  inflating: /www/dochub/views/Home/default/logo.html  
   creating: /www/dochub/views/Home/default/Search/
  inflating: /www/dochub/views/Home/default/Search/index.html  
  inflating: /www/dochub/views/Home/default/Search/head.html  
  inflating: /www/dochub/views/Home/default/Search/footer.html  
   creating: /www/dochub/views/Home/default/List/
  inflating: /www/dochub/views/Home/default/List/index.html  
   creating: /www/dochub/views/Home/default/View/
  inflating: /www/dochub/views/Home/default/View/disabled.html  
  inflating: /www/dochub/views/Home/default/View/public.html  
  inflating: /www/dochub/views/Home/default/View/svg.html  
  inflating: /www/dochub/views/Home/default/head.html  
   creating: /www/dochub/views/Home/default/Index/
  inflating: /www/dochub/views/Home/default/Index/index.html  
  inflating: /www/dochub/views/Home/default/footer.html  
  inflating: /www/dochub/views/Home/default/header.html  
   creating: /www/dochub/views/Home/default/Base/
  inflating: /www/dochub/views/Home/default/Base/pages.html  
  inflating: /www/dochub/views/Home/default/Base/error_diy.html  
  inflating: /www/dochub/views/Home/default/Base/error.html  
   creating: /www/dochub/views/Home/default/Upload/
  inflating: /www/dochub/views/Home/default/Upload/index.html  
   creating: /www/dochub/views/Install/
  inflating: /www/dochub/views/Install/install.html  
   creating: /www/dochub/views/Admin/
  inflating: /www/dochub/views/Admin/.DS_Store  
   creating: /www/dochub/views/Admin/default/
   creating: /www/dochub/views/Admin/default/Friend/
  inflating: /www/dochub/views/Admin/default/Friend/index.html  
   creating: /www/dochub/views/Admin/default/Ad/
  inflating: /www/dochub/views/Admin/default/Ad/index.html  
  inflating: /www/dochub/views/Admin/default/layout.html  
   creating: /www/dochub/views/Admin/default/Single/
  inflating: /www/dochub/views/Admin/default/Single/index.html  
  inflating: /www/dochub/views/Admin/default/Single/edit.html  
   creating: /www/dochub/views/Admin/default/User/
  inflating: /www/dochub/views/Admin/default/User/list.html  
   creating: /www/dochub/views/Admin/default/Crawl/
  inflating: /www/dochub/views/Admin/default/Crawl/index.html  
  inflating: /www/dochub/views/Admin/default/Crawl/tabs.html  
   creating: /www/dochub/views/Admin/default/Sys/
  inflating: /www/dochub/views/Admin/default/Sys/index.html  
   creating: /www/dochub/views/Admin/default/Index/
  inflating: /www/dochub/views/Admin/default/Index/index.html  
   creating: /www/dochub/views/Admin/default/Doc/
  inflating: /www/dochub/views/Admin/default/Doc/list.html  
  inflating: /www/dochub/views/Admin/default/Doc/tabs.html  
  inflating: /www/dochub/views/Admin/default/Doc/chanel.html  
  inflating: /www/dochub/views/Admin/default/Doc/cates.html  
  inflating: /www/dochub/views/Admin/default/Doc/recycle.html  
  inflating: /www/dochub/views/Admin/default/Doc/modals.html  
   creating: /www/dochub/views/Admin/default/Report/
  inflating: /www/dochub/views/Admin/default/Report/index.html  
  inflating: /www/dochub/views/Admin/default/footer.html  
   creating: /www/dochub/views/Admin/default/Seo/
  inflating: /www/dochub/views/Admin/default/Seo/index.html  
   creating: /www/dochub/views/Admin/default/Sign/
  inflating: /www/dochub/views/Admin/default/Sign/index.html  
   creating: /www/dochub/views/Admin/default/Login/
  inflating: /www/dochub/views/Admin/default/Login/index.html  
   creating: /www/dochub/views/Admin/default/Banner/
  inflating: /www/dochub/views/Admin/default/Banner/index.html  
  inflating: /www/dochub/zoneinfo.zip  
Removing intermediate container a8addcd7d2da
 ---> 56a5df7f384f
Step 4/4 : CMD [ "./DocHub" ]
 ---> Running in 9f16df739de5
Removing intermediate container 9f16df739de5
 ---> 6f6f0830d673
Successfully built 6f6f0830d673
Successfully tagged binacle:315730423
