Sending build context to Docker daemon  2.048kB
Step 1/8 : ARG base_tag=1.0.0-preview009-linux-arm32v7
Step 2/8 : FROM azureiotedge/azureiotedge-module-base:${base_tag}
1.0.0-preview009-linux-arm32v7: Pulling from azureiotedge/azureiotedge-module-base
d81ad7e8dedc: Pulling fs layer
cc32849e56f0: Pulling fs layer
ab1a7c883e79: Pulling fs layer
7f11fb189b43: Pulling fs layer
2fa5deb5232b: Pulling fs layer
d6f7f1f07cbd: Pulling fs layer
eae8d5afc0f2: Pulling fs layer
d558020e1781: Pulling fs layer
2a4b702f9854: Pulling fs layer
d6f7f1f07cbd: Waiting
eae8d5afc0f2: Waiting
d558020e1781: Waiting
2a4b702f9854: Waiting
7f11fb189b43: Waiting
2fa5deb5232b: Waiting
cc32849e56f0: Verifying Checksum
cc32849e56f0: Download complete
ab1a7c883e79: Verifying Checksum
ab1a7c883e79: Download complete
2fa5deb5232b: Verifying Checksum
2fa5deb5232b: Download complete
7f11fb189b43: Verifying Checksum
7f11fb189b43: Download complete
d81ad7e8dedc: Verifying Checksum
d81ad7e8dedc: Download complete
eae8d5afc0f2: Verifying Checksum
eae8d5afc0f2: Download complete
d6f7f1f07cbd: Verifying Checksum
d6f7f1f07cbd: Download complete
2a4b702f9854: Verifying Checksum
2a4b702f9854: Download complete
d558020e1781: Verifying Checksum
d558020e1781: Download complete
d81ad7e8dedc: Pull complete
cc32849e56f0: Pull complete
ab1a7c883e79: Pull complete
7f11fb189b43: Pull complete
2fa5deb5232b: Pull complete
d6f7f1f07cbd: Pull complete
eae8d5afc0f2: Pull complete
d558020e1781: Pull complete
2a4b702f9854: Pull complete
Digest: sha256:a929451e79171f09ca34b453ff95df7eaea446e898cf8b161d942a22416f3c5e
Status: Downloaded newer image for azureiotedge/azureiotedge-module-base:1.0.0-preview009-linux-arm32v7
 ---> 85128c2f1499
Step 3/8 : ARG EXE_DIR=.
 ---> Running in 30fad082f1fd
Removing intermediate container 30fad082f1fd
 ---> b3894331be75
Step 4/8 : ENV MODULE_NAME "DirectMethodReceiver.dll"
 ---> Running in 90518b1d367e
Removing intermediate container 90518b1d367e
 ---> ce343b1abec2
Step 5/8 : WORKDIR /app
 ---> Running in b7f8f980b4ee
Removing intermediate container b7f8f980b4ee
 ---> deb9bb9d049e
Step 6/8 : COPY $EXE_DIR/ ./
 ---> 522092c81b1a
Step 7/8 : USER moduleuser
 ---> Running in 991a978155b7
Removing intermediate container 991a978155b7
 ---> 6bc3fea01e6b
Step 8/8 : CMD echo "$(date --utc +"[%Y-%m-%d %H:%M:%S %:z]"): Starting Module" &&     exec /usr/bin/dotnet DirectMethodReceiver.dll
 ---> Running in 2baeb45114a5
Removing intermediate container 2baeb45114a5
 ---> 525d4c04097b
Successfully built 525d4c04097b
Successfully tagged binacle:320556951
