Sending build context to Docker daemon   2.56kB
Step 1/6 : FROM golang:alpine
alpine: Pulling from library/golang
aad63a933944: Pulling fs layer
c732a2540651: Pulling fs layer
7b2225181d6b: Pulling fs layer
0cdfa13e5b48: Pulling fs layer
6c48a539365d: Pulling fs layer
0cdfa13e5b48: Waiting
6c48a539365d: Waiting
7b2225181d6b: Verifying Checksum
7b2225181d6b: Download complete
c732a2540651: Verifying Checksum
c732a2540651: Download complete
aad63a933944: Verifying Checksum
aad63a933944: Download complete
6c48a539365d: Verifying Checksum
6c48a539365d: Download complete
aad63a933944: Pull complete
c732a2540651: Pull complete
7b2225181d6b: Pull complete
0cdfa13e5b48: Verifying Checksum
0cdfa13e5b48: Download complete
0cdfa13e5b48: Pull complete
6c48a539365d: Pull complete
Digest: sha256:62cd35bbeb9aadff6764dd8809c788267d72b12066bb40c080431510bbe81e36
Status: Downloaded newer image for golang:alpine
 ---> ccda0e5ccbfc
Step 2/6 : RUN apk add --no-cache 	build-base 	ca-certificates 	git
 ---> Running in a3e7456c308a
fetch http://dl-cdn.alpinelinux.org/alpine/v3.11/main/x86_64/APKINDEX.tar.gz
fetch http://dl-cdn.alpinelinux.org/alpine/v3.11/community/x86_64/APKINDEX.tar.gz
(1/23) Installing libgcc (9.2.0-r4)
(2/23) Installing libstdc++ (9.2.0-r4)
(3/23) Installing binutils (2.33.1-r0)
(4/23) Installing libmagic (5.37-r1)
(5/23) Installing file (5.37-r1)
(6/23) Installing gmp (6.1.2-r1)
(7/23) Installing isl (0.18-r0)
(8/23) Installing libgomp (9.2.0-r4)
(9/23) Installing libatomic (9.2.0-r4)
(10/23) Installing mpfr4 (4.0.2-r1)
(11/23) Installing mpc1 (1.1.0-r1)
(12/23) Installing gcc (9.2.0-r4)
(13/23) Installing musl-dev (1.1.24-r2)
(14/23) Installing libc-dev (0.7.2-r0)
(15/23) Installing g++ (9.2.0-r4)
(16/23) Installing make (4.2.1-r2)
(17/23) Installing fortify-headers (1.1-r0)
(18/23) Installing build-base (0.5-r1)
(19/23) Installing nghttp2-libs (1.40.0-r0)
(20/23) Installing libcurl (7.67.0-r0)
(21/23) Installing expat (2.2.9-r1)
(22/23) Installing pcre2 (10.34-r1)
(23/23) Installing git (2.24.2-r0)
Executing busybox-1.31.1-r9.trigger
OK: 193 MiB in 38 packages
Removing intermediate container a3e7456c308a
 ---> d302188029c6
Step 3/6 : ENV DOCKER_BUCKET get.docker.com
 ---> Running in c89009c69ced
Removing intermediate container c89009c69ced
 ---> 7e464938da08
Step 4/6 : ENV DOCKER_VERSION 1.11.1
 ---> Running in 720b1d413044
Removing intermediate container 720b1d413044
 ---> c6096bbe13d3
Step 5/6 : ENV DOCKER_SHA256 893e3c6e89c0cd2c5f1e51ea41bc2dd97f5e791fcfa3cee28445df277836339d
 ---> Running in 7762ea250d20
Removing intermediate container 7762ea250d20
 ---> 8b1320bc70e1
Step 6/6 : RUN set -x 	&& apk add --no-cache --virtual .build-deps 		curl 	&& curl -fSL "https://${DOCKER_BUCKET}/builds/Linux/x86_64/docker-$DOCKER_VERSION.tgz" -o docker.tgz 	&& echo "${DOCKER_SHA256} *docker.tgz" | sha256sum -c - 	&& tar -xzvf docker.tgz 	&& mv docker/docker /usr/local/bin/ 	&& rm -rf docker 	&& rm docker.tgz 	&& docker -v 	&& apk del .build-deps
 ---> Running in 6f2f58139e79
[91m+ apk add --no-cache --virtual .build-deps curl
[0mfetch http://dl-cdn.alpinelinux.org/alpine/v3.11/main/x86_64/APKINDEX.tar.gz
fetch http://dl-cdn.alpinelinux.org/alpine/v3.11/community/x86_64/APKINDEX.tar.gz
(1/2) Installing curl (7.67.0-r0)
(2/2) Installing .build-deps (20200416.015219)
Executing busybox-1.31.1-r9.trigger
OK: 193 MiB in 40 packages
[91m+ curl -fSL https://get.docker.com/builds/Linux/x86_64/docker-1.11.1.tgz -o docker.tgz
[0m[91m  % Total    % Received % Xferd  Average Speed   Time    Time     Time  Current
                                 Dload  Upload   Total   Spent    Left  Speed
  0     0    0     0    0     0      0      0 --:--:-- --:--:-- --:--:--     0[0m[91m  0 19.5M    0  154k    0     0   501k      0  0:00:39 --:--:--  0:00:39  499k[0m[91m100 19.5M  100 19.5M    0     0  29.0M      0 --:--:-- --:--:-- --:-[0m[91m-:-- 29.0M
[0m[91m+ + sha256sum -c -
[0m[91mecho[0m[91m '893e3c6e89c0cd2c5f1e51ea41bc2dd97f5e791fcfa3cee28445df277836339d *docker.tgz'[0m[91m
[0mdocker.tgz: OK
[91m+ [0m[91mtar[0m[91m -xzvf docker.tgz
[0mdocker/
docker/docker
docker/docker-containerd-shim
docker/docker-containerd
docker/docker-containerd-ctr
docker/docker-runc
[91m+ mv[0m[91m docker/docker /usr/local/bin/[0m[91m
[0m[91m+ rm -rf docker
[0m[91m+ rm docker.tgz
[0m[91m+ docker -v
[0mDocker version 1.11.1, build 5604cbe
[91m+ apk del .build-deps
[0m[91mWARNING: Ignoring APKINDEX.70f61090.tar.gz: No such file or directory
WARNING: Ignoring APKINDEX.ca2fea5b.tar.gz: No such file or directory
[0m(1/2) Purging .build-deps (20200416.015219)
(2/2) Purging curl (7.67.0-r0)
Executing busybox-1.31.1-r9.trigger
OK: 193 MiB in 38 packages
Removing intermediate container 6f2f58139e79
 ---> 185ba5b57004
Successfully built 185ba5b57004
Successfully tagged binacle:335428843
