Sending build context to Docker daemon  2.048kB
Step 1/7 : FROM ufaldsg/cloud-asr-base
latest: Pulling from ufaldsg/cloud-asr-base
Image docker.io/ufaldsg/cloud-asr-base:latest uses outdated schema1 manifest format. Please upgrade to a schema2 image for better future compatibility. More information at https://docs.docker.com/registry/spec/deprecated-schema-v1/
f25e451100bc: Pulling fs layer
2dbe4abf311d: Pulling fs layer
7ae2bc99836a: Pulling fs layer
a3ed95caeb02: Pulling fs layer
a3ed95caeb02: Waiting
0a8554c5b0a2: Pulling fs layer
ec7b4c5d0380: Pulling fs layer
9ae84f7aaecb: Pulling fs layer
0d1fa7d8cace: Pulling fs layer
1073581669f4: Pulling fs layer
0a8554c5b0a2: Waiting
ec7b4c5d0380: Waiting
9ae84f7aaecb: Waiting
0d1fa7d8cace: Waiting
1073581669f4: Waiting
7ae2bc99836a: Verifying Checksum
7ae2bc99836a: Download complete
2dbe4abf311d: Verifying Checksum
2dbe4abf311d: Download complete
a3ed95caeb02: Verifying Checksum
a3ed95caeb02: Download complete
f25e451100bc: Verifying Checksum
f25e451100bc: Download complete
0a8554c5b0a2: Verifying Checksum
0a8554c5b0a2: Download complete
9ae84f7aaecb: Verifying Checksum
9ae84f7aaecb: Download complete
ec7b4c5d0380: Verifying Checksum
ec7b4c5d0380: Download complete
0d1fa7d8cace: Verifying Checksum
0d1fa7d8cace: Download complete
1073581669f4: Verifying Checksum
1073581669f4: Download complete
f25e451100bc: Pull complete
2dbe4abf311d: Pull complete
7ae2bc99836a: Pull complete
a3ed95caeb02: Pull complete
0a8554c5b0a2: Pull complete
ec7b4c5d0380: Pull complete
9ae84f7aaecb: Pull complete
0d1fa7d8cace: Pull complete
1073581669f4: Pull complete
Digest: sha256:e33bec7653ceea412cbc7d9e4519250225d6983e611788f2e3afd1dc1846af75
Status: Downloaded newer image for ufaldsg/cloud-asr-base:latest
 ---> 0a3d49fa83b5
Step 2/7 : MAINTAINER Ondrej Klejch
 ---> Running in 91abda8d434b
Removing intermediate container 91abda8d434b
 ---> be47cd674a1c
Step 3/7 : RUN apt-get update && apt-get install -y libmysqlclient-dev
 ---> Running in 84b1e78b6cba
Ign http://archive.ubuntu.com trusty InRelease
Get:1 http://archive.ubuntu.com trusty-updates InRelease [65.9 kB]
Get:2 http://archive.ubuntu.com trusty-security InRelease [65.9 kB]
Hit http://archive.ubuntu.com trusty Release.gpg
Hit http://archive.ubuntu.com trusty Release
Get:3 http://archive.ubuntu.com trusty-updates/main Sources [532 kB]
Get:4 http://archive.ubuntu.com trusty-updates/restricted Sources [6444 B]
Get:5 http://archive.ubuntu.com trusty-updates/universe Sources [288 kB]
Get:6 http://archive.ubuntu.com trusty-updates/main amd64 Packages [1460 kB]
Get:7 http://archive.ubuntu.com trusty-updates/restricted amd64 Packages [21.4 kB]
Get:8 http://archive.ubuntu.com trusty-updates/universe amd64 Packages [671 kB]
Get:9 http://archive.ubuntu.com trusty-security/main Sources [220 kB]
Get:10 http://archive.ubuntu.com trusty-security/restricted Sources [5050 B]
Get:11 http://archive.ubuntu.com trusty-security/universe Sources [126 kB]
Get:12 http://archive.ubuntu.com trusty-security/main amd64 Packages [1032 kB]
Get:13 http://archive.ubuntu.com trusty-security/restricted amd64 Packages [18.1 kB]
Get:14 http://archive.ubuntu.com trusty-security/universe amd64 Packages [377 kB]
Hit http://archive.ubuntu.com trusty/main Sources
Hit http://archive.ubuntu.com trusty/restricted Sources
Hit http://archive.ubuntu.com trusty/universe Sources
Hit http://archive.ubuntu.com trusty/main amd64 Packages
Hit http://archive.ubuntu.com trusty/restricted amd64 Packages
Hit http://archive.ubuntu.com trusty/universe amd64 Packages
Fetched 4889 kB in 10s (458 kB/s)
Reading package lists...
[91mW[0m[91m: [0m[91mSize of file /var/lib/apt/lists/archive.ubuntu.com_ubuntu_dists_trusty-updates_restricted_binary-amd64_Packages.gz is not what the server reported 21365 23448[0m[91m
[0m[91mW[0m[91m: [0m[91mSize of file /var/lib/apt/lists/archive.ubuntu.com_ubuntu_dists_trusty-security_restricted_binary-amd64_Packages.gz is not what the server reported 18072 20231[0m[91m
[0mReading package lists...
Building dependency tree...
Reading state information...
The following extra packages will be installed:
  libmysqlclient18 mysql-common zlib1g zlib1g-dev
The following NEW packages will be installed:
  libmysqlclient-dev libmysqlclient18 mysql-common zlib1g-dev
The following packages will be upgraded:
  zlib1g
1 upgraded, 4 newly installed, 0 to remove and 134 not upgraded.
Need to get 1696 kB of archives.
After this operation, 9693 kB of additional disk space will be used.
Get:1 http://archive.ubuntu.com/ubuntu/ trusty-updates/main zlib1g amd64 1:1.2.8.dfsg-1ubuntu1.1 [49.8 kB]
Get:2 http://archive.ubuntu.com/ubuntu/ trusty-updates/main mysql-common all 5.5.62-0ubuntu0.14.04.1 [12.6 kB]
Get:3 http://archive.ubuntu.com/ubuntu/ trusty-updates/main libmysqlclient18 amd64 5.5.62-0ubuntu0.14.04.1 [598 kB]
Get:4 http://archive.ubuntu.com/ubuntu/ trusty-updates/main zlib1g-dev amd64 1:1.2.8.dfsg-1ubuntu1.1 [166 kB]
Get:5 http://archive.ubuntu.com/ubuntu/ trusty-updates/main libmysqlclient-dev amd64 5.5.62-0ubuntu0.14.04.1 [869 kB]
[91mdebconf: unable to initialize frontend: Dialog
[0m[91mdebconf: (TERM is not set, so the dialog frontend is not usable.)
[0m[91mdebconf: falling back to frontend: Readline
[0m[91mdebconf: unable to initialize frontend: Readline
[0m[91mdebconf: (This frontend requires a controlling tty.)
[0m[91mdebconf: falling back to frontend: Teletype
[0m[91mdpkg-preconfigure: unable to re-open stdin: 
[0mFetched 1696 kB in 1s (1335 kB/s)
(Reading database ... 18494 files and directories currently installed.)
Preparing to unpack .../zlib1g_1%3a1.2.8.dfsg-1ubuntu1.1_amd64.deb ...
Unpacking zlib1g:amd64 (1:1.2.8.dfsg-1ubuntu1.1) over (1:1.2.8.dfsg-1ubuntu1) ...
Setting up zlib1g:amd64 (1:1.2.8.dfsg-1ubuntu1.1) ...
Processing triggers for libc-bin (2.19-0ubuntu6.6) ...
Selecting previously unselected package mysql-common.
(Reading database ... 18494 files and directories currently installed.)
Preparing to unpack .../mysql-common_5.5.62-0ubuntu0.14.04.1_all.deb ...
Unpacking mysql-common (5.5.62-0ubuntu0.14.04.1) ...
Selecting previously unselected package libmysqlclient18:amd64.
Preparing to unpack .../libmysqlclient18_5.5.62-0ubuntu0.14.04.1_amd64.deb ...
Unpacking libmysqlclient18:amd64 (5.5.62-0ubuntu0.14.04.1) ...
Selecting previously unselected package zlib1g-dev:amd64.
Preparing to unpack .../zlib1g-dev_1%3a1.2.8.dfsg-1ubuntu1.1_amd64.deb ...
Unpacking zlib1g-dev:amd64 (1:1.2.8.dfsg-1ubuntu1.1) ...
Selecting previously unselected package libmysqlclient-dev.
Preparing to unpack .../libmysqlclient-dev_5.5.62-0ubuntu0.14.04.1_amd64.deb ...
Unpacking libmysqlclient-dev (5.5.62-0ubuntu0.14.04.1) ...
Setting up mysql-common (5.5.62-0ubuntu0.14.04.1) ...
Setting up libmysqlclient18:amd64 (5.5.62-0ubuntu0.14.04.1) ...
Setting up zlib1g-dev:amd64 (1:1.2.8.dfsg-1ubuntu1.1) ...
Setting up libmysqlclient-dev (5.5.62-0ubuntu0.14.04.1) ...
Processing triggers for libc-bin (2.19-0ubuntu6.6) ...
Removing intermediate container 84b1e78b6cba
 ---> 59f3e2821c3a
Step 4/7 : RUN pip install flask==0.10.1 flask-cors==2.1.2 flask-socketio==0.6.0 flask-sqlalchemy==2.1 MySQL-python==1.2.5 Werkzeug==0.9.6 gunicorn==19.1.1
 ---> Running in 7e90dbf3e9c3
Downloading/unpacking flask==0.10.1
  Running setup.py (path:/tmp/pip_build_root/flask/setup.py) egg_info for package flask
    
    warning: no files found matching '*' under directory 'tests'
    warning: no previously-included files matching '*.pyc' found under directory 'docs'
    warning: no previously-included files matching '*.pyo' found under directory 'docs'
    warning: no previously-included files matching '*.pyc' found under directory 'tests'
    warning: no previously-included files matching '*.pyo' found under directory 'tests'
    warning: no previously-included files matching '*.pyc' found under directory 'examples'
    warning: no previously-included files matching '*.pyo' found under directory 'examples'
    no previously-included directories found matching 'docs/_build'
    no previously-included directories found matching 'docs/_themes/.git'
Downloading/unpacking flask-cors==2.1.2
  Downloading Flask-Cors-2.1.2.tar.gz
  Running setup.py (path:/tmp/pip_build_root/flask-cors/setup.py) egg_info for package flask-cors
    
    no previously-included directories found matching 'docs/_build'
Downloading/unpacking flask-socketio==0.6.0
  Downloading Flask-SocketIO-0.6.0.tar.gz
  Running setup.py (path:/tmp/pip_build_root/flask-socketio/setup.py) egg_info for package flask-socketio
    
Downloading/unpacking flask-sqlalchemy==2.1
  Running setup.py (path:/tmp/pip_build_root/flask-sqlalchemy/setup.py) egg_info for package flask-sqlalchemy
    
    warning: no previously-included files matching '*.pyc' found under directory 'docs'
    warning: no previously-included files matching '*.pyo' found under directory 'docs'
    no previously-included directories found matching 'docs/_build'
    no previously-included directories found matching 'docs/_themes/.git'
Downloading/unpacking MySQL-python==1.2.5
  Running setup.py (path:/tmp/pip_build_root/MySQL-python/setup.py) egg_info for package MySQL-python
    
Downloading/unpacking Werkzeug==0.9.6
  Running setup.py (path:/tmp/pip_build_root/Werkzeug/setup.py) egg_info for package Werkzeug
    
    warning: no files found matching '*' under directory 'werkzeug/debug/templates'
    warning: no files found matching '*' under directory 'tests'
    warning: no previously-included files matching '*.pyc' found under directory 'docs'
    warning: no previously-included files matching '*.pyo' found under directory 'docs'
    warning: no previously-included files matching '*.pyc' found under directory 'tests'
    warning: no previously-included files matching '*.pyo' found under directory 'tests'
    warning: no previously-included files matching '*.pyc' found under directory 'examples'
    warning: no previously-included files matching '*.pyo' found under directory 'examples'
    no previously-included directories found matching 'docs/_build'
Downloading/unpacking gunicorn==19.1.1
Downloading/unpacking Jinja2>=2.4 (from flask==0.10.1)
Downloading/unpacking itsdangerous>=0.21 (from flask==0.10.1)
  Downloading itsdangerous-1.1.0-py2.py3-none-any.whl
Requirement already satisfied (use --upgrade to upgrade): Six in /usr/lib/python2.7/dist-packages (from flask-cors==2.1.2)
Requirement already satisfied (use --upgrade to upgrade): gevent>=1.0 in /usr/local/lib/python2.7/dist-packages (from flask-socketio==0.6.0)
Downloading/unpacking gevent-socketio>=0.3.6 (from flask-socketio==0.6.0)
  Downloading gevent_socketio-0.3.6-py27-none-any.whl
Downloading/unpacking SQLAlchemy>=0.7 (from flask-sqlalchemy==2.1)
  Running setup.py (path:/tmp/pip_build_root/SQLAlchemy/setup.py) egg_info for package SQLAlchemy
    /usr/lib/python2.7/distutils/dist.py:267: UserWarning: Unknown distribution option: 'project_urls'
      warnings.warn(msg)
    /usr/lib/python2.7/distutils/dist.py:267: UserWarning: Unknown distribution option: 'python_requires'
      warnings.warn(msg)
    
    no previously-included directories found matching 'doc/build/output'
    warning: no previously-included files found matching 'pyproject.toml'
Downloading/unpacking MarkupSafe>=0.23 (from Jinja2>=2.4->flask==0.10.1)
  Downloading MarkupSafe-1.1.1.tar.gz
  Running setup.py (path:/tmp/pip_build_root/MarkupSafe/setup.py) egg_info for package MarkupSafe
    /usr/lib/python2.7/distutils/dist.py:267: UserWarning: Unknown distribution option: 'project_urls'
      warnings.warn(msg)
    /usr/lib/python2.7/distutils/dist.py:267: UserWarning: Unknown distribution option: 'python_requires'
      warnings.warn(msg)
    
    no previously-included directories found matching 'docs/_build'
    warning: no previously-included files matching '*.py[co]' found anywhere in distribution
Requirement already satisfied (use --upgrade to upgrade): greenlet>=0.4.7 in /usr/local/lib/python2.7/dist-packages (from gevent>=1.0->flask-socketio==0.6.0)
Downloading/unpacking gevent-websocket (from gevent-socketio>=0.3.6->flask-socketio==0.6.0)
  Downloading gevent-websocket-0.10.1.tar.gz
  Running setup.py (path:/tmp/pip_build_root/gevent-websocket/setup.py) egg_info for package gevent-websocket
    
Installing collected packages: flask, flask-cors, flask-socketio, flask-sqlalchemy, MySQL-python, Werkzeug, gunicorn, Jinja2, itsdangerous, gevent-socketio, SQLAlchemy, MarkupSafe, gevent-websocket
  Running setup.py install for flask
    
    warning: no files found matching '*' under directory 'tests'
    warning: no previously-included files matching '*.pyc' found under directory 'docs'
    warning: no previously-included files matching '*.pyo' found under directory 'docs'
    warning: no previously-included files matching '*.pyc' found under directory 'tests'
    warning: no previously-included files matching '*.pyo' found under directory 'tests'
    warning: no previously-included files matching '*.pyc' found under directory 'examples'
    warning: no previously-included files matching '*.pyo' found under directory 'examples'
    no previously-included directories found matching 'docs/_build'
    no previously-included directories found matching 'docs/_themes/.git'
  Running setup.py install for flask-cors
    
    no previously-included directories found matching 'docs/_build'
  Running setup.py install for flask-socketio
    
  Running setup.py install for flask-sqlalchemy
    
    warning: no previously-included files matching '*.pyc' found under directory 'docs'
    warning: no previously-included files matching '*.pyo' found under directory 'docs'
    no previously-included directories found matching 'docs/_build'
    no previously-included directories found matching 'docs/_themes/.git'
  Running setup.py install for MySQL-python
    building '_mysql' extension
    x86_64-linux-gnu-gcc -pthread -fno-strict-aliasing -DNDEBUG -g -fwrapv -O2 -Wall -Wstrict-prototypes -fPIC -Dversion_info=(1,2,5,'final',1) -D__version__=1.2.5 -I/usr/include/mysql -I/usr/include/python2.7 -c _mysql.c -o build/temp.linux-x86_64-2.7/_mysql.o -DBIG_JOINS=1 -fno-strict-aliasing -g -DNDEBUG
    In file included from _mysql.c:44:0:
    /usr/include/mysql/my_config.h:423:0: warning: "HAVE_WCSCOLL" redefined [enabled by default]
     #define HAVE_WCSCOLL
     ^
    In file included from /usr/include/python2.7/pyconfig.h:3:0,
                     from /usr/include/python2.7/Python.h:8,
                     from _mysql.c:29:
    /usr/include/x86_64-linux-gnu/python2.7/pyconfig.h:911:0: note: this is the location of the previous definition
     #define HAVE_WCSCOLL 1
     ^
    x86_64-linux-gnu-gcc -pthread -shared -Wl,-O1 -Wl,-Bsymbolic-functions -Wl,-Bsymbolic-functions -Wl,-z,relro -fno-strict-aliasing -DNDEBUG -g -fwrapv -O2 -Wall -Wstrict-prototypes -D_FORTIFY_SOURCE=2 -g -fstack-protector --param=ssp-buffer-size=4 -Wformat -Werror=format-security build/temp.linux-x86_64-2.7/_mysql.o -L/usr/lib/x86_64-linux-gnu -lmysqlclient_r -lpthread -lz -lm -ldl -o build/lib.linux-x86_64-2.7/_mysql.so
    
  Running setup.py install for Werkzeug
    
    warning: no files found matching '*' under directory 'werkzeug/debug/templates'
    warning: no files found matching '*' under directory 'tests'
    warning: no previously-included files matching '*.pyc' found under directory 'docs'
    warning: no previously-included files matching '*.pyo' found under directory 'docs'
    warning: no previously-included files matching '*.pyc' found under directory 'tests'
    warning: no previously-included files matching '*.pyo' found under directory 'tests'
    warning: no previously-included files matching '*.pyc' found under directory 'examples'
    warning: no previously-included files matching '*.pyo' found under directory 'examples'
    no previously-included directories found matching 'docs/_build'
Compiling /tmp/pip_build_root/gunicorn/gunicorn/workers/_gaiohttp.py ...
  File "/tmp/pip_build_root/gunicorn/gunicorn/workers/_gaiohttp.py", line 64
    yield from self.wsgi.close()
             ^
SyntaxError: invalid syntax

Compiling /tmp/pip_build_root/Jinja2/jinja2/asyncfilters.py ...
  File "/tmp/pip_build_root/Jinja2/jinja2/asyncfilters.py", line 8
    async def auto_to_seq(value):
            ^
SyntaxError: invalid syntax

Compiling /tmp/pip_build_root/Jinja2/jinja2/asyncsupport.py ...
  File "/tmp/pip_build_root/Jinja2/jinja2/asyncsupport.py", line 18
    async def concat_async(async_gen):
            ^
SyntaxError: invalid syntax

  Running setup.py install for SQLAlchemy
    /usr/lib/python2.7/distutils/dist.py:267: UserWarning: Unknown distribution option: 'project_urls'
      warnings.warn(msg)
    /usr/lib/python2.7/distutils/dist.py:267: UserWarning: Unknown distribution option: 'python_requires'
      warnings.warn(msg)
    building 'sqlalchemy.cprocessors' extension
    x86_64-linux-gnu-gcc -pthread -fno-strict-aliasing -DNDEBUG -g -fwrapv -O2 -Wall -Wstrict-prototypes -fPIC -I/usr/include/python2.7 -c lib/sqlalchemy/cextension/processors.c -o build/temp.linux-x86_64-2.7/lib/sqlalchemy/cextension/processors.o
    x86_64-linux-gnu-gcc -pthread -shared -Wl,-O1 -Wl,-Bsymbolic-functions -Wl,-Bsymbolic-functions -Wl,-z,relro -fno-strict-aliasing -DNDEBUG -g -fwrapv -O2 -Wall -Wstrict-prototypes -D_FORTIFY_SOURCE=2 -g -fstack-protector --param=ssp-buffer-size=4 -Wformat -Werror=format-security build/temp.linux-x86_64-2.7/lib/sqlalchemy/cextension/processors.o -o build/lib.linux-x86_64-2.7/sqlalchemy/cprocessors.so
    building 'sqlalchemy.cresultproxy' extension
    x86_64-linux-gnu-gcc -pthread -fno-strict-aliasing -DNDEBUG -g -fwrapv -O2 -Wall -Wstrict-prototypes -fPIC -I/usr/include/python2.7 -c lib/sqlalchemy/cextension/resultproxy.c -o build/temp.linux-x86_64-2.7/lib/sqlalchemy/cextension/resultproxy.o
    x86_64-linux-gnu-gcc -pthread -shared -Wl,-O1 -Wl,-Bsymbolic-functions -Wl,-Bsymbolic-functions -Wl,-z,relro -fno-strict-aliasing -DNDEBUG -g -fwrapv -O2 -Wall -Wstrict-prototypes -D_FORTIFY_SOURCE=2 -g -fstack-protector --param=ssp-buffer-size=4 -Wformat -Werror=format-security build/temp.linux-x86_64-2.7/lib/sqlalchemy/cextension/resultproxy.o -o build/lib.linux-x86_64-2.7/sqlalchemy/cresultproxy.so
    building 'sqlalchemy.cutils' extension
    x86_64-linux-gnu-gcc -pthread -fno-strict-aliasing -DNDEBUG -g -fwrapv -O2 -Wall -Wstrict-prototypes -fPIC -I/usr/include/python2.7 -c lib/sqlalchemy/cextension/utils.c -o build/temp.linux-x86_64-2.7/lib/sqlalchemy/cextension/utils.o
    x86_64-linux-gnu-gcc -pthread -shared -Wl,-O1 -Wl,-Bsymbolic-functions -Wl,-Bsymbolic-functions -Wl,-z,relro -fno-strict-aliasing -DNDEBUG -g -fwrapv -O2 -Wall -Wstrict-prototypes -D_FORTIFY_SOURCE=2 -g -fstack-protector --param=ssp-buffer-size=4 -Wformat -Werror=format-security build/temp.linux-x86_64-2.7/lib/sqlalchemy/cextension/utils.o -o build/lib.linux-x86_64-2.7/sqlalchemy/cutils.so
    
    no previously-included directories found matching 'doc/build/output'
    warning: no previously-included files found matching 'pyproject.toml'
  Running setup.py install for MarkupSafe
    /usr/lib/python2.7/distutils/dist.py:267: UserWarning: Unknown distribution option: 'project_urls'
      warnings.warn(msg)
    /usr/lib/python2.7/distutils/dist.py:267: UserWarning: Unknown distribution option: 'python_requires'
      warnings.warn(msg)
    
    no previously-included directories found matching 'docs/_build'
    warning: no previously-included files matching '*.py[co]' found anywhere in distribution
    building 'markupsafe._speedups' extension
    x86_64-linux-gnu-gcc -pthread -fno-strict-aliasing -DNDEBUG -g -fwrapv -O2 -Wall -Wstrict-prototypes -fPIC -I/usr/include/python2.7 -c src/markupsafe/_speedups.c -o build/temp.linux-x86_64-2.7/src/markupsafe/_speedups.o
    x86_64-linux-gnu-gcc -pthread -shared -Wl,-O1 -Wl,-Bsymbolic-functions -Wl,-Bsymbolic-functions -Wl,-z,relro -fno-strict-aliasing -DNDEBUG -g -fwrapv -O2 -Wall -Wstrict-prototypes -D_FORTIFY_SOURCE=2 -g -fstack-protector --param=ssp-buffer-size=4 -Wformat -Werror=format-security build/temp.linux-x86_64-2.7/src/markupsafe/_speedups.o -o build/lib.linux-x86_64-2.7/markupsafe/_speedups.so
  Running setup.py install for gevent-websocket
    
Successfully installed flask flask-cors flask-socketio flask-sqlalchemy MySQL-python Werkzeug gunicorn Jinja2 itsdangerous gevent-socketio SQLAlchemy MarkupSafe gevent-websocket
Cleaning up...
Removing intermediate container 7e90dbf3e9c3
 ---> 2ff90235119b
Step 5/7 : ADD . /opt/app
 ---> 0bec3cb2409e
Step 6/7 : WORKDIR /opt/app
 ---> Running in 8f03165a9d29
Removing intermediate container 8f03165a9d29
 ---> 3c8e0c06069b
Step 7/7 : CMD while true; do gunicorn -c gunicorn_config.py run:app; done
 ---> Running in bf73aaebfa4e
Removing intermediate container bf73aaebfa4e
 ---> a45ff8d37f30
Successfully built a45ff8d37f30
Successfully tagged binacle:430552689
