Sending build context to Docker daemon  2.048kB
Step 1/4 : FROM centos:7
7: Pulling from library/centos
524b0c1e57f8: Pulling fs layer
524b0c1e57f8: Verifying Checksum
524b0c1e57f8: Download complete
524b0c1e57f8: Pull complete
Digest: sha256:e9ce0b76f29f942502facd849f3e468232492b259b9d9f076f71b392293f1582
Status: Downloaded newer image for centos:7
 ---> b5b4d78bc90c
Step 2/4 : MAINTAINER Jun Futagawa <jfut@integ.jp>
 ---> Running in 3c9751b41e35
Removing intermediate container 3c9751b41e35
 ---> fb192b5f90d2
Step 3/4 : LABEL maintainer="Jun Futagawa <jfut@integ.jp>"
 ---> Running in 54152623bda4
Removing intermediate container 54152623bda4
 ---> 40d83acae99a
Step 4/4 : RUN yum -y update &&     yum -y groupinstall "Development Tools" &&     yum -y install sudo wget git-core rpm-build rpmdevtools spectool yum-utils createrepo python-devel epel-release cabal-rpm &&     yum clean all &&     rm -rf /var/cache/yum
 ---> Running in 113c3b66d7cb
Loaded plugins: fastestmirror, ovl
Determining fastest mirrors
 * base: mirror.steadfastnet.com
 * extras: repos.hou.layerhost.com
 * updates: mirrors.gigenet.com
Resolving Dependencies
--> Running transaction check
---> Package bind-license.noarch 32:9.11.4-16.P2.el7_8.2 will be updated
---> Package bind-license.noarch 32:9.11.4-16.P2.el7_8.3 will be an update
---> Package binutils.x86_64 0:2.27-43.base.el7 will be updated
---> Package binutils.x86_64 0:2.27-43.base.el7_8.1 will be an update
---> Package device-mapper.x86_64 7:1.02.164-7.el7_8.1 will be updated
---> Package device-mapper.x86_64 7:1.02.164-7.el7_8.2 will be an update
---> Package device-mapper-libs.x86_64 7:1.02.164-7.el7_8.1 will be updated
---> Package device-mapper-libs.x86_64 7:1.02.164-7.el7_8.2 will be an update
---> Package systemd.x86_64 0:219-73.el7_8.5 will be updated
---> Package systemd.x86_64 0:219-73.el7_8.6 will be an update
---> Package systemd-libs.x86_64 0:219-73.el7_8.5 will be updated
---> Package systemd-libs.x86_64 0:219-73.el7_8.6 will be an update
---> Package yum-plugin-fastestmirror.noarch 0:1.1.31-53.el7 will be updated
---> Package yum-plugin-fastestmirror.noarch 0:1.1.31-54.el7_8 will be an update
---> Package yum-plugin-ovl.noarch 0:1.1.31-53.el7 will be updated
---> Package yum-plugin-ovl.noarch 0:1.1.31-54.el7_8 will be an update
---> Package yum-utils.noarch 0:1.1.31-53.el7 will be updated
---> Package yum-utils.noarch 0:1.1.31-54.el7_8 will be an update
--> Finished Dependency Resolution

Dependencies Resolved

================================================================================
 Package                    Arch     Version                    Repository
                                                                           Size
================================================================================
Updating:
 bind-license               noarch   32:9.11.4-16.P2.el7_8.3    updates    89 k
 binutils                   x86_64   2.27-43.base.el7_8.1       updates   5.9 M
 device-mapper              x86_64   7:1.02.164-7.el7_8.2       updates   295 k
 device-mapper-libs         x86_64   7:1.02.164-7.el7_8.2       updates   324 k
 systemd                    x86_64   219-73.el7_8.6             updates   5.1 M
 systemd-libs               x86_64   219-73.el7_8.6             updates   416 k
 yum-plugin-fastestmirror   noarch   1.1.31-54.el7_8            updates    34 k
 yum-plugin-ovl             noarch   1.1.31-54.el7_8            updates    28 k
 yum-utils                  noarch   1.1.31-54.el7_8            updates   122 k

Transaction Summary
================================================================================
Upgrade  9 Packages

Total download size: 12 M
Downloading packages:
Delta RPMs disabled because /usr/bin/applydeltarpm not installed.
[91mwarning: [0m[91m/var/cache/yum/x86_64/7/updates/packages/bind-license-9.11.4-16.P2.el7_8.3.noarch.rpm: Header V3 RSA/SHA256 Signature, key ID f4a80eb5: NOKEY
[0mPublic key for bind-license-9.11.4-16.P2.el7_8.3.noarch.rpm is not installed
--------------------------------------------------------------------------------
Total                                               31 MB/s |  12 MB  00:00     
Retrieving key from file:///etc/pki/rpm-gpg/RPM-GPG-KEY-CentOS-7
[91mImporting GPG key 0xF4A80EB5:
 Userid     : "CentOS-7 Key (CentOS 7 Official Signing Key) <security@centos.org>"
 Fingerprint: 6341 ab27 53d7 8a78 a7c2 7bb1 24c6 a8a7 f4a8 0eb5
 Package    : centos-release-7-8.2003.0.el7.centos.x86_64 (@CentOS)
 From       : /etc/pki/rpm-gpg/RPM-GPG-KEY-CentOS-7
[0mRunning transaction check
Running transaction test
Transaction test succeeded
Running transaction
  Updating   : systemd-libs-219-73.el7_8.6.x86_64                          1/18 
  Updating   : systemd-219-73.el7_8.6.x86_64                               2/18 
Failed to get D-Bus connection: Operation not permitted
  Updating   : 7:device-mapper-libs-1.02.164-7.el7_8.2.x86_64              3/18 
  Updating   : 7:device-mapper-1.02.164-7.el7_8.2.x86_64                   4/18 
  Updating   : yum-utils-1.1.31-54.el7_8.noarch                            5/18 
  Updating   : yum-plugin-fastestmirror-1.1.31-54.el7_8.noarch             6/18 
  Updating   : 32:bind-license-9.11.4-16.P2.el7_8.3.noarch                 7/18 
  Updating   : binutils-2.27-43.base.el7_8.1.x86_64                        8/18 
install-info: No such file or directory for /usr/share/info/as.info.gz
install-info: No such file or directory for /usr/share/info/binutils.info.gz
install-info: No such file or directory for /usr/share/info/gprof.info.gz
install-info: No such file or directory for /usr/share/info/ld.info.gz
install-info: No such file or directory for /usr/share/info/standards.info.gz
  Updating   : yum-plugin-ovl-1.1.31-54.el7_8.noarch                       9/18 
  Cleanup    : yum-utils-1.1.31-53.el7.noarch                             10/18 
  Cleanup    : yum-plugin-fastestmirror-1.1.31-53.el7.noarch              11/18 
  Cleanup    : 32:bind-license-9.11.4-16.P2.el7_8.2.noarch                12/18 
  Cleanup    : yum-plugin-ovl-1.1.31-53.el7.noarch                        13/18 
  Cleanup    : 7:device-mapper-libs-1.02.164-7.el7_8.1.x86_64             14/18 
  Cleanup    : 7:device-mapper-1.02.164-7.el7_8.1.x86_64                  15/18 
  Cleanup    : systemd-219-73.el7_8.5.x86_64                              16/18 
  Cleanup    : systemd-libs-219-73.el7_8.5.x86_64                         17/18 
  Cleanup    : binutils-2.27-43.base.el7.x86_64                           18/18 
  Verifying  : 7:device-mapper-1.02.164-7.el7_8.2.x86_64                   1/18 
  Verifying  : systemd-219-73.el7_8.6.x86_64                               2/18 
  Verifying  : yum-plugin-ovl-1.1.31-54.el7_8.noarch                       3/18 
  Verifying  : systemd-libs-219-73.el7_8.6.x86_64                          4/18 
  Verifying  : binutils-2.27-43.base.el7_8.1.x86_64                        5/18 
  Verifying  : 32:bind-license-9.11.4-16.P2.el7_8.3.noarch                 6/18 
  Verifying  : 7:device-mapper-libs-1.02.164-7.el7_8.2.x86_64              7/18 
  Verifying  : yum-plugin-fastestmirror-1.1.31-54.el7_8.noarch             8/18 
  Verifying  : yum-utils-1.1.31-54.el7_8.noarch                            9/18 
  Verifying  : systemd-219-73.el7_8.5.x86_64                              10/18 
  Verifying  : yum-utils-1.1.31-53.el7.noarch                             11/18 
  Verifying  : 32:bind-license-9.11.4-16.P2.el7_8.2.noarch                12/18 
  Verifying  : yum-plugin-ovl-1.1.31-53.el7.noarch                        13/18 
  Verifying  : binutils-2.27-43.base.el7.x86_64                           14/18 
  Verifying  : 7:device-mapper-libs-1.02.164-7.el7_8.1.x86_64             15/18 
  Verifying  : systemd-libs-219-73.el7_8.5.x86_64                         16/18 
  Verifying  : yum-plugin-fastestmirror-1.1.31-53.el7.noarch              17/18 
  Verifying  : 7:device-mapper-1.02.164-7.el7_8.1.x86_64                  18/18 

Updated:
  bind-license.noarch 32:9.11.4-16.P2.el7_8.3                                   
  binutils.x86_64 0:2.27-43.base.el7_8.1                                        
  device-mapper.x86_64 7:1.02.164-7.el7_8.2                                     
  device-mapper-libs.x86_64 7:1.02.164-7.el7_8.2                                
  systemd.x86_64 0:219-73.el7_8.6                                               
  systemd-libs.x86_64 0:219-73.el7_8.6                                          
  yum-plugin-fastestmirror.noarch 0:1.1.31-54.el7_8                             
  yum-plugin-ovl.noarch 0:1.1.31-54.el7_8                                       
  yum-utils.noarch 0:1.1.31-54.el7_8                                            

Complete!
Loaded plugins: fastestmirror, ovl
[91mThere is no installed groups file.
[0m[91mMaybe run: yum groups mark convert (see man yum)
[0mLoading mirror speeds from cached hostfile
 * base: mirror.steadfastnet.com
 * extras: repos.hou.layerhost.com
 * updates: mirrors.gigenet.com
Resolving Dependencies
--> Running transaction check
---> Package autoconf.noarch 0:2.69-11.el7 will be installed
--> Processing Dependency: perl >= 5.006 for package: autoconf-2.69-11.el7.noarch
--> Processing Dependency: m4 >= 1.4.14 for package: autoconf-2.69-11.el7.noarch
--> Processing Dependency: perl(warnings) for package: autoconf-2.69-11.el7.noarch
--> Processing Dependency: perl(vars) for package: autoconf-2.69-11.el7.noarch
--> Processing Dependency: perl(strict) for package: autoconf-2.69-11.el7.noarch
--> Processing Dependency: perl(constant) for package: autoconf-2.69-11.el7.noarch
--> Processing Dependency: perl(Text::ParseWords) for package: autoconf-2.69-11.el7.noarch
--> Processing Dependency: perl(POSIX) for package: autoconf-2.69-11.el7.noarch
--> Processing Dependency: perl(IO::File) for package: autoconf-2.69-11.el7.noarch
--> Processing Dependency: perl(Getopt::Long) for package: autoconf-2.69-11.el7.noarch
--> Processing Dependency: perl(File::stat) for package: autoconf-2.69-11.el7.noarch
--> Processing Dependency: perl(File::Spec) for package: autoconf-2.69-11.el7.noarch
--> Processing Dependency: perl(File::Path) for package: autoconf-2.69-11.el7.noarch
--> Processing Dependency: perl(File::Find) for package: autoconf-2.69-11.el7.noarch
--> Processing Dependency: perl(File::Copy) for package: autoconf-2.69-11.el7.noarch
--> Processing Dependency: perl(File::Compare) for package: autoconf-2.69-11.el7.noarch
--> Processing Dependency: perl(File::Basename) for package: autoconf-2.69-11.el7.noarch
--> Processing Dependency: perl(Exporter) for package: autoconf-2.69-11.el7.noarch
--> Processing Dependency: perl(Errno) for package: autoconf-2.69-11.el7.noarch
--> Processing Dependency: perl(DynaLoader) for package: autoconf-2.69-11.el7.noarch
--> Processing Dependency: perl(Data::Dumper) for package: autoconf-2.69-11.el7.noarch
--> Processing Dependency: perl(Cwd) for package: autoconf-2.69-11.el7.noarch
--> Processing Dependency: perl(Class::Struct) for package: autoconf-2.69-11.el7.noarch
--> Processing Dependency: perl(Carp) for package: autoconf-2.69-11.el7.noarch
--> Processing Dependency: /usr/bin/perl for package: autoconf-2.69-11.el7.noarch
---> Package automake.noarch 0:1.13.4-3.el7 will be installed
--> Processing Dependency: perl(threads) for package: automake-1.13.4-3.el7.noarch
--> Processing Dependency: perl(Thread::Queue) for package: automake-1.13.4-3.el7.noarch
--> Processing Dependency: perl(TAP::Parser) for package: automake-1.13.4-3.el7.noarch
---> Package bison.x86_64 0:3.0.4-2.el7 will be installed
---> Package byacc.x86_64 0:1.9.20130304-3.el7 will be installed
---> Package cscope.x86_64 0:15.8-10.el7 will be installed
--> Processing Dependency: emacs-filesystem for package: cscope-15.8-10.el7.x86_64
---> Package ctags.x86_64 0:5.8-13.el7 will be installed
---> Package diffstat.x86_64 0:1.57-4.el7 will be installed
---> Package doxygen.x86_64 1:1.8.5-4.el7 will be installed
---> Package elfutils.x86_64 0:0.176-4.el7 will be installed
---> Package flex.x86_64 0:2.5.37-6.el7 will be installed
---> Package gcc.x86_64 0:4.8.5-39.el7 will be installed
--> Processing Dependency: libgomp = 4.8.5-39.el7 for package: gcc-4.8.5-39.el7.x86_64
--> Processing Dependency: cpp = 4.8.5-39.el7 for package: gcc-4.8.5-39.el7.x86_64
--> Processing Dependency: glibc-devel >= 2.2.90-12 for package: gcc-4.8.5-39.el7.x86_64
--> Processing Dependency: libmpfr.so.4()(64bit) for package: gcc-4.8.5-39.el7.x86_64
--> Processing Dependency: libmpc.so.3()(64bit) for package: gcc-4.8.5-39.el7.x86_64
--> Processing Dependency: libgomp.so.1()(64bit) for package: gcc-4.8.5-39.el7.x86_64
---> Package gcc-c++.x86_64 0:4.8.5-39.el7 will be installed
--> Processing Dependency: libstdc++-devel = 4.8.5-39.el7 for package: gcc-c++-4.8.5-39.el7.x86_64
---> Package gcc-gfortran.x86_64 0:4.8.5-39.el7 will be installed
--> Processing Dependency: libquadmath-devel = 4.8.5-39.el7 for package: gcc-gfortran-4.8.5-39.el7.x86_64
--> Processing Dependency: libquadmath = 4.8.5-39.el7 for package: gcc-gfortran-4.8.5-39.el7.x86_64
--> Processing Dependency: libgfortran = 4.8.5-39.el7 for package: gcc-gfortran-4.8.5-39.el7.x86_64
--> Processing Dependency: libgfortran.so.3()(64bit) for package: gcc-gfortran-4.8.5-39.el7.x86_64
---> Package gettext.x86_64 0:0.19.8.1-3.el7 will be installed
--> Processing Dependency: gettext-libs(x86-64) = 0.19.8.1-3.el7 for package: gettext-0.19.8.1-3.el7.x86_64
--> Processing Dependency: libunistring.so.0()(64bit) for package: gettext-0.19.8.1-3.el7.x86_64
--> Processing Dependency: libgettextsrc-0.19.8.1.so()(64bit) for package: gettext-0.19.8.1-3.el7.x86_64
--> Processing Dependency: libgettextlib-0.19.8.1.so()(64bit) for package: gettext-0.19.8.1-3.el7.x86_64
--> Processing Dependency: libcroco-0.6.so.3()(64bit) for package: gettext-0.19.8.1-3.el7.x86_64
---> Package git.x86_64 0:1.8.3.1-22.el7_8 will be installed
--> Processing Dependency: perl-Git = 1.8.3.1-22.el7_8 for package: git-1.8.3.1-22.el7_8.x86_64
--> Processing Dependency: rsync for package: git-1.8.3.1-22.el7_8.x86_64
--> Processing Dependency: perl(Term::ReadKey) for package: git-1.8.3.1-22.el7_8.x86_64
--> Processing Dependency: perl(Git) for package: git-1.8.3.1-22.el7_8.x86_64
--> Processing Dependency: perl(File::Temp) for package: git-1.8.3.1-22.el7_8.x86_64
--> Processing Dependency: perl(Error) for package: git-1.8.3.1-22.el7_8.x86_64
--> Processing Dependency: openssh-clients for package: git-1.8.3.1-22.el7_8.x86_64
--> Processing Dependency: less for package: git-1.8.3.1-22.el7_8.x86_64
---> Package indent.x86_64 0:2.2.11-13.el7 will be installed
---> Package intltool.noarch 0:0.50.2-7.el7 will be installed
--> Processing Dependency: perl(XML::Parser) for package: intltool-0.50.2-7.el7.noarch
--> Processing Dependency: perl(Encode) for package: intltool-0.50.2-7.el7.noarch
--> Processing Dependency: gettext-devel for package: intltool-0.50.2-7.el7.noarch
---> Package libtool.x86_64 0:2.4.2-22.el7_3 will be installed
---> Package make.x86_64 1:3.82-24.el7 will be installed
---> Package patch.x86_64 0:2.7.1-12.el7_7 will be installed
---> Package patchutils.x86_64 0:0.3.3-4.el7 will be installed
---> Package rcs.x86_64 0:5.9.0-7.el7 will be installed
---> Package redhat-rpm-config.noarch 0:9.1.0-88.el7.centos will be installed
--> Processing Dependency: dwz >= 0.4 for package: redhat-rpm-config-9.1.0-88.el7.centos.noarch
--> Processing Dependency: zip for package: redhat-rpm-config-9.1.0-88.el7.centos.noarch
--> Processing Dependency: python-srpm-macros for package: redhat-rpm-config-9.1.0-88.el7.centos.noarch
--> Processing Dependency: perl-srpm-macros for package: redhat-rpm-config-9.1.0-88.el7.centos.noarch
---> Package rpm-build.x86_64 0:4.11.3-43.el7 will be installed
--> Processing Dependency: unzip for package: rpm-build-4.11.3-43.el7.x86_64
--> Processing Dependency: file for package: rpm-build-4.11.3-43.el7.x86_64
--> Processing Dependency: bzip2 for package: rpm-build-4.11.3-43.el7.x86_64
--> Processing Dependency: /usr/bin/gdb-add-index for package: rpm-build-4.11.3-43.el7.x86_64
---> Package rpm-sign.x86_64 0:4.11.3-43.el7 will be installed
---> Package subversion.x86_64 0:1.7.14-14.el7 will be installed
--> Processing Dependency: subversion-libs(x86-64) = 1.7.14-14.el7 for package: subversion-1.7.14-14.el7.x86_64
--> Processing Dependency: systemd-sysv for package: subversion-1.7.14-14.el7.x86_64
--> Processing Dependency: libsvn_wc-1.so.0()(64bit) for package: subversion-1.7.14-14.el7.x86_64
--> Processing Dependency: libsvn_subr-1.so.0()(64bit) for package: subversion-1.7.14-14.el7.x86_64
--> Processing Dependency: libsvn_repos-1.so.0()(64bit) for package: subversion-1.7.14-14.el7.x86_64
--> Processing Dependency: libsvn_ra_svn-1.so.0()(64bit) for package: subversion-1.7.14-14.el7.x86_64
--> Processing Dependency: libsvn_ra_neon-1.so.0()(64bit) for package: subversion-1.7.14-14.el7.x86_64
--> Processing Dependency: libsvn_ra_local-1.so.0()(64bit) for package: subversion-1.7.14-14.el7.x86_64
--> Processing Dependency: libsvn_ra-1.so.0()(64bit) for package: subversion-1.7.14-14.el7.x86_64
--> Processing Dependency: libsvn_fs_util-1.so.0()(64bit) for package: subversion-1.7.14-14.el7.x86_64
--> Processing Dependency: libsvn_fs_fs-1.so.0()(64bit) for package: subversion-1.7.14-14.el7.x86_64
--> Processing Dependency: libsvn_fs_base-1.so.0()(64bit) for package: subversion-1.7.14-14.el7.x86_64
--> Processing Dependency: libsvn_fs-1.so.0()(64bit) for package: subversion-1.7.14-14.el7.x86_64
--> Processing Dependency: libsvn_diff-1.so.0()(64bit) for package: subversion-1.7.14-14.el7.x86_64
--> Processing Dependency: libsvn_delta-1.so.0()(64bit) for package: subversion-1.7.14-14.el7.x86_64
--> Processing Dependency: libsvn_client-1.so.0()(64bit) for package: subversion-1.7.14-14.el7.x86_64
--> Processing Dependency: libneon.so.27()(64bit) for package: subversion-1.7.14-14.el7.x86_64
--> Processing Dependency: libaprutil-1.so.0()(64bit) for package: subversion-1.7.14-14.el7.x86_64
--> Processing Dependency: libapr-1.so.0()(64bit) for package: subversion-1.7.14-14.el7.x86_64
---> Package swig.x86_64 0:2.0.10-5.el7 will be installed
---> Package systemtap.x86_64 0:4.0-11.el7 will be installed
--> Processing Dependency: systemtap-devel = 4.0-11.el7 for package: systemtap-4.0-11.el7.x86_64
--> Processing Dependency: systemtap-client = 4.0-11.el7 for package: systemtap-4.0-11.el7.x86_64
--> Running transaction check
---> Package apr.x86_64 0:1.4.8-5.el7 will be installed
---> Package apr-util.x86_64 0:1.5.2-6.el7 will be installed
---> Package bzip2.x86_64 0:1.0.6-13.el7 will be installed
---> Package cpp.x86_64 0:4.8.5-39.el7 will be installed
---> Package dwz.x86_64 0:0.11-3.el7 will be installed
---> Package emacs-filesystem.noarch 1:24.3-23.el7 will be installed
---> Package file.x86_64 0:5.11-36.el7 will be installed
---> Package gdb.x86_64 0:7.6.1-119.el7 will be installed
---> Package gettext-devel.x86_64 0:0.19.8.1-3.el7 will be installed
--> Processing Dependency: gettext-common-devel = 0.19.8.1-3.el7 for package: gettext-devel-0.19.8.1-3.el7.x86_64
---> Package gettext-libs.x86_64 0:0.19.8.1-3.el7 will be installed
---> Package glibc-devel.x86_64 0:2.17-307.el7.1 will be installed
--> Processing Dependency: glibc-headers = 2.17-307.el7.1 for package: glibc-devel-2.17-307.el7.1.x86_64
--> Processing Dependency: glibc-headers for package: glibc-devel-2.17-307.el7.1.x86_64
---> Package less.x86_64 0:458-9.el7 will be installed
--> Processing Dependency: groff-base for package: less-458-9.el7.x86_64
---> Package libcroco.x86_64 0:0.6.12-4.el7 will be installed
---> Package libgfortran.x86_64 0:4.8.5-39.el7 will be installed
---> Package libgomp.x86_64 0:4.8.5-39.el7 will be installed
---> Package libmpc.x86_64 0:1.0.1-3.el7 will be installed
---> Package libquadmath.x86_64 0:4.8.5-39.el7 will be installed
---> Package libquadmath-devel.x86_64 0:4.8.5-39.el7 will be installed
---> Package libstdc++-devel.x86_64 0:4.8.5-39.el7 will be installed
---> Package libunistring.x86_64 0:0.9.3-9.el7 will be installed
---> Package m4.x86_64 0:1.4.16-10.el7 will be installed
---> Package mpfr.x86_64 0:3.1.1-4.el7 will be installed
---> Package neon.x86_64 0:0.30.0-4.el7 will be installed
--> Processing Dependency: libgnutls.so.28(GNUTLS_3_0_0)(64bit) for package: neon-0.30.0-4.el7.x86_64
--> Processing Dependency: libgnutls.so.28(GNUTLS_2_12)(64bit) for package: neon-0.30.0-4.el7.x86_64
--> Processing Dependency: libgnutls.so.28(GNUTLS_1_4)(64bit) for package: neon-0.30.0-4.el7.x86_64
--> Processing Dependency: libproxy.so.1()(64bit) for package: neon-0.30.0-4.el7.x86_64
--> Processing Dependency: libpakchois.so.0()(64bit) for package: neon-0.30.0-4.el7.x86_64
--> Processing Dependency: libgnutls.so.28()(64bit) for package: neon-0.30.0-4.el7.x86_64
---> Package openssh-clients.x86_64 0:7.4p1-21.el7 will be installed
--> Processing Dependency: openssh = 7.4p1-21.el7 for package: openssh-clients-7.4p1-21.el7.x86_64
--> Processing Dependency: fipscheck-lib(x86-64) >= 1.3.0 for package: openssh-clients-7.4p1-21.el7.x86_64
--> Processing Dependency: libfipscheck.so.1()(64bit) for package: openssh-clients-7.4p1-21.el7.x86_64
--> Processing Dependency: libedit.so.0()(64bit) for package: openssh-clients-7.4p1-21.el7.x86_64
---> Package perl.x86_64 4:5.16.3-295.el7 will be installed
--> Processing Dependency: perl-libs = 4:5.16.3-295.el7 for package: 4:perl-5.16.3-295.el7.x86_64
--> Processing Dependency: perl(Socket) >= 1.3 for package: 4:perl-5.16.3-295.el7.x86_64
--> Processing Dependency: perl(Scalar::Util) >= 1.10 for package: 4:perl-5.16.3-295.el7.x86_64
--> Processing Dependency: perl-macros for package: 4:perl-5.16.3-295.el7.x86_64
--> Processing Dependency: perl-libs for package: 4:perl-5.16.3-295.el7.x86_64
--> Processing Dependency: perl(threads::shared) for package: 4:perl-5.16.3-295.el7.x86_64
--> Processing Dependency: perl(Time::Local) for package: 4:perl-5.16.3-295.el7.x86_64
--> Processing Dependency: perl(Time::HiRes) for package: 4:perl-5.16.3-295.el7.x86_64
--> Processing Dependency: perl(Storable) for package: 4:perl-5.16.3-295.el7.x86_64
--> Processing Dependency: perl(Socket) for package: 4:perl-5.16.3-295.el7.x86_64
--> Processing Dependency: perl(Scalar::Util) for package: 4:perl-5.16.3-295.el7.x86_64
--> Processing Dependency: perl(Pod::Simple::XHTML) for package: 4:perl-5.16.3-295.el7.x86_64
--> Processing Dependency: perl(Pod::Simple::Search) for package: 4:perl-5.16.3-295.el7.x86_64
--> Processing Dependency: perl(Filter::Util::Call) for package: 4:perl-5.16.3-295.el7.x86_64
--> Processing Dependency: libperl.so()(64bit) for package: 4:perl-5.16.3-295.el7.x86_64
---> Package perl-Carp.noarch 0:1.26-244.el7 will be installed
---> Package perl-Data-Dumper.x86_64 0:2.145-3.el7 will be installed
---> Package perl-Encode.x86_64 0:2.51-7.el7 will be installed
---> Package perl-Error.noarch 1:0.17020-2.el7 will be installed
---> Package perl-Exporter.noarch 0:5.68-3.el7 will be installed
---> Package perl-File-Path.noarch 0:2.09-2.el7 will be installed
---> Package perl-File-Temp.noarch 0:0.23.01-3.el7 will be installed
---> Package perl-Getopt-Long.noarch 0:2.40-3.el7 will be installed
--> Processing Dependency: perl(Pod::Usage) >= 1.14 for package: perl-Getopt-Long-2.40-3.el7.noarch
---> Package perl-Git.noarch 0:1.8.3.1-22.el7_8 will be installed
---> Package perl-PathTools.x86_64 0:3.40-5.el7 will be installed
---> Package perl-TermReadKey.x86_64 0:2.30-20.el7 will be installed
---> Package perl-Test-Harness.noarch 0:3.28-3.el7 will be installed
---> Package perl-Text-ParseWords.noarch 0:3.29-4.el7 will be installed
---> Package perl-Thread-Queue.noarch 0:3.02-2.el7 will be installed
---> Package perl-XML-Parser.x86_64 0:2.41-10.el7 will be installed
---> Package perl-constant.noarch 0:1.27-2.el7 will be installed
---> Package perl-srpm-macros.noarch 0:1-8.el7 will be installed
---> Package perl-threads.x86_64 0:1.87-4.el7 will be installed
---> Package python-srpm-macros.noarch 0:3-32.el7 will be installed
---> Package rsync.x86_64 0:3.1.2-10.el7 will be installed
---> Package subversion-libs.x86_64 0:1.7.14-14.el7 will be installed
---> Package systemd-sysv.x86_64 0:219-73.el7_8.6 will be installed
---> Package systemtap-client.x86_64 0:4.0-11.el7 will be installed
--> Processing Dependency: systemtap-runtime = 4.0-11.el7 for package: systemtap-client-4.0-11.el7.x86_64
--> Processing Dependency: mokutil for package: systemtap-client-4.0-11.el7.x86_64
--> Processing Dependency: libavahi-common.so.3()(64bit) for package: systemtap-client-4.0-11.el7.x86_64
--> Processing Dependency: libavahi-client.so.3()(64bit) for package: systemtap-client-4.0-11.el7.x86_64
---> Package systemtap-devel.x86_64 0:4.0-11.el7 will be installed
--> Processing Dependency: kernel-devel-uname-r for package: systemtap-devel-4.0-11.el7.x86_64
---> Package unzip.x86_64 0:6.0-21.el7 will be installed
---> Package zip.x86_64 0:3.0-11.el7 will be installed
--> Running transaction check
---> Package avahi-libs.x86_64 0:0.6.31-20.el7 will be installed
---> Package fipscheck-lib.x86_64 0:1.4.1-6.el7 will be installed
--> Processing Dependency: /usr/bin/fipscheck for package: fipscheck-lib-1.4.1-6.el7.x86_64
---> Package gettext-common-devel.noarch 0:0.19.8.1-3.el7 will be installed
---> Package glibc-headers.x86_64 0:2.17-307.el7.1 will be installed
--> Processing Dependency: kernel-headers >= 2.2.1 for package: glibc-headers-2.17-307.el7.1.x86_64
--> Processing Dependency: kernel-headers for package: glibc-headers-2.17-307.el7.1.x86_64
---> Package gnutls.x86_64 0:3.3.29-9.el7_6 will be installed
--> Processing Dependency: trousers >= 0.3.11.2 for package: gnutls-3.3.29-9.el7_6.x86_64
--> Processing Dependency: libnettle.so.4()(64bit) for package: gnutls-3.3.29-9.el7_6.x86_64
--> Processing Dependency: libhogweed.so.2()(64bit) for package: gnutls-3.3.29-9.el7_6.x86_64
---> Package groff-base.x86_64 0:1.22.2-8.el7 will be installed
---> Package kernel-debug-devel.x86_64 0:3.10.0-1127.8.2.el7 will be installed
---> Package libedit.x86_64 0:3.0-12.20121213cvs.el7 will be installed
---> Package libproxy.x86_64 0:0.4.11-11.el7 will be installed
--> Processing Dependency: libmodman.so.1()(64bit) for package: libproxy-0.4.11-11.el7.x86_64
---> Package mokutil.x86_64 0:15-2.el7.centos will be installed
--> Processing Dependency: libefivar.so.1(libefivar.so.0)(64bit) for package: mokutil-15-2.el7.centos.x86_64
--> Processing Dependency: libefivar.so.1(LIBEFIVAR_0.24)(64bit) for package: mokutil-15-2.el7.centos.x86_64
--> Processing Dependency: libefivar.so.1()(64bit) for package: mokutil-15-2.el7.centos.x86_64
---> Package openssh.x86_64 0:7.4p1-21.el7 will be installed
---> Package pakchois.x86_64 0:0.4-10.el7 will be installed
---> Package perl-Filter.x86_64 0:1.49-3.el7 will be installed
---> Package perl-Pod-Simple.noarch 1:3.28-4.el7 will be installed
--> Processing Dependency: perl(Pod::Escapes) >= 1.04 for package: 1:perl-Pod-Simple-3.28-4.el7.noarch
---> Package perl-Pod-Usage.noarch 0:1.63-3.el7 will be installed
--> Processing Dependency: perl(Pod::Text) >= 3.15 for package: perl-Pod-Usage-1.63-3.el7.noarch
--> Processing Dependency: perl-Pod-Perldoc for package: perl-Pod-Usage-1.63-3.el7.noarch
---> Package perl-Scalar-List-Utils.x86_64 0:1.27-248.el7 will be installed
---> Package perl-Socket.x86_64 0:2.010-5.el7 will be installed
---> Package perl-Storable.x86_64 0:2.45-3.el7 will be installed
---> Package perl-Time-HiRes.x86_64 4:1.9725-3.el7 will be installed
---> Package perl-Time-Local.noarch 0:1.2300-2.el7 will be installed
---> Package perl-libs.x86_64 4:5.16.3-295.el7 will be installed
---> Package perl-macros.x86_64 4:5.16.3-295.el7 will be installed
---> Package perl-threads-shared.x86_64 0:1.43-6.el7 will be installed
---> Package systemtap-runtime.x86_64 0:4.0-11.el7 will be installed
--> Processing Dependency: libsymtabAPI.so.9.3()(64bit) for package: systemtap-runtime-4.0-11.el7.x86_64
--> Processing Dependency: libdyninstAPI.so.9.3()(64bit) for package: systemtap-runtime-4.0-11.el7.x86_64
--> Running transaction check
---> Package dyninst.x86_64 0:9.3.1-3.el7 will be installed
--> Processing Dependency: libdwarf.so.0()(64bit) for package: dyninst-9.3.1-3.el7.x86_64
--> Processing Dependency: libboost_thread-mt.so.1.53.0()(64bit) for package: dyninst-9.3.1-3.el7.x86_64
--> Processing Dependency: libboost_system-mt.so.1.53.0()(64bit) for package: dyninst-9.3.1-3.el7.x86_64
--> Processing Dependency: libboost_date_time-mt.so.1.53.0()(64bit) for package: dyninst-9.3.1-3.el7.x86_64
---> Package efivar-libs.x86_64 0:36-12.el7 will be installed
---> Package fipscheck.x86_64 0:1.4.1-6.el7 will be installed
---> Package kernel-headers.x86_64 0:3.10.0-1127.8.2.el7 will be installed
---> Package libmodman.x86_64 0:2.0.1-8.el7 will be installed
---> Package nettle.x86_64 0:2.7.1-8.el7 will be installed
---> Package perl-Pod-Escapes.noarch 1:1.04-295.el7 will be installed
---> Package perl-Pod-Perldoc.noarch 0:3.20-4.el7 will be installed
--> Processing Dependency: perl(parent) for package: perl-Pod-Perldoc-3.20-4.el7.noarch
--> Processing Dependency: perl(HTTP::Tiny) for package: perl-Pod-Perldoc-3.20-4.el7.noarch
---> Package perl-podlators.noarch 0:2.5.1-3.el7 will be installed
---> Package trousers.x86_64 0:0.3.14-2.el7 will be installed
--> Running transaction check
---> Package boost-date-time.x86_64 0:1.53.0-28.el7 will be installed
---> Package boost-system.x86_64 0:1.53.0-28.el7 will be installed
---> Package boost-thread.x86_64 0:1.53.0-28.el7 will be installed
---> Package libdwarf.x86_64 0:20130207-4.el7 will be installed
---> Package perl-HTTP-Tiny.noarch 0:0.033-3.el7 will be installed
---> Package perl-parent.noarch 1:0.225-244.el7 will be installed
--> Finished Dependency Resolution

Dependencies Resolved

================================================================================
 Package                   Arch      Version                   Repository  Size
================================================================================
Installing for group install "Development Tools":
 autoconf                  noarch    2.69-11.el7               base       701 k
 automake                  noarch    1.13.4-3.el7              base       679 k
 bison                     x86_64    3.0.4-2.el7               base       674 k
 byacc                     x86_64    1.9.20130304-3.el7        base        65 k
 cscope                    x86_64    15.8-10.el7               base       203 k
 ctags                     x86_64    5.8-13.el7                base       155 k
 diffstat                  x86_64    1.57-4.el7                base        35 k
 doxygen                   x86_64    1:1.8.5-4.el7             base       3.6 M
 elfutils                  x86_64    0.176-4.el7               base       308 k
 flex                      x86_64    2.5.37-6.el7              base       293 k
 gcc                       x86_64    4.8.5-39.el7              base        16 M
 gcc-c++                   x86_64    4.8.5-39.el7              base       7.2 M
 gcc-gfortran              x86_64    4.8.5-39.el7              base       6.7 M
 gettext                   x86_64    0.19.8.1-3.el7            base       1.0 M
 git                       x86_64    1.8.3.1-22.el7_8          updates    4.4 M
 indent                    x86_64    2.2.11-13.el7             base       150 k
 intltool                  noarch    0.50.2-7.el7              base        59 k
 libtool                   x86_64    2.4.2-22.el7_3            base       588 k
 make                      x86_64    1:3.82-24.el7             base       421 k
 patch                     x86_64    2.7.1-12.el7_7            base       111 k
 patchutils                x86_64    0.3.3-4.el7               base       104 k
 rcs                       x86_64    5.9.0-7.el7               base       230 k
 redhat-rpm-config         noarch    9.1.0-88.el7.centos       base        81 k
 rpm-build                 x86_64    4.11.3-43.el7             base       149 k
 rpm-sign                  x86_64    4.11.3-43.el7             base        49 k
 subversion                x86_64    1.7.14-14.el7             base       1.0 M
 swig                      x86_64    2.0.10-5.el7              base       1.3 M
 systemtap                 x86_64    4.0-11.el7                base        15 k
Installing for dependencies:
 apr                       x86_64    1.4.8-5.el7               base       103 k
 apr-util                  x86_64    1.5.2-6.el7               base        92 k
 avahi-libs                x86_64    0.6.31-20.el7             base        62 k
 boost-date-time           x86_64    1.53.0-28.el7             base        52 k
 boost-system              x86_64    1.53.0-28.el7             base        40 k
 boost-thread              x86_64    1.53.0-28.el7             base        58 k
 bzip2                     x86_64    1.0.6-13.el7              base        52 k
 cpp                       x86_64    4.8.5-39.el7              base       5.9 M
 dwz                       x86_64    0.11-3.el7                base        99 k
 dyninst                   x86_64    9.3.1-3.el7               base       3.5 M
 efivar-libs               x86_64    36-12.el7                 base        88 k
 emacs-filesystem          noarch    1:24.3-23.el7             base        58 k
 file                      x86_64    5.11-36.el7               base        57 k
 fipscheck                 x86_64    1.4.1-6.el7               base        21 k
 fipscheck-lib             x86_64    1.4.1-6.el7               base        11 k
 gdb                       x86_64    7.6.1-119.el7             base       2.4 M
 gettext-common-devel      noarch    0.19.8.1-3.el7            base       410 k
 gettext-devel             x86_64    0.19.8.1-3.el7            base       320 k
 gettext-libs              x86_64    0.19.8.1-3.el7            base       502 k
 glibc-devel               x86_64    2.17-307.el7.1            base       1.1 M
 glibc-headers             x86_64    2.17-307.el7.1            base       689 k
 gnutls                    x86_64    3.3.29-9.el7_6            base       680 k
 groff-base                x86_64    1.22.2-8.el7              base       942 k
 kernel-debug-devel        x86_64    3.10.0-1127.8.2.el7       updates     18 M
 kernel-headers            x86_64    3.10.0-1127.8.2.el7       updates    8.9 M
 less                      x86_64    458-9.el7                 base       120 k
 libcroco                  x86_64    0.6.12-4.el7              base       105 k
 libdwarf                  x86_64    20130207-4.el7            base       109 k
 libedit                   x86_64    3.0-12.20121213cvs.el7    base        92 k
 libgfortran               x86_64    4.8.5-39.el7              base       300 k
 libgomp                   x86_64    4.8.5-39.el7              base       158 k
 libmodman                 x86_64    2.0.1-8.el7               base        28 k
 libmpc                    x86_64    1.0.1-3.el7               base        51 k
 libproxy                  x86_64    0.4.11-11.el7             base        64 k
 libquadmath               x86_64    4.8.5-39.el7              base       190 k
 libquadmath-devel         x86_64    4.8.5-39.el7              base        53 k
 libstdc++-devel           x86_64    4.8.5-39.el7              base       1.5 M
 libunistring              x86_64    0.9.3-9.el7               base       293 k
 m4                        x86_64    1.4.16-10.el7             base       256 k
 mokutil                   x86_64    15-2.el7.centos           base        42 k
 mpfr                      x86_64    3.1.1-4.el7               base       203 k
 neon                      x86_64    0.30.0-4.el7              base       166 k
 nettle                    x86_64    2.7.1-8.el7               base       327 k
 openssh                   x86_64    7.4p1-21.el7              base       510 k
 openssh-clients           x86_64    7.4p1-21.el7              base       655 k
 pakchois                  x86_64    0.4-10.el7                base        14 k
 perl                      x86_64    4:5.16.3-295.el7          base       8.0 M
 perl-Carp                 noarch    1.26-244.el7              base        19 k
 perl-Data-Dumper          x86_64    2.145-3.el7               base        47 k
 perl-Encode               x86_64    2.51-7.el7                base       1.5 M
 perl-Error                noarch    1:0.17020-2.el7           base        32 k
 perl-Exporter             noarch    5.68-3.el7                base        28 k
 perl-File-Path            noarch    2.09-2.el7                base        26 k
 perl-File-Temp            noarch    0.23.01-3.el7             base        56 k
 perl-Filter               x86_64    1.49-3.el7                base        76 k
 perl-Getopt-Long          noarch    2.40-3.el7                base        56 k
 perl-Git                  noarch    1.8.3.1-22.el7_8          updates     56 k
 perl-HTTP-Tiny            noarch    0.033-3.el7               base        38 k
 perl-PathTools            x86_64    3.40-5.el7                base        82 k
 perl-Pod-Escapes          noarch    1:1.04-295.el7            base        51 k
 perl-Pod-Perldoc          noarch    3.20-4.el7                base        87 k
 perl-Pod-Simple           noarch    1:3.28-4.el7              base       216 k
 perl-Pod-Usage            noarch    1.63-3.el7                base        27 k
 perl-Scalar-List-Utils    x86_64    1.27-248.el7              base        36 k
 perl-Socket               x86_64    2.010-5.el7               base        49 k
 perl-Storable             x86_64    2.45-3.el7                base        77 k
 perl-TermReadKey          x86_64    2.30-20.el7               base        31 k
 perl-Test-Harness         noarch    3.28-3.el7                base       302 k
 perl-Text-ParseWords      noarch    3.29-4.el7                base        14 k
 perl-Thread-Queue         noarch    3.02-2.el7                base        17 k
 perl-Time-HiRes           x86_64    4:1.9725-3.el7            base        45 k
 perl-Time-Local           noarch    1.2300-2.el7              base        24 k
 perl-XML-Parser           x86_64    2.41-10.el7               base       223 k
 perl-constant             noarch    1.27-2.el7                base        19 k
 perl-libs                 x86_64    4:5.16.3-295.el7          base       689 k
 perl-macros               x86_64    4:5.16.3-295.el7          base        44 k
 perl-parent               noarch    1:0.225-244.el7           base        12 k
 perl-podlators            noarch    2.5.1-3.el7               base       112 k
 perl-srpm-macros          noarch    1-8.el7                   base       4.6 k
 perl-threads              x86_64    1.87-4.el7                base        49 k
 perl-threads-shared       x86_64    1.43-6.el7                base        39 k
 python-srpm-macros        noarch    3-32.el7                  base       8.4 k
 rsync                     x86_64    3.1.2-10.el7              base       404 k
 subversion-libs           x86_64    1.7.14-14.el7             base       922 k
 systemd-sysv              x86_64    219-73.el7_8.6            updates     94 k
 systemtap-client          x86_64    4.0-11.el7                base       3.6 M
 systemtap-devel           x86_64    4.0-11.el7                base       2.2 M
 systemtap-runtime         x86_64    4.0-11.el7                base       443 k
 trousers                  x86_64    0.3.14-2.el7              base       289 k
 unzip                     x86_64    6.0-21.el7                base       171 k
 zip                       x86_64    3.0-11.el7                base       260 k

Transaction Summary
================================================================================
Install  28 Packages (+91 Dependent packages)

Total download size: 116 M
Installed size: 306 M
Downloading packages:
--------------------------------------------------------------------------------
Total                                               33 MB/s | 116 MB  00:03     
Running transaction check
Running transaction test
Transaction test succeeded
Running transaction
  Installing : mpfr-3.1.1-4.el7.x86_64                                    1/119 
  Installing : libmpc-1.0.1-3.el7.x86_64                                  2/119 
  Installing : fipscheck-1.4.1-6.el7.x86_64                               3/119 
  Installing : fipscheck-lib-1.4.1-6.el7.x86_64                           4/119 
  Installing : libquadmath-4.8.5-39.el7.x86_64                            5/119 
  Installing : libgomp-4.8.5-39.el7.x86_64                                6/119 
  Installing : m4-1.4.16-10.el7.x86_64                                    7/119 
  Installing : apr-1.4.8-5.el7.x86_64                                     8/119 
  Installing : apr-util-1.5.2-6.el7.x86_64                                9/119 
  Installing : zip-3.0-11.el7.x86_64                                     10/119 
  Installing : patch-2.7.1-12.el7_7.x86_64                               11/119 
  Installing : libcroco-0.6.12-4.el7.x86_64                              12/119 
  Installing : libunistring-0.9.3-9.el7.x86_64                           13/119 
  Installing : gettext-libs-0.19.8.1-3.el7.x86_64                        14/119 
  Installing : avahi-libs-0.6.31-20.el7.x86_64                           15/119 
  Installing : boost-system-1.53.0-28.el7.x86_64                         16/119 
  Installing : unzip-6.0-21.el7.x86_64                                   17/119 
  Installing : groff-base-1.22.2-8.el7.x86_64                            18/119 
  Installing : less-458-9.el7.x86_64                                     19/119 
  Installing : 1:perl-parent-0.225-244.el7.noarch                        20/119 
  Installing : perl-HTTP-Tiny-0.033-3.el7.noarch                         21/119 
  Installing : perl-podlators-2.5.1-3.el7.noarch                         22/119 
  Installing : perl-Pod-Perldoc-3.20-4.el7.noarch                        23/119 
  Installing : 1:perl-Pod-Escapes-1.04-295.el7.noarch                    24/119 
  Installing : perl-Text-ParseWords-3.29-4.el7.noarch                    25/119 
  Installing : perl-Encode-2.51-7.el7.x86_64                             26/119 
  Installing : perl-Pod-Usage-1.63-3.el7.noarch                          27/119 
  Installing : 4:perl-macros-5.16.3-295.el7.x86_64                       28/119 
  Installing : 4:perl-libs-5.16.3-295.el7.x86_64                         29/119 
  Installing : perl-threads-1.87-4.el7.x86_64                            30/119 
  Installing : 4:perl-Time-HiRes-1.9725-3.el7.x86_64                     31/119 
  Installing : perl-Storable-2.45-3.el7.x86_64                           32/119 
  Installing : perl-Carp-1.26-244.el7.noarch                             33/119 
  Installing : perl-Filter-1.49-3.el7.x86_64                             34/119 
  Installing : perl-Exporter-5.68-3.el7.noarch                           35/119 
  Installing : perl-constant-1.27-2.el7.noarch                           36/119 
  Installing : perl-Socket-2.010-5.el7.x86_64                            37/119 
  Installing : perl-Time-Local-1.2300-2.el7.noarch                       38/119 
  Installing : perl-threads-shared-1.43-6.el7.x86_64                     39/119 
  Installing : perl-File-Temp-0.23.01-3.el7.noarch                       40/119 
  Installing : perl-File-Path-2.09-2.el7.noarch                          41/119 
  Installing : perl-PathTools-3.40-5.el7.x86_64                          42/119 
  Installing : perl-Scalar-List-Utils-1.27-248.el7.x86_64                43/119 
  Installing : 1:perl-Pod-Simple-3.28-4.el7.noarch                       44/119 
  Installing : perl-Getopt-Long-2.40-3.el7.noarch                        45/119 
  Installing : 4:perl-5.16.3-295.el7.x86_64                              46/119 
  Installing : perl-Thread-Queue-3.02-2.el7.noarch                       47/119 
  Installing : 1:perl-Error-0.17020-2.el7.noarch                         48/119 
  Installing : perl-TermReadKey-2.30-20.el7.x86_64                       49/119 
  Installing : perl-Data-Dumper-2.145-3.el7.x86_64                       50/119 
  Installing : autoconf-2.69-11.el7.noarch                               51/119 
install-info: No such file or directory for /usr/share/info/autoconf.info
  Installing : perl-XML-Parser-2.41-10.el7.x86_64                        52/119 
  Installing : kernel-debug-devel-3.10.0-1127.8.2.el7.x86_64             53/119 
  Installing : perl-Test-Harness-3.28-3.el7.noarch                       54/119 
  Installing : automake-1.13.4-3.el7.noarch                              55/119 
install-info: No such file or directory for /usr/share/info/automake.info.gz
  Installing : boost-thread-1.53.0-28.el7.x86_64                         56/119 
  Installing : gettext-0.19.8.1-3.el7.x86_64                             57/119 
install-info: No such file or directory for /usr/share/info/gettext.info.gz
  Installing : libgfortran-4.8.5-39.el7.x86_64                           58/119 
  Installing : openssh-7.4p1-21.el7.x86_64                               59/119 
  Installing : cpp-4.8.5-39.el7.x86_64                                   60/119 
  Installing : gdb-7.6.1-119.el7.x86_64                                  61/119 
  Installing : elfutils-0.176-4.el7.x86_64                               62/119 
  Installing : bzip2-1.0.6-13.el7.x86_64                                 63/119 
  Installing : libstdc++-devel-4.8.5-39.el7.x86_64                       64/119 
  Installing : python-srpm-macros-3-32.el7.noarch                        65/119 
  Installing : kernel-headers-3.10.0-1127.8.2.el7.x86_64                 66/119 
  Installing : glibc-headers-2.17-307.el7.1.x86_64                       67/119 
  Installing : glibc-devel-2.17-307.el7.1.x86_64                         68/119 
  Installing : gcc-4.8.5-39.el7.x86_64                                   69/119 
  Installing : libquadmath-devel-4.8.5-39.el7.x86_64                     70/119 
  Installing : 1:emacs-filesystem-24.3-23.el7.noarch                     71/119 
  Installing : pakchois-0.4-10.el7.x86_64                                72/119 
  Installing : gettext-common-devel-0.19.8.1-3.el7.noarch                73/119 
  Installing : dwz-0.11-3.el7.x86_64                                     74/119 
  Installing : perl-srpm-macros-1-8.el7.noarch                           75/119 
  Installing : redhat-rpm-config-9.1.0-88.el7.centos.noarch              76/119 
  Installing : rsync-3.1.2-10.el7.x86_64                                 77/119 
  Installing : file-5.11-36.el7.x86_64                                   78/119 
  Installing : nettle-2.7.1-8.el7.x86_64                                 79/119 
install-info: No such file or directory for /usr/share/info/nettle.info
  Installing : libmodman-2.0.1-8.el7.x86_64                              80/119 
  Installing : libproxy-0.4.11-11.el7.x86_64                             81/119 
  Installing : 1:make-3.82-24.el7.x86_64                                 82/119 
  Installing : systemtap-devel-4.0-11.el7.x86_64                         83/119 
  Installing : efivar-libs-36-12.el7.x86_64                              84/119 
  Installing : mokutil-15-2.el7.centos.x86_64                            85/119 
  Installing : trousers-0.3.14-2.el7.x86_64                              86/119 
  Installing : gnutls-3.3.29-9.el7_6.x86_64                              87/119 
  Installing : neon-0.30.0-4.el7.x86_64                                  88/119 
  Installing : subversion-libs-1.7.14-14.el7.x86_64                      89/119 
  Installing : libedit-3.0-12.20121213cvs.el7.x86_64                     90/119 
  Installing : openssh-clients-7.4p1-21.el7.x86_64                       91/119 
  Installing : perl-Git-1.8.3.1-22.el7_8.noarch                          92/119 
  Installing : git-1.8.3.1-22.el7_8.x86_64                               93/119 
  Installing : gettext-devel-0.19.8.1-3.el7.x86_64                       94/119 
install-info: No such file or directory for /usr/share/info/autosprintf.info
  Installing : boost-date-time-1.53.0-28.el7.x86_64                      95/119 
  Installing : systemd-sysv-219-73.el7_8.6.x86_64                        96/119 
  Installing : libdwarf-20130207-4.el7.x86_64                            97/119 
  Installing : dyninst-9.3.1-3.el7.x86_64                                98/119 
  Installing : systemtap-runtime-4.0-11.el7.x86_64                       99/119 
  Installing : systemtap-client-4.0-11.el7.x86_64                       100/119 
  Installing : systemtap-4.0-11.el7.x86_64                              101/119 
  Installing : subversion-1.7.14-14.el7.x86_64                          102/119 
  Installing : intltool-0.50.2-7.el7.noarch                             103/119 
  Installing : rpm-build-4.11.3-43.el7.x86_64                           104/119 
  Installing : cscope-15.8-10.el7.x86_64                                105/119 
  Installing : gcc-gfortran-4.8.5-39.el7.x86_64                         106/119 
  Installing : gcc-c++-4.8.5-39.el7.x86_64                              107/119 
  Installing : libtool-2.4.2-22.el7_3.x86_64                            108/119 
install-info: No such file or directory for /usr/share/info/libtool.info.gz
  Installing : patchutils-0.3.3-4.el7.x86_64                            109/119 
  Installing : flex-2.5.37-6.el7.x86_64                                 110/119 
  Installing : bison-3.0.4-2.el7.x86_64                                 111/119 
  Installing : indent-2.2.11-13.el7.x86_64                              112/119 
  Installing : ctags-5.8-13.el7.x86_64                                  113/119 
  Installing : rpm-sign-4.11.3-43.el7.x86_64                            114/119 
  Installing : byacc-1.9.20130304-3.el7.x86_64                          115/119 
  Installing : 1:doxygen-1.8.5-4.el7.x86_64                             116/119 
  Installing : diffstat-1.57-4.el7.x86_64                               117/119 
  Installing : swig-2.0.10-5.el7.x86_64                                 118/119 
  Installing : rcs-5.9.0-7.el7.x86_64                                   119/119 
  Verifying  : fipscheck-lib-1.4.1-6.el7.x86_64                           1/119 
  Verifying  : perl-HTTP-Tiny-0.033-3.el7.noarch                          2/119 
  Verifying  : apr-1.4.8-5.el7.x86_64                                     3/119 
  Verifying  : perl-threads-1.87-4.el7.x86_64                             4/119 
  Verifying  : libdwarf-20130207-4.el7.x86_64                             5/119 
  Verifying  : gcc-4.8.5-39.el7.x86_64                                    6/119 
  Verifying  : rcs-5.9.0-7.el7.x86_64                                     7/119 
  Verifying  : perl-TermReadKey-2.30-20.el7.x86_64                        8/119 
  Verifying  : systemd-sysv-219-73.el7_8.6.x86_64                         9/119 
  Verifying  : systemtap-devel-4.0-11.el7.x86_64                         10/119 
  Verifying  : groff-base-1.22.2-8.el7.x86_64                            11/119 
  Verifying  : perl-File-Temp-0.23.01-3.el7.noarch                       12/119 
  Verifying  : swig-2.0.10-5.el7.x86_64                                  13/119 
  Verifying  : 4:perl-macros-5.16.3-295.el7.x86_64                       14/119 
  Verifying  : unzip-6.0-21.el7.x86_64                                   15/119 
  Verifying  : perl-Data-Dumper-2.145-3.el7.x86_64                       16/119 
  Verifying  : fipscheck-1.4.1-6.el7.x86_64                              17/119 
  Verifying  : boost-date-time-1.53.0-28.el7.x86_64                      18/119 
  Verifying  : apr-util-1.5.2-6.el7.x86_64                               19/119 
  Verifying  : libquadmath-devel-4.8.5-39.el7.x86_64                     20/119 
  Verifying  : patchutils-0.3.3-4.el7.x86_64                             21/119 
  Verifying  : glibc-headers-2.17-307.el7.1.x86_64                       22/119 
  Verifying  : autoconf-2.69-11.el7.noarch                               23/119 
  Verifying  : gettext-0.19.8.1-3.el7.x86_64                             24/119 
  Verifying  : perl-File-Path-2.09-2.el7.noarch                          25/119 
  Verifying  : libedit-3.0-12.20121213cvs.el7.x86_64                     26/119 
  Verifying  : perl-Text-ParseWords-3.29-4.el7.noarch                    27/119 
  Verifying  : diffstat-1.57-4.el7.x86_64                                28/119 
  Verifying  : trousers-0.3.14-2.el7.x86_64                              29/119 
  Verifying  : systemtap-4.0-11.el7.x86_64                               30/119 
  Verifying  : 4:perl-Time-HiRes-1.9725-3.el7.x86_64                     31/119 
  Verifying  : 1:perl-Pod-Escapes-1.04-295.el7.noarch                    32/119 
  Verifying  : libgfortran-4.8.5-39.el7.x86_64                           33/119 
  Verifying  : efivar-libs-36-12.el7.x86_64                              34/119 
  Verifying  : perl-XML-Parser-2.41-10.el7.x86_64                        35/119 
  Verifying  : gettext-libs-0.19.8.1-3.el7.x86_64                        36/119 
  Verifying  : 1:doxygen-1.8.5-4.el7.x86_64                              37/119 
  Verifying  : subversion-1.7.14-14.el7.x86_64                           38/119 
  Verifying  : 1:make-3.82-24.el7.x86_64                                 39/119 
  Verifying  : dyninst-9.3.1-3.el7.x86_64                                40/119 
  Verifying  : gnutls-3.3.29-9.el7_6.x86_64                              41/119 
  Verifying  : 4:perl-5.16.3-295.el7.x86_64                              42/119 
  Verifying  : boost-system-1.53.0-28.el7.x86_64                         43/119 
  Verifying  : libmodman-2.0.1-8.el7.x86_64                              44/119 
  Verifying  : openssh-clients-7.4p1-21.el7.x86_64                       45/119 
  Verifying  : gcc-c++-4.8.5-39.el7.x86_64                               46/119 
  Verifying  : nettle-2.7.1-8.el7.x86_64                                 47/119 
  Verifying  : libmpc-1.0.1-3.el7.x86_64                                 48/119 
  Verifying  : kernel-debug-devel-3.10.0-1127.8.2.el7.x86_64             49/119 
  Verifying  : perl-Pod-Usage-1.63-3.el7.noarch                          50/119 
  Verifying  : perl-Encode-2.51-7.el7.x86_64                             51/119 
  Verifying  : mokutil-15-2.el7.centos.x86_64                            52/119 
  Verifying  : file-5.11-36.el7.x86_64                                   53/119 
  Verifying  : rsync-3.1.2-10.el7.x86_64                                 54/119 
  Verifying  : perl-Getopt-Long-2.40-3.el7.noarch                        55/119 
  Verifying  : cpp-4.8.5-39.el7.x86_64                                   56/119 
  Verifying  : perl-srpm-macros-1-8.el7.noarch                           57/119 
  Verifying  : avahi-libs-0.6.31-20.el7.x86_64                           58/119 
  Verifying  : boost-thread-1.53.0-28.el7.x86_64                         59/119 
  Verifying  : 4:perl-libs-5.16.3-295.el7.x86_64                         60/119 
  Verifying  : perl-threads-shared-1.43-6.el7.x86_64                     61/119 
  Verifying  : perl-Storable-2.45-3.el7.x86_64                           62/119 
  Verifying  : libunistring-0.9.3-9.el7.x86_64                           63/119 
  Verifying  : byacc-1.9.20130304-3.el7.x86_64                           64/119 
  Verifying  : m4-1.4.16-10.el7.x86_64                                   65/119 
  Verifying  : 1:perl-parent-0.225-244.el7.noarch                        66/119 
  Verifying  : libcroco-0.6.12-4.el7.x86_64                              67/119 
  Verifying  : perl-Test-Harness-3.28-3.el7.noarch                       68/119 
  Verifying  : rpm-sign-4.11.3-43.el7.x86_64                             69/119 
  Verifying  : libgomp-4.8.5-39.el7.x86_64                               70/119 
  Verifying  : libtool-2.4.2-22.el7_3.x86_64                             71/119 
  Verifying  : perl-Git-1.8.3.1-22.el7_8.noarch                          72/119 
  Verifying  : perl-Carp-1.26-244.el7.noarch                             73/119 
  Verifying  : gettext-devel-0.19.8.1-3.el7.x86_64                       74/119 
  Verifying  : gcc-gfortran-4.8.5-39.el7.x86_64                          75/119 
  Verifying  : flex-2.5.37-6.el7.x86_64                                  76/119 
  Verifying  : systemtap-runtime-4.0-11.el7.x86_64                       77/119 
  Verifying  : git-1.8.3.1-22.el7_8.x86_64                               78/119 
  Verifying  : cscope-15.8-10.el7.x86_64                                 79/119 
  Verifying  : perl-podlators-2.5.1-3.el7.noarch                         80/119 
  Verifying  : mpfr-3.1.1-4.el7.x86_64                                   81/119 
  Verifying  : libquadmath-4.8.5-39.el7.x86_64                           82/119 
  Verifying  : perl-Filter-1.49-3.el7.x86_64                             83/119 
  Verifying  : dwz-0.11-3.el7.x86_64                                     84/119 
  Verifying  : gettext-common-devel-0.19.8.1-3.el7.noarch                85/119 
  Verifying  : pakchois-0.4-10.el7.x86_64                                86/119 
  Verifying  : less-458-9.el7.x86_64                                     87/119 
  Verifying  : patch-2.7.1-12.el7_7.x86_64                               88/119 
  Verifying  : ctags-5.8-13.el7.x86_64                                   89/119 
  Verifying  : rpm-build-4.11.3-43.el7.x86_64                            90/119 
  Verifying  : automake-1.13.4-3.el7.noarch                              91/119 
  Verifying  : 1:emacs-filesystem-24.3-23.el7.noarch                     92/119 
  Verifying  : perl-Exporter-5.68-3.el7.noarch                           93/119 
  Verifying  : perl-constant-1.27-2.el7.noarch                           94/119 
  Verifying  : perl-PathTools-3.40-5.el7.x86_64                          95/119 
  Verifying  : neon-0.30.0-4.el7.x86_64                                  96/119 
  Verifying  : kernel-headers-3.10.0-1127.8.2.el7.x86_64                 97/119 
  Verifying  : perl-Socket-2.010-5.el7.x86_64                            98/119 
  Verifying  : openssh-7.4p1-21.el7.x86_64                               99/119 
  Verifying  : perl-Thread-Queue-3.02-2.el7.noarch                      100/119 
  Verifying  : 1:perl-Pod-Simple-3.28-4.el7.noarch                      101/119 
  Verifying  : python-srpm-macros-3-32.el7.noarch                       102/119 
  Verifying  : perl-Time-Local-1.2300-2.el7.noarch                      103/119 
  Verifying  : intltool-0.50.2-7.el7.noarch                             104/119 
  Verifying  : perl-Pod-Perldoc-3.20-4.el7.noarch                       105/119 
  Verifying  : libstdc++-devel-4.8.5-39.el7.x86_64                      106/119 
  Verifying  : 1:perl-Error-0.17020-2.el7.noarch                        107/119 
  Verifying  : indent-2.2.11-13.el7.x86_64                              108/119 
  Verifying  : bzip2-1.0.6-13.el7.x86_64                                109/119 
  Verifying  : perl-Scalar-List-Utils-1.27-248.el7.x86_64               110/119 
  Verifying  : libproxy-0.4.11-11.el7.x86_64                            111/119 
  Verifying  : elfutils-0.176-4.el7.x86_64                              112/119 
  Verifying  : systemtap-client-4.0-11.el7.x86_64                       113/119 
  Verifying  : bison-3.0.4-2.el7.x86_64                                 114/119 
  Verifying  : gdb-7.6.1-119.el7.x86_64                                 115/119 
  Verifying  : glibc-devel-2.17-307.el7.1.x86_64                        116/119 
  Verifying  : subversion-libs-1.7.14-14.el7.x86_64                     117/119 
  Verifying  : zip-3.0-11.el7.x86_64                                    118/119 
  Verifying  : redhat-rpm-config-9.1.0-88.el7.centos.noarch             119/119 

Installed:
  autoconf.noarch 0:2.69-11.el7                                                 
  automake.noarch 0:1.13.4-3.el7                                                
  bison.x86_64 0:3.0.4-2.el7                                                    
  byacc.x86_64 0:1.9.20130304-3.el7                                             
  cscope.x86_64 0:15.8-10.el7                                                   
  ctags.x86_64 0:5.8-13.el7                                                     
  diffstat.x86_64 0:1.57-4.el7                                                  
  doxygen.x86_64 1:1.8.5-4.el7                                                  
  elfutils.x86_64 0:0.176-4.el7                                                 
  flex.x86_64 0:2.5.37-6.el7                                                    
  gcc.x86_64 0:4.8.5-39.el7                                                     
  gcc-c++.x86_64 0:4.8.5-39.el7                                                 
  gcc-gfortran.x86_64 0:4.8.5-39.el7                                            
  gettext.x86_64 0:0.19.8.1-3.el7                                               
  git.x86_64 0:1.8.3.1-22.el7_8                                                 
  indent.x86_64 0:2.2.11-13.el7                                                 
  intltool.noarch 0:0.50.2-7.el7                                                
  libtool.x86_64 0:2.4.2-22.el7_3                                               
  make.x86_64 1:3.82-24.el7                                                     
  patch.x86_64 0:2.7.1-12.el7_7                                                 
  patchutils.x86_64 0:0.3.3-4.el7                                               
  rcs.x86_64 0:5.9.0-7.el7                                                      
  redhat-rpm-config.noarch 0:9.1.0-88.el7.centos                                
  rpm-build.x86_64 0:4.11.3-43.el7                                              
  rpm-sign.x86_64 0:4.11.3-43.el7                                               
  subversion.x86_64 0:1.7.14-14.el7                                             
  swig.x86_64 0:2.0.10-5.el7                                                    
  systemtap.x86_64 0:4.0-11.el7                                                 

Dependency Installed:
  apr.x86_64 0:1.4.8-5.el7                                                      
  apr-util.x86_64 0:1.5.2-6.el7                                                 
  avahi-libs.x86_64 0:0.6.31-20.el7                                             
  boost-date-time.x86_64 0:1.53.0-28.el7                                        
  boost-system.x86_64 0:1.53.0-28.el7                                           
  boost-thread.x86_64 0:1.53.0-28.el7                                           
  bzip2.x86_64 0:1.0.6-13.el7                                                   
  cpp.x86_64 0:4.8.5-39.el7                                                     
  dwz.x86_64 0:0.11-3.el7                                                       
  dyninst.x86_64 0:9.3.1-3.el7                                                  
  efivar-libs.x86_64 0:36-12.el7                                                
  emacs-filesystem.noarch 1:24.3-23.el7                                         
  file.x86_64 0:5.11-36.el7                                                     
  fipscheck.x86_64 0:1.4.1-6.el7                                                
  fipscheck-lib.x86_64 0:1.4.1-6.el7                                            
  gdb.x86_64 0:7.6.1-119.el7                                                    
  gettext-common-devel.noarch 0:0.19.8.1-3.el7                                  
  gettext-devel.x86_64 0:0.19.8.1-3.el7                                         
  gettext-libs.x86_64 0:0.19.8.1-3.el7                                          
  glibc-devel.x86_64 0:2.17-307.el7.1                                           
  glibc-headers.x86_64 0:2.17-307.el7.1                                         
  gnutls.x86_64 0:3.3.29-9.el7_6                                                
  groff-base.x86_64 0:1.22.2-8.el7                                              
  kernel-debug-devel.x86_64 0:3.10.0-1127.8.2.el7                               
  kernel-headers.x86_64 0:3.10.0-1127.8.2.el7                                   
  less.x86_64 0:458-9.el7                                                       
  libcroco.x86_64 0:0.6.12-4.el7                                                
  libdwarf.x86_64 0:20130207-4.el7                                              
  libedit.x86_64 0:3.0-12.20121213cvs.el7                                       
  libgfortran.x86_64 0:4.8.5-39.el7                                             
  libgomp.x86_64 0:4.8.5-39.el7                                                 
  libmodman.x86_64 0:2.0.1-8.el7                                                
  libmpc.x86_64 0:1.0.1-3.el7                                                   
  libproxy.x86_64 0:0.4.11-11.el7                                               
  libquadmath.x86_64 0:4.8.5-39.el7                                             
  libquadmath-devel.x86_64 0:4.8.5-39.el7                                       
  libstdc++-devel.x86_64 0:4.8.5-39.el7                                         
  libunistring.x86_64 0:0.9.3-9.el7                                             
  m4.x86_64 0:1.4.16-10.el7                                                     
  mokutil.x86_64 0:15-2.el7.centos                                              
  mpfr.x86_64 0:3.1.1-4.el7                                                     
  neon.x86_64 0:0.30.0-4.el7                                                    
  nettle.x86_64 0:2.7.1-8.el7                                                   
  openssh.x86_64 0:7.4p1-21.el7                                                 
  openssh-clients.x86_64 0:7.4p1-21.el7                                         
  pakchois.x86_64 0:0.4-10.el7                                                  
  perl.x86_64 4:5.16.3-295.el7                                                  
  perl-Carp.noarch 0:1.26-244.el7                                               
  perl-Data-Dumper.x86_64 0:2.145-3.el7                                         
  perl-Encode.x86_64 0:2.51-7.el7                                               
  perl-Error.noarch 1:0.17020-2.el7                                             
  perl-Exporter.noarch 0:5.68-3.el7                                             
  perl-File-Path.noarch 0:2.09-2.el7                                            
  perl-File-Temp.noarch 0:0.23.01-3.el7                                         
  perl-Filter.x86_64 0:1.49-3.el7                                               
  perl-Getopt-Long.noarch 0:2.40-3.el7                                          
  perl-Git.noarch 0:1.8.3.1-22.el7_8                                            
  perl-HTTP-Tiny.noarch 0:0.033-3.el7                                           
  perl-PathTools.x86_64 0:3.40-5.el7                                            
  perl-Pod-Escapes.noarch 1:1.04-295.el7                                        
  perl-Pod-Perldoc.noarch 0:3.20-4.el7                                          
  perl-Pod-Simple.noarch 1:3.28-4.el7                                           
  perl-Pod-Usage.noarch 0:1.63-3.el7                                            
  perl-Scalar-List-Utils.x86_64 0:1.27-248.el7                                  
  perl-Socket.x86_64 0:2.010-5.el7                                              
  perl-Storable.x86_64 0:2.45-3.el7                                             
  perl-TermReadKey.x86_64 0:2.30-20.el7                                         
  perl-Test-Harness.noarch 0:3.28-3.el7                                         
  perl-Text-ParseWords.noarch 0:3.29-4.el7                                      
  perl-Thread-Queue.noarch 0:3.02-2.el7                                         
  perl-Time-HiRes.x86_64 4:1.9725-3.el7                                         
  perl-Time-Local.noarch 0:1.2300-2.el7                                         
  perl-XML-Parser.x86_64 0:2.41-10.el7                                          
  perl-constant.noarch 0:1.27-2.el7                                             
  perl-libs.x86_64 4:5.16.3-295.el7                                             
  perl-macros.x86_64 4:5.16.3-295.el7                                           
  perl-parent.noarch 1:0.225-244.el7                                            
  perl-podlators.noarch 0:2.5.1-3.el7                                           
  perl-srpm-macros.noarch 0:1-8.el7                                             
  perl-threads.x86_64 0:1.87-4.el7                                              
  perl-threads-shared.x86_64 0:1.43-6.el7                                       
  python-srpm-macros.noarch 0:3-32.el7                                          
  rsync.x86_64 0:3.1.2-10.el7                                                   
  subversion-libs.x86_64 0:1.7.14-14.el7                                        
  systemd-sysv.x86_64 0:219-73.el7_8.6                                          
  systemtap-client.x86_64 0:4.0-11.el7                                          
  systemtap-devel.x86_64 0:4.0-11.el7                                           
  systemtap-runtime.x86_64 0:4.0-11.el7                                         
  trousers.x86_64 0:0.3.14-2.el7                                                
  unzip.x86_64 0:6.0-21.el7                                                     
  zip.x86_64 0:3.0-11.el7                                                       

Complete!
Loaded plugins: fastestmirror, ovl
Loading mirror speeds from cached hostfile
 * base: mirror.steadfastnet.com
 * extras: repos.hou.layerhost.com
 * updates: mirrors.gigenet.com
Package git-1.8.3.1-22.el7_8.x86_64 already installed and latest version
Package rpm-build-4.11.3-43.el7.x86_64 already installed and latest version
Package yum-utils-1.1.31-54.el7_8.noarch already installed and latest version
No package cabal-rpm available.
Resolving Dependencies
--> Running transaction check
---> Package createrepo.noarch 0:0.9.9-28.el7 will be installed
--> Processing Dependency: python-deltarpm for package: createrepo-0.9.9-28.el7.noarch
--> Processing Dependency: deltarpm for package: createrepo-0.9.9-28.el7.noarch
---> Package epel-release.noarch 0:7-11 will be installed
---> Package python-devel.x86_64 0:2.7.5-88.el7 will be installed
--> Processing Dependency: python2-rpm-macros > 3-30 for package: python-devel-2.7.5-88.el7.x86_64
--> Processing Dependency: python-rpm-macros > 3-30 for package: python-devel-2.7.5-88.el7.x86_64
---> Package rpmdevtools.noarch 0:8.3-5.el7 will be installed
--> Processing Dependency: /usr/bin/man for package: rpmdevtools-8.3-5.el7.noarch
---> Package sudo.x86_64 0:1.8.23-9.el7 will be installed
---> Package wget.x86_64 0:1.14-18.el7_6.1 will be installed
--> Running transaction check
---> Package deltarpm.x86_64 0:3.6-3.el7 will be installed
---> Package man-db.x86_64 0:2.6.3-11.el7 will be installed
--> Processing Dependency: libpipeline.so.1()(64bit) for package: man-db-2.6.3-11.el7.x86_64
---> Package python-deltarpm.x86_64 0:3.6-3.el7 will be installed
---> Package python-rpm-macros.noarch 0:3-32.el7 will be installed
---> Package python2-rpm-macros.noarch 0:3-32.el7 will be installed
--> Running transaction check
---> Package libpipeline.x86_64 0:1.2.3-3.el7 will be installed
--> Finished Dependency Resolution

Dependencies Resolved

================================================================================
 Package                  Arch         Version               Repository    Size
================================================================================
Installing:
 createrepo               noarch       0.9.9-28.el7          base          94 k
 epel-release             noarch       7-11                  extras        15 k
 python-devel             x86_64       2.7.5-88.el7          base         398 k
 rpmdevtools              noarch       8.3-5.el7             base          97 k
 sudo                     x86_64       1.8.23-9.el7          base         842 k
 wget                     x86_64       1.14-18.el7_6.1       base         547 k
Installing for dependencies:
 deltarpm                 x86_64       3.6-3.el7             base          82 k
 libpipeline              x86_64       1.2.3-3.el7           base          53 k
 man-db                   x86_64       2.6.3-11.el7          base         832 k
 python-deltarpm          x86_64       3.6-3.el7             base          31 k
 python-rpm-macros        noarch       3-32.el7              base         8.8 k
 python2-rpm-macros       noarch       3-32.el7              base         7.7 k

Transaction Summary
================================================================================
Install  6 Packages (+6 Dependent packages)

Total download size: 2.9 M
Installed size: 9.0 M
Downloading packages:
--------------------------------------------------------------------------------
Total                                              6.0 MB/s | 2.9 MB  00:00     
Running transaction check
Running transaction test
Transaction test succeeded
Running transaction
  Installing : deltarpm-3.6-3.el7.x86_64                                   1/12 
  Installing : python-deltarpm-3.6-3.el7.x86_64                            2/12 
  Installing : python-rpm-macros-3-32.el7.noarch                           3/12 
  Installing : python2-rpm-macros-3-32.el7.noarch                          4/12 
  Installing : libpipeline-1.2.3-3.el7.x86_64                              5/12 
  Installing : man-db-2.6.3-11.el7.x86_64                                  6/12 
  Installing : rpmdevtools-8.3-5.el7.noarch                                7/12 
  Installing : python-devel-2.7.5-88.el7.x86_64                            8/12 
  Installing : createrepo-0.9.9-28.el7.noarch                              9/12 
  Installing : wget-1.14-18.el7_6.1.x86_64                                10/12 
install-info: No such file or directory for /usr/share/info/wget.info.gz
  Installing : sudo-1.8.23-9.el7.x86_64                                   11/12 
  Installing : epel-release-7-11.noarch                                   12/12 
  Verifying  : libpipeline-1.2.3-3.el7.x86_64                              1/12 
  Verifying  : epel-release-7-11.noarch                                    2/12 
  Verifying  : sudo-1.8.23-9.el7.x86_64                                    3/12 
  Verifying  : wget-1.14-18.el7_6.1.x86_64                                 4/12 
  Verifying  : deltarpm-3.6-3.el7.x86_64                                   5/12 
  Verifying  : createrepo-0.9.9-28.el7.noarch                              6/12 
  Verifying  : python2-rpm-macros-3-32.el7.noarch                          7/12 
  Verifying  : rpmdevtools-8.3-5.el7.noarch                                8/12 
  Verifying  : python-devel-2.7.5-88.el7.x86_64                            9/12 
  Verifying  : man-db-2.6.3-11.el7.x86_64                                 10/12 
  Verifying  : python-rpm-macros-3-32.el7.noarch                          11/12 
  Verifying  : python-deltarpm-3.6-3.el7.x86_64                           12/12 

Installed:
  createrepo.noarch 0:0.9.9-28.el7         epel-release.noarch 0:7-11          
  python-devel.x86_64 0:2.7.5-88.el7       rpmdevtools.noarch 0:8.3-5.el7      
  sudo.x86_64 0:1.8.23-9.el7               wget.x86_64 0:1.14-18.el7_6.1       

Dependency Installed:
  deltarpm.x86_64 0:3.6-3.el7            libpipeline.x86_64 0:1.2.3-3.el7       
  man-db.x86_64 0:2.6.3-11.el7           python-deltarpm.x86_64 0:3.6-3.el7     
  python-rpm-macros.noarch 0:3-32.el7    python2-rpm-macros.noarch 0:3-32.el7   

Complete!
Loaded plugins: fastestmirror, ovl
Cleaning repos: base epel extras updates
Cleaning up list of fastest mirrors
Removing intermediate container 113c3b66d7cb
 ---> af046322e609
Successfully built af046322e609
Successfully tagged binacle:446607551
