Sending build context to Docker daemon   2.56kB
Step 1/3 : FROM ubuntu:14.04@sha256:cac55e5d97fad634d954d00a5c2a56d80576a08dcc01036011f26b88263f1578
sha256:cac55e5d97fad634d954d00a5c2a56d80576a08dcc01036011f26b88263f1578: Pulling from library/ubuntu
e53f134edff2: Pulling fs layer
efbbd466a715: Pulling fs layer
e11368b8e0c7: Pulling fs layer
7dab2de7692b: Pulling fs layer
7dab2de7692b: Waiting
efbbd466a715: Verifying Checksum
efbbd466a715: Download complete
e11368b8e0c7: Verifying Checksum
e11368b8e0c7: Download complete
7dab2de7692b: Verifying Checksum
7dab2de7692b: Download complete
e53f134edff2: Verifying Checksum
e53f134edff2: Download complete
e53f134edff2: Pull complete
efbbd466a715: Pull complete
e11368b8e0c7: Pull complete
7dab2de7692b: Pull complete
Digest: sha256:cac55e5d97fad634d954d00a5c2a56d80576a08dcc01036011f26b88263f1578
Status: Downloaded newer image for ubuntu:14.04@sha256:cac55e5d97fad634d954d00a5c2a56d80576a08dcc01036011f26b88263f1578
 ---> 5dbc3f318ea5
Step 2/3 : ENV LC_ALL=C.UTF-8 LANG=C.UTF-8
 ---> Running in 55f7c4e4f475
Removing intermediate container 55f7c4e4f475
 ---> 615323a4f333
Step 3/3 : RUN apt-get update -q &&     apt-get install -qy         git=1:1.9.1-1ubuntu0.10         wget=1.15-1ubuntu1.14.04.5         make=3.81-8.2ubuntu3         autotools-dev=20130810.1         autoconf=2.69-6         libtool=2.4.2-1.7ubuntu1         xz-utils=5.1.1alpha+20120614-2ubuntu2         libssl-dev=1.0.1f-1ubuntu2.27         zlib1g-dev=1:1.2.8.dfsg-1ubuntu1.1         libffi6=3.1~rc1+r3.0.13-12ubuntu0.2         libffi-dev=3.1~rc1+r3.0.13-12ubuntu0.2         libncurses5-dev=5.9+20140118-1ubuntu1         libsqlite3-dev=3.8.2-1ubuntu2.2         libusb-1.0-0-dev=2:1.0.17-1ubuntu2         libudev-dev=204-5ubuntu20.31         gettext=0.18.3.1-1ubuntu3.1         libzbar0=0.10+doc-9build1          faketime=0.9.5-2         &&     rm -rf /var/lib/apt/lists/* &&     apt-get autoremove -y &&     apt-get clean
 ---> Running in a0b605b513d7
Get:1 http://security.ubuntu.com trusty-security InRelease [65.9 kB]
Ign http://archive.ubuntu.com trusty InRelease
Get:2 http://security.ubuntu.com trusty-security/main amd64 Packages [1032 kB]
Get:3 http://archive.ubuntu.com trusty-updates InRelease [65.9 kB]
Get:4 http://security.ubuntu.com trusty-security/restricted amd64 Packages [18.1 kB]
Get:5 http://security.ubuntu.com trusty-security/universe amd64 Packages [377 kB]
Get:6 http://security.ubuntu.com trusty-security/multiverse amd64 Packages [4730 B]
Get:7 http://archive.ubuntu.com trusty-backports InRelease [65.9 kB]
Get:8 http://archive.ubuntu.com trusty Release.gpg [933 B]
Get:9 http://archive.ubuntu.com trusty-updates/main amd64 Packages [1460 kB]
Get:10 http://archive.ubuntu.com trusty-updates/restricted amd64 Packages [21.4 kB]
Get:11 http://archive.ubuntu.com trusty-updates/universe amd64 Packages [671 kB]
Get:12 http://archive.ubuntu.com trusty-updates/multiverse amd64 Packages [16.1 kB]
Get:13 http://archive.ubuntu.com trusty-backports/main amd64 Packages [14.7 kB]
Get:14 http://archive.ubuntu.com trusty-backports/restricted amd64 Packages [40 B]
Get:15 http://archive.ubuntu.com trusty-backports/universe amd64 Packages [52.5 kB]
Get:16 http://archive.ubuntu.com trusty-backports/multiverse amd64 Packages [1392 B]
Get:17 http://archive.ubuntu.com trusty Release [58.5 kB]
Get:18 http://archive.ubuntu.com trusty/main amd64 Packages [1743 kB]
Get:19 http://archive.ubuntu.com trusty/restricted amd64 Packages [16.0 kB]
Get:20 http://archive.ubuntu.com trusty/universe amd64 Packages [7589 kB]
Get:21 http://archive.ubuntu.com trusty/multiverse amd64 Packages [169 kB]
Fetched 13.4 MB in 3s (3880 kB/s)
Reading package lists...
Reading package lists...
Building dependency tree...
Reading state information...
libffi6 is already the newest version.
The following extra packages will be installed:
  automake binutils ca-certificates cpp cpp-4.8 gcc gcc-4.8 gettext-base
  git-man krb5-locales libasan0 libasn1-8-heimdal libasprintf-dev
  libasprintf0c2 libatomic1 libc-dev-bin libc6 libc6-dev libcloog-isl4
  libcroco3 libcurl3-gnutls libedit2 liberror-perl libfaketime libgcc-4.8-dev
  libgettextpo-dev libgettextpo0 libglib2.0-0 libglib2.0-data libgmp10
  libgomp1 libgssapi-krb5-2 libgssapi3-heimdal libhcrypto4-heimdal
  libheimbase1-heimdal libheimntlm0-heimdal libhx509-5-heimdal libidn11
  libisl10 libitm1 libjpeg-turbo8 libjpeg8 libk5crypto3 libkeyutils1
  libkrb5-26-heimdal libkrb5-3 libkrb5support0 libldap-2.4-2 libltdl-dev
  libltdl7 libmpc3 libmpfr4 libquadmath0 libroken18-heimdal librtmp0
  libsasl2-2 libsasl2-modules libsasl2-modules-db libsigsegv2 libsqlite3-0
  libssl-doc libtinfo-dev libtsan0 libudev1 libunistring0 libusb-1.0-0
  libusb-1.0-doc libv4l-0 libv4lconvert0 libwind0-heimdal libx11-6 libx11-data
  libxau6 libxcb1 libxdmcp6 libxext6 libxml2 libxmuu1 linux-libc-dev m4
  manpages manpages-dev openssh-client openssl patch rsync sgml-base
  shared-mime-info udev xauth xml-core
Suggested packages:
  autoconf2.13 autoconf-archive gnu-standards autoconf-doc binutils-doc
  cpp-doc gcc-4.8-locales gcc-multilib automake1.9 flex bison gdb gcc-doc
  gcc-4.8-multilib gcc-4.8-doc libgcc1-dbg libgomp1-dbg libitm1-dbg
  libatomic1-dbg libasan0-dbg libtsan0-dbg libquadmath0-dbg gettext-doc
  git-daemon-run git-daemon-sysvinit git-doc git-el git-email git-gui gitk
  gitweb git-arch git-bzr git-cvs git-mediawiki git-svn glibc-doc krb5-doc
  krb5-user libtool-doc ncurses-doc libsasl2-modules-otp libsasl2-modules-ldap
  libsasl2-modules-sql libsasl2-modules-gssapi-mit
  libsasl2-modules-gssapi-heimdal sqlite3-doc automaken gfortran
  fortran95-compiler gcj-jdk make-doc man-browser ssh-askpass libpam-ssh
  keychain monkeysphere ed diffutils-doc openssh-server sgml-base-doc
  debhelper
Recommended packages:
  ssh-client
The following NEW packages will be installed:
  autoconf automake autotools-dev binutils ca-certificates cpp cpp-4.8
  faketime gcc gcc-4.8 gettext gettext-base git git-man krb5-locales libasan0
  libasn1-8-heimdal libasprintf-dev libasprintf0c2 libatomic1 libc-dev-bin
  libc6-dev libcloog-isl4 libcroco3 libcurl3-gnutls libedit2 liberror-perl
  libfaketime libffi-dev libgcc-4.8-dev libgettextpo-dev libgettextpo0
  libglib2.0-0 libglib2.0-data libgmp10 libgomp1 libgssapi-krb5-2
  libgssapi3-heimdal libhcrypto4-heimdal libheimbase1-heimdal
  libheimntlm0-heimdal libhx509-5-heimdal libidn11 libisl10 libitm1
  libjpeg-turbo8 libjpeg8 libk5crypto3 libkeyutils1 libkrb5-26-heimdal
  libkrb5-3 libkrb5support0 libldap-2.4-2 libltdl-dev libltdl7 libmpc3
  libmpfr4 libncurses5-dev libquadmath0 libroken18-heimdal librtmp0 libsasl2-2
  libsasl2-modules libsasl2-modules-db libsigsegv2 libsqlite3-dev libssl-dev
  libssl-doc libtinfo-dev libtool libtsan0 libudev-dev libunistring0
  libusb-1.0-0 libusb-1.0-0-dev libusb-1.0-doc libv4l-0 libv4lconvert0
  libwind0-heimdal libx11-6 libx11-data libxau6 libxcb1 libxdmcp6 libxext6
  libxml2 libxmuu1 libzbar0 linux-libc-dev m4 make manpages manpages-dev
  openssh-client openssl patch rsync sgml-base shared-mime-info wget xauth
  xml-core xz-utils zlib1g-dev
The following packages will be upgraded:
  libc6 libsqlite3-0 libudev1 udev
4 upgraded, 104 newly installed, 0 to remove and 10 not upgraded.
Need to get 42.6 MB of archives.
After this operation, 154 MB of additional disk space will be used.
Get:1 http://archive.ubuntu.com/ubuntu/ trusty-updates/main libc6 amd64 2.19-0ubuntu6.15 [4727 kB]
Get:2 http://archive.ubuntu.com/ubuntu/ trusty-updates/main libsqlite3-0 amd64 3.8.2-1ubuntu2.2 [342 kB]
Get:3 http://archive.ubuntu.com/ubuntu/ trusty-updates/main udev amd64 204-5ubuntu20.31 [736 kB]
Get:4 http://archive.ubuntu.com/ubuntu/ trusty-updates/main libudev1 amd64 204-5ubuntu20.31 [34.1 kB]
Get:5 http://archive.ubuntu.com/ubuntu/ trusty-updates/main libroken18-heimdal amd64 1.6~git20131207+dfsg-1ubuntu1.2 [39.9 kB]
Get:6 http://archive.ubuntu.com/ubuntu/ trusty-updates/main libasn1-8-heimdal amd64 1.6~git20131207+dfsg-1ubuntu1.2 [160 kB]
Get:7 http://archive.ubuntu.com/ubuntu/ trusty-updates/main libasprintf0c2 amd64 0.18.3.1-1ubuntu3.1 [6466 B]
Get:8 http://archive.ubuntu.com/ubuntu/ trusty-updates/main libkrb5support0 amd64 1.12+dfsg-2ubuntu5.4 [31.1 kB]
Get:9 http://archive.ubuntu.com/ubuntu/ trusty-updates/main libk5crypto3 amd64 1.12+dfsg-2ubuntu5.4 [79.4 kB]
Get:10 http://archive.ubuntu.com/ubuntu/ trusty/main libkeyutils1 amd64 1.5.6-1 [7318 B]
Get:11 http://archive.ubuntu.com/ubuntu/ trusty-updates/main libkrb5-3 amd64 1.12+dfsg-2ubuntu5.4 [262 kB]
Get:12 http://archive.ubuntu.com/ubuntu/ trusty-updates/main libgssapi-krb5-2 amd64 1.12+dfsg-2ubuntu5.4 [114 kB]
Get:13 http://archive.ubuntu.com/ubuntu/ trusty-updates/main libidn11 amd64 1.28-1ubuntu2.2 [94.6 kB]
Get:14 http://archive.ubuntu.com/ubuntu/ trusty-updates/main libhcrypto4-heimdal amd64 1.6~git20131207+dfsg-1ubuntu1.2 [84.1 kB]
Get:15 http://archive.ubuntu.com/ubuntu/ trusty-updates/main libheimbase1-heimdal amd64 1.6~git20131207+dfsg-1ubuntu1.2 [29.0 kB]
Get:16 http://archive.ubuntu.com/ubuntu/ trusty-updates/main libwind0-heimdal amd64 1.6~git20131207+dfsg-1ubuntu1.2 [47.9 kB]
Get:17 http://archive.ubuntu.com/ubuntu/ trusty-updates/main libhx509-5-heimdal amd64 1.6~git20131207+dfsg-1ubuntu1.2 [104 kB]
Get:18 http://archive.ubuntu.com/ubuntu/ trusty-updates/main libkrb5-26-heimdal amd64 1.6~git20131207+dfsg-1ubuntu1.2 [196 kB]
Get:19 http://archive.ubuntu.com/ubuntu/ trusty-updates/main libheimntlm0-heimdal amd64 1.6~git20131207+dfsg-1ubuntu1.2 [15.2 kB]
Get:20 http://archive.ubuntu.com/ubuntu/ trusty-updates/main libgssapi3-heimdal amd64 1.6~git20131207+dfsg-1ubuntu1.2 [89.7 kB]
Get:21 http://archive.ubuntu.com/ubuntu/ trusty/main libsasl2-modules-db amd64 2.1.25.dfsg1-17build1 [14.9 kB]
Get:22 http://archive.ubuntu.com/ubuntu/ trusty/main libsasl2-2 amd64 2.1.25.dfsg1-17build1 [56.5 kB]
Get:23 http://archive.ubuntu.com/ubuntu/ trusty-updates/main libldap-2.4-2 amd64 2.4.31-1+nmu2ubuntu8.5 [153 kB]
Get:24 http://archive.ubuntu.com/ubuntu/ trusty-updates/main librtmp0 amd64 2.4+20121230.gitdf6c518-1ubuntu0.1 [50.4 kB]
Get:25 http://archive.ubuntu.com/ubuntu/ trusty-updates/main libcurl3-gnutls amd64 7.35.0-1ubuntu2.20 [166 kB]
Get:26 http://archive.ubuntu.com/ubuntu/ trusty/main libedit2 amd64 3.1-20130712-2 [86.7 kB]
Get:27 http://archive.ubuntu.com/ubuntu/ trusty-updates/main libglib2.0-0 amd64 2.40.2-0ubuntu1.1 [1059 kB]
Get:28 http://archive.ubuntu.com/ubuntu/ trusty/main libusb-1.0-0 amd64 2:1.0.17-1ubuntu2 [39.6 kB]
Get:29 http://archive.ubuntu.com/ubuntu/ trusty/main libxau6 amd64 1:1.0.8-1 [8376 B]
Get:30 http://archive.ubuntu.com/ubuntu/ trusty/main libxdmcp6 amd64 1:1.1.1-1 [12.8 kB]
Get:31 http://archive.ubuntu.com/ubuntu/ trusty/main libxcb1 amd64 1.10-2ubuntu1 [38.0 kB]
Get:32 http://archive.ubuntu.com/ubuntu/ trusty-updates/main libx11-data all 2:1.6.2-1ubuntu2.1 [111 kB]
Get:33 http://archive.ubuntu.com/ubuntu/ trusty-updates/main libx11-6 amd64 2:1.6.2-1ubuntu2.1 [561 kB]
Get:34 http://archive.ubuntu.com/ubuntu/ trusty-updates/main libxext6 amd64 2:1.3.2-1ubuntu0.0.14.04.1 [28.8 kB]
Get:35 http://archive.ubuntu.com/ubuntu/ trusty-updates/main libxml2 amd64 2.9.1+dfsg1-3ubuntu4.13 [573 kB]
Get:36 http://archive.ubuntu.com/ubuntu/ trusty/main libxmuu1 amd64 2:1.1.1-1 [11.0 kB]
Get:37 http://archive.ubuntu.com/ubuntu/ trusty/main sgml-base all 1.26+nmu4ubuntu1 [12.5 kB]
Get:38 http://archive.ubuntu.com/ubuntu/ trusty-updates/main libasan0 amd64 4.8.4-2ubuntu1~14.04.4 [63.1 kB]
Get:39 http://archive.ubuntu.com/ubuntu/ trusty-updates/main libatomic1 amd64 4.8.4-2ubuntu1~14.04.4 [8630 B]
Get:40 http://archive.ubuntu.com/ubuntu/ trusty/main libgmp10 amd64 2:5.1.3+dfsg-1ubuntu1 [218 kB]
Get:41 http://archive.ubuntu.com/ubuntu/ trusty/main libisl10 amd64 0.12.2-1 [419 kB]
Get:42 http://archive.ubuntu.com/ubuntu/ trusty/main libcloog-isl4 amd64 0.18.2-1 [57.5 kB]
Get:43 http://archive.ubuntu.com/ubuntu/ trusty/main libcroco3 amd64 0.6.8-2ubuntu1 [82.4 kB]
Get:44 http://archive.ubuntu.com/ubuntu/ trusty/main libunistring0 amd64 0.9.3-5ubuntu3 [271 kB]
Get:45 http://archive.ubuntu.com/ubuntu/ trusty-updates/main libgettextpo0 amd64 0.18.3.1-1ubuntu3.1 [108 kB]
Get:46 http://archive.ubuntu.com/ubuntu/ trusty-updates/main libgomp1 amd64 4.8.4-2ubuntu1~14.04.4 [23.1 kB]
Get:47 http://archive.ubuntu.com/ubuntu/ trusty-updates/main libitm1 amd64 4.8.4-2ubuntu1~14.04.4 [28.6 kB]
Get:48 http://archive.ubuntu.com/ubuntu/ trusty-updates/main libjpeg-turbo8 amd64 1.3.0-0ubuntu2.1 [104 kB]
Get:49 http://archive.ubuntu.com/ubuntu/ trusty/main libltdl7 amd64 2.4.2-1.7ubuntu1 [35.0 kB]
Get:50 http://archive.ubuntu.com/ubuntu/ trusty/main libmpfr4 amd64 3.1.2-1 [203 kB]
Get:51 http://archive.ubuntu.com/ubuntu/ trusty-updates/main libquadmath0 amd64 4.8.4-2ubuntu1~14.04.4 [126 kB]
Get:52 http://archive.ubuntu.com/ubuntu/ trusty/main libsigsegv2 amd64 2.10-2 [15.0 kB]
Get:53 http://archive.ubuntu.com/ubuntu/ trusty-updates/main libtsan0 amd64 4.8.4-2ubuntu1~14.04.4 [94.8 kB]
Get:54 http://archive.ubuntu.com/ubuntu/ trusty/main libjpeg8 amd64 8c-2ubuntu8 [2194 B]
Get:55 http://archive.ubuntu.com/ubuntu/ trusty/main libv4lconvert0 amd64 1.0.1-1 [74.8 kB]
Get:56 http://archive.ubuntu.com/ubuntu/ trusty/main libv4l-0 amd64 1.0.1-1 [38.8 kB]
Get:57 http://archive.ubuntu.com/ubuntu/ trusty/main libfaketime amd64 0.9.5-2 [20.6 kB]
Get:58 http://archive.ubuntu.com/ubuntu/ trusty/main faketime amd64 0.9.5-2 [9330 B]
Get:59 http://archive.ubuntu.com/ubuntu/ trusty/main libmpc3 amd64 1.0.1-1ubuntu1 [38.4 kB]
Get:60 http://archive.ubuntu.com/ubuntu/ trusty-updates/main openssl amd64 1.0.1f-1ubuntu2.27 [489 kB]
Get:61 http://archive.ubuntu.com/ubuntu/ trusty-updates/main ca-certificates all 20170717~14.04.2 [166 kB]
Get:62 http://archive.ubuntu.com/ubuntu/ trusty-updates/main gettext-base amd64 0.18.3.1-1ubuntu3.1 [48.6 kB]
Get:63 http://archive.ubuntu.com/ubuntu/ trusty-updates/main krb5-locales all 1.12+dfsg-2ubuntu5.4 [14.0 kB]
Get:64 http://archive.ubuntu.com/ubuntu/ trusty-updates/main libglib2.0-data all 2.40.2-0ubuntu1.1 [116 kB]
Get:65 http://archive.ubuntu.com/ubuntu/ trusty/main libsasl2-modules amd64 2.1.25.dfsg1-17build1 [64.3 kB]
Get:66 http://archive.ubuntu.com/ubuntu/ trusty/main manpages all 3.54-1ubuntu1 [627 kB]
Get:67 http://archive.ubuntu.com/ubuntu/ trusty-updates/main openssh-client amd64 1:6.6p1-2ubuntu2.13 [567 kB]
Get:68 http://archive.ubuntu.com/ubuntu/ trusty-updates/main rsync amd64 3.1.0-2ubuntu0.4 [284 kB]
Get:69 http://archive.ubuntu.com/ubuntu/ trusty/main shared-mime-info amd64 1.2-0ubuntu3 [415 kB]
Get:70 http://archive.ubuntu.com/ubuntu/ trusty-updates/main wget amd64 1.15-1ubuntu1.14.04.5 [270 kB]
Get:71 http://archive.ubuntu.com/ubuntu/ trusty/main xauth amd64 1:1.0.7-1ubuntu1 [25.8 kB]
Get:72 http://archive.ubuntu.com/ubuntu/ trusty/main xml-core all 0.13+nmu2 [23.3 kB]
Get:73 http://archive.ubuntu.com/ubuntu/ trusty/main m4 amd64 1.4.17-2ubuntu1 [195 kB]
Get:74 http://archive.ubuntu.com/ubuntu/ trusty/main autoconf all 2.69-6 [322 kB]
Get:75 http://archive.ubuntu.com/ubuntu/ trusty/main autotools-dev all 20130810.1 [44.3 kB]
Get:76 http://archive.ubuntu.com/ubuntu/ trusty/main automake all 1:1.14.1-2ubuntu1 [510 kB]
Get:77 http://archive.ubuntu.com/ubuntu/ trusty-updates/main binutils amd64 2.24-5ubuntu14.2 [2076 kB]
Get:78 http://archive.ubuntu.com/ubuntu/ trusty-updates/main cpp-4.8 amd64 4.8.4-2ubuntu1~14.04.4 [4452 kB]
Get:79 http://archive.ubuntu.com/ubuntu/ trusty/main cpp amd64 4:4.8.2-1ubuntu6 [27.5 kB]
Get:80 http://archive.ubuntu.com/ubuntu/ trusty-updates/main libgcc-4.8-dev amd64 4.8.4-2ubuntu1~14.04.4 [1688 kB]
Get:81 http://archive.ubuntu.com/ubuntu/ trusty-updates/main gcc-4.8 amd64 4.8.4-2ubuntu1~14.04.4 [5040 kB]
Get:82 http://archive.ubuntu.com/ubuntu/ trusty/main gcc amd64 4:4.8.2-1ubuntu6 [5098 B]
Get:83 http://archive.ubuntu.com/ubuntu/ trusty-updates/main gettext amd64 0.18.3.1-1ubuntu3.1 [829 kB]
Get:84 http://archive.ubuntu.com/ubuntu/ trusty/main liberror-perl all 0.17-1.1 [21.1 kB]
Get:85 http://archive.ubuntu.com/ubuntu/ trusty-updates/main git-man all 1:1.9.1-1ubuntu0.10 [700 kB]
Get:86 http://archive.ubuntu.com/ubuntu/ trusty-updates/main git amd64 1:1.9.1-1ubuntu0.10 [2737 kB]
Get:87 http://archive.ubuntu.com/ubuntu/ trusty-updates/main libasprintf-dev amd64 0.18.3.1-1ubuntu3.1 [4438 B]
Get:88 http://archive.ubuntu.com/ubuntu/ trusty-updates/main libc-dev-bin amd64 2.19-0ubuntu6.15 [68.9 kB]
Get:89 http://archive.ubuntu.com/ubuntu/ trusty-updates/main linux-libc-dev amd64 3.13.0-170.220 [772 kB]
Get:90 http://archive.ubuntu.com/ubuntu/ trusty-updates/main libc6-dev amd64 2.19-0ubuntu6.15 [1913 kB]
Get:91 http://archive.ubuntu.com/ubuntu/ trusty-updates/main libgettextpo-dev amd64 0.18.3.1-1ubuntu3.1 [122 kB]
Get:92 http://archive.ubuntu.com/ubuntu/ trusty/main libltdl-dev amd64 2.4.2-1.7ubuntu1 [157 kB]
Get:93 http://archive.ubuntu.com/ubuntu/ trusty/main libtinfo-dev amd64 5.9+20140118-1ubuntu1 [76.3 kB]
Get:94 http://archive.ubuntu.com/ubuntu/ trusty/main libncurses5-dev amd64 5.9+20140118-1ubuntu1 [170 kB]
Get:95 http://archive.ubuntu.com/ubuntu/ trusty-updates/main libsqlite3-dev amd64 3.8.2-1ubuntu2.2 [439 kB]
Get:96 http://archive.ubuntu.com/ubuntu/ trusty-updates/main zlib1g-dev amd64 1:1.2.8.dfsg-1ubuntu1.1 [166 kB]
Get:97 http://archive.ubuntu.com/ubuntu/ trusty-updates/main libssl-dev amd64 1.0.1f-1ubuntu2.27 [1076 kB]
Get:98 http://archive.ubuntu.com/ubuntu/ trusty-updates/main libssl-doc all 1.0.1f-1ubuntu2.27 [972 kB]
Get:99 http://archive.ubuntu.com/ubuntu/ trusty/main libtool amd64 2.4.2-1.7ubuntu1 [188 kB]
Get:100 http://archive.ubuntu.com/ubuntu/ trusty-updates/main libudev-dev amd64 204-5ubuntu20.31 [25.3 kB]
Get:101 http://archive.ubuntu.com/ubuntu/ trusty/main libusb-1.0-0-dev amd64 2:1.0.17-1ubuntu2 [54.7 kB]
Get:102 http://archive.ubuntu.com/ubuntu/ trusty/main libusb-1.0-doc all 2:1.0.17-1ubuntu2 [115 kB]
Get:103 http://archive.ubuntu.com/ubuntu/ trusty/universe libzbar0 amd64 0.10+doc-9build1 [92.5 kB]
Get:104 http://archive.ubuntu.com/ubuntu/ trusty/main make amd64 3.81-8.2ubuntu3 [119 kB]
Get:105 http://archive.ubuntu.com/ubuntu/ trusty/main manpages-dev all 3.54-1ubuntu1 [1820 kB]
Get:106 http://archive.ubuntu.com/ubuntu/ trusty-updates/main patch amd64 2.7.1-4ubuntu2.4 [86.9 kB]
Get:107 http://archive.ubuntu.com/ubuntu/ trusty/main xz-utils amd64 5.1.1alpha+20120614-2ubuntu2 [78.8 kB]
Get:108 http://archive.ubuntu.com/ubuntu/ trusty-updates/main libffi-dev amd64 3.1~rc1+r3.0.13-12ubuntu0.2 [100 kB]
[91mdebconf: unable to initialize frontend: Dialog
debconf: (TERM is not set, so the dialog frontend is not usable.)
debconf: falling back to frontend: Readline
[0m[91mdebconf: unable to initialize frontend: Readline
debconf: (This frontend requires a controlling tty.)
debconf: falling back to frontend: Teletype
[0m[91mdpkg-preconfigure: unable to re-open stdin: 
[0mFetched 42.6 MB in 14s (3034 kB/s)
(Reading database ... 11582 files and directories currently installed.)
Preparing to unpack .../libc6_2.19-0ubuntu6.15_amd64.deb ...
[91mdebconf: unable to initialize frontend: Dialog
debconf: (TERM is not set, so the dialog frontend is not usable.)
debconf: falling back to frontend: Readline
[0m[91mdebconf: unable to initialize frontend: Readline
debconf: (This frontend requires a controlling tty.)
debconf: falling back to frontend: Teletype
[0mUnpacking libc6:amd64 (2.19-0ubuntu6.15) over (2.19-0ubuntu6.14) ...
Setting up libc6:amd64 (2.19-0ubuntu6.15) ...
[91mdebconf: unable to initialize frontend: Dialog
debconf: (TERM is not set, so the dialog frontend is not usable.)
debconf: falling back to frontend: Readline
[0m[91mdebconf: unable to initialize frontend: Readline
debconf: (This frontend requires a controlling tty.)
debconf: falling back to frontend: Teletype
[0mProcessing triggers for libc-bin (2.19-0ubuntu6.14) ...
(Reading database ... 11582 files and directories currently installed.)
Preparing to unpack .../libsqlite3-0_3.8.2-1ubuntu2.2_amd64.deb ...
Unpacking libsqlite3-0:amd64 (3.8.2-1ubuntu2.2) over (3.8.2-1ubuntu2.1) ...
Preparing to unpack .../udev_204-5ubuntu20.31_amd64.deb ...
Adding 'diversion of /bin/udevadm to /bin/udevadm.upgrade by fake-udev'
Unpacking udev (204-5ubuntu20.31) over (204-5ubuntu20.29) ...
Preparing to unpack .../libudev1_204-5ubuntu20.31_amd64.deb ...
Unpacking libudev1:amd64 (204-5ubuntu20.31) over (204-5ubuntu20.29) ...
Selecting previously unselected package libroken18-heimdal:amd64.
Preparing to unpack .../libroken18-heimdal_1.6~git20131207+dfsg-1ubuntu1.2_amd64.deb ...
Unpacking libroken18-heimdal:amd64 (1.6~git20131207+dfsg-1ubuntu1.2) ...
Selecting previously unselected package libasn1-8-heimdal:amd64.
Preparing to unpack .../libasn1-8-heimdal_1.6~git20131207+dfsg-1ubuntu1.2_amd64.deb ...
Unpacking libasn1-8-heimdal:amd64 (1.6~git20131207+dfsg-1ubuntu1.2) ...
Selecting previously unselected package libasprintf0c2:amd64.
Preparing to unpack .../libasprintf0c2_0.18.3.1-1ubuntu3.1_amd64.deb ...
Unpacking libasprintf0c2:amd64 (0.18.3.1-1ubuntu3.1) ...
Selecting previously unselected package libkrb5support0:amd64.
Preparing to unpack .../libkrb5support0_1.12+dfsg-2ubuntu5.4_amd64.deb ...
Unpacking libkrb5support0:amd64 (1.12+dfsg-2ubuntu5.4) ...
Selecting previously unselected package libk5crypto3:amd64.
Preparing to unpack .../libk5crypto3_1.12+dfsg-2ubuntu5.4_amd64.deb ...
Unpacking libk5crypto3:amd64 (1.12+dfsg-2ubuntu5.4) ...
Selecting previously unselected package libkeyutils1:amd64.
Preparing to unpack .../libkeyutils1_1.5.6-1_amd64.deb ...
Unpacking libkeyutils1:amd64 (1.5.6-1) ...
Selecting previously unselected package libkrb5-3:amd64.
Preparing to unpack .../libkrb5-3_1.12+dfsg-2ubuntu5.4_amd64.deb ...
Unpacking libkrb5-3:amd64 (1.12+dfsg-2ubuntu5.4) ...
Selecting previously unselected package libgssapi-krb5-2:amd64.
Preparing to unpack .../libgssapi-krb5-2_1.12+dfsg-2ubuntu5.4_amd64.deb ...
Unpacking libgssapi-krb5-2:amd64 (1.12+dfsg-2ubuntu5.4) ...
Selecting previously unselected package libidn11:amd64.
Preparing to unpack .../libidn11_1.28-1ubuntu2.2_amd64.deb ...
Unpacking libidn11:amd64 (1.28-1ubuntu2.2) ...
Selecting previously unselected package libhcrypto4-heimdal:amd64.
Preparing to unpack .../libhcrypto4-heimdal_1.6~git20131207+dfsg-1ubuntu1.2_amd64.deb ...
Unpacking libhcrypto4-heimdal:amd64 (1.6~git20131207+dfsg-1ubuntu1.2) ...
Selecting previously unselected package libheimbase1-heimdal:amd64.
Preparing to unpack .../libheimbase1-heimdal_1.6~git20131207+dfsg-1ubuntu1.2_amd64.deb ...
Unpacking libheimbase1-heimdal:amd64 (1.6~git20131207+dfsg-1ubuntu1.2) ...
Selecting previously unselected package libwind0-heimdal:amd64.
Preparing to unpack .../libwind0-heimdal_1.6~git20131207+dfsg-1ubuntu1.2_amd64.deb ...
Unpacking libwind0-heimdal:amd64 (1.6~git20131207+dfsg-1ubuntu1.2) ...
Selecting previously unselected package libhx509-5-heimdal:amd64.
Preparing to unpack .../libhx509-5-heimdal_1.6~git20131207+dfsg-1ubuntu1.2_amd64.deb ...
Unpacking libhx509-5-heimdal:amd64 (1.6~git20131207+dfsg-1ubuntu1.2) ...
Selecting previously unselected package libkrb5-26-heimdal:amd64.
Preparing to unpack .../libkrb5-26-heimdal_1.6~git20131207+dfsg-1ubuntu1.2_amd64.deb ...
Unpacking libkrb5-26-heimdal:amd64 (1.6~git20131207+dfsg-1ubuntu1.2) ...
Selecting previously unselected package libheimntlm0-heimdal:amd64.
Preparing to unpack .../libheimntlm0-heimdal_1.6~git20131207+dfsg-1ubuntu1.2_amd64.deb ...
Unpacking libheimntlm0-heimdal:amd64 (1.6~git20131207+dfsg-1ubuntu1.2) ...
Selecting previously unselected package libgssapi3-heimdal:amd64.
Preparing to unpack .../libgssapi3-heimdal_1.6~git20131207+dfsg-1ubuntu1.2_amd64.deb ...
Unpacking libgssapi3-heimdal:amd64 (1.6~git20131207+dfsg-1ubuntu1.2) ...
Selecting previously unselected package libsasl2-modules-db:amd64.
Preparing to unpack .../libsasl2-modules-db_2.1.25.dfsg1-17build1_amd64.deb ...
Unpacking libsasl2-modules-db:amd64 (2.1.25.dfsg1-17build1) ...
Selecting previously unselected package libsasl2-2:amd64.
Preparing to unpack .../libsasl2-2_2.1.25.dfsg1-17build1_amd64.deb ...
Unpacking libsasl2-2:amd64 (2.1.25.dfsg1-17build1) ...
Selecting previously unselected package libldap-2.4-2:amd64.
Preparing to unpack .../libldap-2.4-2_2.4.31-1+nmu2ubuntu8.5_amd64.deb ...
Unpacking libldap-2.4-2:amd64 (2.4.31-1+nmu2ubuntu8.5) ...
Selecting previously unselected package librtmp0:amd64.
Preparing to unpack .../librtmp0_2.4+20121230.gitdf6c518-1ubuntu0.1_amd64.deb ...
Unpacking librtmp0:amd64 (2.4+20121230.gitdf6c518-1ubuntu0.1) ...
Selecting previously unselected package libcurl3-gnutls:amd64.
Preparing to unpack .../libcurl3-gnutls_7.35.0-1ubuntu2.20_amd64.deb ...
Unpacking libcurl3-gnutls:amd64 (7.35.0-1ubuntu2.20) ...
Selecting previously unselected package libedit2:amd64.
Preparing to unpack .../libedit2_3.1-20130712-2_amd64.deb ...
Unpacking libedit2:amd64 (3.1-20130712-2) ...
Selecting previously unselected package libglib2.0-0:amd64.
Preparing to unpack .../libglib2.0-0_2.40.2-0ubuntu1.1_amd64.deb ...
Unpacking libglib2.0-0:amd64 (2.40.2-0ubuntu1.1) ...
Selecting previously unselected package libusb-1.0-0:amd64.
Preparing to unpack .../libusb-1.0-0_2%3a1.0.17-1ubuntu2_amd64.deb ...
Unpacking libusb-1.0-0:amd64 (2:1.0.17-1ubuntu2) ...
Selecting previously unselected package libxau6:amd64.
Preparing to unpack .../libxau6_1%3a1.0.8-1_amd64.deb ...
Unpacking libxau6:amd64 (1:1.0.8-1) ...
Selecting previously unselected package libxdmcp6:amd64.
Preparing to unpack .../libxdmcp6_1%3a1.1.1-1_amd64.deb ...
Unpacking libxdmcp6:amd64 (1:1.1.1-1) ...
Selecting previously unselected package libxcb1:amd64.
Preparing to unpack .../libxcb1_1.10-2ubuntu1_amd64.deb ...
Unpacking libxcb1:amd64 (1.10-2ubuntu1) ...
Selecting previously unselected package libx11-data.
Preparing to unpack .../libx11-data_2%3a1.6.2-1ubuntu2.1_all.deb ...
Unpacking libx11-data (2:1.6.2-1ubuntu2.1) ...
Selecting previously unselected package libx11-6:amd64.
Preparing to unpack .../libx11-6_2%3a1.6.2-1ubuntu2.1_amd64.deb ...
Unpacking libx11-6:amd64 (2:1.6.2-1ubuntu2.1) ...
Selecting previously unselected package libxext6:amd64.
Preparing to unpack .../libxext6_2%3a1.3.2-1ubuntu0.0.14.04.1_amd64.deb ...
Unpacking libxext6:amd64 (2:1.3.2-1ubuntu0.0.14.04.1) ...
Selecting previously unselected package libxml2:amd64.
Preparing to unpack .../libxml2_2.9.1+dfsg1-3ubuntu4.13_amd64.deb ...
Unpacking libxml2:amd64 (2.9.1+dfsg1-3ubuntu4.13) ...
Selecting previously unselected package libxmuu1:amd64.
Preparing to unpack .../libxmuu1_2%3a1.1.1-1_amd64.deb ...
Unpacking libxmuu1:amd64 (2:1.1.1-1) ...
Selecting previously unselected package sgml-base.
Preparing to unpack .../sgml-base_1.26+nmu4ubuntu1_all.deb ...
Unpacking sgml-base (1.26+nmu4ubuntu1) ...
Selecting previously unselected package libasan0:amd64.
Preparing to unpack .../libasan0_4.8.4-2ubuntu1~14.04.4_amd64.deb ...
Unpacking libasan0:amd64 (4.8.4-2ubuntu1~14.04.4) ...
Selecting previously unselected package libatomic1:amd64.
Preparing to unpack .../libatomic1_4.8.4-2ubuntu1~14.04.4_amd64.deb ...
Unpacking libatomic1:amd64 (4.8.4-2ubuntu1~14.04.4) ...
Selecting previously unselected package libgmp10:amd64.
Preparing to unpack .../libgmp10_2%3a5.1.3+dfsg-1ubuntu1_amd64.deb ...
Unpacking libgmp10:amd64 (2:5.1.3+dfsg-1ubuntu1) ...
Selecting previously unselected package libisl10:amd64.
Preparing to unpack .../libisl10_0.12.2-1_amd64.deb ...
Unpacking libisl10:amd64 (0.12.2-1) ...
Selecting previously unselected package libcloog-isl4:amd64.
Preparing to unpack .../libcloog-isl4_0.18.2-1_amd64.deb ...
Unpacking libcloog-isl4:amd64 (0.18.2-1) ...
Selecting previously unselected package libcroco3:amd64.
Preparing to unpack .../libcroco3_0.6.8-2ubuntu1_amd64.deb ...
Unpacking libcroco3:amd64 (0.6.8-2ubuntu1) ...
Selecting previously unselected package libunistring0:amd64.
Preparing to unpack .../libunistring0_0.9.3-5ubuntu3_amd64.deb ...
Unpacking libunistring0:amd64 (0.9.3-5ubuntu3) ...
Selecting previously unselected package libgettextpo0:amd64.
Preparing to unpack .../libgettextpo0_0.18.3.1-1ubuntu3.1_amd64.deb ...
Unpacking libgettextpo0:amd64 (0.18.3.1-1ubuntu3.1) ...
Selecting previously unselected package libgomp1:amd64.
Preparing to unpack .../libgomp1_4.8.4-2ubuntu1~14.04.4_amd64.deb ...
Unpacking libgomp1:amd64 (4.8.4-2ubuntu1~14.04.4) ...
Selecting previously unselected package libitm1:amd64.
Preparing to unpack .../libitm1_4.8.4-2ubuntu1~14.04.4_amd64.deb ...
Unpacking libitm1:amd64 (4.8.4-2ubuntu1~14.04.4) ...
Selecting previously unselected package libjpeg-turbo8:amd64.
Preparing to unpack .../libjpeg-turbo8_1.3.0-0ubuntu2.1_amd64.deb ...
Unpacking libjpeg-turbo8:amd64 (1.3.0-0ubuntu2.1) ...
Selecting previously unselected package libltdl7:amd64.
Preparing to unpack .../libltdl7_2.4.2-1.7ubuntu1_amd64.deb ...
Unpacking libltdl7:amd64 (2.4.2-1.7ubuntu1) ...
Selecting previously unselected package libmpfr4:amd64.
Preparing to unpack .../libmpfr4_3.1.2-1_amd64.deb ...
Unpacking libmpfr4:amd64 (3.1.2-1) ...
Selecting previously unselected package libquadmath0:amd64.
Preparing to unpack .../libquadmath0_4.8.4-2ubuntu1~14.04.4_amd64.deb ...
Unpacking libquadmath0:amd64 (4.8.4-2ubuntu1~14.04.4) ...
Selecting previously unselected package libsigsegv2:amd64.
Preparing to unpack .../libsigsegv2_2.10-2_amd64.deb ...
Unpacking libsigsegv2:amd64 (2.10-2) ...
Selecting previously unselected package libtsan0:amd64.
Preparing to unpack .../libtsan0_4.8.4-2ubuntu1~14.04.4_amd64.deb ...
Unpacking libtsan0:amd64 (4.8.4-2ubuntu1~14.04.4) ...
Selecting previously unselected package libjpeg8:amd64.
Preparing to unpack .../libjpeg8_8c-2ubuntu8_amd64.deb ...
Unpacking libjpeg8:amd64 (8c-2ubuntu8) ...
Selecting previously unselected package libv4lconvert0:amd64.
Preparing to unpack .../libv4lconvert0_1.0.1-1_amd64.deb ...
Unpacking libv4lconvert0:amd64 (1.0.1-1) ...
Selecting previously unselected package libv4l-0:amd64.
Preparing to unpack .../libv4l-0_1.0.1-1_amd64.deb ...
Unpacking libv4l-0:amd64 (1.0.1-1) ...
Selecting previously unselected package libfaketime:amd64.
Preparing to unpack .../libfaketime_0.9.5-2_amd64.deb ...
Unpacking libfaketime:amd64 (0.9.5-2) ...
Selecting previously unselected package faketime.
Preparing to unpack .../faketime_0.9.5-2_amd64.deb ...
Unpacking faketime (0.9.5-2) ...
Selecting previously unselected package libmpc3:amd64.
Preparing to unpack .../libmpc3_1.0.1-1ubuntu1_amd64.deb ...
Unpacking libmpc3:amd64 (1.0.1-1ubuntu1) ...
Selecting previously unselected package openssl.
Preparing to unpack .../openssl_1.0.1f-1ubuntu2.27_amd64.deb ...
Unpacking openssl (1.0.1f-1ubuntu2.27) ...
Selecting previously unselected package ca-certificates.
Preparing to unpack .../ca-certificates_20170717~14.04.2_all.deb ...
Unpacking ca-certificates (20170717~14.04.2) ...
Selecting previously unselected package gettext-base.
Preparing to unpack .../gettext-base_0.18.3.1-1ubuntu3.1_amd64.deb ...
Unpacking gettext-base (0.18.3.1-1ubuntu3.1) ...
Selecting previously unselected package krb5-locales.
Preparing to unpack .../krb5-locales_1.12+dfsg-2ubuntu5.4_all.deb ...
Unpacking krb5-locales (1.12+dfsg-2ubuntu5.4) ...
Selecting previously unselected package libglib2.0-data.
Preparing to unpack .../libglib2.0-data_2.40.2-0ubuntu1.1_all.deb ...
Unpacking libglib2.0-data (2.40.2-0ubuntu1.1) ...
Selecting previously unselected package libsasl2-modules:amd64.
Preparing to unpack .../libsasl2-modules_2.1.25.dfsg1-17build1_amd64.deb ...
Unpacking libsasl2-modules:amd64 (2.1.25.dfsg1-17build1) ...
Selecting previously unselected package manpages.
Preparing to unpack .../manpages_3.54-1ubuntu1_all.deb ...
Unpacking manpages (3.54-1ubuntu1) ...
Selecting previously unselected package openssh-client.
Preparing to unpack .../openssh-client_1%3a6.6p1-2ubuntu2.13_amd64.deb ...
Unpacking openssh-client (1:6.6p1-2ubuntu2.13) ...
Selecting previously unselected package rsync.
Preparing to unpack .../rsync_3.1.0-2ubuntu0.4_amd64.deb ...
Unpacking rsync (3.1.0-2ubuntu0.4) ...
Selecting previously unselected package shared-mime-info.
Preparing to unpack .../shared-mime-info_1.2-0ubuntu3_amd64.deb ...
Unpacking shared-mime-info (1.2-0ubuntu3) ...
Selecting previously unselected package wget.
Preparing to unpack .../wget_1.15-1ubuntu1.14.04.5_amd64.deb ...
Unpacking wget (1.15-1ubuntu1.14.04.5) ...
Selecting previously unselected package xauth.
Preparing to unpack .../xauth_1%3a1.0.7-1ubuntu1_amd64.deb ...
Unpacking xauth (1:1.0.7-1ubuntu1) ...
Selecting previously unselected package xml-core.
Preparing to unpack .../xml-core_0.13+nmu2_all.deb ...
Unpacking xml-core (0.13+nmu2) ...
Selecting previously unselected package m4.
Preparing to unpack .../m4_1.4.17-2ubuntu1_amd64.deb ...
Unpacking m4 (1.4.17-2ubuntu1) ...
Selecting previously unselected package autoconf.
Preparing to unpack .../autoconf_2.69-6_all.deb ...
Unpacking autoconf (2.69-6) ...
Selecting previously unselected package autotools-dev.
Preparing to unpack .../autotools-dev_20130810.1_all.deb ...
Unpacking autotools-dev (20130810.1) ...
Selecting previously unselected package automake.
Preparing to unpack .../automake_1%3a1.14.1-2ubuntu1_all.deb ...
Unpacking automake (1:1.14.1-2ubuntu1) ...
Selecting previously unselected package binutils.
Preparing to unpack .../binutils_2.24-5ubuntu14.2_amd64.deb ...
Unpacking binutils (2.24-5ubuntu14.2) ...
Selecting previously unselected package cpp-4.8.
Preparing to unpack .../cpp-4.8_4.8.4-2ubuntu1~14.04.4_amd64.deb ...
Unpacking cpp-4.8 (4.8.4-2ubuntu1~14.04.4) ...
Selecting previously unselected package cpp.
Preparing to unpack .../cpp_4%3a4.8.2-1ubuntu6_amd64.deb ...
Unpacking cpp (4:4.8.2-1ubuntu6) ...
Selecting previously unselected package libgcc-4.8-dev:amd64.
Preparing to unpack .../libgcc-4.8-dev_4.8.4-2ubuntu1~14.04.4_amd64.deb ...
Unpacking libgcc-4.8-dev:amd64 (4.8.4-2ubuntu1~14.04.4) ...
Selecting previously unselected package gcc-4.8.
Preparing to unpack .../gcc-4.8_4.8.4-2ubuntu1~14.04.4_amd64.deb ...
Unpacking gcc-4.8 (4.8.4-2ubuntu1~14.04.4) ...
Selecting previously unselected package gcc.
Preparing to unpack .../gcc_4%3a4.8.2-1ubuntu6_amd64.deb ...
Unpacking gcc (4:4.8.2-1ubuntu6) ...
Selecting previously unselected package gettext.
Preparing to unpack .../gettext_0.18.3.1-1ubuntu3.1_amd64.deb ...
Unpacking gettext (0.18.3.1-1ubuntu3.1) ...
Selecting previously unselected package liberror-perl.
Preparing to unpack .../liberror-perl_0.17-1.1_all.deb ...
Unpacking liberror-perl (0.17-1.1) ...
Selecting previously unselected package git-man.
Preparing to unpack .../git-man_1%3a1.9.1-1ubuntu0.10_all.deb ...
Unpacking git-man (1:1.9.1-1ubuntu0.10) ...
Selecting previously unselected package git.
Preparing to unpack .../git_1%3a1.9.1-1ubuntu0.10_amd64.deb ...
Unpacking git (1:1.9.1-1ubuntu0.10) ...
Selecting previously unselected package libasprintf-dev:amd64.
Preparing to unpack .../libasprintf-dev_0.18.3.1-1ubuntu3.1_amd64.deb ...
Unpacking libasprintf-dev:amd64 (0.18.3.1-1ubuntu3.1) ...
Selecting previously unselected package libc-dev-bin.
Preparing to unpack .../libc-dev-bin_2.19-0ubuntu6.15_amd64.deb ...
Unpacking libc-dev-bin (2.19-0ubuntu6.15) ...
Selecting previously unselected package linux-libc-dev:amd64.
Preparing to unpack .../linux-libc-dev_3.13.0-170.220_amd64.deb ...
Unpacking linux-libc-dev:amd64 (3.13.0-170.220) ...
Selecting previously unselected package libc6-dev:amd64.
Preparing to unpack .../libc6-dev_2.19-0ubuntu6.15_amd64.deb ...
Unpacking libc6-dev:amd64 (2.19-0ubuntu6.15) ...
Selecting previously unselected package libgettextpo-dev:amd64.
Preparing to unpack .../libgettextpo-dev_0.18.3.1-1ubuntu3.1_amd64.deb ...
Unpacking libgettextpo-dev:amd64 (0.18.3.1-1ubuntu3.1) ...
Selecting previously unselected package libltdl-dev:amd64.
Preparing to unpack .../libltdl-dev_2.4.2-1.7ubuntu1_amd64.deb ...
Unpacking libltdl-dev:amd64 (2.4.2-1.7ubuntu1) ...
Selecting previously unselected package libtinfo-dev:amd64.
Preparing to unpack .../libtinfo-dev_5.9+20140118-1ubuntu1_amd64.deb ...
Unpacking libtinfo-dev:amd64 (5.9+20140118-1ubuntu1) ...
Selecting previously unselected package libncurses5-dev:amd64.
Preparing to unpack .../libncurses5-dev_5.9+20140118-1ubuntu1_amd64.deb ...
Unpacking libncurses5-dev:amd64 (5.9+20140118-1ubuntu1) ...
Selecting previously unselected package libsqlite3-dev:amd64.
Preparing to unpack .../libsqlite3-dev_3.8.2-1ubuntu2.2_amd64.deb ...
Unpacking libsqlite3-dev:amd64 (3.8.2-1ubuntu2.2) ...
Selecting previously unselected package zlib1g-dev:amd64.
Preparing to unpack .../zlib1g-dev_1%3a1.2.8.dfsg-1ubuntu1.1_amd64.deb ...
Unpacking zlib1g-dev:amd64 (1:1.2.8.dfsg-1ubuntu1.1) ...
Selecting previously unselected package libssl-dev:amd64.
Preparing to unpack .../libssl-dev_1.0.1f-1ubuntu2.27_amd64.deb ...
Unpacking libssl-dev:amd64 (1.0.1f-1ubuntu2.27) ...
Selecting previously unselected package libssl-doc.
Preparing to unpack .../libssl-doc_1.0.1f-1ubuntu2.27_all.deb ...
Unpacking libssl-doc (1.0.1f-1ubuntu2.27) ...
Selecting previously unselected package libtool.
Preparing to unpack .../libtool_2.4.2-1.7ubuntu1_amd64.deb ...
Unpacking libtool (2.4.2-1.7ubuntu1) ...
Selecting previously unselected package libudev-dev.
Preparing to unpack .../libudev-dev_204-5ubuntu20.31_amd64.deb ...
Unpacking libudev-dev (204-5ubuntu20.31) ...
Selecting previously unselected package libusb-1.0-0-dev:amd64.
Preparing to unpack .../libusb-1.0-0-dev_2%3a1.0.17-1ubuntu2_amd64.deb ...
Unpacking libusb-1.0-0-dev:amd64 (2:1.0.17-1ubuntu2) ...
Selecting previously unselected package libusb-1.0-doc.
Preparing to unpack .../libusb-1.0-doc_2%3a1.0.17-1ubuntu2_all.deb ...
Unpacking libusb-1.0-doc (2:1.0.17-1ubuntu2) ...
Selecting previously unselected package libzbar0.
Preparing to unpack .../libzbar0_0.10+doc-9build1_amd64.deb ...
Unpacking libzbar0 (0.10+doc-9build1) ...
Selecting previously unselected package make.
Preparing to unpack .../make_3.81-8.2ubuntu3_amd64.deb ...
Unpacking make (3.81-8.2ubuntu3) ...
Selecting previously unselected package manpages-dev.
Preparing to unpack .../manpages-dev_3.54-1ubuntu1_all.deb ...
Unpacking manpages-dev (3.54-1ubuntu1) ...
Selecting previously unselected package patch.
Preparing to unpack .../patch_2.7.1-4ubuntu2.4_amd64.deb ...
Unpacking patch (2.7.1-4ubuntu2.4) ...
Selecting previously unselected package xz-utils.
Preparing to unpack .../xz-utils_5.1.1alpha+20120614-2ubuntu2_amd64.deb ...
Unpacking xz-utils (5.1.1alpha+20120614-2ubuntu2) ...
Selecting previously unselected package libffi-dev:amd64.
Preparing to unpack .../libffi-dev_3.1~rc1+r3.0.13-12ubuntu0.2_amd64.deb ...
Unpacking libffi-dev:amd64 (3.1~rc1+r3.0.13-12ubuntu0.2) ...
Processing triggers for ureadahead (0.100.0-16) ...
Setting up libsqlite3-0:amd64 (3.8.2-1ubuntu2.2) ...
Setting up libudev1:amd64 (204-5ubuntu20.31) ...
Setting up udev (204-5ubuntu20.31) ...
[91minvoke-rc.d: policy-rc.d denied execution of restart.
[0mRemoving 'diversion of /bin/udevadm to /bin/udevadm.upgrade by fake-udev'
update-initramfs: deferring update (trigger activated)
Setting up libroken18-heimdal:amd64 (1.6~git20131207+dfsg-1ubuntu1.2) ...
Setting up libasn1-8-heimdal:amd64 (1.6~git20131207+dfsg-1ubuntu1.2) ...
Setting up libasprintf0c2:amd64 (0.18.3.1-1ubuntu3.1) ...
Setting up libkrb5support0:amd64 (1.12+dfsg-2ubuntu5.4) ...
Setting up libk5crypto3:amd64 (1.12+dfsg-2ubuntu5.4) ...
Setting up libkeyutils1:amd64 (1.5.6-1) ...
Setting up libkrb5-3:amd64 (1.12+dfsg-2ubuntu5.4) ...
Setting up libgssapi-krb5-2:amd64 (1.12+dfsg-2ubuntu5.4) ...
Setting up libidn11:amd64 (1.28-1ubuntu2.2) ...
Setting up libhcrypto4-heimdal:amd64 (1.6~git20131207+dfsg-1ubuntu1.2) ...
Setting up libheimbase1-heimdal:amd64 (1.6~git20131207+dfsg-1ubuntu1.2) ...
Setting up libwind0-heimdal:amd64 (1.6~git20131207+dfsg-1ubuntu1.2) ...
Setting up libhx509-5-heimdal:amd64 (1.6~git20131207+dfsg-1ubuntu1.2) ...
Setting up libkrb5-26-heimdal:amd64 (1.6~git20131207+dfsg-1ubuntu1.2) ...
Setting up libheimntlm0-heimdal:amd64 (1.6~git20131207+dfsg-1ubuntu1.2) ...
Setting up libgssapi3-heimdal:amd64 (1.6~git20131207+dfsg-1ubuntu1.2) ...
Setting up libsasl2-modules-db:amd64 (2.1.25.dfsg1-17build1) ...
Setting up libsasl2-2:amd64 (2.1.25.dfsg1-17build1) ...
Setting up libldap-2.4-2:amd64 (2.4.31-1+nmu2ubuntu8.5) ...
Setting up librtmp0:amd64 (2.4+20121230.gitdf6c518-1ubuntu0.1) ...
Setting up libcurl3-gnutls:amd64 (7.35.0-1ubuntu2.20) ...
Setting up libedit2:amd64 (3.1-20130712-2) ...
Setting up libglib2.0-0:amd64 (2.40.2-0ubuntu1.1) ...
No schema files found: doing nothing.
Setting up libusb-1.0-0:amd64 (2:1.0.17-1ubuntu2) ...
Setting up libxau6:amd64 (1:1.0.8-1) ...
Setting up libxdmcp6:amd64 (1:1.1.1-1) ...
Setting up libxcb1:amd64 (1.10-2ubuntu1) ...
Setting up libx11-data (2:1.6.2-1ubuntu2.1) ...
Setting up libx11-6:amd64 (2:1.6.2-1ubuntu2.1) ...
Setting up libxext6:amd64 (2:1.3.2-1ubuntu0.0.14.04.1) ...
Setting up libxml2:amd64 (2.9.1+dfsg1-3ubuntu4.13) ...
Setting up libxmuu1:amd64 (2:1.1.1-1) ...
Setting up sgml-base (1.26+nmu4ubuntu1) ...
Setting up libasan0:amd64 (4.8.4-2ubuntu1~14.04.4) ...
Setting up libatomic1:amd64 (4.8.4-2ubuntu1~14.04.4) ...
Setting up libgmp10:amd64 (2:5.1.3+dfsg-1ubuntu1) ...
Setting up libisl10:amd64 (0.12.2-1) ...
Setting up libcloog-isl4:amd64 (0.18.2-1) ...
Setting up libcroco3:amd64 (0.6.8-2ubuntu1) ...
Setting up libunistring0:amd64 (0.9.3-5ubuntu3) ...
Setting up libgettextpo0:amd64 (0.18.3.1-1ubuntu3.1) ...
Setting up libgomp1:amd64 (4.8.4-2ubuntu1~14.04.4) ...
Setting up libitm1:amd64 (4.8.4-2ubuntu1~14.04.4) ...
Setting up libjpeg-turbo8:amd64 (1.3.0-0ubuntu2.1) ...
Setting up libltdl7:amd64 (2.4.2-1.7ubuntu1) ...
Setting up libmpfr4:amd64 (3.1.2-1) ...
Setting up libquadmath0:amd64 (4.8.4-2ubuntu1~14.04.4) ...
Setting up libsigsegv2:amd64 (2.10-2) ...
Setting up libtsan0:amd64 (4.8.4-2ubuntu1~14.04.4) ...
Setting up libjpeg8:amd64 (8c-2ubuntu8) ...
Setting up libv4lconvert0:amd64 (1.0.1-1) ...
Setting up libv4l-0:amd64 (1.0.1-1) ...
Setting up libfaketime:amd64 (0.9.5-2) ...
Setting up faketime (0.9.5-2) ...
Setting up libmpc3:amd64 (1.0.1-1ubuntu1) ...
Setting up openssl (1.0.1f-1ubuntu2.27) ...
Setting up ca-certificates (20170717~14.04.2) ...
[91mdebconf: unable to initialize frontend: Dialog
debconf: (TERM is not set, so the dialog frontend is not usable.)
debconf: falling back to frontend: Readline
[0m[91mdebconf: unable to initialize frontend: Readline
debconf: (This frontend requires a controlling tty.)
debconf: falling back to frontend: Teletype
[0mSetting up gettext-base (0.18.3.1-1ubuntu3.1) ...
Setting up krb5-locales (1.12+dfsg-2ubuntu5.4) ...
Setting up libglib2.0-data (2.40.2-0ubuntu1.1) ...
Setting up libsasl2-modules:amd64 (2.1.25.dfsg1-17build1) ...
Setting up manpages (3.54-1ubuntu1) ...
Setting up openssh-client (1:6.6p1-2ubuntu2.13) ...
Setting up rsync (3.1.0-2ubuntu0.4) ...
 Removing any system startup links for /etc/init.d/rsync ...
[91mupdate-rc.d: warning: default stop runlevel arguments (0 1 6) do not match rsync Default-Stop values (none)
[0m Adding system startup for /etc/init.d/rsync ...
   /etc/rc0.d/K20rsync -> ../init.d/rsync
   /etc/rc1.d/K20rsync -> ../init.d/rsync
   /etc/rc6.d/K20rsync -> ../init.d/rsync
   /etc/rc2.d/S20rsync -> ../init.d/rsync
   /etc/rc3.d/S20rsync -> ../init.d/rsync
   /etc/rc4.d/S20rsync -> ../init.d/rsync
   /etc/rc5.d/S20rsync -> ../init.d/rsync
[91minvoke-rc.d: policy-rc.d denied execution of restart.
[0mSetting up shared-mime-info (1.2-0ubuntu3) ...
Setting up wget (1.15-1ubuntu1.14.04.5) ...
Setting up xauth (1:1.0.7-1ubuntu1) ...
Setting up xml-core (0.13+nmu2) ...
Setting up m4 (1.4.17-2ubuntu1) ...
Setting up autoconf (2.69-6) ...
Setting up autotools-dev (20130810.1) ...
Setting up automake (1:1.14.1-2ubuntu1) ...
update-alternatives: using /usr/bin/automake-1.14 to provide /usr/bin/automake (automake) in auto mode
Setting up binutils (2.24-5ubuntu14.2) ...
Setting up cpp-4.8 (4.8.4-2ubuntu1~14.04.4) ...
Setting up cpp (4:4.8.2-1ubuntu6) ...
Setting up libgcc-4.8-dev:amd64 (4.8.4-2ubuntu1~14.04.4) ...
Setting up gcc-4.8 (4.8.4-2ubuntu1~14.04.4) ...
Setting up gcc (4:4.8.2-1ubuntu6) ...
Setting up gettext (0.18.3.1-1ubuntu3.1) ...
Setting up liberror-perl (0.17-1.1) ...
Setting up git-man (1:1.9.1-1ubuntu0.10) ...
Setting up git (1:1.9.1-1ubuntu0.10) ...
Setting up libasprintf-dev:amd64 (0.18.3.1-1ubuntu3.1) ...
Setting up libc-dev-bin (2.19-0ubuntu6.15) ...
Setting up linux-libc-dev:amd64 (3.13.0-170.220) ...
Setting up libc6-dev:amd64 (2.19-0ubuntu6.15) ...
Setting up libgettextpo-dev:amd64 (0.18.3.1-1ubuntu3.1) ...
Setting up libltdl-dev:amd64 (2.4.2-1.7ubuntu1) ...
Setting up libtinfo-dev:amd64 (5.9+20140118-1ubuntu1) ...
Setting up libncurses5-dev:amd64 (5.9+20140118-1ubuntu1) ...
Setting up libsqlite3-dev:amd64 (3.8.2-1ubuntu2.2) ...
Setting up zlib1g-dev:amd64 (1:1.2.8.dfsg-1ubuntu1.1) ...
Setting up libssl-dev:amd64 (1.0.1f-1ubuntu2.27) ...
Setting up libssl-doc (1.0.1f-1ubuntu2.27) ...
Setting up libtool (2.4.2-1.7ubuntu1) ...
Setting up libudev-dev (204-5ubuntu20.31) ...
Setting up libusb-1.0-0-dev:amd64 (2:1.0.17-1ubuntu2) ...
Setting up libusb-1.0-doc (2:1.0.17-1ubuntu2) ...
Setting up libzbar0 (0.10+doc-9build1) ...
Setting up make (3.81-8.2ubuntu3) ...
Setting up manpages-dev (3.54-1ubuntu1) ...
Setting up patch (2.7.1-4ubuntu2.4) ...
Setting up xz-utils (5.1.1alpha+20120614-2ubuntu2) ...
update-alternatives: using /usr/bin/xz to provide /usr/bin/lzma (lzma) in auto mode
Setting up libffi-dev:amd64 (3.1~rc1+r3.0.13-12ubuntu0.2) ...
Processing triggers for libc-bin (2.19-0ubuntu6.14) ...
Processing triggers for initramfs-tools (0.103ubuntu4.11) ...
Processing triggers for ca-certificates (20170717~14.04.2) ...
Updating certificates in /etc/ssl/certs... 148 added, 0 removed; done.
Running hooks in /etc/ca-certificates/update.d....done.
Processing triggers for ureadahead (0.100.0-16) ...
Processing triggers for sgml-base (1.26+nmu4ubuntu1) ...
Reading package lists...
Building dependency tree...
Reading state information...
0 upgraded, 0 newly installed, 0 to remove and 0 not upgraded.
Removing intermediate container a0b605b513d7
 ---> d3e9f97f3cf5
Successfully built d3e9f97f3cf5
Successfully tagged binacle:483569916
