Sending build context to Docker daemon  2.048kB
Step 1/7 : FROM fedora:20
20: Pulling from library/fedora
4abd98c7489c: Pulling fs layer
4abd98c7489c: Verifying Checksum
4abd98c7489c: Download complete
4abd98c7489c: Pull complete
Digest: sha256:5d5a02b873d298da9bca4b84440c5cd698b0832560c850d92cf389cef58bc549
Status: Downloaded newer image for fedora:20
 ---> ba74bddb630e
Step 2/7 : MAINTAINER http://fedoraproject.org/wiki/Cloud
 ---> Running in bf8b698977db
Removing intermediate container bf8b698977db
 ---> 18c07a3b5ddb
Step 3/7 : RUN  yum -y update && yum clean all
 ---> Running in 7f88f7a8b137
No packages marked for update
Cleaning repos: fedora updates
Cleaning up everything
Removing intermediate container 7f88f7a8b137
 ---> 47afaddc642f
Step 4/7 : RUN  yum -y install couchdb && yum clean all
 ---> Running in eda358cd5de4
Resolving Dependencies
--> Running transaction check
---> Package couchdb.x86_64 0:1.6.1-4.fc20 will be installed
--> Processing Dependency: erlang(erl_nif_version) = 2.4 for package: couchdb-1.6.1-4.fc20.x86_64
--> Processing Dependency: erlang(erl_drv_version) = 2.2 for package: couchdb-1.6.1-4.fc20.x86_64
--> Processing Dependency: erlang-stdlib(x86-64) >= R13B for package: couchdb-1.6.1-4.fc20.x86_64
--> Processing Dependency: erlang-ibrowse(x86-64) >= 4.0.1 for package: couchdb-1.6.1-4.fc20.x86_64
--> Processing Dependency: erlang-erts(x86-64) >= R13B for package: couchdb-1.6.1-4.fc20.x86_64
--> Processing Dependency: erlang-xmerl(x86-64) for package: couchdb-1.6.1-4.fc20.x86_64
--> Processing Dependency: erlang-tools(x86-64) for package: couchdb-1.6.1-4.fc20.x86_64
--> Processing Dependency: erlang-ssl(x86-64) for package: couchdb-1.6.1-4.fc20.x86_64
--> Processing Dependency: erlang-snappy(x86-64) for package: couchdb-1.6.1-4.fc20.x86_64
--> Processing Dependency: erlang-sd_notify(x86-64) for package: couchdb-1.6.1-4.fc20.x86_64
--> Processing Dependency: erlang-os_mon(x86-64) for package: couchdb-1.6.1-4.fc20.x86_64
--> Processing Dependency: erlang-oauth(x86-64) for package: couchdb-1.6.1-4.fc20.x86_64
--> Processing Dependency: erlang-mochiweb(x86-64) for package: couchdb-1.6.1-4.fc20.x86_64
--> Processing Dependency: erlang-kernel(x86-64) for package: couchdb-1.6.1-4.fc20.x86_64
--> Processing Dependency: erlang-inets(x86-64) for package: couchdb-1.6.1-4.fc20.x86_64
--> Processing Dependency: erlang-crypto(x86-64) for package: couchdb-1.6.1-4.fc20.x86_64
--> Processing Dependency: libmozjs185.so.1.0()(64bit) for package: couchdb-1.6.1-4.fc20.x86_64
--> Processing Dependency: libicuuc.so.50()(64bit) for package: couchdb-1.6.1-4.fc20.x86_64
--> Processing Dependency: libicui18n.so.50()(64bit) for package: couchdb-1.6.1-4.fc20.x86_64
--> Processing Dependency: libicudata.so.50()(64bit) for package: couchdb-1.6.1-4.fc20.x86_64
--> Running transaction check
---> Package erlang-crypto.x86_64 0:R16B-03.10.fc20 will be installed
---> Package erlang-erts.x86_64 0:R16B-03.10.fc20 will be installed
--> Processing Dependency: lksctp-tools for package: erlang-erts-R16B-03.10.fc20.x86_64
---> Package erlang-ibrowse.x86_64 0:4.0.1-1.fc20 will be installed
---> Package erlang-inets.x86_64 0:R16B-03.10.fc20 will be installed
--> Processing Dependency: erlang-runtime_tools(x86-64) = R16B-03.10.fc20 for package: erlang-inets-R16B-03.10.fc20.x86_64
--> Processing Dependency: erlang-mnesia(x86-64) = R16B-03.10.fc20 for package: erlang-inets-R16B-03.10.fc20.x86_64
---> Package erlang-kernel.x86_64 0:R16B-03.10.fc20 will be installed
---> Package erlang-mochiweb.x86_64 0:2.4.2-3.fc20 will be installed
--> Processing Dependency: erlang-syntax_tools(x86-64) for package: erlang-mochiweb-2.4.2-3.fc20.x86_64
--> Processing Dependency: erlang-compiler(x86-64) for package: erlang-mochiweb-2.4.2-3.fc20.x86_64
---> Package erlang-oauth.x86_64 0:1.4.0-1.fc20 will be installed
--> Processing Dependency: erlang-public_key >= R14B for package: erlang-oauth-1.4.0-1.fc20.x86_64
---> Package erlang-os_mon.x86_64 0:R16B-03.10.fc20 will be installed
--> Processing Dependency: erlang-snmp(x86-64) = R16B-03.10.fc20 for package: erlang-os_mon-R16B-03.10.fc20.x86_64
--> Processing Dependency: erlang-sasl(x86-64) = R16B-03.10.fc20 for package: erlang-os_mon-R16B-03.10.fc20.x86_64
--> Processing Dependency: erlang-otp_mibs(x86-64) = R16B-03.10.fc20 for package: erlang-os_mon-R16B-03.10.fc20.x86_64
---> Package erlang-sd_notify.x86_64 0:0.1-1.fc20 will be installed
---> Package erlang-snappy.x86_64 0:1.0.3-0.5.git80db168.fc20 will be installed
--> Processing Dependency: libsnappy.so.1()(64bit) for package: erlang-snappy-1.0.3-0.5.git80db168.fc20.x86_64
---> Package erlang-ssl.x86_64 0:R16B-03.10.fc20 will be installed
---> Package erlang-stdlib.x86_64 0:R16B-03.10.fc20 will be installed
---> Package erlang-tools.x86_64 0:R16B-03.10.fc20 will be installed
---> Package erlang-xmerl.x86_64 0:R16B-03.10.fc20 will be installed
---> Package js.x86_64 1:1.8.5-14.fc20 will be installed
---> Package libicu.x86_64 0:50.1.2-12.fc20 will be installed
--> Running transaction check
---> Package erlang-compiler.x86_64 0:R16B-03.10.fc20 will be installed
--> Processing Dependency: erlang-hipe(x86-64) = R16B-03.10.fc20 for package: erlang-compiler-R16B-03.10.fc20.x86_64
---> Package erlang-mnesia.x86_64 0:R16B-03.10.fc20 will be installed
---> Package erlang-otp_mibs.x86_64 0:R16B-03.10.fc20 will be installed
---> Package erlang-public_key.x86_64 0:R16B-03.10.fc20 will be installed
--> Processing Dependency: erlang-asn1(x86-64) = R16B-03.10.fc20 for package: erlang-public_key-R16B-03.10.fc20.x86_64
---> Package erlang-runtime_tools.x86_64 0:R16B-03.10.fc20 will be installed
---> Package erlang-sasl.x86_64 0:R16B-03.10.fc20 will be installed
---> Package erlang-snmp.x86_64 0:R16B-03.10.fc20 will be installed
---> Package erlang-syntax_tools.x86_64 0:R16B-03.10.fc20 will be installed
---> Package lksctp-tools.x86_64 0:1.0.15-2.fc20 will be installed
---> Package snappy.x86_64 0:1.1.0-2.fc20 will be installed
--> Running transaction check
---> Package erlang-asn1.x86_64 0:R16B-03.10.fc20 will be installed
---> Package erlang-hipe.x86_64 0:R16B-03.10.fc20 will be installed
--> Finished Dependency Resolution

Dependencies Resolved

================================================================================
 Package                Arch     Version                        Repository
                                                                           Size
================================================================================
Installing:
 couchdb                x86_64   1.6.1-4.fc20                   updates   4.1 M
Installing for dependencies:
 erlang-asn1            x86_64   R16B-03.10.fc20                updates   757 k
 erlang-compiler        x86_64   R16B-03.10.fc20                updates   1.0 M
 erlang-crypto          x86_64   R16B-03.10.fc20                updates    85 k
 erlang-erts            x86_64   R16B-03.10.fc20                updates   2.4 M
 erlang-hipe            x86_64   R16B-03.10.fc20                updates   2.4 M
 erlang-ibrowse         x86_64   4.0.1-1.fc20                   updates   108 k
 erlang-inets           x86_64   R16B-03.10.fc20                updates   799 k
 erlang-kernel          x86_64   R16B-03.10.fc20                updates   1.1 M
 erlang-mnesia          x86_64   R16B-03.10.fc20                updates   699 k
 erlang-mochiweb        x86_64   2.4.2-3.fc20                   fedora    278 k
 erlang-oauth           x86_64   1.4.0-1.fc20                   updates    26 k
 erlang-os_mon          x86_64   R16B-03.10.fc20                updates   114 k
 erlang-otp_mibs        x86_64   R16B-03.10.fc20                updates    31 k
 erlang-public_key      x86_64   R16B-03.10.fc20                updates   537 k
 erlang-runtime_tools   x86_64   R16B-03.10.fc20                updates   178 k
 erlang-sasl            x86_64   R16B-03.10.fc20                updates   292 k
 erlang-sd_notify       x86_64   0.1-1.fc20                     updates   9.1 k
 erlang-snappy          x86_64   1.0.3-0.5.git80db168.fc20      fedora     14 k
 erlang-snmp            x86_64   R16B-03.10.fc20                updates   1.5 M
 erlang-ssl             x86_64   R16B-03.10.fc20                updates   585 k
 erlang-stdlib          x86_64   R16B-03.10.fc20                updates   2.2 M
 erlang-syntax_tools    x86_64   R16B-03.10.fc20                updates   335 k
 erlang-tools           x86_64   R16B-03.10.fc20                updates   565 k
 erlang-xmerl           x86_64   R16B-03.10.fc20                updates   997 k
 js                     x86_64   1:1.8.5-14.fc20                fedora    2.3 M
 libicu                 x86_64   50.1.2-12.fc20                 updates   6.9 M
 lksctp-tools           x86_64   1.0.15-2.fc20                  fedora     88 k
 snappy                 x86_64   1.1.0-2.fc20                   fedora     40 k

Transaction Summary
================================================================================
Install  1 Package (+28 Dependent packages)

Total download size: 30 M
Installed size: 74 M
Downloading packages:
[91mwarning: /var/cache/yum/x86_64/20/updates/packages/couchdb-1.6.1-4.fc20.x86_64.rpm: Header V3 RSA/SHA256 Signature, key ID 246110c1: NOKEY
[0mPublic key for couchdb-1.6.1-4.fc20.x86_64.rpm is not installed
Public key for erlang-mochiweb-2.4.2-3.fc20.x86_64.rpm is not installed
--------------------------------------------------------------------------------
Total                                              7.0 MB/s |  30 MB  00:04     
Retrieving key from file:///etc/pki/rpm-gpg/RPM-GPG-KEY-fedora-20-x86_64
[91mImporting GPG key 0x246110C1:
 Userid     : "Fedora (20) <fedora@fedoraproject.org>"
 Fingerprint: c7c9 a9c8 9153 f201 83ce 7cba 2eb1 61fa 2461 10c1
 Package    : fedora-release-20-4.noarch (@fedora-updates/$releasever)
 From       : /etc/pki/rpm-gpg/RPM-GPG-KEY-fedora-20-x86_64
[0mRunning transaction check
Running transaction test
Transaction test succeeded
Running transaction
  Installing : libicu-50.1.2-12.fc20.x86_64                                1/29 
  Installing : lksctp-tools-1.0.15-2.fc20.x86_64                           2/29 
  Installing : erlang-kernel-R16B-03.10.fc20.x86_64                        3/29 
  Installing : erlang-erts-R16B-03.10.fc20.x86_64                          4/29 
  Installing : erlang-crypto-R16B-03.10.fc20.x86_64                        5/29 
  Installing : erlang-stdlib-R16B-03.10.fc20.x86_64                        6/29 
  Installing : erlang-syntax_tools-R16B-03.10.fc20.x86_64                  7/29 
  Installing : erlang-compiler-R16B-03.10.fc20.x86_64                      8/29 
  Installing : erlang-hipe-R16B-03.10.fc20.x86_64                          9/29 
  Installing : erlang-mnesia-R16B-03.10.fc20.x86_64                       10/29 
  Installing : erlang-runtime_tools-R16B-03.10.fc20.x86_64                11/29 
  Installing : erlang-snmp-R16B-03.10.fc20.x86_64                         12/29 
  Installing : erlang-xmerl-R16B-03.10.fc20.x86_64                        13/29 
  Installing : erlang-otp_mibs-R16B-03.10.fc20.x86_64                     14/29 
  Installing : erlang-sd_notify-0.1-1.fc20.x86_64                         15/29 
  Installing : erlang-asn1-R16B-03.10.fc20.x86_64                         16/29 
  Installing : erlang-public_key-R16B-03.10.fc20.x86_64                   17/29 
  Installing : erlang-ssl-R16B-03.10.fc20.x86_64                          18/29 
  Installing : erlang-inets-R16B-03.10.fc20.x86_64                        19/29 
  Installing : erlang-tools-R16B-03.10.fc20.x86_64                        20/29 
  Installing : erlang-sasl-R16B-03.10.fc20.x86_64                         21/29 
  Installing : erlang-os_mon-R16B-03.10.fc20.x86_64                       22/29 
  Installing : erlang-oauth-1.4.0-1.fc20.x86_64                           23/29 
  Installing : erlang-mochiweb-2.4.2-3.fc20.x86_64                        24/29 
  Installing : erlang-ibrowse-4.0.1-1.fc20.x86_64                         25/29 
  Installing : snappy-1.1.0-2.fc20.x86_64                                 26/29 
  Installing : erlang-snappy-1.0.3-0.5.git80db168.fc20.x86_64             27/29 
  Installing : 1:js-1.8.5-14.fc20.x86_64                                  28/29 
  Installing : couchdb-1.6.1-4.fc20.x86_64                                29/29 
  Verifying  : erlang-tools-R16B-03.10.fc20.x86_64                         1/29 
  Verifying  : erlang-syntax_tools-R16B-03.10.fc20.x86_64                  2/29 
  Verifying  : erlang-runtime_tools-R16B-03.10.fc20.x86_64                 3/29 
  Verifying  : erlang-sasl-R16B-03.10.fc20.x86_64                          4/29 
  Verifying  : erlang-os_mon-R16B-03.10.fc20.x86_64                        5/29 
  Verifying  : erlang-sd_notify-0.1-1.fc20.x86_64                          6/29 
  Verifying  : erlang-mnesia-R16B-03.10.fc20.x86_64                        7/29 
  Verifying  : erlang-compiler-R16B-03.10.fc20.x86_64                      8/29 
  Verifying  : couchdb-1.6.1-4.fc20.x86_64                                 9/29 
  Verifying  : erlang-public_key-R16B-03.10.fc20.x86_64                   10/29 
  Verifying  : erlang-xmerl-R16B-03.10.fc20.x86_64                        11/29 
  Verifying  : 1:js-1.8.5-14.fc20.x86_64                                  12/29 
  Verifying  : erlang-kernel-R16B-03.10.fc20.x86_64                       13/29 
  Verifying  : erlang-otp_mibs-R16B-03.10.fc20.x86_64                     14/29 
  Verifying  : erlang-inets-R16B-03.10.fc20.x86_64                        15/29 
  Verifying  : snappy-1.1.0-2.fc20.x86_64                                 16/29 
  Verifying  : erlang-erts-R16B-03.10.fc20.x86_64                         17/29 
  Verifying  : erlang-snappy-1.0.3-0.5.git80db168.fc20.x86_64             18/29 
  Verifying  : erlang-stdlib-R16B-03.10.fc20.x86_64                       19/29 
  Verifying  : erlang-ibrowse-4.0.1-1.fc20.x86_64                         20/29 
  Verifying  : erlang-ssl-R16B-03.10.fc20.x86_64                          21/29 
  Verifying  : lksctp-tools-1.0.15-2.fc20.x86_64                          22/29 
  Verifying  : erlang-oauth-1.4.0-1.fc20.x86_64                           23/29 
  Verifying  : erlang-snmp-R16B-03.10.fc20.x86_64                         24/29 
  Verifying  : erlang-mochiweb-2.4.2-3.fc20.x86_64                        25/29 
  Verifying  : erlang-crypto-R16B-03.10.fc20.x86_64                       26/29 
  Verifying  : libicu-50.1.2-12.fc20.x86_64                               27/29 
  Verifying  : erlang-asn1-R16B-03.10.fc20.x86_64                         28/29 
  Verifying  : erlang-hipe-R16B-03.10.fc20.x86_64                         29/29 

Installed:
  couchdb.x86_64 0:1.6.1-4.fc20                                                 

Dependency Installed:
  erlang-asn1.x86_64 0:R16B-03.10.fc20                                          
  erlang-compiler.x86_64 0:R16B-03.10.fc20                                      
  erlang-crypto.x86_64 0:R16B-03.10.fc20                                        
  erlang-erts.x86_64 0:R16B-03.10.fc20                                          
  erlang-hipe.x86_64 0:R16B-03.10.fc20                                          
  erlang-ibrowse.x86_64 0:4.0.1-1.fc20                                          
  erlang-inets.x86_64 0:R16B-03.10.fc20                                         
  erlang-kernel.x86_64 0:R16B-03.10.fc20                                        
  erlang-mnesia.x86_64 0:R16B-03.10.fc20                                        
  erlang-mochiweb.x86_64 0:2.4.2-3.fc20                                         
  erlang-oauth.x86_64 0:1.4.0-1.fc20                                            
  erlang-os_mon.x86_64 0:R16B-03.10.fc20                                        
  erlang-otp_mibs.x86_64 0:R16B-03.10.fc20                                      
  erlang-public_key.x86_64 0:R16B-03.10.fc20                                    
  erlang-runtime_tools.x86_64 0:R16B-03.10.fc20                                 
  erlang-sasl.x86_64 0:R16B-03.10.fc20                                          
  erlang-sd_notify.x86_64 0:0.1-1.fc20                                          
  erlang-snappy.x86_64 0:1.0.3-0.5.git80db168.fc20                              
  erlang-snmp.x86_64 0:R16B-03.10.fc20                                          
  erlang-ssl.x86_64 0:R16B-03.10.fc20                                           
  erlang-stdlib.x86_64 0:R16B-03.10.fc20                                        
  erlang-syntax_tools.x86_64 0:R16B-03.10.fc20                                  
  erlang-tools.x86_64 0:R16B-03.10.fc20                                         
  erlang-xmerl.x86_64 0:R16B-03.10.fc20                                         
  js.x86_64 1:1.8.5-14.fc20                                                     
  libicu.x86_64 0:50.1.2-12.fc20                                                
  lksctp-tools.x86_64 0:1.0.15-2.fc20                                           
  snappy.x86_64 0:1.1.0-2.fc20                                                  

Complete!
Cleaning repos: fedora updates
Cleaning up everything
Removing intermediate container eda358cd5de4
 ---> 5f6ec505115e
Step 5/7 : RUN  sed -e 's/^bind_address = .*$/bind_address = 0.0.0.0/' -i /etc/couchdb/default.ini
 ---> Running in 15d233eb30cb
Removing intermediate container 15d233eb30cb
 ---> c8abe91ed4c4
Step 6/7 : EXPOSE  5984
 ---> Running in b92f71195e77
Removing intermediate container b92f71195e77
 ---> 280d7e0f1a2c
Step 7/7 : CMD ["/bin/sh", "-e", "/usr/bin/couchdb", "-a", "/etc/couchdb/default.ini", "-a", "/etc/couchdb/local.ini", "-b", "-r", "5", "-p", "/var/run/couchdb/couchdb.pid", "-o", "/dev/null", "-e", "/dev/null", "-R"]
 ---> Running in c30274cfa8b8
Removing intermediate container c30274cfa8b8
 ---> 73d567697d6f
Successfully built 73d567697d6f
Successfully tagged binacle:483733126
