Sending build context to Docker daemon  2.048kB
Step 1/2 : FROM ruby:alpine
alpine: Pulling from library/ruby
aad63a933944: Pulling fs layer
cca28d9d22b9: Pulling fs layer
e46ee7bc75f6: Pulling fs layer
0f1bb95caf3b: Pulling fs layer
c9e95017f9d8: Pulling fs layer
0f1bb95caf3b: Waiting
c9e95017f9d8: Waiting
e46ee7bc75f6: Verifying Checksum
e46ee7bc75f6: Download complete
cca28d9d22b9: Verifying Checksum
cca28d9d22b9: Download complete
aad63a933944: Verifying Checksum
aad63a933944: Download complete
aad63a933944: Pull complete
c9e95017f9d8: Verifying Checksum
c9e95017f9d8: Download complete
cca28d9d22b9: Pull complete
e46ee7bc75f6: Pull complete
0f1bb95caf3b: Verifying Checksum
0f1bb95caf3b: Download complete
0f1bb95caf3b: Pull complete
c9e95017f9d8: Pull complete
Digest: sha256:def43b16e1786b911acae7303c1a88b4b158c820b28b7f4deb84664a6c4f1e16
Status: Downloaded newer image for ruby:alpine
 ---> b94a71e90222
Step 2/2 : ENTRYPOINT ["ruby"]
 ---> Running in 763cfb49d5a0
Removing intermediate container 763cfb49d5a0
 ---> c1f52d442026
Successfully built c1f52d442026
Successfully tagged binacle:483733059
