Sending build context to Docker daemon  2.048kB
Step 1/5 : FROM php:7.3.1-cli-alpine
7.3.1-cli-alpine: Pulling from library/php
6c40cc604d8e: Pulling fs layer
a4af09669d6b: Pulling fs layer
ba64579e88cb: Pulling fs layer
1d54458d46b3: Pulling fs layer
8893a3bf6c21: Pulling fs layer
d7376ed19765: Pulling fs layer
0ddf1a381475: Pulling fs layer
b2ef81c7c3c7: Pulling fs layer
6e99d7df3857: Pulling fs layer
8893a3bf6c21: Waiting
d7376ed19765: Waiting
0ddf1a381475: Waiting
b2ef81c7c3c7: Waiting
6e99d7df3857: Waiting
1d54458d46b3: Waiting
ba64579e88cb: Download complete
a4af09669d6b: Download complete
6c40cc604d8e: Verifying Checksum
6c40cc604d8e: Download complete
1d54458d46b3: Verifying Checksum
1d54458d46b3: Download complete
6c40cc604d8e: Pull complete
d7376ed19765: Verifying Checksum
d7376ed19765: Download complete
a4af09669d6b: Pull complete
ba64579e88cb: Pull complete
8893a3bf6c21: Verifying Checksum
8893a3bf6c21: Download complete
1d54458d46b3: Pull complete
b2ef81c7c3c7: Verifying Checksum
b2ef81c7c3c7: Download complete
8893a3bf6c21: Pull complete
0ddf1a381475: Verifying Checksum
0ddf1a381475: Download complete
6e99d7df3857: Download complete
d7376ed19765: Pull complete
0ddf1a381475: Pull complete
b2ef81c7c3c7: Pull complete
6e99d7df3857: Pull complete
Digest: sha256:378ad1237824920e1574957ff67d2af60b7e3666db977db809ca5cec7dae7f35
Status: Downloaded newer image for php:7.3.1-cli-alpine
 ---> 05bf5fbc37ac
Step 2/5 : RUN apk update && apk upgrade && apk add bash
 ---> Running in e742fae0d00a
fetch http://dl-cdn.alpinelinux.org/alpine/v3.9/main/x86_64/APKINDEX.tar.gz
fetch http://dl-cdn.alpinelinux.org/alpine/v3.9/community/x86_64/APKINDEX.tar.gz
v3.9.5-28-gcca1978fca [http://dl-cdn.alpinelinux.org/alpine/v3.9/main]
v3.9.5-14-g437bc75312 [http://dl-cdn.alpinelinux.org/alpine/v3.9/community]
OK: 9788 distinct packages available
(1/12) Upgrading musl (1.1.20-r3 -> 1.1.20-r5)
(2/12) Upgrading libcrypto1.1 (1.1.1a-r1 -> 1.1.1d-r2)
(3/12) Upgrading nghttp2-libs (1.35.1-r0 -> 1.35.1-r1)
(4/12) Upgrading libssh2 (1.8.0-r4 -> 1.9.0-r1)
(5/12) Upgrading libssl1.1 (1.1.1a-r1 -> 1.1.1d-r2)
(6/12) Upgrading libcurl (7.63.0-r0 -> 7.64.0-r3)
(7/12) Upgrading curl (7.63.0-r0 -> 7.64.0-r3)
(8/12) Upgrading tar (1.31-r0 -> 1.32-r0)
(9/12) Upgrading openssl (1.1.1a-r1 -> 1.1.1d-r2)
(10/12) Upgrading argon2-libs (20171227-r1 -> 20171227-r2)
(11/12) Upgrading libxml2 (2.9.9-r0 -> 2.9.9-r2)
(12/12) Upgrading musl-utils (1.1.20-r3 -> 1.1.20-r5)
Executing busybox-1.29.3-r10.trigger
Executing ca-certificates-20190108-r0.trigger
OK: 18 MiB in 32 packages
(1/2) Installing readline (7.0.003-r1)
(2/2) Installing bash (4.4.19-r1)
Executing bash-4.4.19-r1.post-install
Executing busybox-1.29.3-r10.trigger
OK: 19 MiB in 34 packages
Removing intermediate container e742fae0d00a
 ---> 8d2a172c30b0
Step 3/5 : RUN docker-php-ext-install sockets bcmath pdo_mysql
 ---> Running in e5e3f364c19f
fetch http://dl-cdn.alpinelinux.org/alpine/v3.9/main/x86_64/APKINDEX.tar.gz
fetch http://dl-cdn.alpinelinux.org/alpine/v3.9/community/x86_64/APKINDEX.tar.gz
(1/25) Installing m4 (1.4.18-r1)
(2/25) Installing libbz2 (1.0.6-r7)
(3/25) Installing perl (5.26.3-r0)
(4/25) Installing autoconf (2.69-r2)
(5/25) Installing pkgconf (1.6.0-r0)
(6/25) Installing dpkg-dev (1.19.2-r0)
(7/25) Installing dpkg (1.19.2-r0)
(8/25) Installing libmagic (5.36-r1)
(9/25) Installing file (5.36-r1)
(10/25) Installing libgcc (8.3.0-r0)
(11/25) Installing libstdc++ (8.3.0-r0)
(12/25) Installing binutils (2.31.1-r2)
(13/25) Installing gmp (6.1.2-r1)
(14/25) Installing isl (0.18-r0)
(15/25) Installing libgomp (8.3.0-r0)
(16/25) Installing libatomic (8.3.0-r0)
(17/25) Installing mpfr3 (3.1.5-r1)
(18/25) Installing mpc1 (1.0.3-r1)
(19/25) Installing gcc (8.3.0-r0)
(20/25) Installing musl-dev (1.1.20-r5)
(21/25) Installing libc-dev (0.7.1-r0)
(22/25) Installing g++ (8.3.0-r0)
(23/25) Installing make (4.2.1-r2)
(24/25) Installing re2c (1.1.1-r0)
(25/25) Installing .phpize-deps (0)
Executing busybox-1.29.3-r10.trigger
OK: 219 MiB in 59 packages
Configuring for:
PHP Api Version:         20180731
Zend Module Api No:      20180731
Zend Extension Api No:   320180731
checking for grep that handles long lines and -e... /bin/grep
checking for egrep... /bin/grep -E
checking for a sed that does not truncate output... /bin/sed
checking for cc... cc
checking whether the C compiler works... yes
checking for C compiler default output file name... a.out
checking for suffix of executables... 
checking whether we are cross compiling... no
checking for suffix of object files... o
checking whether we are using the GNU C compiler... yes
checking whether cc accepts -g... yes
checking for cc option to accept ISO C89... none needed
checking how to run the C preprocessor... cc -E
checking for icc... no
checking for suncc... no
checking whether cc understands -c and -o together... yes
checking for system library directory... lib
checking if compiler supports -R... no
checking if compiler supports -Wl,-rpath,... yes
checking build system type... x86_64-pc-linux-musl
checking host system type... x86_64-pc-linux-musl
checking target system type... x86_64-pc-linux-musl
checking for PHP prefix... /usr/local
checking for PHP includes... -I/usr/local/include/php -I/usr/local/include/php/main -I/usr/local/include/php/TSRM -I/usr/local/include/php/Zend -I/usr/local/include/php/ext -I/usr/local/include/php/ext/date/lib
checking for PHP extension directory... /usr/local/lib/php/extensions/no-debug-non-zts-20180731
checking for PHP installed headers prefix... /usr/local/include/php
checking if debug is enabled... no
checking if zts is enabled... no
checking for re2c... re2c
checking for re2c version... 1.1.1 (ok)
checking for gawk... no
checking for nawk... no
checking for awk... awk
checking if awk is broken... no
checking whether to enable sockets support... yes, shared
checking for struct cmsghdr... yes
checking for hstrerror... yes
checking for socketpair... yes
checking for if_nametoindex... yes
checking for if_indextoname... yes
checking for ANSI C header files... yes
checking for sys/types.h... yes
checking for sys/stat.h... yes
checking for stdlib.h... yes
checking for string.h... yes
checking for memory.h... yes
checking for strings.h... yes
checking for inttypes.h... yes
checking for stdint.h... yes
checking for unistd.h... yes
checking netdb.h usability... yes
checking netdb.h presence... yes
checking for netdb.h... yes
checking netinet/tcp.h usability... yes
checking netinet/tcp.h presence... yes
checking for netinet/tcp.h... yes
checking sys/un.h usability... yes
checking sys/un.h presence... yes
checking for sys/un.h... yes
checking sys/sockio.h usability... no
checking sys/sockio.h presence... no
checking for sys/sockio.h... no
checking errno.h usability... yes
checking errno.h presence... yes
checking for errno.h... yes
checking for field ss_family in struct sockaddr_storage... yes
checking if getaddrinfo supports AI_V4MAPPED... yes
checking if getaddrinfo supports AI_ALL... yes
checking if getaddrinfo supports AI_IDN... no
checking for ld used by cc... /usr/x86_64-alpine-linux-musl/bin/ld
checking if the linker (/usr/x86_64-alpine-linux-musl/bin/ld) is GNU ld... yes
checking for /usr/x86_64-alpine-linux-musl/bin/ld option to reload object files... -r
checking for BSD-compatible nm... /usr/bin/nm -B
checking whether ln -s works... yes
checking how to recognize dependent libraries... pass_all
checking dlfcn.h usability... yes
checking dlfcn.h presence... yes
checking for dlfcn.h... yes
checking the maximum length of command line arguments... 98304
checking command to parse /usr/bin/nm -B output from cc object... ok
checking for objdir... .libs
checking for ar... ar
checking for ranlib... ranlib
checking for strip... strip
checking if cc supports -fno-rtti -fno-exceptions... no
checking for cc option to produce PIC... -fPIC
checking if cc PIC flag -fPIC works... yes
checking if cc static flag -static works... yes
checking if cc supports -c -o file.o... yes
checking whether the cc linker (/usr/x86_64-alpine-linux-musl/bin/ld -m elf_x86_64) supports shared libraries... yes
checking whether -lc should be explicitly linked in... no
checking dynamic linker characteristics... GNU/Linux ld.so
checking how to hardcode library paths into programs... immediate
checking whether stripping libraries is possible... yes
checking if libtool supports shared libraries... yes
checking whether to build shared libraries... yes
checking whether to build static libraries... no

creating libtool
appending configuration tag "CXX" to libtool
configure: creating ./config.status
config.status: creating config.h
/bin/sh /usr/src/php/ext/sockets/libtool --mode=compile cc -DZEND_ENABLE_STATIC_TSRMLS_CACHE=1 -I. -I/usr/src/php/ext/sockets -DPHP_ATOM_INC -I/usr/src/php/ext/sockets/include -I/usr/src/php/ext/sockets/main -I/usr/src/php/ext/sockets -I/usr/local/include/php -I/usr/local/include/php/main -I/usr/local/include/php/TSRM -I/usr/local/include/php/Zend -I/usr/local/include/php/ext -I/usr/local/include/php/ext/date/lib  -fstack-protector-strong -fpic -fpie -O2 -DHAVE_CONFIG_H  -fstack-protector-strong -fpic -fpie -O2   -c /usr/src/php/ext/sockets/sockets.c -o sockets.lo 
mkdir .libs
 cc -DZEND_ENABLE_STATIC_TSRMLS_CACHE=1 -I. -I/usr/src/php/ext/sockets -DPHP_ATOM_INC -I/usr/src/php/ext/sockets/include -I/usr/src/php/ext/sockets/main -I/usr/src/php/ext/sockets -I/usr/local/include/php -I/usr/local/include/php/main -I/usr/local/include/php/TSRM -I/usr/local/include/php/Zend -I/usr/local/include/php/ext -I/usr/local/include/php/ext/date/lib -fstack-protector-strong -fpic -fpie -O2 -DHAVE_CONFIG_H -fstack-protector-strong -fpic -fpie -O2 -c /usr/src/php/ext/sockets/sockets.c  -fPIC -DPIC -o .libs/sockets.o
/bin/sh /usr/src/php/ext/sockets/libtool --mode=compile cc -DZEND_ENABLE_STATIC_TSRMLS_CACHE=1 -I. -I/usr/src/php/ext/sockets -DPHP_ATOM_INC -I/usr/src/php/ext/sockets/include -I/usr/src/php/ext/sockets/main -I/usr/src/php/ext/sockets -I/usr/local/include/php -I/usr/local/include/php/main -I/usr/local/include/php/TSRM -I/usr/local/include/php/Zend -I/usr/local/include/php/ext -I/usr/local/include/php/ext/date/lib  -fstack-protector-strong -fpic -fpie -O2 -DHAVE_CONFIG_H  -fstack-protector-strong -fpic -fpie -O2   -c /usr/src/php/ext/sockets/multicast.c -o multicast.lo 
 cc -DZEND_ENABLE_STATIC_TSRMLS_CACHE=1 -I. -I/usr/src/php/ext/sockets -DPHP_ATOM_INC -I/usr/src/php/ext/sockets/include -I/usr/src/php/ext/sockets/main -I/usr/src/php/ext/sockets -I/usr/local/include/php -I/usr/local/include/php/main -I/usr/local/include/php/TSRM -I/usr/local/include/php/Zend -I/usr/local/include/php/ext -I/usr/local/include/php/ext/date/lib -fstack-protector-strong -fpic -fpie -O2 -DHAVE_CONFIG_H -fstack-protector-strong -fpic -fpie -O2 -c /usr/src/php/ext/sockets/multicast.c  -fPIC -DPIC -o .libs/multicast.o
/bin/sh /usr/src/php/ext/sockets/libtool --mode=compile cc -DZEND_ENABLE_STATIC_TSRMLS_CACHE=1 -I. -I/usr/src/php/ext/sockets -DPHP_ATOM_INC -I/usr/src/php/ext/sockets/include -I/usr/src/php/ext/sockets/main -I/usr/src/php/ext/sockets -I/usr/local/include/php -I/usr/local/include/php/main -I/usr/local/include/php/TSRM -I/usr/local/include/php/Zend -I/usr/local/include/php/ext -I/usr/local/include/php/ext/date/lib  -fstack-protector-strong -fpic -fpie -O2 -DHAVE_CONFIG_H  -fstack-protector-strong -fpic -fpie -O2   -c /usr/src/php/ext/sockets/conversions.c -o conversions.lo 
 cc -DZEND_ENABLE_STATIC_TSRMLS_CACHE=1 -I. -I/usr/src/php/ext/sockets -DPHP_ATOM_INC -I/usr/src/php/ext/sockets/include -I/usr/src/php/ext/sockets/main -I/usr/src/php/ext/sockets -I/usr/local/include/php -I/usr/local/include/php/main -I/usr/local/include/php/TSRM -I/usr/local/include/php/Zend -I/usr/local/include/php/ext -I/usr/local/include/php/ext/date/lib -fstack-protector-strong -fpic -fpie -O2 -DHAVE_CONFIG_H -fstack-protector-strong -fpic -fpie -O2 -c /usr/src/php/ext/sockets/conversions.c  -fPIC -DPIC -o .libs/conversions.o
/bin/sh /usr/src/php/ext/sockets/libtool --mode=compile cc -DZEND_ENABLE_STATIC_TSRMLS_CACHE=1 -I. -I/usr/src/php/ext/sockets -DPHP_ATOM_INC -I/usr/src/php/ext/sockets/include -I/usr/src/php/ext/sockets/main -I/usr/src/php/ext/sockets -I/usr/local/include/php -I/usr/local/include/php/main -I/usr/local/include/php/TSRM -I/usr/local/include/php/Zend -I/usr/local/include/php/ext -I/usr/local/include/php/ext/date/lib  -fstack-protector-strong -fpic -fpie -O2 -DHAVE_CONFIG_H  -fstack-protector-strong -fpic -fpie -O2   -c /usr/src/php/ext/sockets/sockaddr_conv.c -o sockaddr_conv.lo 
 cc -DZEND_ENABLE_STATIC_TSRMLS_CACHE=1 -I. -I/usr/src/php/ext/sockets -DPHP_ATOM_INC -I/usr/src/php/ext/sockets/include -I/usr/src/php/ext/sockets/main -I/usr/src/php/ext/sockets -I/usr/local/include/php -I/usr/local/include/php/main -I/usr/local/include/php/TSRM -I/usr/local/include/php/Zend -I/usr/local/include/php/ext -I/usr/local/include/php/ext/date/lib -fstack-protector-strong -fpic -fpie -O2 -DHAVE_CONFIG_H -fstack-protector-strong -fpic -fpie -O2 -c /usr/src/php/ext/sockets/sockaddr_conv.c  -fPIC -DPIC -o .libs/sockaddr_conv.o
/bin/sh /usr/src/php/ext/sockets/libtool --mode=compile cc -DZEND_ENABLE_STATIC_TSRMLS_CACHE=1 -I. -I/usr/src/php/ext/sockets -DPHP_ATOM_INC -I/usr/src/php/ext/sockets/include -I/usr/src/php/ext/sockets/main -I/usr/src/php/ext/sockets -I/usr/local/include/php -I/usr/local/include/php/main -I/usr/local/include/php/TSRM -I/usr/local/include/php/Zend -I/usr/local/include/php/ext -I/usr/local/include/php/ext/date/lib  -fstack-protector-strong -fpic -fpie -O2 -DHAVE_CONFIG_H  -fstack-protector-strong -fpic -fpie -O2   -c /usr/src/php/ext/sockets/sendrecvmsg.c -o sendrecvmsg.lo 
 cc -DZEND_ENABLE_STATIC_TSRMLS_CACHE=1 -I. -I/usr/src/php/ext/sockets -DPHP_ATOM_INC -I/usr/src/php/ext/sockets/include -I/usr/src/php/ext/sockets/main -I/usr/src/php/ext/sockets -I/usr/local/include/php -I/usr/local/include/php/main -I/usr/local/include/php/TSRM -I/usr/local/include/php/Zend -I/usr/local/include/php/ext -I/usr/local/include/php/ext/date/lib -fstack-protector-strong -fpic -fpie -O2 -DHAVE_CONFIG_H -fstack-protector-strong -fpic -fpie -O2 -c /usr/src/php/ext/sockets/sendrecvmsg.c  -fPIC -DPIC -o .libs/sendrecvmsg.o
/bin/sh /usr/src/php/ext/sockets/libtool --mode=link cc -DPHP_ATOM_INC -I/usr/src/php/ext/sockets/include -I/usr/src/php/ext/sockets/main -I/usr/src/php/ext/sockets -I/usr/local/include/php -I/usr/local/include/php/main -I/usr/local/include/php/TSRM -I/usr/local/include/php/Zend -I/usr/local/include/php/ext -I/usr/local/include/php/ext/date/lib  -fstack-protector-strong -fpic -fpie -O2 -DHAVE_CONFIG_H  -fstack-protector-strong -fpic -fpie -O2  -Wl,-O1 -Wl,--hash-style=both -pie -o sockets.la -export-dynamic -avoid-version -prefer-pic -module -rpath /usr/src/php/ext/sockets/modules  sockets.lo multicast.lo conversions.lo sockaddr_conv.lo sendrecvmsg.lo 
cc -shared  .libs/sockets.o .libs/multicast.o .libs/conversions.o .libs/sockaddr_conv.o .libs/sendrecvmsg.o   -Wl,-O1 -Wl,--hash-style=both -Wl,-soname -Wl,sockets.so -o .libs/sockets.so
creating sockets.la
(cd .libs && rm -f sockets.la && ln -s ../sockets.la sockets.la)
/bin/sh /usr/src/php/ext/sockets/libtool --mode=install cp ./sockets.la /usr/src/php/ext/sockets/modules
cp ./.libs/sockets.so /usr/src/php/ext/sockets/modules/sockets.so
cp ./.libs/sockets.lai /usr/src/php/ext/sockets/modules/sockets.la
PATH="$PATH:/sbin" ldconfig -n /usr/src/php/ext/sockets/modules
----------------------------------------------------------------------
Libraries have been installed in:
   /usr/src/php/ext/sockets/modules

If you ever happen to want to link against installed libraries
in a given directory, LIBDIR, you must either use libtool, and
specify the full pathname of the library, or use the `-LLIBDIR'
flag during linking and do at least one of the following:
   - add LIBDIR to the `LD_LIBRARY_PATH' environment variable
     during execution
   - add LIBDIR to the `LD_RUN_PATH' environment variable
     during linking
   - use the `-Wl,--rpath -Wl,LIBDIR' linker flag

See any operating system documentation about shared libraries for
more information, such as the ld(1) and ld.so(8) manual pages.
----------------------------------------------------------------------

Build complete.
Don't forget to run 'make test'.

Installing shared extensions:     /usr/local/lib/php/extensions/no-debug-non-zts-20180731/
Installing header files:          /usr/local/include/php/
find . -name \*.gcno -o -name \*.gcda | xargs rm -f
find . -name \*.lo -o -name \*.o | xargs rm -f
find . -name \*.la -o -name \*.a | xargs rm -f
find . -name \*.so | xargs rm -f
find . -name .libs -a -type d|xargs rm -rf
rm -f libphp.la      modules/* libs/*
Configuring for:
PHP Api Version:         20180731
Zend Module Api No:      20180731
Zend Extension Api No:   320180731
checking for grep that handles long lines and -e... /bin/grep
checking for egrep... /bin/grep -E
checking for a sed that does not truncate output... /bin/sed
checking for cc... cc
checking whether the C compiler works... yes
checking for C compiler default output file name... a.out
checking for suffix of executables... 
checking whether we are cross compiling... no
checking for suffix of object files... o
checking whether we are using the GNU C compiler... yes
checking whether cc accepts -g... yes
checking for cc option to accept ISO C89... none needed
checking how to run the C preprocessor... cc -E
checking for icc... no
checking for suncc... no
checking whether cc understands -c and -o together... yes
checking for system library directory... lib
checking if compiler supports -R... no
checking if compiler supports -Wl,-rpath,... yes
checking build system type... x86_64-pc-linux-musl
checking host system type... x86_64-pc-linux-musl
checking target system type... x86_64-pc-linux-musl
checking for PHP prefix... /usr/local
checking for PHP includes... -I/usr/local/include/php -I/usr/local/include/php/main -I/usr/local/include/php/TSRM -I/usr/local/include/php/Zend -I/usr/local/include/php/ext -I/usr/local/include/php/ext/date/lib
checking for PHP extension directory... /usr/local/lib/php/extensions/no-debug-non-zts-20180731
checking for PHP installed headers prefix... /usr/local/include/php
checking if debug is enabled... no
checking if zts is enabled... no
checking for re2c... re2c
checking for re2c version... 1.1.1 (ok)
checking for gawk... no
checking for nawk... no
checking for awk... awk
checking if awk is broken... no
checking whether to enable bc style precision math functions... yes, shared
checking for ld used by cc... /usr/x86_64-alpine-linux-musl/bin/ld
checking if the linker (/usr/x86_64-alpine-linux-musl/bin/ld) is GNU ld... yes
checking for /usr/x86_64-alpine-linux-musl/bin/ld option to reload object files... -r
checking for BSD-compatible nm... /usr/bin/nm -B
checking whether ln -s works... yes
checking how to recognize dependent libraries... pass_all
checking for ANSI C header files... yes
checking for sys/types.h... yes
checking for sys/stat.h... yes
checking for stdlib.h... yes
checking for string.h... yes
checking for memory.h... yes
checking for strings.h... yes
checking for inttypes.h... yes
checking for stdint.h... yes
checking for unistd.h... yes
checking dlfcn.h usability... yes
checking dlfcn.h presence... yes
checking for dlfcn.h... yes
checking the maximum length of command line arguments... 98304
checking command to parse /usr/bin/nm -B output from cc object... ok
checking for objdir... .libs
checking for ar... ar
checking for ranlib... ranlib
checking for strip... strip
checking if cc supports -fno-rtti -fno-exceptions... no
checking for cc option to produce PIC... -fPIC
checking if cc PIC flag -fPIC works... yes
checking if cc static flag -static works... yes
checking if cc supports -c -o file.o... yes
checking whether the cc linker (/usr/x86_64-alpine-linux-musl/bin/ld -m elf_x86_64) supports shared libraries... yes
checking whether -lc should be explicitly linked in... no
checking dynamic linker characteristics... GNU/Linux ld.so
checking how to hardcode library paths into programs... immediate
checking whether stripping libraries is possible... yes
checking if libtool supports shared libraries... yes
checking whether to build shared libraries... yes
checking whether to build static libraries... no

creating libtool
appending configuration tag "CXX" to libtool
configure: creating ./config.status
config.status: creating config.h
/bin/sh /usr/src/php/ext/bcmath/libtool --mode=compile cc -I/usr/src/php/ext/bcmath/libbcmath/src -DZEND_ENABLE_STATIC_TSRMLS_CACHE=1 -I. -I/usr/src/php/ext/bcmath -DPHP_ATOM_INC -I/usr/src/php/ext/bcmath/include -I/usr/src/php/ext/bcmath/main -I/usr/src/php/ext/bcmath -I/usr/local/include/php -I/usr/local/include/php/main -I/usr/local/include/php/TSRM -I/usr/local/include/php/Zend -I/usr/local/include/php/ext -I/usr/local/include/php/ext/date/lib  -fstack-protector-strong -fpic -fpie -O2 -DHAVE_CONFIG_H  -fstack-protector-strong -fpic -fpie -O2   -c /usr/src/php/ext/bcmath/bcmath.c -o bcmath.lo 
mkdir .libs
 cc -I/usr/src/php/ext/bcmath/libbcmath/src -DZEND_ENABLE_STATIC_TSRMLS_CACHE=1 -I. -I/usr/src/php/ext/bcmath -DPHP_ATOM_INC -I/usr/src/php/ext/bcmath/include -I/usr/src/php/ext/bcmath/main -I/usr/src/php/ext/bcmath -I/usr/local/include/php -I/usr/local/include/php/main -I/usr/local/include/php/TSRM -I/usr/local/include/php/Zend -I/usr/local/include/php/ext -I/usr/local/include/php/ext/date/lib -fstack-protector-strong -fpic -fpie -O2 -DHAVE_CONFIG_H -fstack-protector-strong -fpic -fpie -O2 -c /usr/src/php/ext/bcmath/bcmath.c  -fPIC -DPIC -o .libs/bcmath.o
/bin/sh /usr/src/php/ext/bcmath/libtool --mode=compile cc -I/usr/src/php/ext/bcmath/libbcmath/src -DZEND_ENABLE_STATIC_TSRMLS_CACHE=1 -I. -I/usr/src/php/ext/bcmath -DPHP_ATOM_INC -I/usr/src/php/ext/bcmath/include -I/usr/src/php/ext/bcmath/main -I/usr/src/php/ext/bcmath -I/usr/local/include/php -I/usr/local/include/php/main -I/usr/local/include/php/TSRM -I/usr/local/include/php/Zend -I/usr/local/include/php/ext -I/usr/local/include/php/ext/date/lib  -fstack-protector-strong -fpic -fpie -O2 -DHAVE_CONFIG_H  -fstack-protector-strong -fpic -fpie -O2   -c /usr/src/php/ext/bcmath/libbcmath/src/add.c -o libbcmath/src/add.lo 
mkdir libbcmath/src/.libs
 cc -I/usr/src/php/ext/bcmath/libbcmath/src -DZEND_ENABLE_STATIC_TSRMLS_CACHE=1 -I. -I/usr/src/php/ext/bcmath -DPHP_ATOM_INC -I/usr/src/php/ext/bcmath/include -I/usr/src/php/ext/bcmath/main -I/usr/src/php/ext/bcmath -I/usr/local/include/php -I/usr/local/include/php/main -I/usr/local/include/php/TSRM -I/usr/local/include/php/Zend -I/usr/local/include/php/ext -I/usr/local/include/php/ext/date/lib -fstack-protector-strong -fpic -fpie -O2 -DHAVE_CONFIG_H -fstack-protector-strong -fpic -fpie -O2 -c /usr/src/php/ext/bcmath/libbcmath/src/add.c  -fPIC -DPIC -o libbcmath/src/.libs/add.o
/bin/sh /usr/src/php/ext/bcmath/libtool --mode=compile cc -I/usr/src/php/ext/bcmath/libbcmath/src -DZEND_ENABLE_STATIC_TSRMLS_CACHE=1 -I. -I/usr/src/php/ext/bcmath -DPHP_ATOM_INC -I/usr/src/php/ext/bcmath/include -I/usr/src/php/ext/bcmath/main -I/usr/src/php/ext/bcmath -I/usr/local/include/php -I/usr/local/include/php/main -I/usr/local/include/php/TSRM -I/usr/local/include/php/Zend -I/usr/local/include/php/ext -I/usr/local/include/php/ext/date/lib  -fstack-protector-strong -fpic -fpie -O2 -DHAVE_CONFIG_H  -fstack-protector-strong -fpic -fpie -O2   -c /usr/src/php/ext/bcmath/libbcmath/src/div.c -o libbcmath/src/div.lo 
 cc -I/usr/src/php/ext/bcmath/libbcmath/src -DZEND_ENABLE_STATIC_TSRMLS_CACHE=1 -I. -I/usr/src/php/ext/bcmath -DPHP_ATOM_INC -I/usr/src/php/ext/bcmath/include -I/usr/src/php/ext/bcmath/main -I/usr/src/php/ext/bcmath -I/usr/local/include/php -I/usr/local/include/php/main -I/usr/local/include/php/TSRM -I/usr/local/include/php/Zend -I/usr/local/include/php/ext -I/usr/local/include/php/ext/date/lib -fstack-protector-strong -fpic -fpie -O2 -DHAVE_CONFIG_H -fstack-protector-strong -fpic -fpie -O2 -c /usr/src/php/ext/bcmath/libbcmath/src/div.c  -fPIC -DPIC -o libbcmath/src/.libs/div.o
/bin/sh /usr/src/php/ext/bcmath/libtool --mode=compile cc -I/usr/src/php/ext/bcmath/libbcmath/src -DZEND_ENABLE_STATIC_TSRMLS_CACHE=1 -I. -I/usr/src/php/ext/bcmath -DPHP_ATOM_INC -I/usr/src/php/ext/bcmath/include -I/usr/src/php/ext/bcmath/main -I/usr/src/php/ext/bcmath -I/usr/local/include/php -I/usr/local/include/php/main -I/usr/local/include/php/TSRM -I/usr/local/include/php/Zend -I/usr/local/include/php/ext -I/usr/local/include/php/ext/date/lib  -fstack-protector-strong -fpic -fpie -O2 -DHAVE_CONFIG_H  -fstack-protector-strong -fpic -fpie -O2   -c /usr/src/php/ext/bcmath/libbcmath/src/init.c -o libbcmath/src/init.lo 
 cc -I/usr/src/php/ext/bcmath/libbcmath/src -DZEND_ENABLE_STATIC_TSRMLS_CACHE=1 -I. -I/usr/src/php/ext/bcmath -DPHP_ATOM_INC -I/usr/src/php/ext/bcmath/include -I/usr/src/php/ext/bcmath/main -I/usr/src/php/ext/bcmath -I/usr/local/include/php -I/usr/local/include/php/main -I/usr/local/include/php/TSRM -I/usr/local/include/php/Zend -I/usr/local/include/php/ext -I/usr/local/include/php/ext/date/lib -fstack-protector-strong -fpic -fpie -O2 -DHAVE_CONFIG_H -fstack-protector-strong -fpic -fpie -O2 -c /usr/src/php/ext/bcmath/libbcmath/src/init.c  -fPIC -DPIC -o libbcmath/src/.libs/init.o
/bin/sh /usr/src/php/ext/bcmath/libtool --mode=compile cc -I/usr/src/php/ext/bcmath/libbcmath/src -DZEND_ENABLE_STATIC_TSRMLS_CACHE=1 -I. -I/usr/src/php/ext/bcmath -DPHP_ATOM_INC -I/usr/src/php/ext/bcmath/include -I/usr/src/php/ext/bcmath/main -I/usr/src/php/ext/bcmath -I/usr/local/include/php -I/usr/local/include/php/main -I/usr/local/include/php/TSRM -I/usr/local/include/php/Zend -I/usr/local/include/php/ext -I/usr/local/include/php/ext/date/lib  -fstack-protector-strong -fpic -fpie -O2 -DHAVE_CONFIG_H  -fstack-protector-strong -fpic -fpie -O2   -c /usr/src/php/ext/bcmath/libbcmath/src/neg.c -o libbcmath/src/neg.lo 
 cc -I/usr/src/php/ext/bcmath/libbcmath/src -DZEND_ENABLE_STATIC_TSRMLS_CACHE=1 -I. -I/usr/src/php/ext/bcmath -DPHP_ATOM_INC -I/usr/src/php/ext/bcmath/include -I/usr/src/php/ext/bcmath/main -I/usr/src/php/ext/bcmath -I/usr/local/include/php -I/usr/local/include/php/main -I/usr/local/include/php/TSRM -I/usr/local/include/php/Zend -I/usr/local/include/php/ext -I/usr/local/include/php/ext/date/lib -fstack-protector-strong -fpic -fpie -O2 -DHAVE_CONFIG_H -fstack-protector-strong -fpic -fpie -O2 -c /usr/src/php/ext/bcmath/libbcmath/src/neg.c  -fPIC -DPIC -o libbcmath/src/.libs/neg.o
/bin/sh /usr/src/php/ext/bcmath/libtool --mode=compile cc -I/usr/src/php/ext/bcmath/libbcmath/src -DZEND_ENABLE_STATIC_TSRMLS_CACHE=1 -I. -I/usr/src/php/ext/bcmath -DPHP_ATOM_INC -I/usr/src/php/ext/bcmath/include -I/usr/src/php/ext/bcmath/main -I/usr/src/php/ext/bcmath -I/usr/local/include/php -I/usr/local/include/php/main -I/usr/local/include/php/TSRM -I/usr/local/include/php/Zend -I/usr/local/include/php/ext -I/usr/local/include/php/ext/date/lib  -fstack-protector-strong -fpic -fpie -O2 -DHAVE_CONFIG_H  -fstack-protector-strong -fpic -fpie -O2   -c /usr/src/php/ext/bcmath/libbcmath/src/outofmem.c -o libbcmath/src/outofmem.lo 
 cc -I/usr/src/php/ext/bcmath/libbcmath/src -DZEND_ENABLE_STATIC_TSRMLS_CACHE=1 -I. -I/usr/src/php/ext/bcmath -DPHP_ATOM_INC -I/usr/src/php/ext/bcmath/include -I/usr/src/php/ext/bcmath/main -I/usr/src/php/ext/bcmath -I/usr/local/include/php -I/usr/local/include/php/main -I/usr/local/include/php/TSRM -I/usr/local/include/php/Zend -I/usr/local/include/php/ext -I/usr/local/include/php/ext/date/lib -fstack-protector-strong -fpic -fpie -O2 -DHAVE_CONFIG_H -fstack-protector-strong -fpic -fpie -O2 -c /usr/src/php/ext/bcmath/libbcmath/src/outofmem.c  -fPIC -DPIC -o libbcmath/src/.libs/outofmem.o
/bin/sh /usr/src/php/ext/bcmath/libtool --mode=compile cc -I/usr/src/php/ext/bcmath/libbcmath/src -DZEND_ENABLE_STATIC_TSRMLS_CACHE=1 -I. -I/usr/src/php/ext/bcmath -DPHP_ATOM_INC -I/usr/src/php/ext/bcmath/include -I/usr/src/php/ext/bcmath/main -I/usr/src/php/ext/bcmath -I/usr/local/include/php -I/usr/local/include/php/main -I/usr/local/include/php/TSRM -I/usr/local/include/php/Zend -I/usr/local/include/php/ext -I/usr/local/include/php/ext/date/lib  -fstack-protector-strong -fpic -fpie -O2 -DHAVE_CONFIG_H  -fstack-protector-strong -fpic -fpie -O2   -c /usr/src/php/ext/bcmath/libbcmath/src/raisemod.c -o libbcmath/src/raisemod.lo 
 cc -I/usr/src/php/ext/bcmath/libbcmath/src -DZEND_ENABLE_STATIC_TSRMLS_CACHE=1 -I. -I/usr/src/php/ext/bcmath -DPHP_ATOM_INC -I/usr/src/php/ext/bcmath/include -I/usr/src/php/ext/bcmath/main -I/usr/src/php/ext/bcmath -I/usr/local/include/php -I/usr/local/include/php/main -I/usr/local/include/php/TSRM -I/usr/local/include/php/Zend -I/usr/local/include/php/ext -I/usr/local/include/php/ext/date/lib -fstack-protector-strong -fpic -fpie -O2 -DHAVE_CONFIG_H -fstack-protector-strong -fpic -fpie -O2 -c /usr/src/php/ext/bcmath/libbcmath/src/raisemod.c  -fPIC -DPIC -o libbcmath/src/.libs/raisemod.o
/bin/sh /usr/src/php/ext/bcmath/libtool --mode=compile cc -I/usr/src/php/ext/bcmath/libbcmath/src -DZEND_ENABLE_STATIC_TSRMLS_CACHE=1 -I. -I/usr/src/php/ext/bcmath -DPHP_ATOM_INC -I/usr/src/php/ext/bcmath/include -I/usr/src/php/ext/bcmath/main -I/usr/src/php/ext/bcmath -I/usr/local/include/php -I/usr/local/include/php/main -I/usr/local/include/php/TSRM -I/usr/local/include/php/Zend -I/usr/local/include/php/ext -I/usr/local/include/php/ext/date/lib  -fstack-protector-strong -fpic -fpie -O2 -DHAVE_CONFIG_H  -fstack-protector-strong -fpic -fpie -O2   -c /usr/src/php/ext/bcmath/libbcmath/src/sub.c -o libbcmath/src/sub.lo 
 cc -I/usr/src/php/ext/bcmath/libbcmath/src -DZEND_ENABLE_STATIC_TSRMLS_CACHE=1 -I. -I/usr/src/php/ext/bcmath -DPHP_ATOM_INC -I/usr/src/php/ext/bcmath/include -I/usr/src/php/ext/bcmath/main -I/usr/src/php/ext/bcmath -I/usr/local/include/php -I/usr/local/include/php/main -I/usr/local/include/php/TSRM -I/usr/local/include/php/Zend -I/usr/local/include/php/ext -I/usr/local/include/php/ext/date/lib -fstack-protector-strong -fpic -fpie -O2 -DHAVE_CONFIG_H -fstack-protector-strong -fpic -fpie -O2 -c /usr/src/php/ext/bcmath/libbcmath/src/sub.c  -fPIC -DPIC -o libbcmath/src/.libs/sub.o
/bin/sh /usr/src/php/ext/bcmath/libtool --mode=compile cc -I/usr/src/php/ext/bcmath/libbcmath/src -DZEND_ENABLE_STATIC_TSRMLS_CACHE=1 -I. -I/usr/src/php/ext/bcmath -DPHP_ATOM_INC -I/usr/src/php/ext/bcmath/include -I/usr/src/php/ext/bcmath/main -I/usr/src/php/ext/bcmath -I/usr/local/include/php -I/usr/local/include/php/main -I/usr/local/include/php/TSRM -I/usr/local/include/php/Zend -I/usr/local/include/php/ext -I/usr/local/include/php/ext/date/lib  -fstack-protector-strong -fpic -fpie -O2 -DHAVE_CONFIG_H  -fstack-protector-strong -fpic -fpie -O2   -c /usr/src/php/ext/bcmath/libbcmath/src/compare.c -o libbcmath/src/compare.lo 
 cc -I/usr/src/php/ext/bcmath/libbcmath/src -DZEND_ENABLE_STATIC_TSRMLS_CACHE=1 -I. -I/usr/src/php/ext/bcmath -DPHP_ATOM_INC -I/usr/src/php/ext/bcmath/include -I/usr/src/php/ext/bcmath/main -I/usr/src/php/ext/bcmath -I/usr/local/include/php -I/usr/local/include/php/main -I/usr/local/include/php/TSRM -I/usr/local/include/php/Zend -I/usr/local/include/php/ext -I/usr/local/include/php/ext/date/lib -fstack-protector-strong -fpic -fpie -O2 -DHAVE_CONFIG_H -fstack-protector-strong -fpic -fpie -O2 -c /usr/src/php/ext/bcmath/libbcmath/src/compare.c  -fPIC -DPIC -o libbcmath/src/.libs/compare.o
/bin/sh /usr/src/php/ext/bcmath/libtool --mode=compile cc -I/usr/src/php/ext/bcmath/libbcmath/src -DZEND_ENABLE_STATIC_TSRMLS_CACHE=1 -I. -I/usr/src/php/ext/bcmath -DPHP_ATOM_INC -I/usr/src/php/ext/bcmath/include -I/usr/src/php/ext/bcmath/main -I/usr/src/php/ext/bcmath -I/usr/local/include/php -I/usr/local/include/php/main -I/usr/local/include/php/TSRM -I/usr/local/include/php/Zend -I/usr/local/include/php/ext -I/usr/local/include/php/ext/date/lib  -fstack-protector-strong -fpic -fpie -O2 -DHAVE_CONFIG_H  -fstack-protector-strong -fpic -fpie -O2   -c /usr/src/php/ext/bcmath/libbcmath/src/divmod.c -o libbcmath/src/divmod.lo 
 cc -I/usr/src/php/ext/bcmath/libbcmath/src -DZEND_ENABLE_STATIC_TSRMLS_CACHE=1 -I. -I/usr/src/php/ext/bcmath -DPHP_ATOM_INC -I/usr/src/php/ext/bcmath/include -I/usr/src/php/ext/bcmath/main -I/usr/src/php/ext/bcmath -I/usr/local/include/php -I/usr/local/include/php/main -I/usr/local/include/php/TSRM -I/usr/local/include/php/Zend -I/usr/local/include/php/ext -I/usr/local/include/php/ext/date/lib -fstack-protector-strong -fpic -fpie -O2 -DHAVE_CONFIG_H -fstack-protector-strong -fpic -fpie -O2 -c /usr/src/php/ext/bcmath/libbcmath/src/divmod.c  -fPIC -DPIC -o libbcmath/src/.libs/divmod.o
/bin/sh /usr/src/php/ext/bcmath/libtool --mode=compile cc -I/usr/src/php/ext/bcmath/libbcmath/src -DZEND_ENABLE_STATIC_TSRMLS_CACHE=1 -I. -I/usr/src/php/ext/bcmath -DPHP_ATOM_INC -I/usr/src/php/ext/bcmath/include -I/usr/src/php/ext/bcmath/main -I/usr/src/php/ext/bcmath -I/usr/local/include/php -I/usr/local/include/php/main -I/usr/local/include/php/TSRM -I/usr/local/include/php/Zend -I/usr/local/include/php/ext -I/usr/local/include/php/ext/date/lib  -fstack-protector-strong -fpic -fpie -O2 -DHAVE_CONFIG_H  -fstack-protector-strong -fpic -fpie -O2   -c /usr/src/php/ext/bcmath/libbcmath/src/int2num.c -o libbcmath/src/int2num.lo 
 cc -I/usr/src/php/ext/bcmath/libbcmath/src -DZEND_ENABLE_STATIC_TSRMLS_CACHE=1 -I. -I/usr/src/php/ext/bcmath -DPHP_ATOM_INC -I/usr/src/php/ext/bcmath/include -I/usr/src/php/ext/bcmath/main -I/usr/src/php/ext/bcmath -I/usr/local/include/php -I/usr/local/include/php/main -I/usr/local/include/php/TSRM -I/usr/local/include/php/Zend -I/usr/local/include/php/ext -I/usr/local/include/php/ext/date/lib -fstack-protector-strong -fpic -fpie -O2 -DHAVE_CONFIG_H -fstack-protector-strong -fpic -fpie -O2 -c /usr/src/php/ext/bcmath/libbcmath/src/int2num.c  -fPIC -DPIC -o libbcmath/src/.libs/int2num.o
/bin/sh /usr/src/php/ext/bcmath/libtool --mode=compile cc -I/usr/src/php/ext/bcmath/libbcmath/src -DZEND_ENABLE_STATIC_TSRMLS_CACHE=1 -I. -I/usr/src/php/ext/bcmath -DPHP_ATOM_INC -I/usr/src/php/ext/bcmath/include -I/usr/src/php/ext/bcmath/main -I/usr/src/php/ext/bcmath -I/usr/local/include/php -I/usr/local/include/php/main -I/usr/local/include/php/TSRM -I/usr/local/include/php/Zend -I/usr/local/include/php/ext -I/usr/local/include/php/ext/date/lib  -fstack-protector-strong -fpic -fpie -O2 -DHAVE_CONFIG_H  -fstack-protector-strong -fpic -fpie -O2   -c /usr/src/php/ext/bcmath/libbcmath/src/num2long.c -o libbcmath/src/num2long.lo 
 cc -I/usr/src/php/ext/bcmath/libbcmath/src -DZEND_ENABLE_STATIC_TSRMLS_CACHE=1 -I. -I/usr/src/php/ext/bcmath -DPHP_ATOM_INC -I/usr/src/php/ext/bcmath/include -I/usr/src/php/ext/bcmath/main -I/usr/src/php/ext/bcmath -I/usr/local/include/php -I/usr/local/include/php/main -I/usr/local/include/php/TSRM -I/usr/local/include/php/Zend -I/usr/local/include/php/ext -I/usr/local/include/php/ext/date/lib -fstack-protector-strong -fpic -fpie -O2 -DHAVE_CONFIG_H -fstack-protector-strong -fpic -fpie -O2 -c /usr/src/php/ext/bcmath/libbcmath/src/num2long.c  -fPIC -DPIC -o libbcmath/src/.libs/num2long.o
/bin/sh /usr/src/php/ext/bcmath/libtool --mode=compile cc -I/usr/src/php/ext/bcmath/libbcmath/src -DZEND_ENABLE_STATIC_TSRMLS_CACHE=1 -I. -I/usr/src/php/ext/bcmath -DPHP_ATOM_INC -I/usr/src/php/ext/bcmath/include -I/usr/src/php/ext/bcmath/main -I/usr/src/php/ext/bcmath -I/usr/local/include/php -I/usr/local/include/php/main -I/usr/local/include/php/TSRM -I/usr/local/include/php/Zend -I/usr/local/include/php/ext -I/usr/local/include/php/ext/date/lib  -fstack-protector-strong -fpic -fpie -O2 -DHAVE_CONFIG_H  -fstack-protector-strong -fpic -fpie -O2   -c /usr/src/php/ext/bcmath/libbcmath/src/output.c -o libbcmath/src/output.lo 
 cc -I/usr/src/php/ext/bcmath/libbcmath/src -DZEND_ENABLE_STATIC_TSRMLS_CACHE=1 -I. -I/usr/src/php/ext/bcmath -DPHP_ATOM_INC -I/usr/src/php/ext/bcmath/include -I/usr/src/php/ext/bcmath/main -I/usr/src/php/ext/bcmath -I/usr/local/include/php -I/usr/local/include/php/main -I/usr/local/include/php/TSRM -I/usr/local/include/php/Zend -I/usr/local/include/php/ext -I/usr/local/include/php/ext/date/lib -fstack-protector-strong -fpic -fpie -O2 -DHAVE_CONFIG_H -fstack-protector-strong -fpic -fpie -O2 -c /usr/src/php/ext/bcmath/libbcmath/src/output.c  -fPIC -DPIC -o libbcmath/src/.libs/output.o
/bin/sh /usr/src/php/ext/bcmath/libtool --mode=compile cc -I/usr/src/php/ext/bcmath/libbcmath/src -DZEND_ENABLE_STATIC_TSRMLS_CACHE=1 -I. -I/usr/src/php/ext/bcmath -DPHP_ATOM_INC -I/usr/src/php/ext/bcmath/include -I/usr/src/php/ext/bcmath/main -I/usr/src/php/ext/bcmath -I/usr/local/include/php -I/usr/local/include/php/main -I/usr/local/include/php/TSRM -I/usr/local/include/php/Zend -I/usr/local/include/php/ext -I/usr/local/include/php/ext/date/lib  -fstack-protector-strong -fpic -fpie -O2 -DHAVE_CONFIG_H  -fstack-protector-strong -fpic -fpie -O2   -c /usr/src/php/ext/bcmath/libbcmath/src/recmul.c -o libbcmath/src/recmul.lo 
 cc -I/usr/src/php/ext/bcmath/libbcmath/src -DZEND_ENABLE_STATIC_TSRMLS_CACHE=1 -I. -I/usr/src/php/ext/bcmath -DPHP_ATOM_INC -I/usr/src/php/ext/bcmath/include -I/usr/src/php/ext/bcmath/main -I/usr/src/php/ext/bcmath -I/usr/local/include/php -I/usr/local/include/php/main -I/usr/local/include/php/TSRM -I/usr/local/include/php/Zend -I/usr/local/include/php/ext -I/usr/local/include/php/ext/date/lib -fstack-protector-strong -fpic -fpie -O2 -DHAVE_CONFIG_H -fstack-protector-strong -fpic -fpie -O2 -c /usr/src/php/ext/bcmath/libbcmath/src/recmul.c  -fPIC -DPIC -o libbcmath/src/.libs/recmul.o
/bin/sh /usr/src/php/ext/bcmath/libtool --mode=compile cc -I/usr/src/php/ext/bcmath/libbcmath/src -DZEND_ENABLE_STATIC_TSRMLS_CACHE=1 -I. -I/usr/src/php/ext/bcmath -DPHP_ATOM_INC -I/usr/src/php/ext/bcmath/include -I/usr/src/php/ext/bcmath/main -I/usr/src/php/ext/bcmath -I/usr/local/include/php -I/usr/local/include/php/main -I/usr/local/include/php/TSRM -I/usr/local/include/php/Zend -I/usr/local/include/php/ext -I/usr/local/include/php/ext/date/lib  -fstack-protector-strong -fpic -fpie -O2 -DHAVE_CONFIG_H  -fstack-protector-strong -fpic -fpie -O2   -c /usr/src/php/ext/bcmath/libbcmath/src/sqrt.c -o libbcmath/src/sqrt.lo 
 cc -I/usr/src/php/ext/bcmath/libbcmath/src -DZEND_ENABLE_STATIC_TSRMLS_CACHE=1 -I. -I/usr/src/php/ext/bcmath -DPHP_ATOM_INC -I/usr/src/php/ext/bcmath/include -I/usr/src/php/ext/bcmath/main -I/usr/src/php/ext/bcmath -I/usr/local/include/php -I/usr/local/include/php/main -I/usr/local/include/php/TSRM -I/usr/local/include/php/Zend -I/usr/local/include/php/ext -I/usr/local/include/php/ext/date/lib -fstack-protector-strong -fpic -fpie -O2 -DHAVE_CONFIG_H -fstack-protector-strong -fpic -fpie -O2 -c /usr/src/php/ext/bcmath/libbcmath/src/sqrt.c  -fPIC -DPIC -o libbcmath/src/.libs/sqrt.o
/bin/sh /usr/src/php/ext/bcmath/libtool --mode=compile cc -I/usr/src/php/ext/bcmath/libbcmath/src -DZEND_ENABLE_STATIC_TSRMLS_CACHE=1 -I. -I/usr/src/php/ext/bcmath -DPHP_ATOM_INC -I/usr/src/php/ext/bcmath/include -I/usr/src/php/ext/bcmath/main -I/usr/src/php/ext/bcmath -I/usr/local/include/php -I/usr/local/include/php/main -I/usr/local/include/php/TSRM -I/usr/local/include/php/Zend -I/usr/local/include/php/ext -I/usr/local/include/php/ext/date/lib  -fstack-protector-strong -fpic -fpie -O2 -DHAVE_CONFIG_H  -fstack-protector-strong -fpic -fpie -O2   -c /usr/src/php/ext/bcmath/libbcmath/src/zero.c -o libbcmath/src/zero.lo 
 cc -I/usr/src/php/ext/bcmath/libbcmath/src -DZEND_ENABLE_STATIC_TSRMLS_CACHE=1 -I. -I/usr/src/php/ext/bcmath -DPHP_ATOM_INC -I/usr/src/php/ext/bcmath/include -I/usr/src/php/ext/bcmath/main -I/usr/src/php/ext/bcmath -I/usr/local/include/php -I/usr/local/include/php/main -I/usr/local/include/php/TSRM -I/usr/local/include/php/Zend -I/usr/local/include/php/ext -I/usr/local/include/php/ext/date/lib -fstack-protector-strong -fpic -fpie -O2 -DHAVE_CONFIG_H -fstack-protector-strong -fpic -fpie -O2 -c /usr/src/php/ext/bcmath/libbcmath/src/zero.c  -fPIC -DPIC -o libbcmath/src/.libs/zero.o
/bin/sh /usr/src/php/ext/bcmath/libtool --mode=compile cc -I/usr/src/php/ext/bcmath/libbcmath/src -DZEND_ENABLE_STATIC_TSRMLS_CACHE=1 -I. -I/usr/src/php/ext/bcmath -DPHP_ATOM_INC -I/usr/src/php/ext/bcmath/include -I/usr/src/php/ext/bcmath/main -I/usr/src/php/ext/bcmath -I/usr/local/include/php -I/usr/local/include/php/main -I/usr/local/include/php/TSRM -I/usr/local/include/php/Zend -I/usr/local/include/php/ext -I/usr/local/include/php/ext/date/lib  -fstack-protector-strong -fpic -fpie -O2 -DHAVE_CONFIG_H  -fstack-protector-strong -fpic -fpie -O2   -c /usr/src/php/ext/bcmath/libbcmath/src/debug.c -o libbcmath/src/debug.lo 
 cc -I/usr/src/php/ext/bcmath/libbcmath/src -DZEND_ENABLE_STATIC_TSRMLS_CACHE=1 -I. -I/usr/src/php/ext/bcmath -DPHP_ATOM_INC -I/usr/src/php/ext/bcmath/include -I/usr/src/php/ext/bcmath/main -I/usr/src/php/ext/bcmath -I/usr/local/include/php -I/usr/local/include/php/main -I/usr/local/include/php/TSRM -I/usr/local/include/php/Zend -I/usr/local/include/php/ext -I/usr/local/include/php/ext/date/lib -fstack-protector-strong -fpic -fpie -O2 -DHAVE_CONFIG_H -fstack-protector-strong -fpic -fpie -O2 -c /usr/src/php/ext/bcmath/libbcmath/src/debug.c  -fPIC -DPIC -o libbcmath/src/.libs/debug.o
/bin/sh /usr/src/php/ext/bcmath/libtool --mode=compile cc -I/usr/src/php/ext/bcmath/libbcmath/src -DZEND_ENABLE_STATIC_TSRMLS_CACHE=1 -I. -I/usr/src/php/ext/bcmath -DPHP_ATOM_INC -I/usr/src/php/ext/bcmath/include -I/usr/src/php/ext/bcmath/main -I/usr/src/php/ext/bcmath -I/usr/local/include/php -I/usr/local/include/php/main -I/usr/local/include/php/TSRM -I/usr/local/include/php/Zend -I/usr/local/include/php/ext -I/usr/local/include/php/ext/date/lib  -fstack-protector-strong -fpic -fpie -O2 -DHAVE_CONFIG_H  -fstack-protector-strong -fpic -fpie -O2   -c /usr/src/php/ext/bcmath/libbcmath/src/doaddsub.c -o libbcmath/src/doaddsub.lo 
 cc -I/usr/src/php/ext/bcmath/libbcmath/src -DZEND_ENABLE_STATIC_TSRMLS_CACHE=1 -I. -I/usr/src/php/ext/bcmath -DPHP_ATOM_INC -I/usr/src/php/ext/bcmath/include -I/usr/src/php/ext/bcmath/main -I/usr/src/php/ext/bcmath -I/usr/local/include/php -I/usr/local/include/php/main -I/usr/local/include/php/TSRM -I/usr/local/include/php/Zend -I/usr/local/include/php/ext -I/usr/local/include/php/ext/date/lib -fstack-protector-strong -fpic -fpie -O2 -DHAVE_CONFIG_H -fstack-protector-strong -fpic -fpie -O2 -c /usr/src/php/ext/bcmath/libbcmath/src/doaddsub.c  -fPIC -DPIC -o libbcmath/src/.libs/doaddsub.o
/bin/sh /usr/src/php/ext/bcmath/libtool --mode=compile cc -I/usr/src/php/ext/bcmath/libbcmath/src -DZEND_ENABLE_STATIC_TSRMLS_CACHE=1 -I. -I/usr/src/php/ext/bcmath -DPHP_ATOM_INC -I/usr/src/php/ext/bcmath/include -I/usr/src/php/ext/bcmath/main -I/usr/src/php/ext/bcmath -I/usr/local/include/php -I/usr/local/include/php/main -I/usr/local/include/php/TSRM -I/usr/local/include/php/Zend -I/usr/local/include/php/ext -I/usr/local/include/php/ext/date/lib  -fstack-protector-strong -fpic -fpie -O2 -DHAVE_CONFIG_H  -fstack-protector-strong -fpic -fpie -O2   -c /usr/src/php/ext/bcmath/libbcmath/src/nearzero.c -o libbcmath/src/nearzero.lo 
 cc -I/usr/src/php/ext/bcmath/libbcmath/src -DZEND_ENABLE_STATIC_TSRMLS_CACHE=1 -I. -I/usr/src/php/ext/bcmath -DPHP_ATOM_INC -I/usr/src/php/ext/bcmath/include -I/usr/src/php/ext/bcmath/main -I/usr/src/php/ext/bcmath -I/usr/local/include/php -I/usr/local/include/php/main -I/usr/local/include/php/TSRM -I/usr/local/include/php/Zend -I/usr/local/include/php/ext -I/usr/local/include/php/ext/date/lib -fstack-protector-strong -fpic -fpie -O2 -DHAVE_CONFIG_H -fstack-protector-strong -fpic -fpie -O2 -c /usr/src/php/ext/bcmath/libbcmath/src/nearzero.c  -fPIC -DPIC -o libbcmath/src/.libs/nearzero.o
/bin/sh /usr/src/php/ext/bcmath/libtool --mode=compile cc -I/usr/src/php/ext/bcmath/libbcmath/src -DZEND_ENABLE_STATIC_TSRMLS_CACHE=1 -I. -I/usr/src/php/ext/bcmath -DPHP_ATOM_INC -I/usr/src/php/ext/bcmath/include -I/usr/src/php/ext/bcmath/main -I/usr/src/php/ext/bcmath -I/usr/local/include/php -I/usr/local/include/php/main -I/usr/local/include/php/TSRM -I/usr/local/include/php/Zend -I/usr/local/include/php/ext -I/usr/local/include/php/ext/date/lib  -fstack-protector-strong -fpic -fpie -O2 -DHAVE_CONFIG_H  -fstack-protector-strong -fpic -fpie -O2   -c /usr/src/php/ext/bcmath/libbcmath/src/num2str.c -o libbcmath/src/num2str.lo 
 cc -I/usr/src/php/ext/bcmath/libbcmath/src -DZEND_ENABLE_STATIC_TSRMLS_CACHE=1 -I. -I/usr/src/php/ext/bcmath -DPHP_ATOM_INC -I/usr/src/php/ext/bcmath/include -I/usr/src/php/ext/bcmath/main -I/usr/src/php/ext/bcmath -I/usr/local/include/php -I/usr/local/include/php/main -I/usr/local/include/php/TSRM -I/usr/local/include/php/Zend -I/usr/local/include/php/ext -I/usr/local/include/php/ext/date/lib -fstack-protector-strong -fpic -fpie -O2 -DHAVE_CONFIG_H -fstack-protector-strong -fpic -fpie -O2 -c /usr/src/php/ext/bcmath/libbcmath/src/num2str.c  -fPIC -DPIC -o libbcmath/src/.libs/num2str.o
/bin/sh /usr/src/php/ext/bcmath/libtool --mode=compile cc -I/usr/src/php/ext/bcmath/libbcmath/src -DZEND_ENABLE_STATIC_TSRMLS_CACHE=1 -I. -I/usr/src/php/ext/bcmath -DPHP_ATOM_INC -I/usr/src/php/ext/bcmath/include -I/usr/src/php/ext/bcmath/main -I/usr/src/php/ext/bcmath -I/usr/local/include/php -I/usr/local/include/php/main -I/usr/local/include/php/TSRM -I/usr/local/include/php/Zend -I/usr/local/include/php/ext -I/usr/local/include/php/ext/date/lib  -fstack-protector-strong -fpic -fpie -O2 -DHAVE_CONFIG_H  -fstack-protector-strong -fpic -fpie -O2   -c /usr/src/php/ext/bcmath/libbcmath/src/raise.c -o libbcmath/src/raise.lo 
 cc -I/usr/src/php/ext/bcmath/libbcmath/src -DZEND_ENABLE_STATIC_TSRMLS_CACHE=1 -I. -I/usr/src/php/ext/bcmath -DPHP_ATOM_INC -I/usr/src/php/ext/bcmath/include -I/usr/src/php/ext/bcmath/main -I/usr/src/php/ext/bcmath -I/usr/local/include/php -I/usr/local/include/php/main -I/usr/local/include/php/TSRM -I/usr/local/include/php/Zend -I/usr/local/include/php/ext -I/usr/local/include/php/ext/date/lib -fstack-protector-strong -fpic -fpie -O2 -DHAVE_CONFIG_H -fstack-protector-strong -fpic -fpie -O2 -c /usr/src/php/ext/bcmath/libbcmath/src/raise.c  -fPIC -DPIC -o libbcmath/src/.libs/raise.o
/bin/sh /usr/src/php/ext/bcmath/libtool --mode=compile cc -I/usr/src/php/ext/bcmath/libbcmath/src -DZEND_ENABLE_STATIC_TSRMLS_CACHE=1 -I. -I/usr/src/php/ext/bcmath -DPHP_ATOM_INC -I/usr/src/php/ext/bcmath/include -I/usr/src/php/ext/bcmath/main -I/usr/src/php/ext/bcmath -I/usr/local/include/php -I/usr/local/include/php/main -I/usr/local/include/php/TSRM -I/usr/local/include/php/Zend -I/usr/local/include/php/ext -I/usr/local/include/php/ext/date/lib  -fstack-protector-strong -fpic -fpie -O2 -DHAVE_CONFIG_H  -fstack-protector-strong -fpic -fpie -O2   -c /usr/src/php/ext/bcmath/libbcmath/src/rmzero.c -o libbcmath/src/rmzero.lo 
 cc -I/usr/src/php/ext/bcmath/libbcmath/src -DZEND_ENABLE_STATIC_TSRMLS_CACHE=1 -I. -I/usr/src/php/ext/bcmath -DPHP_ATOM_INC -I/usr/src/php/ext/bcmath/include -I/usr/src/php/ext/bcmath/main -I/usr/src/php/ext/bcmath -I/usr/local/include/php -I/usr/local/include/php/main -I/usr/local/include/php/TSRM -I/usr/local/include/php/Zend -I/usr/local/include/php/ext -I/usr/local/include/php/ext/date/lib -fstack-protector-strong -fpic -fpie -O2 -DHAVE_CONFIG_H -fstack-protector-strong -fpic -fpie -O2 -c /usr/src/php/ext/bcmath/libbcmath/src/rmzero.c  -fPIC -DPIC -o libbcmath/src/.libs/rmzero.o
/bin/sh /usr/src/php/ext/bcmath/libtool --mode=compile cc -I/usr/src/php/ext/bcmath/libbcmath/src -DZEND_ENABLE_STATIC_TSRMLS_CACHE=1 -I. -I/usr/src/php/ext/bcmath -DPHP_ATOM_INC -I/usr/src/php/ext/bcmath/include -I/usr/src/php/ext/bcmath/main -I/usr/src/php/ext/bcmath -I/usr/local/include/php -I/usr/local/include/php/main -I/usr/local/include/php/TSRM -I/usr/local/include/php/Zend -I/usr/local/include/php/ext -I/usr/local/include/php/ext/date/lib  -fstack-protector-strong -fpic -fpie -O2 -DHAVE_CONFIG_H  -fstack-protector-strong -fpic -fpie -O2   -c /usr/src/php/ext/bcmath/libbcmath/src/str2num.c -o libbcmath/src/str2num.lo 
 cc -I/usr/src/php/ext/bcmath/libbcmath/src -DZEND_ENABLE_STATIC_TSRMLS_CACHE=1 -I. -I/usr/src/php/ext/bcmath -DPHP_ATOM_INC -I/usr/src/php/ext/bcmath/include -I/usr/src/php/ext/bcmath/main -I/usr/src/php/ext/bcmath -I/usr/local/include/php -I/usr/local/include/php/main -I/usr/local/include/php/TSRM -I/usr/local/include/php/Zend -I/usr/local/include/php/ext -I/usr/local/include/php/ext/date/lib -fstack-protector-strong -fpic -fpie -O2 -DHAVE_CONFIG_H -fstack-protector-strong -fpic -fpie -O2 -c /usr/src/php/ext/bcmath/libbcmath/src/str2num.c  -fPIC -DPIC -o libbcmath/src/.libs/str2num.o
/bin/sh /usr/src/php/ext/bcmath/libtool --mode=link cc -DPHP_ATOM_INC -I/usr/src/php/ext/bcmath/include -I/usr/src/php/ext/bcmath/main -I/usr/src/php/ext/bcmath -I/usr/local/include/php -I/usr/local/include/php/main -I/usr/local/include/php/TSRM -I/usr/local/include/php/Zend -I/usr/local/include/php/ext -I/usr/local/include/php/ext/date/lib  -fstack-protector-strong -fpic -fpie -O2 -DHAVE_CONFIG_H  -fstack-protector-strong -fpic -fpie -O2  -Wl,-O1 -Wl,--hash-style=both -pie -o bcmath.la -export-dynamic -avoid-version -prefer-pic -module -rpath /usr/src/php/ext/bcmath/modules  bcmath.lo libbcmath/src/add.lo libbcmath/src/div.lo libbcmath/src/init.lo libbcmath/src/neg.lo libbcmath/src/outofmem.lo libbcmath/src/raisemod.lo libbcmath/src/sub.lo libbcmath/src/compare.lo libbcmath/src/divmod.lo libbcmath/src/int2num.lo libbcmath/src/num2long.lo libbcmath/src/output.lo libbcmath/src/recmul.lo libbcmath/src/sqrt.lo libbcmath/src/zero.lo libbcmath/src/debug.lo libbcmath/src/doaddsub.lo libbcmath/src/nearzero.lo libbcmath/src/num2str.lo libbcmath/src/raise.lo libbcmath/src/rmzero.lo libbcmath/src/str2num.lo 
cc -shared  .libs/bcmath.o libbcmath/src/.libs/add.o libbcmath/src/.libs/div.o libbcmath/src/.libs/init.o libbcmath/src/.libs/neg.o libbcmath/src/.libs/outofmem.o libbcmath/src/.libs/raisemod.o libbcmath/src/.libs/sub.o libbcmath/src/.libs/compare.o libbcmath/src/.libs/divmod.o libbcmath/src/.libs/int2num.o libbcmath/src/.libs/num2long.o libbcmath/src/.libs/output.o libbcmath/src/.libs/recmul.o libbcmath/src/.libs/sqrt.o libbcmath/src/.libs/zero.o libbcmath/src/.libs/debug.o libbcmath/src/.libs/doaddsub.o libbcmath/src/.libs/nearzero.o libbcmath/src/.libs/num2str.o libbcmath/src/.libs/raise.o libbcmath/src/.libs/rmzero.o libbcmath/src/.libs/str2num.o   -Wl,-O1 -Wl,--hash-style=both -Wl,-soname -Wl,bcmath.so -o .libs/bcmath.so
creating bcmath.la
(cd .libs && rm -f bcmath.la && ln -s ../bcmath.la bcmath.la)
/bin/sh /usr/src/php/ext/bcmath/libtool --mode=install cp ./bcmath.la /usr/src/php/ext/bcmath/modules
cp ./.libs/bcmath.so /usr/src/php/ext/bcmath/modules/bcmath.so
cp ./.libs/bcmath.lai /usr/src/php/ext/bcmath/modules/bcmath.la
PATH="$PATH:/sbin" ldconfig -n /usr/src/php/ext/bcmath/modules
----------------------------------------------------------------------
Libraries have been installed in:
   /usr/src/php/ext/bcmath/modules

If you ever happen to want to link against installed libraries
in a given directory, LIBDIR, you must either use libtool, and
specify the full pathname of the library, or use the `-LLIBDIR'
flag during linking and do at least one of the following:
   - add LIBDIR to the `LD_LIBRARY_PATH' environment variable
     during execution
   - add LIBDIR to the `LD_RUN_PATH' environment variable
     during linking
   - use the `-Wl,--rpath -Wl,LIBDIR' linker flag

See any operating system documentation about shared libraries for
more information, such as the ld(1) and ld.so(8) manual pages.
----------------------------------------------------------------------

Build complete.
Don't forget to run 'make test'.

Installing shared extensions:     /usr/local/lib/php/extensions/no-debug-non-zts-20180731/
find . -name \*.gcno -o -name \*.gcda | xargs rm -f
find . -name \*.lo -o -name \*.o | xargs rm -f
find . -name \*.la -o -name \*.a | xargs rm -f
find . -name \*.so | xargs rm -f
find . -name .libs -a -type d|xargs rm -rf
rm -f libphp.la      modules/* libs/*
Configuring for:
PHP Api Version:         20180731
Zend Module Api No:      20180731
Zend Extension Api No:   320180731
checking for grep that handles long lines and -e... /bin/grep
checking for egrep... /bin/grep -E
checking for a sed that does not truncate output... /bin/sed
checking for cc... cc
checking whether the C compiler works... yes
checking for C compiler default output file name... a.out
checking for suffix of executables... 
checking whether we are cross compiling... no
checking for suffix of object files... o
checking whether we are using the GNU C compiler... yes
checking whether cc accepts -g... yes
checking for cc option to accept ISO C89... none needed
checking how to run the C preprocessor... cc -E
checking for icc... no
checking for suncc... no
checking whether cc understands -c and -o together... yes
checking for system library directory... lib
checking if compiler supports -R... no
checking if compiler supports -Wl,-rpath,... yes
checking build system type... x86_64-pc-linux-musl
checking host system type... x86_64-pc-linux-musl
checking target system type... x86_64-pc-linux-musl
checking for PHP prefix... /usr/local
checking for PHP includes... -I/usr/local/include/php -I/usr/local/include/php/main -I/usr/local/include/php/TSRM -I/usr/local/include/php/Zend -I/usr/local/include/php/ext -I/usr/local/include/php/ext/date/lib
checking for PHP extension directory... /usr/local/lib/php/extensions/no-debug-non-zts-20180731
checking for PHP installed headers prefix... /usr/local/include/php
checking if debug is enabled... no
checking if zts is enabled... no
checking for re2c... re2c
checking for re2c version... 1.1.1 (ok)
checking for gawk... no
checking for nawk... no
checking for awk... awk
checking if awk is broken... no
checking for MySQL support for PDO... yes, shared
checking for the location of libz... no
checking for MySQL UNIX socket location... 
checking for PDO includes... checking for PDO includes... /usr/local/include/php/ext
checking for ld used by cc... /usr/x86_64-alpine-linux-musl/bin/ld
checking if the linker (/usr/x86_64-alpine-linux-musl/bin/ld) is GNU ld... yes
checking for /usr/x86_64-alpine-linux-musl/bin/ld option to reload object files... -r
checking for BSD-compatible nm... /usr/bin/nm -B
checking whether ln -s works... yes
checking how to recognize dependent libraries... pass_all
checking for ANSI C header files... yes
checking for sys/types.h... yes
checking for sys/stat.h... yes
checking for stdlib.h... yes
checking for string.h... yes
checking for memory.h... yes
checking for strings.h... yes
checking for inttypes.h... yes
checking for stdint.h... yes
checking for unistd.h... yes
checking dlfcn.h usability... yes
checking dlfcn.h presence... yes
checking for dlfcn.h... yes
checking the maximum length of command line arguments... 98304
checking command to parse /usr/bin/nm -B output from cc object... ok
checking for objdir... .libs
checking for ar... ar
checking for ranlib... ranlib
checking for strip... strip
checking if cc supports -fno-rtti -fno-exceptions... no
checking for cc option to produce PIC... -fPIC
checking if cc PIC flag -fPIC works... yes
checking if cc static flag -static works... yes
checking if cc supports -c -o file.o... yes
checking whether the cc linker (/usr/x86_64-alpine-linux-musl/bin/ld -m elf_x86_64) supports shared libraries... yes
checking whether -lc should be explicitly linked in... no
checking dynamic linker characteristics... GNU/Linux ld.so
checking how to hardcode library paths into programs... immediate
checking whether stripping libraries is possible... yes
checking if libtool supports shared libraries... yes
checking whether to build shared libraries... yes
checking whether to build static libraries... no

creating libtool
appending configuration tag "CXX" to libtool
configure: creating ./config.status
config.status: creating config.h
/bin/sh /usr/src/php/ext/pdo_mysql/libtool --mode=compile cc -I/usr/local/include/php/ext -DZEND_ENABLE_STATIC_TSRMLS_CACHE=1 -I. -I/usr/src/php/ext/pdo_mysql -DPHP_ATOM_INC -I/usr/src/php/ext/pdo_mysql/include -I/usr/src/php/ext/pdo_mysql/main -I/usr/src/php/ext/pdo_mysql -I/usr/local/include/php -I/usr/local/include/php/main -I/usr/local/include/php/TSRM -I/usr/local/include/php/Zend -I/usr/local/include/php/ext -I/usr/local/include/php/ext/date/lib  -fstack-protector-strong -fpic -fpie -O2 -DHAVE_CONFIG_H  -fstack-protector-strong -fpic -fpie -O2   -c /usr/src/php/ext/pdo_mysql/pdo_mysql.c -o pdo_mysql.lo 
mkdir .libs
 cc -I/usr/local/include/php/ext -DZEND_ENABLE_STATIC_TSRMLS_CACHE=1 -I. -I/usr/src/php/ext/pdo_mysql -DPHP_ATOM_INC -I/usr/src/php/ext/pdo_mysql/include -I/usr/src/php/ext/pdo_mysql/main -I/usr/src/php/ext/pdo_mysql -I/usr/local/include/php -I/usr/local/include/php/main -I/usr/local/include/php/TSRM -I/usr/local/include/php/Zend -I/usr/local/include/php/ext -I/usr/local/include/php/ext/date/lib -fstack-protector-strong -fpic -fpie -O2 -DHAVE_CONFIG_H -fstack-protector-strong -fpic -fpie -O2 -c /usr/src/php/ext/pdo_mysql/pdo_mysql.c  -fPIC -DPIC -o .libs/pdo_mysql.o
/bin/sh /usr/src/php/ext/pdo_mysql/libtool --mode=compile cc -I/usr/local/include/php/ext -DZEND_ENABLE_STATIC_TSRMLS_CACHE=1 -I. -I/usr/src/php/ext/pdo_mysql -DPHP_ATOM_INC -I/usr/src/php/ext/pdo_mysql/include -I/usr/src/php/ext/pdo_mysql/main -I/usr/src/php/ext/pdo_mysql -I/usr/local/include/php -I/usr/local/include/php/main -I/usr/local/include/php/TSRM -I/usr/local/include/php/Zend -I/usr/local/include/php/ext -I/usr/local/include/php/ext/date/lib  -fstack-protector-strong -fpic -fpie -O2 -DHAVE_CONFIG_H  -fstack-protector-strong -fpic -fpie -O2   -c /usr/src/php/ext/pdo_mysql/mysql_driver.c -o mysql_driver.lo 
 cc -I/usr/local/include/php/ext -DZEND_ENABLE_STATIC_TSRMLS_CACHE=1 -I. -I/usr/src/php/ext/pdo_mysql -DPHP_ATOM_INC -I/usr/src/php/ext/pdo_mysql/include -I/usr/src/php/ext/pdo_mysql/main -I/usr/src/php/ext/pdo_mysql -I/usr/local/include/php -I/usr/local/include/php/main -I/usr/local/include/php/TSRM -I/usr/local/include/php/Zend -I/usr/local/include/php/ext -I/usr/local/include/php/ext/date/lib -fstack-protector-strong -fpic -fpie -O2 -DHAVE_CONFIG_H -fstack-protector-strong -fpic -fpie -O2 -c /usr/src/php/ext/pdo_mysql/mysql_driver.c  -fPIC -DPIC -o .libs/mysql_driver.o
/bin/sh /usr/src/php/ext/pdo_mysql/libtool --mode=compile cc -I/usr/local/include/php/ext -DZEND_ENABLE_STATIC_TSRMLS_CACHE=1 -I. -I/usr/src/php/ext/pdo_mysql -DPHP_ATOM_INC -I/usr/src/php/ext/pdo_mysql/include -I/usr/src/php/ext/pdo_mysql/main -I/usr/src/php/ext/pdo_mysql -I/usr/local/include/php -I/usr/local/include/php/main -I/usr/local/include/php/TSRM -I/usr/local/include/php/Zend -I/usr/local/include/php/ext -I/usr/local/include/php/ext/date/lib  -fstack-protector-strong -fpic -fpie -O2 -DHAVE_CONFIG_H  -fstack-protector-strong -fpic -fpie -O2   -c /usr/src/php/ext/pdo_mysql/mysql_statement.c -o mysql_statement.lo 
 cc -I/usr/local/include/php/ext -DZEND_ENABLE_STATIC_TSRMLS_CACHE=1 -I. -I/usr/src/php/ext/pdo_mysql -DPHP_ATOM_INC -I/usr/src/php/ext/pdo_mysql/include -I/usr/src/php/ext/pdo_mysql/main -I/usr/src/php/ext/pdo_mysql -I/usr/local/include/php -I/usr/local/include/php/main -I/usr/local/include/php/TSRM -I/usr/local/include/php/Zend -I/usr/local/include/php/ext -I/usr/local/include/php/ext/date/lib -fstack-protector-strong -fpic -fpie -O2 -DHAVE_CONFIG_H -fstack-protector-strong -fpic -fpie -O2 -c /usr/src/php/ext/pdo_mysql/mysql_statement.c  -fPIC -DPIC -o .libs/mysql_statement.o
/bin/sh /usr/src/php/ext/pdo_mysql/libtool --mode=link cc -DPHP_ATOM_INC -I/usr/src/php/ext/pdo_mysql/include -I/usr/src/php/ext/pdo_mysql/main -I/usr/src/php/ext/pdo_mysql -I/usr/local/include/php -I/usr/local/include/php/main -I/usr/local/include/php/TSRM -I/usr/local/include/php/Zend -I/usr/local/include/php/ext -I/usr/local/include/php/ext/date/lib  -fstack-protector-strong -fpic -fpie -O2 -DHAVE_CONFIG_H  -fstack-protector-strong -fpic -fpie -O2  -Wl,-O1 -Wl,--hash-style=both -pie -o pdo_mysql.la -export-dynamic -avoid-version -prefer-pic -module -rpath /usr/src/php/ext/pdo_mysql/modules  pdo_mysql.lo mysql_driver.lo mysql_statement.lo 
cc -shared  .libs/pdo_mysql.o .libs/mysql_driver.o .libs/mysql_statement.o   -Wl,-O1 -Wl,--hash-style=both -Wl,-soname -Wl,pdo_mysql.so -o .libs/pdo_mysql.so
creating pdo_mysql.la
(cd .libs && rm -f pdo_mysql.la && ln -s ../pdo_mysql.la pdo_mysql.la)
/bin/sh /usr/src/php/ext/pdo_mysql/libtool --mode=install cp ./pdo_mysql.la /usr/src/php/ext/pdo_mysql/modules
cp ./.libs/pdo_mysql.so /usr/src/php/ext/pdo_mysql/modules/pdo_mysql.so
cp ./.libs/pdo_mysql.lai /usr/src/php/ext/pdo_mysql/modules/pdo_mysql.la
PATH="$PATH:/sbin" ldconfig -n /usr/src/php/ext/pdo_mysql/modules
----------------------------------------------------------------------
Libraries have been installed in:
   /usr/src/php/ext/pdo_mysql/modules

If you ever happen to want to link against installed libraries
in a given directory, LIBDIR, you must either use libtool, and
specify the full pathname of the library, or use the `-LLIBDIR'
flag during linking and do at least one of the following:
   - add LIBDIR to the `LD_LIBRARY_PATH' environment variable
     during execution
   - add LIBDIR to the `LD_RUN_PATH' environment variable
     during linking
   - use the `-Wl,--rpath -Wl,LIBDIR' linker flag

See any operating system documentation about shared libraries for
more information, such as the ld(1) and ld.so(8) manual pages.
----------------------------------------------------------------------

Build complete.
Don't forget to run 'make test'.

Installing shared extensions:     /usr/local/lib/php/extensions/no-debug-non-zts-20180731/
find . -name \*.gcno -o -name \*.gcda | xargs rm -f
find . -name \*.lo -o -name \*.o | xargs rm -f
find . -name \*.la -o -name \*.a | xargs rm -f
find . -name \*.so | xargs rm -f
find . -name .libs -a -type d|xargs rm -rf
rm -f libphp.la      modules/* libs/*
(1/25) Purging .phpize-deps (0)
(2/25) Purging autoconf (2.69-r2)
(3/25) Purging m4 (1.4.18-r1)
(4/25) Purging dpkg-dev (1.19.2-r0)
(5/25) Purging perl (5.26.3-r0)
(6/25) Purging dpkg (1.19.2-r0)
(7/25) Purging file (5.36-r1)
(8/25) Purging g++ (8.3.0-r0)
(9/25) Purging gcc (8.3.0-r0)
(10/25) Purging binutils (2.31.1-r2)
(11/25) Purging libatomic (8.3.0-r0)
(12/25) Purging libgomp (8.3.0-r0)
(13/25) Purging libc-dev (0.7.1-r0)
(14/25) Purging musl-dev (1.1.20-r5)
(15/25) Purging make (4.2.1-r2)
(16/25) Purging pkgconf (1.6.0-r0)
(17/25) Purging re2c (1.1.1-r0)
(18/25) Purging libbz2 (1.0.6-r7)
(19/25) Purging libmagic (5.36-r1)
(20/25) Purging libstdc++ (8.3.0-r0)
(21/25) Purging libgcc (8.3.0-r0)
(22/25) Purging mpc1 (1.0.3-r1)
(23/25) Purging mpfr3 (3.1.5-r1)
(24/25) Purging isl (0.18-r0)
(25/25) Purging gmp (6.1.2-r1)
Executing busybox-1.29.3-r10.trigger
OK: 19 MiB in 34 packages
Removing intermediate container e5e3f364c19f
 ---> 1eaa405b5117
Step 4/5 : WORKDIR /app
 ---> Running in b50fe05c12a9
Removing intermediate container b50fe05c12a9
 ---> e385ba94fa70
Step 5/5 : CMD ["/app/chatbot.sh"]
 ---> Running in 1ad39963c46b
Removing intermediate container 1ad39963c46b
 ---> 0fd5c0581b4e
Successfully built 0fd5c0581b4e
Successfully tagged binacle:484209405
