Hash: *395127788
Inicial query: [0m[91mYou are using pip version 8.1.1, however version 20.0.2 is available.  You should consider upgrading via the 'pip install --upgrade pip' command.  [0mThe command '/bin/sh -c apt-get update &&     apt-get install --yes               $BUILD_PACKAGES               python-pip &&     pip install ont-fast5-api==$PACKAGE_VERSION &&     apt clean &&     rm -rf /var/lib/apt/lists/*' returned a non-zero code: 1 
URL: ['No results found!!']
Revised query: pip install --upgrade pip dockerfile crash
URL: https://stackoverflow.com/questions/37014848/unable-to-upgrade-pip-in-docker-build, https://stackoverflow.com/questions/52221590/how-can-i-upgrade-pip-inside-a-venv-inside-a-dockerfile/52221698,  

Hash: 340529927
Inicial query:   Step 1/10 : FROM pywps/flask-alpine:latest  manifest for pywps/flask-alpine:latest not found: manifest unknown: manifest unknown 
URL: ['https://github.com/geopython/pywps-flask', 'https://github.com/geopython/pywps-flask/blob/master/docker/alpine/flask/Dockerfile', '*https://pywps.readthedocs.io/en/latest/deployment.html', 'https://pywps.readthedocs.io/en/latest/install.html', 'https://hub.docker.com/u/pywps/', 'https://media.readthedocs.org/pdf/pywps/master/pywps.pdf']
Revised query: pywps/flask-alpine:latest not found dockerfile
URL: None Related!

Hash: 337127517
Inicial query:   Step 1/8 : FROM openrasp/php5.4  pull access denied for openrasp/php5.4, repository does not exist or may require 'docker login': denied: requested access to the resource is denied 
URL: ['https://github.com/docker-library/php/issues/91', 'https://github.com/baidu/openrasp', 'https://hub.docker.com/r/centos/php-56-centos7/', 'https://drupal.stackexchange.com/questions/200670/why-doesnt-drush-respond-to-commands-after-install', 'https://forum.openmediavault.org/index.php?thread/13956-pydio-installation-guide/', 'https://medium.com/baiduxlab/openrasp-protection-against-vulnerabilities-ff298bb9501a']
Revised query: openrasp/php5.4 epository does not exist dockerfile crash
URL: None Related!

Hash: 319089290
Inicial query: Step 1/6 : ARG base  Step 2/6 : FROM juliagpu/julia:${base} as base  invalid reference format 
URL: ['https://stackoverflow.com/questions/55074707/error-invalid-reference-format-in-dockerfile-ubuntu-14-04-cuda-8-0-cudnn-6-0', 'https://gitlab.com/nvidia/cuda/issues/30', 'https://github.com/anowacki/julia/pull/1/files', 'https://raw.githubusercontent.com/JuliaLang/docs.julialang.org/assets/julia-1.1.0.pdf', 'https://julia.quantecon.org/_downloads/pdf/quantitative_economics_with_julia.pdf', 'https://www.scribd.com/document/399247086/julia-1-1-0']
Revised query: juliagpu/julia:${base} dockerfile problem
URL: None Related!

Hash: *317956129
Inicial query: [0m[91mnpm ERR! Please include the following file with any support request:  npm ERR![0m[91m     /src/npm-debug.log  [0mThe command '/bin/sh -c npm run pkg-docker && npm run pkg-docker-healthcheck' returned a non-zero code: 254 
URL: ['https://github.com/Shippable/support/issues/1413', 'https://unix.stackexchange.com/questions/381902/permission-denied-when-we-use-npm-start-using-webpack', 'https://gitmemory.com/arthurlogilab', 'http://149.202.229.162/build/result/gotoBuildResult.action?buildKey=WZNDEV-CI-JOB1&buildNumber=427&returnUrl=%2Fbrowse%2FWZNDEV-CI-JOB1-424%2Flog']
Revised query: npm run pkg-docker && npm run pkg-docker-healthcheck dockerfile error
URL: https://github.com/strapi/strapi-docker/issues/125

Hash: 302258726
Inicial query: [0m[91mERROR: The 'build' command is only supported from within a workspace (below a directory having a WORKSPACE file).  See documentation at https://docs.bazel.build/versions/master/build-ref.html#workspace  [0mThe command '/bin/sh -c bazel build quitsies' returned a non-zero code: 2 
URL: ['No results found!!']
Revised query: bazel build quitsies dockerfile crash
URL: None Related!

Hash: *299061624
Inicial query:   [91mE: Package 'iproute' has no installation candidate  [0mThe command '/bin/sh -c apt-get update     && apt-get -y install       curl       jq       netcat       net-tools       iproute       dnsutils       graphviz' returned a non-zero code: 100 
URL: ['No results found!!']
Revised query: Package 'iproute' has no installation candidate
URL: https://github.com/mininet/mininet/issues/812

Hash: *289918736
Inicial query:   Step 1/8 : FROM devops/base:latest  pull access denied for devops/base, repository does not exist or may require 'docker login': denied: requested access to the resource is denied 
URL: ['*https://www.reddit.com/r/devops/comments/bzlz6a/docker_pull_access_denied_repository_does_not/', 'https://github.com/docker/hub-feedback/issues/1222', '*https://github.com/moby/moby/issues/33252', 'https://devops.stackexchange.com/questions/8823/gitlab-ci-cd-fails-to-build-docker-image', 'https://devops.stackexchange.com/questions/8681/azure-devops-and-private-docker-registry', 'https://devops.stackexchange.com/questions/2874/docker-as-slave-for-jenkins']

Hash: 282864414
Inicial query:  31350K ..[0m[91m                                                     51% 3815G=0.5s    [0m[91m2020-04-16 01:39:10 (61.6 MB/s) - Read error at byte 32104448/62442704 (Connection reset by peer). [0mThe command '/bin/sh -c wget https://storage.googleapis.com/golang/go1.4.2.linux-amd64.tar.gz' returned a non-zero code: 1 
URL: ['No results found!!']
Revised query: wget https://storage.googleapis.com/golang/go1.4.2.linux-amd64.tar.gz dockerfile crash
URL: None Related!

Hash: *281278528
Inicial query:  ---> Running in 1f75f89bbd52  Could not locate Gemfile  The command '/bin/sh -c bundle install --deployment --force' returned a non-zero code: 10 
URL: ['No results found!!']
Revised query: bundle install --deployment --force dockerfile error
URL: https://github.com/docker-library/ruby/issues/288, https://stackoverflow.com/questions/36411789/bundle-install-fails-in-rails-docker-container

Hash: *278524126
Inicial query:  ---> Running in fd4cd5f92b81  [91mcould not find project Gopkg.toml, use dep init to initiate a manifest  [0mThe command '/bin/sh -c dep ensure' returned a non-zero code: 1 
URL: ['No results found!!']
Revised query: dep ensure dockerfile error
URL: https://github.com/golang/dep/issues/1769, https://stackoverflow.com/questions/52578581/trying-to-install-dependencies-using-dep-in-docker

Hash: *256564368
Inicial query:   Error getting repository data for rhel-7-server-rpms, repository not found  [0mThe command '/bin/sh -c yum --disablerepo=*         --enablerepo=rhel-7-server-rpms         --enablerepo=rhel-7-server-extras-rpms         --enablerepo=rhel-7-server-optional-rpms         --enablerepo=rhel-7-server-thirdparty-oracle-java-rpms       install -y       java-${JAVA_VERSION}-${JAVA_TYPE}-devel       java-${JAVA_VERSION}-${JAVA_TYPE}-jdbc &&     yum clean all' returned a non-zero code: 1 
URL: ['No results found!!']
Revised query: Error getting repository data for rhel-7-server-rpms dockerfile crash
URL: https://github.com/puppetlabs/puppetlabs-docker/issues/290

Hash: *323821268
Inicial query:   Step 1/8 : FROM frolvlad/alpine-oraclejdk8:slim  pull access denied for frolvlad/alpine-oraclejdk8, repository does not exist or may require 'docker login': denied: requested access to the resource is denied 
URL: ['*https://github.com/pterodactyl/images/issues/38', '*https://github.com/frol/docker-alpine-java/issues/37', '*https://github.com/vert-x3/vertx-scala.g8/issues/6', 'https://stackoverflow.com/questions/47711145/pull-access-denied-for-oracle-serverjre', 'https://stackoverflow.com/questions/57654998/pull-access-denied-for-8u162-jdk-in-maven-project', 'https://stackoverflow.com/questions/53708110/problem-using-oracle-serverjre8-in-dockerfile']

Hash: *320733641
Inicial query: E: The repository 'http://archive.ubuntu.com/ubuntu artful-updates Release' does not have a Release file.  E: The repository 'http://archive.ubuntu.com/ubuntu artful-backports Release' does not have a Release file.  [0mThe command '/bin/sh -c apt-get -y update && apt-get -y install     clang     g++     libcap-ng-dev     libglib2.0-dev     libicecc-dev     liblzo2-dev     libncursesw5-dev     meson     ninja-build' returned a non-zero code: 100 
URL: ['*https://askubuntu.com/questions/1019839/sudo-apt-get-update-gives-404-error-e-the-repository-http-ir-archive-ubuntu', '*https://askubuntu.com/questions/973520/apt-update-error-the-repository-http-us-archive-ubuntu-com-ubuntu-saucy-rele', '*https://askubuntu.com/questions/1141501/i-cant-run-sudo-apt-get-update-in-ubuntu-17-10', '*https://askubuntu.com/questions/998044/cant-update-from-official-repositories', '*https://askubuntu.com/questions/996718/ubuntu-repository-does-not-have-a-release-file', '*https://ubuntuforums.org/showthread.php?t=2382845']

Hash: *317341044
Inicial query:   Step 1/9 : FROM docker-base-image  pull access denied for docker-base-image, repository does not exist or may require 'docker login': denied: requested access to the resource is denied 
URL: ['https://github.com/moby/moby/issues/33252', 'https://github.com/IBM/build-blockchain-insurance-app/issues/68', '*https://stackoverflow.com/questions/48719921/pull-access-denied-repository-does-not-exist-or-may-require-docker-login', '*https://stackoverflow.com/questions/48824905/access-denied-when-pulling-docker-image-from-a-repository-i-own', 'https://stackoverflow.com/questions/41984399/denied-requested-access-to-the-resource-is-denied-docker', 'https://success.docker.com/article/requested-access-to-the-resource-is-denied-when-pushing-image-via-cli']

