Sending build context to Docker daemon  3.584kB
Step 1/13 : FROM jupyter/scipy-notebook
latest: Pulling from jupyter/scipy-notebook
423ae2b273f4: Pulling fs layer
de83a2304fa1: Pulling fs layer
f9a83bce3af0: Pulling fs layer
b6b53be908de: Pulling fs layer
eac80289c2c5: Pulling fs layer
b770752562e4: Pulling fs layer
f9794a341066: Pulling fs layer
157147dea6d0: Pulling fs layer
a9cc9783b8fb: Pulling fs layer
b770752562e4: Waiting
f9794a341066: Waiting
157147dea6d0: Waiting
81c84a76cf52: Pulling fs layer
7384c14c5b8f: Pulling fs layer
96e5dd8ec1dd: Pulling fs layer
54ff1acfdce5: Pulling fs layer
9e8ff2458372: Pulling fs layer
d281f5d9be70: Pulling fs layer
4e3bcc2e9b25: Pulling fs layer
37dd16c123a0: Pulling fs layer
7512a97e9059: Pulling fs layer
7e65510f9c51: Pulling fs layer
199d2d12a4f0: Pulling fs layer
87e795f2ae07: Pulling fs layer
a9cc9783b8fb: Waiting
81c84a76cf52: Waiting
7384c14c5b8f: Waiting
96e5dd8ec1dd: Waiting
54ff1acfdce5: Waiting
9e8ff2458372: Waiting
d281f5d9be70: Waiting
4e3bcc2e9b25: Waiting
37dd16c123a0: Waiting
7512a97e9059: Waiting
7e65510f9c51: Waiting
199d2d12a4f0: Waiting
87e795f2ae07: Waiting
b6b53be908de: Waiting
eac80289c2c5: Waiting
f9a83bce3af0: Download complete
de83a2304fa1: Verifying Checksum
de83a2304fa1: Download complete
b6b53be908de: Verifying Checksum
b6b53be908de: Download complete
423ae2b273f4: Verifying Checksum
423ae2b273f4: Download complete
eac80289c2c5: Verifying Checksum
eac80289c2c5: Download complete
423ae2b273f4: Pull complete
de83a2304fa1: Pull complete
f9a83bce3af0: Pull complete
b6b53be908de: Pull complete
f9794a341066: Verifying Checksum
f9794a341066: Download complete
157147dea6d0: Verifying Checksum
157147dea6d0: Download complete
eac80289c2c5: Pull complete
b770752562e4: Verifying Checksum
b770752562e4: Download complete
b770752562e4: Pull complete
f9794a341066: Pull complete
81c84a76cf52: Verifying Checksum
81c84a76cf52: Download complete
a9cc9783b8fb: Verifying Checksum
a9cc9783b8fb: Download complete
157147dea6d0: Pull complete
a9cc9783b8fb: Pull complete
81c84a76cf52: Pull complete
96e5dd8ec1dd: Verifying Checksum
96e5dd8ec1dd: Download complete
9e8ff2458372: Verifying Checksum
9e8ff2458372: Download complete
d281f5d9be70: Verifying Checksum
d281f5d9be70: Download complete
4e3bcc2e9b25: Verifying Checksum
4e3bcc2e9b25: Download complete
7384c14c5b8f: Verifying Checksum
7384c14c5b8f: Download complete
7384c14c5b8f: Pull complete
96e5dd8ec1dd: Pull complete
54ff1acfdce5: Verifying Checksum
54ff1acfdce5: Download complete
54ff1acfdce5: Pull complete
9e8ff2458372: Pull complete
d281f5d9be70: Pull complete
4e3bcc2e9b25: Pull complete
7512a97e9059: Verifying Checksum
7512a97e9059: Download complete
199d2d12a4f0: Verifying Checksum
199d2d12a4f0: Download complete
87e795f2ae07: Verifying Checksum
87e795f2ae07: Download complete
7e65510f9c51: Verifying Checksum
7e65510f9c51: Download complete
37dd16c123a0: Verifying Checksum
37dd16c123a0: Download complete
37dd16c123a0: Pull complete
7512a97e9059: Pull complete
7e65510f9c51: Pull complete
199d2d12a4f0: Pull complete
87e795f2ae07: Pull complete
Digest: sha256:9bc3ccb1e56f1ac030d4e71242b3dfc6f3b64e76b41d926dc88eb01303bcf3f9
Status: Downloaded newer image for jupyter/scipy-notebook:latest
 ---> c4ee6e3ad6c5
Step 2/13 : MAINTAINER Jupyter Project <jupyter@googlegroups.com>
 ---> Running in e433ee10430c
 ---> 7a7e7f0d6b78
Removing intermediate container e433ee10430c
Step 3/13 : USER root
 ---> Running in d0c2fb056581
 ---> f491f898bd75
Removing intermediate container d0c2fb056581
Step 4/13 : ENV APACHE_SPARK_VERSION 1.6.1
 ---> Running in 56276fb5b0b6
 ---> d27c4b097640
Removing intermediate container 56276fb5b0b6
Step 5/13 : RUN apt-get -y update &&     apt-get install -y --no-install-recommends openjdk-7-jre-headless &&     apt-get clean &&     rm -rf /var/lib/apt/lists/*
 ---> Running in 6296daa7ee03
Get:1 http://security.ubuntu.com/ubuntu bionic-security InRelease [88.7 kB]
Get:2 http://archive.ubuntu.com/ubuntu bionic InRelease [242 kB]
Get:3 http://security.ubuntu.com/ubuntu bionic-security/restricted amd64 Packages [35.2 kB]
Get:4 http://archive.ubuntu.com/ubuntu bionic-updates InRelease [88.7 kB]
Get:5 http://security.ubuntu.com/ubuntu bionic-security/universe amd64 Packages [832 kB]
Get:6 http://archive.ubuntu.com/ubuntu bionic-backports InRelease [74.6 kB]
Get:7 http://archive.ubuntu.com/ubuntu bionic/universe amd64 Packages [11.3 MB]
Get:8 http://security.ubuntu.com/ubuntu bionic-security/multiverse amd64 Packages [7,904 B]
Get:9 http://security.ubuntu.com/ubuntu bionic-security/main amd64 Packages [861 kB]
Get:10 http://archive.ubuntu.com/ubuntu bionic/restricted amd64 Packages [13.5 kB]
Get:11 http://archive.ubuntu.com/ubuntu bionic/main amd64 Packages [1,344 kB]
Get:12 http://archive.ubuntu.com/ubuntu bionic/multiverse amd64 Packages [186 kB]
Get:13 http://archive.ubuntu.com/ubuntu bionic-updates/restricted amd64 Packages [48.7 kB]
Get:14 http://archive.ubuntu.com/ubuntu bionic-updates/multiverse amd64 Packages [11.9 kB]
Get:15 http://archive.ubuntu.com/ubuntu bionic-updates/universe amd64 Packages [1,362 kB]
Get:16 http://archive.ubuntu.com/ubuntu bionic-updates/main amd64 Packages [1,155 kB]
Get:17 http://archive.ubuntu.com/ubuntu bionic-backports/main amd64 Packages [2,496 B]
Get:18 http://archive.ubuntu.com/ubuntu bionic-backports/universe amd64 Packages [4,247 B]
Fetched 17.7 MB in 8s (2,342 kB/s)
Reading package lists...
Reading package lists...
Building dependency tree...
Reading state information...
Package openjdk-7-jre-headless is not available, but is referred to by another package.
This may mean that the package is missing, has been obsoleted, or
is only available from another source

[91mE: Package 'openjdk-7-jre-headless' has no installation candidate
[0m