Sending build context to Docker daemon  2.048kB
Step 1/11 : FROM golang:1.9-alpine as builder
1.9-alpine: Pulling from library/golang
8e3ba11ec2a2: Pulling fs layer
8e6b2bc60854: Pulling fs layer
3d20cafe6dc8: Pulling fs layer
533d243d9519: Pulling fs layer
61a3cf7df0db: Pulling fs layer
ec4d1222aabd: Pulling fs layer
a2fb1cdee015: Pulling fs layer
533d243d9519: Waiting
61a3cf7df0db: Waiting
ec4d1222aabd: Waiting
3d20cafe6dc8: Verifying Checksum
3d20cafe6dc8: Download complete
8e6b2bc60854: Verifying Checksum
8e6b2bc60854: Download complete
8e3ba11ec2a2: Verifying Checksum
8e3ba11ec2a2: Download complete
533d243d9519: Verifying Checksum
533d243d9519: Download complete
8e3ba11ec2a2: Pull complete
8e6b2bc60854: Pull complete
3d20cafe6dc8: Pull complete
533d243d9519: Pull complete
ec4d1222aabd: Verifying Checksum
ec4d1222aabd: Download complete
a2fb1cdee015: Download complete
61a3cf7df0db: Verifying Checksum
61a3cf7df0db: Download complete
61a3cf7df0db: Pull complete
ec4d1222aabd: Pull complete
a2fb1cdee015: Pull complete
Digest: sha256:220aaadccc956ab874ff9744209e5a756d7a32bcffede14d08589c2c54801ce0
Status: Downloaded newer image for golang:1.9-alpine
 ---> b0260be938c6
Step 2/11 : RUN apk --no-cache add git
 ---> Running in 6dfedfef9ead
fetch http://dl-cdn.alpinelinux.org/alpine/v3.8/main/x86_64/APKINDEX.tar.gz
fetch http://dl-cdn.alpinelinux.org/alpine/v3.8/community/x86_64/APKINDEX.tar.gz
(1/6) Installing nghttp2-libs (1.39.2-r0)
(2/6) Installing libssh2 (1.9.0-r1)
(3/6) Installing libcurl (7.61.1-r3)
(4/6) Installing expat (2.2.8-r0)
(5/6) Installing pcre2 (10.31-r0)
(6/6) Installing git (2.18.2-r0)
Executing busybox-1.28.4-r0.trigger
OK: 19 MiB in 20 packages
 ---> 8cc98fdb4e8b
Removing intermediate container 6dfedfef9ead
Step 3/11 : RUN go get -d     github.com/pkg/errors     golang.org/x/net/context     google.golang.org/grpc     github.com/golang/protobuf/ptypes
 ---> Running in bb7ff7b9b344
 ---> 8be03d31e30c
Removing intermediate container bb7ff7b9b344
Step 4/11 : WORKDIR /go/src/github.com/rodaine/grpc-chat
 ---> 333a4380464d
Removing intermediate container 183328cb73d9
Step 5/11 : COPY . .
 ---> 89ec4c302137
Step 6/11 : RUN go build -o app .
 ---> Running in e7390c7d038e
[91mcan't load package: package github.com/rodaine/grpc-chat: no Go files in /go/src/github.com/rodaine/grpc-chat
[0m